[2024-03-26T06:04:04.506+0000] {processor.py:157} INFO - Started process (PID=59) to work on /home/airflow/.local/lib/python3.8/site-packages/airflow/example_dags/example_task_group.py
[2024-03-26T06:04:04.508+0000] {processor.py:829} INFO - Processing file /home/airflow/.local/lib/python3.8/site-packages/airflow/example_dags/example_task_group.py for tasks to queue
[2024-03-26T06:04:04.521+0000] {logging_mixin.py:151} INFO - [2024-03-26T06:04:04.520+0000] {dagbag.py:539} INFO - Filling up the DagBag from /home/airflow/.local/lib/python3.8/site-packages/airflow/example_dags/example_task_group.py
[2024-03-26T06:04:04.534+0000] {processor.py:839} INFO - DAG(s) dict_keys(['example_task_group']) retrieved from /home/airflow/.local/lib/python3.8/site-packages/airflow/example_dags/example_task_group.py
[2024-03-26T06:04:04.896+0000] {logging_mixin.py:151} INFO - [2024-03-26T06:04:04.896+0000] {manager.py:499} INFO - Created Permission View: %s
[2024-03-26T06:04:04.949+0000] {logging_mixin.py:151} INFO - [2024-03-26T06:04:04.948+0000] {manager.py:499} INFO - Created Permission View: %s
[2024-03-26T06:04:04.978+0000] {logging_mixin.py:151} INFO - [2024-03-26T06:04:04.977+0000] {manager.py:499} INFO - Created Permission View: %s
[2024-03-26T06:04:04.996+0000] {logging_mixin.py:151} INFO - [2024-03-26T06:04:04.994+0000] {security.py:708} INFO - Not syncing DAG-level permissions for DAG 'DAG:example_task_group' as access control is unset.
[2024-03-26T06:04:04.999+0000] {logging_mixin.py:151} INFO - [2024-03-26T06:04:04.998+0000] {dag.py:2915} INFO - Sync 1 DAGs
[2024-03-26T06:04:05.036+0000] {logging_mixin.py:151} INFO - [2024-03-26T06:04:05.036+0000] {dag.py:2937} INFO - Creating ORM DAG for example_task_group
[2024-03-26T06:04:05.081+0000] {logging_mixin.py:151} INFO - [2024-03-26T06:04:05.081+0000] {dag.py:3696} INFO - Setting next_dagrun for example_task_group to 2024-03-25T06:04:05.080917+00:00, run_after=2024-03-26T06:04:05.080917+00:00
[2024-03-26T06:04:05.152+0000] {processor.py:179} INFO - Processing /home/airflow/.local/lib/python3.8/site-packages/airflow/example_dags/example_task_group.py took 0.651 seconds
[2024-03-26T06:04:35.423+0000] {processor.py:157} INFO - Started process (PID=113) to work on /home/airflow/.local/lib/python3.8/site-packages/airflow/example_dags/example_task_group.py
[2024-03-26T06:04:35.425+0000] {processor.py:829} INFO - Processing file /home/airflow/.local/lib/python3.8/site-packages/airflow/example_dags/example_task_group.py for tasks to queue
[2024-03-26T06:04:35.428+0000] {logging_mixin.py:151} INFO - [2024-03-26T06:04:35.428+0000] {dagbag.py:539} INFO - Filling up the DagBag from /home/airflow/.local/lib/python3.8/site-packages/airflow/example_dags/example_task_group.py
[2024-03-26T06:04:35.444+0000] {processor.py:839} INFO - DAG(s) dict_keys(['example_task_group']) retrieved from /home/airflow/.local/lib/python3.8/site-packages/airflow/example_dags/example_task_group.py
[2024-03-26T06:04:35.516+0000] {logging_mixin.py:151} INFO - [2024-03-26T06:04:35.516+0000] {dag.py:2915} INFO - Sync 1 DAGs
[2024-03-26T06:04:35.558+0000] {logging_mixin.py:151} INFO - [2024-03-26T06:04:35.558+0000] {dag.py:3696} INFO - Setting next_dagrun for example_task_group to 2024-03-25T06:04:35.557998+00:00, run_after=2024-03-26T06:04:35.557998+00:00
[2024-03-26T06:04:35.643+0000] {processor.py:179} INFO - Processing /home/airflow/.local/lib/python3.8/site-packages/airflow/example_dags/example_task_group.py took 0.225 seconds
[2024-03-26T06:05:06.120+0000] {processor.py:157} INFO - Started process (PID=167) to work on /home/airflow/.local/lib/python3.8/site-packages/airflow/example_dags/example_task_group.py
[2024-03-26T06:05:06.122+0000] {processor.py:829} INFO - Processing file /home/airflow/.local/lib/python3.8/site-packages/airflow/example_dags/example_task_group.py for tasks to queue
[2024-03-26T06:05:06.126+0000] {logging_mixin.py:151} INFO - [2024-03-26T06:05:06.125+0000] {dagbag.py:539} INFO - Filling up the DagBag from /home/airflow/.local/lib/python3.8/site-packages/airflow/example_dags/example_task_group.py
[2024-03-26T06:05:06.145+0000] {processor.py:839} INFO - DAG(s) dict_keys(['example_task_group']) retrieved from /home/airflow/.local/lib/python3.8/site-packages/airflow/example_dags/example_task_group.py
[2024-03-26T06:05:06.193+0000] {logging_mixin.py:151} INFO - [2024-03-26T06:05:06.192+0000] {dag.py:2915} INFO - Sync 1 DAGs
[2024-03-26T06:05:06.238+0000] {logging_mixin.py:151} INFO - [2024-03-26T06:05:06.238+0000] {dag.py:3696} INFO - Setting next_dagrun for example_task_group to 2024-03-25T06:05:06.237917+00:00, run_after=2024-03-26T06:05:06.237917+00:00
[2024-03-26T06:05:06.274+0000] {processor.py:179} INFO - Processing /home/airflow/.local/lib/python3.8/site-packages/airflow/example_dags/example_task_group.py took 0.161 seconds
[2024-03-26T06:05:36.532+0000] {processor.py:157} INFO - Started process (PID=221) to work on /home/airflow/.local/lib/python3.8/site-packages/airflow/example_dags/example_task_group.py
[2024-03-26T06:05:36.533+0000] {processor.py:829} INFO - Processing file /home/airflow/.local/lib/python3.8/site-packages/airflow/example_dags/example_task_group.py for tasks to queue
[2024-03-26T06:05:36.537+0000] {logging_mixin.py:151} INFO - [2024-03-26T06:05:36.536+0000] {dagbag.py:539} INFO - Filling up the DagBag from /home/airflow/.local/lib/python3.8/site-packages/airflow/example_dags/example_task_group.py
[2024-03-26T06:05:36.551+0000] {processor.py:839} INFO - DAG(s) dict_keys(['example_task_group']) retrieved from /home/airflow/.local/lib/python3.8/site-packages/airflow/example_dags/example_task_group.py
[2024-03-26T06:05:36.590+0000] {logging_mixin.py:151} INFO - [2024-03-26T06:05:36.590+0000] {dag.py:2915} INFO - Sync 1 DAGs
[2024-03-26T06:05:36.628+0000] {logging_mixin.py:151} INFO - [2024-03-26T06:05:36.628+0000] {dag.py:3696} INFO - Setting next_dagrun for example_task_group to 2024-03-25T06:05:36.628025+00:00, run_after=2024-03-26T06:05:36.628025+00:00
[2024-03-26T06:05:36.658+0000] {processor.py:179} INFO - Processing /home/airflow/.local/lib/python3.8/site-packages/airflow/example_dags/example_task_group.py took 0.130 seconds
[2024-03-26T06:06:07.416+0000] {processor.py:157} INFO - Started process (PID=275) to work on /home/airflow/.local/lib/python3.8/site-packages/airflow/example_dags/example_task_group.py
[2024-03-26T06:06:07.418+0000] {processor.py:829} INFO - Processing file /home/airflow/.local/lib/python3.8/site-packages/airflow/example_dags/example_task_group.py for tasks to queue
[2024-03-26T06:06:07.421+0000] {logging_mixin.py:151} INFO - [2024-03-26T06:06:07.421+0000] {dagbag.py:539} INFO - Filling up the DagBag from /home/airflow/.local/lib/python3.8/site-packages/airflow/example_dags/example_task_group.py
[2024-03-26T06:06:07.435+0000] {processor.py:839} INFO - DAG(s) dict_keys(['example_task_group']) retrieved from /home/airflow/.local/lib/python3.8/site-packages/airflow/example_dags/example_task_group.py
[2024-03-26T06:06:07.473+0000] {logging_mixin.py:151} INFO - [2024-03-26T06:06:07.473+0000] {dag.py:2915} INFO - Sync 1 DAGs
[2024-03-26T06:06:07.530+0000] {logging_mixin.py:151} INFO - [2024-03-26T06:06:07.530+0000] {dag.py:3696} INFO - Setting next_dagrun for example_task_group to 2024-03-25T06:06:07.528845+00:00, run_after=2024-03-26T06:06:07.528845+00:00
[2024-03-26T06:06:07.584+0000] {processor.py:179} INFO - Processing /home/airflow/.local/lib/python3.8/site-packages/airflow/example_dags/example_task_group.py took 0.173 seconds
[2024-03-26T06:06:40.869+0000] {processor.py:157} INFO - Started process (PID=329) to work on /home/airflow/.local/lib/python3.8/site-packages/airflow/example_dags/example_task_group.py
[2024-03-26T06:06:40.871+0000] {processor.py:829} INFO - Processing file /home/airflow/.local/lib/python3.8/site-packages/airflow/example_dags/example_task_group.py for tasks to queue
[2024-03-26T06:06:40.876+0000] {logging_mixin.py:151} INFO - [2024-03-26T06:06:40.875+0000] {dagbag.py:539} INFO - Filling up the DagBag from /home/airflow/.local/lib/python3.8/site-packages/airflow/example_dags/example_task_group.py
[2024-03-26T06:06:40.909+0000] {processor.py:839} INFO - DAG(s) dict_keys(['example_task_group']) retrieved from /home/airflow/.local/lib/python3.8/site-packages/airflow/example_dags/example_task_group.py
[2024-03-26T06:06:41.001+0000] {logging_mixin.py:151} INFO - [2024-03-26T06:06:41.000+0000] {dag.py:2915} INFO - Sync 1 DAGs
[2024-03-26T06:06:41.112+0000] {logging_mixin.py:151} INFO - [2024-03-26T06:06:41.111+0000] {dag.py:3696} INFO - Setting next_dagrun for example_task_group to 2024-03-25T06:06:41.109992+00:00, run_after=2024-03-26T06:06:41.109992+00:00
[2024-03-26T06:06:41.177+0000] {processor.py:179} INFO - Processing /home/airflow/.local/lib/python3.8/site-packages/airflow/example_dags/example_task_group.py took 0.321 seconds
[2024-03-26T06:07:11.599+0000] {processor.py:157} INFO - Started process (PID=383) to work on /home/airflow/.local/lib/python3.8/site-packages/airflow/example_dags/example_task_group.py
[2024-03-26T06:07:11.613+0000] {processor.py:829} INFO - Processing file /home/airflow/.local/lib/python3.8/site-packages/airflow/example_dags/example_task_group.py for tasks to queue
[2024-03-26T06:07:11.616+0000] {logging_mixin.py:151} INFO - [2024-03-26T06:07:11.615+0000] {dagbag.py:539} INFO - Filling up the DagBag from /home/airflow/.local/lib/python3.8/site-packages/airflow/example_dags/example_task_group.py
[2024-03-26T06:07:11.639+0000] {processor.py:839} INFO - DAG(s) dict_keys(['example_task_group']) retrieved from /home/airflow/.local/lib/python3.8/site-packages/airflow/example_dags/example_task_group.py
[2024-03-26T06:07:11.677+0000] {logging_mixin.py:151} INFO - [2024-03-26T06:07:11.676+0000] {dag.py:2915} INFO - Sync 1 DAGs
[2024-03-26T06:07:11.720+0000] {logging_mixin.py:151} INFO - [2024-03-26T06:07:11.719+0000] {dag.py:3696} INFO - Setting next_dagrun for example_task_group to 2024-03-25T06:07:11.719245+00:00, run_after=2024-03-26T06:07:11.719245+00:00
[2024-03-26T06:07:11.801+0000] {processor.py:179} INFO - Processing /home/airflow/.local/lib/python3.8/site-packages/airflow/example_dags/example_task_group.py took 0.207 seconds
[2024-03-26T06:07:42.758+0000] {processor.py:157} INFO - Started process (PID=437) to work on /home/airflow/.local/lib/python3.8/site-packages/airflow/example_dags/example_task_group.py
[2024-03-26T06:07:42.760+0000] {processor.py:829} INFO - Processing file /home/airflow/.local/lib/python3.8/site-packages/airflow/example_dags/example_task_group.py for tasks to queue
[2024-03-26T06:07:42.764+0000] {logging_mixin.py:151} INFO - [2024-03-26T06:07:42.763+0000] {dagbag.py:539} INFO - Filling up the DagBag from /home/airflow/.local/lib/python3.8/site-packages/airflow/example_dags/example_task_group.py
[2024-03-26T06:07:42.772+0000] {processor.py:839} INFO - DAG(s) dict_keys(['example_task_group']) retrieved from /home/airflow/.local/lib/python3.8/site-packages/airflow/example_dags/example_task_group.py
[2024-03-26T06:07:42.801+0000] {logging_mixin.py:151} INFO - [2024-03-26T06:07:42.801+0000] {dag.py:2915} INFO - Sync 1 DAGs
[2024-03-26T06:07:42.830+0000] {logging_mixin.py:151} INFO - [2024-03-26T06:07:42.830+0000] {dag.py:3696} INFO - Setting next_dagrun for example_task_group to 2024-03-25T06:07:42.830136+00:00, run_after=2024-03-26T06:07:42.830136+00:00
[2024-03-26T06:07:42.854+0000] {processor.py:179} INFO - Processing /home/airflow/.local/lib/python3.8/site-packages/airflow/example_dags/example_task_group.py took 0.101 seconds
[2024-03-26T06:08:13.466+0000] {processor.py:157} INFO - Started process (PID=491) to work on /home/airflow/.local/lib/python3.8/site-packages/airflow/example_dags/example_task_group.py
[2024-03-26T06:08:13.467+0000] {processor.py:829} INFO - Processing file /home/airflow/.local/lib/python3.8/site-packages/airflow/example_dags/example_task_group.py for tasks to queue
[2024-03-26T06:08:13.471+0000] {logging_mixin.py:151} INFO - [2024-03-26T06:08:13.470+0000] {dagbag.py:539} INFO - Filling up the DagBag from /home/airflow/.local/lib/python3.8/site-packages/airflow/example_dags/example_task_group.py
[2024-03-26T06:08:13.479+0000] {processor.py:839} INFO - DAG(s) dict_keys(['example_task_group']) retrieved from /home/airflow/.local/lib/python3.8/site-packages/airflow/example_dags/example_task_group.py
[2024-03-26T06:08:13.507+0000] {logging_mixin.py:151} INFO - [2024-03-26T06:08:13.507+0000] {dag.py:2915} INFO - Sync 1 DAGs
[2024-03-26T06:08:13.531+0000] {logging_mixin.py:151} INFO - [2024-03-26T06:08:13.531+0000] {dag.py:3696} INFO - Setting next_dagrun for example_task_group to 2024-03-25T06:08:13.530991+00:00, run_after=2024-03-26T06:08:13.530991+00:00
[2024-03-26T06:08:13.555+0000] {processor.py:179} INFO - Processing /home/airflow/.local/lib/python3.8/site-packages/airflow/example_dags/example_task_group.py took 0.093 seconds
[2024-03-26T06:08:43.739+0000] {processor.py:157} INFO - Started process (PID=545) to work on /home/airflow/.local/lib/python3.8/site-packages/airflow/example_dags/example_task_group.py
[2024-03-26T06:08:43.741+0000] {processor.py:829} INFO - Processing file /home/airflow/.local/lib/python3.8/site-packages/airflow/example_dags/example_task_group.py for tasks to queue
[2024-03-26T06:08:43.744+0000] {logging_mixin.py:151} INFO - [2024-03-26T06:08:43.743+0000] {dagbag.py:539} INFO - Filling up the DagBag from /home/airflow/.local/lib/python3.8/site-packages/airflow/example_dags/example_task_group.py
[2024-03-26T06:08:43.752+0000] {processor.py:839} INFO - DAG(s) dict_keys(['example_task_group']) retrieved from /home/airflow/.local/lib/python3.8/site-packages/airflow/example_dags/example_task_group.py
[2024-03-26T06:08:43.781+0000] {logging_mixin.py:151} INFO - [2024-03-26T06:08:43.781+0000] {dag.py:2915} INFO - Sync 1 DAGs
[2024-03-26T06:08:43.820+0000] {logging_mixin.py:151} INFO - [2024-03-26T06:08:43.820+0000] {dag.py:3696} INFO - Setting next_dagrun for example_task_group to 2024-03-25T06:08:43.819430+00:00, run_after=2024-03-26T06:08:43.819430+00:00
[2024-03-26T06:08:43.852+0000] {processor.py:179} INFO - Processing /home/airflow/.local/lib/python3.8/site-packages/airflow/example_dags/example_task_group.py took 0.118 seconds
[2024-03-26T06:09:14.088+0000] {processor.py:157} INFO - Started process (PID=599) to work on /home/airflow/.local/lib/python3.8/site-packages/airflow/example_dags/example_task_group.py
[2024-03-26T06:09:14.089+0000] {processor.py:829} INFO - Processing file /home/airflow/.local/lib/python3.8/site-packages/airflow/example_dags/example_task_group.py for tasks to queue
[2024-03-26T06:09:14.093+0000] {logging_mixin.py:151} INFO - [2024-03-26T06:09:14.093+0000] {dagbag.py:539} INFO - Filling up the DagBag from /home/airflow/.local/lib/python3.8/site-packages/airflow/example_dags/example_task_group.py
[2024-03-26T06:09:14.105+0000] {processor.py:839} INFO - DAG(s) dict_keys(['example_task_group']) retrieved from /home/airflow/.local/lib/python3.8/site-packages/airflow/example_dags/example_task_group.py
[2024-03-26T06:09:14.146+0000] {logging_mixin.py:151} INFO - [2024-03-26T06:09:14.145+0000] {dag.py:2915} INFO - Sync 1 DAGs
[2024-03-26T06:09:14.184+0000] {logging_mixin.py:151} INFO - [2024-03-26T06:09:14.183+0000] {dag.py:3696} INFO - Setting next_dagrun for example_task_group to 2024-03-25T06:09:14.183397+00:00, run_after=2024-03-26T06:09:14.183397+00:00
[2024-03-26T06:09:14.216+0000] {processor.py:179} INFO - Processing /home/airflow/.local/lib/python3.8/site-packages/airflow/example_dags/example_task_group.py took 0.134 seconds
[2024-03-26T06:09:44.793+0000] {processor.py:157} INFO - Started process (PID=653) to work on /home/airflow/.local/lib/python3.8/site-packages/airflow/example_dags/example_task_group.py
[2024-03-26T06:09:44.795+0000] {processor.py:829} INFO - Processing file /home/airflow/.local/lib/python3.8/site-packages/airflow/example_dags/example_task_group.py for tasks to queue
[2024-03-26T06:09:44.797+0000] {logging_mixin.py:151} INFO - [2024-03-26T06:09:44.797+0000] {dagbag.py:539} INFO - Filling up the DagBag from /home/airflow/.local/lib/python3.8/site-packages/airflow/example_dags/example_task_group.py
[2024-03-26T06:09:44.806+0000] {processor.py:839} INFO - DAG(s) dict_keys(['example_task_group']) retrieved from /home/airflow/.local/lib/python3.8/site-packages/airflow/example_dags/example_task_group.py
[2024-03-26T06:09:44.834+0000] {logging_mixin.py:151} INFO - [2024-03-26T06:09:44.834+0000] {dag.py:2915} INFO - Sync 1 DAGs
[2024-03-26T06:09:44.862+0000] {logging_mixin.py:151} INFO - [2024-03-26T06:09:44.862+0000] {dag.py:3696} INFO - Setting next_dagrun for example_task_group to 2024-03-25T06:09:44.862008+00:00, run_after=2024-03-26T06:09:44.862008+00:00
[2024-03-26T06:09:44.899+0000] {processor.py:179} INFO - Processing /home/airflow/.local/lib/python3.8/site-packages/airflow/example_dags/example_task_group.py took 0.110 seconds
[2024-03-26T06:10:15.346+0000] {processor.py:157} INFO - Started process (PID=707) to work on /home/airflow/.local/lib/python3.8/site-packages/airflow/example_dags/example_task_group.py
[2024-03-26T06:10:15.348+0000] {processor.py:829} INFO - Processing file /home/airflow/.local/lib/python3.8/site-packages/airflow/example_dags/example_task_group.py for tasks to queue
[2024-03-26T06:10:15.351+0000] {logging_mixin.py:151} INFO - [2024-03-26T06:10:15.350+0000] {dagbag.py:539} INFO - Filling up the DagBag from /home/airflow/.local/lib/python3.8/site-packages/airflow/example_dags/example_task_group.py
[2024-03-26T06:10:15.360+0000] {processor.py:839} INFO - DAG(s) dict_keys(['example_task_group']) retrieved from /home/airflow/.local/lib/python3.8/site-packages/airflow/example_dags/example_task_group.py
[2024-03-26T06:10:15.390+0000] {logging_mixin.py:151} INFO - [2024-03-26T06:10:15.390+0000] {dag.py:2915} INFO - Sync 1 DAGs
[2024-03-26T06:10:15.416+0000] {logging_mixin.py:151} INFO - [2024-03-26T06:10:15.416+0000] {dag.py:3696} INFO - Setting next_dagrun for example_task_group to 2024-03-25T06:10:15.416171+00:00, run_after=2024-03-26T06:10:15.416171+00:00
[2024-03-26T06:10:15.441+0000] {processor.py:179} INFO - Processing /home/airflow/.local/lib/python3.8/site-packages/airflow/example_dags/example_task_group.py took 0.098 seconds
[2024-03-26T06:10:46.004+0000] {processor.py:157} INFO - Started process (PID=761) to work on /home/airflow/.local/lib/python3.8/site-packages/airflow/example_dags/example_task_group.py
[2024-03-26T06:10:46.005+0000] {processor.py:829} INFO - Processing file /home/airflow/.local/lib/python3.8/site-packages/airflow/example_dags/example_task_group.py for tasks to queue
[2024-03-26T06:10:46.008+0000] {logging_mixin.py:151} INFO - [2024-03-26T06:10:46.008+0000] {dagbag.py:539} INFO - Filling up the DagBag from /home/airflow/.local/lib/python3.8/site-packages/airflow/example_dags/example_task_group.py
[2024-03-26T06:10:46.016+0000] {processor.py:839} INFO - DAG(s) dict_keys(['example_task_group']) retrieved from /home/airflow/.local/lib/python3.8/site-packages/airflow/example_dags/example_task_group.py
[2024-03-26T06:10:46.046+0000] {logging_mixin.py:151} INFO - [2024-03-26T06:10:46.045+0000] {dag.py:2915} INFO - Sync 1 DAGs
[2024-03-26T06:10:46.071+0000] {logging_mixin.py:151} INFO - [2024-03-26T06:10:46.071+0000] {dag.py:3696} INFO - Setting next_dagrun for example_task_group to 2024-03-25T06:10:46.071426+00:00, run_after=2024-03-26T06:10:46.071426+00:00
[2024-03-26T06:10:46.093+0000] {processor.py:179} INFO - Processing /home/airflow/.local/lib/python3.8/site-packages/airflow/example_dags/example_task_group.py took 0.093 seconds
[2024-03-26T06:11:16.647+0000] {processor.py:157} INFO - Started process (PID=815) to work on /home/airflow/.local/lib/python3.8/site-packages/airflow/example_dags/example_task_group.py
[2024-03-26T06:11:16.648+0000] {processor.py:829} INFO - Processing file /home/airflow/.local/lib/python3.8/site-packages/airflow/example_dags/example_task_group.py for tasks to queue
[2024-03-26T06:11:16.652+0000] {logging_mixin.py:151} INFO - [2024-03-26T06:11:16.651+0000] {dagbag.py:539} INFO - Filling up the DagBag from /home/airflow/.local/lib/python3.8/site-packages/airflow/example_dags/example_task_group.py
[2024-03-26T06:11:16.660+0000] {processor.py:839} INFO - DAG(s) dict_keys(['example_task_group']) retrieved from /home/airflow/.local/lib/python3.8/site-packages/airflow/example_dags/example_task_group.py
[2024-03-26T06:11:16.696+0000] {logging_mixin.py:151} INFO - [2024-03-26T06:11:16.695+0000] {dag.py:2915} INFO - Sync 1 DAGs
[2024-03-26T06:11:16.719+0000] {logging_mixin.py:151} INFO - [2024-03-26T06:11:16.719+0000] {dag.py:3696} INFO - Setting next_dagrun for example_task_group to 2024-03-25T06:11:16.719254+00:00, run_after=2024-03-26T06:11:16.719254+00:00
[2024-03-26T06:11:16.745+0000] {processor.py:179} INFO - Processing /home/airflow/.local/lib/python3.8/site-packages/airflow/example_dags/example_task_group.py took 0.101 seconds
[2024-03-26T06:11:46.836+0000] {processor.py:157} INFO - Started process (PID=869) to work on /home/airflow/.local/lib/python3.8/site-packages/airflow/example_dags/example_task_group.py
[2024-03-26T06:11:46.838+0000] {processor.py:829} INFO - Processing file /home/airflow/.local/lib/python3.8/site-packages/airflow/example_dags/example_task_group.py for tasks to queue
[2024-03-26T06:11:46.841+0000] {logging_mixin.py:151} INFO - [2024-03-26T06:11:46.840+0000] {dagbag.py:539} INFO - Filling up the DagBag from /home/airflow/.local/lib/python3.8/site-packages/airflow/example_dags/example_task_group.py
[2024-03-26T06:11:46.850+0000] {processor.py:839} INFO - DAG(s) dict_keys(['example_task_group']) retrieved from /home/airflow/.local/lib/python3.8/site-packages/airflow/example_dags/example_task_group.py
[2024-03-26T06:11:46.878+0000] {logging_mixin.py:151} INFO - [2024-03-26T06:11:46.877+0000] {dag.py:2915} INFO - Sync 1 DAGs
[2024-03-26T06:11:46.912+0000] {logging_mixin.py:151} INFO - [2024-03-26T06:11:46.912+0000] {dag.py:3696} INFO - Setting next_dagrun for example_task_group to 2024-03-25T06:11:46.911735+00:00, run_after=2024-03-26T06:11:46.911735+00:00
[2024-03-26T06:11:46.952+0000] {processor.py:179} INFO - Processing /home/airflow/.local/lib/python3.8/site-packages/airflow/example_dags/example_task_group.py took 0.121 seconds
[2024-03-26T06:12:17.363+0000] {processor.py:157} INFO - Started process (PID=923) to work on /home/airflow/.local/lib/python3.8/site-packages/airflow/example_dags/example_task_group.py
[2024-03-26T06:12:17.365+0000] {processor.py:829} INFO - Processing file /home/airflow/.local/lib/python3.8/site-packages/airflow/example_dags/example_task_group.py for tasks to queue
[2024-03-26T06:12:17.368+0000] {logging_mixin.py:151} INFO - [2024-03-26T06:12:17.368+0000] {dagbag.py:539} INFO - Filling up the DagBag from /home/airflow/.local/lib/python3.8/site-packages/airflow/example_dags/example_task_group.py
[2024-03-26T06:12:17.377+0000] {processor.py:839} INFO - DAG(s) dict_keys(['example_task_group']) retrieved from /home/airflow/.local/lib/python3.8/site-packages/airflow/example_dags/example_task_group.py
[2024-03-26T06:12:17.403+0000] {logging_mixin.py:151} INFO - [2024-03-26T06:12:17.403+0000] {dag.py:2915} INFO - Sync 1 DAGs
[2024-03-26T06:12:17.429+0000] {logging_mixin.py:151} INFO - [2024-03-26T06:12:17.428+0000] {dag.py:3696} INFO - Setting next_dagrun for example_task_group to 2024-03-25T06:12:17.428666+00:00, run_after=2024-03-26T06:12:17.428666+00:00
[2024-03-26T06:12:17.461+0000] {processor.py:179} INFO - Processing /home/airflow/.local/lib/python3.8/site-packages/airflow/example_dags/example_task_group.py took 0.103 seconds
[2024-03-26T06:12:47.780+0000] {processor.py:157} INFO - Started process (PID=977) to work on /home/airflow/.local/lib/python3.8/site-packages/airflow/example_dags/example_task_group.py
[2024-03-26T06:12:47.782+0000] {processor.py:829} INFO - Processing file /home/airflow/.local/lib/python3.8/site-packages/airflow/example_dags/example_task_group.py for tasks to queue
[2024-03-26T06:12:47.784+0000] {logging_mixin.py:151} INFO - [2024-03-26T06:12:47.784+0000] {dagbag.py:539} INFO - Filling up the DagBag from /home/airflow/.local/lib/python3.8/site-packages/airflow/example_dags/example_task_group.py
[2024-03-26T06:12:47.794+0000] {processor.py:839} INFO - DAG(s) dict_keys(['example_task_group']) retrieved from /home/airflow/.local/lib/python3.8/site-packages/airflow/example_dags/example_task_group.py
[2024-03-26T06:12:47.818+0000] {logging_mixin.py:151} INFO - [2024-03-26T06:12:47.818+0000] {dag.py:2915} INFO - Sync 1 DAGs
[2024-03-26T06:12:47.839+0000] {logging_mixin.py:151} INFO - [2024-03-26T06:12:47.839+0000] {dag.py:3696} INFO - Setting next_dagrun for example_task_group to 2024-03-25T06:12:47.839008+00:00, run_after=2024-03-26T06:12:47.839008+00:00
[2024-03-26T06:12:47.871+0000] {processor.py:179} INFO - Processing /home/airflow/.local/lib/python3.8/site-packages/airflow/example_dags/example_task_group.py took 0.095 seconds
[2024-03-26T06:19:07.998+0000] {processor.py:157} INFO - Started process (PID=1008) to work on /home/airflow/.local/lib/python3.8/site-packages/airflow/example_dags/example_task_group.py
[2024-03-26T06:19:08.009+0000] {processor.py:829} INFO - Processing file /home/airflow/.local/lib/python3.8/site-packages/airflow/example_dags/example_task_group.py for tasks to queue
[2024-03-26T06:19:08.024+0000] {logging_mixin.py:151} INFO - [2024-03-26T06:19:08.024+0000] {dagbag.py:539} INFO - Filling up the DagBag from /home/airflow/.local/lib/python3.8/site-packages/airflow/example_dags/example_task_group.py
[2024-03-26T06:19:08.048+0000] {processor.py:839} INFO - DAG(s) dict_keys(['example_task_group']) retrieved from /home/airflow/.local/lib/python3.8/site-packages/airflow/example_dags/example_task_group.py
[2024-03-26T06:19:08.139+0000] {logging_mixin.py:151} INFO - [2024-03-26T06:19:08.139+0000] {dag.py:2915} INFO - Sync 1 DAGs
[2024-03-26T06:19:08.192+0000] {logging_mixin.py:151} INFO - [2024-03-26T06:19:08.192+0000] {dag.py:3696} INFO - Setting next_dagrun for example_task_group to 2024-03-25T06:19:08.191704+00:00, run_after=2024-03-26T06:19:08.191704+00:00
[2024-03-26T06:19:08.238+0000] {processor.py:179} INFO - Processing /home/airflow/.local/lib/python3.8/site-packages/airflow/example_dags/example_task_group.py took 0.245 seconds
[2024-03-26T06:19:38.387+0000] {processor.py:157} INFO - Started process (PID=1062) to work on /home/airflow/.local/lib/python3.8/site-packages/airflow/example_dags/example_task_group.py
[2024-03-26T06:19:38.388+0000] {processor.py:829} INFO - Processing file /home/airflow/.local/lib/python3.8/site-packages/airflow/example_dags/example_task_group.py for tasks to queue
[2024-03-26T06:19:38.391+0000] {logging_mixin.py:151} INFO - [2024-03-26T06:19:38.391+0000] {dagbag.py:539} INFO - Filling up the DagBag from /home/airflow/.local/lib/python3.8/site-packages/airflow/example_dags/example_task_group.py
[2024-03-26T06:19:38.402+0000] {processor.py:839} INFO - DAG(s) dict_keys(['example_task_group']) retrieved from /home/airflow/.local/lib/python3.8/site-packages/airflow/example_dags/example_task_group.py
[2024-03-26T06:19:38.428+0000] {logging_mixin.py:151} INFO - [2024-03-26T06:19:38.428+0000] {dag.py:2915} INFO - Sync 1 DAGs
[2024-03-26T06:19:38.457+0000] {logging_mixin.py:151} INFO - [2024-03-26T06:19:38.457+0000] {dag.py:3696} INFO - Setting next_dagrun for example_task_group to 2024-03-25T06:19:38.457086+00:00, run_after=2024-03-26T06:19:38.457086+00:00
[2024-03-26T06:19:38.481+0000] {processor.py:179} INFO - Processing /home/airflow/.local/lib/python3.8/site-packages/airflow/example_dags/example_task_group.py took 0.098 seconds
[2024-03-26T06:20:09.306+0000] {processor.py:157} INFO - Started process (PID=1116) to work on /home/airflow/.local/lib/python3.8/site-packages/airflow/example_dags/example_task_group.py
[2024-03-26T06:20:09.307+0000] {processor.py:829} INFO - Processing file /home/airflow/.local/lib/python3.8/site-packages/airflow/example_dags/example_task_group.py for tasks to queue
[2024-03-26T06:20:09.310+0000] {logging_mixin.py:151} INFO - [2024-03-26T06:20:09.310+0000] {dagbag.py:539} INFO - Filling up the DagBag from /home/airflow/.local/lib/python3.8/site-packages/airflow/example_dags/example_task_group.py
[2024-03-26T06:20:09.320+0000] {processor.py:839} INFO - DAG(s) dict_keys(['example_task_group']) retrieved from /home/airflow/.local/lib/python3.8/site-packages/airflow/example_dags/example_task_group.py
[2024-03-26T06:20:09.351+0000] {logging_mixin.py:151} INFO - [2024-03-26T06:20:09.351+0000] {dag.py:2915} INFO - Sync 1 DAGs
[2024-03-26T06:20:09.383+0000] {logging_mixin.py:151} INFO - [2024-03-26T06:20:09.382+0000] {dag.py:3696} INFO - Setting next_dagrun for example_task_group to 2024-03-25T06:20:09.382525+00:00, run_after=2024-03-26T06:20:09.382525+00:00
[2024-03-26T06:20:09.408+0000] {processor.py:179} INFO - Processing /home/airflow/.local/lib/python3.8/site-packages/airflow/example_dags/example_task_group.py took 0.107 seconds
[2024-03-26T06:20:39.652+0000] {processor.py:157} INFO - Started process (PID=1170) to work on /home/airflow/.local/lib/python3.8/site-packages/airflow/example_dags/example_task_group.py
[2024-03-26T06:20:39.653+0000] {processor.py:829} INFO - Processing file /home/airflow/.local/lib/python3.8/site-packages/airflow/example_dags/example_task_group.py for tasks to queue
[2024-03-26T06:20:39.657+0000] {logging_mixin.py:151} INFO - [2024-03-26T06:20:39.656+0000] {dagbag.py:539} INFO - Filling up the DagBag from /home/airflow/.local/lib/python3.8/site-packages/airflow/example_dags/example_task_group.py
[2024-03-26T06:20:39.666+0000] {processor.py:839} INFO - DAG(s) dict_keys(['example_task_group']) retrieved from /home/airflow/.local/lib/python3.8/site-packages/airflow/example_dags/example_task_group.py
[2024-03-26T06:20:39.694+0000] {logging_mixin.py:151} INFO - [2024-03-26T06:20:39.693+0000] {dag.py:2915} INFO - Sync 1 DAGs
[2024-03-26T06:20:39.723+0000] {logging_mixin.py:151} INFO - [2024-03-26T06:20:39.722+0000] {dag.py:3696} INFO - Setting next_dagrun for example_task_group to 2024-03-25T06:20:39.722586+00:00, run_after=2024-03-26T06:20:39.722586+00:00
[2024-03-26T06:20:39.746+0000] {processor.py:179} INFO - Processing /home/airflow/.local/lib/python3.8/site-packages/airflow/example_dags/example_task_group.py took 0.098 seconds
[2024-03-26T06:21:10.076+0000] {processor.py:157} INFO - Started process (PID=1224) to work on /home/airflow/.local/lib/python3.8/site-packages/airflow/example_dags/example_task_group.py
[2024-03-26T06:21:10.077+0000] {processor.py:829} INFO - Processing file /home/airflow/.local/lib/python3.8/site-packages/airflow/example_dags/example_task_group.py for tasks to queue
[2024-03-26T06:21:10.079+0000] {logging_mixin.py:151} INFO - [2024-03-26T06:21:10.079+0000] {dagbag.py:539} INFO - Filling up the DagBag from /home/airflow/.local/lib/python3.8/site-packages/airflow/example_dags/example_task_group.py
[2024-03-26T06:21:10.090+0000] {processor.py:839} INFO - DAG(s) dict_keys(['example_task_group']) retrieved from /home/airflow/.local/lib/python3.8/site-packages/airflow/example_dags/example_task_group.py
[2024-03-26T06:21:10.117+0000] {logging_mixin.py:151} INFO - [2024-03-26T06:21:10.117+0000] {dag.py:2915} INFO - Sync 1 DAGs
[2024-03-26T06:21:10.144+0000] {logging_mixin.py:151} INFO - [2024-03-26T06:21:10.144+0000] {dag.py:3696} INFO - Setting next_dagrun for example_task_group to 2024-03-25T06:21:10.144335+00:00, run_after=2024-03-26T06:21:10.144335+00:00
[2024-03-26T06:21:10.165+0000] {processor.py:179} INFO - Processing /home/airflow/.local/lib/python3.8/site-packages/airflow/example_dags/example_task_group.py took 0.095 seconds
[2024-03-26T06:21:41.010+0000] {processor.py:157} INFO - Started process (PID=1278) to work on /home/airflow/.local/lib/python3.8/site-packages/airflow/example_dags/example_task_group.py
[2024-03-26T06:21:41.012+0000] {processor.py:829} INFO - Processing file /home/airflow/.local/lib/python3.8/site-packages/airflow/example_dags/example_task_group.py for tasks to queue
[2024-03-26T06:21:41.014+0000] {logging_mixin.py:151} INFO - [2024-03-26T06:21:41.014+0000] {dagbag.py:539} INFO - Filling up the DagBag from /home/airflow/.local/lib/python3.8/site-packages/airflow/example_dags/example_task_group.py
[2024-03-26T06:21:41.023+0000] {processor.py:839} INFO - DAG(s) dict_keys(['example_task_group']) retrieved from /home/airflow/.local/lib/python3.8/site-packages/airflow/example_dags/example_task_group.py
[2024-03-26T06:21:41.050+0000] {logging_mixin.py:151} INFO - [2024-03-26T06:21:41.049+0000] {dag.py:2915} INFO - Sync 1 DAGs
[2024-03-26T06:21:41.076+0000] {logging_mixin.py:151} INFO - [2024-03-26T06:21:41.076+0000] {dag.py:3696} INFO - Setting next_dagrun for example_task_group to 2024-03-25T06:21:41.076155+00:00, run_after=2024-03-26T06:21:41.076155+00:00
[2024-03-26T06:21:41.099+0000] {processor.py:179} INFO - Processing /home/airflow/.local/lib/python3.8/site-packages/airflow/example_dags/example_task_group.py took 0.092 seconds
[2024-03-26T06:22:11.746+0000] {processor.py:157} INFO - Started process (PID=1332) to work on /home/airflow/.local/lib/python3.8/site-packages/airflow/example_dags/example_task_group.py
[2024-03-26T06:22:11.747+0000] {processor.py:829} INFO - Processing file /home/airflow/.local/lib/python3.8/site-packages/airflow/example_dags/example_task_group.py for tasks to queue
[2024-03-26T06:22:11.750+0000] {logging_mixin.py:151} INFO - [2024-03-26T06:22:11.749+0000] {dagbag.py:539} INFO - Filling up the DagBag from /home/airflow/.local/lib/python3.8/site-packages/airflow/example_dags/example_task_group.py
[2024-03-26T06:22:11.761+0000] {processor.py:839} INFO - DAG(s) dict_keys(['example_task_group']) retrieved from /home/airflow/.local/lib/python3.8/site-packages/airflow/example_dags/example_task_group.py
[2024-03-26T06:22:11.789+0000] {logging_mixin.py:151} INFO - [2024-03-26T06:22:11.789+0000] {dag.py:2915} INFO - Sync 1 DAGs
[2024-03-26T06:22:11.814+0000] {logging_mixin.py:151} INFO - [2024-03-26T06:22:11.813+0000] {dag.py:3696} INFO - Setting next_dagrun for example_task_group to 2024-03-25T06:22:11.813581+00:00, run_after=2024-03-26T06:22:11.813581+00:00
[2024-03-26T06:22:11.836+0000] {processor.py:179} INFO - Processing /home/airflow/.local/lib/python3.8/site-packages/airflow/example_dags/example_task_group.py took 0.095 seconds
[2024-03-26T06:22:42.361+0000] {processor.py:157} INFO - Started process (PID=1386) to work on /home/airflow/.local/lib/python3.8/site-packages/airflow/example_dags/example_task_group.py
[2024-03-26T06:22:42.363+0000] {processor.py:829} INFO - Processing file /home/airflow/.local/lib/python3.8/site-packages/airflow/example_dags/example_task_group.py for tasks to queue
[2024-03-26T06:22:42.366+0000] {logging_mixin.py:151} INFO - [2024-03-26T06:22:42.366+0000] {dagbag.py:539} INFO - Filling up the DagBag from /home/airflow/.local/lib/python3.8/site-packages/airflow/example_dags/example_task_group.py
[2024-03-26T06:22:42.376+0000] {processor.py:839} INFO - DAG(s) dict_keys(['example_task_group']) retrieved from /home/airflow/.local/lib/python3.8/site-packages/airflow/example_dags/example_task_group.py
[2024-03-26T06:22:42.403+0000] {logging_mixin.py:151} INFO - [2024-03-26T06:22:42.402+0000] {dag.py:2915} INFO - Sync 1 DAGs
[2024-03-26T06:22:42.429+0000] {logging_mixin.py:151} INFO - [2024-03-26T06:22:42.429+0000] {dag.py:3696} INFO - Setting next_dagrun for example_task_group to 2024-03-25T06:22:42.428714+00:00, run_after=2024-03-26T06:22:42.428714+00:00
[2024-03-26T06:22:42.450+0000] {processor.py:179} INFO - Processing /home/airflow/.local/lib/python3.8/site-packages/airflow/example_dags/example_task_group.py took 0.093 seconds
[2024-03-26T06:23:12.911+0000] {processor.py:157} INFO - Started process (PID=1440) to work on /home/airflow/.local/lib/python3.8/site-packages/airflow/example_dags/example_task_group.py
[2024-03-26T06:23:12.913+0000] {processor.py:829} INFO - Processing file /home/airflow/.local/lib/python3.8/site-packages/airflow/example_dags/example_task_group.py for tasks to queue
[2024-03-26T06:23:12.915+0000] {logging_mixin.py:151} INFO - [2024-03-26T06:23:12.915+0000] {dagbag.py:539} INFO - Filling up the DagBag from /home/airflow/.local/lib/python3.8/site-packages/airflow/example_dags/example_task_group.py
[2024-03-26T06:23:12.927+0000] {processor.py:839} INFO - DAG(s) dict_keys(['example_task_group']) retrieved from /home/airflow/.local/lib/python3.8/site-packages/airflow/example_dags/example_task_group.py
[2024-03-26T06:23:12.957+0000] {logging_mixin.py:151} INFO - [2024-03-26T06:23:12.957+0000] {dag.py:2915} INFO - Sync 1 DAGs
[2024-03-26T06:23:12.987+0000] {logging_mixin.py:151} INFO - [2024-03-26T06:23:12.986+0000] {dag.py:3696} INFO - Setting next_dagrun for example_task_group to 2024-03-25T06:23:12.986429+00:00, run_after=2024-03-26T06:23:12.986429+00:00
[2024-03-26T06:23:13.014+0000] {processor.py:179} INFO - Processing /home/airflow/.local/lib/python3.8/site-packages/airflow/example_dags/example_task_group.py took 0.107 seconds
[2024-03-26T06:23:43.576+0000] {processor.py:157} INFO - Started process (PID=1494) to work on /home/airflow/.local/lib/python3.8/site-packages/airflow/example_dags/example_task_group.py
[2024-03-26T06:23:43.578+0000] {processor.py:829} INFO - Processing file /home/airflow/.local/lib/python3.8/site-packages/airflow/example_dags/example_task_group.py for tasks to queue
[2024-03-26T06:23:43.582+0000] {logging_mixin.py:151} INFO - [2024-03-26T06:23:43.581+0000] {dagbag.py:539} INFO - Filling up the DagBag from /home/airflow/.local/lib/python3.8/site-packages/airflow/example_dags/example_task_group.py
[2024-03-26T06:23:43.595+0000] {processor.py:839} INFO - DAG(s) dict_keys(['example_task_group']) retrieved from /home/airflow/.local/lib/python3.8/site-packages/airflow/example_dags/example_task_group.py
[2024-03-26T06:23:43.630+0000] {logging_mixin.py:151} INFO - [2024-03-26T06:23:43.630+0000] {dag.py:2915} INFO - Sync 1 DAGs
[2024-03-26T06:23:43.663+0000] {logging_mixin.py:151} INFO - [2024-03-26T06:23:43.663+0000] {dag.py:3696} INFO - Setting next_dagrun for example_task_group to 2024-03-25T06:23:43.663046+00:00, run_after=2024-03-26T06:23:43.663046+00:00
[2024-03-26T06:23:43.691+0000] {processor.py:179} INFO - Processing /home/airflow/.local/lib/python3.8/site-packages/airflow/example_dags/example_task_group.py took 0.119 seconds
[2024-03-26T06:24:14.199+0000] {processor.py:157} INFO - Started process (PID=1548) to work on /home/airflow/.local/lib/python3.8/site-packages/airflow/example_dags/example_task_group.py
[2024-03-26T06:24:14.201+0000] {processor.py:829} INFO - Processing file /home/airflow/.local/lib/python3.8/site-packages/airflow/example_dags/example_task_group.py for tasks to queue
[2024-03-26T06:24:14.204+0000] {logging_mixin.py:151} INFO - [2024-03-26T06:24:14.203+0000] {dagbag.py:539} INFO - Filling up the DagBag from /home/airflow/.local/lib/python3.8/site-packages/airflow/example_dags/example_task_group.py
[2024-03-26T06:24:14.212+0000] {processor.py:839} INFO - DAG(s) dict_keys(['example_task_group']) retrieved from /home/airflow/.local/lib/python3.8/site-packages/airflow/example_dags/example_task_group.py
[2024-03-26T06:24:14.245+0000] {logging_mixin.py:151} INFO - [2024-03-26T06:24:14.245+0000] {dag.py:2915} INFO - Sync 1 DAGs
[2024-03-26T06:24:14.270+0000] {logging_mixin.py:151} INFO - [2024-03-26T06:24:14.269+0000] {dag.py:3696} INFO - Setting next_dagrun for example_task_group to 2024-03-25T06:24:14.269529+00:00, run_after=2024-03-26T06:24:14.269529+00:00
[2024-03-26T06:24:14.291+0000] {processor.py:179} INFO - Processing /home/airflow/.local/lib/python3.8/site-packages/airflow/example_dags/example_task_group.py took 0.096 seconds
[2024-03-26T06:24:44.821+0000] {processor.py:157} INFO - Started process (PID=1602) to work on /home/airflow/.local/lib/python3.8/site-packages/airflow/example_dags/example_task_group.py
[2024-03-26T06:24:44.822+0000] {processor.py:829} INFO - Processing file /home/airflow/.local/lib/python3.8/site-packages/airflow/example_dags/example_task_group.py for tasks to queue
[2024-03-26T06:24:44.825+0000] {logging_mixin.py:151} INFO - [2024-03-26T06:24:44.825+0000] {dagbag.py:539} INFO - Filling up the DagBag from /home/airflow/.local/lib/python3.8/site-packages/airflow/example_dags/example_task_group.py
[2024-03-26T06:24:44.836+0000] {processor.py:839} INFO - DAG(s) dict_keys(['example_task_group']) retrieved from /home/airflow/.local/lib/python3.8/site-packages/airflow/example_dags/example_task_group.py
[2024-03-26T06:24:44.872+0000] {logging_mixin.py:151} INFO - [2024-03-26T06:24:44.872+0000] {dag.py:2915} INFO - Sync 1 DAGs
[2024-03-26T06:24:44.897+0000] {logging_mixin.py:151} INFO - [2024-03-26T06:24:44.897+0000] {dag.py:3696} INFO - Setting next_dagrun for example_task_group to 2024-03-25T06:24:44.897344+00:00, run_after=2024-03-26T06:24:44.897344+00:00
[2024-03-26T06:24:44.919+0000] {processor.py:179} INFO - Processing /home/airflow/.local/lib/python3.8/site-packages/airflow/example_dags/example_task_group.py took 0.102 seconds
[2024-03-26T06:25:15.449+0000] {processor.py:157} INFO - Started process (PID=1656) to work on /home/airflow/.local/lib/python3.8/site-packages/airflow/example_dags/example_task_group.py
[2024-03-26T06:25:15.450+0000] {processor.py:829} INFO - Processing file /home/airflow/.local/lib/python3.8/site-packages/airflow/example_dags/example_task_group.py for tasks to queue
[2024-03-26T06:25:15.453+0000] {logging_mixin.py:151} INFO - [2024-03-26T06:25:15.453+0000] {dagbag.py:539} INFO - Filling up the DagBag from /home/airflow/.local/lib/python3.8/site-packages/airflow/example_dags/example_task_group.py
[2024-03-26T06:25:15.462+0000] {processor.py:839} INFO - DAG(s) dict_keys(['example_task_group']) retrieved from /home/airflow/.local/lib/python3.8/site-packages/airflow/example_dags/example_task_group.py
[2024-03-26T06:25:15.492+0000] {logging_mixin.py:151} INFO - [2024-03-26T06:25:15.492+0000] {dag.py:2915} INFO - Sync 1 DAGs
[2024-03-26T06:25:15.516+0000] {logging_mixin.py:151} INFO - [2024-03-26T06:25:15.516+0000] {dag.py:3696} INFO - Setting next_dagrun for example_task_group to 2024-03-25T06:25:15.516086+00:00, run_after=2024-03-26T06:25:15.516086+00:00
[2024-03-26T06:25:15.540+0000] {processor.py:179} INFO - Processing /home/airflow/.local/lib/python3.8/site-packages/airflow/example_dags/example_task_group.py took 0.095 seconds
[2024-03-26T06:25:45.906+0000] {processor.py:157} INFO - Started process (PID=1710) to work on /home/airflow/.local/lib/python3.8/site-packages/airflow/example_dags/example_task_group.py
[2024-03-26T06:25:45.908+0000] {processor.py:829} INFO - Processing file /home/airflow/.local/lib/python3.8/site-packages/airflow/example_dags/example_task_group.py for tasks to queue
[2024-03-26T06:25:45.911+0000] {logging_mixin.py:151} INFO - [2024-03-26T06:25:45.911+0000] {dagbag.py:539} INFO - Filling up the DagBag from /home/airflow/.local/lib/python3.8/site-packages/airflow/example_dags/example_task_group.py
[2024-03-26T06:25:45.922+0000] {processor.py:839} INFO - DAG(s) dict_keys(['example_task_group']) retrieved from /home/airflow/.local/lib/python3.8/site-packages/airflow/example_dags/example_task_group.py
[2024-03-26T06:25:45.951+0000] {logging_mixin.py:151} INFO - [2024-03-26T06:25:45.951+0000] {dag.py:2915} INFO - Sync 1 DAGs
[2024-03-26T06:25:45.980+0000] {logging_mixin.py:151} INFO - [2024-03-26T06:25:45.980+0000] {dag.py:3696} INFO - Setting next_dagrun for example_task_group to 2024-03-25T06:25:45.979687+00:00, run_after=2024-03-26T06:25:45.979687+00:00
[2024-03-26T06:25:46.001+0000] {processor.py:179} INFO - Processing /home/airflow/.local/lib/python3.8/site-packages/airflow/example_dags/example_task_group.py took 0.098 seconds
[2024-03-26T06:26:16.285+0000] {processor.py:157} INFO - Started process (PID=1764) to work on /home/airflow/.local/lib/python3.8/site-packages/airflow/example_dags/example_task_group.py
[2024-03-26T06:26:16.286+0000] {processor.py:829} INFO - Processing file /home/airflow/.local/lib/python3.8/site-packages/airflow/example_dags/example_task_group.py for tasks to queue
[2024-03-26T06:26:16.294+0000] {logging_mixin.py:151} INFO - [2024-03-26T06:26:16.294+0000] {dagbag.py:539} INFO - Filling up the DagBag from /home/airflow/.local/lib/python3.8/site-packages/airflow/example_dags/example_task_group.py
[2024-03-26T06:26:16.304+0000] {processor.py:839} INFO - DAG(s) dict_keys(['example_task_group']) retrieved from /home/airflow/.local/lib/python3.8/site-packages/airflow/example_dags/example_task_group.py
[2024-03-26T06:26:16.335+0000] {logging_mixin.py:151} INFO - [2024-03-26T06:26:16.334+0000] {dag.py:2915} INFO - Sync 1 DAGs
[2024-03-26T06:26:16.361+0000] {logging_mixin.py:151} INFO - [2024-03-26T06:26:16.361+0000] {dag.py:3696} INFO - Setting next_dagrun for example_task_group to 2024-03-25T06:26:16.360859+00:00, run_after=2024-03-26T06:26:16.360859+00:00
[2024-03-26T06:26:16.384+0000] {processor.py:179} INFO - Processing /home/airflow/.local/lib/python3.8/site-packages/airflow/example_dags/example_task_group.py took 0.105 seconds
[2024-03-26T06:26:46.985+0000] {processor.py:157} INFO - Started process (PID=1818) to work on /home/airflow/.local/lib/python3.8/site-packages/airflow/example_dags/example_task_group.py
[2024-03-26T06:26:46.986+0000] {processor.py:829} INFO - Processing file /home/airflow/.local/lib/python3.8/site-packages/airflow/example_dags/example_task_group.py for tasks to queue
[2024-03-26T06:26:46.989+0000] {logging_mixin.py:151} INFO - [2024-03-26T06:26:46.988+0000] {dagbag.py:539} INFO - Filling up the DagBag from /home/airflow/.local/lib/python3.8/site-packages/airflow/example_dags/example_task_group.py
[2024-03-26T06:26:46.997+0000] {processor.py:839} INFO - DAG(s) dict_keys(['example_task_group']) retrieved from /home/airflow/.local/lib/python3.8/site-packages/airflow/example_dags/example_task_group.py
[2024-03-26T06:26:47.023+0000] {logging_mixin.py:151} INFO - [2024-03-26T06:26:47.023+0000] {dag.py:2915} INFO - Sync 1 DAGs
[2024-03-26T06:26:47.051+0000] {logging_mixin.py:151} INFO - [2024-03-26T06:26:47.051+0000] {dag.py:3696} INFO - Setting next_dagrun for example_task_group to 2024-03-25T06:26:47.050987+00:00, run_after=2024-03-26T06:26:47.050987+00:00
[2024-03-26T06:26:47.077+0000] {processor.py:179} INFO - Processing /home/airflow/.local/lib/python3.8/site-packages/airflow/example_dags/example_task_group.py took 0.095 seconds
[2024-03-26T06:27:17.411+0000] {processor.py:157} INFO - Started process (PID=1872) to work on /home/airflow/.local/lib/python3.8/site-packages/airflow/example_dags/example_task_group.py
[2024-03-26T06:27:17.412+0000] {processor.py:829} INFO - Processing file /home/airflow/.local/lib/python3.8/site-packages/airflow/example_dags/example_task_group.py for tasks to queue
[2024-03-26T06:27:17.415+0000] {logging_mixin.py:151} INFO - [2024-03-26T06:27:17.415+0000] {dagbag.py:539} INFO - Filling up the DagBag from /home/airflow/.local/lib/python3.8/site-packages/airflow/example_dags/example_task_group.py
[2024-03-26T06:27:17.426+0000] {processor.py:839} INFO - DAG(s) dict_keys(['example_task_group']) retrieved from /home/airflow/.local/lib/python3.8/site-packages/airflow/example_dags/example_task_group.py
[2024-03-26T06:27:17.453+0000] {logging_mixin.py:151} INFO - [2024-03-26T06:27:17.452+0000] {dag.py:2915} INFO - Sync 1 DAGs
[2024-03-26T06:27:17.481+0000] {logging_mixin.py:151} INFO - [2024-03-26T06:27:17.480+0000] {dag.py:3696} INFO - Setting next_dagrun for example_task_group to 2024-03-25T06:27:17.480680+00:00, run_after=2024-03-26T06:27:17.480680+00:00
[2024-03-26T06:27:17.506+0000] {processor.py:179} INFO - Processing /home/airflow/.local/lib/python3.8/site-packages/airflow/example_dags/example_task_group.py took 0.099 seconds
[2024-03-26T06:27:48.160+0000] {processor.py:157} INFO - Started process (PID=1926) to work on /home/airflow/.local/lib/python3.8/site-packages/airflow/example_dags/example_task_group.py
[2024-03-26T06:27:48.162+0000] {processor.py:829} INFO - Processing file /home/airflow/.local/lib/python3.8/site-packages/airflow/example_dags/example_task_group.py for tasks to queue
[2024-03-26T06:27:48.166+0000] {logging_mixin.py:151} INFO - [2024-03-26T06:27:48.165+0000] {dagbag.py:539} INFO - Filling up the DagBag from /home/airflow/.local/lib/python3.8/site-packages/airflow/example_dags/example_task_group.py
[2024-03-26T06:27:48.177+0000] {processor.py:839} INFO - DAG(s) dict_keys(['example_task_group']) retrieved from /home/airflow/.local/lib/python3.8/site-packages/airflow/example_dags/example_task_group.py
[2024-03-26T06:27:48.213+0000] {logging_mixin.py:151} INFO - [2024-03-26T06:27:48.213+0000] {dag.py:2915} INFO - Sync 1 DAGs
[2024-03-26T06:27:48.244+0000] {logging_mixin.py:151} INFO - [2024-03-26T06:27:48.244+0000] {dag.py:3696} INFO - Setting next_dagrun for example_task_group to 2024-03-25T06:27:48.243804+00:00, run_after=2024-03-26T06:27:48.243804+00:00
[2024-03-26T06:27:48.274+0000] {processor.py:179} INFO - Processing /home/airflow/.local/lib/python3.8/site-packages/airflow/example_dags/example_task_group.py took 0.119 seconds
[2024-03-26T06:28:18.640+0000] {processor.py:157} INFO - Started process (PID=1980) to work on /home/airflow/.local/lib/python3.8/site-packages/airflow/example_dags/example_task_group.py
[2024-03-26T06:28:18.642+0000] {processor.py:829} INFO - Processing file /home/airflow/.local/lib/python3.8/site-packages/airflow/example_dags/example_task_group.py for tasks to queue
[2024-03-26T06:28:18.645+0000] {logging_mixin.py:151} INFO - [2024-03-26T06:28:18.645+0000] {dagbag.py:539} INFO - Filling up the DagBag from /home/airflow/.local/lib/python3.8/site-packages/airflow/example_dags/example_task_group.py
[2024-03-26T06:28:18.657+0000] {processor.py:839} INFO - DAG(s) dict_keys(['example_task_group']) retrieved from /home/airflow/.local/lib/python3.8/site-packages/airflow/example_dags/example_task_group.py
[2024-03-26T06:28:18.688+0000] {logging_mixin.py:151} INFO - [2024-03-26T06:28:18.687+0000] {dag.py:2915} INFO - Sync 1 DAGs
[2024-03-26T06:28:18.722+0000] {logging_mixin.py:151} INFO - [2024-03-26T06:28:18.722+0000] {dag.py:3696} INFO - Setting next_dagrun for example_task_group to 2024-03-25T06:28:18.722027+00:00, run_after=2024-03-26T06:28:18.722027+00:00
[2024-03-26T06:28:18.754+0000] {processor.py:179} INFO - Processing /home/airflow/.local/lib/python3.8/site-packages/airflow/example_dags/example_task_group.py took 0.119 seconds
[2024-03-26T06:28:48.967+0000] {processor.py:157} INFO - Started process (PID=2034) to work on /home/airflow/.local/lib/python3.8/site-packages/airflow/example_dags/example_task_group.py
[2024-03-26T06:28:48.968+0000] {processor.py:829} INFO - Processing file /home/airflow/.local/lib/python3.8/site-packages/airflow/example_dags/example_task_group.py for tasks to queue
[2024-03-26T06:28:48.971+0000] {logging_mixin.py:151} INFO - [2024-03-26T06:28:48.971+0000] {dagbag.py:539} INFO - Filling up the DagBag from /home/airflow/.local/lib/python3.8/site-packages/airflow/example_dags/example_task_group.py
[2024-03-26T06:28:48.981+0000] {processor.py:839} INFO - DAG(s) dict_keys(['example_task_group']) retrieved from /home/airflow/.local/lib/python3.8/site-packages/airflow/example_dags/example_task_group.py
[2024-03-26T06:28:49.008+0000] {logging_mixin.py:151} INFO - [2024-03-26T06:28:49.008+0000] {dag.py:2915} INFO - Sync 1 DAGs
[2024-03-26T06:28:49.034+0000] {logging_mixin.py:151} INFO - [2024-03-26T06:28:49.034+0000] {dag.py:3696} INFO - Setting next_dagrun for example_task_group to 2024-03-25T06:28:49.034174+00:00, run_after=2024-03-26T06:28:49.034174+00:00
[2024-03-26T06:28:49.056+0000] {processor.py:179} INFO - Processing /home/airflow/.local/lib/python3.8/site-packages/airflow/example_dags/example_task_group.py took 0.093 seconds
[2024-03-26T06:29:19.252+0000] {processor.py:157} INFO - Started process (PID=2088) to work on /home/airflow/.local/lib/python3.8/site-packages/airflow/example_dags/example_task_group.py
[2024-03-26T06:29:19.253+0000] {processor.py:829} INFO - Processing file /home/airflow/.local/lib/python3.8/site-packages/airflow/example_dags/example_task_group.py for tasks to queue
[2024-03-26T06:29:19.256+0000] {logging_mixin.py:151} INFO - [2024-03-26T06:29:19.256+0000] {dagbag.py:539} INFO - Filling up the DagBag from /home/airflow/.local/lib/python3.8/site-packages/airflow/example_dags/example_task_group.py
[2024-03-26T06:29:19.268+0000] {processor.py:839} INFO - DAG(s) dict_keys(['example_task_group']) retrieved from /home/airflow/.local/lib/python3.8/site-packages/airflow/example_dags/example_task_group.py
[2024-03-26T06:29:19.300+0000] {logging_mixin.py:151} INFO - [2024-03-26T06:29:19.299+0000] {dag.py:2915} INFO - Sync 1 DAGs
[2024-03-26T06:29:19.333+0000] {logging_mixin.py:151} INFO - [2024-03-26T06:29:19.333+0000] {dag.py:3696} INFO - Setting next_dagrun for example_task_group to 2024-03-25T06:29:19.332705+00:00, run_after=2024-03-26T06:29:19.332705+00:00
[2024-03-26T06:29:19.360+0000] {processor.py:179} INFO - Processing /home/airflow/.local/lib/python3.8/site-packages/airflow/example_dags/example_task_group.py took 0.113 seconds
[2024-03-26T06:29:50.396+0000] {processor.py:157} INFO - Started process (PID=2142) to work on /home/airflow/.local/lib/python3.8/site-packages/airflow/example_dags/example_task_group.py
[2024-03-26T06:29:50.398+0000] {processor.py:829} INFO - Processing file /home/airflow/.local/lib/python3.8/site-packages/airflow/example_dags/example_task_group.py for tasks to queue
[2024-03-26T06:29:50.401+0000] {logging_mixin.py:151} INFO - [2024-03-26T06:29:50.400+0000] {dagbag.py:539} INFO - Filling up the DagBag from /home/airflow/.local/lib/python3.8/site-packages/airflow/example_dags/example_task_group.py
[2024-03-26T06:29:50.412+0000] {processor.py:839} INFO - DAG(s) dict_keys(['example_task_group']) retrieved from /home/airflow/.local/lib/python3.8/site-packages/airflow/example_dags/example_task_group.py
[2024-03-26T06:29:50.439+0000] {logging_mixin.py:151} INFO - [2024-03-26T06:29:50.439+0000] {dag.py:2915} INFO - Sync 1 DAGs
[2024-03-26T06:29:50.469+0000] {logging_mixin.py:151} INFO - [2024-03-26T06:29:50.469+0000] {dag.py:3696} INFO - Setting next_dagrun for example_task_group to 2024-03-25T06:29:50.469171+00:00, run_after=2024-03-26T06:29:50.469171+00:00
[2024-03-26T06:29:50.493+0000] {processor.py:179} INFO - Processing /home/airflow/.local/lib/python3.8/site-packages/airflow/example_dags/example_task_group.py took 0.100 seconds
[2024-03-26T06:30:20.646+0000] {processor.py:157} INFO - Started process (PID=2196) to work on /home/airflow/.local/lib/python3.8/site-packages/airflow/example_dags/example_task_group.py
[2024-03-26T06:30:20.647+0000] {processor.py:829} INFO - Processing file /home/airflow/.local/lib/python3.8/site-packages/airflow/example_dags/example_task_group.py for tasks to queue
[2024-03-26T06:30:20.650+0000] {logging_mixin.py:151} INFO - [2024-03-26T06:30:20.650+0000] {dagbag.py:539} INFO - Filling up the DagBag from /home/airflow/.local/lib/python3.8/site-packages/airflow/example_dags/example_task_group.py
[2024-03-26T06:30:20.661+0000] {processor.py:839} INFO - DAG(s) dict_keys(['example_task_group']) retrieved from /home/airflow/.local/lib/python3.8/site-packages/airflow/example_dags/example_task_group.py
[2024-03-26T06:30:20.688+0000] {logging_mixin.py:151} INFO - [2024-03-26T06:30:20.688+0000] {dag.py:2915} INFO - Sync 1 DAGs
[2024-03-26T06:30:20.718+0000] {logging_mixin.py:151} INFO - [2024-03-26T06:30:20.718+0000] {dag.py:3696} INFO - Setting next_dagrun for example_task_group to 2024-03-25T06:30:20.718105+00:00, run_after=2024-03-26T06:30:20.718105+00:00
[2024-03-26T06:30:20.742+0000] {processor.py:179} INFO - Processing /home/airflow/.local/lib/python3.8/site-packages/airflow/example_dags/example_task_group.py took 0.101 seconds
[2024-03-26T06:30:50.917+0000] {processor.py:157} INFO - Started process (PID=2250) to work on /home/airflow/.local/lib/python3.8/site-packages/airflow/example_dags/example_task_group.py
[2024-03-26T06:30:50.919+0000] {processor.py:829} INFO - Processing file /home/airflow/.local/lib/python3.8/site-packages/airflow/example_dags/example_task_group.py for tasks to queue
[2024-03-26T06:30:50.921+0000] {logging_mixin.py:151} INFO - [2024-03-26T06:30:50.921+0000] {dagbag.py:539} INFO - Filling up the DagBag from /home/airflow/.local/lib/python3.8/site-packages/airflow/example_dags/example_task_group.py
[2024-03-26T06:30:50.930+0000] {processor.py:839} INFO - DAG(s) dict_keys(['example_task_group']) retrieved from /home/airflow/.local/lib/python3.8/site-packages/airflow/example_dags/example_task_group.py
[2024-03-26T06:30:50.959+0000] {logging_mixin.py:151} INFO - [2024-03-26T06:30:50.959+0000] {dag.py:2915} INFO - Sync 1 DAGs
[2024-03-26T06:30:50.987+0000] {logging_mixin.py:151} INFO - [2024-03-26T06:30:50.987+0000] {dag.py:3696} INFO - Setting next_dagrun for example_task_group to 2024-03-25T06:30:50.986983+00:00, run_after=2024-03-26T06:30:50.986983+00:00
[2024-03-26T06:30:51.010+0000] {processor.py:179} INFO - Processing /home/airflow/.local/lib/python3.8/site-packages/airflow/example_dags/example_task_group.py took 0.096 seconds
[2024-03-26T06:31:21.176+0000] {processor.py:157} INFO - Started process (PID=2304) to work on /home/airflow/.local/lib/python3.8/site-packages/airflow/example_dags/example_task_group.py
[2024-03-26T06:31:21.178+0000] {processor.py:829} INFO - Processing file /home/airflow/.local/lib/python3.8/site-packages/airflow/example_dags/example_task_group.py for tasks to queue
[2024-03-26T06:31:21.181+0000] {logging_mixin.py:151} INFO - [2024-03-26T06:31:21.181+0000] {dagbag.py:539} INFO - Filling up the DagBag from /home/airflow/.local/lib/python3.8/site-packages/airflow/example_dags/example_task_group.py
[2024-03-26T06:31:21.193+0000] {processor.py:839} INFO - DAG(s) dict_keys(['example_task_group']) retrieved from /home/airflow/.local/lib/python3.8/site-packages/airflow/example_dags/example_task_group.py
[2024-03-26T06:31:21.222+0000] {logging_mixin.py:151} INFO - [2024-03-26T06:31:21.222+0000] {dag.py:2915} INFO - Sync 1 DAGs
[2024-03-26T06:31:21.251+0000] {logging_mixin.py:151} INFO - [2024-03-26T06:31:21.250+0000] {dag.py:3696} INFO - Setting next_dagrun for example_task_group to 2024-03-25T06:31:21.250621+00:00, run_after=2024-03-26T06:31:21.250621+00:00
[2024-03-26T06:31:21.273+0000] {processor.py:179} INFO - Processing /home/airflow/.local/lib/python3.8/site-packages/airflow/example_dags/example_task_group.py took 0.102 seconds
[2024-03-26T06:31:51.439+0000] {processor.py:157} INFO - Started process (PID=2358) to work on /home/airflow/.local/lib/python3.8/site-packages/airflow/example_dags/example_task_group.py
[2024-03-26T06:31:51.441+0000] {processor.py:829} INFO - Processing file /home/airflow/.local/lib/python3.8/site-packages/airflow/example_dags/example_task_group.py for tasks to queue
[2024-03-26T06:31:51.444+0000] {logging_mixin.py:151} INFO - [2024-03-26T06:31:51.443+0000] {dagbag.py:539} INFO - Filling up the DagBag from /home/airflow/.local/lib/python3.8/site-packages/airflow/example_dags/example_task_group.py
[2024-03-26T06:31:51.453+0000] {processor.py:839} INFO - DAG(s) dict_keys(['example_task_group']) retrieved from /home/airflow/.local/lib/python3.8/site-packages/airflow/example_dags/example_task_group.py
[2024-03-26T06:31:51.480+0000] {logging_mixin.py:151} INFO - [2024-03-26T06:31:51.479+0000] {dag.py:2915} INFO - Sync 1 DAGs
[2024-03-26T06:31:51.512+0000] {logging_mixin.py:151} INFO - [2024-03-26T06:31:51.512+0000] {dag.py:3696} INFO - Setting next_dagrun for example_task_group to 2024-03-25T06:31:51.512055+00:00, run_after=2024-03-26T06:31:51.512055+00:00
[2024-03-26T06:31:51.536+0000] {processor.py:179} INFO - Processing /home/airflow/.local/lib/python3.8/site-packages/airflow/example_dags/example_task_group.py took 0.102 seconds
[2024-03-26T06:32:21.740+0000] {processor.py:157} INFO - Started process (PID=2412) to work on /home/airflow/.local/lib/python3.8/site-packages/airflow/example_dags/example_task_group.py
[2024-03-26T06:32:21.742+0000] {processor.py:829} INFO - Processing file /home/airflow/.local/lib/python3.8/site-packages/airflow/example_dags/example_task_group.py for tasks to queue
[2024-03-26T06:32:21.745+0000] {logging_mixin.py:151} INFO - [2024-03-26T06:32:21.744+0000] {dagbag.py:539} INFO - Filling up the DagBag from /home/airflow/.local/lib/python3.8/site-packages/airflow/example_dags/example_task_group.py
[2024-03-26T06:32:21.753+0000] {processor.py:839} INFO - DAG(s) dict_keys(['example_task_group']) retrieved from /home/airflow/.local/lib/python3.8/site-packages/airflow/example_dags/example_task_group.py
[2024-03-26T06:32:21.782+0000] {logging_mixin.py:151} INFO - [2024-03-26T06:32:21.782+0000] {dag.py:2915} INFO - Sync 1 DAGs
[2024-03-26T06:32:21.815+0000] {logging_mixin.py:151} INFO - [2024-03-26T06:32:21.814+0000] {dag.py:3696} INFO - Setting next_dagrun for example_task_group to 2024-03-25T06:32:21.814597+00:00, run_after=2024-03-26T06:32:21.814597+00:00
[2024-03-26T06:32:21.844+0000] {processor.py:179} INFO - Processing /home/airflow/.local/lib/python3.8/site-packages/airflow/example_dags/example_task_group.py took 0.108 seconds
[2024-03-26T06:32:52.249+0000] {processor.py:157} INFO - Started process (PID=2466) to work on /home/airflow/.local/lib/python3.8/site-packages/airflow/example_dags/example_task_group.py
[2024-03-26T06:32:52.251+0000] {processor.py:829} INFO - Processing file /home/airflow/.local/lib/python3.8/site-packages/airflow/example_dags/example_task_group.py for tasks to queue
[2024-03-26T06:32:52.254+0000] {logging_mixin.py:151} INFO - [2024-03-26T06:32:52.253+0000] {dagbag.py:539} INFO - Filling up the DagBag from /home/airflow/.local/lib/python3.8/site-packages/airflow/example_dags/example_task_group.py
[2024-03-26T06:32:52.262+0000] {processor.py:839} INFO - DAG(s) dict_keys(['example_task_group']) retrieved from /home/airflow/.local/lib/python3.8/site-packages/airflow/example_dags/example_task_group.py
[2024-03-26T06:32:52.289+0000] {logging_mixin.py:151} INFO - [2024-03-26T06:32:52.288+0000] {dag.py:2915} INFO - Sync 1 DAGs
[2024-03-26T06:32:52.314+0000] {logging_mixin.py:151} INFO - [2024-03-26T06:32:52.314+0000] {dag.py:3696} INFO - Setting next_dagrun for example_task_group to 2024-03-25T06:32:52.314138+00:00, run_after=2024-03-26T06:32:52.314138+00:00
[2024-03-26T06:32:52.339+0000] {processor.py:179} INFO - Processing /home/airflow/.local/lib/python3.8/site-packages/airflow/example_dags/example_task_group.py took 0.095 seconds
[2024-03-26T06:33:22.623+0000] {processor.py:157} INFO - Started process (PID=2520) to work on /home/airflow/.local/lib/python3.8/site-packages/airflow/example_dags/example_task_group.py
[2024-03-26T06:33:22.624+0000] {processor.py:829} INFO - Processing file /home/airflow/.local/lib/python3.8/site-packages/airflow/example_dags/example_task_group.py for tasks to queue
[2024-03-26T06:33:22.628+0000] {logging_mixin.py:151} INFO - [2024-03-26T06:33:22.628+0000] {dagbag.py:539} INFO - Filling up the DagBag from /home/airflow/.local/lib/python3.8/site-packages/airflow/example_dags/example_task_group.py
[2024-03-26T06:33:22.639+0000] {processor.py:839} INFO - DAG(s) dict_keys(['example_task_group']) retrieved from /home/airflow/.local/lib/python3.8/site-packages/airflow/example_dags/example_task_group.py
[2024-03-26T06:33:22.671+0000] {logging_mixin.py:151} INFO - [2024-03-26T06:33:22.671+0000] {dag.py:2915} INFO - Sync 1 DAGs
[2024-03-26T06:33:22.706+0000] {logging_mixin.py:151} INFO - [2024-03-26T06:33:22.705+0000] {dag.py:3696} INFO - Setting next_dagrun for example_task_group to 2024-03-25T06:33:22.705452+00:00, run_after=2024-03-26T06:33:22.705452+00:00
[2024-03-26T06:33:22.741+0000] {processor.py:179} INFO - Processing /home/airflow/.local/lib/python3.8/site-packages/airflow/example_dags/example_task_group.py took 0.122 seconds
[2024-03-26T06:33:53.549+0000] {processor.py:157} INFO - Started process (PID=2574) to work on /home/airflow/.local/lib/python3.8/site-packages/airflow/example_dags/example_task_group.py
[2024-03-26T06:33:53.550+0000] {processor.py:829} INFO - Processing file /home/airflow/.local/lib/python3.8/site-packages/airflow/example_dags/example_task_group.py for tasks to queue
[2024-03-26T06:33:53.553+0000] {logging_mixin.py:151} INFO - [2024-03-26T06:33:53.553+0000] {dagbag.py:539} INFO - Filling up the DagBag from /home/airflow/.local/lib/python3.8/site-packages/airflow/example_dags/example_task_group.py
[2024-03-26T06:33:53.566+0000] {processor.py:839} INFO - DAG(s) dict_keys(['example_task_group']) retrieved from /home/airflow/.local/lib/python3.8/site-packages/airflow/example_dags/example_task_group.py
[2024-03-26T06:33:53.611+0000] {logging_mixin.py:151} INFO - [2024-03-26T06:33:53.610+0000] {dag.py:2915} INFO - Sync 1 DAGs
[2024-03-26T06:33:53.665+0000] {logging_mixin.py:151} INFO - [2024-03-26T06:33:53.665+0000] {dag.py:3696} INFO - Setting next_dagrun for example_task_group to 2024-03-25T06:33:53.665180+00:00, run_after=2024-03-26T06:33:53.665180+00:00
[2024-03-26T06:33:53.706+0000] {processor.py:179} INFO - Processing /home/airflow/.local/lib/python3.8/site-packages/airflow/example_dags/example_task_group.py took 0.162 seconds
