[2024-03-26T06:04:12.631+0000] {processor.py:157} INFO - Started process (PID=72) to work on /home/airflow/.local/lib/python3.8/site-packages/airflow/example_dags/example_branch_datetime_operator.py
[2024-03-26T06:04:12.632+0000] {processor.py:829} INFO - Processing file /home/airflow/.local/lib/python3.8/site-packages/airflow/example_dags/example_branch_datetime_operator.py for tasks to queue
[2024-03-26T06:04:12.636+0000] {logging_mixin.py:151} INFO - [2024-03-26T06:04:12.636+0000] {dagbag.py:539} INFO - Filling up the DagBag from /home/airflow/.local/lib/python3.8/site-packages/airflow/example_dags/example_branch_datetime_operator.py
[2024-03-26T06:04:12.655+0000] {processor.py:839} INFO - DAG(s) dict_keys(['example_branch_datetime_operator_3', 'example_branch_datetime_operator_2', 'example_branch_datetime_operator']) retrieved from /home/airflow/.local/lib/python3.8/site-packages/airflow/example_dags/example_branch_datetime_operator.py
[2024-03-26T06:04:12.827+0000] {logging_mixin.py:151} INFO - [2024-03-26T06:04:12.827+0000] {manager.py:499} INFO - Created Permission View: %s
[2024-03-26T06:04:12.844+0000] {logging_mixin.py:151} INFO - [2024-03-26T06:04:12.843+0000] {manager.py:499} INFO - Created Permission View: %s
[2024-03-26T06:04:12.857+0000] {logging_mixin.py:151} INFO - [2024-03-26T06:04:12.856+0000] {manager.py:499} INFO - Created Permission View: %s
[2024-03-26T06:04:12.858+0000] {logging_mixin.py:151} INFO - [2024-03-26T06:04:12.857+0000] {security.py:708} INFO - Not syncing DAG-level permissions for DAG 'DAG:example_branch_datetime_operator_3' as access control is unset.
[2024-03-26T06:04:12.885+0000] {logging_mixin.py:151} INFO - [2024-03-26T06:04:12.885+0000] {manager.py:499} INFO - Created Permission View: %s
[2024-03-26T06:04:12.898+0000] {logging_mixin.py:151} INFO - [2024-03-26T06:04:12.898+0000] {manager.py:499} INFO - Created Permission View: %s
[2024-03-26T06:04:12.912+0000] {logging_mixin.py:151} INFO - [2024-03-26T06:04:12.911+0000] {manager.py:499} INFO - Created Permission View: %s
[2024-03-26T06:04:12.913+0000] {logging_mixin.py:151} INFO - [2024-03-26T06:04:12.912+0000] {security.py:708} INFO - Not syncing DAG-level permissions for DAG 'DAG:example_branch_datetime_operator_2' as access control is unset.
[2024-03-26T06:04:12.935+0000] {logging_mixin.py:151} INFO - [2024-03-26T06:04:12.935+0000] {manager.py:499} INFO - Created Permission View: %s
[2024-03-26T06:04:12.948+0000] {logging_mixin.py:151} INFO - [2024-03-26T06:04:12.947+0000] {manager.py:499} INFO - Created Permission View: %s
[2024-03-26T06:04:12.962+0000] {logging_mixin.py:151} INFO - [2024-03-26T06:04:12.961+0000] {manager.py:499} INFO - Created Permission View: %s
[2024-03-26T06:04:12.963+0000] {logging_mixin.py:151} INFO - [2024-03-26T06:04:12.962+0000] {security.py:708} INFO - Not syncing DAG-level permissions for DAG 'DAG:example_branch_datetime_operator' as access control is unset.
[2024-03-26T06:04:12.963+0000] {logging_mixin.py:151} INFO - [2024-03-26T06:04:12.963+0000] {dag.py:2915} INFO - Sync 3 DAGs
[2024-03-26T06:04:12.982+0000] {logging_mixin.py:151} INFO - [2024-03-26T06:04:12.982+0000] {dag.py:2937} INFO - Creating ORM DAG for example_branch_datetime_operator_3
[2024-03-26T06:04:12.983+0000] {logging_mixin.py:151} INFO - [2024-03-26T06:04:12.983+0000] {dag.py:2937} INFO - Creating ORM DAG for example_branch_datetime_operator_2
[2024-03-26T06:04:12.985+0000] {logging_mixin.py:151} INFO - [2024-03-26T06:04:12.985+0000] {dag.py:2937} INFO - Creating ORM DAG for example_branch_datetime_operator
[2024-03-26T06:04:13.005+0000] {logging_mixin.py:151} INFO - [2024-03-26T06:04:13.004+0000] {dag.py:3696} INFO - Setting next_dagrun for example_branch_datetime_operator to 2024-03-25T00:00:00+00:00, run_after=2024-03-26T00:00:00+00:00
[2024-03-26T06:04:13.008+0000] {logging_mixin.py:151} INFO - [2024-03-26T06:04:13.008+0000] {dag.py:3696} INFO - Setting next_dagrun for example_branch_datetime_operator_2 to 2024-03-25T00:00:00+00:00, run_after=2024-03-26T00:00:00+00:00
[2024-03-26T06:04:13.011+0000] {logging_mixin.py:151} INFO - [2024-03-26T06:04:13.011+0000] {dag.py:3696} INFO - Setting next_dagrun for example_branch_datetime_operator_3 to 2024-03-25T00:00:00+00:00, run_after=2024-03-26T00:00:00+00:00
[2024-03-26T06:04:13.044+0000] {processor.py:179} INFO - Processing /home/airflow/.local/lib/python3.8/site-packages/airflow/example_dags/example_branch_datetime_operator.py took 0.418 seconds
[2024-03-26T06:04:44.514+0000] {processor.py:157} INFO - Started process (PID=126) to work on /home/airflow/.local/lib/python3.8/site-packages/airflow/example_dags/example_branch_datetime_operator.py
[2024-03-26T06:04:44.516+0000] {processor.py:829} INFO - Processing file /home/airflow/.local/lib/python3.8/site-packages/airflow/example_dags/example_branch_datetime_operator.py for tasks to queue
[2024-03-26T06:04:44.519+0000] {logging_mixin.py:151} INFO - [2024-03-26T06:04:44.519+0000] {dagbag.py:539} INFO - Filling up the DagBag from /home/airflow/.local/lib/python3.8/site-packages/airflow/example_dags/example_branch_datetime_operator.py
[2024-03-26T06:04:44.535+0000] {processor.py:839} INFO - DAG(s) dict_keys(['example_branch_datetime_operator', 'example_branch_datetime_operator_2', 'example_branch_datetime_operator_3']) retrieved from /home/airflow/.local/lib/python3.8/site-packages/airflow/example_dags/example_branch_datetime_operator.py
[2024-03-26T06:04:44.584+0000] {logging_mixin.py:151} INFO - [2024-03-26T06:04:44.583+0000] {dag.py:2915} INFO - Sync 3 DAGs
[2024-03-26T06:04:44.620+0000] {logging_mixin.py:151} INFO - [2024-03-26T06:04:44.620+0000] {dag.py:3696} INFO - Setting next_dagrun for example_branch_datetime_operator to 2024-03-25T00:00:00+00:00, run_after=2024-03-26T00:00:00+00:00
[2024-03-26T06:04:44.627+0000] {logging_mixin.py:151} INFO - [2024-03-26T06:04:44.627+0000] {dag.py:3696} INFO - Setting next_dagrun for example_branch_datetime_operator_2 to 2024-03-25T00:00:00+00:00, run_after=2024-03-26T00:00:00+00:00
[2024-03-26T06:04:44.631+0000] {logging_mixin.py:151} INFO - [2024-03-26T06:04:44.631+0000] {dag.py:3696} INFO - Setting next_dagrun for example_branch_datetime_operator_3 to 2024-03-25T00:00:00+00:00, run_after=2024-03-26T00:00:00+00:00
[2024-03-26T06:04:44.661+0000] {processor.py:179} INFO - Processing /home/airflow/.local/lib/python3.8/site-packages/airflow/example_dags/example_branch_datetime_operator.py took 0.150 seconds
[2024-03-26T06:05:15.944+0000] {processor.py:157} INFO - Started process (PID=180) to work on /home/airflow/.local/lib/python3.8/site-packages/airflow/example_dags/example_branch_datetime_operator.py
[2024-03-26T06:05:15.985+0000] {processor.py:829} INFO - Processing file /home/airflow/.local/lib/python3.8/site-packages/airflow/example_dags/example_branch_datetime_operator.py for tasks to queue
[2024-03-26T06:05:15.989+0000] {logging_mixin.py:151} INFO - [2024-03-26T06:05:15.988+0000] {dagbag.py:539} INFO - Filling up the DagBag from /home/airflow/.local/lib/python3.8/site-packages/airflow/example_dags/example_branch_datetime_operator.py
[2024-03-26T06:05:16.019+0000] {processor.py:839} INFO - DAG(s) dict_keys(['example_branch_datetime_operator_3', 'example_branch_datetime_operator', 'example_branch_datetime_operator_2']) retrieved from /home/airflow/.local/lib/python3.8/site-packages/airflow/example_dags/example_branch_datetime_operator.py
[2024-03-26T06:05:16.072+0000] {logging_mixin.py:151} INFO - [2024-03-26T06:05:16.071+0000] {dag.py:2915} INFO - Sync 3 DAGs
[2024-03-26T06:05:16.122+0000] {logging_mixin.py:151} INFO - [2024-03-26T06:05:16.122+0000] {dag.py:3696} INFO - Setting next_dagrun for example_branch_datetime_operator to 2024-03-25T00:00:00+00:00, run_after=2024-03-26T00:00:00+00:00
[2024-03-26T06:05:16.132+0000] {logging_mixin.py:151} INFO - [2024-03-26T06:05:16.131+0000] {dag.py:3696} INFO - Setting next_dagrun for example_branch_datetime_operator_2 to 2024-03-25T00:00:00+00:00, run_after=2024-03-26T00:00:00+00:00
[2024-03-26T06:05:16.136+0000] {logging_mixin.py:151} INFO - [2024-03-26T06:05:16.135+0000] {dag.py:3696} INFO - Setting next_dagrun for example_branch_datetime_operator_3 to 2024-03-25T00:00:00+00:00, run_after=2024-03-26T00:00:00+00:00
[2024-03-26T06:05:16.171+0000] {processor.py:179} INFO - Processing /home/airflow/.local/lib/python3.8/site-packages/airflow/example_dags/example_branch_datetime_operator.py took 0.233 seconds
[2024-03-26T06:05:48.043+0000] {processor.py:157} INFO - Started process (PID=234) to work on /home/airflow/.local/lib/python3.8/site-packages/airflow/example_dags/example_branch_datetime_operator.py
[2024-03-26T06:05:48.044+0000] {processor.py:829} INFO - Processing file /home/airflow/.local/lib/python3.8/site-packages/airflow/example_dags/example_branch_datetime_operator.py for tasks to queue
[2024-03-26T06:05:48.049+0000] {logging_mixin.py:151} INFO - [2024-03-26T06:05:48.048+0000] {dagbag.py:539} INFO - Filling up the DagBag from /home/airflow/.local/lib/python3.8/site-packages/airflow/example_dags/example_branch_datetime_operator.py
[2024-03-26T06:05:48.067+0000] {processor.py:839} INFO - DAG(s) dict_keys(['example_branch_datetime_operator_2', 'example_branch_datetime_operator_3', 'example_branch_datetime_operator']) retrieved from /home/airflow/.local/lib/python3.8/site-packages/airflow/example_dags/example_branch_datetime_operator.py
[2024-03-26T06:05:48.111+0000] {logging_mixin.py:151} INFO - [2024-03-26T06:05:48.110+0000] {dag.py:2915} INFO - Sync 3 DAGs
[2024-03-26T06:05:48.148+0000] {logging_mixin.py:151} INFO - [2024-03-26T06:05:48.148+0000] {dag.py:3696} INFO - Setting next_dagrun for example_branch_datetime_operator to 2024-03-25T00:00:00+00:00, run_after=2024-03-26T00:00:00+00:00
[2024-03-26T06:05:48.156+0000] {logging_mixin.py:151} INFO - [2024-03-26T06:05:48.155+0000] {dag.py:3696} INFO - Setting next_dagrun for example_branch_datetime_operator_2 to 2024-03-25T00:00:00+00:00, run_after=2024-03-26T00:00:00+00:00
[2024-03-26T06:05:48.162+0000] {logging_mixin.py:151} INFO - [2024-03-26T06:05:48.161+0000] {dag.py:3696} INFO - Setting next_dagrun for example_branch_datetime_operator_3 to 2024-03-25T00:00:00+00:00, run_after=2024-03-26T00:00:00+00:00
[2024-03-26T06:05:48.195+0000] {processor.py:179} INFO - Processing /home/airflow/.local/lib/python3.8/site-packages/airflow/example_dags/example_branch_datetime_operator.py took 0.158 seconds
[2024-03-26T06:06:20.369+0000] {processor.py:157} INFO - Started process (PID=295) to work on /home/airflow/.local/lib/python3.8/site-packages/airflow/example_dags/example_branch_datetime_operator.py
[2024-03-26T06:06:20.371+0000] {processor.py:829} INFO - Processing file /home/airflow/.local/lib/python3.8/site-packages/airflow/example_dags/example_branch_datetime_operator.py for tasks to queue
[2024-03-26T06:06:20.376+0000] {logging_mixin.py:151} INFO - [2024-03-26T06:06:20.376+0000] {dagbag.py:539} INFO - Filling up the DagBag from /home/airflow/.local/lib/python3.8/site-packages/airflow/example_dags/example_branch_datetime_operator.py
[2024-03-26T06:06:20.394+0000] {processor.py:839} INFO - DAG(s) dict_keys(['example_branch_datetime_operator_2', 'example_branch_datetime_operator_3', 'example_branch_datetime_operator']) retrieved from /home/airflow/.local/lib/python3.8/site-packages/airflow/example_dags/example_branch_datetime_operator.py
[2024-03-26T06:06:20.451+0000] {logging_mixin.py:151} INFO - [2024-03-26T06:06:20.451+0000] {dag.py:2915} INFO - Sync 3 DAGs
[2024-03-26T06:06:20.494+0000] {logging_mixin.py:151} INFO - [2024-03-26T06:06:20.493+0000] {dag.py:3696} INFO - Setting next_dagrun for example_branch_datetime_operator to 2024-03-25T00:00:00+00:00, run_after=2024-03-26T00:00:00+00:00
[2024-03-26T06:06:20.504+0000] {logging_mixin.py:151} INFO - [2024-03-26T06:06:20.504+0000] {dag.py:3696} INFO - Setting next_dagrun for example_branch_datetime_operator_2 to 2024-03-25T00:00:00+00:00, run_after=2024-03-26T00:00:00+00:00
[2024-03-26T06:06:20.510+0000] {logging_mixin.py:151} INFO - [2024-03-26T06:06:20.510+0000] {dag.py:3696} INFO - Setting next_dagrun for example_branch_datetime_operator_3 to 2024-03-25T00:00:00+00:00, run_after=2024-03-26T00:00:00+00:00
[2024-03-26T06:06:20.546+0000] {processor.py:179} INFO - Processing /home/airflow/.local/lib/python3.8/site-packages/airflow/example_dags/example_branch_datetime_operator.py took 0.182 seconds
[2024-03-26T06:06:53.238+0000] {processor.py:157} INFO - Started process (PID=349) to work on /home/airflow/.local/lib/python3.8/site-packages/airflow/example_dags/example_branch_datetime_operator.py
[2024-03-26T06:06:53.241+0000] {processor.py:829} INFO - Processing file /home/airflow/.local/lib/python3.8/site-packages/airflow/example_dags/example_branch_datetime_operator.py for tasks to queue
[2024-03-26T06:06:53.245+0000] {logging_mixin.py:151} INFO - [2024-03-26T06:06:53.244+0000] {dagbag.py:539} INFO - Filling up the DagBag from /home/airflow/.local/lib/python3.8/site-packages/airflow/example_dags/example_branch_datetime_operator.py
[2024-03-26T06:06:53.263+0000] {processor.py:839} INFO - DAG(s) dict_keys(['example_branch_datetime_operator_2', 'example_branch_datetime_operator_3', 'example_branch_datetime_operator']) retrieved from /home/airflow/.local/lib/python3.8/site-packages/airflow/example_dags/example_branch_datetime_operator.py
[2024-03-26T06:06:53.309+0000] {logging_mixin.py:151} INFO - [2024-03-26T06:06:53.309+0000] {dag.py:2915} INFO - Sync 3 DAGs
[2024-03-26T06:06:53.351+0000] {logging_mixin.py:151} INFO - [2024-03-26T06:06:53.350+0000] {dag.py:3696} INFO - Setting next_dagrun for example_branch_datetime_operator to 2024-03-25T00:00:00+00:00, run_after=2024-03-26T00:00:00+00:00
[2024-03-26T06:06:53.361+0000] {logging_mixin.py:151} INFO - [2024-03-26T06:06:53.361+0000] {dag.py:3696} INFO - Setting next_dagrun for example_branch_datetime_operator_2 to 2024-03-25T00:00:00+00:00, run_after=2024-03-26T00:00:00+00:00
[2024-03-26T06:06:53.367+0000] {logging_mixin.py:151} INFO - [2024-03-26T06:06:53.366+0000] {dag.py:3696} INFO - Setting next_dagrun for example_branch_datetime_operator_3 to 2024-03-25T00:00:00+00:00, run_after=2024-03-26T00:00:00+00:00
[2024-03-26T06:06:53.401+0000] {processor.py:179} INFO - Processing /home/airflow/.local/lib/python3.8/site-packages/airflow/example_dags/example_branch_datetime_operator.py took 0.168 seconds
[2024-03-26T06:07:25.402+0000] {processor.py:157} INFO - Started process (PID=403) to work on /home/airflow/.local/lib/python3.8/site-packages/airflow/example_dags/example_branch_datetime_operator.py
[2024-03-26T06:07:25.404+0000] {processor.py:829} INFO - Processing file /home/airflow/.local/lib/python3.8/site-packages/airflow/example_dags/example_branch_datetime_operator.py for tasks to queue
[2024-03-26T06:07:25.408+0000] {logging_mixin.py:151} INFO - [2024-03-26T06:07:25.407+0000] {dagbag.py:539} INFO - Filling up the DagBag from /home/airflow/.local/lib/python3.8/site-packages/airflow/example_dags/example_branch_datetime_operator.py
[2024-03-26T06:07:25.424+0000] {processor.py:839} INFO - DAG(s) dict_keys(['example_branch_datetime_operator_2', 'example_branch_datetime_operator_3', 'example_branch_datetime_operator']) retrieved from /home/airflow/.local/lib/python3.8/site-packages/airflow/example_dags/example_branch_datetime_operator.py
[2024-03-26T06:07:25.467+0000] {logging_mixin.py:151} INFO - [2024-03-26T06:07:25.466+0000] {dag.py:2915} INFO - Sync 3 DAGs
[2024-03-26T06:07:25.501+0000] {logging_mixin.py:151} INFO - [2024-03-26T06:07:25.501+0000] {dag.py:3696} INFO - Setting next_dagrun for example_branch_datetime_operator to 2024-03-25T00:00:00+00:00, run_after=2024-03-26T00:00:00+00:00
[2024-03-26T06:07:25.508+0000] {logging_mixin.py:151} INFO - [2024-03-26T06:07:25.508+0000] {dag.py:3696} INFO - Setting next_dagrun for example_branch_datetime_operator_2 to 2024-03-25T00:00:00+00:00, run_after=2024-03-26T00:00:00+00:00
[2024-03-26T06:07:25.514+0000] {logging_mixin.py:151} INFO - [2024-03-26T06:07:25.514+0000] {dag.py:3696} INFO - Setting next_dagrun for example_branch_datetime_operator_3 to 2024-03-25T00:00:00+00:00, run_after=2024-03-26T00:00:00+00:00
[2024-03-26T06:07:25.542+0000] {processor.py:179} INFO - Processing /home/airflow/.local/lib/python3.8/site-packages/airflow/example_dags/example_branch_datetime_operator.py took 0.145 seconds
[2024-03-26T06:07:55.961+0000] {processor.py:157} INFO - Started process (PID=457) to work on /home/airflow/.local/lib/python3.8/site-packages/airflow/example_dags/example_branch_datetime_operator.py
[2024-03-26T06:07:55.963+0000] {processor.py:829} INFO - Processing file /home/airflow/.local/lib/python3.8/site-packages/airflow/example_dags/example_branch_datetime_operator.py for tasks to queue
[2024-03-26T06:07:55.966+0000] {logging_mixin.py:151} INFO - [2024-03-26T06:07:55.966+0000] {dagbag.py:539} INFO - Filling up the DagBag from /home/airflow/.local/lib/python3.8/site-packages/airflow/example_dags/example_branch_datetime_operator.py
[2024-03-26T06:07:55.979+0000] {processor.py:839} INFO - DAG(s) dict_keys(['example_branch_datetime_operator_2', 'example_branch_datetime_operator', 'example_branch_datetime_operator_3']) retrieved from /home/airflow/.local/lib/python3.8/site-packages/airflow/example_dags/example_branch_datetime_operator.py
[2024-03-26T06:07:56.012+0000] {logging_mixin.py:151} INFO - [2024-03-26T06:07:56.012+0000] {dag.py:2915} INFO - Sync 3 DAGs
[2024-03-26T06:07:56.042+0000] {logging_mixin.py:151} INFO - [2024-03-26T06:07:56.042+0000] {dag.py:3696} INFO - Setting next_dagrun for example_branch_datetime_operator to 2024-03-25T00:00:00+00:00, run_after=2024-03-26T00:00:00+00:00
[2024-03-26T06:07:56.050+0000] {logging_mixin.py:151} INFO - [2024-03-26T06:07:56.050+0000] {dag.py:3696} INFO - Setting next_dagrun for example_branch_datetime_operator_2 to 2024-03-25T00:00:00+00:00, run_after=2024-03-26T00:00:00+00:00
[2024-03-26T06:07:56.054+0000] {logging_mixin.py:151} INFO - [2024-03-26T06:07:56.054+0000] {dag.py:3696} INFO - Setting next_dagrun for example_branch_datetime_operator_3 to 2024-03-25T00:00:00+00:00, run_after=2024-03-26T00:00:00+00:00
[2024-03-26T06:07:56.077+0000] {processor.py:179} INFO - Processing /home/airflow/.local/lib/python3.8/site-packages/airflow/example_dags/example_branch_datetime_operator.py took 0.119 seconds
[2024-03-26T06:08:26.895+0000] {processor.py:157} INFO - Started process (PID=511) to work on /home/airflow/.local/lib/python3.8/site-packages/airflow/example_dags/example_branch_datetime_operator.py
[2024-03-26T06:08:26.896+0000] {processor.py:829} INFO - Processing file /home/airflow/.local/lib/python3.8/site-packages/airflow/example_dags/example_branch_datetime_operator.py for tasks to queue
[2024-03-26T06:08:26.899+0000] {logging_mixin.py:151} INFO - [2024-03-26T06:08:26.899+0000] {dagbag.py:539} INFO - Filling up the DagBag from /home/airflow/.local/lib/python3.8/site-packages/airflow/example_dags/example_branch_datetime_operator.py
[2024-03-26T06:08:26.919+0000] {processor.py:839} INFO - DAG(s) dict_keys(['example_branch_datetime_operator_2', 'example_branch_datetime_operator_3', 'example_branch_datetime_operator']) retrieved from /home/airflow/.local/lib/python3.8/site-packages/airflow/example_dags/example_branch_datetime_operator.py
[2024-03-26T06:08:26.962+0000] {logging_mixin.py:151} INFO - [2024-03-26T06:08:26.961+0000] {dag.py:2915} INFO - Sync 3 DAGs
[2024-03-26T06:08:26.994+0000] {logging_mixin.py:151} INFO - [2024-03-26T06:08:26.993+0000] {dag.py:3696} INFO - Setting next_dagrun for example_branch_datetime_operator to 2024-03-25T00:00:00+00:00, run_after=2024-03-26T00:00:00+00:00
[2024-03-26T06:08:27.001+0000] {logging_mixin.py:151} INFO - [2024-03-26T06:08:27.001+0000] {dag.py:3696} INFO - Setting next_dagrun for example_branch_datetime_operator_2 to 2024-03-25T00:00:00+00:00, run_after=2024-03-26T00:00:00+00:00
[2024-03-26T06:08:27.007+0000] {logging_mixin.py:151} INFO - [2024-03-26T06:08:27.007+0000] {dag.py:3696} INFO - Setting next_dagrun for example_branch_datetime_operator_3 to 2024-03-25T00:00:00+00:00, run_after=2024-03-26T00:00:00+00:00
[2024-03-26T06:08:27.031+0000] {processor.py:179} INFO - Processing /home/airflow/.local/lib/python3.8/site-packages/airflow/example_dags/example_branch_datetime_operator.py took 0.140 seconds
[2024-03-26T06:08:57.294+0000] {processor.py:157} INFO - Started process (PID=565) to work on /home/airflow/.local/lib/python3.8/site-packages/airflow/example_dags/example_branch_datetime_operator.py
[2024-03-26T06:08:57.295+0000] {processor.py:829} INFO - Processing file /home/airflow/.local/lib/python3.8/site-packages/airflow/example_dags/example_branch_datetime_operator.py for tasks to queue
[2024-03-26T06:08:57.298+0000] {logging_mixin.py:151} INFO - [2024-03-26T06:08:57.297+0000] {dagbag.py:539} INFO - Filling up the DagBag from /home/airflow/.local/lib/python3.8/site-packages/airflow/example_dags/example_branch_datetime_operator.py
[2024-03-26T06:08:57.309+0000] {processor.py:839} INFO - DAG(s) dict_keys(['example_branch_datetime_operator_3', 'example_branch_datetime_operator', 'example_branch_datetime_operator_2']) retrieved from /home/airflow/.local/lib/python3.8/site-packages/airflow/example_dags/example_branch_datetime_operator.py
[2024-03-26T06:08:57.341+0000] {logging_mixin.py:151} INFO - [2024-03-26T06:08:57.341+0000] {dag.py:2915} INFO - Sync 3 DAGs
[2024-03-26T06:08:57.368+0000] {logging_mixin.py:151} INFO - [2024-03-26T06:08:57.368+0000] {dag.py:3696} INFO - Setting next_dagrun for example_branch_datetime_operator to 2024-03-25T00:00:00+00:00, run_after=2024-03-26T00:00:00+00:00
[2024-03-26T06:08:57.374+0000] {logging_mixin.py:151} INFO - [2024-03-26T06:08:57.373+0000] {dag.py:3696} INFO - Setting next_dagrun for example_branch_datetime_operator_2 to 2024-03-25T00:00:00+00:00, run_after=2024-03-26T00:00:00+00:00
[2024-03-26T06:08:57.377+0000] {logging_mixin.py:151} INFO - [2024-03-26T06:08:57.377+0000] {dag.py:3696} INFO - Setting next_dagrun for example_branch_datetime_operator_3 to 2024-03-25T00:00:00+00:00, run_after=2024-03-26T00:00:00+00:00
[2024-03-26T06:08:57.397+0000] {processor.py:179} INFO - Processing /home/airflow/.local/lib/python3.8/site-packages/airflow/example_dags/example_branch_datetime_operator.py took 0.107 seconds
[2024-03-26T06:09:28.388+0000] {processor.py:157} INFO - Started process (PID=619) to work on /home/airflow/.local/lib/python3.8/site-packages/airflow/example_dags/example_branch_datetime_operator.py
[2024-03-26T06:09:28.390+0000] {processor.py:829} INFO - Processing file /home/airflow/.local/lib/python3.8/site-packages/airflow/example_dags/example_branch_datetime_operator.py for tasks to queue
[2024-03-26T06:09:28.393+0000] {logging_mixin.py:151} INFO - [2024-03-26T06:09:28.392+0000] {dagbag.py:539} INFO - Filling up the DagBag from /home/airflow/.local/lib/python3.8/site-packages/airflow/example_dags/example_branch_datetime_operator.py
[2024-03-26T06:09:28.412+0000] {processor.py:839} INFO - DAG(s) dict_keys(['example_branch_datetime_operator_3', 'example_branch_datetime_operator_2', 'example_branch_datetime_operator']) retrieved from /home/airflow/.local/lib/python3.8/site-packages/airflow/example_dags/example_branch_datetime_operator.py
[2024-03-26T06:09:28.456+0000] {logging_mixin.py:151} INFO - [2024-03-26T06:09:28.456+0000] {dag.py:2915} INFO - Sync 3 DAGs
[2024-03-26T06:09:28.492+0000] {logging_mixin.py:151} INFO - [2024-03-26T06:09:28.492+0000] {dag.py:3696} INFO - Setting next_dagrun for example_branch_datetime_operator to 2024-03-25T00:00:00+00:00, run_after=2024-03-26T00:00:00+00:00
[2024-03-26T06:09:28.499+0000] {logging_mixin.py:151} INFO - [2024-03-26T06:09:28.499+0000] {dag.py:3696} INFO - Setting next_dagrun for example_branch_datetime_operator_2 to 2024-03-25T00:00:00+00:00, run_after=2024-03-26T00:00:00+00:00
[2024-03-26T06:09:28.505+0000] {logging_mixin.py:151} INFO - [2024-03-26T06:09:28.505+0000] {dag.py:3696} INFO - Setting next_dagrun for example_branch_datetime_operator_3 to 2024-03-25T00:00:00+00:00, run_after=2024-03-26T00:00:00+00:00
[2024-03-26T06:09:28.529+0000] {processor.py:179} INFO - Processing /home/airflow/.local/lib/python3.8/site-packages/airflow/example_dags/example_branch_datetime_operator.py took 0.146 seconds
[2024-03-26T06:09:59.126+0000] {processor.py:157} INFO - Started process (PID=673) to work on /home/airflow/.local/lib/python3.8/site-packages/airflow/example_dags/example_branch_datetime_operator.py
[2024-03-26T06:09:59.127+0000] {processor.py:829} INFO - Processing file /home/airflow/.local/lib/python3.8/site-packages/airflow/example_dags/example_branch_datetime_operator.py for tasks to queue
[2024-03-26T06:09:59.130+0000] {logging_mixin.py:151} INFO - [2024-03-26T06:09:59.130+0000] {dagbag.py:539} INFO - Filling up the DagBag from /home/airflow/.local/lib/python3.8/site-packages/airflow/example_dags/example_branch_datetime_operator.py
[2024-03-26T06:09:59.141+0000] {processor.py:839} INFO - DAG(s) dict_keys(['example_branch_datetime_operator', 'example_branch_datetime_operator_2', 'example_branch_datetime_operator_3']) retrieved from /home/airflow/.local/lib/python3.8/site-packages/airflow/example_dags/example_branch_datetime_operator.py
[2024-03-26T06:09:59.172+0000] {logging_mixin.py:151} INFO - [2024-03-26T06:09:59.172+0000] {dag.py:2915} INFO - Sync 3 DAGs
[2024-03-26T06:09:59.198+0000] {logging_mixin.py:151} INFO - [2024-03-26T06:09:59.198+0000] {dag.py:3696} INFO - Setting next_dagrun for example_branch_datetime_operator to 2024-03-25T00:00:00+00:00, run_after=2024-03-26T00:00:00+00:00
[2024-03-26T06:09:59.204+0000] {logging_mixin.py:151} INFO - [2024-03-26T06:09:59.204+0000] {dag.py:3696} INFO - Setting next_dagrun for example_branch_datetime_operator_2 to 2024-03-25T00:00:00+00:00, run_after=2024-03-26T00:00:00+00:00
[2024-03-26T06:09:59.207+0000] {logging_mixin.py:151} INFO - [2024-03-26T06:09:59.207+0000] {dag.py:3696} INFO - Setting next_dagrun for example_branch_datetime_operator_3 to 2024-03-25T00:00:00+00:00, run_after=2024-03-26T00:00:00+00:00
[2024-03-26T06:09:59.237+0000] {processor.py:179} INFO - Processing /home/airflow/.local/lib/python3.8/site-packages/airflow/example_dags/example_branch_datetime_operator.py took 0.115 seconds
[2024-03-26T06:10:29.830+0000] {processor.py:157} INFO - Started process (PID=727) to work on /home/airflow/.local/lib/python3.8/site-packages/airflow/example_dags/example_branch_datetime_operator.py
[2024-03-26T06:10:29.832+0000] {processor.py:829} INFO - Processing file /home/airflow/.local/lib/python3.8/site-packages/airflow/example_dags/example_branch_datetime_operator.py for tasks to queue
[2024-03-26T06:10:29.836+0000] {logging_mixin.py:151} INFO - [2024-03-26T06:10:29.836+0000] {dagbag.py:539} INFO - Filling up the DagBag from /home/airflow/.local/lib/python3.8/site-packages/airflow/example_dags/example_branch_datetime_operator.py
[2024-03-26T06:10:29.847+0000] {processor.py:839} INFO - DAG(s) dict_keys(['example_branch_datetime_operator_2', 'example_branch_datetime_operator_3', 'example_branch_datetime_operator']) retrieved from /home/airflow/.local/lib/python3.8/site-packages/airflow/example_dags/example_branch_datetime_operator.py
[2024-03-26T06:10:29.881+0000] {logging_mixin.py:151} INFO - [2024-03-26T06:10:29.881+0000] {dag.py:2915} INFO - Sync 3 DAGs
[2024-03-26T06:10:29.907+0000] {logging_mixin.py:151} INFO - [2024-03-26T06:10:29.907+0000] {dag.py:3696} INFO - Setting next_dagrun for example_branch_datetime_operator to 2024-03-25T00:00:00+00:00, run_after=2024-03-26T00:00:00+00:00
[2024-03-26T06:10:29.915+0000] {logging_mixin.py:151} INFO - [2024-03-26T06:10:29.915+0000] {dag.py:3696} INFO - Setting next_dagrun for example_branch_datetime_operator_2 to 2024-03-25T00:00:00+00:00, run_after=2024-03-26T00:00:00+00:00
[2024-03-26T06:10:29.919+0000] {logging_mixin.py:151} INFO - [2024-03-26T06:10:29.919+0000] {dag.py:3696} INFO - Setting next_dagrun for example_branch_datetime_operator_3 to 2024-03-25T00:00:00+00:00, run_after=2024-03-26T00:00:00+00:00
[2024-03-26T06:10:29.940+0000] {processor.py:179} INFO - Processing /home/airflow/.local/lib/python3.8/site-packages/airflow/example_dags/example_branch_datetime_operator.py took 0.115 seconds
[2024-03-26T06:11:00.204+0000] {processor.py:157} INFO - Started process (PID=781) to work on /home/airflow/.local/lib/python3.8/site-packages/airflow/example_dags/example_branch_datetime_operator.py
[2024-03-26T06:11:00.205+0000] {processor.py:829} INFO - Processing file /home/airflow/.local/lib/python3.8/site-packages/airflow/example_dags/example_branch_datetime_operator.py for tasks to queue
[2024-03-26T06:11:00.208+0000] {logging_mixin.py:151} INFO - [2024-03-26T06:11:00.208+0000] {dagbag.py:539} INFO - Filling up the DagBag from /home/airflow/.local/lib/python3.8/site-packages/airflow/example_dags/example_branch_datetime_operator.py
[2024-03-26T06:11:00.220+0000] {processor.py:839} INFO - DAG(s) dict_keys(['example_branch_datetime_operator_2', 'example_branch_datetime_operator_3', 'example_branch_datetime_operator']) retrieved from /home/airflow/.local/lib/python3.8/site-packages/airflow/example_dags/example_branch_datetime_operator.py
[2024-03-26T06:11:00.254+0000] {logging_mixin.py:151} INFO - [2024-03-26T06:11:00.254+0000] {dag.py:2915} INFO - Sync 3 DAGs
[2024-03-26T06:11:00.283+0000] {logging_mixin.py:151} INFO - [2024-03-26T06:11:00.283+0000] {dag.py:3696} INFO - Setting next_dagrun for example_branch_datetime_operator to 2024-03-25T00:00:00+00:00, run_after=2024-03-26T00:00:00+00:00
[2024-03-26T06:11:00.291+0000] {logging_mixin.py:151} INFO - [2024-03-26T06:11:00.290+0000] {dag.py:3696} INFO - Setting next_dagrun for example_branch_datetime_operator_2 to 2024-03-25T00:00:00+00:00, run_after=2024-03-26T00:00:00+00:00
[2024-03-26T06:11:00.295+0000] {logging_mixin.py:151} INFO - [2024-03-26T06:11:00.295+0000] {dag.py:3696} INFO - Setting next_dagrun for example_branch_datetime_operator_3 to 2024-03-25T00:00:00+00:00, run_after=2024-03-26T00:00:00+00:00
[2024-03-26T06:11:00.319+0000] {processor.py:179} INFO - Processing /home/airflow/.local/lib/python3.8/site-packages/airflow/example_dags/example_branch_datetime_operator.py took 0.119 seconds
[2024-03-26T06:11:31.027+0000] {processor.py:157} INFO - Started process (PID=835) to work on /home/airflow/.local/lib/python3.8/site-packages/airflow/example_dags/example_branch_datetime_operator.py
[2024-03-26T06:11:31.030+0000] {processor.py:829} INFO - Processing file /home/airflow/.local/lib/python3.8/site-packages/airflow/example_dags/example_branch_datetime_operator.py for tasks to queue
[2024-03-26T06:11:31.032+0000] {logging_mixin.py:151} INFO - [2024-03-26T06:11:31.032+0000] {dagbag.py:539} INFO - Filling up the DagBag from /home/airflow/.local/lib/python3.8/site-packages/airflow/example_dags/example_branch_datetime_operator.py
[2024-03-26T06:11:31.044+0000] {processor.py:839} INFO - DAG(s) dict_keys(['example_branch_datetime_operator_3', 'example_branch_datetime_operator_2', 'example_branch_datetime_operator']) retrieved from /home/airflow/.local/lib/python3.8/site-packages/airflow/example_dags/example_branch_datetime_operator.py
[2024-03-26T06:11:31.080+0000] {logging_mixin.py:151} INFO - [2024-03-26T06:11:31.080+0000] {dag.py:2915} INFO - Sync 3 DAGs
[2024-03-26T06:11:31.105+0000] {logging_mixin.py:151} INFO - [2024-03-26T06:11:31.105+0000] {dag.py:3696} INFO - Setting next_dagrun for example_branch_datetime_operator to 2024-03-25T00:00:00+00:00, run_after=2024-03-26T00:00:00+00:00
[2024-03-26T06:11:31.111+0000] {logging_mixin.py:151} INFO - [2024-03-26T06:11:31.111+0000] {dag.py:3696} INFO - Setting next_dagrun for example_branch_datetime_operator_2 to 2024-03-25T00:00:00+00:00, run_after=2024-03-26T00:00:00+00:00
[2024-03-26T06:11:31.115+0000] {logging_mixin.py:151} INFO - [2024-03-26T06:11:31.115+0000] {dag.py:3696} INFO - Setting next_dagrun for example_branch_datetime_operator_3 to 2024-03-25T00:00:00+00:00, run_after=2024-03-26T00:00:00+00:00
[2024-03-26T06:11:31.140+0000] {processor.py:179} INFO - Processing /home/airflow/.local/lib/python3.8/site-packages/airflow/example_dags/example_branch_datetime_operator.py took 0.116 seconds
[2024-03-26T06:12:02.068+0000] {processor.py:157} INFO - Started process (PID=889) to work on /home/airflow/.local/lib/python3.8/site-packages/airflow/example_dags/example_branch_datetime_operator.py
[2024-03-26T06:12:02.069+0000] {processor.py:829} INFO - Processing file /home/airflow/.local/lib/python3.8/site-packages/airflow/example_dags/example_branch_datetime_operator.py for tasks to queue
[2024-03-26T06:12:02.073+0000] {logging_mixin.py:151} INFO - [2024-03-26T06:12:02.072+0000] {dagbag.py:539} INFO - Filling up the DagBag from /home/airflow/.local/lib/python3.8/site-packages/airflow/example_dags/example_branch_datetime_operator.py
[2024-03-26T06:12:02.085+0000] {processor.py:839} INFO - DAG(s) dict_keys(['example_branch_datetime_operator_2', 'example_branch_datetime_operator_3', 'example_branch_datetime_operator']) retrieved from /home/airflow/.local/lib/python3.8/site-packages/airflow/example_dags/example_branch_datetime_operator.py
[2024-03-26T06:12:02.118+0000] {logging_mixin.py:151} INFO - [2024-03-26T06:12:02.118+0000] {dag.py:2915} INFO - Sync 3 DAGs
[2024-03-26T06:12:02.151+0000] {logging_mixin.py:151} INFO - [2024-03-26T06:12:02.150+0000] {dag.py:3696} INFO - Setting next_dagrun for example_branch_datetime_operator to 2024-03-25T00:00:00+00:00, run_after=2024-03-26T00:00:00+00:00
[2024-03-26T06:12:02.159+0000] {logging_mixin.py:151} INFO - [2024-03-26T06:12:02.159+0000] {dag.py:3696} INFO - Setting next_dagrun for example_branch_datetime_operator_2 to 2024-03-25T00:00:00+00:00, run_after=2024-03-26T00:00:00+00:00
[2024-03-26T06:12:02.164+0000] {logging_mixin.py:151} INFO - [2024-03-26T06:12:02.163+0000] {dag.py:3696} INFO - Setting next_dagrun for example_branch_datetime_operator_3 to 2024-03-25T00:00:00+00:00, run_after=2024-03-26T00:00:00+00:00
[2024-03-26T06:12:02.184+0000] {processor.py:179} INFO - Processing /home/airflow/.local/lib/python3.8/site-packages/airflow/example_dags/example_branch_datetime_operator.py took 0.121 seconds
[2024-03-26T06:12:32.693+0000] {processor.py:157} INFO - Started process (PID=943) to work on /home/airflow/.local/lib/python3.8/site-packages/airflow/example_dags/example_branch_datetime_operator.py
[2024-03-26T06:12:32.695+0000] {processor.py:829} INFO - Processing file /home/airflow/.local/lib/python3.8/site-packages/airflow/example_dags/example_branch_datetime_operator.py for tasks to queue
[2024-03-26T06:12:32.698+0000] {logging_mixin.py:151} INFO - [2024-03-26T06:12:32.697+0000] {dagbag.py:539} INFO - Filling up the DagBag from /home/airflow/.local/lib/python3.8/site-packages/airflow/example_dags/example_branch_datetime_operator.py
[2024-03-26T06:12:32.709+0000] {processor.py:839} INFO - DAG(s) dict_keys(['example_branch_datetime_operator_3', 'example_branch_datetime_operator_2', 'example_branch_datetime_operator']) retrieved from /home/airflow/.local/lib/python3.8/site-packages/airflow/example_dags/example_branch_datetime_operator.py
[2024-03-26T06:12:32.742+0000] {logging_mixin.py:151} INFO - [2024-03-26T06:12:32.742+0000] {dag.py:2915} INFO - Sync 3 DAGs
[2024-03-26T06:12:32.767+0000] {logging_mixin.py:151} INFO - [2024-03-26T06:12:32.767+0000] {dag.py:3696} INFO - Setting next_dagrun for example_branch_datetime_operator to 2024-03-25T00:00:00+00:00, run_after=2024-03-26T00:00:00+00:00
[2024-03-26T06:12:32.774+0000] {logging_mixin.py:151} INFO - [2024-03-26T06:12:32.773+0000] {dag.py:3696} INFO - Setting next_dagrun for example_branch_datetime_operator_2 to 2024-03-25T00:00:00+00:00, run_after=2024-03-26T00:00:00+00:00
[2024-03-26T06:12:32.777+0000] {logging_mixin.py:151} INFO - [2024-03-26T06:12:32.777+0000] {dag.py:3696} INFO - Setting next_dagrun for example_branch_datetime_operator_3 to 2024-03-25T00:00:00+00:00, run_after=2024-03-26T00:00:00+00:00
[2024-03-26T06:12:32.798+0000] {processor.py:179} INFO - Processing /home/airflow/.local/lib/python3.8/site-packages/airflow/example_dags/example_branch_datetime_operator.py took 0.109 seconds
[2024-03-26T06:19:10.184+0000] {processor.py:157} INFO - Started process (PID=1021) to work on /home/airflow/.local/lib/python3.8/site-packages/airflow/example_dags/example_branch_datetime_operator.py
[2024-03-26T06:19:10.186+0000] {processor.py:829} INFO - Processing file /home/airflow/.local/lib/python3.8/site-packages/airflow/example_dags/example_branch_datetime_operator.py for tasks to queue
[2024-03-26T06:19:10.198+0000] {logging_mixin.py:151} INFO - [2024-03-26T06:19:10.197+0000] {dagbag.py:539} INFO - Filling up the DagBag from /home/airflow/.local/lib/python3.8/site-packages/airflow/example_dags/example_branch_datetime_operator.py
[2024-03-26T06:19:10.220+0000] {processor.py:839} INFO - DAG(s) dict_keys(['example_branch_datetime_operator', 'example_branch_datetime_operator_3', 'example_branch_datetime_operator_2']) retrieved from /home/airflow/.local/lib/python3.8/site-packages/airflow/example_dags/example_branch_datetime_operator.py
[2024-03-26T06:19:10.271+0000] {logging_mixin.py:151} INFO - [2024-03-26T06:19:10.270+0000] {dag.py:2915} INFO - Sync 3 DAGs
[2024-03-26T06:19:10.316+0000] {logging_mixin.py:151} INFO - [2024-03-26T06:19:10.316+0000] {dag.py:3696} INFO - Setting next_dagrun for example_branch_datetime_operator to 2024-03-25T00:00:00+00:00, run_after=2024-03-26T00:00:00+00:00
[2024-03-26T06:19:10.325+0000] {logging_mixin.py:151} INFO - [2024-03-26T06:19:10.325+0000] {dag.py:3696} INFO - Setting next_dagrun for example_branch_datetime_operator_2 to 2024-03-25T00:00:00+00:00, run_after=2024-03-26T00:00:00+00:00
[2024-03-26T06:19:10.332+0000] {logging_mixin.py:151} INFO - [2024-03-26T06:19:10.331+0000] {dag.py:3696} INFO - Setting next_dagrun for example_branch_datetime_operator_3 to 2024-03-25T00:00:00+00:00, run_after=2024-03-26T00:00:00+00:00
[2024-03-26T06:19:10.367+0000] {processor.py:179} INFO - Processing /home/airflow/.local/lib/python3.8/site-packages/airflow/example_dags/example_branch_datetime_operator.py took 0.189 seconds
[2024-03-26T06:19:40.676+0000] {processor.py:157} INFO - Started process (PID=1075) to work on /home/airflow/.local/lib/python3.8/site-packages/airflow/example_dags/example_branch_datetime_operator.py
[2024-03-26T06:19:40.678+0000] {processor.py:829} INFO - Processing file /home/airflow/.local/lib/python3.8/site-packages/airflow/example_dags/example_branch_datetime_operator.py for tasks to queue
[2024-03-26T06:19:40.681+0000] {logging_mixin.py:151} INFO - [2024-03-26T06:19:40.681+0000] {dagbag.py:539} INFO - Filling up the DagBag from /home/airflow/.local/lib/python3.8/site-packages/airflow/example_dags/example_branch_datetime_operator.py
[2024-03-26T06:19:40.697+0000] {processor.py:839} INFO - DAG(s) dict_keys(['example_branch_datetime_operator_2', 'example_branch_datetime_operator', 'example_branch_datetime_operator_3']) retrieved from /home/airflow/.local/lib/python3.8/site-packages/airflow/example_dags/example_branch_datetime_operator.py
[2024-03-26T06:19:40.739+0000] {logging_mixin.py:151} INFO - [2024-03-26T06:19:40.739+0000] {dag.py:2915} INFO - Sync 3 DAGs
[2024-03-26T06:19:40.775+0000] {logging_mixin.py:151} INFO - [2024-03-26T06:19:40.775+0000] {dag.py:3696} INFO - Setting next_dagrun for example_branch_datetime_operator to 2024-03-25T00:00:00+00:00, run_after=2024-03-26T00:00:00+00:00
[2024-03-26T06:19:40.784+0000] {logging_mixin.py:151} INFO - [2024-03-26T06:19:40.783+0000] {dag.py:3696} INFO - Setting next_dagrun for example_branch_datetime_operator_2 to 2024-03-25T00:00:00+00:00, run_after=2024-03-26T00:00:00+00:00
[2024-03-26T06:19:40.788+0000] {logging_mixin.py:151} INFO - [2024-03-26T06:19:40.788+0000] {dag.py:3696} INFO - Setting next_dagrun for example_branch_datetime_operator_3 to 2024-03-25T00:00:00+00:00, run_after=2024-03-26T00:00:00+00:00
[2024-03-26T06:19:40.812+0000] {processor.py:179} INFO - Processing /home/airflow/.local/lib/python3.8/site-packages/airflow/example_dags/example_branch_datetime_operator.py took 0.139 seconds
[2024-03-26T06:20:11.409+0000] {processor.py:157} INFO - Started process (PID=1129) to work on /home/airflow/.local/lib/python3.8/site-packages/airflow/example_dags/example_branch_datetime_operator.py
[2024-03-26T06:20:11.410+0000] {processor.py:829} INFO - Processing file /home/airflow/.local/lib/python3.8/site-packages/airflow/example_dags/example_branch_datetime_operator.py for tasks to queue
[2024-03-26T06:20:11.413+0000] {logging_mixin.py:151} INFO - [2024-03-26T06:20:11.413+0000] {dagbag.py:539} INFO - Filling up the DagBag from /home/airflow/.local/lib/python3.8/site-packages/airflow/example_dags/example_branch_datetime_operator.py
[2024-03-26T06:20:11.425+0000] {processor.py:839} INFO - DAG(s) dict_keys(['example_branch_datetime_operator', 'example_branch_datetime_operator_3', 'example_branch_datetime_operator_2']) retrieved from /home/airflow/.local/lib/python3.8/site-packages/airflow/example_dags/example_branch_datetime_operator.py
[2024-03-26T06:20:11.460+0000] {logging_mixin.py:151} INFO - [2024-03-26T06:20:11.460+0000] {dag.py:2915} INFO - Sync 3 DAGs
[2024-03-26T06:20:11.491+0000] {logging_mixin.py:151} INFO - [2024-03-26T06:20:11.490+0000] {dag.py:3696} INFO - Setting next_dagrun for example_branch_datetime_operator to 2024-03-25T00:00:00+00:00, run_after=2024-03-26T00:00:00+00:00
[2024-03-26T06:20:11.497+0000] {logging_mixin.py:151} INFO - [2024-03-26T06:20:11.496+0000] {dag.py:3696} INFO - Setting next_dagrun for example_branch_datetime_operator_2 to 2024-03-25T00:00:00+00:00, run_after=2024-03-26T00:00:00+00:00
[2024-03-26T06:20:11.500+0000] {logging_mixin.py:151} INFO - [2024-03-26T06:20:11.500+0000] {dag.py:3696} INFO - Setting next_dagrun for example_branch_datetime_operator_3 to 2024-03-25T00:00:00+00:00, run_after=2024-03-26T00:00:00+00:00
[2024-03-26T06:20:11.520+0000] {processor.py:179} INFO - Processing /home/airflow/.local/lib/python3.8/site-packages/airflow/example_dags/example_branch_datetime_operator.py took 0.115 seconds
[2024-03-26T06:20:41.823+0000] {processor.py:157} INFO - Started process (PID=1183) to work on /home/airflow/.local/lib/python3.8/site-packages/airflow/example_dags/example_branch_datetime_operator.py
[2024-03-26T06:20:41.825+0000] {processor.py:829} INFO - Processing file /home/airflow/.local/lib/python3.8/site-packages/airflow/example_dags/example_branch_datetime_operator.py for tasks to queue
[2024-03-26T06:20:41.829+0000] {logging_mixin.py:151} INFO - [2024-03-26T06:20:41.828+0000] {dagbag.py:539} INFO - Filling up the DagBag from /home/airflow/.local/lib/python3.8/site-packages/airflow/example_dags/example_branch_datetime_operator.py
[2024-03-26T06:20:41.841+0000] {processor.py:839} INFO - DAG(s) dict_keys(['example_branch_datetime_operator', 'example_branch_datetime_operator_2', 'example_branch_datetime_operator_3']) retrieved from /home/airflow/.local/lib/python3.8/site-packages/airflow/example_dags/example_branch_datetime_operator.py
[2024-03-26T06:20:41.877+0000] {logging_mixin.py:151} INFO - [2024-03-26T06:20:41.876+0000] {dag.py:2915} INFO - Sync 3 DAGs
[2024-03-26T06:20:41.902+0000] {logging_mixin.py:151} INFO - [2024-03-26T06:20:41.902+0000] {dag.py:3696} INFO - Setting next_dagrun for example_branch_datetime_operator to 2024-03-25T00:00:00+00:00, run_after=2024-03-26T00:00:00+00:00
[2024-03-26T06:20:41.908+0000] {logging_mixin.py:151} INFO - [2024-03-26T06:20:41.908+0000] {dag.py:3696} INFO - Setting next_dagrun for example_branch_datetime_operator_2 to 2024-03-25T00:00:00+00:00, run_after=2024-03-26T00:00:00+00:00
[2024-03-26T06:20:41.911+0000] {logging_mixin.py:151} INFO - [2024-03-26T06:20:41.911+0000] {dag.py:3696} INFO - Setting next_dagrun for example_branch_datetime_operator_3 to 2024-03-25T00:00:00+00:00, run_after=2024-03-26T00:00:00+00:00
[2024-03-26T06:20:41.936+0000] {processor.py:179} INFO - Processing /home/airflow/.local/lib/python3.8/site-packages/airflow/example_dags/example_branch_datetime_operator.py took 0.117 seconds
[2024-03-26T06:21:12.289+0000] {processor.py:157} INFO - Started process (PID=1236) to work on /home/airflow/.local/lib/python3.8/site-packages/airflow/example_dags/example_branch_datetime_operator.py
[2024-03-26T06:21:12.291+0000] {processor.py:829} INFO - Processing file /home/airflow/.local/lib/python3.8/site-packages/airflow/example_dags/example_branch_datetime_operator.py for tasks to queue
[2024-03-26T06:21:12.295+0000] {logging_mixin.py:151} INFO - [2024-03-26T06:21:12.295+0000] {dagbag.py:539} INFO - Filling up the DagBag from /home/airflow/.local/lib/python3.8/site-packages/airflow/example_dags/example_branch_datetime_operator.py
[2024-03-26T06:21:12.306+0000] {processor.py:839} INFO - DAG(s) dict_keys(['example_branch_datetime_operator_3', 'example_branch_datetime_operator', 'example_branch_datetime_operator_2']) retrieved from /home/airflow/.local/lib/python3.8/site-packages/airflow/example_dags/example_branch_datetime_operator.py
[2024-03-26T06:21:12.339+0000] {logging_mixin.py:151} INFO - [2024-03-26T06:21:12.339+0000] {dag.py:2915} INFO - Sync 3 DAGs
[2024-03-26T06:21:12.368+0000] {logging_mixin.py:151} INFO - [2024-03-26T06:21:12.368+0000] {dag.py:3696} INFO - Setting next_dagrun for example_branch_datetime_operator to 2024-03-25T00:00:00+00:00, run_after=2024-03-26T00:00:00+00:00
[2024-03-26T06:21:12.375+0000] {logging_mixin.py:151} INFO - [2024-03-26T06:21:12.375+0000] {dag.py:3696} INFO - Setting next_dagrun for example_branch_datetime_operator_2 to 2024-03-25T00:00:00+00:00, run_after=2024-03-26T00:00:00+00:00
[2024-03-26T06:21:12.378+0000] {logging_mixin.py:151} INFO - [2024-03-26T06:21:12.378+0000] {dag.py:3696} INFO - Setting next_dagrun for example_branch_datetime_operator_3 to 2024-03-25T00:00:00+00:00, run_after=2024-03-26T00:00:00+00:00
[2024-03-26T06:21:12.408+0000] {processor.py:179} INFO - Processing /home/airflow/.local/lib/python3.8/site-packages/airflow/example_dags/example_branch_datetime_operator.py took 0.122 seconds
[2024-03-26T06:21:43.160+0000] {processor.py:157} INFO - Started process (PID=1291) to work on /home/airflow/.local/lib/python3.8/site-packages/airflow/example_dags/example_branch_datetime_operator.py
[2024-03-26T06:21:43.162+0000] {processor.py:829} INFO - Processing file /home/airflow/.local/lib/python3.8/site-packages/airflow/example_dags/example_branch_datetime_operator.py for tasks to queue
[2024-03-26T06:21:43.165+0000] {logging_mixin.py:151} INFO - [2024-03-26T06:21:43.164+0000] {dagbag.py:539} INFO - Filling up the DagBag from /home/airflow/.local/lib/python3.8/site-packages/airflow/example_dags/example_branch_datetime_operator.py
[2024-03-26T06:21:43.176+0000] {processor.py:839} INFO - DAG(s) dict_keys(['example_branch_datetime_operator_3', 'example_branch_datetime_operator_2', 'example_branch_datetime_operator']) retrieved from /home/airflow/.local/lib/python3.8/site-packages/airflow/example_dags/example_branch_datetime_operator.py
[2024-03-26T06:21:43.209+0000] {logging_mixin.py:151} INFO - [2024-03-26T06:21:43.209+0000] {dag.py:2915} INFO - Sync 3 DAGs
[2024-03-26T06:21:43.236+0000] {logging_mixin.py:151} INFO - [2024-03-26T06:21:43.236+0000] {dag.py:3696} INFO - Setting next_dagrun for example_branch_datetime_operator to 2024-03-25T00:00:00+00:00, run_after=2024-03-26T00:00:00+00:00
[2024-03-26T06:21:43.242+0000] {logging_mixin.py:151} INFO - [2024-03-26T06:21:43.242+0000] {dag.py:3696} INFO - Setting next_dagrun for example_branch_datetime_operator_2 to 2024-03-25T00:00:00+00:00, run_after=2024-03-26T00:00:00+00:00
[2024-03-26T06:21:43.246+0000] {logging_mixin.py:151} INFO - [2024-03-26T06:21:43.246+0000] {dag.py:3696} INFO - Setting next_dagrun for example_branch_datetime_operator_3 to 2024-03-25T00:00:00+00:00, run_after=2024-03-26T00:00:00+00:00
[2024-03-26T06:21:43.273+0000] {processor.py:179} INFO - Processing /home/airflow/.local/lib/python3.8/site-packages/airflow/example_dags/example_branch_datetime_operator.py took 0.116 seconds
[2024-03-26T06:22:13.876+0000] {processor.py:157} INFO - Started process (PID=1345) to work on /home/airflow/.local/lib/python3.8/site-packages/airflow/example_dags/example_branch_datetime_operator.py
[2024-03-26T06:22:13.877+0000] {processor.py:829} INFO - Processing file /home/airflow/.local/lib/python3.8/site-packages/airflow/example_dags/example_branch_datetime_operator.py for tasks to queue
[2024-03-26T06:22:13.880+0000] {logging_mixin.py:151} INFO - [2024-03-26T06:22:13.880+0000] {dagbag.py:539} INFO - Filling up the DagBag from /home/airflow/.local/lib/python3.8/site-packages/airflow/example_dags/example_branch_datetime_operator.py
[2024-03-26T06:22:13.892+0000] {processor.py:839} INFO - DAG(s) dict_keys(['example_branch_datetime_operator_2', 'example_branch_datetime_operator_3', 'example_branch_datetime_operator']) retrieved from /home/airflow/.local/lib/python3.8/site-packages/airflow/example_dags/example_branch_datetime_operator.py
[2024-03-26T06:22:13.928+0000] {logging_mixin.py:151} INFO - [2024-03-26T06:22:13.928+0000] {dag.py:2915} INFO - Sync 3 DAGs
[2024-03-26T06:22:13.964+0000] {logging_mixin.py:151} INFO - [2024-03-26T06:22:13.964+0000] {dag.py:3696} INFO - Setting next_dagrun for example_branch_datetime_operator to 2024-03-25T00:00:00+00:00, run_after=2024-03-26T00:00:00+00:00
[2024-03-26T06:22:13.971+0000] {logging_mixin.py:151} INFO - [2024-03-26T06:22:13.971+0000] {dag.py:3696} INFO - Setting next_dagrun for example_branch_datetime_operator_2 to 2024-03-25T00:00:00+00:00, run_after=2024-03-26T00:00:00+00:00
[2024-03-26T06:22:13.975+0000] {logging_mixin.py:151} INFO - [2024-03-26T06:22:13.975+0000] {dag.py:3696} INFO - Setting next_dagrun for example_branch_datetime_operator_3 to 2024-03-25T00:00:00+00:00, run_after=2024-03-26T00:00:00+00:00
[2024-03-26T06:22:13.995+0000] {processor.py:179} INFO - Processing /home/airflow/.local/lib/python3.8/site-packages/airflow/example_dags/example_branch_datetime_operator.py took 0.123 seconds
[2024-03-26T06:22:44.606+0000] {processor.py:157} INFO - Started process (PID=1399) to work on /home/airflow/.local/lib/python3.8/site-packages/airflow/example_dags/example_branch_datetime_operator.py
[2024-03-26T06:22:44.608+0000] {processor.py:829} INFO - Processing file /home/airflow/.local/lib/python3.8/site-packages/airflow/example_dags/example_branch_datetime_operator.py for tasks to queue
[2024-03-26T06:22:44.611+0000] {logging_mixin.py:151} INFO - [2024-03-26T06:22:44.610+0000] {dagbag.py:539} INFO - Filling up the DagBag from /home/airflow/.local/lib/python3.8/site-packages/airflow/example_dags/example_branch_datetime_operator.py
[2024-03-26T06:22:44.624+0000] {processor.py:839} INFO - DAG(s) dict_keys(['example_branch_datetime_operator_2', 'example_branch_datetime_operator_3', 'example_branch_datetime_operator']) retrieved from /home/airflow/.local/lib/python3.8/site-packages/airflow/example_dags/example_branch_datetime_operator.py
[2024-03-26T06:22:44.659+0000] {logging_mixin.py:151} INFO - [2024-03-26T06:22:44.658+0000] {dag.py:2915} INFO - Sync 3 DAGs
[2024-03-26T06:22:44.687+0000] {logging_mixin.py:151} INFO - [2024-03-26T06:22:44.686+0000] {dag.py:3696} INFO - Setting next_dagrun for example_branch_datetime_operator to 2024-03-25T00:00:00+00:00, run_after=2024-03-26T00:00:00+00:00
[2024-03-26T06:22:44.694+0000] {logging_mixin.py:151} INFO - [2024-03-26T06:22:44.694+0000] {dag.py:3696} INFO - Setting next_dagrun for example_branch_datetime_operator_2 to 2024-03-25T00:00:00+00:00, run_after=2024-03-26T00:00:00+00:00
[2024-03-26T06:22:44.697+0000] {logging_mixin.py:151} INFO - [2024-03-26T06:22:44.697+0000] {dag.py:3696} INFO - Setting next_dagrun for example_branch_datetime_operator_3 to 2024-03-25T00:00:00+00:00, run_after=2024-03-26T00:00:00+00:00
[2024-03-26T06:22:44.718+0000] {processor.py:179} INFO - Processing /home/airflow/.local/lib/python3.8/site-packages/airflow/example_dags/example_branch_datetime_operator.py took 0.115 seconds
[2024-03-26T06:23:15.134+0000] {processor.py:157} INFO - Started process (PID=1453) to work on /home/airflow/.local/lib/python3.8/site-packages/airflow/example_dags/example_branch_datetime_operator.py
[2024-03-26T06:23:15.135+0000] {processor.py:829} INFO - Processing file /home/airflow/.local/lib/python3.8/site-packages/airflow/example_dags/example_branch_datetime_operator.py for tasks to queue
[2024-03-26T06:23:15.139+0000] {logging_mixin.py:151} INFO - [2024-03-26T06:23:15.138+0000] {dagbag.py:539} INFO - Filling up the DagBag from /home/airflow/.local/lib/python3.8/site-packages/airflow/example_dags/example_branch_datetime_operator.py
[2024-03-26T06:23:15.151+0000] {processor.py:839} INFO - DAG(s) dict_keys(['example_branch_datetime_operator', 'example_branch_datetime_operator_2', 'example_branch_datetime_operator_3']) retrieved from /home/airflow/.local/lib/python3.8/site-packages/airflow/example_dags/example_branch_datetime_operator.py
[2024-03-26T06:23:15.187+0000] {logging_mixin.py:151} INFO - [2024-03-26T06:23:15.187+0000] {dag.py:2915} INFO - Sync 3 DAGs
[2024-03-26T06:23:15.219+0000] {logging_mixin.py:151} INFO - [2024-03-26T06:23:15.219+0000] {dag.py:3696} INFO - Setting next_dagrun for example_branch_datetime_operator to 2024-03-25T00:00:00+00:00, run_after=2024-03-26T00:00:00+00:00
[2024-03-26T06:23:15.226+0000] {logging_mixin.py:151} INFO - [2024-03-26T06:23:15.226+0000] {dag.py:3696} INFO - Setting next_dagrun for example_branch_datetime_operator_2 to 2024-03-25T00:00:00+00:00, run_after=2024-03-26T00:00:00+00:00
[2024-03-26T06:23:15.229+0000] {logging_mixin.py:151} INFO - [2024-03-26T06:23:15.229+0000] {dag.py:3696} INFO - Setting next_dagrun for example_branch_datetime_operator_3 to 2024-03-25T00:00:00+00:00, run_after=2024-03-26T00:00:00+00:00
[2024-03-26T06:23:15.249+0000] {processor.py:179} INFO - Processing /home/airflow/.local/lib/python3.8/site-packages/airflow/example_dags/example_branch_datetime_operator.py took 0.119 seconds
[2024-03-26T06:23:45.850+0000] {processor.py:157} INFO - Started process (PID=1507) to work on /home/airflow/.local/lib/python3.8/site-packages/airflow/example_dags/example_branch_datetime_operator.py
[2024-03-26T06:23:45.851+0000] {processor.py:829} INFO - Processing file /home/airflow/.local/lib/python3.8/site-packages/airflow/example_dags/example_branch_datetime_operator.py for tasks to queue
[2024-03-26T06:23:45.855+0000] {logging_mixin.py:151} INFO - [2024-03-26T06:23:45.855+0000] {dagbag.py:539} INFO - Filling up the DagBag from /home/airflow/.local/lib/python3.8/site-packages/airflow/example_dags/example_branch_datetime_operator.py
[2024-03-26T06:23:45.868+0000] {processor.py:839} INFO - DAG(s) dict_keys(['example_branch_datetime_operator_3', 'example_branch_datetime_operator', 'example_branch_datetime_operator_2']) retrieved from /home/airflow/.local/lib/python3.8/site-packages/airflow/example_dags/example_branch_datetime_operator.py
[2024-03-26T06:23:45.907+0000] {logging_mixin.py:151} INFO - [2024-03-26T06:23:45.907+0000] {dag.py:2915} INFO - Sync 3 DAGs
[2024-03-26T06:23:45.939+0000] {logging_mixin.py:151} INFO - [2024-03-26T06:23:45.938+0000] {dag.py:3696} INFO - Setting next_dagrun for example_branch_datetime_operator to 2024-03-25T00:00:00+00:00, run_after=2024-03-26T00:00:00+00:00
[2024-03-26T06:23:45.946+0000] {logging_mixin.py:151} INFO - [2024-03-26T06:23:45.946+0000] {dag.py:3696} INFO - Setting next_dagrun for example_branch_datetime_operator_2 to 2024-03-25T00:00:00+00:00, run_after=2024-03-26T00:00:00+00:00
[2024-03-26T06:23:45.951+0000] {logging_mixin.py:151} INFO - [2024-03-26T06:23:45.950+0000] {dag.py:3696} INFO - Setting next_dagrun for example_branch_datetime_operator_3 to 2024-03-25T00:00:00+00:00, run_after=2024-03-26T00:00:00+00:00
[2024-03-26T06:23:45.975+0000] {processor.py:179} INFO - Processing /home/airflow/.local/lib/python3.8/site-packages/airflow/example_dags/example_branch_datetime_operator.py took 0.130 seconds
[2024-03-26T06:24:16.326+0000] {processor.py:157} INFO - Started process (PID=1561) to work on /home/airflow/.local/lib/python3.8/site-packages/airflow/example_dags/example_branch_datetime_operator.py
[2024-03-26T06:24:16.327+0000] {processor.py:829} INFO - Processing file /home/airflow/.local/lib/python3.8/site-packages/airflow/example_dags/example_branch_datetime_operator.py for tasks to queue
[2024-03-26T06:24:16.330+0000] {logging_mixin.py:151} INFO - [2024-03-26T06:24:16.329+0000] {dagbag.py:539} INFO - Filling up the DagBag from /home/airflow/.local/lib/python3.8/site-packages/airflow/example_dags/example_branch_datetime_operator.py
[2024-03-26T06:24:16.342+0000] {processor.py:839} INFO - DAG(s) dict_keys(['example_branch_datetime_operator_2', 'example_branch_datetime_operator_3', 'example_branch_datetime_operator']) retrieved from /home/airflow/.local/lib/python3.8/site-packages/airflow/example_dags/example_branch_datetime_operator.py
[2024-03-26T06:24:16.377+0000] {logging_mixin.py:151} INFO - [2024-03-26T06:24:16.377+0000] {dag.py:2915} INFO - Sync 3 DAGs
[2024-03-26T06:24:16.408+0000] {logging_mixin.py:151} INFO - [2024-03-26T06:24:16.408+0000] {dag.py:3696} INFO - Setting next_dagrun for example_branch_datetime_operator to 2024-03-25T00:00:00+00:00, run_after=2024-03-26T00:00:00+00:00
[2024-03-26T06:24:16.414+0000] {logging_mixin.py:151} INFO - [2024-03-26T06:24:16.414+0000] {dag.py:3696} INFO - Setting next_dagrun for example_branch_datetime_operator_2 to 2024-03-25T00:00:00+00:00, run_after=2024-03-26T00:00:00+00:00
[2024-03-26T06:24:16.418+0000] {logging_mixin.py:151} INFO - [2024-03-26T06:24:16.418+0000] {dag.py:3696} INFO - Setting next_dagrun for example_branch_datetime_operator_3 to 2024-03-25T00:00:00+00:00, run_after=2024-03-26T00:00:00+00:00
[2024-03-26T06:24:16.438+0000] {processor.py:179} INFO - Processing /home/airflow/.local/lib/python3.8/site-packages/airflow/example_dags/example_branch_datetime_operator.py took 0.116 seconds
[2024-03-26T06:24:46.986+0000] {processor.py:157} INFO - Started process (PID=1615) to work on /home/airflow/.local/lib/python3.8/site-packages/airflow/example_dags/example_branch_datetime_operator.py
[2024-03-26T06:24:46.987+0000] {processor.py:829} INFO - Processing file /home/airflow/.local/lib/python3.8/site-packages/airflow/example_dags/example_branch_datetime_operator.py for tasks to queue
[2024-03-26T06:24:46.991+0000] {logging_mixin.py:151} INFO - [2024-03-26T06:24:46.991+0000] {dagbag.py:539} INFO - Filling up the DagBag from /home/airflow/.local/lib/python3.8/site-packages/airflow/example_dags/example_branch_datetime_operator.py
[2024-03-26T06:24:47.002+0000] {processor.py:839} INFO - DAG(s) dict_keys(['example_branch_datetime_operator', 'example_branch_datetime_operator_3', 'example_branch_datetime_operator_2']) retrieved from /home/airflow/.local/lib/python3.8/site-packages/airflow/example_dags/example_branch_datetime_operator.py
[2024-03-26T06:24:47.038+0000] {logging_mixin.py:151} INFO - [2024-03-26T06:24:47.038+0000] {dag.py:2915} INFO - Sync 3 DAGs
[2024-03-26T06:24:47.068+0000] {logging_mixin.py:151} INFO - [2024-03-26T06:24:47.068+0000] {dag.py:3696} INFO - Setting next_dagrun for example_branch_datetime_operator to 2024-03-25T00:00:00+00:00, run_after=2024-03-26T00:00:00+00:00
[2024-03-26T06:24:47.075+0000] {logging_mixin.py:151} INFO - [2024-03-26T06:24:47.075+0000] {dag.py:3696} INFO - Setting next_dagrun for example_branch_datetime_operator_2 to 2024-03-25T00:00:00+00:00, run_after=2024-03-26T00:00:00+00:00
[2024-03-26T06:24:47.079+0000] {logging_mixin.py:151} INFO - [2024-03-26T06:24:47.079+0000] {dag.py:3696} INFO - Setting next_dagrun for example_branch_datetime_operator_3 to 2024-03-25T00:00:00+00:00, run_after=2024-03-26T00:00:00+00:00
[2024-03-26T06:24:47.110+0000] {processor.py:179} INFO - Processing /home/airflow/.local/lib/python3.8/site-packages/airflow/example_dags/example_branch_datetime_operator.py took 0.128 seconds
[2024-03-26T06:25:17.650+0000] {processor.py:157} INFO - Started process (PID=1669) to work on /home/airflow/.local/lib/python3.8/site-packages/airflow/example_dags/example_branch_datetime_operator.py
[2024-03-26T06:25:17.652+0000] {processor.py:829} INFO - Processing file /home/airflow/.local/lib/python3.8/site-packages/airflow/example_dags/example_branch_datetime_operator.py for tasks to queue
[2024-03-26T06:25:17.654+0000] {logging_mixin.py:151} INFO - [2024-03-26T06:25:17.654+0000] {dagbag.py:539} INFO - Filling up the DagBag from /home/airflow/.local/lib/python3.8/site-packages/airflow/example_dags/example_branch_datetime_operator.py
[2024-03-26T06:25:17.668+0000] {processor.py:839} INFO - DAG(s) dict_keys(['example_branch_datetime_operator', 'example_branch_datetime_operator_3', 'example_branch_datetime_operator_2']) retrieved from /home/airflow/.local/lib/python3.8/site-packages/airflow/example_dags/example_branch_datetime_operator.py
[2024-03-26T06:25:17.701+0000] {logging_mixin.py:151} INFO - [2024-03-26T06:25:17.701+0000] {dag.py:2915} INFO - Sync 3 DAGs
[2024-03-26T06:25:17.730+0000] {logging_mixin.py:151} INFO - [2024-03-26T06:25:17.730+0000] {dag.py:3696} INFO - Setting next_dagrun for example_branch_datetime_operator to 2024-03-25T00:00:00+00:00, run_after=2024-03-26T00:00:00+00:00
[2024-03-26T06:25:17.738+0000] {logging_mixin.py:151} INFO - [2024-03-26T06:25:17.737+0000] {dag.py:3696} INFO - Setting next_dagrun for example_branch_datetime_operator_2 to 2024-03-25T00:00:00+00:00, run_after=2024-03-26T00:00:00+00:00
[2024-03-26T06:25:17.743+0000] {logging_mixin.py:151} INFO - [2024-03-26T06:25:17.742+0000] {dag.py:3696} INFO - Setting next_dagrun for example_branch_datetime_operator_3 to 2024-03-25T00:00:00+00:00, run_after=2024-03-26T00:00:00+00:00
[2024-03-26T06:25:17.767+0000] {processor.py:179} INFO - Processing /home/airflow/.local/lib/python3.8/site-packages/airflow/example_dags/example_branch_datetime_operator.py took 0.120 seconds
[2024-03-26T06:25:48.026+0000] {processor.py:157} INFO - Started process (PID=1723) to work on /home/airflow/.local/lib/python3.8/site-packages/airflow/example_dags/example_branch_datetime_operator.py
[2024-03-26T06:25:48.028+0000] {processor.py:829} INFO - Processing file /home/airflow/.local/lib/python3.8/site-packages/airflow/example_dags/example_branch_datetime_operator.py for tasks to queue
[2024-03-26T06:25:48.031+0000] {logging_mixin.py:151} INFO - [2024-03-26T06:25:48.030+0000] {dagbag.py:539} INFO - Filling up the DagBag from /home/airflow/.local/lib/python3.8/site-packages/airflow/example_dags/example_branch_datetime_operator.py
[2024-03-26T06:25:48.043+0000] {processor.py:839} INFO - DAG(s) dict_keys(['example_branch_datetime_operator', 'example_branch_datetime_operator_2', 'example_branch_datetime_operator_3']) retrieved from /home/airflow/.local/lib/python3.8/site-packages/airflow/example_dags/example_branch_datetime_operator.py
[2024-03-26T06:25:48.076+0000] {logging_mixin.py:151} INFO - [2024-03-26T06:25:48.076+0000] {dag.py:2915} INFO - Sync 3 DAGs
[2024-03-26T06:25:48.104+0000] {logging_mixin.py:151} INFO - [2024-03-26T06:25:48.104+0000] {dag.py:3696} INFO - Setting next_dagrun for example_branch_datetime_operator to 2024-03-25T00:00:00+00:00, run_after=2024-03-26T00:00:00+00:00
[2024-03-26T06:25:48.112+0000] {logging_mixin.py:151} INFO - [2024-03-26T06:25:48.111+0000] {dag.py:3696} INFO - Setting next_dagrun for example_branch_datetime_operator_2 to 2024-03-25T00:00:00+00:00, run_after=2024-03-26T00:00:00+00:00
[2024-03-26T06:25:48.115+0000] {logging_mixin.py:151} INFO - [2024-03-26T06:25:48.114+0000] {dag.py:3696} INFO - Setting next_dagrun for example_branch_datetime_operator_3 to 2024-03-25T00:00:00+00:00, run_after=2024-03-26T00:00:00+00:00
[2024-03-26T06:25:48.134+0000] {processor.py:179} INFO - Processing /home/airflow/.local/lib/python3.8/site-packages/airflow/example_dags/example_branch_datetime_operator.py took 0.112 seconds
[2024-03-26T06:26:18.747+0000] {processor.py:157} INFO - Started process (PID=1777) to work on /home/airflow/.local/lib/python3.8/site-packages/airflow/example_dags/example_branch_datetime_operator.py
[2024-03-26T06:26:18.748+0000] {processor.py:829} INFO - Processing file /home/airflow/.local/lib/python3.8/site-packages/airflow/example_dags/example_branch_datetime_operator.py for tasks to queue
[2024-03-26T06:26:18.751+0000] {logging_mixin.py:151} INFO - [2024-03-26T06:26:18.751+0000] {dagbag.py:539} INFO - Filling up the DagBag from /home/airflow/.local/lib/python3.8/site-packages/airflow/example_dags/example_branch_datetime_operator.py
[2024-03-26T06:26:18.763+0000] {processor.py:839} INFO - DAG(s) dict_keys(['example_branch_datetime_operator', 'example_branch_datetime_operator_2', 'example_branch_datetime_operator_3']) retrieved from /home/airflow/.local/lib/python3.8/site-packages/airflow/example_dags/example_branch_datetime_operator.py
[2024-03-26T06:26:18.803+0000] {logging_mixin.py:151} INFO - [2024-03-26T06:26:18.802+0000] {dag.py:2915} INFO - Sync 3 DAGs
[2024-03-26T06:26:18.831+0000] {logging_mixin.py:151} INFO - [2024-03-26T06:26:18.831+0000] {dag.py:3696} INFO - Setting next_dagrun for example_branch_datetime_operator to 2024-03-25T00:00:00+00:00, run_after=2024-03-26T00:00:00+00:00
[2024-03-26T06:26:18.838+0000] {logging_mixin.py:151} INFO - [2024-03-26T06:26:18.838+0000] {dag.py:3696} INFO - Setting next_dagrun for example_branch_datetime_operator_2 to 2024-03-25T00:00:00+00:00, run_after=2024-03-26T00:00:00+00:00
[2024-03-26T06:26:18.842+0000] {logging_mixin.py:151} INFO - [2024-03-26T06:26:18.842+0000] {dag.py:3696} INFO - Setting next_dagrun for example_branch_datetime_operator_3 to 2024-03-25T00:00:00+00:00, run_after=2024-03-26T00:00:00+00:00
[2024-03-26T06:26:18.867+0000] {processor.py:179} INFO - Processing /home/airflow/.local/lib/python3.8/site-packages/airflow/example_dags/example_branch_datetime_operator.py took 0.124 seconds
[2024-03-26T06:26:49.148+0000] {processor.py:157} INFO - Started process (PID=1831) to work on /home/airflow/.local/lib/python3.8/site-packages/airflow/example_dags/example_branch_datetime_operator.py
[2024-03-26T06:26:49.149+0000] {processor.py:829} INFO - Processing file /home/airflow/.local/lib/python3.8/site-packages/airflow/example_dags/example_branch_datetime_operator.py for tasks to queue
[2024-03-26T06:26:49.153+0000] {logging_mixin.py:151} INFO - [2024-03-26T06:26:49.152+0000] {dagbag.py:539} INFO - Filling up the DagBag from /home/airflow/.local/lib/python3.8/site-packages/airflow/example_dags/example_branch_datetime_operator.py
[2024-03-26T06:26:49.166+0000] {processor.py:839} INFO - DAG(s) dict_keys(['example_branch_datetime_operator', 'example_branch_datetime_operator_3', 'example_branch_datetime_operator_2']) retrieved from /home/airflow/.local/lib/python3.8/site-packages/airflow/example_dags/example_branch_datetime_operator.py
[2024-03-26T06:26:49.201+0000] {logging_mixin.py:151} INFO - [2024-03-26T06:26:49.201+0000] {dag.py:2915} INFO - Sync 3 DAGs
[2024-03-26T06:26:49.230+0000] {logging_mixin.py:151} INFO - [2024-03-26T06:26:49.230+0000] {dag.py:3696} INFO - Setting next_dagrun for example_branch_datetime_operator to 2024-03-25T00:00:00+00:00, run_after=2024-03-26T00:00:00+00:00
[2024-03-26T06:26:49.236+0000] {logging_mixin.py:151} INFO - [2024-03-26T06:26:49.236+0000] {dag.py:3696} INFO - Setting next_dagrun for example_branch_datetime_operator_2 to 2024-03-25T00:00:00+00:00, run_after=2024-03-26T00:00:00+00:00
[2024-03-26T06:26:49.240+0000] {logging_mixin.py:151} INFO - [2024-03-26T06:26:49.240+0000] {dag.py:3696} INFO - Setting next_dagrun for example_branch_datetime_operator_3 to 2024-03-25T00:00:00+00:00, run_after=2024-03-26T00:00:00+00:00
[2024-03-26T06:26:49.261+0000] {processor.py:179} INFO - Processing /home/airflow/.local/lib/python3.8/site-packages/airflow/example_dags/example_branch_datetime_operator.py took 0.117 seconds
[2024-03-26T06:27:19.601+0000] {processor.py:157} INFO - Started process (PID=1885) to work on /home/airflow/.local/lib/python3.8/site-packages/airflow/example_dags/example_branch_datetime_operator.py
[2024-03-26T06:27:19.602+0000] {processor.py:829} INFO - Processing file /home/airflow/.local/lib/python3.8/site-packages/airflow/example_dags/example_branch_datetime_operator.py for tasks to queue
[2024-03-26T06:27:19.605+0000] {logging_mixin.py:151} INFO - [2024-03-26T06:27:19.605+0000] {dagbag.py:539} INFO - Filling up the DagBag from /home/airflow/.local/lib/python3.8/site-packages/airflow/example_dags/example_branch_datetime_operator.py
[2024-03-26T06:27:19.616+0000] {processor.py:839} INFO - DAG(s) dict_keys(['example_branch_datetime_operator_2', 'example_branch_datetime_operator_3', 'example_branch_datetime_operator']) retrieved from /home/airflow/.local/lib/python3.8/site-packages/airflow/example_dags/example_branch_datetime_operator.py
[2024-03-26T06:27:19.647+0000] {logging_mixin.py:151} INFO - [2024-03-26T06:27:19.646+0000] {dag.py:2915} INFO - Sync 3 DAGs
[2024-03-26T06:27:19.674+0000] {logging_mixin.py:151} INFO - [2024-03-26T06:27:19.674+0000] {dag.py:3696} INFO - Setting next_dagrun for example_branch_datetime_operator to 2024-03-25T00:00:00+00:00, run_after=2024-03-26T00:00:00+00:00
[2024-03-26T06:27:19.681+0000] {logging_mixin.py:151} INFO - [2024-03-26T06:27:19.680+0000] {dag.py:3696} INFO - Setting next_dagrun for example_branch_datetime_operator_2 to 2024-03-25T00:00:00+00:00, run_after=2024-03-26T00:00:00+00:00
[2024-03-26T06:27:19.685+0000] {logging_mixin.py:151} INFO - [2024-03-26T06:27:19.684+0000] {dag.py:3696} INFO - Setting next_dagrun for example_branch_datetime_operator_3 to 2024-03-25T00:00:00+00:00, run_after=2024-03-26T00:00:00+00:00
[2024-03-26T06:27:19.716+0000] {processor.py:179} INFO - Processing /home/airflow/.local/lib/python3.8/site-packages/airflow/example_dags/example_branch_datetime_operator.py took 0.120 seconds
[2024-03-26T06:27:50.694+0000] {processor.py:157} INFO - Started process (PID=1939) to work on /home/airflow/.local/lib/python3.8/site-packages/airflow/example_dags/example_branch_datetime_operator.py
[2024-03-26T06:27:50.695+0000] {processor.py:829} INFO - Processing file /home/airflow/.local/lib/python3.8/site-packages/airflow/example_dags/example_branch_datetime_operator.py for tasks to queue
[2024-03-26T06:27:50.698+0000] {logging_mixin.py:151} INFO - [2024-03-26T06:27:50.698+0000] {dagbag.py:539} INFO - Filling up the DagBag from /home/airflow/.local/lib/python3.8/site-packages/airflow/example_dags/example_branch_datetime_operator.py
[2024-03-26T06:27:50.710+0000] {processor.py:839} INFO - DAG(s) dict_keys(['example_branch_datetime_operator_3', 'example_branch_datetime_operator', 'example_branch_datetime_operator_2']) retrieved from /home/airflow/.local/lib/python3.8/site-packages/airflow/example_dags/example_branch_datetime_operator.py
[2024-03-26T06:27:50.743+0000] {logging_mixin.py:151} INFO - [2024-03-26T06:27:50.742+0000] {dag.py:2915} INFO - Sync 3 DAGs
[2024-03-26T06:27:50.769+0000] {logging_mixin.py:151} INFO - [2024-03-26T06:27:50.769+0000] {dag.py:3696} INFO - Setting next_dagrun for example_branch_datetime_operator to 2024-03-25T00:00:00+00:00, run_after=2024-03-26T00:00:00+00:00
[2024-03-26T06:27:50.776+0000] {logging_mixin.py:151} INFO - [2024-03-26T06:27:50.776+0000] {dag.py:3696} INFO - Setting next_dagrun for example_branch_datetime_operator_2 to 2024-03-25T00:00:00+00:00, run_after=2024-03-26T00:00:00+00:00
[2024-03-26T06:27:50.779+0000] {logging_mixin.py:151} INFO - [2024-03-26T06:27:50.779+0000] {dag.py:3696} INFO - Setting next_dagrun for example_branch_datetime_operator_3 to 2024-03-25T00:00:00+00:00, run_after=2024-03-26T00:00:00+00:00
[2024-03-26T06:27:50.806+0000] {processor.py:179} INFO - Processing /home/airflow/.local/lib/python3.8/site-packages/airflow/example_dags/example_branch_datetime_operator.py took 0.116 seconds
[2024-03-26T06:28:21.148+0000] {processor.py:157} INFO - Started process (PID=1993) to work on /home/airflow/.local/lib/python3.8/site-packages/airflow/example_dags/example_branch_datetime_operator.py
[2024-03-26T06:28:21.150+0000] {processor.py:829} INFO - Processing file /home/airflow/.local/lib/python3.8/site-packages/airflow/example_dags/example_branch_datetime_operator.py for tasks to queue
[2024-03-26T06:28:21.153+0000] {logging_mixin.py:151} INFO - [2024-03-26T06:28:21.153+0000] {dagbag.py:539} INFO - Filling up the DagBag from /home/airflow/.local/lib/python3.8/site-packages/airflow/example_dags/example_branch_datetime_operator.py
[2024-03-26T06:28:21.165+0000] {processor.py:839} INFO - DAG(s) dict_keys(['example_branch_datetime_operator_2', 'example_branch_datetime_operator_3', 'example_branch_datetime_operator']) retrieved from /home/airflow/.local/lib/python3.8/site-packages/airflow/example_dags/example_branch_datetime_operator.py
[2024-03-26T06:28:21.200+0000] {logging_mixin.py:151} INFO - [2024-03-26T06:28:21.199+0000] {dag.py:2915} INFO - Sync 3 DAGs
[2024-03-26T06:28:21.230+0000] {logging_mixin.py:151} INFO - [2024-03-26T06:28:21.229+0000] {dag.py:3696} INFO - Setting next_dagrun for example_branch_datetime_operator to 2024-03-25T00:00:00+00:00, run_after=2024-03-26T00:00:00+00:00
[2024-03-26T06:28:21.235+0000] {logging_mixin.py:151} INFO - [2024-03-26T06:28:21.235+0000] {dag.py:3696} INFO - Setting next_dagrun for example_branch_datetime_operator_2 to 2024-03-25T00:00:00+00:00, run_after=2024-03-26T00:00:00+00:00
[2024-03-26T06:28:21.239+0000] {logging_mixin.py:151} INFO - [2024-03-26T06:28:21.239+0000] {dag.py:3696} INFO - Setting next_dagrun for example_branch_datetime_operator_3 to 2024-03-25T00:00:00+00:00, run_after=2024-03-26T00:00:00+00:00
[2024-03-26T06:28:21.259+0000] {processor.py:179} INFO - Processing /home/airflow/.local/lib/python3.8/site-packages/airflow/example_dags/example_branch_datetime_operator.py took 0.115 seconds
[2024-03-26T06:28:51.530+0000] {processor.py:157} INFO - Started process (PID=2047) to work on /home/airflow/.local/lib/python3.8/site-packages/airflow/example_dags/example_branch_datetime_operator.py
[2024-03-26T06:28:51.531+0000] {processor.py:829} INFO - Processing file /home/airflow/.local/lib/python3.8/site-packages/airflow/example_dags/example_branch_datetime_operator.py for tasks to queue
[2024-03-26T06:28:51.534+0000] {logging_mixin.py:151} INFO - [2024-03-26T06:28:51.534+0000] {dagbag.py:539} INFO - Filling up the DagBag from /home/airflow/.local/lib/python3.8/site-packages/airflow/example_dags/example_branch_datetime_operator.py
[2024-03-26T06:28:51.546+0000] {processor.py:839} INFO - DAG(s) dict_keys(['example_branch_datetime_operator', 'example_branch_datetime_operator_2', 'example_branch_datetime_operator_3']) retrieved from /home/airflow/.local/lib/python3.8/site-packages/airflow/example_dags/example_branch_datetime_operator.py
[2024-03-26T06:28:51.578+0000] {logging_mixin.py:151} INFO - [2024-03-26T06:28:51.578+0000] {dag.py:2915} INFO - Sync 3 DAGs
[2024-03-26T06:28:51.608+0000] {logging_mixin.py:151} INFO - [2024-03-26T06:28:51.608+0000] {dag.py:3696} INFO - Setting next_dagrun for example_branch_datetime_operator to 2024-03-25T00:00:00+00:00, run_after=2024-03-26T00:00:00+00:00
[2024-03-26T06:28:51.614+0000] {logging_mixin.py:151} INFO - [2024-03-26T06:28:51.614+0000] {dag.py:3696} INFO - Setting next_dagrun for example_branch_datetime_operator_2 to 2024-03-25T00:00:00+00:00, run_after=2024-03-26T00:00:00+00:00
[2024-03-26T06:28:51.618+0000] {logging_mixin.py:151} INFO - [2024-03-26T06:28:51.618+0000] {dag.py:3696} INFO - Setting next_dagrun for example_branch_datetime_operator_3 to 2024-03-25T00:00:00+00:00, run_after=2024-03-26T00:00:00+00:00
[2024-03-26T06:28:51.648+0000] {processor.py:179} INFO - Processing /home/airflow/.local/lib/python3.8/site-packages/airflow/example_dags/example_branch_datetime_operator.py took 0.122 seconds
[2024-03-26T06:29:22.733+0000] {processor.py:157} INFO - Started process (PID=2101) to work on /home/airflow/.local/lib/python3.8/site-packages/airflow/example_dags/example_branch_datetime_operator.py
[2024-03-26T06:29:22.734+0000] {processor.py:829} INFO - Processing file /home/airflow/.local/lib/python3.8/site-packages/airflow/example_dags/example_branch_datetime_operator.py for tasks to queue
[2024-03-26T06:29:22.738+0000] {logging_mixin.py:151} INFO - [2024-03-26T06:29:22.737+0000] {dagbag.py:539} INFO - Filling up the DagBag from /home/airflow/.local/lib/python3.8/site-packages/airflow/example_dags/example_branch_datetime_operator.py
[2024-03-26T06:29:22.751+0000] {processor.py:839} INFO - DAG(s) dict_keys(['example_branch_datetime_operator_2', 'example_branch_datetime_operator', 'example_branch_datetime_operator_3']) retrieved from /home/airflow/.local/lib/python3.8/site-packages/airflow/example_dags/example_branch_datetime_operator.py
[2024-03-26T06:29:22.784+0000] {logging_mixin.py:151} INFO - [2024-03-26T06:29:22.783+0000] {dag.py:2915} INFO - Sync 3 DAGs
[2024-03-26T06:29:22.814+0000] {logging_mixin.py:151} INFO - [2024-03-26T06:29:22.813+0000] {dag.py:3696} INFO - Setting next_dagrun for example_branch_datetime_operator to 2024-03-25T00:00:00+00:00, run_after=2024-03-26T00:00:00+00:00
[2024-03-26T06:29:22.821+0000] {logging_mixin.py:151} INFO - [2024-03-26T06:29:22.821+0000] {dag.py:3696} INFO - Setting next_dagrun for example_branch_datetime_operator_2 to 2024-03-25T00:00:00+00:00, run_after=2024-03-26T00:00:00+00:00
[2024-03-26T06:29:22.825+0000] {logging_mixin.py:151} INFO - [2024-03-26T06:29:22.825+0000] {dag.py:3696} INFO - Setting next_dagrun for example_branch_datetime_operator_3 to 2024-03-25T00:00:00+00:00, run_after=2024-03-26T00:00:00+00:00
[2024-03-26T06:29:22.850+0000] {processor.py:179} INFO - Processing /home/airflow/.local/lib/python3.8/site-packages/airflow/example_dags/example_branch_datetime_operator.py took 0.122 seconds
[2024-03-26T06:29:53.620+0000] {processor.py:157} INFO - Started process (PID=2155) to work on /home/airflow/.local/lib/python3.8/site-packages/airflow/example_dags/example_branch_datetime_operator.py
[2024-03-26T06:29:53.622+0000] {processor.py:829} INFO - Processing file /home/airflow/.local/lib/python3.8/site-packages/airflow/example_dags/example_branch_datetime_operator.py for tasks to queue
[2024-03-26T06:29:53.626+0000] {logging_mixin.py:151} INFO - [2024-03-26T06:29:53.625+0000] {dagbag.py:539} INFO - Filling up the DagBag from /home/airflow/.local/lib/python3.8/site-packages/airflow/example_dags/example_branch_datetime_operator.py
[2024-03-26T06:29:53.642+0000] {processor.py:839} INFO - DAG(s) dict_keys(['example_branch_datetime_operator', 'example_branch_datetime_operator_2', 'example_branch_datetime_operator_3']) retrieved from /home/airflow/.local/lib/python3.8/site-packages/airflow/example_dags/example_branch_datetime_operator.py
[2024-03-26T06:29:53.684+0000] {logging_mixin.py:151} INFO - [2024-03-26T06:29:53.683+0000] {dag.py:2915} INFO - Sync 3 DAGs
[2024-03-26T06:29:53.714+0000] {logging_mixin.py:151} INFO - [2024-03-26T06:29:53.714+0000] {dag.py:3696} INFO - Setting next_dagrun for example_branch_datetime_operator to 2024-03-25T00:00:00+00:00, run_after=2024-03-26T00:00:00+00:00
[2024-03-26T06:29:53.720+0000] {logging_mixin.py:151} INFO - [2024-03-26T06:29:53.720+0000] {dag.py:3696} INFO - Setting next_dagrun for example_branch_datetime_operator_2 to 2024-03-25T00:00:00+00:00, run_after=2024-03-26T00:00:00+00:00
[2024-03-26T06:29:53.724+0000] {logging_mixin.py:151} INFO - [2024-03-26T06:29:53.724+0000] {dag.py:3696} INFO - Setting next_dagrun for example_branch_datetime_operator_3 to 2024-03-25T00:00:00+00:00, run_after=2024-03-26T00:00:00+00:00
[2024-03-26T06:29:53.760+0000] {processor.py:179} INFO - Processing /home/airflow/.local/lib/python3.8/site-packages/airflow/example_dags/example_branch_datetime_operator.py took 0.144 seconds
[2024-03-26T06:30:23.903+0000] {processor.py:157} INFO - Started process (PID=2208) to work on /home/airflow/.local/lib/python3.8/site-packages/airflow/example_dags/example_branch_datetime_operator.py
[2024-03-26T06:30:23.904+0000] {processor.py:829} INFO - Processing file /home/airflow/.local/lib/python3.8/site-packages/airflow/example_dags/example_branch_datetime_operator.py for tasks to queue
[2024-03-26T06:30:23.907+0000] {logging_mixin.py:151} INFO - [2024-03-26T06:30:23.907+0000] {dagbag.py:539} INFO - Filling up the DagBag from /home/airflow/.local/lib/python3.8/site-packages/airflow/example_dags/example_branch_datetime_operator.py
[2024-03-26T06:30:23.919+0000] {processor.py:839} INFO - DAG(s) dict_keys(['example_branch_datetime_operator_3', 'example_branch_datetime_operator_2', 'example_branch_datetime_operator']) retrieved from /home/airflow/.local/lib/python3.8/site-packages/airflow/example_dags/example_branch_datetime_operator.py
[2024-03-26T06:30:23.949+0000] {logging_mixin.py:151} INFO - [2024-03-26T06:30:23.949+0000] {dag.py:2915} INFO - Sync 3 DAGs
[2024-03-26T06:30:23.975+0000] {logging_mixin.py:151} INFO - [2024-03-26T06:30:23.975+0000] {dag.py:3696} INFO - Setting next_dagrun for example_branch_datetime_operator to 2024-03-25T00:00:00+00:00, run_after=2024-03-26T00:00:00+00:00
[2024-03-26T06:30:23.981+0000] {logging_mixin.py:151} INFO - [2024-03-26T06:30:23.980+0000] {dag.py:3696} INFO - Setting next_dagrun for example_branch_datetime_operator_2 to 2024-03-25T00:00:00+00:00, run_after=2024-03-26T00:00:00+00:00
[2024-03-26T06:30:23.984+0000] {logging_mixin.py:151} INFO - [2024-03-26T06:30:23.984+0000] {dag.py:3696} INFO - Setting next_dagrun for example_branch_datetime_operator_3 to 2024-03-25T00:00:00+00:00, run_after=2024-03-26T00:00:00+00:00
[2024-03-26T06:30:24.011+0000] {processor.py:179} INFO - Processing /home/airflow/.local/lib/python3.8/site-packages/airflow/example_dags/example_branch_datetime_operator.py took 0.112 seconds
[2024-03-26T06:30:54.109+0000] {processor.py:157} INFO - Started process (PID=2262) to work on /home/airflow/.local/lib/python3.8/site-packages/airflow/example_dags/example_branch_datetime_operator.py
[2024-03-26T06:30:54.111+0000] {processor.py:829} INFO - Processing file /home/airflow/.local/lib/python3.8/site-packages/airflow/example_dags/example_branch_datetime_operator.py for tasks to queue
[2024-03-26T06:30:54.114+0000] {logging_mixin.py:151} INFO - [2024-03-26T06:30:54.114+0000] {dagbag.py:539} INFO - Filling up the DagBag from /home/airflow/.local/lib/python3.8/site-packages/airflow/example_dags/example_branch_datetime_operator.py
[2024-03-26T06:30:54.126+0000] {processor.py:839} INFO - DAG(s) dict_keys(['example_branch_datetime_operator_3', 'example_branch_datetime_operator', 'example_branch_datetime_operator_2']) retrieved from /home/airflow/.local/lib/python3.8/site-packages/airflow/example_dags/example_branch_datetime_operator.py
[2024-03-26T06:30:54.160+0000] {logging_mixin.py:151} INFO - [2024-03-26T06:30:54.160+0000] {dag.py:2915} INFO - Sync 3 DAGs
[2024-03-26T06:30:54.186+0000] {logging_mixin.py:151} INFO - [2024-03-26T06:30:54.186+0000] {dag.py:3696} INFO - Setting next_dagrun for example_branch_datetime_operator to 2024-03-25T00:00:00+00:00, run_after=2024-03-26T00:00:00+00:00
[2024-03-26T06:30:54.192+0000] {logging_mixin.py:151} INFO - [2024-03-26T06:30:54.192+0000] {dag.py:3696} INFO - Setting next_dagrun for example_branch_datetime_operator_2 to 2024-03-25T00:00:00+00:00, run_after=2024-03-26T00:00:00+00:00
[2024-03-26T06:30:54.196+0000] {logging_mixin.py:151} INFO - [2024-03-26T06:30:54.196+0000] {dag.py:3696} INFO - Setting next_dagrun for example_branch_datetime_operator_3 to 2024-03-25T00:00:00+00:00, run_after=2024-03-26T00:00:00+00:00
[2024-03-26T06:30:54.228+0000] {processor.py:179} INFO - Processing /home/airflow/.local/lib/python3.8/site-packages/airflow/example_dags/example_branch_datetime_operator.py took 0.122 seconds
[2024-03-26T06:31:24.303+0000] {processor.py:157} INFO - Started process (PID=2316) to work on /home/airflow/.local/lib/python3.8/site-packages/airflow/example_dags/example_branch_datetime_operator.py
[2024-03-26T06:31:24.305+0000] {processor.py:829} INFO - Processing file /home/airflow/.local/lib/python3.8/site-packages/airflow/example_dags/example_branch_datetime_operator.py for tasks to queue
[2024-03-26T06:31:24.309+0000] {logging_mixin.py:151} INFO - [2024-03-26T06:31:24.308+0000] {dagbag.py:539} INFO - Filling up the DagBag from /home/airflow/.local/lib/python3.8/site-packages/airflow/example_dags/example_branch_datetime_operator.py
[2024-03-26T06:31:24.331+0000] {processor.py:839} INFO - DAG(s) dict_keys(['example_branch_datetime_operator', 'example_branch_datetime_operator_3', 'example_branch_datetime_operator_2']) retrieved from /home/airflow/.local/lib/python3.8/site-packages/airflow/example_dags/example_branch_datetime_operator.py
[2024-03-26T06:31:24.369+0000] {logging_mixin.py:151} INFO - [2024-03-26T06:31:24.369+0000] {dag.py:2915} INFO - Sync 3 DAGs
[2024-03-26T06:31:24.401+0000] {logging_mixin.py:151} INFO - [2024-03-26T06:31:24.400+0000] {dag.py:3696} INFO - Setting next_dagrun for example_branch_datetime_operator to 2024-03-25T00:00:00+00:00, run_after=2024-03-26T00:00:00+00:00
[2024-03-26T06:31:24.406+0000] {logging_mixin.py:151} INFO - [2024-03-26T06:31:24.406+0000] {dag.py:3696} INFO - Setting next_dagrun for example_branch_datetime_operator_2 to 2024-03-25T00:00:00+00:00, run_after=2024-03-26T00:00:00+00:00
[2024-03-26T06:31:24.411+0000] {logging_mixin.py:151} INFO - [2024-03-26T06:31:24.411+0000] {dag.py:3696} INFO - Setting next_dagrun for example_branch_datetime_operator_3 to 2024-03-25T00:00:00+00:00, run_after=2024-03-26T00:00:00+00:00
[2024-03-26T06:31:24.434+0000] {processor.py:179} INFO - Processing /home/airflow/.local/lib/python3.8/site-packages/airflow/example_dags/example_branch_datetime_operator.py took 0.136 seconds
[2024-03-26T06:31:55.199+0000] {processor.py:157} INFO - Started process (PID=2370) to work on /home/airflow/.local/lib/python3.8/site-packages/airflow/example_dags/example_branch_datetime_operator.py
[2024-03-26T06:31:55.201+0000] {processor.py:829} INFO - Processing file /home/airflow/.local/lib/python3.8/site-packages/airflow/example_dags/example_branch_datetime_operator.py for tasks to queue
[2024-03-26T06:31:55.204+0000] {logging_mixin.py:151} INFO - [2024-03-26T06:31:55.203+0000] {dagbag.py:539} INFO - Filling up the DagBag from /home/airflow/.local/lib/python3.8/site-packages/airflow/example_dags/example_branch_datetime_operator.py
[2024-03-26T06:31:55.214+0000] {processor.py:839} INFO - DAG(s) dict_keys(['example_branch_datetime_operator_2', 'example_branch_datetime_operator_3', 'example_branch_datetime_operator']) retrieved from /home/airflow/.local/lib/python3.8/site-packages/airflow/example_dags/example_branch_datetime_operator.py
[2024-03-26T06:31:55.247+0000] {logging_mixin.py:151} INFO - [2024-03-26T06:31:55.247+0000] {dag.py:2915} INFO - Sync 3 DAGs
[2024-03-26T06:31:55.272+0000] {logging_mixin.py:151} INFO - [2024-03-26T06:31:55.272+0000] {dag.py:3696} INFO - Setting next_dagrun for example_branch_datetime_operator to 2024-03-25T00:00:00+00:00, run_after=2024-03-26T00:00:00+00:00
[2024-03-26T06:31:55.277+0000] {logging_mixin.py:151} INFO - [2024-03-26T06:31:55.277+0000] {dag.py:3696} INFO - Setting next_dagrun for example_branch_datetime_operator_2 to 2024-03-25T00:00:00+00:00, run_after=2024-03-26T00:00:00+00:00
[2024-03-26T06:31:55.280+0000] {logging_mixin.py:151} INFO - [2024-03-26T06:31:55.280+0000] {dag.py:3696} INFO - Setting next_dagrun for example_branch_datetime_operator_3 to 2024-03-25T00:00:00+00:00, run_after=2024-03-26T00:00:00+00:00
[2024-03-26T06:31:55.312+0000] {processor.py:179} INFO - Processing /home/airflow/.local/lib/python3.8/site-packages/airflow/example_dags/example_branch_datetime_operator.py took 0.116 seconds
[2024-03-26T06:32:25.462+0000] {processor.py:157} INFO - Started process (PID=2423) to work on /home/airflow/.local/lib/python3.8/site-packages/airflow/example_dags/example_branch_datetime_operator.py
[2024-03-26T06:32:25.464+0000] {processor.py:829} INFO - Processing file /home/airflow/.local/lib/python3.8/site-packages/airflow/example_dags/example_branch_datetime_operator.py for tasks to queue
[2024-03-26T06:32:25.466+0000] {logging_mixin.py:151} INFO - [2024-03-26T06:32:25.466+0000] {dagbag.py:539} INFO - Filling up the DagBag from /home/airflow/.local/lib/python3.8/site-packages/airflow/example_dags/example_branch_datetime_operator.py
[2024-03-26T06:32:25.479+0000] {processor.py:839} INFO - DAG(s) dict_keys(['example_branch_datetime_operator_3', 'example_branch_datetime_operator_2', 'example_branch_datetime_operator']) retrieved from /home/airflow/.local/lib/python3.8/site-packages/airflow/example_dags/example_branch_datetime_operator.py
[2024-03-26T06:32:25.516+0000] {logging_mixin.py:151} INFO - [2024-03-26T06:32:25.516+0000] {dag.py:2915} INFO - Sync 3 DAGs
[2024-03-26T06:32:25.548+0000] {logging_mixin.py:151} INFO - [2024-03-26T06:32:25.548+0000] {dag.py:3696} INFO - Setting next_dagrun for example_branch_datetime_operator to 2024-03-25T00:00:00+00:00, run_after=2024-03-26T00:00:00+00:00
[2024-03-26T06:32:25.555+0000] {logging_mixin.py:151} INFO - [2024-03-26T06:32:25.555+0000] {dag.py:3696} INFO - Setting next_dagrun for example_branch_datetime_operator_2 to 2024-03-25T00:00:00+00:00, run_after=2024-03-26T00:00:00+00:00
[2024-03-26T06:32:25.561+0000] {logging_mixin.py:151} INFO - [2024-03-26T06:32:25.560+0000] {dag.py:3696} INFO - Setting next_dagrun for example_branch_datetime_operator_3 to 2024-03-25T00:00:00+00:00, run_after=2024-03-26T00:00:00+00:00
[2024-03-26T06:32:25.596+0000] {processor.py:179} INFO - Processing /home/airflow/.local/lib/python3.8/site-packages/airflow/example_dags/example_branch_datetime_operator.py took 0.138 seconds
[2024-03-26T06:32:55.950+0000] {processor.py:157} INFO - Started process (PID=2477) to work on /home/airflow/.local/lib/python3.8/site-packages/airflow/example_dags/example_branch_datetime_operator.py
[2024-03-26T06:32:55.951+0000] {processor.py:829} INFO - Processing file /home/airflow/.local/lib/python3.8/site-packages/airflow/example_dags/example_branch_datetime_operator.py for tasks to queue
[2024-03-26T06:32:55.954+0000] {logging_mixin.py:151} INFO - [2024-03-26T06:32:55.954+0000] {dagbag.py:539} INFO - Filling up the DagBag from /home/airflow/.local/lib/python3.8/site-packages/airflow/example_dags/example_branch_datetime_operator.py
[2024-03-26T06:32:55.969+0000] {processor.py:839} INFO - DAG(s) dict_keys(['example_branch_datetime_operator_3', 'example_branch_datetime_operator', 'example_branch_datetime_operator_2']) retrieved from /home/airflow/.local/lib/python3.8/site-packages/airflow/example_dags/example_branch_datetime_operator.py
[2024-03-26T06:32:56.006+0000] {logging_mixin.py:151} INFO - [2024-03-26T06:32:56.006+0000] {dag.py:2915} INFO - Sync 3 DAGs
[2024-03-26T06:32:56.038+0000] {logging_mixin.py:151} INFO - [2024-03-26T06:32:56.038+0000] {dag.py:3696} INFO - Setting next_dagrun for example_branch_datetime_operator to 2024-03-25T00:00:00+00:00, run_after=2024-03-26T00:00:00+00:00
[2024-03-26T06:32:56.046+0000] {logging_mixin.py:151} INFO - [2024-03-26T06:32:56.045+0000] {dag.py:3696} INFO - Setting next_dagrun for example_branch_datetime_operator_2 to 2024-03-25T00:00:00+00:00, run_after=2024-03-26T00:00:00+00:00
[2024-03-26T06:32:56.051+0000] {logging_mixin.py:151} INFO - [2024-03-26T06:32:56.051+0000] {dag.py:3696} INFO - Setting next_dagrun for example_branch_datetime_operator_3 to 2024-03-25T00:00:00+00:00, run_after=2024-03-26T00:00:00+00:00
[2024-03-26T06:32:56.075+0000] {processor.py:179} INFO - Processing /home/airflow/.local/lib/python3.8/site-packages/airflow/example_dags/example_branch_datetime_operator.py took 0.131 seconds
[2024-03-26T06:33:26.458+0000] {processor.py:157} INFO - Started process (PID=2531) to work on /home/airflow/.local/lib/python3.8/site-packages/airflow/example_dags/example_branch_datetime_operator.py
[2024-03-26T06:33:26.460+0000] {processor.py:829} INFO - Processing file /home/airflow/.local/lib/python3.8/site-packages/airflow/example_dags/example_branch_datetime_operator.py for tasks to queue
[2024-03-26T06:33:26.463+0000] {logging_mixin.py:151} INFO - [2024-03-26T06:33:26.463+0000] {dagbag.py:539} INFO - Filling up the DagBag from /home/airflow/.local/lib/python3.8/site-packages/airflow/example_dags/example_branch_datetime_operator.py
[2024-03-26T06:33:26.477+0000] {processor.py:839} INFO - DAG(s) dict_keys(['example_branch_datetime_operator_2', 'example_branch_datetime_operator', 'example_branch_datetime_operator_3']) retrieved from /home/airflow/.local/lib/python3.8/site-packages/airflow/example_dags/example_branch_datetime_operator.py
[2024-03-26T06:33:26.516+0000] {logging_mixin.py:151} INFO - [2024-03-26T06:33:26.516+0000] {dag.py:2915} INFO - Sync 3 DAGs
[2024-03-26T06:33:26.545+0000] {logging_mixin.py:151} INFO - [2024-03-26T06:33:26.545+0000] {dag.py:3696} INFO - Setting next_dagrun for example_branch_datetime_operator to 2024-03-25T00:00:00+00:00, run_after=2024-03-26T00:00:00+00:00
[2024-03-26T06:33:26.552+0000] {logging_mixin.py:151} INFO - [2024-03-26T06:33:26.552+0000] {dag.py:3696} INFO - Setting next_dagrun for example_branch_datetime_operator_2 to 2024-03-25T00:00:00+00:00, run_after=2024-03-26T00:00:00+00:00
[2024-03-26T06:33:26.556+0000] {logging_mixin.py:151} INFO - [2024-03-26T06:33:26.556+0000] {dag.py:3696} INFO - Setting next_dagrun for example_branch_datetime_operator_3 to 2024-03-25T00:00:00+00:00, run_after=2024-03-26T00:00:00+00:00
[2024-03-26T06:33:26.579+0000] {processor.py:179} INFO - Processing /home/airflow/.local/lib/python3.8/site-packages/airflow/example_dags/example_branch_datetime_operator.py took 0.124 seconds
[2024-03-26T06:33:57.373+0000] {processor.py:157} INFO - Started process (PID=2586) to work on /home/airflow/.local/lib/python3.8/site-packages/airflow/example_dags/example_branch_datetime_operator.py
[2024-03-26T06:33:57.375+0000] {processor.py:829} INFO - Processing file /home/airflow/.local/lib/python3.8/site-packages/airflow/example_dags/example_branch_datetime_operator.py for tasks to queue
[2024-03-26T06:33:57.380+0000] {logging_mixin.py:151} INFO - [2024-03-26T06:33:57.380+0000] {dagbag.py:539} INFO - Filling up the DagBag from /home/airflow/.local/lib/python3.8/site-packages/airflow/example_dags/example_branch_datetime_operator.py
[2024-03-26T06:33:57.398+0000] {processor.py:839} INFO - DAG(s) dict_keys(['example_branch_datetime_operator', 'example_branch_datetime_operator_2', 'example_branch_datetime_operator_3']) retrieved from /home/airflow/.local/lib/python3.8/site-packages/airflow/example_dags/example_branch_datetime_operator.py
[2024-03-26T06:33:57.446+0000] {logging_mixin.py:151} INFO - [2024-03-26T06:33:57.446+0000] {dag.py:2915} INFO - Sync 3 DAGs
[2024-03-26T06:33:57.484+0000] {logging_mixin.py:151} INFO - [2024-03-26T06:33:57.483+0000] {dag.py:3696} INFO - Setting next_dagrun for example_branch_datetime_operator to 2024-03-25T00:00:00+00:00, run_after=2024-03-26T00:00:00+00:00
[2024-03-26T06:33:57.492+0000] {logging_mixin.py:151} INFO - [2024-03-26T06:33:57.492+0000] {dag.py:3696} INFO - Setting next_dagrun for example_branch_datetime_operator_2 to 2024-03-25T00:00:00+00:00, run_after=2024-03-26T00:00:00+00:00
[2024-03-26T06:33:57.498+0000] {logging_mixin.py:151} INFO - [2024-03-26T06:33:57.497+0000] {dag.py:3696} INFO - Setting next_dagrun for example_branch_datetime_operator_3 to 2024-03-25T00:00:00+00:00, run_after=2024-03-26T00:00:00+00:00
[2024-03-26T06:33:57.549+0000] {processor.py:179} INFO - Processing /home/airflow/.local/lib/python3.8/site-packages/airflow/example_dags/example_branch_datetime_operator.py took 0.183 seconds
