[2024-03-26T06:03:59.881+0000] {processor.py:157} INFO - Started process (PID=48) to work on /home/airflow/.local/lib/python3.8/site-packages/airflow/example_dags/example_dynamic_task_mapping.py
[2024-03-26T06:03:59.885+0000] {processor.py:829} INFO - Processing file /home/airflow/.local/lib/python3.8/site-packages/airflow/example_dags/example_dynamic_task_mapping.py for tasks to queue
[2024-03-26T06:03:59.900+0000] {logging_mixin.py:151} INFO - [2024-03-26T06:03:59.898+0000] {dagbag.py:539} INFO - Filling up the DagBag from /home/airflow/.local/lib/python3.8/site-packages/airflow/example_dags/example_dynamic_task_mapping.py
[2024-03-26T06:03:59.924+0000] {processor.py:839} INFO - DAG(s) dict_keys(['example_dynamic_task_mapping']) retrieved from /home/airflow/.local/lib/python3.8/site-packages/airflow/example_dags/example_dynamic_task_mapping.py
[2024-03-26T06:04:00.307+0000] {logging_mixin.py:151} INFO - [2024-03-26T06:04:00.306+0000] {manager.py:499} INFO - Created Permission View: %s
[2024-03-26T06:04:00.351+0000] {logging_mixin.py:151} INFO - [2024-03-26T06:04:00.350+0000] {manager.py:499} INFO - Created Permission View: %s
[2024-03-26T06:04:00.392+0000] {logging_mixin.py:151} INFO - [2024-03-26T06:04:00.388+0000] {manager.py:499} INFO - Created Permission View: %s
[2024-03-26T06:04:00.394+0000] {logging_mixin.py:151} INFO - [2024-03-26T06:04:00.393+0000] {security.py:708} INFO - Not syncing DAG-level permissions for DAG 'DAG:example_dynamic_task_mapping' as access control is unset.
[2024-03-26T06:04:00.395+0000] {logging_mixin.py:151} INFO - [2024-03-26T06:04:00.395+0000] {dag.py:2915} INFO - Sync 1 DAGs
[2024-03-26T06:04:00.436+0000] {logging_mixin.py:151} INFO - [2024-03-26T06:04:00.435+0000] {dag.py:2937} INFO - Creating ORM DAG for example_dynamic_task_mapping
[2024-03-26T06:04:00.465+0000] {logging_mixin.py:151} INFO - [2024-03-26T06:04:00.464+0000] {dag.py:3696} INFO - Setting next_dagrun for example_dynamic_task_mapping to 2022-03-04T00:00:00+00:00, run_after=2022-03-05T00:00:00+00:00
[2024-03-26T06:04:00.511+0000] {processor.py:179} INFO - Processing /home/airflow/.local/lib/python3.8/site-packages/airflow/example_dags/example_dynamic_task_mapping.py took 0.637 seconds
[2024-03-26T06:04:32.991+0000] {processor.py:157} INFO - Started process (PID=102) to work on /home/airflow/.local/lib/python3.8/site-packages/airflow/example_dags/example_dynamic_task_mapping.py
[2024-03-26T06:04:32.998+0000] {processor.py:829} INFO - Processing file /home/airflow/.local/lib/python3.8/site-packages/airflow/example_dags/example_dynamic_task_mapping.py for tasks to queue
[2024-03-26T06:04:33.001+0000] {logging_mixin.py:151} INFO - [2024-03-26T06:04:33.001+0000] {dagbag.py:539} INFO - Filling up the DagBag from /home/airflow/.local/lib/python3.8/site-packages/airflow/example_dags/example_dynamic_task_mapping.py
[2024-03-26T06:04:33.013+0000] {processor.py:839} INFO - DAG(s) dict_keys(['example_dynamic_task_mapping']) retrieved from /home/airflow/.local/lib/python3.8/site-packages/airflow/example_dags/example_dynamic_task_mapping.py
[2024-03-26T06:04:33.058+0000] {logging_mixin.py:151} INFO - [2024-03-26T06:04:33.058+0000] {dag.py:2915} INFO - Sync 1 DAGs
[2024-03-26T06:04:33.087+0000] {logging_mixin.py:151} INFO - [2024-03-26T06:04:33.086+0000] {dag.py:3696} INFO - Setting next_dagrun for example_dynamic_task_mapping to 2022-03-04T00:00:00+00:00, run_after=2022-03-05T00:00:00+00:00
[2024-03-26T06:04:33.182+0000] {processor.py:179} INFO - Processing /home/airflow/.local/lib/python3.8/site-packages/airflow/example_dags/example_dynamic_task_mapping.py took 0.195 seconds
[2024-03-26T06:05:03.398+0000] {processor.py:157} INFO - Started process (PID=156) to work on /home/airflow/.local/lib/python3.8/site-packages/airflow/example_dags/example_dynamic_task_mapping.py
[2024-03-26T06:05:03.400+0000] {processor.py:829} INFO - Processing file /home/airflow/.local/lib/python3.8/site-packages/airflow/example_dags/example_dynamic_task_mapping.py for tasks to queue
[2024-03-26T06:05:03.404+0000] {logging_mixin.py:151} INFO - [2024-03-26T06:05:03.404+0000] {dagbag.py:539} INFO - Filling up the DagBag from /home/airflow/.local/lib/python3.8/site-packages/airflow/example_dags/example_dynamic_task_mapping.py
[2024-03-26T06:05:03.414+0000] {processor.py:839} INFO - DAG(s) dict_keys(['example_dynamic_task_mapping']) retrieved from /home/airflow/.local/lib/python3.8/site-packages/airflow/example_dags/example_dynamic_task_mapping.py
[2024-03-26T06:05:03.443+0000] {logging_mixin.py:151} INFO - [2024-03-26T06:05:03.442+0000] {dag.py:2915} INFO - Sync 1 DAGs
[2024-03-26T06:05:03.475+0000] {logging_mixin.py:151} INFO - [2024-03-26T06:05:03.475+0000] {dag.py:3696} INFO - Setting next_dagrun for example_dynamic_task_mapping to 2022-03-04T00:00:00+00:00, run_after=2022-03-05T00:00:00+00:00
[2024-03-26T06:05:03.504+0000] {processor.py:179} INFO - Processing /home/airflow/.local/lib/python3.8/site-packages/airflow/example_dags/example_dynamic_task_mapping.py took 0.109 seconds
[2024-03-26T06:05:34.207+0000] {processor.py:157} INFO - Started process (PID=210) to work on /home/airflow/.local/lib/python3.8/site-packages/airflow/example_dags/example_dynamic_task_mapping.py
[2024-03-26T06:05:34.209+0000] {processor.py:829} INFO - Processing file /home/airflow/.local/lib/python3.8/site-packages/airflow/example_dags/example_dynamic_task_mapping.py for tasks to queue
[2024-03-26T06:05:34.213+0000] {logging_mixin.py:151} INFO - [2024-03-26T06:05:34.212+0000] {dagbag.py:539} INFO - Filling up the DagBag from /home/airflow/.local/lib/python3.8/site-packages/airflow/example_dags/example_dynamic_task_mapping.py
[2024-03-26T06:05:34.222+0000] {processor.py:839} INFO - DAG(s) dict_keys(['example_dynamic_task_mapping']) retrieved from /home/airflow/.local/lib/python3.8/site-packages/airflow/example_dags/example_dynamic_task_mapping.py
[2024-03-26T06:05:34.251+0000] {logging_mixin.py:151} INFO - [2024-03-26T06:05:34.250+0000] {dag.py:2915} INFO - Sync 1 DAGs
[2024-03-26T06:05:34.280+0000] {logging_mixin.py:151} INFO - [2024-03-26T06:05:34.280+0000] {dag.py:3696} INFO - Setting next_dagrun for example_dynamic_task_mapping to 2022-03-04T00:00:00+00:00, run_after=2022-03-05T00:00:00+00:00
[2024-03-26T06:05:34.305+0000] {processor.py:179} INFO - Processing /home/airflow/.local/lib/python3.8/site-packages/airflow/example_dags/example_dynamic_task_mapping.py took 0.104 seconds
[2024-03-26T06:06:04.734+0000] {processor.py:157} INFO - Started process (PID=264) to work on /home/airflow/.local/lib/python3.8/site-packages/airflow/example_dags/example_dynamic_task_mapping.py
[2024-03-26T06:06:04.736+0000] {processor.py:829} INFO - Processing file /home/airflow/.local/lib/python3.8/site-packages/airflow/example_dags/example_dynamic_task_mapping.py for tasks to queue
[2024-03-26T06:06:04.741+0000] {logging_mixin.py:151} INFO - [2024-03-26T06:06:04.740+0000] {dagbag.py:539} INFO - Filling up the DagBag from /home/airflow/.local/lib/python3.8/site-packages/airflow/example_dags/example_dynamic_task_mapping.py
[2024-03-26T06:06:04.750+0000] {processor.py:839} INFO - DAG(s) dict_keys(['example_dynamic_task_mapping']) retrieved from /home/airflow/.local/lib/python3.8/site-packages/airflow/example_dags/example_dynamic_task_mapping.py
[2024-03-26T06:06:04.787+0000] {logging_mixin.py:151} INFO - [2024-03-26T06:06:04.787+0000] {dag.py:2915} INFO - Sync 1 DAGs
[2024-03-26T06:06:04.848+0000] {logging_mixin.py:151} INFO - [2024-03-26T06:06:04.848+0000] {dag.py:3696} INFO - Setting next_dagrun for example_dynamic_task_mapping to 2022-03-04T00:00:00+00:00, run_after=2022-03-05T00:00:00+00:00
[2024-03-26T06:06:04.914+0000] {processor.py:179} INFO - Processing /home/airflow/.local/lib/python3.8/site-packages/airflow/example_dags/example_dynamic_task_mapping.py took 0.185 seconds
[2024-03-26T06:06:37.265+0000] {processor.py:157} INFO - Started process (PID=318) to work on /home/airflow/.local/lib/python3.8/site-packages/airflow/example_dags/example_dynamic_task_mapping.py
[2024-03-26T06:06:37.372+0000] {processor.py:829} INFO - Processing file /home/airflow/.local/lib/python3.8/site-packages/airflow/example_dags/example_dynamic_task_mapping.py for tasks to queue
[2024-03-26T06:06:37.377+0000] {logging_mixin.py:151} INFO - [2024-03-26T06:06:37.376+0000] {dagbag.py:539} INFO - Filling up the DagBag from /home/airflow/.local/lib/python3.8/site-packages/airflow/example_dags/example_dynamic_task_mapping.py
[2024-03-26T06:06:37.545+0000] {processor.py:839} INFO - DAG(s) dict_keys(['example_dynamic_task_mapping']) retrieved from /home/airflow/.local/lib/python3.8/site-packages/airflow/example_dags/example_dynamic_task_mapping.py
[2024-03-26T06:06:37.781+0000] {logging_mixin.py:151} INFO - [2024-03-26T06:06:37.781+0000] {dag.py:2915} INFO - Sync 1 DAGs
[2024-03-26T06:06:38.028+0000] {logging_mixin.py:151} INFO - [2024-03-26T06:06:38.027+0000] {dag.py:3696} INFO - Setting next_dagrun for example_dynamic_task_mapping to 2022-03-04T00:00:00+00:00, run_after=2022-03-05T00:00:00+00:00
[2024-03-26T06:06:38.115+0000] {processor.py:179} INFO - Processing /home/airflow/.local/lib/python3.8/site-packages/airflow/example_dags/example_dynamic_task_mapping.py took 0.872 seconds
[2024-03-26T06:07:08.219+0000] {processor.py:157} INFO - Started process (PID=372) to work on /home/airflow/.local/lib/python3.8/site-packages/airflow/example_dags/example_dynamic_task_mapping.py
[2024-03-26T06:07:08.221+0000] {processor.py:829} INFO - Processing file /home/airflow/.local/lib/python3.8/site-packages/airflow/example_dags/example_dynamic_task_mapping.py for tasks to queue
[2024-03-26T06:07:08.223+0000] {logging_mixin.py:151} INFO - [2024-03-26T06:07:08.223+0000] {dagbag.py:539} INFO - Filling up the DagBag from /home/airflow/.local/lib/python3.8/site-packages/airflow/example_dags/example_dynamic_task_mapping.py
[2024-03-26T06:07:08.233+0000] {processor.py:839} INFO - DAG(s) dict_keys(['example_dynamic_task_mapping']) retrieved from /home/airflow/.local/lib/python3.8/site-packages/airflow/example_dags/example_dynamic_task_mapping.py
[2024-03-26T06:07:08.262+0000] {logging_mixin.py:151} INFO - [2024-03-26T06:07:08.262+0000] {dag.py:2915} INFO - Sync 1 DAGs
[2024-03-26T06:07:08.296+0000] {logging_mixin.py:151} INFO - [2024-03-26T06:07:08.296+0000] {dag.py:3696} INFO - Setting next_dagrun for example_dynamic_task_mapping to 2022-03-04T00:00:00+00:00, run_after=2022-03-05T00:00:00+00:00
[2024-03-26T06:07:08.334+0000] {processor.py:179} INFO - Processing /home/airflow/.local/lib/python3.8/site-packages/airflow/example_dags/example_dynamic_task_mapping.py took 0.119 seconds
[2024-03-26T06:07:38.835+0000] {processor.py:157} INFO - Started process (PID=426) to work on /home/airflow/.local/lib/python3.8/site-packages/airflow/example_dags/example_dynamic_task_mapping.py
[2024-03-26T06:07:38.838+0000] {processor.py:829} INFO - Processing file /home/airflow/.local/lib/python3.8/site-packages/airflow/example_dags/example_dynamic_task_mapping.py for tasks to queue
[2024-03-26T06:07:38.846+0000] {logging_mixin.py:151} INFO - [2024-03-26T06:07:38.845+0000] {dagbag.py:539} INFO - Filling up the DagBag from /home/airflow/.local/lib/python3.8/site-packages/airflow/example_dags/example_dynamic_task_mapping.py
[2024-03-26T06:07:38.867+0000] {processor.py:839} INFO - DAG(s) dict_keys(['example_dynamic_task_mapping']) retrieved from /home/airflow/.local/lib/python3.8/site-packages/airflow/example_dags/example_dynamic_task_mapping.py
[2024-03-26T06:07:38.925+0000] {logging_mixin.py:151} INFO - [2024-03-26T06:07:38.925+0000] {dag.py:2915} INFO - Sync 1 DAGs
[2024-03-26T06:07:38.967+0000] {logging_mixin.py:151} INFO - [2024-03-26T06:07:38.966+0000] {dag.py:3696} INFO - Setting next_dagrun for example_dynamic_task_mapping to 2022-03-04T00:00:00+00:00, run_after=2022-03-05T00:00:00+00:00
[2024-03-26T06:07:39.003+0000] {processor.py:179} INFO - Processing /home/airflow/.local/lib/python3.8/site-packages/airflow/example_dags/example_dynamic_task_mapping.py took 0.180 seconds
[2024-03-26T06:08:09.567+0000] {processor.py:157} INFO - Started process (PID=480) to work on /home/airflow/.local/lib/python3.8/site-packages/airflow/example_dags/example_dynamic_task_mapping.py
[2024-03-26T06:08:09.568+0000] {processor.py:829} INFO - Processing file /home/airflow/.local/lib/python3.8/site-packages/airflow/example_dags/example_dynamic_task_mapping.py for tasks to queue
[2024-03-26T06:08:09.572+0000] {logging_mixin.py:151} INFO - [2024-03-26T06:08:09.571+0000] {dagbag.py:539} INFO - Filling up the DagBag from /home/airflow/.local/lib/python3.8/site-packages/airflow/example_dags/example_dynamic_task_mapping.py
[2024-03-26T06:08:09.584+0000] {processor.py:839} INFO - DAG(s) dict_keys(['example_dynamic_task_mapping']) retrieved from /home/airflow/.local/lib/python3.8/site-packages/airflow/example_dags/example_dynamic_task_mapping.py
[2024-03-26T06:08:09.620+0000] {logging_mixin.py:151} INFO - [2024-03-26T06:08:09.620+0000] {dag.py:2915} INFO - Sync 1 DAGs
[2024-03-26T06:08:09.658+0000] {logging_mixin.py:151} INFO - [2024-03-26T06:08:09.657+0000] {dag.py:3696} INFO - Setting next_dagrun for example_dynamic_task_mapping to 2022-03-04T00:00:00+00:00, run_after=2022-03-05T00:00:00+00:00
[2024-03-26T06:08:09.683+0000] {processor.py:179} INFO - Processing /home/airflow/.local/lib/python3.8/site-packages/airflow/example_dags/example_dynamic_task_mapping.py took 0.120 seconds
[2024-03-26T06:08:39.880+0000] {processor.py:157} INFO - Started process (PID=534) to work on /home/airflow/.local/lib/python3.8/site-packages/airflow/example_dags/example_dynamic_task_mapping.py
[2024-03-26T06:08:39.882+0000] {processor.py:829} INFO - Processing file /home/airflow/.local/lib/python3.8/site-packages/airflow/example_dags/example_dynamic_task_mapping.py for tasks to queue
[2024-03-26T06:08:39.886+0000] {logging_mixin.py:151} INFO - [2024-03-26T06:08:39.886+0000] {dagbag.py:539} INFO - Filling up the DagBag from /home/airflow/.local/lib/python3.8/site-packages/airflow/example_dags/example_dynamic_task_mapping.py
[2024-03-26T06:08:39.895+0000] {processor.py:839} INFO - DAG(s) dict_keys(['example_dynamic_task_mapping']) retrieved from /home/airflow/.local/lib/python3.8/site-packages/airflow/example_dags/example_dynamic_task_mapping.py
[2024-03-26T06:08:39.920+0000] {logging_mixin.py:151} INFO - [2024-03-26T06:08:39.919+0000] {dag.py:2915} INFO - Sync 1 DAGs
[2024-03-26T06:08:39.947+0000] {logging_mixin.py:151} INFO - [2024-03-26T06:08:39.947+0000] {dag.py:3696} INFO - Setting next_dagrun for example_dynamic_task_mapping to 2022-03-04T00:00:00+00:00, run_after=2022-03-05T00:00:00+00:00
[2024-03-26T06:08:39.974+0000] {processor.py:179} INFO - Processing /home/airflow/.local/lib/python3.8/site-packages/airflow/example_dags/example_dynamic_task_mapping.py took 0.097 seconds
[2024-03-26T06:09:10.215+0000] {processor.py:157} INFO - Started process (PID=588) to work on /home/airflow/.local/lib/python3.8/site-packages/airflow/example_dags/example_dynamic_task_mapping.py
[2024-03-26T06:09:10.216+0000] {processor.py:829} INFO - Processing file /home/airflow/.local/lib/python3.8/site-packages/airflow/example_dags/example_dynamic_task_mapping.py for tasks to queue
[2024-03-26T06:09:10.219+0000] {logging_mixin.py:151} INFO - [2024-03-26T06:09:10.219+0000] {dagbag.py:539} INFO - Filling up the DagBag from /home/airflow/.local/lib/python3.8/site-packages/airflow/example_dags/example_dynamic_task_mapping.py
[2024-03-26T06:09:10.227+0000] {processor.py:839} INFO - DAG(s) dict_keys(['example_dynamic_task_mapping']) retrieved from /home/airflow/.local/lib/python3.8/site-packages/airflow/example_dags/example_dynamic_task_mapping.py
[2024-03-26T06:09:10.255+0000] {logging_mixin.py:151} INFO - [2024-03-26T06:09:10.254+0000] {dag.py:2915} INFO - Sync 1 DAGs
[2024-03-26T06:09:10.285+0000] {logging_mixin.py:151} INFO - [2024-03-26T06:09:10.285+0000] {dag.py:3696} INFO - Setting next_dagrun for example_dynamic_task_mapping to 2022-03-04T00:00:00+00:00, run_after=2022-03-05T00:00:00+00:00
[2024-03-26T06:09:10.308+0000] {processor.py:179} INFO - Processing /home/airflow/.local/lib/python3.8/site-packages/airflow/example_dags/example_dynamic_task_mapping.py took 0.096 seconds
[2024-03-26T06:09:40.928+0000] {processor.py:157} INFO - Started process (PID=642) to work on /home/airflow/.local/lib/python3.8/site-packages/airflow/example_dags/example_dynamic_task_mapping.py
[2024-03-26T06:09:40.930+0000] {processor.py:829} INFO - Processing file /home/airflow/.local/lib/python3.8/site-packages/airflow/example_dags/example_dynamic_task_mapping.py for tasks to queue
[2024-03-26T06:09:40.933+0000] {logging_mixin.py:151} INFO - [2024-03-26T06:09:40.933+0000] {dagbag.py:539} INFO - Filling up the DagBag from /home/airflow/.local/lib/python3.8/site-packages/airflow/example_dags/example_dynamic_task_mapping.py
[2024-03-26T06:09:40.942+0000] {processor.py:839} INFO - DAG(s) dict_keys(['example_dynamic_task_mapping']) retrieved from /home/airflow/.local/lib/python3.8/site-packages/airflow/example_dags/example_dynamic_task_mapping.py
[2024-03-26T06:09:40.966+0000] {logging_mixin.py:151} INFO - [2024-03-26T06:09:40.966+0000] {dag.py:2915} INFO - Sync 1 DAGs
[2024-03-26T06:09:40.995+0000] {logging_mixin.py:151} INFO - [2024-03-26T06:09:40.995+0000] {dag.py:3696} INFO - Setting next_dagrun for example_dynamic_task_mapping to 2022-03-04T00:00:00+00:00, run_after=2022-03-05T00:00:00+00:00
[2024-03-26T06:09:41.028+0000] {processor.py:179} INFO - Processing /home/airflow/.local/lib/python3.8/site-packages/airflow/example_dags/example_dynamic_task_mapping.py took 0.104 seconds
[2024-03-26T06:10:11.610+0000] {processor.py:157} INFO - Started process (PID=696) to work on /home/airflow/.local/lib/python3.8/site-packages/airflow/example_dags/example_dynamic_task_mapping.py
[2024-03-26T06:10:11.612+0000] {processor.py:829} INFO - Processing file /home/airflow/.local/lib/python3.8/site-packages/airflow/example_dags/example_dynamic_task_mapping.py for tasks to queue
[2024-03-26T06:10:11.615+0000] {logging_mixin.py:151} INFO - [2024-03-26T06:10:11.615+0000] {dagbag.py:539} INFO - Filling up the DagBag from /home/airflow/.local/lib/python3.8/site-packages/airflow/example_dags/example_dynamic_task_mapping.py
[2024-03-26T06:10:11.622+0000] {processor.py:839} INFO - DAG(s) dict_keys(['example_dynamic_task_mapping']) retrieved from /home/airflow/.local/lib/python3.8/site-packages/airflow/example_dags/example_dynamic_task_mapping.py
[2024-03-26T06:10:11.644+0000] {logging_mixin.py:151} INFO - [2024-03-26T06:10:11.644+0000] {dag.py:2915} INFO - Sync 1 DAGs
[2024-03-26T06:10:11.672+0000] {logging_mixin.py:151} INFO - [2024-03-26T06:10:11.671+0000] {dag.py:3696} INFO - Setting next_dagrun for example_dynamic_task_mapping to 2022-03-04T00:00:00+00:00, run_after=2022-03-05T00:00:00+00:00
[2024-03-26T06:10:11.696+0000] {processor.py:179} INFO - Processing /home/airflow/.local/lib/python3.8/site-packages/airflow/example_dags/example_dynamic_task_mapping.py took 0.089 seconds
[2024-03-26T06:10:42.148+0000] {processor.py:157} INFO - Started process (PID=750) to work on /home/airflow/.local/lib/python3.8/site-packages/airflow/example_dags/example_dynamic_task_mapping.py
[2024-03-26T06:10:42.150+0000] {processor.py:829} INFO - Processing file /home/airflow/.local/lib/python3.8/site-packages/airflow/example_dags/example_dynamic_task_mapping.py for tasks to queue
[2024-03-26T06:10:42.154+0000] {logging_mixin.py:151} INFO - [2024-03-26T06:10:42.154+0000] {dagbag.py:539} INFO - Filling up the DagBag from /home/airflow/.local/lib/python3.8/site-packages/airflow/example_dags/example_dynamic_task_mapping.py
[2024-03-26T06:10:42.162+0000] {processor.py:839} INFO - DAG(s) dict_keys(['example_dynamic_task_mapping']) retrieved from /home/airflow/.local/lib/python3.8/site-packages/airflow/example_dags/example_dynamic_task_mapping.py
[2024-03-26T06:10:42.189+0000] {logging_mixin.py:151} INFO - [2024-03-26T06:10:42.189+0000] {dag.py:2915} INFO - Sync 1 DAGs
[2024-03-26T06:10:42.215+0000] {logging_mixin.py:151} INFO - [2024-03-26T06:10:42.215+0000] {dag.py:3696} INFO - Setting next_dagrun for example_dynamic_task_mapping to 2022-03-04T00:00:00+00:00, run_after=2022-03-05T00:00:00+00:00
[2024-03-26T06:10:42.240+0000] {processor.py:179} INFO - Processing /home/airflow/.local/lib/python3.8/site-packages/airflow/example_dags/example_dynamic_task_mapping.py took 0.096 seconds
[2024-03-26T06:11:12.750+0000] {processor.py:157} INFO - Started process (PID=804) to work on /home/airflow/.local/lib/python3.8/site-packages/airflow/example_dags/example_dynamic_task_mapping.py
[2024-03-26T06:11:12.752+0000] {processor.py:829} INFO - Processing file /home/airflow/.local/lib/python3.8/site-packages/airflow/example_dags/example_dynamic_task_mapping.py for tasks to queue
[2024-03-26T06:11:12.755+0000] {logging_mixin.py:151} INFO - [2024-03-26T06:11:12.755+0000] {dagbag.py:539} INFO - Filling up the DagBag from /home/airflow/.local/lib/python3.8/site-packages/airflow/example_dags/example_dynamic_task_mapping.py
[2024-03-26T06:11:12.762+0000] {processor.py:839} INFO - DAG(s) dict_keys(['example_dynamic_task_mapping']) retrieved from /home/airflow/.local/lib/python3.8/site-packages/airflow/example_dags/example_dynamic_task_mapping.py
[2024-03-26T06:11:12.788+0000] {logging_mixin.py:151} INFO - [2024-03-26T06:11:12.788+0000] {dag.py:2915} INFO - Sync 1 DAGs
[2024-03-26T06:11:12.820+0000] {logging_mixin.py:151} INFO - [2024-03-26T06:11:12.819+0000] {dag.py:3696} INFO - Setting next_dagrun for example_dynamic_task_mapping to 2022-03-04T00:00:00+00:00, run_after=2022-03-05T00:00:00+00:00
[2024-03-26T06:11:12.853+0000] {processor.py:179} INFO - Processing /home/airflow/.local/lib/python3.8/site-packages/airflow/example_dags/example_dynamic_task_mapping.py took 0.105 seconds
[2024-03-26T06:11:43.086+0000] {processor.py:157} INFO - Started process (PID=858) to work on /home/airflow/.local/lib/python3.8/site-packages/airflow/example_dags/example_dynamic_task_mapping.py
[2024-03-26T06:11:43.088+0000] {processor.py:829} INFO - Processing file /home/airflow/.local/lib/python3.8/site-packages/airflow/example_dags/example_dynamic_task_mapping.py for tasks to queue
[2024-03-26T06:11:43.093+0000] {logging_mixin.py:151} INFO - [2024-03-26T06:11:43.092+0000] {dagbag.py:539} INFO - Filling up the DagBag from /home/airflow/.local/lib/python3.8/site-packages/airflow/example_dags/example_dynamic_task_mapping.py
[2024-03-26T06:11:43.101+0000] {processor.py:839} INFO - DAG(s) dict_keys(['example_dynamic_task_mapping']) retrieved from /home/airflow/.local/lib/python3.8/site-packages/airflow/example_dags/example_dynamic_task_mapping.py
[2024-03-26T06:11:43.126+0000] {logging_mixin.py:151} INFO - [2024-03-26T06:11:43.126+0000] {dag.py:2915} INFO - Sync 1 DAGs
[2024-03-26T06:11:43.152+0000] {logging_mixin.py:151} INFO - [2024-03-26T06:11:43.151+0000] {dag.py:3696} INFO - Setting next_dagrun for example_dynamic_task_mapping to 2022-03-04T00:00:00+00:00, run_after=2022-03-05T00:00:00+00:00
[2024-03-26T06:11:43.174+0000] {processor.py:179} INFO - Processing /home/airflow/.local/lib/python3.8/site-packages/airflow/example_dags/example_dynamic_task_mapping.py took 0.091 seconds
[2024-03-26T06:12:13.608+0000] {processor.py:157} INFO - Started process (PID=912) to work on /home/airflow/.local/lib/python3.8/site-packages/airflow/example_dags/example_dynamic_task_mapping.py
[2024-03-26T06:12:13.610+0000] {processor.py:829} INFO - Processing file /home/airflow/.local/lib/python3.8/site-packages/airflow/example_dags/example_dynamic_task_mapping.py for tasks to queue
[2024-03-26T06:12:13.614+0000] {logging_mixin.py:151} INFO - [2024-03-26T06:12:13.613+0000] {dagbag.py:539} INFO - Filling up the DagBag from /home/airflow/.local/lib/python3.8/site-packages/airflow/example_dags/example_dynamic_task_mapping.py
[2024-03-26T06:12:13.623+0000] {processor.py:839} INFO - DAG(s) dict_keys(['example_dynamic_task_mapping']) retrieved from /home/airflow/.local/lib/python3.8/site-packages/airflow/example_dags/example_dynamic_task_mapping.py
[2024-03-26T06:12:13.649+0000] {logging_mixin.py:151} INFO - [2024-03-26T06:12:13.649+0000] {dag.py:2915} INFO - Sync 1 DAGs
[2024-03-26T06:12:13.675+0000] {logging_mixin.py:151} INFO - [2024-03-26T06:12:13.674+0000] {dag.py:3696} INFO - Setting next_dagrun for example_dynamic_task_mapping to 2022-03-04T00:00:00+00:00, run_after=2022-03-05T00:00:00+00:00
[2024-03-26T06:12:13.708+0000] {processor.py:179} INFO - Processing /home/airflow/.local/lib/python3.8/site-packages/airflow/example_dags/example_dynamic_task_mapping.py took 0.105 seconds
[2024-03-26T06:12:44.084+0000] {processor.py:157} INFO - Started process (PID=966) to work on /home/airflow/.local/lib/python3.8/site-packages/airflow/example_dags/example_dynamic_task_mapping.py
[2024-03-26T06:12:44.086+0000] {processor.py:829} INFO - Processing file /home/airflow/.local/lib/python3.8/site-packages/airflow/example_dags/example_dynamic_task_mapping.py for tasks to queue
[2024-03-26T06:12:44.090+0000] {logging_mixin.py:151} INFO - [2024-03-26T06:12:44.089+0000] {dagbag.py:539} INFO - Filling up the DagBag from /home/airflow/.local/lib/python3.8/site-packages/airflow/example_dags/example_dynamic_task_mapping.py
[2024-03-26T06:12:44.097+0000] {processor.py:839} INFO - DAG(s) dict_keys(['example_dynamic_task_mapping']) retrieved from /home/airflow/.local/lib/python3.8/site-packages/airflow/example_dags/example_dynamic_task_mapping.py
[2024-03-26T06:12:44.121+0000] {logging_mixin.py:151} INFO - [2024-03-26T06:12:44.121+0000] {dag.py:2915} INFO - Sync 1 DAGs
[2024-03-26T06:12:44.143+0000] {logging_mixin.py:151} INFO - [2024-03-26T06:12:44.143+0000] {dag.py:3696} INFO - Setting next_dagrun for example_dynamic_task_mapping to 2022-03-04T00:00:00+00:00, run_after=2022-03-05T00:00:00+00:00
[2024-03-26T06:12:44.161+0000] {processor.py:179} INFO - Processing /home/airflow/.local/lib/python3.8/site-packages/airflow/example_dags/example_dynamic_task_mapping.py took 0.081 seconds
[2024-03-26T06:19:05.656+0000] {processor.py:157} INFO - Started process (PID=997) to work on /home/airflow/.local/lib/python3.8/site-packages/airflow/example_dags/example_dynamic_task_mapping.py
[2024-03-26T06:19:05.660+0000] {processor.py:829} INFO - Processing file /home/airflow/.local/lib/python3.8/site-packages/airflow/example_dags/example_dynamic_task_mapping.py for tasks to queue
[2024-03-26T06:19:05.673+0000] {logging_mixin.py:151} INFO - [2024-03-26T06:19:05.673+0000] {dagbag.py:539} INFO - Filling up the DagBag from /home/airflow/.local/lib/python3.8/site-packages/airflow/example_dags/example_dynamic_task_mapping.py
[2024-03-26T06:19:05.682+0000] {processor.py:839} INFO - DAG(s) dict_keys(['example_dynamic_task_mapping']) retrieved from /home/airflow/.local/lib/python3.8/site-packages/airflow/example_dags/example_dynamic_task_mapping.py
[2024-03-26T06:19:05.732+0000] {logging_mixin.py:151} INFO - [2024-03-26T06:19:05.732+0000] {dag.py:2915} INFO - Sync 1 DAGs
[2024-03-26T06:19:05.829+0000] {logging_mixin.py:151} INFO - [2024-03-26T06:19:05.829+0000] {dag.py:3696} INFO - Setting next_dagrun for example_dynamic_task_mapping to 2022-03-04T00:00:00+00:00, run_after=2022-03-05T00:00:00+00:00
[2024-03-26T06:19:05.880+0000] {processor.py:179} INFO - Processing /home/airflow/.local/lib/python3.8/site-packages/airflow/example_dags/example_dynamic_task_mapping.py took 0.228 seconds
[2024-03-26T06:19:36.254+0000] {processor.py:157} INFO - Started process (PID=1051) to work on /home/airflow/.local/lib/python3.8/site-packages/airflow/example_dags/example_dynamic_task_mapping.py
[2024-03-26T06:19:36.255+0000] {processor.py:829} INFO - Processing file /home/airflow/.local/lib/python3.8/site-packages/airflow/example_dags/example_dynamic_task_mapping.py for tasks to queue
[2024-03-26T06:19:36.259+0000] {logging_mixin.py:151} INFO - [2024-03-26T06:19:36.259+0000] {dagbag.py:539} INFO - Filling up the DagBag from /home/airflow/.local/lib/python3.8/site-packages/airflow/example_dags/example_dynamic_task_mapping.py
[2024-03-26T06:19:36.267+0000] {processor.py:839} INFO - DAG(s) dict_keys(['example_dynamic_task_mapping']) retrieved from /home/airflow/.local/lib/python3.8/site-packages/airflow/example_dags/example_dynamic_task_mapping.py
[2024-03-26T06:19:36.301+0000] {logging_mixin.py:151} INFO - [2024-03-26T06:19:36.301+0000] {dag.py:2915} INFO - Sync 1 DAGs
[2024-03-26T06:19:36.328+0000] {logging_mixin.py:151} INFO - [2024-03-26T06:19:36.328+0000] {dag.py:3696} INFO - Setting next_dagrun for example_dynamic_task_mapping to 2022-03-04T00:00:00+00:00, run_after=2022-03-05T00:00:00+00:00
[2024-03-26T06:19:36.362+0000] {processor.py:179} INFO - Processing /home/airflow/.local/lib/python3.8/site-packages/airflow/example_dags/example_dynamic_task_mapping.py took 0.112 seconds
[2024-03-26T06:20:06.507+0000] {processor.py:157} INFO - Started process (PID=1105) to work on /home/airflow/.local/lib/python3.8/site-packages/airflow/example_dags/example_dynamic_task_mapping.py
[2024-03-26T06:20:06.508+0000] {processor.py:829} INFO - Processing file /home/airflow/.local/lib/python3.8/site-packages/airflow/example_dags/example_dynamic_task_mapping.py for tasks to queue
[2024-03-26T06:20:06.511+0000] {logging_mixin.py:151} INFO - [2024-03-26T06:20:06.510+0000] {dagbag.py:539} INFO - Filling up the DagBag from /home/airflow/.local/lib/python3.8/site-packages/airflow/example_dags/example_dynamic_task_mapping.py
[2024-03-26T06:20:06.519+0000] {processor.py:839} INFO - DAG(s) dict_keys(['example_dynamic_task_mapping']) retrieved from /home/airflow/.local/lib/python3.8/site-packages/airflow/example_dags/example_dynamic_task_mapping.py
[2024-03-26T06:20:06.541+0000] {logging_mixin.py:151} INFO - [2024-03-26T06:20:06.541+0000] {dag.py:2915} INFO - Sync 1 DAGs
[2024-03-26T06:20:06.571+0000] {logging_mixin.py:151} INFO - [2024-03-26T06:20:06.571+0000] {dag.py:3696} INFO - Setting next_dagrun for example_dynamic_task_mapping to 2022-03-04T00:00:00+00:00, run_after=2022-03-05T00:00:00+00:00
[2024-03-26T06:20:06.593+0000] {processor.py:179} INFO - Processing /home/airflow/.local/lib/python3.8/site-packages/airflow/example_dags/example_dynamic_task_mapping.py took 0.091 seconds
[2024-03-26T06:20:36.998+0000] {processor.py:157} INFO - Started process (PID=1159) to work on /home/airflow/.local/lib/python3.8/site-packages/airflow/example_dags/example_dynamic_task_mapping.py
[2024-03-26T06:20:36.999+0000] {processor.py:829} INFO - Processing file /home/airflow/.local/lib/python3.8/site-packages/airflow/example_dags/example_dynamic_task_mapping.py for tasks to queue
[2024-03-26T06:20:37.002+0000] {logging_mixin.py:151} INFO - [2024-03-26T06:20:37.002+0000] {dagbag.py:539} INFO - Filling up the DagBag from /home/airflow/.local/lib/python3.8/site-packages/airflow/example_dags/example_dynamic_task_mapping.py
[2024-03-26T06:20:37.013+0000] {processor.py:839} INFO - DAG(s) dict_keys(['example_dynamic_task_mapping']) retrieved from /home/airflow/.local/lib/python3.8/site-packages/airflow/example_dags/example_dynamic_task_mapping.py
[2024-03-26T06:20:37.039+0000] {logging_mixin.py:151} INFO - [2024-03-26T06:20:37.039+0000] {dag.py:2915} INFO - Sync 1 DAGs
[2024-03-26T06:20:37.065+0000] {logging_mixin.py:151} INFO - [2024-03-26T06:20:37.065+0000] {dag.py:3696} INFO - Setting next_dagrun for example_dynamic_task_mapping to 2022-03-04T00:00:00+00:00, run_after=2022-03-05T00:00:00+00:00
[2024-03-26T06:20:37.086+0000] {processor.py:179} INFO - Processing /home/airflow/.local/lib/python3.8/site-packages/airflow/example_dags/example_dynamic_task_mapping.py took 0.093 seconds
[2024-03-26T06:21:07.474+0000] {processor.py:157} INFO - Started process (PID=1213) to work on /home/airflow/.local/lib/python3.8/site-packages/airflow/example_dags/example_dynamic_task_mapping.py
[2024-03-26T06:21:07.475+0000] {processor.py:829} INFO - Processing file /home/airflow/.local/lib/python3.8/site-packages/airflow/example_dags/example_dynamic_task_mapping.py for tasks to queue
[2024-03-26T06:21:07.479+0000] {logging_mixin.py:151} INFO - [2024-03-26T06:21:07.479+0000] {dagbag.py:539} INFO - Filling up the DagBag from /home/airflow/.local/lib/python3.8/site-packages/airflow/example_dags/example_dynamic_task_mapping.py
[2024-03-26T06:21:07.486+0000] {processor.py:839} INFO - DAG(s) dict_keys(['example_dynamic_task_mapping']) retrieved from /home/airflow/.local/lib/python3.8/site-packages/airflow/example_dags/example_dynamic_task_mapping.py
[2024-03-26T06:21:07.509+0000] {logging_mixin.py:151} INFO - [2024-03-26T06:21:07.509+0000] {dag.py:2915} INFO - Sync 1 DAGs
[2024-03-26T06:21:07.536+0000] {logging_mixin.py:151} INFO - [2024-03-26T06:21:07.536+0000] {dag.py:3696} INFO - Setting next_dagrun for example_dynamic_task_mapping to 2022-03-04T00:00:00+00:00, run_after=2022-03-05T00:00:00+00:00
[2024-03-26T06:21:07.557+0000] {processor.py:179} INFO - Processing /home/airflow/.local/lib/python3.8/site-packages/airflow/example_dags/example_dynamic_task_mapping.py took 0.089 seconds
[2024-03-26T06:21:38.372+0000] {processor.py:157} INFO - Started process (PID=1267) to work on /home/airflow/.local/lib/python3.8/site-packages/airflow/example_dags/example_dynamic_task_mapping.py
[2024-03-26T06:21:38.374+0000] {processor.py:829} INFO - Processing file /home/airflow/.local/lib/python3.8/site-packages/airflow/example_dags/example_dynamic_task_mapping.py for tasks to queue
[2024-03-26T06:21:38.376+0000] {logging_mixin.py:151} INFO - [2024-03-26T06:21:38.376+0000] {dagbag.py:539} INFO - Filling up the DagBag from /home/airflow/.local/lib/python3.8/site-packages/airflow/example_dags/example_dynamic_task_mapping.py
[2024-03-26T06:21:38.384+0000] {processor.py:839} INFO - DAG(s) dict_keys(['example_dynamic_task_mapping']) retrieved from /home/airflow/.local/lib/python3.8/site-packages/airflow/example_dags/example_dynamic_task_mapping.py
[2024-03-26T06:21:38.408+0000] {logging_mixin.py:151} INFO - [2024-03-26T06:21:38.407+0000] {dag.py:2915} INFO - Sync 1 DAGs
[2024-03-26T06:21:38.442+0000] {logging_mixin.py:151} INFO - [2024-03-26T06:21:38.442+0000] {dag.py:3696} INFO - Setting next_dagrun for example_dynamic_task_mapping to 2022-03-04T00:00:00+00:00, run_after=2022-03-05T00:00:00+00:00
[2024-03-26T06:21:38.465+0000] {processor.py:179} INFO - Processing /home/airflow/.local/lib/python3.8/site-packages/airflow/example_dags/example_dynamic_task_mapping.py took 0.097 seconds
[2024-03-26T06:22:09.102+0000] {processor.py:157} INFO - Started process (PID=1321) to work on /home/airflow/.local/lib/python3.8/site-packages/airflow/example_dags/example_dynamic_task_mapping.py
[2024-03-26T06:22:09.103+0000] {processor.py:829} INFO - Processing file /home/airflow/.local/lib/python3.8/site-packages/airflow/example_dags/example_dynamic_task_mapping.py for tasks to queue
[2024-03-26T06:22:09.106+0000] {logging_mixin.py:151} INFO - [2024-03-26T06:22:09.106+0000] {dagbag.py:539} INFO - Filling up the DagBag from /home/airflow/.local/lib/python3.8/site-packages/airflow/example_dags/example_dynamic_task_mapping.py
[2024-03-26T06:22:09.119+0000] {processor.py:839} INFO - DAG(s) dict_keys(['example_dynamic_task_mapping']) retrieved from /home/airflow/.local/lib/python3.8/site-packages/airflow/example_dags/example_dynamic_task_mapping.py
[2024-03-26T06:22:09.148+0000] {logging_mixin.py:151} INFO - [2024-03-26T06:22:09.147+0000] {dag.py:2915} INFO - Sync 1 DAGs
[2024-03-26T06:22:09.179+0000] {logging_mixin.py:151} INFO - [2024-03-26T06:22:09.179+0000] {dag.py:3696} INFO - Setting next_dagrun for example_dynamic_task_mapping to 2022-03-04T00:00:00+00:00, run_after=2022-03-05T00:00:00+00:00
[2024-03-26T06:22:09.209+0000] {processor.py:179} INFO - Processing /home/airflow/.local/lib/python3.8/site-packages/airflow/example_dags/example_dynamic_task_mapping.py took 0.112 seconds
[2024-03-26T06:22:39.589+0000] {processor.py:157} INFO - Started process (PID=1375) to work on /home/airflow/.local/lib/python3.8/site-packages/airflow/example_dags/example_dynamic_task_mapping.py
[2024-03-26T06:22:39.591+0000] {processor.py:829} INFO - Processing file /home/airflow/.local/lib/python3.8/site-packages/airflow/example_dags/example_dynamic_task_mapping.py for tasks to queue
[2024-03-26T06:22:39.594+0000] {logging_mixin.py:151} INFO - [2024-03-26T06:22:39.593+0000] {dagbag.py:539} INFO - Filling up the DagBag from /home/airflow/.local/lib/python3.8/site-packages/airflow/example_dags/example_dynamic_task_mapping.py
[2024-03-26T06:22:39.603+0000] {processor.py:839} INFO - DAG(s) dict_keys(['example_dynamic_task_mapping']) retrieved from /home/airflow/.local/lib/python3.8/site-packages/airflow/example_dags/example_dynamic_task_mapping.py
[2024-03-26T06:22:39.628+0000] {logging_mixin.py:151} INFO - [2024-03-26T06:22:39.628+0000] {dag.py:2915} INFO - Sync 1 DAGs
[2024-03-26T06:22:39.656+0000] {logging_mixin.py:151} INFO - [2024-03-26T06:22:39.656+0000] {dag.py:3696} INFO - Setting next_dagrun for example_dynamic_task_mapping to 2022-03-04T00:00:00+00:00, run_after=2022-03-05T00:00:00+00:00
[2024-03-26T06:22:39.678+0000] {processor.py:179} INFO - Processing /home/airflow/.local/lib/python3.8/site-packages/airflow/example_dags/example_dynamic_task_mapping.py took 0.093 seconds
[2024-03-26T06:23:10.229+0000] {processor.py:157} INFO - Started process (PID=1429) to work on /home/airflow/.local/lib/python3.8/site-packages/airflow/example_dags/example_dynamic_task_mapping.py
[2024-03-26T06:23:10.230+0000] {processor.py:829} INFO - Processing file /home/airflow/.local/lib/python3.8/site-packages/airflow/example_dags/example_dynamic_task_mapping.py for tasks to queue
[2024-03-26T06:23:10.233+0000] {logging_mixin.py:151} INFO - [2024-03-26T06:23:10.233+0000] {dagbag.py:539} INFO - Filling up the DagBag from /home/airflow/.local/lib/python3.8/site-packages/airflow/example_dags/example_dynamic_task_mapping.py
[2024-03-26T06:23:10.242+0000] {processor.py:839} INFO - DAG(s) dict_keys(['example_dynamic_task_mapping']) retrieved from /home/airflow/.local/lib/python3.8/site-packages/airflow/example_dags/example_dynamic_task_mapping.py
[2024-03-26T06:23:10.272+0000] {logging_mixin.py:151} INFO - [2024-03-26T06:23:10.272+0000] {dag.py:2915} INFO - Sync 1 DAGs
[2024-03-26T06:23:10.303+0000] {logging_mixin.py:151} INFO - [2024-03-26T06:23:10.302+0000] {dag.py:3696} INFO - Setting next_dagrun for example_dynamic_task_mapping to 2022-03-04T00:00:00+00:00, run_after=2022-03-05T00:00:00+00:00
[2024-03-26T06:23:10.329+0000] {processor.py:179} INFO - Processing /home/airflow/.local/lib/python3.8/site-packages/airflow/example_dags/example_dynamic_task_mapping.py took 0.104 seconds
[2024-03-26T06:23:40.756+0000] {processor.py:157} INFO - Started process (PID=1483) to work on /home/airflow/.local/lib/python3.8/site-packages/airflow/example_dags/example_dynamic_task_mapping.py
[2024-03-26T06:23:40.758+0000] {processor.py:829} INFO - Processing file /home/airflow/.local/lib/python3.8/site-packages/airflow/example_dags/example_dynamic_task_mapping.py for tasks to queue
[2024-03-26T06:23:40.760+0000] {logging_mixin.py:151} INFO - [2024-03-26T06:23:40.760+0000] {dagbag.py:539} INFO - Filling up the DagBag from /home/airflow/.local/lib/python3.8/site-packages/airflow/example_dags/example_dynamic_task_mapping.py
[2024-03-26T06:23:40.770+0000] {processor.py:839} INFO - DAG(s) dict_keys(['example_dynamic_task_mapping']) retrieved from /home/airflow/.local/lib/python3.8/site-packages/airflow/example_dags/example_dynamic_task_mapping.py
[2024-03-26T06:23:40.795+0000] {logging_mixin.py:151} INFO - [2024-03-26T06:23:40.794+0000] {dag.py:2915} INFO - Sync 1 DAGs
[2024-03-26T06:23:40.827+0000] {logging_mixin.py:151} INFO - [2024-03-26T06:23:40.827+0000] {dag.py:3696} INFO - Setting next_dagrun for example_dynamic_task_mapping to 2022-03-04T00:00:00+00:00, run_after=2022-03-05T00:00:00+00:00
[2024-03-26T06:23:40.849+0000] {processor.py:179} INFO - Processing /home/airflow/.local/lib/python3.8/site-packages/airflow/example_dags/example_dynamic_task_mapping.py took 0.098 seconds
[2024-03-26T06:24:11.446+0000] {processor.py:157} INFO - Started process (PID=1537) to work on /home/airflow/.local/lib/python3.8/site-packages/airflow/example_dags/example_dynamic_task_mapping.py
[2024-03-26T06:24:11.447+0000] {processor.py:829} INFO - Processing file /home/airflow/.local/lib/python3.8/site-packages/airflow/example_dags/example_dynamic_task_mapping.py for tasks to queue
[2024-03-26T06:24:11.450+0000] {logging_mixin.py:151} INFO - [2024-03-26T06:24:11.449+0000] {dagbag.py:539} INFO - Filling up the DagBag from /home/airflow/.local/lib/python3.8/site-packages/airflow/example_dags/example_dynamic_task_mapping.py
[2024-03-26T06:24:11.458+0000] {processor.py:839} INFO - DAG(s) dict_keys(['example_dynamic_task_mapping']) retrieved from /home/airflow/.local/lib/python3.8/site-packages/airflow/example_dags/example_dynamic_task_mapping.py
[2024-03-26T06:24:11.482+0000] {logging_mixin.py:151} INFO - [2024-03-26T06:24:11.482+0000] {dag.py:2915} INFO - Sync 1 DAGs
[2024-03-26T06:24:11.510+0000] {logging_mixin.py:151} INFO - [2024-03-26T06:24:11.510+0000] {dag.py:3696} INFO - Setting next_dagrun for example_dynamic_task_mapping to 2022-03-04T00:00:00+00:00, run_after=2022-03-05T00:00:00+00:00
[2024-03-26T06:24:11.535+0000] {processor.py:179} INFO - Processing /home/airflow/.local/lib/python3.8/site-packages/airflow/example_dags/example_dynamic_task_mapping.py took 0.093 seconds
[2024-03-26T06:24:42.176+0000] {processor.py:157} INFO - Started process (PID=1591) to work on /home/airflow/.local/lib/python3.8/site-packages/airflow/example_dags/example_dynamic_task_mapping.py
[2024-03-26T06:24:42.177+0000] {processor.py:829} INFO - Processing file /home/airflow/.local/lib/python3.8/site-packages/airflow/example_dags/example_dynamic_task_mapping.py for tasks to queue
[2024-03-26T06:24:42.180+0000] {logging_mixin.py:151} INFO - [2024-03-26T06:24:42.180+0000] {dagbag.py:539} INFO - Filling up the DagBag from /home/airflow/.local/lib/python3.8/site-packages/airflow/example_dags/example_dynamic_task_mapping.py
[2024-03-26T06:24:42.188+0000] {processor.py:839} INFO - DAG(s) dict_keys(['example_dynamic_task_mapping']) retrieved from /home/airflow/.local/lib/python3.8/site-packages/airflow/example_dags/example_dynamic_task_mapping.py
[2024-03-26T06:24:42.211+0000] {logging_mixin.py:151} INFO - [2024-03-26T06:24:42.211+0000] {dag.py:2915} INFO - Sync 1 DAGs
[2024-03-26T06:24:42.237+0000] {logging_mixin.py:151} INFO - [2024-03-26T06:24:42.237+0000] {dag.py:3696} INFO - Setting next_dagrun for example_dynamic_task_mapping to 2022-03-04T00:00:00+00:00, run_after=2022-03-05T00:00:00+00:00
[2024-03-26T06:24:42.259+0000] {processor.py:179} INFO - Processing /home/airflow/.local/lib/python3.8/site-packages/airflow/example_dags/example_dynamic_task_mapping.py took 0.087 seconds
[2024-03-26T06:25:12.814+0000] {processor.py:157} INFO - Started process (PID=1645) to work on /home/airflow/.local/lib/python3.8/site-packages/airflow/example_dags/example_dynamic_task_mapping.py
[2024-03-26T06:25:12.816+0000] {processor.py:829} INFO - Processing file /home/airflow/.local/lib/python3.8/site-packages/airflow/example_dags/example_dynamic_task_mapping.py for tasks to queue
[2024-03-26T06:25:12.819+0000] {logging_mixin.py:151} INFO - [2024-03-26T06:25:12.818+0000] {dagbag.py:539} INFO - Filling up the DagBag from /home/airflow/.local/lib/python3.8/site-packages/airflow/example_dags/example_dynamic_task_mapping.py
[2024-03-26T06:25:12.828+0000] {processor.py:839} INFO - DAG(s) dict_keys(['example_dynamic_task_mapping']) retrieved from /home/airflow/.local/lib/python3.8/site-packages/airflow/example_dags/example_dynamic_task_mapping.py
[2024-03-26T06:25:12.852+0000] {logging_mixin.py:151} INFO - [2024-03-26T06:25:12.851+0000] {dag.py:2915} INFO - Sync 1 DAGs
[2024-03-26T06:25:12.880+0000] {logging_mixin.py:151} INFO - [2024-03-26T06:25:12.880+0000] {dag.py:3696} INFO - Setting next_dagrun for example_dynamic_task_mapping to 2022-03-04T00:00:00+00:00, run_after=2022-03-05T00:00:00+00:00
[2024-03-26T06:25:12.900+0000] {processor.py:179} INFO - Processing /home/airflow/.local/lib/python3.8/site-packages/airflow/example_dags/example_dynamic_task_mapping.py took 0.090 seconds
[2024-03-26T06:25:43.279+0000] {processor.py:157} INFO - Started process (PID=1699) to work on /home/airflow/.local/lib/python3.8/site-packages/airflow/example_dags/example_dynamic_task_mapping.py
[2024-03-26T06:25:43.281+0000] {processor.py:829} INFO - Processing file /home/airflow/.local/lib/python3.8/site-packages/airflow/example_dags/example_dynamic_task_mapping.py for tasks to queue
[2024-03-26T06:25:43.283+0000] {logging_mixin.py:151} INFO - [2024-03-26T06:25:43.283+0000] {dagbag.py:539} INFO - Filling up the DagBag from /home/airflow/.local/lib/python3.8/site-packages/airflow/example_dags/example_dynamic_task_mapping.py
[2024-03-26T06:25:43.293+0000] {processor.py:839} INFO - DAG(s) dict_keys(['example_dynamic_task_mapping']) retrieved from /home/airflow/.local/lib/python3.8/site-packages/airflow/example_dags/example_dynamic_task_mapping.py
[2024-03-26T06:25:43.320+0000] {logging_mixin.py:151} INFO - [2024-03-26T06:25:43.319+0000] {dag.py:2915} INFO - Sync 1 DAGs
[2024-03-26T06:25:43.346+0000] {logging_mixin.py:151} INFO - [2024-03-26T06:25:43.346+0000] {dag.py:3696} INFO - Setting next_dagrun for example_dynamic_task_mapping to 2022-03-04T00:00:00+00:00, run_after=2022-03-05T00:00:00+00:00
[2024-03-26T06:25:43.370+0000] {processor.py:179} INFO - Processing /home/airflow/.local/lib/python3.8/site-packages/airflow/example_dags/example_dynamic_task_mapping.py took 0.094 seconds
[2024-03-26T06:26:13.654+0000] {processor.py:157} INFO - Started process (PID=1753) to work on /home/airflow/.local/lib/python3.8/site-packages/airflow/example_dags/example_dynamic_task_mapping.py
[2024-03-26T06:26:13.655+0000] {processor.py:829} INFO - Processing file /home/airflow/.local/lib/python3.8/site-packages/airflow/example_dags/example_dynamic_task_mapping.py for tasks to queue
[2024-03-26T06:26:13.658+0000] {logging_mixin.py:151} INFO - [2024-03-26T06:26:13.658+0000] {dagbag.py:539} INFO - Filling up the DagBag from /home/airflow/.local/lib/python3.8/site-packages/airflow/example_dags/example_dynamic_task_mapping.py
[2024-03-26T06:26:13.667+0000] {processor.py:839} INFO - DAG(s) dict_keys(['example_dynamic_task_mapping']) retrieved from /home/airflow/.local/lib/python3.8/site-packages/airflow/example_dags/example_dynamic_task_mapping.py
[2024-03-26T06:26:13.691+0000] {logging_mixin.py:151} INFO - [2024-03-26T06:26:13.690+0000] {dag.py:2915} INFO - Sync 1 DAGs
[2024-03-26T06:26:13.718+0000] {logging_mixin.py:151} INFO - [2024-03-26T06:26:13.718+0000] {dag.py:3696} INFO - Setting next_dagrun for example_dynamic_task_mapping to 2022-03-04T00:00:00+00:00, run_after=2022-03-05T00:00:00+00:00
[2024-03-26T06:26:13.742+0000] {processor.py:179} INFO - Processing /home/airflow/.local/lib/python3.8/site-packages/airflow/example_dags/example_dynamic_task_mapping.py took 0.092 seconds
[2024-03-26T06:26:44.331+0000] {processor.py:157} INFO - Started process (PID=1807) to work on /home/airflow/.local/lib/python3.8/site-packages/airflow/example_dags/example_dynamic_task_mapping.py
[2024-03-26T06:26:44.332+0000] {processor.py:829} INFO - Processing file /home/airflow/.local/lib/python3.8/site-packages/airflow/example_dags/example_dynamic_task_mapping.py for tasks to queue
[2024-03-26T06:26:44.335+0000] {logging_mixin.py:151} INFO - [2024-03-26T06:26:44.334+0000] {dagbag.py:539} INFO - Filling up the DagBag from /home/airflow/.local/lib/python3.8/site-packages/airflow/example_dags/example_dynamic_task_mapping.py
[2024-03-26T06:26:44.345+0000] {processor.py:839} INFO - DAG(s) dict_keys(['example_dynamic_task_mapping']) retrieved from /home/airflow/.local/lib/python3.8/site-packages/airflow/example_dags/example_dynamic_task_mapping.py
[2024-03-26T06:26:44.368+0000] {logging_mixin.py:151} INFO - [2024-03-26T06:26:44.368+0000] {dag.py:2915} INFO - Sync 1 DAGs
[2024-03-26T06:26:44.394+0000] {logging_mixin.py:151} INFO - [2024-03-26T06:26:44.394+0000] {dag.py:3696} INFO - Setting next_dagrun for example_dynamic_task_mapping to 2022-03-04T00:00:00+00:00, run_after=2022-03-05T00:00:00+00:00
[2024-03-26T06:26:44.416+0000] {processor.py:179} INFO - Processing /home/airflow/.local/lib/python3.8/site-packages/airflow/example_dags/example_dynamic_task_mapping.py took 0.089 seconds
[2024-03-26T06:27:14.689+0000] {processor.py:157} INFO - Started process (PID=1861) to work on /home/airflow/.local/lib/python3.8/site-packages/airflow/example_dags/example_dynamic_task_mapping.py
[2024-03-26T06:27:14.691+0000] {processor.py:829} INFO - Processing file /home/airflow/.local/lib/python3.8/site-packages/airflow/example_dags/example_dynamic_task_mapping.py for tasks to queue
[2024-03-26T06:27:14.694+0000] {logging_mixin.py:151} INFO - [2024-03-26T06:27:14.694+0000] {dagbag.py:539} INFO - Filling up the DagBag from /home/airflow/.local/lib/python3.8/site-packages/airflow/example_dags/example_dynamic_task_mapping.py
[2024-03-26T06:27:14.704+0000] {processor.py:839} INFO - DAG(s) dict_keys(['example_dynamic_task_mapping']) retrieved from /home/airflow/.local/lib/python3.8/site-packages/airflow/example_dags/example_dynamic_task_mapping.py
[2024-03-26T06:27:14.730+0000] {logging_mixin.py:151} INFO - [2024-03-26T06:27:14.730+0000] {dag.py:2915} INFO - Sync 1 DAGs
[2024-03-26T06:27:14.756+0000] {logging_mixin.py:151} INFO - [2024-03-26T06:27:14.756+0000] {dag.py:3696} INFO - Setting next_dagrun for example_dynamic_task_mapping to 2022-03-04T00:00:00+00:00, run_after=2022-03-05T00:00:00+00:00
[2024-03-26T06:27:14.778+0000] {processor.py:179} INFO - Processing /home/airflow/.local/lib/python3.8/site-packages/airflow/example_dags/example_dynamic_task_mapping.py took 0.093 seconds
[2024-03-26T06:27:45.228+0000] {processor.py:157} INFO - Started process (PID=1915) to work on /home/airflow/.local/lib/python3.8/site-packages/airflow/example_dags/example_dynamic_task_mapping.py
[2024-03-26T06:27:45.229+0000] {processor.py:829} INFO - Processing file /home/airflow/.local/lib/python3.8/site-packages/airflow/example_dags/example_dynamic_task_mapping.py for tasks to queue
[2024-03-26T06:27:45.232+0000] {logging_mixin.py:151} INFO - [2024-03-26T06:27:45.232+0000] {dagbag.py:539} INFO - Filling up the DagBag from /home/airflow/.local/lib/python3.8/site-packages/airflow/example_dags/example_dynamic_task_mapping.py
[2024-03-26T06:27:45.241+0000] {processor.py:839} INFO - DAG(s) dict_keys(['example_dynamic_task_mapping']) retrieved from /home/airflow/.local/lib/python3.8/site-packages/airflow/example_dags/example_dynamic_task_mapping.py
[2024-03-26T06:27:45.266+0000] {logging_mixin.py:151} INFO - [2024-03-26T06:27:45.266+0000] {dag.py:2915} INFO - Sync 1 DAGs
[2024-03-26T06:27:45.298+0000] {logging_mixin.py:151} INFO - [2024-03-26T06:27:45.297+0000] {dag.py:3696} INFO - Setting next_dagrun for example_dynamic_task_mapping to 2022-03-04T00:00:00+00:00, run_after=2022-03-05T00:00:00+00:00
[2024-03-26T06:27:45.320+0000] {processor.py:179} INFO - Processing /home/airflow/.local/lib/python3.8/site-packages/airflow/example_dags/example_dynamic_task_mapping.py took 0.098 seconds
[2024-03-26T06:28:15.925+0000] {processor.py:157} INFO - Started process (PID=1969) to work on /home/airflow/.local/lib/python3.8/site-packages/airflow/example_dags/example_dynamic_task_mapping.py
[2024-03-26T06:28:15.927+0000] {processor.py:829} INFO - Processing file /home/airflow/.local/lib/python3.8/site-packages/airflow/example_dags/example_dynamic_task_mapping.py for tasks to queue
[2024-03-26T06:28:15.930+0000] {logging_mixin.py:151} INFO - [2024-03-26T06:28:15.930+0000] {dagbag.py:539} INFO - Filling up the DagBag from /home/airflow/.local/lib/python3.8/site-packages/airflow/example_dags/example_dynamic_task_mapping.py
[2024-03-26T06:28:15.939+0000] {processor.py:839} INFO - DAG(s) dict_keys(['example_dynamic_task_mapping']) retrieved from /home/airflow/.local/lib/python3.8/site-packages/airflow/example_dags/example_dynamic_task_mapping.py
[2024-03-26T06:28:15.967+0000] {logging_mixin.py:151} INFO - [2024-03-26T06:28:15.967+0000] {dag.py:2915} INFO - Sync 1 DAGs
[2024-03-26T06:28:15.997+0000] {logging_mixin.py:151} INFO - [2024-03-26T06:28:15.996+0000] {dag.py:3696} INFO - Setting next_dagrun for example_dynamic_task_mapping to 2022-03-04T00:00:00+00:00, run_after=2022-03-05T00:00:00+00:00
[2024-03-26T06:28:16.022+0000] {processor.py:179} INFO - Processing /home/airflow/.local/lib/python3.8/site-packages/airflow/example_dags/example_dynamic_task_mapping.py took 0.101 seconds
[2024-03-26T06:28:46.272+0000] {processor.py:157} INFO - Started process (PID=2023) to work on /home/airflow/.local/lib/python3.8/site-packages/airflow/example_dags/example_dynamic_task_mapping.py
[2024-03-26T06:28:46.274+0000] {processor.py:829} INFO - Processing file /home/airflow/.local/lib/python3.8/site-packages/airflow/example_dags/example_dynamic_task_mapping.py for tasks to queue
[2024-03-26T06:28:46.277+0000] {logging_mixin.py:151} INFO - [2024-03-26T06:28:46.277+0000] {dagbag.py:539} INFO - Filling up the DagBag from /home/airflow/.local/lib/python3.8/site-packages/airflow/example_dags/example_dynamic_task_mapping.py
[2024-03-26T06:28:46.284+0000] {processor.py:839} INFO - DAG(s) dict_keys(['example_dynamic_task_mapping']) retrieved from /home/airflow/.local/lib/python3.8/site-packages/airflow/example_dags/example_dynamic_task_mapping.py
[2024-03-26T06:28:46.307+0000] {logging_mixin.py:151} INFO - [2024-03-26T06:28:46.306+0000] {dag.py:2915} INFO - Sync 1 DAGs
[2024-03-26T06:28:46.333+0000] {logging_mixin.py:151} INFO - [2024-03-26T06:28:46.332+0000] {dag.py:3696} INFO - Setting next_dagrun for example_dynamic_task_mapping to 2022-03-04T00:00:00+00:00, run_after=2022-03-05T00:00:00+00:00
[2024-03-26T06:28:46.355+0000] {processor.py:179} INFO - Processing /home/airflow/.local/lib/python3.8/site-packages/airflow/example_dags/example_dynamic_task_mapping.py took 0.087 seconds
[2024-03-26T06:29:16.608+0000] {processor.py:157} INFO - Started process (PID=2077) to work on /home/airflow/.local/lib/python3.8/site-packages/airflow/example_dags/example_dynamic_task_mapping.py
[2024-03-26T06:29:16.610+0000] {processor.py:829} INFO - Processing file /home/airflow/.local/lib/python3.8/site-packages/airflow/example_dags/example_dynamic_task_mapping.py for tasks to queue
[2024-03-26T06:29:16.613+0000] {logging_mixin.py:151} INFO - [2024-03-26T06:29:16.612+0000] {dagbag.py:539} INFO - Filling up the DagBag from /home/airflow/.local/lib/python3.8/site-packages/airflow/example_dags/example_dynamic_task_mapping.py
[2024-03-26T06:29:16.620+0000] {processor.py:839} INFO - DAG(s) dict_keys(['example_dynamic_task_mapping']) retrieved from /home/airflow/.local/lib/python3.8/site-packages/airflow/example_dags/example_dynamic_task_mapping.py
[2024-03-26T06:29:16.645+0000] {logging_mixin.py:151} INFO - [2024-03-26T06:29:16.645+0000] {dag.py:2915} INFO - Sync 1 DAGs
[2024-03-26T06:29:16.673+0000] {logging_mixin.py:151} INFO - [2024-03-26T06:29:16.673+0000] {dag.py:3696} INFO - Setting next_dagrun for example_dynamic_task_mapping to 2022-03-04T00:00:00+00:00, run_after=2022-03-05T00:00:00+00:00
[2024-03-26T06:29:16.698+0000] {processor.py:179} INFO - Processing /home/airflow/.local/lib/python3.8/site-packages/airflow/example_dags/example_dynamic_task_mapping.py took 0.095 seconds
[2024-03-26T06:29:47.486+0000] {processor.py:157} INFO - Started process (PID=2131) to work on /home/airflow/.local/lib/python3.8/site-packages/airflow/example_dags/example_dynamic_task_mapping.py
[2024-03-26T06:29:47.488+0000] {processor.py:829} INFO - Processing file /home/airflow/.local/lib/python3.8/site-packages/airflow/example_dags/example_dynamic_task_mapping.py for tasks to queue
[2024-03-26T06:29:47.492+0000] {logging_mixin.py:151} INFO - [2024-03-26T06:29:47.491+0000] {dagbag.py:539} INFO - Filling up the DagBag from /home/airflow/.local/lib/python3.8/site-packages/airflow/example_dags/example_dynamic_task_mapping.py
[2024-03-26T06:29:47.500+0000] {processor.py:839} INFO - DAG(s) dict_keys(['example_dynamic_task_mapping']) retrieved from /home/airflow/.local/lib/python3.8/site-packages/airflow/example_dags/example_dynamic_task_mapping.py
[2024-03-26T06:29:47.531+0000] {logging_mixin.py:151} INFO - [2024-03-26T06:29:47.531+0000] {dag.py:2915} INFO - Sync 1 DAGs
[2024-03-26T06:29:47.556+0000] {logging_mixin.py:151} INFO - [2024-03-26T06:29:47.556+0000] {dag.py:3696} INFO - Setting next_dagrun for example_dynamic_task_mapping to 2022-03-04T00:00:00+00:00, run_after=2022-03-05T00:00:00+00:00
[2024-03-26T06:29:47.577+0000] {processor.py:179} INFO - Processing /home/airflow/.local/lib/python3.8/site-packages/airflow/example_dags/example_dynamic_task_mapping.py took 0.096 seconds
[2024-03-26T06:30:17.711+0000] {processor.py:157} INFO - Started process (PID=2184) to work on /home/airflow/.local/lib/python3.8/site-packages/airflow/example_dags/example_dynamic_task_mapping.py
[2024-03-26T06:30:17.713+0000] {processor.py:829} INFO - Processing file /home/airflow/.local/lib/python3.8/site-packages/airflow/example_dags/example_dynamic_task_mapping.py for tasks to queue
[2024-03-26T06:30:17.717+0000] {logging_mixin.py:151} INFO - [2024-03-26T06:30:17.717+0000] {dagbag.py:539} INFO - Filling up the DagBag from /home/airflow/.local/lib/python3.8/site-packages/airflow/example_dags/example_dynamic_task_mapping.py
[2024-03-26T06:30:17.725+0000] {processor.py:839} INFO - DAG(s) dict_keys(['example_dynamic_task_mapping']) retrieved from /home/airflow/.local/lib/python3.8/site-packages/airflow/example_dags/example_dynamic_task_mapping.py
[2024-03-26T06:30:17.750+0000] {logging_mixin.py:151} INFO - [2024-03-26T06:30:17.750+0000] {dag.py:2915} INFO - Sync 1 DAGs
[2024-03-26T06:30:17.779+0000] {logging_mixin.py:151} INFO - [2024-03-26T06:30:17.778+0000] {dag.py:3696} INFO - Setting next_dagrun for example_dynamic_task_mapping to 2022-03-04T00:00:00+00:00, run_after=2022-03-05T00:00:00+00:00
[2024-03-26T06:30:17.803+0000] {processor.py:179} INFO - Processing /home/airflow/.local/lib/python3.8/site-packages/airflow/example_dags/example_dynamic_task_mapping.py took 0.097 seconds
[2024-03-26T06:30:47.983+0000] {processor.py:157} INFO - Started process (PID=2238) to work on /home/airflow/.local/lib/python3.8/site-packages/airflow/example_dags/example_dynamic_task_mapping.py
[2024-03-26T06:30:47.984+0000] {processor.py:829} INFO - Processing file /home/airflow/.local/lib/python3.8/site-packages/airflow/example_dags/example_dynamic_task_mapping.py for tasks to queue
[2024-03-26T06:30:47.987+0000] {logging_mixin.py:151} INFO - [2024-03-26T06:30:47.987+0000] {dagbag.py:539} INFO - Filling up the DagBag from /home/airflow/.local/lib/python3.8/site-packages/airflow/example_dags/example_dynamic_task_mapping.py
[2024-03-26T06:30:47.995+0000] {processor.py:839} INFO - DAG(s) dict_keys(['example_dynamic_task_mapping']) retrieved from /home/airflow/.local/lib/python3.8/site-packages/airflow/example_dags/example_dynamic_task_mapping.py
[2024-03-26T06:30:48.019+0000] {logging_mixin.py:151} INFO - [2024-03-26T06:30:48.019+0000] {dag.py:2915} INFO - Sync 1 DAGs
[2024-03-26T06:30:48.042+0000] {logging_mixin.py:151} INFO - [2024-03-26T06:30:48.042+0000] {dag.py:3696} INFO - Setting next_dagrun for example_dynamic_task_mapping to 2022-03-04T00:00:00+00:00, run_after=2022-03-05T00:00:00+00:00
[2024-03-26T06:30:48.075+0000] {processor.py:179} INFO - Processing /home/airflow/.local/lib/python3.8/site-packages/airflow/example_dags/example_dynamic_task_mapping.py took 0.096 seconds
[2024-03-26T06:31:18.260+0000] {processor.py:157} INFO - Started process (PID=2292) to work on /home/airflow/.local/lib/python3.8/site-packages/airflow/example_dags/example_dynamic_task_mapping.py
[2024-03-26T06:31:18.262+0000] {processor.py:829} INFO - Processing file /home/airflow/.local/lib/python3.8/site-packages/airflow/example_dags/example_dynamic_task_mapping.py for tasks to queue
[2024-03-26T06:31:18.265+0000] {logging_mixin.py:151} INFO - [2024-03-26T06:31:18.265+0000] {dagbag.py:539} INFO - Filling up the DagBag from /home/airflow/.local/lib/python3.8/site-packages/airflow/example_dags/example_dynamic_task_mapping.py
[2024-03-26T06:31:18.273+0000] {processor.py:839} INFO - DAG(s) dict_keys(['example_dynamic_task_mapping']) retrieved from /home/airflow/.local/lib/python3.8/site-packages/airflow/example_dags/example_dynamic_task_mapping.py
[2024-03-26T06:31:18.297+0000] {logging_mixin.py:151} INFO - [2024-03-26T06:31:18.297+0000] {dag.py:2915} INFO - Sync 1 DAGs
[2024-03-26T06:31:18.321+0000] {logging_mixin.py:151} INFO - [2024-03-26T06:31:18.321+0000] {dag.py:3696} INFO - Setting next_dagrun for example_dynamic_task_mapping to 2022-03-04T00:00:00+00:00, run_after=2022-03-05T00:00:00+00:00
[2024-03-26T06:31:18.355+0000] {processor.py:179} INFO - Processing /home/airflow/.local/lib/python3.8/site-packages/airflow/example_dags/example_dynamic_task_mapping.py took 0.098 seconds
[2024-03-26T06:31:48.509+0000] {processor.py:157} INFO - Started process (PID=2346) to work on /home/airflow/.local/lib/python3.8/site-packages/airflow/example_dags/example_dynamic_task_mapping.py
[2024-03-26T06:31:48.511+0000] {processor.py:829} INFO - Processing file /home/airflow/.local/lib/python3.8/site-packages/airflow/example_dags/example_dynamic_task_mapping.py for tasks to queue
[2024-03-26T06:31:48.514+0000] {logging_mixin.py:151} INFO - [2024-03-26T06:31:48.514+0000] {dagbag.py:539} INFO - Filling up the DagBag from /home/airflow/.local/lib/python3.8/site-packages/airflow/example_dags/example_dynamic_task_mapping.py
[2024-03-26T06:31:48.522+0000] {processor.py:839} INFO - DAG(s) dict_keys(['example_dynamic_task_mapping']) retrieved from /home/airflow/.local/lib/python3.8/site-packages/airflow/example_dags/example_dynamic_task_mapping.py
[2024-03-26T06:31:48.548+0000] {logging_mixin.py:151} INFO - [2024-03-26T06:31:48.548+0000] {dag.py:2915} INFO - Sync 1 DAGs
[2024-03-26T06:31:48.575+0000] {logging_mixin.py:151} INFO - [2024-03-26T06:31:48.575+0000] {dag.py:3696} INFO - Setting next_dagrun for example_dynamic_task_mapping to 2022-03-04T00:00:00+00:00, run_after=2022-03-05T00:00:00+00:00
[2024-03-26T06:31:48.606+0000] {processor.py:179} INFO - Processing /home/airflow/.local/lib/python3.8/site-packages/airflow/example_dags/example_dynamic_task_mapping.py took 0.102 seconds
[2024-03-26T06:32:18.833+0000] {processor.py:157} INFO - Started process (PID=2400) to work on /home/airflow/.local/lib/python3.8/site-packages/airflow/example_dags/example_dynamic_task_mapping.py
[2024-03-26T06:32:18.834+0000] {processor.py:829} INFO - Processing file /home/airflow/.local/lib/python3.8/site-packages/airflow/example_dags/example_dynamic_task_mapping.py for tasks to queue
[2024-03-26T06:32:18.837+0000] {logging_mixin.py:151} INFO - [2024-03-26T06:32:18.837+0000] {dagbag.py:539} INFO - Filling up the DagBag from /home/airflow/.local/lib/python3.8/site-packages/airflow/example_dags/example_dynamic_task_mapping.py
[2024-03-26T06:32:18.847+0000] {processor.py:839} INFO - DAG(s) dict_keys(['example_dynamic_task_mapping']) retrieved from /home/airflow/.local/lib/python3.8/site-packages/airflow/example_dags/example_dynamic_task_mapping.py
[2024-03-26T06:32:18.874+0000] {logging_mixin.py:151} INFO - [2024-03-26T06:32:18.874+0000] {dag.py:2915} INFO - Sync 1 DAGs
[2024-03-26T06:32:18.903+0000] {logging_mixin.py:151} INFO - [2024-03-26T06:32:18.903+0000] {dag.py:3696} INFO - Setting next_dagrun for example_dynamic_task_mapping to 2022-03-04T00:00:00+00:00, run_after=2022-03-05T00:00:00+00:00
[2024-03-26T06:32:18.943+0000] {processor.py:179} INFO - Processing /home/airflow/.local/lib/python3.8/site-packages/airflow/example_dags/example_dynamic_task_mapping.py took 0.116 seconds
[2024-03-26T06:32:49.321+0000] {processor.py:157} INFO - Started process (PID=2454) to work on /home/airflow/.local/lib/python3.8/site-packages/airflow/example_dags/example_dynamic_task_mapping.py
[2024-03-26T06:32:49.322+0000] {processor.py:829} INFO - Processing file /home/airflow/.local/lib/python3.8/site-packages/airflow/example_dags/example_dynamic_task_mapping.py for tasks to queue
[2024-03-26T06:32:49.326+0000] {logging_mixin.py:151} INFO - [2024-03-26T06:32:49.326+0000] {dagbag.py:539} INFO - Filling up the DagBag from /home/airflow/.local/lib/python3.8/site-packages/airflow/example_dags/example_dynamic_task_mapping.py
[2024-03-26T06:32:49.333+0000] {processor.py:839} INFO - DAG(s) dict_keys(['example_dynamic_task_mapping']) retrieved from /home/airflow/.local/lib/python3.8/site-packages/airflow/example_dags/example_dynamic_task_mapping.py
[2024-03-26T06:32:49.358+0000] {logging_mixin.py:151} INFO - [2024-03-26T06:32:49.358+0000] {dag.py:2915} INFO - Sync 1 DAGs
[2024-03-26T06:32:49.384+0000] {logging_mixin.py:151} INFO - [2024-03-26T06:32:49.384+0000] {dag.py:3696} INFO - Setting next_dagrun for example_dynamic_task_mapping to 2022-03-04T00:00:00+00:00, run_after=2022-03-05T00:00:00+00:00
[2024-03-26T06:32:49.417+0000] {processor.py:179} INFO - Processing /home/airflow/.local/lib/python3.8/site-packages/airflow/example_dags/example_dynamic_task_mapping.py took 0.101 seconds
[2024-03-26T06:33:19.701+0000] {processor.py:157} INFO - Started process (PID=2508) to work on /home/airflow/.local/lib/python3.8/site-packages/airflow/example_dags/example_dynamic_task_mapping.py
[2024-03-26T06:33:19.703+0000] {processor.py:829} INFO - Processing file /home/airflow/.local/lib/python3.8/site-packages/airflow/example_dags/example_dynamic_task_mapping.py for tasks to queue
[2024-03-26T06:33:19.706+0000] {logging_mixin.py:151} INFO - [2024-03-26T06:33:19.705+0000] {dagbag.py:539} INFO - Filling up the DagBag from /home/airflow/.local/lib/python3.8/site-packages/airflow/example_dags/example_dynamic_task_mapping.py
[2024-03-26T06:33:19.712+0000] {processor.py:839} INFO - DAG(s) dict_keys(['example_dynamic_task_mapping']) retrieved from /home/airflow/.local/lib/python3.8/site-packages/airflow/example_dags/example_dynamic_task_mapping.py
[2024-03-26T06:33:19.738+0000] {logging_mixin.py:151} INFO - [2024-03-26T06:33:19.737+0000] {dag.py:2915} INFO - Sync 1 DAGs
[2024-03-26T06:33:19.762+0000] {logging_mixin.py:151} INFO - [2024-03-26T06:33:19.762+0000] {dag.py:3696} INFO - Setting next_dagrun for example_dynamic_task_mapping to 2022-03-04T00:00:00+00:00, run_after=2022-03-05T00:00:00+00:00
[2024-03-26T06:33:19.796+0000] {processor.py:179} INFO - Processing /home/airflow/.local/lib/python3.8/site-packages/airflow/example_dags/example_dynamic_task_mapping.py took 0.098 seconds
[2024-03-26T06:33:50.479+0000] {processor.py:157} INFO - Started process (PID=2562) to work on /home/airflow/.local/lib/python3.8/site-packages/airflow/example_dags/example_dynamic_task_mapping.py
[2024-03-26T06:33:50.481+0000] {processor.py:829} INFO - Processing file /home/airflow/.local/lib/python3.8/site-packages/airflow/example_dags/example_dynamic_task_mapping.py for tasks to queue
[2024-03-26T06:33:50.485+0000] {logging_mixin.py:151} INFO - [2024-03-26T06:33:50.484+0000] {dagbag.py:539} INFO - Filling up the DagBag from /home/airflow/.local/lib/python3.8/site-packages/airflow/example_dags/example_dynamic_task_mapping.py
[2024-03-26T06:33:50.497+0000] {processor.py:839} INFO - DAG(s) dict_keys(['example_dynamic_task_mapping']) retrieved from /home/airflow/.local/lib/python3.8/site-packages/airflow/example_dags/example_dynamic_task_mapping.py
[2024-03-26T06:33:50.529+0000] {logging_mixin.py:151} INFO - [2024-03-26T06:33:50.528+0000] {dag.py:2915} INFO - Sync 1 DAGs
[2024-03-26T06:33:50.567+0000] {logging_mixin.py:151} INFO - [2024-03-26T06:33:50.567+0000] {dag.py:3696} INFO - Setting next_dagrun for example_dynamic_task_mapping to 2022-03-04T00:00:00+00:00, run_after=2022-03-05T00:00:00+00:00
[2024-03-26T06:33:50.600+0000] {processor.py:179} INFO - Processing /home/airflow/.local/lib/python3.8/site-packages/airflow/example_dags/example_dynamic_task_mapping.py took 0.128 seconds
