[2024-03-26T06:03:59.098+0000] {processor.py:157} INFO - Started process (PID=46) to work on /home/airflow/.local/lib/python3.8/site-packages/airflow/example_dags/example_xcom.py
[2024-03-26T06:03:59.108+0000] {processor.py:829} INFO - Processing file /home/airflow/.local/lib/python3.8/site-packages/airflow/example_dags/example_xcom.py for tasks to queue
[2024-03-26T06:03:59.112+0000] {logging_mixin.py:151} INFO - [2024-03-26T06:03:59.112+0000] {dagbag.py:539} INFO - Filling up the DagBag from /home/airflow/.local/lib/python3.8/site-packages/airflow/example_dags/example_xcom.py
[2024-03-26T06:03:59.163+0000] {processor.py:839} INFO - DAG(s) dict_keys(['example_xcom']) retrieved from /home/airflow/.local/lib/python3.8/site-packages/airflow/example_dags/example_xcom.py
[2024-03-26T06:03:59.565+0000] {logging_mixin.py:151} INFO - [2024-03-26T06:03:59.565+0000] {manager.py:499} INFO - Created Permission View: %s
[2024-03-26T06:03:59.610+0000] {logging_mixin.py:151} INFO - [2024-03-26T06:03:59.608+0000] {manager.py:499} INFO - Created Permission View: %s
[2024-03-26T06:03:59.644+0000] {logging_mixin.py:151} INFO - [2024-03-26T06:03:59.644+0000] {manager.py:499} INFO - Created Permission View: %s
[2024-03-26T06:03:59.653+0000] {logging_mixin.py:151} INFO - [2024-03-26T06:03:59.653+0000] {security.py:708} INFO - Not syncing DAG-level permissions for DAG 'DAG:example_xcom' as access control is unset.
[2024-03-26T06:03:59.656+0000] {logging_mixin.py:151} INFO - [2024-03-26T06:03:59.655+0000] {dag.py:2915} INFO - Sync 1 DAGs
[2024-03-26T06:03:59.717+0000] {logging_mixin.py:151} INFO - [2024-03-26T06:03:59.717+0000] {dag.py:2937} INFO - Creating ORM DAG for example_xcom
[2024-03-26T06:03:59.755+0000] {logging_mixin.py:151} INFO - [2024-03-26T06:03:59.755+0000] {dag.py:3696} INFO - Setting next_dagrun for example_xcom to 2021-01-01T00:00:00+00:00, run_after=2021-01-01T00:00:00+00:00
[2024-03-26T06:03:59.800+0000] {processor.py:179} INFO - Processing /home/airflow/.local/lib/python3.8/site-packages/airflow/example_dags/example_xcom.py took 0.733 seconds
[2024-03-26T06:04:30.605+0000] {processor.py:157} INFO - Started process (PID=100) to work on /home/airflow/.local/lib/python3.8/site-packages/airflow/example_dags/example_xcom.py
[2024-03-26T06:04:30.612+0000] {processor.py:829} INFO - Processing file /home/airflow/.local/lib/python3.8/site-packages/airflow/example_dags/example_xcom.py for tasks to queue
[2024-03-26T06:04:30.620+0000] {logging_mixin.py:151} INFO - [2024-03-26T06:04:30.620+0000] {dagbag.py:539} INFO - Filling up the DagBag from /home/airflow/.local/lib/python3.8/site-packages/airflow/example_dags/example_xcom.py
[2024-03-26T06:04:30.633+0000] {processor.py:839} INFO - DAG(s) dict_keys(['example_xcom']) retrieved from /home/airflow/.local/lib/python3.8/site-packages/airflow/example_dags/example_xcom.py
[2024-03-26T06:04:30.853+0000] {logging_mixin.py:151} INFO - [2024-03-26T06:04:30.853+0000] {dag.py:2915} INFO - Sync 1 DAGs
[2024-03-26T06:04:30.934+0000] {logging_mixin.py:151} INFO - [2024-03-26T06:04:30.934+0000] {dag.py:3696} INFO - Setting next_dagrun for example_xcom to 2021-01-01T00:00:00+00:00, run_after=2021-01-01T00:00:00+00:00
[2024-03-26T06:04:32.677+0000] {processor.py:179} INFO - Processing /home/airflow/.local/lib/python3.8/site-packages/airflow/example_dags/example_xcom.py took 2.157 seconds
[2024-03-26T06:05:03.201+0000] {processor.py:157} INFO - Started process (PID=154) to work on /home/airflow/.local/lib/python3.8/site-packages/airflow/example_dags/example_xcom.py
[2024-03-26T06:05:03.203+0000] {processor.py:829} INFO - Processing file /home/airflow/.local/lib/python3.8/site-packages/airflow/example_dags/example_xcom.py for tasks to queue
[2024-03-26T06:05:03.207+0000] {logging_mixin.py:151} INFO - [2024-03-26T06:05:03.206+0000] {dagbag.py:539} INFO - Filling up the DagBag from /home/airflow/.local/lib/python3.8/site-packages/airflow/example_dags/example_xcom.py
[2024-03-26T06:05:03.217+0000] {processor.py:839} INFO - DAG(s) dict_keys(['example_xcom']) retrieved from /home/airflow/.local/lib/python3.8/site-packages/airflow/example_dags/example_xcom.py
[2024-03-26T06:05:03.257+0000] {logging_mixin.py:151} INFO - [2024-03-26T06:05:03.256+0000] {dag.py:2915} INFO - Sync 1 DAGs
[2024-03-26T06:05:03.312+0000] {logging_mixin.py:151} INFO - [2024-03-26T06:05:03.312+0000] {dag.py:3696} INFO - Setting next_dagrun for example_xcom to 2021-01-01T00:00:00+00:00, run_after=2021-01-01T00:00:00+00:00
[2024-03-26T06:05:03.358+0000] {processor.py:179} INFO - Processing /home/airflow/.local/lib/python3.8/site-packages/airflow/example_dags/example_xcom.py took 0.161 seconds
[2024-03-26T06:05:33.855+0000] {processor.py:157} INFO - Started process (PID=208) to work on /home/airflow/.local/lib/python3.8/site-packages/airflow/example_dags/example_xcom.py
[2024-03-26T06:05:33.925+0000] {processor.py:829} INFO - Processing file /home/airflow/.local/lib/python3.8/site-packages/airflow/example_dags/example_xcom.py for tasks to queue
[2024-03-26T06:05:33.929+0000] {logging_mixin.py:151} INFO - [2024-03-26T06:05:33.928+0000] {dagbag.py:539} INFO - Filling up the DagBag from /home/airflow/.local/lib/python3.8/site-packages/airflow/example_dags/example_xcom.py
[2024-03-26T06:05:33.959+0000] {processor.py:839} INFO - DAG(s) dict_keys(['example_xcom']) retrieved from /home/airflow/.local/lib/python3.8/site-packages/airflow/example_dags/example_xcom.py
[2024-03-26T06:05:34.010+0000] {logging_mixin.py:151} INFO - [2024-03-26T06:05:34.010+0000] {dag.py:2915} INFO - Sync 1 DAGs
[2024-03-26T06:05:34.041+0000] {logging_mixin.py:151} INFO - [2024-03-26T06:05:34.040+0000] {dag.py:3696} INFO - Setting next_dagrun for example_xcom to 2021-01-01T00:00:00+00:00, run_after=2021-01-01T00:00:00+00:00
[2024-03-26T06:05:34.148+0000] {processor.py:179} INFO - Processing /home/airflow/.local/lib/python3.8/site-packages/airflow/example_dags/example_xcom.py took 0.299 seconds
[2024-03-26T06:06:04.410+0000] {processor.py:157} INFO - Started process (PID=262) to work on /home/airflow/.local/lib/python3.8/site-packages/airflow/example_dags/example_xcom.py
[2024-03-26T06:06:04.421+0000] {processor.py:829} INFO - Processing file /home/airflow/.local/lib/python3.8/site-packages/airflow/example_dags/example_xcom.py for tasks to queue
[2024-03-26T06:06:04.438+0000] {logging_mixin.py:151} INFO - [2024-03-26T06:06:04.437+0000] {dagbag.py:539} INFO - Filling up the DagBag from /home/airflow/.local/lib/python3.8/site-packages/airflow/example_dags/example_xcom.py
[2024-03-26T06:06:04.461+0000] {processor.py:839} INFO - DAG(s) dict_keys(['example_xcom']) retrieved from /home/airflow/.local/lib/python3.8/site-packages/airflow/example_dags/example_xcom.py
[2024-03-26T06:06:04.528+0000] {logging_mixin.py:151} INFO - [2024-03-26T06:06:04.528+0000] {dag.py:2915} INFO - Sync 1 DAGs
[2024-03-26T06:06:04.602+0000] {logging_mixin.py:151} INFO - [2024-03-26T06:06:04.602+0000] {dag.py:3696} INFO - Setting next_dagrun for example_xcom to 2021-01-01T00:00:00+00:00, run_after=2021-01-01T00:00:00+00:00
[2024-03-26T06:06:04.670+0000] {processor.py:179} INFO - Processing /home/airflow/.local/lib/python3.8/site-packages/airflow/example_dags/example_xcom.py took 0.266 seconds
[2024-03-26T06:06:36.067+0000] {processor.py:157} INFO - Started process (PID=316) to work on /home/airflow/.local/lib/python3.8/site-packages/airflow/example_dags/example_xcom.py
[2024-03-26T06:06:36.126+0000] {processor.py:829} INFO - Processing file /home/airflow/.local/lib/python3.8/site-packages/airflow/example_dags/example_xcom.py for tasks to queue
[2024-03-26T06:06:36.236+0000] {logging_mixin.py:151} INFO - [2024-03-26T06:06:36.225+0000] {dagbag.py:539} INFO - Filling up the DagBag from /home/airflow/.local/lib/python3.8/site-packages/airflow/example_dags/example_xcom.py
[2024-03-26T06:06:36.490+0000] {processor.py:839} INFO - DAG(s) dict_keys(['example_xcom']) retrieved from /home/airflow/.local/lib/python3.8/site-packages/airflow/example_dags/example_xcom.py
[2024-03-26T06:06:37.076+0000] {logging_mixin.py:151} INFO - [2024-03-26T06:06:37.075+0000] {dag.py:2915} INFO - Sync 1 DAGs
[2024-03-26T06:06:37.159+0000] {logging_mixin.py:151} INFO - [2024-03-26T06:06:37.158+0000] {dag.py:3696} INFO - Setting next_dagrun for example_xcom to 2021-01-01T00:00:00+00:00, run_after=2021-01-01T00:00:00+00:00
[2024-03-26T06:06:37.258+0000] {processor.py:179} INFO - Processing /home/airflow/.local/lib/python3.8/site-packages/airflow/example_dags/example_xcom.py took 1.796 seconds
[2024-03-26T06:07:08.217+0000] {processor.py:157} INFO - Started process (PID=371) to work on /home/airflow/.local/lib/python3.8/site-packages/airflow/example_dags/example_xcom.py
[2024-03-26T06:07:08.219+0000] {processor.py:829} INFO - Processing file /home/airflow/.local/lib/python3.8/site-packages/airflow/example_dags/example_xcom.py for tasks to queue
[2024-03-26T06:07:08.223+0000] {logging_mixin.py:151} INFO - [2024-03-26T06:07:08.223+0000] {dagbag.py:539} INFO - Filling up the DagBag from /home/airflow/.local/lib/python3.8/site-packages/airflow/example_dags/example_xcom.py
[2024-03-26T06:07:08.235+0000] {processor.py:839} INFO - DAG(s) dict_keys(['example_xcom']) retrieved from /home/airflow/.local/lib/python3.8/site-packages/airflow/example_dags/example_xcom.py
[2024-03-26T06:07:08.264+0000] {logging_mixin.py:151} INFO - [2024-03-26T06:07:08.264+0000] {dag.py:2915} INFO - Sync 1 DAGs
[2024-03-26T06:07:08.299+0000] {logging_mixin.py:151} INFO - [2024-03-26T06:07:08.299+0000] {dag.py:3696} INFO - Setting next_dagrun for example_xcom to 2021-01-01T00:00:00+00:00, run_after=2021-01-01T00:00:00+00:00
[2024-03-26T06:07:08.336+0000] {processor.py:179} INFO - Processing /home/airflow/.local/lib/python3.8/site-packages/airflow/example_dags/example_xcom.py took 0.123 seconds
[2024-03-26T06:07:38.821+0000] {processor.py:157} INFO - Started process (PID=425) to work on /home/airflow/.local/lib/python3.8/site-packages/airflow/example_dags/example_xcom.py
[2024-03-26T06:07:38.823+0000] {processor.py:829} INFO - Processing file /home/airflow/.local/lib/python3.8/site-packages/airflow/example_dags/example_xcom.py for tasks to queue
[2024-03-26T06:07:38.830+0000] {logging_mixin.py:151} INFO - [2024-03-26T06:07:38.829+0000] {dagbag.py:539} INFO - Filling up the DagBag from /home/airflow/.local/lib/python3.8/site-packages/airflow/example_dags/example_xcom.py
[2024-03-26T06:07:38.850+0000] {processor.py:839} INFO - DAG(s) dict_keys(['example_xcom']) retrieved from /home/airflow/.local/lib/python3.8/site-packages/airflow/example_dags/example_xcom.py
[2024-03-26T06:07:38.901+0000] {logging_mixin.py:151} INFO - [2024-03-26T06:07:38.900+0000] {dag.py:2915} INFO - Sync 1 DAGs
[2024-03-26T06:07:38.946+0000] {logging_mixin.py:151} INFO - [2024-03-26T06:07:38.946+0000] {dag.py:3696} INFO - Setting next_dagrun for example_xcom to 2021-01-01T00:00:00+00:00, run_after=2021-01-01T00:00:00+00:00
[2024-03-26T06:07:38.984+0000] {processor.py:179} INFO - Processing /home/airflow/.local/lib/python3.8/site-packages/airflow/example_dags/example_xcom.py took 0.167 seconds
[2024-03-26T06:08:09.566+0000] {processor.py:157} INFO - Started process (PID=479) to work on /home/airflow/.local/lib/python3.8/site-packages/airflow/example_dags/example_xcom.py
[2024-03-26T06:08:09.568+0000] {processor.py:829} INFO - Processing file /home/airflow/.local/lib/python3.8/site-packages/airflow/example_dags/example_xcom.py for tasks to queue
[2024-03-26T06:08:09.572+0000] {logging_mixin.py:151} INFO - [2024-03-26T06:08:09.571+0000] {dagbag.py:539} INFO - Filling up the DagBag from /home/airflow/.local/lib/python3.8/site-packages/airflow/example_dags/example_xcom.py
[2024-03-26T06:08:09.582+0000] {processor.py:839} INFO - DAG(s) dict_keys(['example_xcom']) retrieved from /home/airflow/.local/lib/python3.8/site-packages/airflow/example_dags/example_xcom.py
[2024-03-26T06:08:09.616+0000] {logging_mixin.py:151} INFO - [2024-03-26T06:08:09.615+0000] {dag.py:2915} INFO - Sync 1 DAGs
[2024-03-26T06:08:09.655+0000] {logging_mixin.py:151} INFO - [2024-03-26T06:08:09.655+0000] {dag.py:3696} INFO - Setting next_dagrun for example_xcom to 2021-01-01T00:00:00+00:00, run_after=2021-01-01T00:00:00+00:00
[2024-03-26T06:08:09.683+0000] {processor.py:179} INFO - Processing /home/airflow/.local/lib/python3.8/site-packages/airflow/example_dags/example_xcom.py took 0.121 seconds
[2024-03-26T06:08:39.880+0000] {processor.py:157} INFO - Started process (PID=533) to work on /home/airflow/.local/lib/python3.8/site-packages/airflow/example_dags/example_xcom.py
[2024-03-26T06:08:39.882+0000] {processor.py:829} INFO - Processing file /home/airflow/.local/lib/python3.8/site-packages/airflow/example_dags/example_xcom.py for tasks to queue
[2024-03-26T06:08:39.886+0000] {logging_mixin.py:151} INFO - [2024-03-26T06:08:39.886+0000] {dagbag.py:539} INFO - Filling up the DagBag from /home/airflow/.local/lib/python3.8/site-packages/airflow/example_dags/example_xcom.py
[2024-03-26T06:08:39.896+0000] {processor.py:839} INFO - DAG(s) dict_keys(['example_xcom']) retrieved from /home/airflow/.local/lib/python3.8/site-packages/airflow/example_dags/example_xcom.py
[2024-03-26T06:08:39.921+0000] {logging_mixin.py:151} INFO - [2024-03-26T06:08:39.920+0000] {dag.py:2915} INFO - Sync 1 DAGs
[2024-03-26T06:08:39.947+0000] {logging_mixin.py:151} INFO - [2024-03-26T06:08:39.947+0000] {dag.py:3696} INFO - Setting next_dagrun for example_xcom to 2021-01-01T00:00:00+00:00, run_after=2021-01-01T00:00:00+00:00
[2024-03-26T06:08:39.975+0000] {processor.py:179} INFO - Processing /home/airflow/.local/lib/python3.8/site-packages/airflow/example_dags/example_xcom.py took 0.098 seconds
[2024-03-26T06:09:10.215+0000] {processor.py:157} INFO - Started process (PID=587) to work on /home/airflow/.local/lib/python3.8/site-packages/airflow/example_dags/example_xcom.py
[2024-03-26T06:09:10.216+0000] {processor.py:829} INFO - Processing file /home/airflow/.local/lib/python3.8/site-packages/airflow/example_dags/example_xcom.py for tasks to queue
[2024-03-26T06:09:10.220+0000] {logging_mixin.py:151} INFO - [2024-03-26T06:09:10.219+0000] {dagbag.py:539} INFO - Filling up the DagBag from /home/airflow/.local/lib/python3.8/site-packages/airflow/example_dags/example_xcom.py
[2024-03-26T06:09:10.231+0000] {processor.py:839} INFO - DAG(s) dict_keys(['example_xcom']) retrieved from /home/airflow/.local/lib/python3.8/site-packages/airflow/example_dags/example_xcom.py
[2024-03-26T06:09:10.262+0000] {logging_mixin.py:151} INFO - [2024-03-26T06:09:10.261+0000] {dag.py:2915} INFO - Sync 1 DAGs
[2024-03-26T06:09:10.293+0000] {logging_mixin.py:151} INFO - [2024-03-26T06:09:10.292+0000] {dag.py:3696} INFO - Setting next_dagrun for example_xcom to 2021-01-01T00:00:00+00:00, run_after=2021-01-01T00:00:00+00:00
[2024-03-26T06:09:10.316+0000] {processor.py:179} INFO - Processing /home/airflow/.local/lib/python3.8/site-packages/airflow/example_dags/example_xcom.py took 0.107 seconds
[2024-03-26T06:09:40.928+0000] {processor.py:157} INFO - Started process (PID=641) to work on /home/airflow/.local/lib/python3.8/site-packages/airflow/example_dags/example_xcom.py
[2024-03-26T06:09:40.930+0000] {processor.py:829} INFO - Processing file /home/airflow/.local/lib/python3.8/site-packages/airflow/example_dags/example_xcom.py for tasks to queue
[2024-03-26T06:09:40.933+0000] {logging_mixin.py:151} INFO - [2024-03-26T06:09:40.933+0000] {dagbag.py:539} INFO - Filling up the DagBag from /home/airflow/.local/lib/python3.8/site-packages/airflow/example_dags/example_xcom.py
[2024-03-26T06:09:40.941+0000] {processor.py:839} INFO - DAG(s) dict_keys(['example_xcom']) retrieved from /home/airflow/.local/lib/python3.8/site-packages/airflow/example_dags/example_xcom.py
[2024-03-26T06:09:40.970+0000] {logging_mixin.py:151} INFO - [2024-03-26T06:09:40.970+0000] {dag.py:2915} INFO - Sync 1 DAGs
[2024-03-26T06:09:40.999+0000] {logging_mixin.py:151} INFO - [2024-03-26T06:09:40.999+0000] {dag.py:3696} INFO - Setting next_dagrun for example_xcom to 2021-01-01T00:00:00+00:00, run_after=2021-01-01T00:00:00+00:00
[2024-03-26T06:09:41.038+0000] {processor.py:179} INFO - Processing /home/airflow/.local/lib/python3.8/site-packages/airflow/example_dags/example_xcom.py took 0.113 seconds
[2024-03-26T06:10:11.609+0000] {processor.py:157} INFO - Started process (PID=695) to work on /home/airflow/.local/lib/python3.8/site-packages/airflow/example_dags/example_xcom.py
[2024-03-26T06:10:11.611+0000] {processor.py:829} INFO - Processing file /home/airflow/.local/lib/python3.8/site-packages/airflow/example_dags/example_xcom.py for tasks to queue
[2024-03-26T06:10:11.614+0000] {logging_mixin.py:151} INFO - [2024-03-26T06:10:11.614+0000] {dagbag.py:539} INFO - Filling up the DagBag from /home/airflow/.local/lib/python3.8/site-packages/airflow/example_dags/example_xcom.py
[2024-03-26T06:10:11.622+0000] {processor.py:839} INFO - DAG(s) dict_keys(['example_xcom']) retrieved from /home/airflow/.local/lib/python3.8/site-packages/airflow/example_dags/example_xcom.py
[2024-03-26T06:10:11.645+0000] {logging_mixin.py:151} INFO - [2024-03-26T06:10:11.645+0000] {dag.py:2915} INFO - Sync 1 DAGs
[2024-03-26T06:10:11.672+0000] {logging_mixin.py:151} INFO - [2024-03-26T06:10:11.672+0000] {dag.py:3696} INFO - Setting next_dagrun for example_xcom to 2021-01-01T00:00:00+00:00, run_after=2021-01-01T00:00:00+00:00
[2024-03-26T06:10:11.696+0000] {processor.py:179} INFO - Processing /home/airflow/.local/lib/python3.8/site-packages/airflow/example_dags/example_xcom.py took 0.091 seconds
[2024-03-26T06:10:42.148+0000] {processor.py:157} INFO - Started process (PID=749) to work on /home/airflow/.local/lib/python3.8/site-packages/airflow/example_dags/example_xcom.py
[2024-03-26T06:10:42.150+0000] {processor.py:829} INFO - Processing file /home/airflow/.local/lib/python3.8/site-packages/airflow/example_dags/example_xcom.py for tasks to queue
[2024-03-26T06:10:42.154+0000] {logging_mixin.py:151} INFO - [2024-03-26T06:10:42.154+0000] {dagbag.py:539} INFO - Filling up the DagBag from /home/airflow/.local/lib/python3.8/site-packages/airflow/example_dags/example_xcom.py
[2024-03-26T06:10:42.162+0000] {processor.py:839} INFO - DAG(s) dict_keys(['example_xcom']) retrieved from /home/airflow/.local/lib/python3.8/site-packages/airflow/example_dags/example_xcom.py
[2024-03-26T06:10:42.191+0000] {logging_mixin.py:151} INFO - [2024-03-26T06:10:42.191+0000] {dag.py:2915} INFO - Sync 1 DAGs
[2024-03-26T06:10:42.215+0000] {logging_mixin.py:151} INFO - [2024-03-26T06:10:42.215+0000] {dag.py:3696} INFO - Setting next_dagrun for example_xcom to 2021-01-01T00:00:00+00:00, run_after=2021-01-01T00:00:00+00:00
[2024-03-26T06:10:42.240+0000] {processor.py:179} INFO - Processing /home/airflow/.local/lib/python3.8/site-packages/airflow/example_dags/example_xcom.py took 0.097 seconds
[2024-03-26T06:11:12.750+0000] {processor.py:157} INFO - Started process (PID=803) to work on /home/airflow/.local/lib/python3.8/site-packages/airflow/example_dags/example_xcom.py
[2024-03-26T06:11:12.752+0000] {processor.py:829} INFO - Processing file /home/airflow/.local/lib/python3.8/site-packages/airflow/example_dags/example_xcom.py for tasks to queue
[2024-03-26T06:11:12.755+0000] {logging_mixin.py:151} INFO - [2024-03-26T06:11:12.755+0000] {dagbag.py:539} INFO - Filling up the DagBag from /home/airflow/.local/lib/python3.8/site-packages/airflow/example_dags/example_xcom.py
[2024-03-26T06:11:12.763+0000] {processor.py:839} INFO - DAG(s) dict_keys(['example_xcom']) retrieved from /home/airflow/.local/lib/python3.8/site-packages/airflow/example_dags/example_xcom.py
[2024-03-26T06:11:12.789+0000] {logging_mixin.py:151} INFO - [2024-03-26T06:11:12.788+0000] {dag.py:2915} INFO - Sync 1 DAGs
[2024-03-26T06:11:12.819+0000] {logging_mixin.py:151} INFO - [2024-03-26T06:11:12.819+0000] {dag.py:3696} INFO - Setting next_dagrun for example_xcom to 2021-01-01T00:00:00+00:00, run_after=2021-01-01T00:00:00+00:00
[2024-03-26T06:11:12.865+0000] {processor.py:179} INFO - Processing /home/airflow/.local/lib/python3.8/site-packages/airflow/example_dags/example_xcom.py took 0.118 seconds
[2024-03-26T06:11:43.086+0000] {processor.py:157} INFO - Started process (PID=857) to work on /home/airflow/.local/lib/python3.8/site-packages/airflow/example_dags/example_xcom.py
[2024-03-26T06:11:43.088+0000] {processor.py:829} INFO - Processing file /home/airflow/.local/lib/python3.8/site-packages/airflow/example_dags/example_xcom.py for tasks to queue
[2024-03-26T06:11:43.097+0000] {logging_mixin.py:151} INFO - [2024-03-26T06:11:43.096+0000] {dagbag.py:539} INFO - Filling up the DagBag from /home/airflow/.local/lib/python3.8/site-packages/airflow/example_dags/example_xcom.py
[2024-03-26T06:11:43.105+0000] {processor.py:839} INFO - DAG(s) dict_keys(['example_xcom']) retrieved from /home/airflow/.local/lib/python3.8/site-packages/airflow/example_dags/example_xcom.py
[2024-03-26T06:11:43.130+0000] {logging_mixin.py:151} INFO - [2024-03-26T06:11:43.130+0000] {dag.py:2915} INFO - Sync 1 DAGs
[2024-03-26T06:11:43.155+0000] {logging_mixin.py:151} INFO - [2024-03-26T06:11:43.155+0000] {dag.py:3696} INFO - Setting next_dagrun for example_xcom to 2021-01-01T00:00:00+00:00, run_after=2021-01-01T00:00:00+00:00
[2024-03-26T06:11:43.176+0000] {processor.py:179} INFO - Processing /home/airflow/.local/lib/python3.8/site-packages/airflow/example_dags/example_xcom.py took 0.093 seconds
[2024-03-26T06:12:13.608+0000] {processor.py:157} INFO - Started process (PID=911) to work on /home/airflow/.local/lib/python3.8/site-packages/airflow/example_dags/example_xcom.py
[2024-03-26T06:12:13.610+0000] {processor.py:829} INFO - Processing file /home/airflow/.local/lib/python3.8/site-packages/airflow/example_dags/example_xcom.py for tasks to queue
[2024-03-26T06:12:13.614+0000] {logging_mixin.py:151} INFO - [2024-03-26T06:12:13.613+0000] {dagbag.py:539} INFO - Filling up the DagBag from /home/airflow/.local/lib/python3.8/site-packages/airflow/example_dags/example_xcom.py
[2024-03-26T06:12:13.624+0000] {processor.py:839} INFO - DAG(s) dict_keys(['example_xcom']) retrieved from /home/airflow/.local/lib/python3.8/site-packages/airflow/example_dags/example_xcom.py
[2024-03-26T06:12:13.651+0000] {logging_mixin.py:151} INFO - [2024-03-26T06:12:13.650+0000] {dag.py:2915} INFO - Sync 1 DAGs
[2024-03-26T06:12:13.675+0000] {logging_mixin.py:151} INFO - [2024-03-26T06:12:13.674+0000] {dag.py:3696} INFO - Setting next_dagrun for example_xcom to 2021-01-01T00:00:00+00:00, run_after=2021-01-01T00:00:00+00:00
[2024-03-26T06:12:13.708+0000] {processor.py:179} INFO - Processing /home/airflow/.local/lib/python3.8/site-packages/airflow/example_dags/example_xcom.py took 0.105 seconds
[2024-03-26T06:12:44.085+0000] {processor.py:157} INFO - Started process (PID=965) to work on /home/airflow/.local/lib/python3.8/site-packages/airflow/example_dags/example_xcom.py
[2024-03-26T06:12:44.087+0000] {processor.py:829} INFO - Processing file /home/airflow/.local/lib/python3.8/site-packages/airflow/example_dags/example_xcom.py for tasks to queue
[2024-03-26T06:12:44.090+0000] {logging_mixin.py:151} INFO - [2024-03-26T06:12:44.090+0000] {dagbag.py:539} INFO - Filling up the DagBag from /home/airflow/.local/lib/python3.8/site-packages/airflow/example_dags/example_xcom.py
[2024-03-26T06:12:44.099+0000] {processor.py:839} INFO - DAG(s) dict_keys(['example_xcom']) retrieved from /home/airflow/.local/lib/python3.8/site-packages/airflow/example_dags/example_xcom.py
[2024-03-26T06:12:44.121+0000] {logging_mixin.py:151} INFO - [2024-03-26T06:12:44.121+0000] {dag.py:2915} INFO - Sync 1 DAGs
[2024-03-26T06:12:44.145+0000] {logging_mixin.py:151} INFO - [2024-03-26T06:12:44.144+0000] {dag.py:3696} INFO - Setting next_dagrun for example_xcom to 2021-01-01T00:00:00+00:00, run_after=2021-01-01T00:00:00+00:00
[2024-03-26T06:12:44.161+0000] {processor.py:179} INFO - Processing /home/airflow/.local/lib/python3.8/site-packages/airflow/example_dags/example_xcom.py took 0.080 seconds
[2024-03-26T06:19:05.223+0000] {processor.py:157} INFO - Started process (PID=995) to work on /home/airflow/.local/lib/python3.8/site-packages/airflow/example_dags/example_xcom.py
[2024-03-26T06:19:05.234+0000] {processor.py:829} INFO - Processing file /home/airflow/.local/lib/python3.8/site-packages/airflow/example_dags/example_xcom.py for tasks to queue
[2024-03-26T06:19:05.250+0000] {logging_mixin.py:151} INFO - [2024-03-26T06:19:05.250+0000] {dagbag.py:539} INFO - Filling up the DagBag from /home/airflow/.local/lib/python3.8/site-packages/airflow/example_dags/example_xcom.py
[2024-03-26T06:19:05.271+0000] {processor.py:839} INFO - DAG(s) dict_keys(['example_xcom']) retrieved from /home/airflow/.local/lib/python3.8/site-packages/airflow/example_dags/example_xcom.py
[2024-03-26T06:19:05.420+0000] {logging_mixin.py:151} INFO - [2024-03-26T06:19:05.419+0000] {dag.py:2915} INFO - Sync 1 DAGs
[2024-03-26T06:19:05.505+0000] {logging_mixin.py:151} INFO - [2024-03-26T06:19:05.505+0000] {dag.py:3696} INFO - Setting next_dagrun for example_xcom to 2021-01-01T00:00:00+00:00, run_after=2021-01-01T00:00:00+00:00
[2024-03-26T06:19:05.562+0000] {processor.py:179} INFO - Processing /home/airflow/.local/lib/python3.8/site-packages/airflow/example_dags/example_xcom.py took 0.345 seconds
[2024-03-26T06:19:36.070+0000] {processor.py:157} INFO - Started process (PID=1049) to work on /home/airflow/.local/lib/python3.8/site-packages/airflow/example_dags/example_xcom.py
[2024-03-26T06:19:36.072+0000] {processor.py:829} INFO - Processing file /home/airflow/.local/lib/python3.8/site-packages/airflow/example_dags/example_xcom.py for tasks to queue
[2024-03-26T06:19:36.076+0000] {logging_mixin.py:151} INFO - [2024-03-26T06:19:36.076+0000] {dagbag.py:539} INFO - Filling up the DagBag from /home/airflow/.local/lib/python3.8/site-packages/airflow/example_dags/example_xcom.py
[2024-03-26T06:19:36.086+0000] {processor.py:839} INFO - DAG(s) dict_keys(['example_xcom']) retrieved from /home/airflow/.local/lib/python3.8/site-packages/airflow/example_dags/example_xcom.py
[2024-03-26T06:19:36.115+0000] {logging_mixin.py:151} INFO - [2024-03-26T06:19:36.114+0000] {dag.py:2915} INFO - Sync 1 DAGs
[2024-03-26T06:19:36.143+0000] {logging_mixin.py:151} INFO - [2024-03-26T06:19:36.142+0000] {dag.py:3696} INFO - Setting next_dagrun for example_xcom to 2021-01-01T00:00:00+00:00, run_after=2021-01-01T00:00:00+00:00
[2024-03-26T06:19:36.214+0000] {processor.py:179} INFO - Processing /home/airflow/.local/lib/python3.8/site-packages/airflow/example_dags/example_xcom.py took 0.148 seconds
[2024-03-26T06:20:06.344+0000] {processor.py:157} INFO - Started process (PID=1103) to work on /home/airflow/.local/lib/python3.8/site-packages/airflow/example_dags/example_xcom.py
[2024-03-26T06:20:06.345+0000] {processor.py:829} INFO - Processing file /home/airflow/.local/lib/python3.8/site-packages/airflow/example_dags/example_xcom.py for tasks to queue
[2024-03-26T06:20:06.348+0000] {logging_mixin.py:151} INFO - [2024-03-26T06:20:06.348+0000] {dagbag.py:539} INFO - Filling up the DagBag from /home/airflow/.local/lib/python3.8/site-packages/airflow/example_dags/example_xcom.py
[2024-03-26T06:20:06.358+0000] {processor.py:839} INFO - DAG(s) dict_keys(['example_xcom']) retrieved from /home/airflow/.local/lib/python3.8/site-packages/airflow/example_dags/example_xcom.py
[2024-03-26T06:20:06.383+0000] {logging_mixin.py:151} INFO - [2024-03-26T06:20:06.383+0000] {dag.py:2915} INFO - Sync 1 DAGs
[2024-03-26T06:20:06.409+0000] {logging_mixin.py:151} INFO - [2024-03-26T06:20:06.408+0000] {dag.py:3696} INFO - Setting next_dagrun for example_xcom to 2021-01-01T00:00:00+00:00, run_after=2021-01-01T00:00:00+00:00
[2024-03-26T06:20:06.436+0000] {processor.py:179} INFO - Processing /home/airflow/.local/lib/python3.8/site-packages/airflow/example_dags/example_xcom.py took 0.097 seconds
[2024-03-26T06:20:36.867+0000] {processor.py:157} INFO - Started process (PID=1157) to work on /home/airflow/.local/lib/python3.8/site-packages/airflow/example_dags/example_xcom.py
[2024-03-26T06:20:36.868+0000] {processor.py:829} INFO - Processing file /home/airflow/.local/lib/python3.8/site-packages/airflow/example_dags/example_xcom.py for tasks to queue
[2024-03-26T06:20:36.871+0000] {logging_mixin.py:151} INFO - [2024-03-26T06:20:36.871+0000] {dagbag.py:539} INFO - Filling up the DagBag from /home/airflow/.local/lib/python3.8/site-packages/airflow/example_dags/example_xcom.py
[2024-03-26T06:20:36.881+0000] {processor.py:839} INFO - DAG(s) dict_keys(['example_xcom']) retrieved from /home/airflow/.local/lib/python3.8/site-packages/airflow/example_dags/example_xcom.py
[2024-03-26T06:20:36.908+0000] {logging_mixin.py:151} INFO - [2024-03-26T06:20:36.908+0000] {dag.py:2915} INFO - Sync 1 DAGs
[2024-03-26T06:20:36.936+0000] {logging_mixin.py:151} INFO - [2024-03-26T06:20:36.936+0000] {dag.py:3696} INFO - Setting next_dagrun for example_xcom to 2021-01-01T00:00:00+00:00, run_after=2021-01-01T00:00:00+00:00
[2024-03-26T06:20:36.961+0000] {processor.py:179} INFO - Processing /home/airflow/.local/lib/python3.8/site-packages/airflow/example_dags/example_xcom.py took 0.098 seconds
[2024-03-26T06:21:07.336+0000] {processor.py:157} INFO - Started process (PID=1211) to work on /home/airflow/.local/lib/python3.8/site-packages/airflow/example_dags/example_xcom.py
[2024-03-26T06:21:07.338+0000] {processor.py:829} INFO - Processing file /home/airflow/.local/lib/python3.8/site-packages/airflow/example_dags/example_xcom.py for tasks to queue
[2024-03-26T06:21:07.341+0000] {logging_mixin.py:151} INFO - [2024-03-26T06:21:07.341+0000] {dagbag.py:539} INFO - Filling up the DagBag from /home/airflow/.local/lib/python3.8/site-packages/airflow/example_dags/example_xcom.py
[2024-03-26T06:21:07.351+0000] {processor.py:839} INFO - DAG(s) dict_keys(['example_xcom']) retrieved from /home/airflow/.local/lib/python3.8/site-packages/airflow/example_dags/example_xcom.py
[2024-03-26T06:21:07.381+0000] {logging_mixin.py:151} INFO - [2024-03-26T06:21:07.381+0000] {dag.py:2915} INFO - Sync 1 DAGs
[2024-03-26T06:21:07.408+0000] {logging_mixin.py:151} INFO - [2024-03-26T06:21:07.408+0000] {dag.py:3696} INFO - Setting next_dagrun for example_xcom to 2021-01-01T00:00:00+00:00, run_after=2021-01-01T00:00:00+00:00
[2024-03-26T06:21:07.430+0000] {processor.py:179} INFO - Processing /home/airflow/.local/lib/python3.8/site-packages/airflow/example_dags/example_xcom.py took 0.097 seconds
[2024-03-26T06:21:38.124+0000] {processor.py:157} INFO - Started process (PID=1265) to work on /home/airflow/.local/lib/python3.8/site-packages/airflow/example_dags/example_xcom.py
[2024-03-26T06:21:38.125+0000] {processor.py:829} INFO - Processing file /home/airflow/.local/lib/python3.8/site-packages/airflow/example_dags/example_xcom.py for tasks to queue
[2024-03-26T06:21:38.128+0000] {logging_mixin.py:151} INFO - [2024-03-26T06:21:38.127+0000] {dagbag.py:539} INFO - Filling up the DagBag from /home/airflow/.local/lib/python3.8/site-packages/airflow/example_dags/example_xcom.py
[2024-03-26T06:21:38.136+0000] {processor.py:839} INFO - DAG(s) dict_keys(['example_xcom']) retrieved from /home/airflow/.local/lib/python3.8/site-packages/airflow/example_dags/example_xcom.py
[2024-03-26T06:21:38.160+0000] {logging_mixin.py:151} INFO - [2024-03-26T06:21:38.160+0000] {dag.py:2915} INFO - Sync 1 DAGs
[2024-03-26T06:21:38.182+0000] {logging_mixin.py:151} INFO - [2024-03-26T06:21:38.182+0000] {dag.py:3696} INFO - Setting next_dagrun for example_xcom to 2021-01-01T00:00:00+00:00, run_after=2021-01-01T00:00:00+00:00
[2024-03-26T06:21:38.217+0000] {processor.py:179} INFO - Processing /home/airflow/.local/lib/python3.8/site-packages/airflow/example_dags/example_xcom.py took 0.097 seconds
[2024-03-26T06:22:08.844+0000] {processor.py:157} INFO - Started process (PID=1319) to work on /home/airflow/.local/lib/python3.8/site-packages/airflow/example_dags/example_xcom.py
[2024-03-26T06:22:08.846+0000] {processor.py:829} INFO - Processing file /home/airflow/.local/lib/python3.8/site-packages/airflow/example_dags/example_xcom.py for tasks to queue
[2024-03-26T06:22:08.849+0000] {logging_mixin.py:151} INFO - [2024-03-26T06:22:08.849+0000] {dagbag.py:539} INFO - Filling up the DagBag from /home/airflow/.local/lib/python3.8/site-packages/airflow/example_dags/example_xcom.py
[2024-03-26T06:22:08.857+0000] {processor.py:839} INFO - DAG(s) dict_keys(['example_xcom']) retrieved from /home/airflow/.local/lib/python3.8/site-packages/airflow/example_dags/example_xcom.py
[2024-03-26T06:22:08.881+0000] {logging_mixin.py:151} INFO - [2024-03-26T06:22:08.881+0000] {dag.py:2915} INFO - Sync 1 DAGs
[2024-03-26T06:22:08.908+0000] {logging_mixin.py:151} INFO - [2024-03-26T06:22:08.908+0000] {dag.py:3696} INFO - Setting next_dagrun for example_xcom to 2021-01-01T00:00:00+00:00, run_after=2021-01-01T00:00:00+00:00
[2024-03-26T06:22:08.940+0000] {processor.py:179} INFO - Processing /home/airflow/.local/lib/python3.8/site-packages/airflow/example_dags/example_xcom.py took 0.099 seconds
[2024-03-26T06:22:39.307+0000] {processor.py:157} INFO - Started process (PID=1373) to work on /home/airflow/.local/lib/python3.8/site-packages/airflow/example_dags/example_xcom.py
[2024-03-26T06:22:39.309+0000] {processor.py:829} INFO - Processing file /home/airflow/.local/lib/python3.8/site-packages/airflow/example_dags/example_xcom.py for tasks to queue
[2024-03-26T06:22:39.313+0000] {logging_mixin.py:151} INFO - [2024-03-26T06:22:39.313+0000] {dagbag.py:539} INFO - Filling up the DagBag from /home/airflow/.local/lib/python3.8/site-packages/airflow/example_dags/example_xcom.py
[2024-03-26T06:22:39.324+0000] {processor.py:839} INFO - DAG(s) dict_keys(['example_xcom']) retrieved from /home/airflow/.local/lib/python3.8/site-packages/airflow/example_dags/example_xcom.py
[2024-03-26T06:22:39.353+0000] {logging_mixin.py:151} INFO - [2024-03-26T06:22:39.353+0000] {dag.py:2915} INFO - Sync 1 DAGs
[2024-03-26T06:22:39.381+0000] {logging_mixin.py:151} INFO - [2024-03-26T06:22:39.381+0000] {dag.py:3696} INFO - Setting next_dagrun for example_xcom to 2021-01-01T00:00:00+00:00, run_after=2021-01-01T00:00:00+00:00
[2024-03-26T06:22:39.418+0000] {processor.py:179} INFO - Processing /home/airflow/.local/lib/python3.8/site-packages/airflow/example_dags/example_xcom.py took 0.115 seconds
[2024-03-26T06:23:09.967+0000] {processor.py:157} INFO - Started process (PID=1427) to work on /home/airflow/.local/lib/python3.8/site-packages/airflow/example_dags/example_xcom.py
[2024-03-26T06:23:09.969+0000] {processor.py:829} INFO - Processing file /home/airflow/.local/lib/python3.8/site-packages/airflow/example_dags/example_xcom.py for tasks to queue
[2024-03-26T06:23:09.972+0000] {logging_mixin.py:151} INFO - [2024-03-26T06:23:09.972+0000] {dagbag.py:539} INFO - Filling up the DagBag from /home/airflow/.local/lib/python3.8/site-packages/airflow/example_dags/example_xcom.py
[2024-03-26T06:23:09.980+0000] {processor.py:839} INFO - DAG(s) dict_keys(['example_xcom']) retrieved from /home/airflow/.local/lib/python3.8/site-packages/airflow/example_dags/example_xcom.py
[2024-03-26T06:23:10.007+0000] {logging_mixin.py:151} INFO - [2024-03-26T06:23:10.007+0000] {dag.py:2915} INFO - Sync 1 DAGs
[2024-03-26T06:23:10.036+0000] {logging_mixin.py:151} INFO - [2024-03-26T06:23:10.035+0000] {dag.py:3696} INFO - Setting next_dagrun for example_xcom to 2021-01-01T00:00:00+00:00, run_after=2021-01-01T00:00:00+00:00
[2024-03-26T06:23:10.071+0000] {processor.py:179} INFO - Processing /home/airflow/.local/lib/python3.8/site-packages/airflow/example_dags/example_xcom.py took 0.108 seconds
[2024-03-26T06:23:40.485+0000] {processor.py:157} INFO - Started process (PID=1481) to work on /home/airflow/.local/lib/python3.8/site-packages/airflow/example_dags/example_xcom.py
[2024-03-26T06:23:40.487+0000] {processor.py:829} INFO - Processing file /home/airflow/.local/lib/python3.8/site-packages/airflow/example_dags/example_xcom.py for tasks to queue
[2024-03-26T06:23:40.506+0000] {logging_mixin.py:151} INFO - [2024-03-26T06:23:40.505+0000] {dagbag.py:539} INFO - Filling up the DagBag from /home/airflow/.local/lib/python3.8/site-packages/airflow/example_dags/example_xcom.py
[2024-03-26T06:23:40.516+0000] {processor.py:839} INFO - DAG(s) dict_keys(['example_xcom']) retrieved from /home/airflow/.local/lib/python3.8/site-packages/airflow/example_dags/example_xcom.py
[2024-03-26T06:23:40.547+0000] {logging_mixin.py:151} INFO - [2024-03-26T06:23:40.547+0000] {dag.py:2915} INFO - Sync 1 DAGs
[2024-03-26T06:23:40.577+0000] {logging_mixin.py:151} INFO - [2024-03-26T06:23:40.577+0000] {dag.py:3696} INFO - Setting next_dagrun for example_xcom to 2021-01-01T00:00:00+00:00, run_after=2021-01-01T00:00:00+00:00
[2024-03-26T06:23:40.599+0000] {processor.py:179} INFO - Processing /home/airflow/.local/lib/python3.8/site-packages/airflow/example_dags/example_xcom.py took 0.118 seconds
[2024-03-26T06:24:11.208+0000] {processor.py:157} INFO - Started process (PID=1535) to work on /home/airflow/.local/lib/python3.8/site-packages/airflow/example_dags/example_xcom.py
[2024-03-26T06:24:11.209+0000] {processor.py:829} INFO - Processing file /home/airflow/.local/lib/python3.8/site-packages/airflow/example_dags/example_xcom.py for tasks to queue
[2024-03-26T06:24:11.212+0000] {logging_mixin.py:151} INFO - [2024-03-26T06:24:11.212+0000] {dagbag.py:539} INFO - Filling up the DagBag from /home/airflow/.local/lib/python3.8/site-packages/airflow/example_dags/example_xcom.py
[2024-03-26T06:24:11.220+0000] {processor.py:839} INFO - DAG(s) dict_keys(['example_xcom']) retrieved from /home/airflow/.local/lib/python3.8/site-packages/airflow/example_dags/example_xcom.py
[2024-03-26T06:24:11.247+0000] {logging_mixin.py:151} INFO - [2024-03-26T06:24:11.247+0000] {dag.py:2915} INFO - Sync 1 DAGs
[2024-03-26T06:24:11.271+0000] {logging_mixin.py:151} INFO - [2024-03-26T06:24:11.271+0000] {dag.py:3696} INFO - Setting next_dagrun for example_xcom to 2021-01-01T00:00:00+00:00, run_after=2021-01-01T00:00:00+00:00
[2024-03-26T06:24:11.298+0000] {processor.py:179} INFO - Processing /home/airflow/.local/lib/python3.8/site-packages/airflow/example_dags/example_xcom.py took 0.095 seconds
[2024-03-26T06:24:41.925+0000] {processor.py:157} INFO - Started process (PID=1589) to work on /home/airflow/.local/lib/python3.8/site-packages/airflow/example_dags/example_xcom.py
[2024-03-26T06:24:41.926+0000] {processor.py:829} INFO - Processing file /home/airflow/.local/lib/python3.8/site-packages/airflow/example_dags/example_xcom.py for tasks to queue
[2024-03-26T06:24:41.930+0000] {logging_mixin.py:151} INFO - [2024-03-26T06:24:41.929+0000] {dagbag.py:539} INFO - Filling up the DagBag from /home/airflow/.local/lib/python3.8/site-packages/airflow/example_dags/example_xcom.py
[2024-03-26T06:24:41.940+0000] {processor.py:839} INFO - DAG(s) dict_keys(['example_xcom']) retrieved from /home/airflow/.local/lib/python3.8/site-packages/airflow/example_dags/example_xcom.py
[2024-03-26T06:24:41.969+0000] {logging_mixin.py:151} INFO - [2024-03-26T06:24:41.968+0000] {dag.py:2915} INFO - Sync 1 DAGs
[2024-03-26T06:24:41.994+0000] {logging_mixin.py:151} INFO - [2024-03-26T06:24:41.993+0000] {dag.py:3696} INFO - Setting next_dagrun for example_xcom to 2021-01-01T00:00:00+00:00, run_after=2021-01-01T00:00:00+00:00
[2024-03-26T06:24:42.014+0000] {processor.py:179} INFO - Processing /home/airflow/.local/lib/python3.8/site-packages/airflow/example_dags/example_xcom.py took 0.092 seconds
[2024-03-26T06:25:12.577+0000] {processor.py:157} INFO - Started process (PID=1643) to work on /home/airflow/.local/lib/python3.8/site-packages/airflow/example_dags/example_xcom.py
[2024-03-26T06:25:12.578+0000] {processor.py:829} INFO - Processing file /home/airflow/.local/lib/python3.8/site-packages/airflow/example_dags/example_xcom.py for tasks to queue
[2024-03-26T06:25:12.581+0000] {logging_mixin.py:151} INFO - [2024-03-26T06:25:12.580+0000] {dagbag.py:539} INFO - Filling up the DagBag from /home/airflow/.local/lib/python3.8/site-packages/airflow/example_dags/example_xcom.py
[2024-03-26T06:25:12.589+0000] {processor.py:839} INFO - DAG(s) dict_keys(['example_xcom']) retrieved from /home/airflow/.local/lib/python3.8/site-packages/airflow/example_dags/example_xcom.py
[2024-03-26T06:25:12.613+0000] {logging_mixin.py:151} INFO - [2024-03-26T06:25:12.613+0000] {dag.py:2915} INFO - Sync 1 DAGs
[2024-03-26T06:25:12.636+0000] {logging_mixin.py:151} INFO - [2024-03-26T06:25:12.636+0000] {dag.py:3696} INFO - Setting next_dagrun for example_xcom to 2021-01-01T00:00:00+00:00, run_after=2021-01-01T00:00:00+00:00
[2024-03-26T06:25:12.668+0000] {processor.py:179} INFO - Processing /home/airflow/.local/lib/python3.8/site-packages/airflow/example_dags/example_xcom.py took 0.094 seconds
[2024-03-26T06:25:43.009+0000] {processor.py:157} INFO - Started process (PID=1697) to work on /home/airflow/.local/lib/python3.8/site-packages/airflow/example_dags/example_xcom.py
[2024-03-26T06:25:43.011+0000] {processor.py:829} INFO - Processing file /home/airflow/.local/lib/python3.8/site-packages/airflow/example_dags/example_xcom.py for tasks to queue
[2024-03-26T06:25:43.013+0000] {logging_mixin.py:151} INFO - [2024-03-26T06:25:43.013+0000] {dagbag.py:539} INFO - Filling up the DagBag from /home/airflow/.local/lib/python3.8/site-packages/airflow/example_dags/example_xcom.py
[2024-03-26T06:25:43.023+0000] {processor.py:839} INFO - DAG(s) dict_keys(['example_xcom']) retrieved from /home/airflow/.local/lib/python3.8/site-packages/airflow/example_dags/example_xcom.py
[2024-03-26T06:25:43.048+0000] {logging_mixin.py:151} INFO - [2024-03-26T06:25:43.048+0000] {dag.py:2915} INFO - Sync 1 DAGs
[2024-03-26T06:25:43.076+0000] {logging_mixin.py:151} INFO - [2024-03-26T06:25:43.075+0000] {dag.py:3696} INFO - Setting next_dagrun for example_xcom to 2021-01-01T00:00:00+00:00, run_after=2021-01-01T00:00:00+00:00
[2024-03-26T06:25:43.115+0000] {processor.py:179} INFO - Processing /home/airflow/.local/lib/python3.8/site-packages/airflow/example_dags/example_xcom.py took 0.109 seconds
[2024-03-26T06:26:13.367+0000] {processor.py:157} INFO - Started process (PID=1751) to work on /home/airflow/.local/lib/python3.8/site-packages/airflow/example_dags/example_xcom.py
[2024-03-26T06:26:13.369+0000] {processor.py:829} INFO - Processing file /home/airflow/.local/lib/python3.8/site-packages/airflow/example_dags/example_xcom.py for tasks to queue
[2024-03-26T06:26:13.373+0000] {logging_mixin.py:151} INFO - [2024-03-26T06:26:13.372+0000] {dagbag.py:539} INFO - Filling up the DagBag from /home/airflow/.local/lib/python3.8/site-packages/airflow/example_dags/example_xcom.py
[2024-03-26T06:26:13.384+0000] {processor.py:839} INFO - DAG(s) dict_keys(['example_xcom']) retrieved from /home/airflow/.local/lib/python3.8/site-packages/airflow/example_dags/example_xcom.py
[2024-03-26T06:26:13.414+0000] {logging_mixin.py:151} INFO - [2024-03-26T06:26:13.414+0000] {dag.py:2915} INFO - Sync 1 DAGs
[2024-03-26T06:26:13.445+0000] {logging_mixin.py:151} INFO - [2024-03-26T06:26:13.445+0000] {dag.py:3696} INFO - Setting next_dagrun for example_xcom to 2021-01-01T00:00:00+00:00, run_after=2021-01-01T00:00:00+00:00
[2024-03-26T06:26:13.484+0000] {processor.py:179} INFO - Processing /home/airflow/.local/lib/python3.8/site-packages/airflow/example_dags/example_xcom.py took 0.120 seconds
[2024-03-26T06:26:44.094+0000] {processor.py:157} INFO - Started process (PID=1805) to work on /home/airflow/.local/lib/python3.8/site-packages/airflow/example_dags/example_xcom.py
[2024-03-26T06:26:44.096+0000] {processor.py:829} INFO - Processing file /home/airflow/.local/lib/python3.8/site-packages/airflow/example_dags/example_xcom.py for tasks to queue
[2024-03-26T06:26:44.099+0000] {logging_mixin.py:151} INFO - [2024-03-26T06:26:44.099+0000] {dagbag.py:539} INFO - Filling up the DagBag from /home/airflow/.local/lib/python3.8/site-packages/airflow/example_dags/example_xcom.py
[2024-03-26T06:26:44.108+0000] {processor.py:839} INFO - DAG(s) dict_keys(['example_xcom']) retrieved from /home/airflow/.local/lib/python3.8/site-packages/airflow/example_dags/example_xcom.py
[2024-03-26T06:26:44.133+0000] {logging_mixin.py:151} INFO - [2024-03-26T06:26:44.132+0000] {dag.py:2915} INFO - Sync 1 DAGs
[2024-03-26T06:26:44.156+0000] {logging_mixin.py:151} INFO - [2024-03-26T06:26:44.156+0000] {dag.py:3696} INFO - Setting next_dagrun for example_xcom to 2021-01-01T00:00:00+00:00, run_after=2021-01-01T00:00:00+00:00
[2024-03-26T06:26:44.181+0000] {processor.py:179} INFO - Processing /home/airflow/.local/lib/python3.8/site-packages/airflow/example_dags/example_xcom.py took 0.092 seconds
[2024-03-26T06:27:14.484+0000] {processor.py:157} INFO - Started process (PID=1859) to work on /home/airflow/.local/lib/python3.8/site-packages/airflow/example_dags/example_xcom.py
[2024-03-26T06:27:14.486+0000] {processor.py:829} INFO - Processing file /home/airflow/.local/lib/python3.8/site-packages/airflow/example_dags/example_xcom.py for tasks to queue
[2024-03-26T06:27:14.490+0000] {logging_mixin.py:151} INFO - [2024-03-26T06:27:14.489+0000] {dagbag.py:539} INFO - Filling up the DagBag from /home/airflow/.local/lib/python3.8/site-packages/airflow/example_dags/example_xcom.py
[2024-03-26T06:27:14.501+0000] {processor.py:839} INFO - DAG(s) dict_keys(['example_xcom']) retrieved from /home/airflow/.local/lib/python3.8/site-packages/airflow/example_dags/example_xcom.py
[2024-03-26T06:27:14.532+0000] {logging_mixin.py:151} INFO - [2024-03-26T06:27:14.532+0000] {dag.py:2915} INFO - Sync 1 DAGs
[2024-03-26T06:27:14.559+0000] {logging_mixin.py:151} INFO - [2024-03-26T06:27:14.559+0000] {dag.py:3696} INFO - Setting next_dagrun for example_xcom to 2021-01-01T00:00:00+00:00, run_after=2021-01-01T00:00:00+00:00
[2024-03-26T06:27:14.594+0000] {processor.py:179} INFO - Processing /home/airflow/.local/lib/python3.8/site-packages/airflow/example_dags/example_xcom.py took 0.114 seconds
[2024-03-26T06:27:44.947+0000] {processor.py:157} INFO - Started process (PID=1913) to work on /home/airflow/.local/lib/python3.8/site-packages/airflow/example_dags/example_xcom.py
[2024-03-26T06:27:44.950+0000] {processor.py:829} INFO - Processing file /home/airflow/.local/lib/python3.8/site-packages/airflow/example_dags/example_xcom.py for tasks to queue
[2024-03-26T06:27:44.953+0000] {logging_mixin.py:151} INFO - [2024-03-26T06:27:44.953+0000] {dagbag.py:539} INFO - Filling up the DagBag from /home/airflow/.local/lib/python3.8/site-packages/airflow/example_dags/example_xcom.py
[2024-03-26T06:27:44.965+0000] {processor.py:839} INFO - DAG(s) dict_keys(['example_xcom']) retrieved from /home/airflow/.local/lib/python3.8/site-packages/airflow/example_dags/example_xcom.py
[2024-03-26T06:27:44.994+0000] {logging_mixin.py:151} INFO - [2024-03-26T06:27:44.993+0000] {dag.py:2915} INFO - Sync 1 DAGs
[2024-03-26T06:27:45.026+0000] {logging_mixin.py:151} INFO - [2024-03-26T06:27:45.026+0000] {dag.py:3696} INFO - Setting next_dagrun for example_xcom to 2021-01-01T00:00:00+00:00, run_after=2021-01-01T00:00:00+00:00
[2024-03-26T06:27:45.055+0000] {processor.py:179} INFO - Processing /home/airflow/.local/lib/python3.8/site-packages/airflow/example_dags/example_xcom.py took 0.111 seconds
[2024-03-26T06:28:15.659+0000] {processor.py:157} INFO - Started process (PID=1967) to work on /home/airflow/.local/lib/python3.8/site-packages/airflow/example_dags/example_xcom.py
[2024-03-26T06:28:15.661+0000] {processor.py:829} INFO - Processing file /home/airflow/.local/lib/python3.8/site-packages/airflow/example_dags/example_xcom.py for tasks to queue
[2024-03-26T06:28:15.664+0000] {logging_mixin.py:151} INFO - [2024-03-26T06:28:15.663+0000] {dagbag.py:539} INFO - Filling up the DagBag from /home/airflow/.local/lib/python3.8/site-packages/airflow/example_dags/example_xcom.py
[2024-03-26T06:28:15.675+0000] {processor.py:839} INFO - DAG(s) dict_keys(['example_xcom']) retrieved from /home/airflow/.local/lib/python3.8/site-packages/airflow/example_dags/example_xcom.py
[2024-03-26T06:28:15.701+0000] {logging_mixin.py:151} INFO - [2024-03-26T06:28:15.701+0000] {dag.py:2915} INFO - Sync 1 DAGs
[2024-03-26T06:28:15.730+0000] {logging_mixin.py:151} INFO - [2024-03-26T06:28:15.730+0000] {dag.py:3696} INFO - Setting next_dagrun for example_xcom to 2021-01-01T00:00:00+00:00, run_after=2021-01-01T00:00:00+00:00
[2024-03-26T06:28:15.766+0000] {processor.py:179} INFO - Processing /home/airflow/.local/lib/python3.8/site-packages/airflow/example_dags/example_xcom.py took 0.110 seconds
[2024-03-26T06:28:45.865+0000] {processor.py:157} INFO - Started process (PID=2020) to work on /home/airflow/.local/lib/python3.8/site-packages/airflow/example_dags/example_xcom.py
[2024-03-26T06:28:45.866+0000] {processor.py:829} INFO - Processing file /home/airflow/.local/lib/python3.8/site-packages/airflow/example_dags/example_xcom.py for tasks to queue
[2024-03-26T06:28:45.869+0000] {logging_mixin.py:151} INFO - [2024-03-26T06:28:45.869+0000] {dagbag.py:539} INFO - Filling up the DagBag from /home/airflow/.local/lib/python3.8/site-packages/airflow/example_dags/example_xcom.py
[2024-03-26T06:28:45.878+0000] {processor.py:839} INFO - DAG(s) dict_keys(['example_xcom']) retrieved from /home/airflow/.local/lib/python3.8/site-packages/airflow/example_dags/example_xcom.py
[2024-03-26T06:28:45.903+0000] {logging_mixin.py:151} INFO - [2024-03-26T06:28:45.903+0000] {dag.py:2915} INFO - Sync 1 DAGs
[2024-03-26T06:28:45.930+0000] {logging_mixin.py:151} INFO - [2024-03-26T06:28:45.929+0000] {dag.py:3696} INFO - Setting next_dagrun for example_xcom to 2021-01-01T00:00:00+00:00, run_after=2021-01-01T00:00:00+00:00
[2024-03-26T06:28:45.964+0000] {processor.py:179} INFO - Processing /home/airflow/.local/lib/python3.8/site-packages/airflow/example_dags/example_xcom.py took 0.103 seconds
[2024-03-26T06:29:16.163+0000] {processor.py:157} INFO - Started process (PID=2074) to work on /home/airflow/.local/lib/python3.8/site-packages/airflow/example_dags/example_xcom.py
[2024-03-26T06:29:16.164+0000] {processor.py:829} INFO - Processing file /home/airflow/.local/lib/python3.8/site-packages/airflow/example_dags/example_xcom.py for tasks to queue
[2024-03-26T06:29:16.168+0000] {logging_mixin.py:151} INFO - [2024-03-26T06:29:16.168+0000] {dagbag.py:539} INFO - Filling up the DagBag from /home/airflow/.local/lib/python3.8/site-packages/airflow/example_dags/example_xcom.py
[2024-03-26T06:29:16.178+0000] {processor.py:839} INFO - DAG(s) dict_keys(['example_xcom']) retrieved from /home/airflow/.local/lib/python3.8/site-packages/airflow/example_dags/example_xcom.py
[2024-03-26T06:29:16.206+0000] {logging_mixin.py:151} INFO - [2024-03-26T06:29:16.206+0000] {dag.py:2915} INFO - Sync 1 DAGs
[2024-03-26T06:29:16.235+0000] {logging_mixin.py:151} INFO - [2024-03-26T06:29:16.234+0000] {dag.py:3696} INFO - Setting next_dagrun for example_xcom to 2021-01-01T00:00:00+00:00, run_after=2021-01-01T00:00:00+00:00
[2024-03-26T06:29:16.260+0000] {processor.py:179} INFO - Processing /home/airflow/.local/lib/python3.8/site-packages/airflow/example_dags/example_xcom.py took 0.103 seconds
[2024-03-26T06:29:46.417+0000] {processor.py:157} INFO - Started process (PID=2128) to work on /home/airflow/.local/lib/python3.8/site-packages/airflow/example_dags/example_xcom.py
[2024-03-26T06:29:46.419+0000] {processor.py:829} INFO - Processing file /home/airflow/.local/lib/python3.8/site-packages/airflow/example_dags/example_xcom.py for tasks to queue
[2024-03-26T06:29:46.423+0000] {logging_mixin.py:151} INFO - [2024-03-26T06:29:46.423+0000] {dagbag.py:539} INFO - Filling up the DagBag from /home/airflow/.local/lib/python3.8/site-packages/airflow/example_dags/example_xcom.py
[2024-03-26T06:29:46.433+0000] {processor.py:839} INFO - DAG(s) dict_keys(['example_xcom']) retrieved from /home/airflow/.local/lib/python3.8/site-packages/airflow/example_dags/example_xcom.py
[2024-03-26T06:29:46.460+0000] {logging_mixin.py:151} INFO - [2024-03-26T06:29:46.459+0000] {dag.py:2915} INFO - Sync 1 DAGs
[2024-03-26T06:29:46.485+0000] {logging_mixin.py:151} INFO - [2024-03-26T06:29:46.485+0000] {dag.py:3696} INFO - Setting next_dagrun for example_xcom to 2021-01-01T00:00:00+00:00, run_after=2021-01-01T00:00:00+00:00
[2024-03-26T06:29:46.509+0000] {processor.py:179} INFO - Processing /home/airflow/.local/lib/python3.8/site-packages/airflow/example_dags/example_xcom.py took 0.095 seconds
[2024-03-26T06:30:16.676+0000] {processor.py:157} INFO - Started process (PID=2182) to work on /home/airflow/.local/lib/python3.8/site-packages/airflow/example_dags/example_xcom.py
[2024-03-26T06:30:16.677+0000] {processor.py:829} INFO - Processing file /home/airflow/.local/lib/python3.8/site-packages/airflow/example_dags/example_xcom.py for tasks to queue
[2024-03-26T06:30:16.682+0000] {logging_mixin.py:151} INFO - [2024-03-26T06:30:16.681+0000] {dagbag.py:539} INFO - Filling up the DagBag from /home/airflow/.local/lib/python3.8/site-packages/airflow/example_dags/example_xcom.py
[2024-03-26T06:30:16.690+0000] {processor.py:839} INFO - DAG(s) dict_keys(['example_xcom']) retrieved from /home/airflow/.local/lib/python3.8/site-packages/airflow/example_dags/example_xcom.py
[2024-03-26T06:30:16.720+0000] {logging_mixin.py:151} INFO - [2024-03-26T06:30:16.720+0000] {dag.py:2915} INFO - Sync 1 DAGs
[2024-03-26T06:30:16.747+0000] {logging_mixin.py:151} INFO - [2024-03-26T06:30:16.747+0000] {dag.py:3696} INFO - Setting next_dagrun for example_xcom to 2021-01-01T00:00:00+00:00, run_after=2021-01-01T00:00:00+00:00
[2024-03-26T06:30:16.779+0000] {processor.py:179} INFO - Processing /home/airflow/.local/lib/python3.8/site-packages/airflow/example_dags/example_xcom.py took 0.109 seconds
[2024-03-26T06:30:46.932+0000] {processor.py:157} INFO - Started process (PID=2236) to work on /home/airflow/.local/lib/python3.8/site-packages/airflow/example_dags/example_xcom.py
[2024-03-26T06:30:46.934+0000] {processor.py:829} INFO - Processing file /home/airflow/.local/lib/python3.8/site-packages/airflow/example_dags/example_xcom.py for tasks to queue
[2024-03-26T06:30:46.937+0000] {logging_mixin.py:151} INFO - [2024-03-26T06:30:46.936+0000] {dagbag.py:539} INFO - Filling up the DagBag from /home/airflow/.local/lib/python3.8/site-packages/airflow/example_dags/example_xcom.py
[2024-03-26T06:30:46.945+0000] {processor.py:839} INFO - DAG(s) dict_keys(['example_xcom']) retrieved from /home/airflow/.local/lib/python3.8/site-packages/airflow/example_dags/example_xcom.py
[2024-03-26T06:30:46.974+0000] {logging_mixin.py:151} INFO - [2024-03-26T06:30:46.974+0000] {dag.py:2915} INFO - Sync 1 DAGs
[2024-03-26T06:30:47.000+0000] {logging_mixin.py:151} INFO - [2024-03-26T06:30:47.000+0000] {dag.py:3696} INFO - Setting next_dagrun for example_xcom to 2021-01-01T00:00:00+00:00, run_after=2021-01-01T00:00:00+00:00
[2024-03-26T06:30:47.034+0000] {processor.py:179} INFO - Processing /home/airflow/.local/lib/python3.8/site-packages/airflow/example_dags/example_xcom.py took 0.107 seconds
[2024-03-26T06:31:17.191+0000] {processor.py:157} INFO - Started process (PID=2291) to work on /home/airflow/.local/lib/python3.8/site-packages/airflow/example_dags/example_xcom.py
[2024-03-26T06:31:17.193+0000] {processor.py:829} INFO - Processing file /home/airflow/.local/lib/python3.8/site-packages/airflow/example_dags/example_xcom.py for tasks to queue
[2024-03-26T06:31:17.196+0000] {logging_mixin.py:151} INFO - [2024-03-26T06:31:17.195+0000] {dagbag.py:539} INFO - Filling up the DagBag from /home/airflow/.local/lib/python3.8/site-packages/airflow/example_dags/example_xcom.py
[2024-03-26T06:31:17.207+0000] {processor.py:839} INFO - DAG(s) dict_keys(['example_xcom']) retrieved from /home/airflow/.local/lib/python3.8/site-packages/airflow/example_dags/example_xcom.py
[2024-03-26T06:31:17.232+0000] {logging_mixin.py:151} INFO - [2024-03-26T06:31:17.232+0000] {dag.py:2915} INFO - Sync 1 DAGs
[2024-03-26T06:31:17.255+0000] {logging_mixin.py:151} INFO - [2024-03-26T06:31:17.255+0000] {dag.py:3696} INFO - Setting next_dagrun for example_xcom to 2021-01-01T00:00:00+00:00, run_after=2021-01-01T00:00:00+00:00
[2024-03-26T06:31:17.276+0000] {processor.py:179} INFO - Processing /home/airflow/.local/lib/python3.8/site-packages/airflow/example_dags/example_xcom.py took 0.089 seconds
[2024-03-26T06:31:47.464+0000] {processor.py:157} INFO - Started process (PID=2344) to work on /home/airflow/.local/lib/python3.8/site-packages/airflow/example_dags/example_xcom.py
[2024-03-26T06:31:47.465+0000] {processor.py:829} INFO - Processing file /home/airflow/.local/lib/python3.8/site-packages/airflow/example_dags/example_xcom.py for tasks to queue
[2024-03-26T06:31:47.469+0000] {logging_mixin.py:151} INFO - [2024-03-26T06:31:47.468+0000] {dagbag.py:539} INFO - Filling up the DagBag from /home/airflow/.local/lib/python3.8/site-packages/airflow/example_dags/example_xcom.py
[2024-03-26T06:31:47.477+0000] {processor.py:839} INFO - DAG(s) dict_keys(['example_xcom']) retrieved from /home/airflow/.local/lib/python3.8/site-packages/airflow/example_dags/example_xcom.py
[2024-03-26T06:31:47.504+0000] {logging_mixin.py:151} INFO - [2024-03-26T06:31:47.504+0000] {dag.py:2915} INFO - Sync 1 DAGs
[2024-03-26T06:31:47.534+0000] {logging_mixin.py:151} INFO - [2024-03-26T06:31:47.534+0000] {dag.py:3696} INFO - Setting next_dagrun for example_xcom to 2021-01-01T00:00:00+00:00, run_after=2021-01-01T00:00:00+00:00
[2024-03-26T06:31:47.559+0000] {processor.py:179} INFO - Processing /home/airflow/.local/lib/python3.8/site-packages/airflow/example_dags/example_xcom.py took 0.099 seconds
[2024-03-26T06:32:17.661+0000] {processor.py:157} INFO - Started process (PID=2398) to work on /home/airflow/.local/lib/python3.8/site-packages/airflow/example_dags/example_xcom.py
[2024-03-26T06:32:17.662+0000] {processor.py:829} INFO - Processing file /home/airflow/.local/lib/python3.8/site-packages/airflow/example_dags/example_xcom.py for tasks to queue
[2024-03-26T06:32:17.667+0000] {logging_mixin.py:151} INFO - [2024-03-26T06:32:17.666+0000] {dagbag.py:539} INFO - Filling up the DagBag from /home/airflow/.local/lib/python3.8/site-packages/airflow/example_dags/example_xcom.py
[2024-03-26T06:32:17.677+0000] {processor.py:839} INFO - DAG(s) dict_keys(['example_xcom']) retrieved from /home/airflow/.local/lib/python3.8/site-packages/airflow/example_dags/example_xcom.py
[2024-03-26T06:32:17.705+0000] {logging_mixin.py:151} INFO - [2024-03-26T06:32:17.705+0000] {dag.py:2915} INFO - Sync 1 DAGs
[2024-03-26T06:32:17.734+0000] {logging_mixin.py:151} INFO - [2024-03-26T06:32:17.734+0000] {dag.py:3696} INFO - Setting next_dagrun for example_xcom to 2021-01-01T00:00:00+00:00, run_after=2021-01-01T00:00:00+00:00
[2024-03-26T06:32:17.772+0000] {processor.py:179} INFO - Processing /home/airflow/.local/lib/python3.8/site-packages/airflow/example_dags/example_xcom.py took 0.115 seconds
[2024-03-26T06:32:48.282+0000] {processor.py:157} INFO - Started process (PID=2452) to work on /home/airflow/.local/lib/python3.8/site-packages/airflow/example_dags/example_xcom.py
[2024-03-26T06:32:48.284+0000] {processor.py:829} INFO - Processing file /home/airflow/.local/lib/python3.8/site-packages/airflow/example_dags/example_xcom.py for tasks to queue
[2024-03-26T06:32:48.287+0000] {logging_mixin.py:151} INFO - [2024-03-26T06:32:48.287+0000] {dagbag.py:539} INFO - Filling up the DagBag from /home/airflow/.local/lib/python3.8/site-packages/airflow/example_dags/example_xcom.py
[2024-03-26T06:32:48.298+0000] {processor.py:839} INFO - DAG(s) dict_keys(['example_xcom']) retrieved from /home/airflow/.local/lib/python3.8/site-packages/airflow/example_dags/example_xcom.py
[2024-03-26T06:32:48.323+0000] {logging_mixin.py:151} INFO - [2024-03-26T06:32:48.323+0000] {dag.py:2915} INFO - Sync 1 DAGs
[2024-03-26T06:32:48.348+0000] {logging_mixin.py:151} INFO - [2024-03-26T06:32:48.348+0000] {dag.py:3696} INFO - Setting next_dagrun for example_xcom to 2021-01-01T00:00:00+00:00, run_after=2021-01-01T00:00:00+00:00
[2024-03-26T06:32:48.378+0000] {processor.py:179} INFO - Processing /home/airflow/.local/lib/python3.8/site-packages/airflow/example_dags/example_xcom.py took 0.099 seconds
[2024-03-26T06:33:18.665+0000] {processor.py:157} INFO - Started process (PID=2506) to work on /home/airflow/.local/lib/python3.8/site-packages/airflow/example_dags/example_xcom.py
[2024-03-26T06:33:18.668+0000] {processor.py:829} INFO - Processing file /home/airflow/.local/lib/python3.8/site-packages/airflow/example_dags/example_xcom.py for tasks to queue
[2024-03-26T06:33:18.670+0000] {logging_mixin.py:151} INFO - [2024-03-26T06:33:18.670+0000] {dagbag.py:539} INFO - Filling up the DagBag from /home/airflow/.local/lib/python3.8/site-packages/airflow/example_dags/example_xcom.py
[2024-03-26T06:33:18.680+0000] {processor.py:839} INFO - DAG(s) dict_keys(['example_xcom']) retrieved from /home/airflow/.local/lib/python3.8/site-packages/airflow/example_dags/example_xcom.py
[2024-03-26T06:33:18.705+0000] {logging_mixin.py:151} INFO - [2024-03-26T06:33:18.705+0000] {dag.py:2915} INFO - Sync 1 DAGs
[2024-03-26T06:33:18.735+0000] {logging_mixin.py:151} INFO - [2024-03-26T06:33:18.735+0000] {dag.py:3696} INFO - Setting next_dagrun for example_xcom to 2021-01-01T00:00:00+00:00, run_after=2021-01-01T00:00:00+00:00
[2024-03-26T06:33:18.766+0000] {processor.py:179} INFO - Processing /home/airflow/.local/lib/python3.8/site-packages/airflow/example_dags/example_xcom.py took 0.105 seconds
[2024-03-26T06:33:49.316+0000] {processor.py:157} INFO - Started process (PID=2560) to work on /home/airflow/.local/lib/python3.8/site-packages/airflow/example_dags/example_xcom.py
[2024-03-26T06:33:49.318+0000] {processor.py:829} INFO - Processing file /home/airflow/.local/lib/python3.8/site-packages/airflow/example_dags/example_xcom.py for tasks to queue
[2024-03-26T06:33:49.322+0000] {logging_mixin.py:151} INFO - [2024-03-26T06:33:49.321+0000] {dagbag.py:539} INFO - Filling up the DagBag from /home/airflow/.local/lib/python3.8/site-packages/airflow/example_dags/example_xcom.py
[2024-03-26T06:33:49.332+0000] {processor.py:839} INFO - DAG(s) dict_keys(['example_xcom']) retrieved from /home/airflow/.local/lib/python3.8/site-packages/airflow/example_dags/example_xcom.py
[2024-03-26T06:33:49.358+0000] {logging_mixin.py:151} INFO - [2024-03-26T06:33:49.357+0000] {dag.py:2915} INFO - Sync 1 DAGs
[2024-03-26T06:33:49.388+0000] {logging_mixin.py:151} INFO - [2024-03-26T06:33:49.388+0000] {dag.py:3696} INFO - Setting next_dagrun for example_xcom to 2021-01-01T00:00:00+00:00, run_after=2021-01-01T00:00:00+00:00
[2024-03-26T06:33:49.423+0000] {processor.py:179} INFO - Processing /home/airflow/.local/lib/python3.8/site-packages/airflow/example_dags/example_xcom.py took 0.112 seconds
