[2024-03-26T06:04:04.536+0000] {processor.py:157} INFO - Started process (PID=60) to work on /home/airflow/.local/lib/python3.8/site-packages/airflow/example_dags/example_task_group_decorator.py
[2024-03-26T06:04:04.538+0000] {processor.py:829} INFO - Processing file /home/airflow/.local/lib/python3.8/site-packages/airflow/example_dags/example_task_group_decorator.py for tasks to queue
[2024-03-26T06:04:04.549+0000] {logging_mixin.py:151} INFO - [2024-03-26T06:04:04.549+0000] {dagbag.py:539} INFO - Filling up the DagBag from /home/airflow/.local/lib/python3.8/site-packages/airflow/example_dags/example_task_group_decorator.py
[2024-03-26T06:04:04.591+0000] {processor.py:839} INFO - DAG(s) dict_keys(['example_task_group_decorator']) retrieved from /home/airflow/.local/lib/python3.8/site-packages/airflow/example_dags/example_task_group_decorator.py
[2024-03-26T06:04:04.937+0000] {logging_mixin.py:151} INFO - [2024-03-26T06:04:04.936+0000] {manager.py:499} INFO - Created Permission View: %s
[2024-03-26T06:04:04.983+0000] {logging_mixin.py:151} INFO - [2024-03-26T06:04:04.982+0000] {manager.py:499} INFO - Created Permission View: %s
[2024-03-26T06:04:05.006+0000] {logging_mixin.py:151} INFO - [2024-03-26T06:04:05.006+0000] {manager.py:499} INFO - Created Permission View: %s
[2024-03-26T06:04:05.011+0000] {logging_mixin.py:151} INFO - [2024-03-26T06:04:05.011+0000] {security.py:708} INFO - Not syncing DAG-level permissions for DAG 'DAG:example_task_group_decorator' as access control is unset.
[2024-03-26T06:04:05.012+0000] {logging_mixin.py:151} INFO - [2024-03-26T06:04:05.012+0000] {dag.py:2915} INFO - Sync 1 DAGs
[2024-03-26T06:04:05.049+0000] {logging_mixin.py:151} INFO - [2024-03-26T06:04:05.049+0000] {dag.py:2937} INFO - Creating ORM DAG for example_task_group_decorator
[2024-03-26T06:04:05.079+0000] {logging_mixin.py:151} INFO - [2024-03-26T06:04:05.079+0000] {dag.py:3696} INFO - Setting next_dagrun for example_task_group_decorator to 2024-03-25T06:04:05.078771+00:00, run_after=2024-03-26T06:04:05.078771+00:00
[2024-03-26T06:04:05.151+0000] {processor.py:179} INFO - Processing /home/airflow/.local/lib/python3.8/site-packages/airflow/example_dags/example_task_group_decorator.py took 0.624 seconds
[2024-03-26T06:04:35.516+0000] {processor.py:157} INFO - Started process (PID=114) to work on /home/airflow/.local/lib/python3.8/site-packages/airflow/example_dags/example_task_group_decorator.py
[2024-03-26T06:04:35.519+0000] {processor.py:829} INFO - Processing file /home/airflow/.local/lib/python3.8/site-packages/airflow/example_dags/example_task_group_decorator.py for tasks to queue
[2024-03-26T06:04:35.523+0000] {logging_mixin.py:151} INFO - [2024-03-26T06:04:35.522+0000] {dagbag.py:539} INFO - Filling up the DagBag from /home/airflow/.local/lib/python3.8/site-packages/airflow/example_dags/example_task_group_decorator.py
[2024-03-26T06:04:35.560+0000] {processor.py:839} INFO - DAG(s) dict_keys(['example_task_group_decorator']) retrieved from /home/airflow/.local/lib/python3.8/site-packages/airflow/example_dags/example_task_group_decorator.py
[2024-03-26T06:04:35.666+0000] {logging_mixin.py:151} INFO - [2024-03-26T06:04:35.666+0000] {dag.py:2915} INFO - Sync 1 DAGs
[2024-03-26T06:04:35.725+0000] {logging_mixin.py:151} INFO - [2024-03-26T06:04:35.725+0000] {dag.py:3696} INFO - Setting next_dagrun for example_task_group_decorator to 2024-03-25T06:04:35.724972+00:00, run_after=2024-03-26T06:04:35.724972+00:00
[2024-03-26T06:04:35.988+0000] {processor.py:179} INFO - Processing /home/airflow/.local/lib/python3.8/site-packages/airflow/example_dags/example_task_group_decorator.py took 0.483 seconds
[2024-03-26T06:05:06.200+0000] {processor.py:157} INFO - Started process (PID=168) to work on /home/airflow/.local/lib/python3.8/site-packages/airflow/example_dags/example_task_group_decorator.py
[2024-03-26T06:05:06.203+0000] {processor.py:829} INFO - Processing file /home/airflow/.local/lib/python3.8/site-packages/airflow/example_dags/example_task_group_decorator.py for tasks to queue
[2024-03-26T06:05:06.208+0000] {logging_mixin.py:151} INFO - [2024-03-26T06:05:06.207+0000] {dagbag.py:539} INFO - Filling up the DagBag from /home/airflow/.local/lib/python3.8/site-packages/airflow/example_dags/example_task_group_decorator.py
[2024-03-26T06:05:06.239+0000] {processor.py:839} INFO - DAG(s) dict_keys(['example_task_group_decorator']) retrieved from /home/airflow/.local/lib/python3.8/site-packages/airflow/example_dags/example_task_group_decorator.py
[2024-03-26T06:05:06.285+0000] {logging_mixin.py:151} INFO - [2024-03-26T06:05:06.285+0000] {dag.py:2915} INFO - Sync 1 DAGs
[2024-03-26T06:05:06.329+0000] {logging_mixin.py:151} INFO - [2024-03-26T06:05:06.329+0000] {dag.py:3696} INFO - Setting next_dagrun for example_task_group_decorator to 2024-03-25T06:05:06.328861+00:00, run_after=2024-03-26T06:05:06.328861+00:00
[2024-03-26T06:05:06.366+0000] {processor.py:179} INFO - Processing /home/airflow/.local/lib/python3.8/site-packages/airflow/example_dags/example_task_group_decorator.py took 0.172 seconds
[2024-03-26T06:05:36.593+0000] {processor.py:157} INFO - Started process (PID=222) to work on /home/airflow/.local/lib/python3.8/site-packages/airflow/example_dags/example_task_group_decorator.py
[2024-03-26T06:05:36.595+0000] {processor.py:829} INFO - Processing file /home/airflow/.local/lib/python3.8/site-packages/airflow/example_dags/example_task_group_decorator.py for tasks to queue
[2024-03-26T06:05:36.598+0000] {logging_mixin.py:151} INFO - [2024-03-26T06:05:36.598+0000] {dagbag.py:539} INFO - Filling up the DagBag from /home/airflow/.local/lib/python3.8/site-packages/airflow/example_dags/example_task_group_decorator.py
[2024-03-26T06:05:36.626+0000] {processor.py:839} INFO - DAG(s) dict_keys(['example_task_group_decorator']) retrieved from /home/airflow/.local/lib/python3.8/site-packages/airflow/example_dags/example_task_group_decorator.py
[2024-03-26T06:05:36.666+0000] {logging_mixin.py:151} INFO - [2024-03-26T06:05:36.666+0000] {dag.py:2915} INFO - Sync 1 DAGs
[2024-03-26T06:05:36.701+0000] {logging_mixin.py:151} INFO - [2024-03-26T06:05:36.701+0000] {dag.py:3696} INFO - Setting next_dagrun for example_task_group_decorator to 2024-03-25T06:05:36.700879+00:00, run_after=2024-03-26T06:05:36.700879+00:00
[2024-03-26T06:05:36.729+0000] {processor.py:179} INFO - Processing /home/airflow/.local/lib/python3.8/site-packages/airflow/example_dags/example_task_group_decorator.py took 0.141 seconds
[2024-03-26T06:06:07.484+0000] {processor.py:157} INFO - Started process (PID=276) to work on /home/airflow/.local/lib/python3.8/site-packages/airflow/example_dags/example_task_group_decorator.py
[2024-03-26T06:06:07.487+0000] {processor.py:829} INFO - Processing file /home/airflow/.local/lib/python3.8/site-packages/airflow/example_dags/example_task_group_decorator.py for tasks to queue
[2024-03-26T06:06:07.491+0000] {logging_mixin.py:151} INFO - [2024-03-26T06:06:07.490+0000] {dagbag.py:539} INFO - Filling up the DagBag from /home/airflow/.local/lib/python3.8/site-packages/airflow/example_dags/example_task_group_decorator.py
[2024-03-26T06:06:07.528+0000] {processor.py:839} INFO - DAG(s) dict_keys(['example_task_group_decorator']) retrieved from /home/airflow/.local/lib/python3.8/site-packages/airflow/example_dags/example_task_group_decorator.py
[2024-03-26T06:06:07.596+0000] {logging_mixin.py:151} INFO - [2024-03-26T06:06:07.596+0000] {dag.py:2915} INFO - Sync 1 DAGs
[2024-03-26T06:06:07.660+0000] {logging_mixin.py:151} INFO - [2024-03-26T06:06:07.660+0000] {dag.py:3696} INFO - Setting next_dagrun for example_task_group_decorator to 2024-03-25T06:06:07.659936+00:00, run_after=2024-03-26T06:06:07.659936+00:00
[2024-03-26T06:06:07.722+0000] {processor.py:179} INFO - Processing /home/airflow/.local/lib/python3.8/site-packages/airflow/example_dags/example_task_group_decorator.py took 0.242 seconds
[2024-03-26T06:06:40.912+0000] {processor.py:157} INFO - Started process (PID=330) to work on /home/airflow/.local/lib/python3.8/site-packages/airflow/example_dags/example_task_group_decorator.py
[2024-03-26T06:06:40.914+0000] {processor.py:829} INFO - Processing file /home/airflow/.local/lib/python3.8/site-packages/airflow/example_dags/example_task_group_decorator.py for tasks to queue
[2024-03-26T06:06:40.928+0000] {logging_mixin.py:151} INFO - [2024-03-26T06:06:40.927+0000] {dagbag.py:539} INFO - Filling up the DagBag from /home/airflow/.local/lib/python3.8/site-packages/airflow/example_dags/example_task_group_decorator.py
[2024-03-26T06:06:41.002+0000] {processor.py:839} INFO - DAG(s) dict_keys(['example_task_group_decorator']) retrieved from /home/airflow/.local/lib/python3.8/site-packages/airflow/example_dags/example_task_group_decorator.py
[2024-03-26T06:06:41.113+0000] {logging_mixin.py:151} INFO - [2024-03-26T06:06:41.112+0000] {dag.py:2915} INFO - Sync 1 DAGs
[2024-03-26T06:06:41.206+0000] {logging_mixin.py:151} INFO - [2024-03-26T06:06:41.206+0000] {dag.py:3696} INFO - Setting next_dagrun for example_task_group_decorator to 2024-03-25T06:06:41.205889+00:00, run_after=2024-03-26T06:06:41.205889+00:00
[2024-03-26T06:06:41.256+0000] {processor.py:179} INFO - Processing /home/airflow/.local/lib/python3.8/site-packages/airflow/example_dags/example_task_group_decorator.py took 0.350 seconds
[2024-03-26T06:07:11.695+0000] {processor.py:157} INFO - Started process (PID=384) to work on /home/airflow/.local/lib/python3.8/site-packages/airflow/example_dags/example_task_group_decorator.py
[2024-03-26T06:07:11.707+0000] {processor.py:829} INFO - Processing file /home/airflow/.local/lib/python3.8/site-packages/airflow/example_dags/example_task_group_decorator.py for tasks to queue
[2024-03-26T06:07:11.711+0000] {logging_mixin.py:151} INFO - [2024-03-26T06:07:11.710+0000] {dagbag.py:539} INFO - Filling up the DagBag from /home/airflow/.local/lib/python3.8/site-packages/airflow/example_dags/example_task_group_decorator.py
[2024-03-26T06:07:11.740+0000] {processor.py:839} INFO - DAG(s) dict_keys(['example_task_group_decorator']) retrieved from /home/airflow/.local/lib/python3.8/site-packages/airflow/example_dags/example_task_group_decorator.py
[2024-03-26T06:07:11.775+0000] {logging_mixin.py:151} INFO - [2024-03-26T06:07:11.775+0000] {dag.py:2915} INFO - Sync 1 DAGs
[2024-03-26T06:07:11.810+0000] {logging_mixin.py:151} INFO - [2024-03-26T06:07:11.809+0000] {dag.py:3696} INFO - Setting next_dagrun for example_task_group_decorator to 2024-03-25T06:07:11.809517+00:00, run_after=2024-03-26T06:07:11.809517+00:00
[2024-03-26T06:07:11.863+0000] {processor.py:179} INFO - Processing /home/airflow/.local/lib/python3.8/site-packages/airflow/example_dags/example_task_group_decorator.py took 0.173 seconds
[2024-03-26T06:07:42.758+0000] {processor.py:157} INFO - Started process (PID=438) to work on /home/airflow/.local/lib/python3.8/site-packages/airflow/example_dags/example_task_group_decorator.py
[2024-03-26T06:07:42.760+0000] {processor.py:829} INFO - Processing file /home/airflow/.local/lib/python3.8/site-packages/airflow/example_dags/example_task_group_decorator.py for tasks to queue
[2024-03-26T06:07:42.764+0000] {logging_mixin.py:151} INFO - [2024-03-26T06:07:42.763+0000] {dagbag.py:539} INFO - Filling up the DagBag from /home/airflow/.local/lib/python3.8/site-packages/airflow/example_dags/example_task_group_decorator.py
[2024-03-26T06:07:42.781+0000] {processor.py:839} INFO - DAG(s) dict_keys(['example_task_group_decorator']) retrieved from /home/airflow/.local/lib/python3.8/site-packages/airflow/example_dags/example_task_group_decorator.py
[2024-03-26T06:07:42.812+0000] {logging_mixin.py:151} INFO - [2024-03-26T06:07:42.812+0000] {dag.py:2915} INFO - Sync 1 DAGs
[2024-03-26T06:07:42.838+0000] {logging_mixin.py:151} INFO - [2024-03-26T06:07:42.838+0000] {dag.py:3696} INFO - Setting next_dagrun for example_task_group_decorator to 2024-03-25T06:07:42.838253+00:00, run_after=2024-03-26T06:07:42.838253+00:00
[2024-03-26T06:07:42.863+0000] {processor.py:179} INFO - Processing /home/airflow/.local/lib/python3.8/site-packages/airflow/example_dags/example_task_group_decorator.py took 0.109 seconds
[2024-03-26T06:08:13.466+0000] {processor.py:157} INFO - Started process (PID=492) to work on /home/airflow/.local/lib/python3.8/site-packages/airflow/example_dags/example_task_group_decorator.py
[2024-03-26T06:08:13.468+0000] {processor.py:829} INFO - Processing file /home/airflow/.local/lib/python3.8/site-packages/airflow/example_dags/example_task_group_decorator.py for tasks to queue
[2024-03-26T06:08:13.472+0000] {logging_mixin.py:151} INFO - [2024-03-26T06:08:13.471+0000] {dagbag.py:539} INFO - Filling up the DagBag from /home/airflow/.local/lib/python3.8/site-packages/airflow/example_dags/example_task_group_decorator.py
[2024-03-26T06:08:13.487+0000] {processor.py:839} INFO - DAG(s) dict_keys(['example_task_group_decorator']) retrieved from /home/airflow/.local/lib/python3.8/site-packages/airflow/example_dags/example_task_group_decorator.py
[2024-03-26T06:08:13.515+0000] {logging_mixin.py:151} INFO - [2024-03-26T06:08:13.515+0000] {dag.py:2915} INFO - Sync 1 DAGs
[2024-03-26T06:08:13.538+0000] {logging_mixin.py:151} INFO - [2024-03-26T06:08:13.538+0000] {dag.py:3696} INFO - Setting next_dagrun for example_task_group_decorator to 2024-03-25T06:08:13.538466+00:00, run_after=2024-03-26T06:08:13.538466+00:00
[2024-03-26T06:08:13.565+0000] {processor.py:179} INFO - Processing /home/airflow/.local/lib/python3.8/site-packages/airflow/example_dags/example_task_group_decorator.py took 0.103 seconds
[2024-03-26T06:08:43.739+0000] {processor.py:157} INFO - Started process (PID=546) to work on /home/airflow/.local/lib/python3.8/site-packages/airflow/example_dags/example_task_group_decorator.py
[2024-03-26T06:08:43.741+0000] {processor.py:829} INFO - Processing file /home/airflow/.local/lib/python3.8/site-packages/airflow/example_dags/example_task_group_decorator.py for tasks to queue
[2024-03-26T06:08:43.744+0000] {logging_mixin.py:151} INFO - [2024-03-26T06:08:43.743+0000] {dagbag.py:539} INFO - Filling up the DagBag from /home/airflow/.local/lib/python3.8/site-packages/airflow/example_dags/example_task_group_decorator.py
[2024-03-26T06:08:43.765+0000] {processor.py:839} INFO - DAG(s) dict_keys(['example_task_group_decorator']) retrieved from /home/airflow/.local/lib/python3.8/site-packages/airflow/example_dags/example_task_group_decorator.py
[2024-03-26T06:08:43.802+0000] {logging_mixin.py:151} INFO - [2024-03-26T06:08:43.801+0000] {dag.py:2915} INFO - Sync 1 DAGs
[2024-03-26T06:08:43.847+0000] {logging_mixin.py:151} INFO - [2024-03-26T06:08:43.846+0000] {dag.py:3696} INFO - Setting next_dagrun for example_task_group_decorator to 2024-03-25T06:08:43.846019+00:00, run_after=2024-03-26T06:08:43.846019+00:00
[2024-03-26T06:08:43.885+0000] {processor.py:179} INFO - Processing /home/airflow/.local/lib/python3.8/site-packages/airflow/example_dags/example_task_group_decorator.py took 0.150 seconds
[2024-03-26T06:09:14.090+0000] {processor.py:157} INFO - Started process (PID=600) to work on /home/airflow/.local/lib/python3.8/site-packages/airflow/example_dags/example_task_group_decorator.py
[2024-03-26T06:09:14.091+0000] {processor.py:829} INFO - Processing file /home/airflow/.local/lib/python3.8/site-packages/airflow/example_dags/example_task_group_decorator.py for tasks to queue
[2024-03-26T06:09:14.095+0000] {logging_mixin.py:151} INFO - [2024-03-26T06:09:14.095+0000] {dagbag.py:539} INFO - Filling up the DagBag from /home/airflow/.local/lib/python3.8/site-packages/airflow/example_dags/example_task_group_decorator.py
[2024-03-26T06:09:14.117+0000] {processor.py:839} INFO - DAG(s) dict_keys(['example_task_group_decorator']) retrieved from /home/airflow/.local/lib/python3.8/site-packages/airflow/example_dags/example_task_group_decorator.py
[2024-03-26T06:09:14.162+0000] {logging_mixin.py:151} INFO - [2024-03-26T06:09:14.162+0000] {dag.py:2915} INFO - Sync 1 DAGs
[2024-03-26T06:09:14.192+0000] {logging_mixin.py:151} INFO - [2024-03-26T06:09:14.191+0000] {dag.py:3696} INFO - Setting next_dagrun for example_task_group_decorator to 2024-03-25T06:09:14.191345+00:00, run_after=2024-03-26T06:09:14.191345+00:00
[2024-03-26T06:09:14.223+0000] {processor.py:179} INFO - Processing /home/airflow/.local/lib/python3.8/site-packages/airflow/example_dags/example_task_group_decorator.py took 0.138 seconds
[2024-03-26T06:09:44.793+0000] {processor.py:157} INFO - Started process (PID=654) to work on /home/airflow/.local/lib/python3.8/site-packages/airflow/example_dags/example_task_group_decorator.py
[2024-03-26T06:09:44.795+0000] {processor.py:829} INFO - Processing file /home/airflow/.local/lib/python3.8/site-packages/airflow/example_dags/example_task_group_decorator.py for tasks to queue
[2024-03-26T06:09:44.798+0000] {logging_mixin.py:151} INFO - [2024-03-26T06:09:44.798+0000] {dagbag.py:539} INFO - Filling up the DagBag from /home/airflow/.local/lib/python3.8/site-packages/airflow/example_dags/example_task_group_decorator.py
[2024-03-26T06:09:44.815+0000] {processor.py:839} INFO - DAG(s) dict_keys(['example_task_group_decorator']) retrieved from /home/airflow/.local/lib/python3.8/site-packages/airflow/example_dags/example_task_group_decorator.py
[2024-03-26T06:09:44.847+0000] {logging_mixin.py:151} INFO - [2024-03-26T06:09:44.846+0000] {dag.py:2915} INFO - Sync 1 DAGs
[2024-03-26T06:09:44.875+0000] {logging_mixin.py:151} INFO - [2024-03-26T06:09:44.875+0000] {dag.py:3696} INFO - Setting next_dagrun for example_task_group_decorator to 2024-03-25T06:09:44.874637+00:00, run_after=2024-03-26T06:09:44.874637+00:00
[2024-03-26T06:09:44.900+0000] {processor.py:179} INFO - Processing /home/airflow/.local/lib/python3.8/site-packages/airflow/example_dags/example_task_group_decorator.py took 0.110 seconds
[2024-03-26T06:10:15.346+0000] {processor.py:157} INFO - Started process (PID=708) to work on /home/airflow/.local/lib/python3.8/site-packages/airflow/example_dags/example_task_group_decorator.py
[2024-03-26T06:10:15.348+0000] {processor.py:829} INFO - Processing file /home/airflow/.local/lib/python3.8/site-packages/airflow/example_dags/example_task_group_decorator.py for tasks to queue
[2024-03-26T06:10:15.351+0000] {logging_mixin.py:151} INFO - [2024-03-26T06:10:15.350+0000] {dagbag.py:539} INFO - Filling up the DagBag from /home/airflow/.local/lib/python3.8/site-packages/airflow/example_dags/example_task_group_decorator.py
[2024-03-26T06:10:15.367+0000] {processor.py:839} INFO - DAG(s) dict_keys(['example_task_group_decorator']) retrieved from /home/airflow/.local/lib/python3.8/site-packages/airflow/example_dags/example_task_group_decorator.py
[2024-03-26T06:10:15.401+0000] {logging_mixin.py:151} INFO - [2024-03-26T06:10:15.401+0000] {dag.py:2915} INFO - Sync 1 DAGs
[2024-03-26T06:10:15.427+0000] {logging_mixin.py:151} INFO - [2024-03-26T06:10:15.427+0000] {dag.py:3696} INFO - Setting next_dagrun for example_task_group_decorator to 2024-03-25T06:10:15.427247+00:00, run_after=2024-03-26T06:10:15.427247+00:00
[2024-03-26T06:10:15.454+0000] {processor.py:179} INFO - Processing /home/airflow/.local/lib/python3.8/site-packages/airflow/example_dags/example_task_group_decorator.py took 0.111 seconds
[2024-03-26T06:10:46.005+0000] {processor.py:157} INFO - Started process (PID=762) to work on /home/airflow/.local/lib/python3.8/site-packages/airflow/example_dags/example_task_group_decorator.py
[2024-03-26T06:10:46.006+0000] {processor.py:829} INFO - Processing file /home/airflow/.local/lib/python3.8/site-packages/airflow/example_dags/example_task_group_decorator.py for tasks to queue
[2024-03-26T06:10:46.009+0000] {logging_mixin.py:151} INFO - [2024-03-26T06:10:46.009+0000] {dagbag.py:539} INFO - Filling up the DagBag from /home/airflow/.local/lib/python3.8/site-packages/airflow/example_dags/example_task_group_decorator.py
[2024-03-26T06:10:46.025+0000] {processor.py:839} INFO - DAG(s) dict_keys(['example_task_group_decorator']) retrieved from /home/airflow/.local/lib/python3.8/site-packages/airflow/example_dags/example_task_group_decorator.py
[2024-03-26T06:10:46.055+0000] {logging_mixin.py:151} INFO - [2024-03-26T06:10:46.055+0000] {dag.py:2915} INFO - Sync 1 DAGs
[2024-03-26T06:10:46.081+0000] {logging_mixin.py:151} INFO - [2024-03-26T06:10:46.081+0000] {dag.py:3696} INFO - Setting next_dagrun for example_task_group_decorator to 2024-03-25T06:10:46.080857+00:00, run_after=2024-03-26T06:10:46.080857+00:00
[2024-03-26T06:10:46.105+0000] {processor.py:179} INFO - Processing /home/airflow/.local/lib/python3.8/site-packages/airflow/example_dags/example_task_group_decorator.py took 0.105 seconds
[2024-03-26T06:11:16.648+0000] {processor.py:157} INFO - Started process (PID=816) to work on /home/airflow/.local/lib/python3.8/site-packages/airflow/example_dags/example_task_group_decorator.py
[2024-03-26T06:11:16.649+0000] {processor.py:829} INFO - Processing file /home/airflow/.local/lib/python3.8/site-packages/airflow/example_dags/example_task_group_decorator.py for tasks to queue
[2024-03-26T06:11:16.651+0000] {logging_mixin.py:151} INFO - [2024-03-26T06:11:16.651+0000] {dagbag.py:539} INFO - Filling up the DagBag from /home/airflow/.local/lib/python3.8/site-packages/airflow/example_dags/example_task_group_decorator.py
[2024-03-26T06:11:16.666+0000] {processor.py:839} INFO - DAG(s) dict_keys(['example_task_group_decorator']) retrieved from /home/airflow/.local/lib/python3.8/site-packages/airflow/example_dags/example_task_group_decorator.py
[2024-03-26T06:11:16.697+0000] {logging_mixin.py:151} INFO - [2024-03-26T06:11:16.697+0000] {dag.py:2915} INFO - Sync 1 DAGs
[2024-03-26T06:11:16.720+0000] {logging_mixin.py:151} INFO - [2024-03-26T06:11:16.719+0000] {dag.py:3696} INFO - Setting next_dagrun for example_task_group_decorator to 2024-03-25T06:11:16.719673+00:00, run_after=2024-03-26T06:11:16.719673+00:00
[2024-03-26T06:11:16.746+0000] {processor.py:179} INFO - Processing /home/airflow/.local/lib/python3.8/site-packages/airflow/example_dags/example_task_group_decorator.py took 0.102 seconds
[2024-03-26T06:11:46.836+0000] {processor.py:157} INFO - Started process (PID=870) to work on /home/airflow/.local/lib/python3.8/site-packages/airflow/example_dags/example_task_group_decorator.py
[2024-03-26T06:11:46.838+0000] {processor.py:829} INFO - Processing file /home/airflow/.local/lib/python3.8/site-packages/airflow/example_dags/example_task_group_decorator.py for tasks to queue
[2024-03-26T06:11:46.841+0000] {logging_mixin.py:151} INFO - [2024-03-26T06:11:46.840+0000] {dagbag.py:539} INFO - Filling up the DagBag from /home/airflow/.local/lib/python3.8/site-packages/airflow/example_dags/example_task_group_decorator.py
[2024-03-26T06:11:46.858+0000] {processor.py:839} INFO - DAG(s) dict_keys(['example_task_group_decorator']) retrieved from /home/airflow/.local/lib/python3.8/site-packages/airflow/example_dags/example_task_group_decorator.py
[2024-03-26T06:11:46.892+0000] {logging_mixin.py:151} INFO - [2024-03-26T06:11:46.892+0000] {dag.py:2915} INFO - Sync 1 DAGs
[2024-03-26T06:11:46.927+0000] {logging_mixin.py:151} INFO - [2024-03-26T06:11:46.926+0000] {dag.py:3696} INFO - Setting next_dagrun for example_task_group_decorator to 2024-03-25T06:11:46.926372+00:00, run_after=2024-03-26T06:11:46.926372+00:00
[2024-03-26T06:11:46.965+0000] {processor.py:179} INFO - Processing /home/airflow/.local/lib/python3.8/site-packages/airflow/example_dags/example_task_group_decorator.py took 0.134 seconds
[2024-03-26T06:12:17.363+0000] {processor.py:157} INFO - Started process (PID=924) to work on /home/airflow/.local/lib/python3.8/site-packages/airflow/example_dags/example_task_group_decorator.py
[2024-03-26T06:12:17.365+0000] {processor.py:829} INFO - Processing file /home/airflow/.local/lib/python3.8/site-packages/airflow/example_dags/example_task_group_decorator.py for tasks to queue
[2024-03-26T06:12:17.368+0000] {logging_mixin.py:151} INFO - [2024-03-26T06:12:17.367+0000] {dagbag.py:539} INFO - Filling up the DagBag from /home/airflow/.local/lib/python3.8/site-packages/airflow/example_dags/example_task_group_decorator.py
[2024-03-26T06:12:17.383+0000] {processor.py:839} INFO - DAG(s) dict_keys(['example_task_group_decorator']) retrieved from /home/airflow/.local/lib/python3.8/site-packages/airflow/example_dags/example_task_group_decorator.py
[2024-03-26T06:12:17.411+0000] {logging_mixin.py:151} INFO - [2024-03-26T06:12:17.410+0000] {dag.py:2915} INFO - Sync 1 DAGs
[2024-03-26T06:12:17.437+0000] {logging_mixin.py:151} INFO - [2024-03-26T06:12:17.437+0000] {dag.py:3696} INFO - Setting next_dagrun for example_task_group_decorator to 2024-03-25T06:12:17.436805+00:00, run_after=2024-03-26T06:12:17.436805+00:00
[2024-03-26T06:12:17.463+0000] {processor.py:179} INFO - Processing /home/airflow/.local/lib/python3.8/site-packages/airflow/example_dags/example_task_group_decorator.py took 0.104 seconds
[2024-03-26T06:12:47.785+0000] {processor.py:157} INFO - Started process (PID=978) to work on /home/airflow/.local/lib/python3.8/site-packages/airflow/example_dags/example_task_group_decorator.py
[2024-03-26T06:12:47.786+0000] {processor.py:829} INFO - Processing file /home/airflow/.local/lib/python3.8/site-packages/airflow/example_dags/example_task_group_decorator.py for tasks to queue
[2024-03-26T06:12:47.789+0000] {logging_mixin.py:151} INFO - [2024-03-26T06:12:47.789+0000] {dagbag.py:539} INFO - Filling up the DagBag from /home/airflow/.local/lib/python3.8/site-packages/airflow/example_dags/example_task_group_decorator.py
[2024-03-26T06:12:47.807+0000] {processor.py:839} INFO - DAG(s) dict_keys(['example_task_group_decorator']) retrieved from /home/airflow/.local/lib/python3.8/site-packages/airflow/example_dags/example_task_group_decorator.py
[2024-03-26T06:12:47.831+0000] {logging_mixin.py:151} INFO - [2024-03-26T06:12:47.831+0000] {dag.py:2915} INFO - Sync 1 DAGs
[2024-03-26T06:12:47.855+0000] {logging_mixin.py:151} INFO - [2024-03-26T06:12:47.855+0000] {dag.py:3696} INFO - Setting next_dagrun for example_task_group_decorator to 2024-03-25T06:12:47.854870+00:00, run_after=2024-03-26T06:12:47.854870+00:00
[2024-03-26T06:12:47.876+0000] {processor.py:179} INFO - Processing /home/airflow/.local/lib/python3.8/site-packages/airflow/example_dags/example_task_group_decorator.py took 0.095 seconds
[2024-03-26T06:19:08.167+0000] {processor.py:157} INFO - Started process (PID=1009) to work on /home/airflow/.local/lib/python3.8/site-packages/airflow/example_dags/example_task_group_decorator.py
[2024-03-26T06:19:08.169+0000] {processor.py:829} INFO - Processing file /home/airflow/.local/lib/python3.8/site-packages/airflow/example_dags/example_task_group_decorator.py for tasks to queue
[2024-03-26T06:19:08.177+0000] {logging_mixin.py:151} INFO - [2024-03-26T06:19:08.173+0000] {dagbag.py:539} INFO - Filling up the DagBag from /home/airflow/.local/lib/python3.8/site-packages/airflow/example_dags/example_task_group_decorator.py
[2024-03-26T06:19:08.205+0000] {processor.py:839} INFO - DAG(s) dict_keys(['example_task_group_decorator']) retrieved from /home/airflow/.local/lib/python3.8/site-packages/airflow/example_dags/example_task_group_decorator.py
[2024-03-26T06:19:08.287+0000] {logging_mixin.py:151} INFO - [2024-03-26T06:19:08.287+0000] {dag.py:2915} INFO - Sync 1 DAGs
[2024-03-26T06:19:08.346+0000] {logging_mixin.py:151} INFO - [2024-03-26T06:19:08.344+0000] {dag.py:3696} INFO - Setting next_dagrun for example_task_group_decorator to 2024-03-25T06:19:08.343558+00:00, run_after=2024-03-26T06:19:08.343558+00:00
[2024-03-26T06:19:08.386+0000] {processor.py:179} INFO - Processing /home/airflow/.local/lib/python3.8/site-packages/airflow/example_dags/example_task_group_decorator.py took 0.225 seconds
[2024-03-26T06:19:38.437+0000] {processor.py:157} INFO - Started process (PID=1063) to work on /home/airflow/.local/lib/python3.8/site-packages/airflow/example_dags/example_task_group_decorator.py
[2024-03-26T06:19:38.439+0000] {processor.py:829} INFO - Processing file /home/airflow/.local/lib/python3.8/site-packages/airflow/example_dags/example_task_group_decorator.py for tasks to queue
[2024-03-26T06:19:38.441+0000] {logging_mixin.py:151} INFO - [2024-03-26T06:19:38.441+0000] {dagbag.py:539} INFO - Filling up the DagBag from /home/airflow/.local/lib/python3.8/site-packages/airflow/example_dags/example_task_group_decorator.py
[2024-03-26T06:19:38.460+0000] {processor.py:839} INFO - DAG(s) dict_keys(['example_task_group_decorator']) retrieved from /home/airflow/.local/lib/python3.8/site-packages/airflow/example_dags/example_task_group_decorator.py
[2024-03-26T06:19:38.491+0000] {logging_mixin.py:151} INFO - [2024-03-26T06:19:38.491+0000] {dag.py:2915} INFO - Sync 1 DAGs
[2024-03-26T06:19:38.519+0000] {logging_mixin.py:151} INFO - [2024-03-26T06:19:38.519+0000] {dag.py:3696} INFO - Setting next_dagrun for example_task_group_decorator to 2024-03-25T06:19:38.518943+00:00, run_after=2024-03-26T06:19:38.518943+00:00
[2024-03-26T06:19:38.542+0000] {processor.py:179} INFO - Processing /home/airflow/.local/lib/python3.8/site-packages/airflow/example_dags/example_task_group_decorator.py took 0.109 seconds
[2024-03-26T06:20:09.369+0000] {processor.py:157} INFO - Started process (PID=1117) to work on /home/airflow/.local/lib/python3.8/site-packages/airflow/example_dags/example_task_group_decorator.py
[2024-03-26T06:20:09.370+0000] {processor.py:829} INFO - Processing file /home/airflow/.local/lib/python3.8/site-packages/airflow/example_dags/example_task_group_decorator.py for tasks to queue
[2024-03-26T06:20:09.373+0000] {logging_mixin.py:151} INFO - [2024-03-26T06:20:09.373+0000] {dagbag.py:539} INFO - Filling up the DagBag from /home/airflow/.local/lib/python3.8/site-packages/airflow/example_dags/example_task_group_decorator.py
[2024-03-26T06:20:09.393+0000] {processor.py:839} INFO - DAG(s) dict_keys(['example_task_group_decorator']) retrieved from /home/airflow/.local/lib/python3.8/site-packages/airflow/example_dags/example_task_group_decorator.py
[2024-03-26T06:20:09.425+0000] {logging_mixin.py:151} INFO - [2024-03-26T06:20:09.425+0000] {dag.py:2915} INFO - Sync 1 DAGs
[2024-03-26T06:20:09.454+0000] {logging_mixin.py:151} INFO - [2024-03-26T06:20:09.454+0000] {dag.py:3696} INFO - Setting next_dagrun for example_task_group_decorator to 2024-03-25T06:20:09.453972+00:00, run_after=2024-03-26T06:20:09.453972+00:00
[2024-03-26T06:20:09.478+0000] {processor.py:179} INFO - Processing /home/airflow/.local/lib/python3.8/site-packages/airflow/example_dags/example_task_group_decorator.py took 0.113 seconds
[2024-03-26T06:20:39.710+0000] {processor.py:157} INFO - Started process (PID=1171) to work on /home/airflow/.local/lib/python3.8/site-packages/airflow/example_dags/example_task_group_decorator.py
[2024-03-26T06:20:39.712+0000] {processor.py:829} INFO - Processing file /home/airflow/.local/lib/python3.8/site-packages/airflow/example_dags/example_task_group_decorator.py for tasks to queue
[2024-03-26T06:20:39.715+0000] {logging_mixin.py:151} INFO - [2024-03-26T06:20:39.714+0000] {dagbag.py:539} INFO - Filling up the DagBag from /home/airflow/.local/lib/python3.8/site-packages/airflow/example_dags/example_task_group_decorator.py
[2024-03-26T06:20:39.736+0000] {processor.py:839} INFO - DAG(s) dict_keys(['example_task_group_decorator']) retrieved from /home/airflow/.local/lib/python3.8/site-packages/airflow/example_dags/example_task_group_decorator.py
[2024-03-26T06:20:39.765+0000] {logging_mixin.py:151} INFO - [2024-03-26T06:20:39.765+0000] {dag.py:2915} INFO - Sync 1 DAGs
[2024-03-26T06:20:39.794+0000] {logging_mixin.py:151} INFO - [2024-03-26T06:20:39.794+0000] {dag.py:3696} INFO - Setting next_dagrun for example_task_group_decorator to 2024-03-25T06:20:39.794451+00:00, run_after=2024-03-26T06:20:39.794451+00:00
[2024-03-26T06:20:39.821+0000] {processor.py:179} INFO - Processing /home/airflow/.local/lib/python3.8/site-packages/airflow/example_dags/example_task_group_decorator.py took 0.114 seconds
[2024-03-26T06:21:10.136+0000] {processor.py:157} INFO - Started process (PID=1225) to work on /home/airflow/.local/lib/python3.8/site-packages/airflow/example_dags/example_task_group_decorator.py
[2024-03-26T06:21:10.137+0000] {processor.py:829} INFO - Processing file /home/airflow/.local/lib/python3.8/site-packages/airflow/example_dags/example_task_group_decorator.py for tasks to queue
[2024-03-26T06:21:10.140+0000] {logging_mixin.py:151} INFO - [2024-03-26T06:21:10.140+0000] {dagbag.py:539} INFO - Filling up the DagBag from /home/airflow/.local/lib/python3.8/site-packages/airflow/example_dags/example_task_group_decorator.py
[2024-03-26T06:21:10.157+0000] {processor.py:839} INFO - DAG(s) dict_keys(['example_task_group_decorator']) retrieved from /home/airflow/.local/lib/python3.8/site-packages/airflow/example_dags/example_task_group_decorator.py
[2024-03-26T06:21:10.190+0000] {logging_mixin.py:151} INFO - [2024-03-26T06:21:10.190+0000] {dag.py:2915} INFO - Sync 1 DAGs
[2024-03-26T06:21:10.217+0000] {logging_mixin.py:151} INFO - [2024-03-26T06:21:10.216+0000] {dag.py:3696} INFO - Setting next_dagrun for example_task_group_decorator to 2024-03-25T06:21:10.216518+00:00, run_after=2024-03-26T06:21:10.216518+00:00
[2024-03-26T06:21:10.240+0000] {processor.py:179} INFO - Processing /home/airflow/.local/lib/python3.8/site-packages/airflow/example_dags/example_task_group_decorator.py took 0.109 seconds
[2024-03-26T06:21:41.070+0000] {processor.py:157} INFO - Started process (PID=1279) to work on /home/airflow/.local/lib/python3.8/site-packages/airflow/example_dags/example_task_group_decorator.py
[2024-03-26T06:21:41.072+0000] {processor.py:829} INFO - Processing file /home/airflow/.local/lib/python3.8/site-packages/airflow/example_dags/example_task_group_decorator.py for tasks to queue
[2024-03-26T06:21:41.074+0000] {logging_mixin.py:151} INFO - [2024-03-26T06:21:41.074+0000] {dagbag.py:539} INFO - Filling up the DagBag from /home/airflow/.local/lib/python3.8/site-packages/airflow/example_dags/example_task_group_decorator.py
[2024-03-26T06:21:41.092+0000] {processor.py:839} INFO - DAG(s) dict_keys(['example_task_group_decorator']) retrieved from /home/airflow/.local/lib/python3.8/site-packages/airflow/example_dags/example_task_group_decorator.py
[2024-03-26T06:21:41.123+0000] {logging_mixin.py:151} INFO - [2024-03-26T06:21:41.123+0000] {dag.py:2915} INFO - Sync 1 DAGs
[2024-03-26T06:21:41.149+0000] {logging_mixin.py:151} INFO - [2024-03-26T06:21:41.149+0000] {dag.py:3696} INFO - Setting next_dagrun for example_task_group_decorator to 2024-03-25T06:21:41.149334+00:00, run_after=2024-03-26T06:21:41.149334+00:00
[2024-03-26T06:21:41.172+0000] {processor.py:179} INFO - Processing /home/airflow/.local/lib/python3.8/site-packages/airflow/example_dags/example_task_group_decorator.py took 0.106 seconds
[2024-03-26T06:22:11.801+0000] {processor.py:157} INFO - Started process (PID=1333) to work on /home/airflow/.local/lib/python3.8/site-packages/airflow/example_dags/example_task_group_decorator.py
[2024-03-26T06:22:11.802+0000] {processor.py:829} INFO - Processing file /home/airflow/.local/lib/python3.8/site-packages/airflow/example_dags/example_task_group_decorator.py for tasks to queue
[2024-03-26T06:22:11.805+0000] {logging_mixin.py:151} INFO - [2024-03-26T06:22:11.804+0000] {dagbag.py:539} INFO - Filling up the DagBag from /home/airflow/.local/lib/python3.8/site-packages/airflow/example_dags/example_task_group_decorator.py
[2024-03-26T06:22:11.821+0000] {processor.py:839} INFO - DAG(s) dict_keys(['example_task_group_decorator']) retrieved from /home/airflow/.local/lib/python3.8/site-packages/airflow/example_dags/example_task_group_decorator.py
[2024-03-26T06:22:11.852+0000] {logging_mixin.py:151} INFO - [2024-03-26T06:22:11.851+0000] {dag.py:2915} INFO - Sync 1 DAGs
[2024-03-26T06:22:11.880+0000] {logging_mixin.py:151} INFO - [2024-03-26T06:22:11.880+0000] {dag.py:3696} INFO - Setting next_dagrun for example_task_group_decorator to 2024-03-25T06:22:11.880144+00:00, run_after=2024-03-26T06:22:11.880144+00:00
[2024-03-26T06:22:11.903+0000] {processor.py:179} INFO - Processing /home/airflow/.local/lib/python3.8/site-packages/airflow/example_dags/example_task_group_decorator.py took 0.106 seconds
[2024-03-26T06:22:42.406+0000] {processor.py:157} INFO - Started process (PID=1387) to work on /home/airflow/.local/lib/python3.8/site-packages/airflow/example_dags/example_task_group_decorator.py
[2024-03-26T06:22:42.408+0000] {processor.py:829} INFO - Processing file /home/airflow/.local/lib/python3.8/site-packages/airflow/example_dags/example_task_group_decorator.py for tasks to queue
[2024-03-26T06:22:42.411+0000] {logging_mixin.py:151} INFO - [2024-03-26T06:22:42.410+0000] {dagbag.py:539} INFO - Filling up the DagBag from /home/airflow/.local/lib/python3.8/site-packages/airflow/example_dags/example_task_group_decorator.py
[2024-03-26T06:22:42.428+0000] {processor.py:839} INFO - DAG(s) dict_keys(['example_task_group_decorator']) retrieved from /home/airflow/.local/lib/python3.8/site-packages/airflow/example_dags/example_task_group_decorator.py
[2024-03-26T06:22:42.457+0000] {logging_mixin.py:151} INFO - [2024-03-26T06:22:42.457+0000] {dag.py:2915} INFO - Sync 1 DAGs
[2024-03-26T06:22:42.488+0000] {logging_mixin.py:151} INFO - [2024-03-26T06:22:42.488+0000] {dag.py:3696} INFO - Setting next_dagrun for example_task_group_decorator to 2024-03-25T06:22:42.487764+00:00, run_after=2024-03-26T06:22:42.487764+00:00
[2024-03-26T06:22:42.518+0000] {processor.py:179} INFO - Processing /home/airflow/.local/lib/python3.8/site-packages/airflow/example_dags/example_task_group_decorator.py took 0.116 seconds
[2024-03-26T06:23:12.974+0000] {processor.py:157} INFO - Started process (PID=1441) to work on /home/airflow/.local/lib/python3.8/site-packages/airflow/example_dags/example_task_group_decorator.py
[2024-03-26T06:23:12.975+0000] {processor.py:829} INFO - Processing file /home/airflow/.local/lib/python3.8/site-packages/airflow/example_dags/example_task_group_decorator.py for tasks to queue
[2024-03-26T06:23:12.978+0000] {logging_mixin.py:151} INFO - [2024-03-26T06:23:12.977+0000] {dagbag.py:539} INFO - Filling up the DagBag from /home/airflow/.local/lib/python3.8/site-packages/airflow/example_dags/example_task_group_decorator.py
[2024-03-26T06:23:12.999+0000] {processor.py:839} INFO - DAG(s) dict_keys(['example_task_group_decorator']) retrieved from /home/airflow/.local/lib/python3.8/site-packages/airflow/example_dags/example_task_group_decorator.py
[2024-03-26T06:23:13.034+0000] {logging_mixin.py:151} INFO - [2024-03-26T06:23:13.033+0000] {dag.py:2915} INFO - Sync 1 DAGs
[2024-03-26T06:23:13.063+0000] {logging_mixin.py:151} INFO - [2024-03-26T06:23:13.063+0000] {dag.py:3696} INFO - Setting next_dagrun for example_task_group_decorator to 2024-03-25T06:23:13.062677+00:00, run_after=2024-03-26T06:23:13.062677+00:00
[2024-03-26T06:23:13.088+0000] {processor.py:179} INFO - Processing /home/airflow/.local/lib/python3.8/site-packages/airflow/example_dags/example_task_group_decorator.py took 0.119 seconds
[2024-03-26T06:23:43.644+0000] {processor.py:157} INFO - Started process (PID=1495) to work on /home/airflow/.local/lib/python3.8/site-packages/airflow/example_dags/example_task_group_decorator.py
[2024-03-26T06:23:43.646+0000] {processor.py:829} INFO - Processing file /home/airflow/.local/lib/python3.8/site-packages/airflow/example_dags/example_task_group_decorator.py for tasks to queue
[2024-03-26T06:23:43.648+0000] {logging_mixin.py:151} INFO - [2024-03-26T06:23:43.648+0000] {dagbag.py:539} INFO - Filling up the DagBag from /home/airflow/.local/lib/python3.8/site-packages/airflow/example_dags/example_task_group_decorator.py
[2024-03-26T06:23:43.665+0000] {processor.py:839} INFO - DAG(s) dict_keys(['example_task_group_decorator']) retrieved from /home/airflow/.local/lib/python3.8/site-packages/airflow/example_dags/example_task_group_decorator.py
[2024-03-26T06:23:43.699+0000] {logging_mixin.py:151} INFO - [2024-03-26T06:23:43.699+0000] {dag.py:2915} INFO - Sync 1 DAGs
[2024-03-26T06:23:43.731+0000] {logging_mixin.py:151} INFO - [2024-03-26T06:23:43.730+0000] {dag.py:3696} INFO - Setting next_dagrun for example_task_group_decorator to 2024-03-25T06:23:43.730549+00:00, run_after=2024-03-26T06:23:43.730549+00:00
[2024-03-26T06:23:43.762+0000] {processor.py:179} INFO - Processing /home/airflow/.local/lib/python3.8/site-packages/airflow/example_dags/example_task_group_decorator.py took 0.123 seconds
[2024-03-26T06:24:14.264+0000] {processor.py:157} INFO - Started process (PID=1549) to work on /home/airflow/.local/lib/python3.8/site-packages/airflow/example_dags/example_task_group_decorator.py
[2024-03-26T06:24:14.265+0000] {processor.py:829} INFO - Processing file /home/airflow/.local/lib/python3.8/site-packages/airflow/example_dags/example_task_group_decorator.py for tasks to queue
[2024-03-26T06:24:14.268+0000] {logging_mixin.py:151} INFO - [2024-03-26T06:24:14.268+0000] {dagbag.py:539} INFO - Filling up the DagBag from /home/airflow/.local/lib/python3.8/site-packages/airflow/example_dags/example_task_group_decorator.py
[2024-03-26T06:24:14.285+0000] {processor.py:839} INFO - DAG(s) dict_keys(['example_task_group_decorator']) retrieved from /home/airflow/.local/lib/python3.8/site-packages/airflow/example_dags/example_task_group_decorator.py
[2024-03-26T06:24:14.317+0000] {logging_mixin.py:151} INFO - [2024-03-26T06:24:14.317+0000] {dag.py:2915} INFO - Sync 1 DAGs
[2024-03-26T06:24:14.345+0000] {logging_mixin.py:151} INFO - [2024-03-26T06:24:14.344+0000] {dag.py:3696} INFO - Setting next_dagrun for example_task_group_decorator to 2024-03-25T06:24:14.344571+00:00, run_after=2024-03-26T06:24:14.344571+00:00
[2024-03-26T06:24:14.368+0000] {processor.py:179} INFO - Processing /home/airflow/.local/lib/python3.8/site-packages/airflow/example_dags/example_task_group_decorator.py took 0.108 seconds
[2024-03-26T06:24:44.894+0000] {processor.py:157} INFO - Started process (PID=1603) to work on /home/airflow/.local/lib/python3.8/site-packages/airflow/example_dags/example_task_group_decorator.py
[2024-03-26T06:24:44.896+0000] {processor.py:829} INFO - Processing file /home/airflow/.local/lib/python3.8/site-packages/airflow/example_dags/example_task_group_decorator.py for tasks to queue
[2024-03-26T06:24:44.899+0000] {logging_mixin.py:151} INFO - [2024-03-26T06:24:44.898+0000] {dagbag.py:539} INFO - Filling up the DagBag from /home/airflow/.local/lib/python3.8/site-packages/airflow/example_dags/example_task_group_decorator.py
[2024-03-26T06:24:44.914+0000] {processor.py:839} INFO - DAG(s) dict_keys(['example_task_group_decorator']) retrieved from /home/airflow/.local/lib/python3.8/site-packages/airflow/example_dags/example_task_group_decorator.py
[2024-03-26T06:24:44.950+0000] {logging_mixin.py:151} INFO - [2024-03-26T06:24:44.949+0000] {dag.py:2915} INFO - Sync 1 DAGs
[2024-03-26T06:24:44.983+0000] {logging_mixin.py:151} INFO - [2024-03-26T06:24:44.983+0000] {dag.py:3696} INFO - Setting next_dagrun for example_task_group_decorator to 2024-03-25T06:24:44.982756+00:00, run_after=2024-03-26T06:24:44.982756+00:00
[2024-03-26T06:24:45.008+0000] {processor.py:179} INFO - Processing /home/airflow/.local/lib/python3.8/site-packages/airflow/example_dags/example_task_group_decorator.py took 0.118 seconds
[2024-03-26T06:25:15.503+0000] {processor.py:157} INFO - Started process (PID=1657) to work on /home/airflow/.local/lib/python3.8/site-packages/airflow/example_dags/example_task_group_decorator.py
[2024-03-26T06:25:15.504+0000] {processor.py:829} INFO - Processing file /home/airflow/.local/lib/python3.8/site-packages/airflow/example_dags/example_task_group_decorator.py for tasks to queue
[2024-03-26T06:25:15.507+0000] {logging_mixin.py:151} INFO - [2024-03-26T06:25:15.506+0000] {dagbag.py:539} INFO - Filling up the DagBag from /home/airflow/.local/lib/python3.8/site-packages/airflow/example_dags/example_task_group_decorator.py
[2024-03-26T06:25:15.523+0000] {processor.py:839} INFO - DAG(s) dict_keys(['example_task_group_decorator']) retrieved from /home/airflow/.local/lib/python3.8/site-packages/airflow/example_dags/example_task_group_decorator.py
[2024-03-26T06:25:15.552+0000] {logging_mixin.py:151} INFO - [2024-03-26T06:25:15.552+0000] {dag.py:2915} INFO - Sync 1 DAGs
[2024-03-26T06:25:15.580+0000] {logging_mixin.py:151} INFO - [2024-03-26T06:25:15.580+0000] {dag.py:3696} INFO - Setting next_dagrun for example_task_group_decorator to 2024-03-25T06:25:15.579683+00:00, run_after=2024-03-26T06:25:15.579683+00:00
[2024-03-26T06:25:15.602+0000] {processor.py:179} INFO - Processing /home/airflow/.local/lib/python3.8/site-packages/airflow/example_dags/example_task_group_decorator.py took 0.103 seconds
[2024-03-26T06:25:45.982+0000] {processor.py:157} INFO - Started process (PID=1711) to work on /home/airflow/.local/lib/python3.8/site-packages/airflow/example_dags/example_task_group_decorator.py
[2024-03-26T06:25:45.984+0000] {processor.py:829} INFO - Processing file /home/airflow/.local/lib/python3.8/site-packages/airflow/example_dags/example_task_group_decorator.py for tasks to queue
[2024-03-26T06:25:45.986+0000] {logging_mixin.py:151} INFO - [2024-03-26T06:25:45.986+0000] {dagbag.py:539} INFO - Filling up the DagBag from /home/airflow/.local/lib/python3.8/site-packages/airflow/example_dags/example_task_group_decorator.py
[2024-03-26T06:25:46.003+0000] {processor.py:839} INFO - DAG(s) dict_keys(['example_task_group_decorator']) retrieved from /home/airflow/.local/lib/python3.8/site-packages/airflow/example_dags/example_task_group_decorator.py
[2024-03-26T06:25:46.033+0000] {logging_mixin.py:151} INFO - [2024-03-26T06:25:46.032+0000] {dag.py:2915} INFO - Sync 1 DAGs
[2024-03-26T06:25:46.059+0000] {logging_mixin.py:151} INFO - [2024-03-26T06:25:46.059+0000] {dag.py:3696} INFO - Setting next_dagrun for example_task_group_decorator to 2024-03-25T06:25:46.058315+00:00, run_after=2024-03-26T06:25:46.058315+00:00
[2024-03-26T06:25:46.081+0000] {processor.py:179} INFO - Processing /home/airflow/.local/lib/python3.8/site-packages/airflow/example_dags/example_task_group_decorator.py took 0.103 seconds
[2024-03-26T06:26:16.364+0000] {processor.py:157} INFO - Started process (PID=1765) to work on /home/airflow/.local/lib/python3.8/site-packages/airflow/example_dags/example_task_group_decorator.py
[2024-03-26T06:26:16.366+0000] {processor.py:829} INFO - Processing file /home/airflow/.local/lib/python3.8/site-packages/airflow/example_dags/example_task_group_decorator.py for tasks to queue
[2024-03-26T06:26:16.368+0000] {logging_mixin.py:151} INFO - [2024-03-26T06:26:16.368+0000] {dagbag.py:539} INFO - Filling up the DagBag from /home/airflow/.local/lib/python3.8/site-packages/airflow/example_dags/example_task_group_decorator.py
[2024-03-26T06:26:16.387+0000] {processor.py:839} INFO - DAG(s) dict_keys(['example_task_group_decorator']) retrieved from /home/airflow/.local/lib/python3.8/site-packages/airflow/example_dags/example_task_group_decorator.py
[2024-03-26T06:26:16.422+0000] {logging_mixin.py:151} INFO - [2024-03-26T06:26:16.421+0000] {dag.py:2915} INFO - Sync 1 DAGs
[2024-03-26T06:26:16.449+0000] {logging_mixin.py:151} INFO - [2024-03-26T06:26:16.449+0000] {dag.py:3696} INFO - Setting next_dagrun for example_task_group_decorator to 2024-03-25T06:26:16.448772+00:00, run_after=2024-03-26T06:26:16.448772+00:00
[2024-03-26T06:26:16.472+0000] {processor.py:179} INFO - Processing /home/airflow/.local/lib/python3.8/site-packages/airflow/example_dags/example_task_group_decorator.py took 0.112 seconds
[2024-03-26T06:26:47.042+0000] {processor.py:157} INFO - Started process (PID=1819) to work on /home/airflow/.local/lib/python3.8/site-packages/airflow/example_dags/example_task_group_decorator.py
[2024-03-26T06:26:47.044+0000] {processor.py:829} INFO - Processing file /home/airflow/.local/lib/python3.8/site-packages/airflow/example_dags/example_task_group_decorator.py for tasks to queue
[2024-03-26T06:26:47.046+0000] {logging_mixin.py:151} INFO - [2024-03-26T06:26:47.046+0000] {dagbag.py:539} INFO - Filling up the DagBag from /home/airflow/.local/lib/python3.8/site-packages/airflow/example_dags/example_task_group_decorator.py
[2024-03-26T06:26:47.061+0000] {processor.py:839} INFO - DAG(s) dict_keys(['example_task_group_decorator']) retrieved from /home/airflow/.local/lib/python3.8/site-packages/airflow/example_dags/example_task_group_decorator.py
[2024-03-26T06:26:47.093+0000] {logging_mixin.py:151} INFO - [2024-03-26T06:26:47.092+0000] {dag.py:2915} INFO - Sync 1 DAGs
[2024-03-26T06:26:47.121+0000] {logging_mixin.py:151} INFO - [2024-03-26T06:26:47.121+0000] {dag.py:3696} INFO - Setting next_dagrun for example_task_group_decorator to 2024-03-25T06:26:47.121495+00:00, run_after=2024-03-26T06:26:47.121495+00:00
[2024-03-26T06:26:47.145+0000] {processor.py:179} INFO - Processing /home/airflow/.local/lib/python3.8/site-packages/airflow/example_dags/example_task_group_decorator.py took 0.108 seconds
[2024-03-26T06:27:17.482+0000] {processor.py:157} INFO - Started process (PID=1873) to work on /home/airflow/.local/lib/python3.8/site-packages/airflow/example_dags/example_task_group_decorator.py
[2024-03-26T06:27:17.484+0000] {processor.py:829} INFO - Processing file /home/airflow/.local/lib/python3.8/site-packages/airflow/example_dags/example_task_group_decorator.py for tasks to queue
[2024-03-26T06:27:17.487+0000] {logging_mixin.py:151} INFO - [2024-03-26T06:27:17.487+0000] {dagbag.py:539} INFO - Filling up the DagBag from /home/airflow/.local/lib/python3.8/site-packages/airflow/example_dags/example_task_group_decorator.py
[2024-03-26T06:27:17.507+0000] {processor.py:839} INFO - DAG(s) dict_keys(['example_task_group_decorator']) retrieved from /home/airflow/.local/lib/python3.8/site-packages/airflow/example_dags/example_task_group_decorator.py
[2024-03-26T06:27:17.538+0000] {logging_mixin.py:151} INFO - [2024-03-26T06:27:17.538+0000] {dag.py:2915} INFO - Sync 1 DAGs
[2024-03-26T06:27:17.567+0000] {logging_mixin.py:151} INFO - [2024-03-26T06:27:17.567+0000] {dag.py:3696} INFO - Setting next_dagrun for example_task_group_decorator to 2024-03-25T06:27:17.567300+00:00, run_after=2024-03-26T06:27:17.567300+00:00
[2024-03-26T06:27:17.594+0000] {processor.py:179} INFO - Processing /home/airflow/.local/lib/python3.8/site-packages/airflow/example_dags/example_task_group_decorator.py took 0.115 seconds
[2024-03-26T06:27:48.221+0000] {processor.py:157} INFO - Started process (PID=1927) to work on /home/airflow/.local/lib/python3.8/site-packages/airflow/example_dags/example_task_group_decorator.py
[2024-03-26T06:27:48.223+0000] {processor.py:829} INFO - Processing file /home/airflow/.local/lib/python3.8/site-packages/airflow/example_dags/example_task_group_decorator.py for tasks to queue
[2024-03-26T06:27:48.226+0000] {logging_mixin.py:151} INFO - [2024-03-26T06:27:48.226+0000] {dagbag.py:539} INFO - Filling up the DagBag from /home/airflow/.local/lib/python3.8/site-packages/airflow/example_dags/example_task_group_decorator.py
[2024-03-26T06:27:48.246+0000] {processor.py:839} INFO - DAG(s) dict_keys(['example_task_group_decorator']) retrieved from /home/airflow/.local/lib/python3.8/site-packages/airflow/example_dags/example_task_group_decorator.py
[2024-03-26T06:27:48.286+0000] {logging_mixin.py:151} INFO - [2024-03-26T06:27:48.286+0000] {dag.py:2915} INFO - Sync 1 DAGs
[2024-03-26T06:27:48.324+0000] {logging_mixin.py:151} INFO - [2024-03-26T06:27:48.323+0000] {dag.py:3696} INFO - Setting next_dagrun for example_task_group_decorator to 2024-03-25T06:27:48.323523+00:00, run_after=2024-03-26T06:27:48.323523+00:00
[2024-03-26T06:27:48.358+0000] {processor.py:179} INFO - Processing /home/airflow/.local/lib/python3.8/site-packages/airflow/example_dags/example_task_group_decorator.py took 0.141 seconds
[2024-03-26T06:28:18.732+0000] {processor.py:157} INFO - Started process (PID=1981) to work on /home/airflow/.local/lib/python3.8/site-packages/airflow/example_dags/example_task_group_decorator.py
[2024-03-26T06:28:18.734+0000] {processor.py:829} INFO - Processing file /home/airflow/.local/lib/python3.8/site-packages/airflow/example_dags/example_task_group_decorator.py for tasks to queue
[2024-03-26T06:28:18.737+0000] {logging_mixin.py:151} INFO - [2024-03-26T06:28:18.736+0000] {dagbag.py:539} INFO - Filling up the DagBag from /home/airflow/.local/lib/python3.8/site-packages/airflow/example_dags/example_task_group_decorator.py
[2024-03-26T06:28:18.761+0000] {processor.py:839} INFO - DAG(s) dict_keys(['example_task_group_decorator']) retrieved from /home/airflow/.local/lib/python3.8/site-packages/airflow/example_dags/example_task_group_decorator.py
[2024-03-26T06:28:18.796+0000] {logging_mixin.py:151} INFO - [2024-03-26T06:28:18.795+0000] {dag.py:2915} INFO - Sync 1 DAGs
[2024-03-26T06:28:18.828+0000] {logging_mixin.py:151} INFO - [2024-03-26T06:28:18.828+0000] {dag.py:3696} INFO - Setting next_dagrun for example_task_group_decorator to 2024-03-25T06:28:18.827953+00:00, run_after=2024-03-26T06:28:18.827953+00:00
[2024-03-26T06:28:18.853+0000] {processor.py:179} INFO - Processing /home/airflow/.local/lib/python3.8/site-packages/airflow/example_dags/example_task_group_decorator.py took 0.124 seconds
[2024-03-26T06:28:49.043+0000] {processor.py:157} INFO - Started process (PID=2035) to work on /home/airflow/.local/lib/python3.8/site-packages/airflow/example_dags/example_task_group_decorator.py
[2024-03-26T06:28:49.044+0000] {processor.py:829} INFO - Processing file /home/airflow/.local/lib/python3.8/site-packages/airflow/example_dags/example_task_group_decorator.py for tasks to queue
[2024-03-26T06:28:49.047+0000] {logging_mixin.py:151} INFO - [2024-03-26T06:28:49.047+0000] {dagbag.py:539} INFO - Filling up the DagBag from /home/airflow/.local/lib/python3.8/site-packages/airflow/example_dags/example_task_group_decorator.py
[2024-03-26T06:28:49.065+0000] {processor.py:839} INFO - DAG(s) dict_keys(['example_task_group_decorator']) retrieved from /home/airflow/.local/lib/python3.8/site-packages/airflow/example_dags/example_task_group_decorator.py
[2024-03-26T06:28:49.094+0000] {logging_mixin.py:151} INFO - [2024-03-26T06:28:49.093+0000] {dag.py:2915} INFO - Sync 1 DAGs
[2024-03-26T06:28:49.128+0000] {logging_mixin.py:151} INFO - [2024-03-26T06:28:49.127+0000] {dag.py:3696} INFO - Setting next_dagrun for example_task_group_decorator to 2024-03-25T06:28:49.127422+00:00, run_after=2024-03-26T06:28:49.127422+00:00
[2024-03-26T06:28:49.157+0000] {processor.py:179} INFO - Processing /home/airflow/.local/lib/python3.8/site-packages/airflow/example_dags/example_task_group_decorator.py took 0.118 seconds
[2024-03-26T06:29:19.306+0000] {processor.py:157} INFO - Started process (PID=2089) to work on /home/airflow/.local/lib/python3.8/site-packages/airflow/example_dags/example_task_group_decorator.py
[2024-03-26T06:29:19.308+0000] {processor.py:829} INFO - Processing file /home/airflow/.local/lib/python3.8/site-packages/airflow/example_dags/example_task_group_decorator.py for tasks to queue
[2024-03-26T06:29:19.312+0000] {logging_mixin.py:151} INFO - [2024-03-26T06:29:19.312+0000] {dagbag.py:539} INFO - Filling up the DagBag from /home/airflow/.local/lib/python3.8/site-packages/airflow/example_dags/example_task_group_decorator.py
[2024-03-26T06:29:19.333+0000] {processor.py:839} INFO - DAG(s) dict_keys(['example_task_group_decorator']) retrieved from /home/airflow/.local/lib/python3.8/site-packages/airflow/example_dags/example_task_group_decorator.py
[2024-03-26T06:29:19.367+0000] {logging_mixin.py:151} INFO - [2024-03-26T06:29:19.366+0000] {dag.py:2915} INFO - Sync 1 DAGs
[2024-03-26T06:29:19.397+0000] {logging_mixin.py:151} INFO - [2024-03-26T06:29:19.397+0000] {dag.py:3696} INFO - Setting next_dagrun for example_task_group_decorator to 2024-03-25T06:29:19.396633+00:00, run_after=2024-03-26T06:29:19.396633+00:00
[2024-03-26T06:29:19.426+0000] {processor.py:179} INFO - Processing /home/airflow/.local/lib/python3.8/site-packages/airflow/example_dags/example_task_group_decorator.py took 0.125 seconds
[2024-03-26T06:29:50.462+0000] {processor.py:157} INFO - Started process (PID=2143) to work on /home/airflow/.local/lib/python3.8/site-packages/airflow/example_dags/example_task_group_decorator.py
[2024-03-26T06:29:50.463+0000] {processor.py:829} INFO - Processing file /home/airflow/.local/lib/python3.8/site-packages/airflow/example_dags/example_task_group_decorator.py for tasks to queue
[2024-03-26T06:29:50.467+0000] {logging_mixin.py:151} INFO - [2024-03-26T06:29:50.466+0000] {dagbag.py:539} INFO - Filling up the DagBag from /home/airflow/.local/lib/python3.8/site-packages/airflow/example_dags/example_task_group_decorator.py
[2024-03-26T06:29:50.484+0000] {processor.py:839} INFO - DAG(s) dict_keys(['example_task_group_decorator']) retrieved from /home/airflow/.local/lib/python3.8/site-packages/airflow/example_dags/example_task_group_decorator.py
[2024-03-26T06:29:50.515+0000] {logging_mixin.py:151} INFO - [2024-03-26T06:29:50.515+0000] {dag.py:2915} INFO - Sync 1 DAGs
[2024-03-26T06:29:50.544+0000] {logging_mixin.py:151} INFO - [2024-03-26T06:29:50.544+0000] {dag.py:3696} INFO - Setting next_dagrun for example_task_group_decorator to 2024-03-25T06:29:50.544052+00:00, run_after=2024-03-26T06:29:50.544052+00:00
[2024-03-26T06:29:50.570+0000] {processor.py:179} INFO - Processing /home/airflow/.local/lib/python3.8/site-packages/airflow/example_dags/example_task_group_decorator.py took 0.113 seconds
[2024-03-26T06:30:20.710+0000] {processor.py:157} INFO - Started process (PID=2197) to work on /home/airflow/.local/lib/python3.8/site-packages/airflow/example_dags/example_task_group_decorator.py
[2024-03-26T06:30:20.712+0000] {processor.py:829} INFO - Processing file /home/airflow/.local/lib/python3.8/site-packages/airflow/example_dags/example_task_group_decorator.py for tasks to queue
[2024-03-26T06:30:20.716+0000] {logging_mixin.py:151} INFO - [2024-03-26T06:30:20.715+0000] {dagbag.py:539} INFO - Filling up the DagBag from /home/airflow/.local/lib/python3.8/site-packages/airflow/example_dags/example_task_group_decorator.py
[2024-03-26T06:30:20.733+0000] {processor.py:839} INFO - DAG(s) dict_keys(['example_task_group_decorator']) retrieved from /home/airflow/.local/lib/python3.8/site-packages/airflow/example_dags/example_task_group_decorator.py
[2024-03-26T06:30:20.762+0000] {logging_mixin.py:151} INFO - [2024-03-26T06:30:20.762+0000] {dag.py:2915} INFO - Sync 1 DAGs
[2024-03-26T06:30:20.787+0000] {logging_mixin.py:151} INFO - [2024-03-26T06:30:20.787+0000] {dag.py:3696} INFO - Setting next_dagrun for example_task_group_decorator to 2024-03-25T06:30:20.787257+00:00, run_after=2024-03-26T06:30:20.787257+00:00
[2024-03-26T06:30:20.809+0000] {processor.py:179} INFO - Processing /home/airflow/.local/lib/python3.8/site-packages/airflow/example_dags/example_task_group_decorator.py took 0.104 seconds
[2024-03-26T06:30:50.982+0000] {processor.py:157} INFO - Started process (PID=2251) to work on /home/airflow/.local/lib/python3.8/site-packages/airflow/example_dags/example_task_group_decorator.py
[2024-03-26T06:30:50.983+0000] {processor.py:829} INFO - Processing file /home/airflow/.local/lib/python3.8/site-packages/airflow/example_dags/example_task_group_decorator.py for tasks to queue
[2024-03-26T06:30:50.986+0000] {logging_mixin.py:151} INFO - [2024-03-26T06:30:50.985+0000] {dagbag.py:539} INFO - Filling up the DagBag from /home/airflow/.local/lib/python3.8/site-packages/airflow/example_dags/example_task_group_decorator.py
[2024-03-26T06:30:51.003+0000] {processor.py:839} INFO - DAG(s) dict_keys(['example_task_group_decorator']) retrieved from /home/airflow/.local/lib/python3.8/site-packages/airflow/example_dags/example_task_group_decorator.py
[2024-03-26T06:30:51.034+0000] {logging_mixin.py:151} INFO - [2024-03-26T06:30:51.034+0000] {dag.py:2915} INFO - Sync 1 DAGs
[2024-03-26T06:30:51.060+0000] {logging_mixin.py:151} INFO - [2024-03-26T06:30:51.059+0000] {dag.py:3696} INFO - Setting next_dagrun for example_task_group_decorator to 2024-03-25T06:30:51.059579+00:00, run_after=2024-03-26T06:30:51.059579+00:00
[2024-03-26T06:30:51.081+0000] {processor.py:179} INFO - Processing /home/airflow/.local/lib/python3.8/site-packages/airflow/example_dags/example_task_group_decorator.py took 0.104 seconds
[2024-03-26T06:31:21.231+0000] {processor.py:157} INFO - Started process (PID=2305) to work on /home/airflow/.local/lib/python3.8/site-packages/airflow/example_dags/example_task_group_decorator.py
[2024-03-26T06:31:21.233+0000] {processor.py:829} INFO - Processing file /home/airflow/.local/lib/python3.8/site-packages/airflow/example_dags/example_task_group_decorator.py for tasks to queue
[2024-03-26T06:31:21.236+0000] {logging_mixin.py:151} INFO - [2024-03-26T06:31:21.236+0000] {dagbag.py:539} INFO - Filling up the DagBag from /home/airflow/.local/lib/python3.8/site-packages/airflow/example_dags/example_task_group_decorator.py
[2024-03-26T06:31:21.254+0000] {processor.py:839} INFO - DAG(s) dict_keys(['example_task_group_decorator']) retrieved from /home/airflow/.local/lib/python3.8/site-packages/airflow/example_dags/example_task_group_decorator.py
[2024-03-26T06:31:21.283+0000] {logging_mixin.py:151} INFO - [2024-03-26T06:31:21.283+0000] {dag.py:2915} INFO - Sync 1 DAGs
[2024-03-26T06:31:21.309+0000] {logging_mixin.py:151} INFO - [2024-03-26T06:31:21.309+0000] {dag.py:3696} INFO - Setting next_dagrun for example_task_group_decorator to 2024-03-25T06:31:21.309215+00:00, run_after=2024-03-26T06:31:21.309215+00:00
[2024-03-26T06:31:21.330+0000] {processor.py:179} INFO - Processing /home/airflow/.local/lib/python3.8/site-packages/airflow/example_dags/example_task_group_decorator.py took 0.103 seconds
[2024-03-26T06:31:51.516+0000] {processor.py:157} INFO - Started process (PID=2359) to work on /home/airflow/.local/lib/python3.8/site-packages/airflow/example_dags/example_task_group_decorator.py
[2024-03-26T06:31:51.517+0000] {processor.py:829} INFO - Processing file /home/airflow/.local/lib/python3.8/site-packages/airflow/example_dags/example_task_group_decorator.py for tasks to queue
[2024-03-26T06:31:51.521+0000] {logging_mixin.py:151} INFO - [2024-03-26T06:31:51.520+0000] {dagbag.py:539} INFO - Filling up the DagBag from /home/airflow/.local/lib/python3.8/site-packages/airflow/example_dags/example_task_group_decorator.py
[2024-03-26T06:31:51.538+0000] {processor.py:839} INFO - DAG(s) dict_keys(['example_task_group_decorator']) retrieved from /home/airflow/.local/lib/python3.8/site-packages/airflow/example_dags/example_task_group_decorator.py
[2024-03-26T06:31:51.614+0000] {logging_mixin.py:151} INFO - [2024-03-26T06:31:51.613+0000] {dag.py:2915} INFO - Sync 1 DAGs
[2024-03-26T06:31:51.642+0000] {logging_mixin.py:151} INFO - [2024-03-26T06:31:51.641+0000] {dag.py:3696} INFO - Setting next_dagrun for example_task_group_decorator to 2024-03-25T06:31:51.641368+00:00, run_after=2024-03-26T06:31:51.641368+00:00
[2024-03-26T06:31:51.674+0000] {processor.py:179} INFO - Processing /home/airflow/.local/lib/python3.8/site-packages/airflow/example_dags/example_task_group_decorator.py took 0.163 seconds
[2024-03-26T06:32:21.802+0000] {processor.py:157} INFO - Started process (PID=2413) to work on /home/airflow/.local/lib/python3.8/site-packages/airflow/example_dags/example_task_group_decorator.py
[2024-03-26T06:32:21.804+0000] {processor.py:829} INFO - Processing file /home/airflow/.local/lib/python3.8/site-packages/airflow/example_dags/example_task_group_decorator.py for tasks to queue
[2024-03-26T06:32:21.808+0000] {logging_mixin.py:151} INFO - [2024-03-26T06:32:21.807+0000] {dagbag.py:539} INFO - Filling up the DagBag from /home/airflow/.local/lib/python3.8/site-packages/airflow/example_dags/example_task_group_decorator.py
[2024-03-26T06:32:21.827+0000] {processor.py:839} INFO - DAG(s) dict_keys(['example_task_group_decorator']) retrieved from /home/airflow/.local/lib/python3.8/site-packages/airflow/example_dags/example_task_group_decorator.py
[2024-03-26T06:32:21.878+0000] {logging_mixin.py:151} INFO - [2024-03-26T06:32:21.877+0000] {dag.py:2915} INFO - Sync 1 DAGs
[2024-03-26T06:32:21.912+0000] {logging_mixin.py:151} INFO - [2024-03-26T06:32:21.912+0000] {dag.py:3696} INFO - Setting next_dagrun for example_task_group_decorator to 2024-03-25T06:32:21.911800+00:00, run_after=2024-03-26T06:32:21.911800+00:00
[2024-03-26T06:32:21.934+0000] {processor.py:179} INFO - Processing /home/airflow/.local/lib/python3.8/site-packages/airflow/example_dags/example_task_group_decorator.py took 0.138 seconds
[2024-03-26T06:32:52.306+0000] {processor.py:157} INFO - Started process (PID=2467) to work on /home/airflow/.local/lib/python3.8/site-packages/airflow/example_dags/example_task_group_decorator.py
[2024-03-26T06:32:52.308+0000] {processor.py:829} INFO - Processing file /home/airflow/.local/lib/python3.8/site-packages/airflow/example_dags/example_task_group_decorator.py for tasks to queue
[2024-03-26T06:32:52.311+0000] {logging_mixin.py:151} INFO - [2024-03-26T06:32:52.311+0000] {dagbag.py:539} INFO - Filling up the DagBag from /home/airflow/.local/lib/python3.8/site-packages/airflow/example_dags/example_task_group_decorator.py
[2024-03-26T06:32:52.329+0000] {processor.py:839} INFO - DAG(s) dict_keys(['example_task_group_decorator']) retrieved from /home/airflow/.local/lib/python3.8/site-packages/airflow/example_dags/example_task_group_decorator.py
[2024-03-26T06:32:52.362+0000] {logging_mixin.py:151} INFO - [2024-03-26T06:32:52.362+0000] {dag.py:2915} INFO - Sync 1 DAGs
[2024-03-26T06:32:52.392+0000] {logging_mixin.py:151} INFO - [2024-03-26T06:32:52.392+0000] {dag.py:3696} INFO - Setting next_dagrun for example_task_group_decorator to 2024-03-25T06:32:52.392184+00:00, run_after=2024-03-26T06:32:52.392184+00:00
[2024-03-26T06:32:52.420+0000] {processor.py:179} INFO - Processing /home/airflow/.local/lib/python3.8/site-packages/airflow/example_dags/example_task_group_decorator.py took 0.117 seconds
[2024-03-26T06:33:22.728+0000] {processor.py:157} INFO - Started process (PID=2521) to work on /home/airflow/.local/lib/python3.8/site-packages/airflow/example_dags/example_task_group_decorator.py
[2024-03-26T06:33:22.730+0000] {processor.py:829} INFO - Processing file /home/airflow/.local/lib/python3.8/site-packages/airflow/example_dags/example_task_group_decorator.py for tasks to queue
[2024-03-26T06:33:22.734+0000] {logging_mixin.py:151} INFO - [2024-03-26T06:33:22.734+0000] {dagbag.py:539} INFO - Filling up the DagBag from /home/airflow/.local/lib/python3.8/site-packages/airflow/example_dags/example_task_group_decorator.py
[2024-03-26T06:33:22.757+0000] {processor.py:839} INFO - DAG(s) dict_keys(['example_task_group_decorator']) retrieved from /home/airflow/.local/lib/python3.8/site-packages/airflow/example_dags/example_task_group_decorator.py
[2024-03-26T06:33:22.790+0000] {logging_mixin.py:151} INFO - [2024-03-26T06:33:22.790+0000] {dag.py:2915} INFO - Sync 1 DAGs
[2024-03-26T06:33:22.822+0000] {logging_mixin.py:151} INFO - [2024-03-26T06:33:22.821+0000] {dag.py:3696} INFO - Setting next_dagrun for example_task_group_decorator to 2024-03-25T06:33:22.821373+00:00, run_after=2024-03-26T06:33:22.821373+00:00
[2024-03-26T06:33:22.860+0000] {processor.py:179} INFO - Processing /home/airflow/.local/lib/python3.8/site-packages/airflow/example_dags/example_task_group_decorator.py took 0.136 seconds
[2024-03-26T06:33:53.664+0000] {processor.py:157} INFO - Started process (PID=2575) to work on /home/airflow/.local/lib/python3.8/site-packages/airflow/example_dags/example_task_group_decorator.py
[2024-03-26T06:33:53.665+0000] {processor.py:829} INFO - Processing file /home/airflow/.local/lib/python3.8/site-packages/airflow/example_dags/example_task_group_decorator.py for tasks to queue
[2024-03-26T06:33:53.669+0000] {logging_mixin.py:151} INFO - [2024-03-26T06:33:53.668+0000] {dagbag.py:539} INFO - Filling up the DagBag from /home/airflow/.local/lib/python3.8/site-packages/airflow/example_dags/example_task_group_decorator.py
[2024-03-26T06:33:53.702+0000] {processor.py:839} INFO - DAG(s) dict_keys(['example_task_group_decorator']) retrieved from /home/airflow/.local/lib/python3.8/site-packages/airflow/example_dags/example_task_group_decorator.py
[2024-03-26T06:33:53.747+0000] {logging_mixin.py:151} INFO - [2024-03-26T06:33:53.747+0000] {dag.py:2915} INFO - Sync 1 DAGs
[2024-03-26T06:33:53.786+0000] {logging_mixin.py:151} INFO - [2024-03-26T06:33:53.786+0000] {dag.py:3696} INFO - Setting next_dagrun for example_task_group_decorator to 2024-03-25T06:33:53.786023+00:00, run_after=2024-03-26T06:33:53.786023+00:00
[2024-03-26T06:33:53.813+0000] {processor.py:179} INFO - Processing /home/airflow/.local/lib/python3.8/site-packages/airflow/example_dags/example_task_group_decorator.py took 0.154 seconds
