[2024-03-26T06:04:05.983+0000] {processor.py:157} INFO - Started process (PID=63) to work on /home/airflow/.local/lib/python3.8/site-packages/airflow/example_dags/example_latest_only.py
[2024-03-26T06:04:05.985+0000] {processor.py:829} INFO - Processing file /home/airflow/.local/lib/python3.8/site-packages/airflow/example_dags/example_latest_only.py for tasks to queue
[2024-03-26T06:04:05.989+0000] {logging_mixin.py:151} INFO - [2024-03-26T06:04:05.989+0000] {dagbag.py:539} INFO - Filling up the DagBag from /home/airflow/.local/lib/python3.8/site-packages/airflow/example_dags/example_latest_only.py
[2024-03-26T06:04:06.017+0000] {processor.py:839} INFO - DAG(s) dict_keys(['latest_only']) retrieved from /home/airflow/.local/lib/python3.8/site-packages/airflow/example_dags/example_latest_only.py
[2024-03-26T06:04:06.470+0000] {logging_mixin.py:151} INFO - [2024-03-26T06:04:06.469+0000] {manager.py:499} INFO - Created Permission View: %s
[2024-03-26T06:04:06.507+0000] {logging_mixin.py:151} INFO - [2024-03-26T06:04:06.506+0000] {manager.py:499} INFO - Created Permission View: %s
[2024-03-26T06:04:06.527+0000] {logging_mixin.py:151} INFO - [2024-03-26T06:04:06.526+0000] {manager.py:499} INFO - Created Permission View: %s
[2024-03-26T06:04:06.528+0000] {logging_mixin.py:151} INFO - [2024-03-26T06:04:06.528+0000] {security.py:708} INFO - Not syncing DAG-level permissions for DAG 'DAG:latest_only' as access control is unset.
[2024-03-26T06:04:06.529+0000] {logging_mixin.py:151} INFO - [2024-03-26T06:04:06.529+0000] {dag.py:2915} INFO - Sync 1 DAGs
[2024-03-26T06:04:06.579+0000] {logging_mixin.py:151} INFO - [2024-03-26T06:04:06.578+0000] {dag.py:2937} INFO - Creating ORM DAG for latest_only
[2024-03-26T06:04:06.599+0000] {logging_mixin.py:151} INFO - [2024-03-26T06:04:06.598+0000] {dag.py:3696} INFO - Setting next_dagrun for latest_only to 2024-03-26T02:04:06.596061+00:00, run_after=2024-03-26T06:04:06.596061+00:00
[2024-03-26T06:04:06.673+0000] {processor.py:179} INFO - Processing /home/airflow/.local/lib/python3.8/site-packages/airflow/example_dags/example_latest_only.py took 0.701 seconds
[2024-03-26T06:04:37.064+0000] {processor.py:157} INFO - Started process (PID=116) to work on /home/airflow/.local/lib/python3.8/site-packages/airflow/example_dags/example_latest_only.py
[2024-03-26T06:04:37.074+0000] {processor.py:829} INFO - Processing file /home/airflow/.local/lib/python3.8/site-packages/airflow/example_dags/example_latest_only.py for tasks to queue
[2024-03-26T06:04:37.081+0000] {logging_mixin.py:151} INFO - [2024-03-26T06:04:37.081+0000] {dagbag.py:539} INFO - Filling up the DagBag from /home/airflow/.local/lib/python3.8/site-packages/airflow/example_dags/example_latest_only.py
[2024-03-26T06:04:37.103+0000] {processor.py:839} INFO - DAG(s) dict_keys(['latest_only']) retrieved from /home/airflow/.local/lib/python3.8/site-packages/airflow/example_dags/example_latest_only.py
[2024-03-26T06:04:37.152+0000] {logging_mixin.py:151} INFO - [2024-03-26T06:04:37.152+0000] {dag.py:2915} INFO - Sync 1 DAGs
[2024-03-26T06:04:37.184+0000] {logging_mixin.py:151} INFO - [2024-03-26T06:04:37.184+0000] {dag.py:3696} INFO - Setting next_dagrun for latest_only to 2024-03-26T02:04:37.183670+00:00, run_after=2024-03-26T06:04:37.183670+00:00
[2024-03-26T06:04:37.776+0000] {processor.py:179} INFO - Processing /home/airflow/.local/lib/python3.8/site-packages/airflow/example_dags/example_latest_only.py took 0.722 seconds
[2024-03-26T06:05:08.446+0000] {processor.py:157} INFO - Started process (PID=170) to work on /home/airflow/.local/lib/python3.8/site-packages/airflow/example_dags/example_latest_only.py
[2024-03-26T06:05:08.448+0000] {processor.py:829} INFO - Processing file /home/airflow/.local/lib/python3.8/site-packages/airflow/example_dags/example_latest_only.py for tasks to queue
[2024-03-26T06:05:08.455+0000] {logging_mixin.py:151} INFO - [2024-03-26T06:05:08.454+0000] {dagbag.py:539} INFO - Filling up the DagBag from /home/airflow/.local/lib/python3.8/site-packages/airflow/example_dags/example_latest_only.py
[2024-03-26T06:05:08.475+0000] {processor.py:839} INFO - DAG(s) dict_keys(['latest_only']) retrieved from /home/airflow/.local/lib/python3.8/site-packages/airflow/example_dags/example_latest_only.py
[2024-03-26T06:05:08.524+0000] {logging_mixin.py:151} INFO - [2024-03-26T06:05:08.524+0000] {dag.py:2915} INFO - Sync 1 DAGs
[2024-03-26T06:05:08.875+0000] {logging_mixin.py:151} INFO - [2024-03-26T06:05:08.874+0000] {dag.py:3696} INFO - Setting next_dagrun for latest_only to 2024-03-26T02:05:08.874406+00:00, run_after=2024-03-26T06:05:08.874406+00:00
[2024-03-26T06:05:09.608+0000] {processor.py:179} INFO - Processing /home/airflow/.local/lib/python3.8/site-packages/airflow/example_dags/example_latest_only.py took 1.178 seconds
[2024-03-26T06:05:39.798+0000] {processor.py:157} INFO - Started process (PID=224) to work on /home/airflow/.local/lib/python3.8/site-packages/airflow/example_dags/example_latest_only.py
[2024-03-26T06:05:39.800+0000] {processor.py:829} INFO - Processing file /home/airflow/.local/lib/python3.8/site-packages/airflow/example_dags/example_latest_only.py for tasks to queue
[2024-03-26T06:05:39.804+0000] {logging_mixin.py:151} INFO - [2024-03-26T06:05:39.804+0000] {dagbag.py:539} INFO - Filling up the DagBag from /home/airflow/.local/lib/python3.8/site-packages/airflow/example_dags/example_latest_only.py
[2024-03-26T06:05:39.811+0000] {processor.py:839} INFO - DAG(s) dict_keys(['latest_only']) retrieved from /home/airflow/.local/lib/python3.8/site-packages/airflow/example_dags/example_latest_only.py
[2024-03-26T06:05:39.842+0000] {logging_mixin.py:151} INFO - [2024-03-26T06:05:39.842+0000] {dag.py:2915} INFO - Sync 1 DAGs
[2024-03-26T06:05:39.873+0000] {logging_mixin.py:151} INFO - [2024-03-26T06:05:39.873+0000] {dag.py:3696} INFO - Setting next_dagrun for latest_only to 2024-03-26T02:05:39.872696+00:00, run_after=2024-03-26T06:05:39.872696+00:00
[2024-03-26T06:05:39.898+0000] {processor.py:179} INFO - Processing /home/airflow/.local/lib/python3.8/site-packages/airflow/example_dags/example_latest_only.py took 0.106 seconds
[2024-03-26T06:06:10.889+0000] {processor.py:157} INFO - Started process (PID=278) to work on /home/airflow/.local/lib/python3.8/site-packages/airflow/example_dags/example_latest_only.py
[2024-03-26T06:06:10.894+0000] {processor.py:829} INFO - Processing file /home/airflow/.local/lib/python3.8/site-packages/airflow/example_dags/example_latest_only.py for tasks to queue
[2024-03-26T06:06:10.899+0000] {logging_mixin.py:151} INFO - [2024-03-26T06:06:10.899+0000] {dagbag.py:539} INFO - Filling up the DagBag from /home/airflow/.local/lib/python3.8/site-packages/airflow/example_dags/example_latest_only.py
[2024-03-26T06:06:10.916+0000] {processor.py:839} INFO - DAG(s) dict_keys(['latest_only']) retrieved from /home/airflow/.local/lib/python3.8/site-packages/airflow/example_dags/example_latest_only.py
[2024-03-26T06:06:10.957+0000] {logging_mixin.py:151} INFO - [2024-03-26T06:06:10.957+0000] {dag.py:2915} INFO - Sync 1 DAGs
[2024-03-26T06:06:10.992+0000] {logging_mixin.py:151} INFO - [2024-03-26T06:06:10.992+0000] {dag.py:3696} INFO - Setting next_dagrun for latest_only to 2024-03-26T02:06:10.991713+00:00, run_after=2024-03-26T06:06:10.991713+00:00
[2024-03-26T06:06:11.025+0000] {processor.py:179} INFO - Processing /home/airflow/.local/lib/python3.8/site-packages/airflow/example_dags/example_latest_only.py took 0.149 seconds
[2024-03-26T06:06:41.341+0000] {processor.py:157} INFO - Started process (PID=332) to work on /home/airflow/.local/lib/python3.8/site-packages/airflow/example_dags/example_latest_only.py
[2024-03-26T06:06:41.348+0000] {processor.py:829} INFO - Processing file /home/airflow/.local/lib/python3.8/site-packages/airflow/example_dags/example_latest_only.py for tasks to queue
[2024-03-26T06:06:41.361+0000] {logging_mixin.py:151} INFO - [2024-03-26T06:06:41.360+0000] {dagbag.py:539} INFO - Filling up the DagBag from /home/airflow/.local/lib/python3.8/site-packages/airflow/example_dags/example_latest_only.py
[2024-03-26T06:06:41.381+0000] {processor.py:839} INFO - DAG(s) dict_keys(['latest_only']) retrieved from /home/airflow/.local/lib/python3.8/site-packages/airflow/example_dags/example_latest_only.py
[2024-03-26T06:06:41.645+0000] {logging_mixin.py:151} INFO - [2024-03-26T06:06:41.644+0000] {dag.py:2915} INFO - Sync 1 DAGs
[2024-03-26T06:06:41.835+0000] {logging_mixin.py:151} INFO - [2024-03-26T06:06:41.835+0000] {dag.py:3696} INFO - Setting next_dagrun for latest_only to 2024-03-26T02:06:41.831908+00:00, run_after=2024-03-26T06:06:41.831908+00:00
[2024-03-26T06:06:41.881+0000] {processor.py:179} INFO - Processing /home/airflow/.local/lib/python3.8/site-packages/airflow/example_dags/example_latest_only.py took 0.554 seconds
[2024-03-26T06:07:11.987+0000] {processor.py:157} INFO - Started process (PID=386) to work on /home/airflow/.local/lib/python3.8/site-packages/airflow/example_dags/example_latest_only.py
[2024-03-26T06:07:11.999+0000] {processor.py:829} INFO - Processing file /home/airflow/.local/lib/python3.8/site-packages/airflow/example_dags/example_latest_only.py for tasks to queue
[2024-03-26T06:07:12.002+0000] {logging_mixin.py:151} INFO - [2024-03-26T06:07:12.002+0000] {dagbag.py:539} INFO - Filling up the DagBag from /home/airflow/.local/lib/python3.8/site-packages/airflow/example_dags/example_latest_only.py
[2024-03-26T06:07:12.020+0000] {processor.py:839} INFO - DAG(s) dict_keys(['latest_only']) retrieved from /home/airflow/.local/lib/python3.8/site-packages/airflow/example_dags/example_latest_only.py
[2024-03-26T06:07:12.051+0000] {logging_mixin.py:151} INFO - [2024-03-26T06:07:12.051+0000] {dag.py:2915} INFO - Sync 1 DAGs
[2024-03-26T06:07:12.082+0000] {logging_mixin.py:151} INFO - [2024-03-26T06:07:12.082+0000] {dag.py:3696} INFO - Setting next_dagrun for latest_only to 2024-03-26T02:07:12.081942+00:00, run_after=2024-03-26T06:07:12.081942+00:00
[2024-03-26T06:07:12.231+0000] {processor.py:179} INFO - Processing /home/airflow/.local/lib/python3.8/site-packages/airflow/example_dags/example_latest_only.py took 0.248 seconds
[2024-03-26T06:07:43.037+0000] {processor.py:157} INFO - Started process (PID=440) to work on /home/airflow/.local/lib/python3.8/site-packages/airflow/example_dags/example_latest_only.py
[2024-03-26T06:07:43.038+0000] {processor.py:829} INFO - Processing file /home/airflow/.local/lib/python3.8/site-packages/airflow/example_dags/example_latest_only.py for tasks to queue
[2024-03-26T06:07:43.042+0000] {logging_mixin.py:151} INFO - [2024-03-26T06:07:43.041+0000] {dagbag.py:539} INFO - Filling up the DagBag from /home/airflow/.local/lib/python3.8/site-packages/airflow/example_dags/example_latest_only.py
[2024-03-26T06:07:43.048+0000] {processor.py:839} INFO - DAG(s) dict_keys(['latest_only']) retrieved from /home/airflow/.local/lib/python3.8/site-packages/airflow/example_dags/example_latest_only.py
[2024-03-26T06:07:43.072+0000] {logging_mixin.py:151} INFO - [2024-03-26T06:07:43.071+0000] {dag.py:2915} INFO - Sync 1 DAGs
[2024-03-26T06:07:43.099+0000] {logging_mixin.py:151} INFO - [2024-03-26T06:07:43.098+0000] {dag.py:3696} INFO - Setting next_dagrun for latest_only to 2024-03-26T02:07:43.098563+00:00, run_after=2024-03-26T06:07:43.098563+00:00
[2024-03-26T06:07:43.125+0000] {processor.py:179} INFO - Processing /home/airflow/.local/lib/python3.8/site-packages/airflow/example_dags/example_latest_only.py took 0.093 seconds
[2024-03-26T06:08:13.608+0000] {processor.py:157} INFO - Started process (PID=494) to work on /home/airflow/.local/lib/python3.8/site-packages/airflow/example_dags/example_latest_only.py
[2024-03-26T06:08:13.609+0000] {processor.py:829} INFO - Processing file /home/airflow/.local/lib/python3.8/site-packages/airflow/example_dags/example_latest_only.py for tasks to queue
[2024-03-26T06:08:13.613+0000] {logging_mixin.py:151} INFO - [2024-03-26T06:08:13.612+0000] {dagbag.py:539} INFO - Filling up the DagBag from /home/airflow/.local/lib/python3.8/site-packages/airflow/example_dags/example_latest_only.py
[2024-03-26T06:08:13.618+0000] {processor.py:839} INFO - DAG(s) dict_keys(['latest_only']) retrieved from /home/airflow/.local/lib/python3.8/site-packages/airflow/example_dags/example_latest_only.py
[2024-03-26T06:08:13.647+0000] {logging_mixin.py:151} INFO - [2024-03-26T06:08:13.646+0000] {dag.py:2915} INFO - Sync 1 DAGs
[2024-03-26T06:08:13.672+0000] {logging_mixin.py:151} INFO - [2024-03-26T06:08:13.672+0000] {dag.py:3696} INFO - Setting next_dagrun for latest_only to 2024-03-26T02:08:13.672167+00:00, run_after=2024-03-26T06:08:13.672167+00:00
[2024-03-26T06:08:13.701+0000] {processor.py:179} INFO - Processing /home/airflow/.local/lib/python3.8/site-packages/airflow/example_dags/example_latest_only.py took 0.098 seconds
[2024-03-26T06:08:43.921+0000] {processor.py:157} INFO - Started process (PID=548) to work on /home/airflow/.local/lib/python3.8/site-packages/airflow/example_dags/example_latest_only.py
[2024-03-26T06:08:43.923+0000] {processor.py:829} INFO - Processing file /home/airflow/.local/lib/python3.8/site-packages/airflow/example_dags/example_latest_only.py for tasks to queue
[2024-03-26T06:08:43.928+0000] {logging_mixin.py:151} INFO - [2024-03-26T06:08:43.928+0000] {dagbag.py:539} INFO - Filling up the DagBag from /home/airflow/.local/lib/python3.8/site-packages/airflow/example_dags/example_latest_only.py
[2024-03-26T06:08:43.935+0000] {processor.py:839} INFO - DAG(s) dict_keys(['latest_only']) retrieved from /home/airflow/.local/lib/python3.8/site-packages/airflow/example_dags/example_latest_only.py
[2024-03-26T06:08:43.964+0000] {logging_mixin.py:151} INFO - [2024-03-26T06:08:43.963+0000] {dag.py:2915} INFO - Sync 1 DAGs
[2024-03-26T06:08:43.998+0000] {logging_mixin.py:151} INFO - [2024-03-26T06:08:43.997+0000] {dag.py:3696} INFO - Setting next_dagrun for latest_only to 2024-03-26T02:08:43.997155+00:00, run_after=2024-03-26T06:08:43.997155+00:00
[2024-03-26T06:08:44.028+0000] {processor.py:179} INFO - Processing /home/airflow/.local/lib/python3.8/site-packages/airflow/example_dags/example_latest_only.py took 0.111 seconds
[2024-03-26T06:09:14.438+0000] {processor.py:157} INFO - Started process (PID=602) to work on /home/airflow/.local/lib/python3.8/site-packages/airflow/example_dags/example_latest_only.py
[2024-03-26T06:09:14.441+0000] {processor.py:829} INFO - Processing file /home/airflow/.local/lib/python3.8/site-packages/airflow/example_dags/example_latest_only.py for tasks to queue
[2024-03-26T06:09:14.445+0000] {logging_mixin.py:151} INFO - [2024-03-26T06:09:14.444+0000] {dagbag.py:539} INFO - Filling up the DagBag from /home/airflow/.local/lib/python3.8/site-packages/airflow/example_dags/example_latest_only.py
[2024-03-26T06:09:14.454+0000] {processor.py:839} INFO - DAG(s) dict_keys(['latest_only']) retrieved from /home/airflow/.local/lib/python3.8/site-packages/airflow/example_dags/example_latest_only.py
[2024-03-26T06:09:14.488+0000] {logging_mixin.py:151} INFO - [2024-03-26T06:09:14.488+0000] {dag.py:2915} INFO - Sync 1 DAGs
[2024-03-26T06:09:14.524+0000] {logging_mixin.py:151} INFO - [2024-03-26T06:09:14.523+0000] {dag.py:3696} INFO - Setting next_dagrun for latest_only to 2024-03-26T02:09:14.523388+00:00, run_after=2024-03-26T06:09:14.523388+00:00
[2024-03-26T06:09:14.561+0000] {processor.py:179} INFO - Processing /home/airflow/.local/lib/python3.8/site-packages/airflow/example_dags/example_latest_only.py took 0.129 seconds
[2024-03-26T06:09:45.100+0000] {processor.py:157} INFO - Started process (PID=656) to work on /home/airflow/.local/lib/python3.8/site-packages/airflow/example_dags/example_latest_only.py
[2024-03-26T06:09:45.101+0000] {processor.py:829} INFO - Processing file /home/airflow/.local/lib/python3.8/site-packages/airflow/example_dags/example_latest_only.py for tasks to queue
[2024-03-26T06:09:45.105+0000] {logging_mixin.py:151} INFO - [2024-03-26T06:09:45.104+0000] {dagbag.py:539} INFO - Filling up the DagBag from /home/airflow/.local/lib/python3.8/site-packages/airflow/example_dags/example_latest_only.py
[2024-03-26T06:09:45.111+0000] {processor.py:839} INFO - DAG(s) dict_keys(['latest_only']) retrieved from /home/airflow/.local/lib/python3.8/site-packages/airflow/example_dags/example_latest_only.py
[2024-03-26T06:09:45.132+0000] {logging_mixin.py:151} INFO - [2024-03-26T06:09:45.132+0000] {dag.py:2915} INFO - Sync 1 DAGs
[2024-03-26T06:09:45.157+0000] {logging_mixin.py:151} INFO - [2024-03-26T06:09:45.157+0000] {dag.py:3696} INFO - Setting next_dagrun for latest_only to 2024-03-26T02:09:45.157356+00:00, run_after=2024-03-26T06:09:45.157356+00:00
[2024-03-26T06:09:45.188+0000] {processor.py:179} INFO - Processing /home/airflow/.local/lib/python3.8/site-packages/airflow/example_dags/example_latest_only.py took 0.093 seconds
[2024-03-26T06:10:15.491+0000] {processor.py:157} INFO - Started process (PID=710) to work on /home/airflow/.local/lib/python3.8/site-packages/airflow/example_dags/example_latest_only.py
[2024-03-26T06:10:15.492+0000] {processor.py:829} INFO - Processing file /home/airflow/.local/lib/python3.8/site-packages/airflow/example_dags/example_latest_only.py for tasks to queue
[2024-03-26T06:10:15.494+0000] {logging_mixin.py:151} INFO - [2024-03-26T06:10:15.494+0000] {dagbag.py:539} INFO - Filling up the DagBag from /home/airflow/.local/lib/python3.8/site-packages/airflow/example_dags/example_latest_only.py
[2024-03-26T06:10:15.501+0000] {processor.py:839} INFO - DAG(s) dict_keys(['latest_only']) retrieved from /home/airflow/.local/lib/python3.8/site-packages/airflow/example_dags/example_latest_only.py
[2024-03-26T06:10:15.526+0000] {logging_mixin.py:151} INFO - [2024-03-26T06:10:15.526+0000] {dag.py:2915} INFO - Sync 1 DAGs
[2024-03-26T06:10:15.551+0000] {logging_mixin.py:151} INFO - [2024-03-26T06:10:15.550+0000] {dag.py:3696} INFO - Setting next_dagrun for latest_only to 2024-03-26T02:10:15.550465+00:00, run_after=2024-03-26T06:10:15.550465+00:00
[2024-03-26T06:10:15.573+0000] {processor.py:179} INFO - Processing /home/airflow/.local/lib/python3.8/site-packages/airflow/example_dags/example_latest_only.py took 0.086 seconds
[2024-03-26T06:10:46.144+0000] {processor.py:157} INFO - Started process (PID=764) to work on /home/airflow/.local/lib/python3.8/site-packages/airflow/example_dags/example_latest_only.py
[2024-03-26T06:10:46.146+0000] {processor.py:829} INFO - Processing file /home/airflow/.local/lib/python3.8/site-packages/airflow/example_dags/example_latest_only.py for tasks to queue
[2024-03-26T06:10:46.149+0000] {logging_mixin.py:151} INFO - [2024-03-26T06:10:46.148+0000] {dagbag.py:539} INFO - Filling up the DagBag from /home/airflow/.local/lib/python3.8/site-packages/airflow/example_dags/example_latest_only.py
[2024-03-26T06:10:46.156+0000] {processor.py:839} INFO - DAG(s) dict_keys(['latest_only']) retrieved from /home/airflow/.local/lib/python3.8/site-packages/airflow/example_dags/example_latest_only.py
[2024-03-26T06:10:46.179+0000] {logging_mixin.py:151} INFO - [2024-03-26T06:10:46.179+0000] {dag.py:2915} INFO - Sync 1 DAGs
[2024-03-26T06:10:46.207+0000] {logging_mixin.py:151} INFO - [2024-03-26T06:10:46.206+0000] {dag.py:3696} INFO - Setting next_dagrun for latest_only to 2024-03-26T02:10:46.206490+00:00, run_after=2024-03-26T06:10:46.206490+00:00
[2024-03-26T06:10:46.231+0000] {processor.py:179} INFO - Processing /home/airflow/.local/lib/python3.8/site-packages/airflow/example_dags/example_latest_only.py took 0.091 seconds
[2024-03-26T06:11:16.964+0000] {processor.py:157} INFO - Started process (PID=818) to work on /home/airflow/.local/lib/python3.8/site-packages/airflow/example_dags/example_latest_only.py
[2024-03-26T06:11:16.966+0000] {processor.py:829} INFO - Processing file /home/airflow/.local/lib/python3.8/site-packages/airflow/example_dags/example_latest_only.py for tasks to queue
[2024-03-26T06:11:16.969+0000] {logging_mixin.py:151} INFO - [2024-03-26T06:11:16.969+0000] {dagbag.py:539} INFO - Filling up the DagBag from /home/airflow/.local/lib/python3.8/site-packages/airflow/example_dags/example_latest_only.py
[2024-03-26T06:11:16.975+0000] {processor.py:839} INFO - DAG(s) dict_keys(['latest_only']) retrieved from /home/airflow/.local/lib/python3.8/site-packages/airflow/example_dags/example_latest_only.py
[2024-03-26T06:11:16.999+0000] {logging_mixin.py:151} INFO - [2024-03-26T06:11:16.999+0000] {dag.py:2915} INFO - Sync 1 DAGs
[2024-03-26T06:11:17.022+0000] {logging_mixin.py:151} INFO - [2024-03-26T06:11:17.022+0000] {dag.py:3696} INFO - Setting next_dagrun for latest_only to 2024-03-26T02:11:17.022084+00:00, run_after=2024-03-26T06:11:17.022084+00:00
[2024-03-26T06:11:17.057+0000] {processor.py:179} INFO - Processing /home/airflow/.local/lib/python3.8/site-packages/airflow/example_dags/example_latest_only.py took 0.097 seconds
[2024-03-26T06:11:47.148+0000] {processor.py:157} INFO - Started process (PID=872) to work on /home/airflow/.local/lib/python3.8/site-packages/airflow/example_dags/example_latest_only.py
[2024-03-26T06:11:47.150+0000] {processor.py:829} INFO - Processing file /home/airflow/.local/lib/python3.8/site-packages/airflow/example_dags/example_latest_only.py for tasks to queue
[2024-03-26T06:11:47.153+0000] {logging_mixin.py:151} INFO - [2024-03-26T06:11:47.152+0000] {dagbag.py:539} INFO - Filling up the DagBag from /home/airflow/.local/lib/python3.8/site-packages/airflow/example_dags/example_latest_only.py
[2024-03-26T06:11:47.159+0000] {processor.py:839} INFO - DAG(s) dict_keys(['latest_only']) retrieved from /home/airflow/.local/lib/python3.8/site-packages/airflow/example_dags/example_latest_only.py
[2024-03-26T06:11:47.181+0000] {logging_mixin.py:151} INFO - [2024-03-26T06:11:47.181+0000] {dag.py:2915} INFO - Sync 1 DAGs
[2024-03-26T06:11:47.204+0000] {logging_mixin.py:151} INFO - [2024-03-26T06:11:47.204+0000] {dag.py:3696} INFO - Setting next_dagrun for latest_only to 2024-03-26T02:11:47.204084+00:00, run_after=2024-03-26T06:11:47.204084+00:00
[2024-03-26T06:11:47.237+0000] {processor.py:179} INFO - Processing /home/airflow/.local/lib/python3.8/site-packages/airflow/example_dags/example_latest_only.py took 0.094 seconds
[2024-03-26T06:12:17.656+0000] {processor.py:157} INFO - Started process (PID=926) to work on /home/airflow/.local/lib/python3.8/site-packages/airflow/example_dags/example_latest_only.py
[2024-03-26T06:12:17.658+0000] {processor.py:829} INFO - Processing file /home/airflow/.local/lib/python3.8/site-packages/airflow/example_dags/example_latest_only.py for tasks to queue
[2024-03-26T06:12:17.660+0000] {logging_mixin.py:151} INFO - [2024-03-26T06:12:17.660+0000] {dagbag.py:539} INFO - Filling up the DagBag from /home/airflow/.local/lib/python3.8/site-packages/airflow/example_dags/example_latest_only.py
[2024-03-26T06:12:17.666+0000] {processor.py:839} INFO - DAG(s) dict_keys(['latest_only']) retrieved from /home/airflow/.local/lib/python3.8/site-packages/airflow/example_dags/example_latest_only.py
[2024-03-26T06:12:17.690+0000] {logging_mixin.py:151} INFO - [2024-03-26T06:12:17.690+0000] {dag.py:2915} INFO - Sync 1 DAGs
[2024-03-26T06:12:17.714+0000] {logging_mixin.py:151} INFO - [2024-03-26T06:12:17.713+0000] {dag.py:3696} INFO - Setting next_dagrun for latest_only to 2024-03-26T02:12:17.713416+00:00, run_after=2024-03-26T06:12:17.713416+00:00
[2024-03-26T06:12:17.749+0000] {processor.py:179} INFO - Processing /home/airflow/.local/lib/python3.8/site-packages/airflow/example_dags/example_latest_only.py took 0.097 seconds
[2024-03-26T06:12:48.074+0000] {processor.py:157} INFO - Started process (PID=980) to work on /home/airflow/.local/lib/python3.8/site-packages/airflow/example_dags/example_latest_only.py
[2024-03-26T06:12:48.076+0000] {processor.py:829} INFO - Processing file /home/airflow/.local/lib/python3.8/site-packages/airflow/example_dags/example_latest_only.py for tasks to queue
[2024-03-26T06:12:48.079+0000] {logging_mixin.py:151} INFO - [2024-03-26T06:12:48.079+0000] {dagbag.py:539} INFO - Filling up the DagBag from /home/airflow/.local/lib/python3.8/site-packages/airflow/example_dags/example_latest_only.py
[2024-03-26T06:12:48.084+0000] {processor.py:839} INFO - DAG(s) dict_keys(['latest_only']) retrieved from /home/airflow/.local/lib/python3.8/site-packages/airflow/example_dags/example_latest_only.py
[2024-03-26T06:12:48.107+0000] {logging_mixin.py:151} INFO - [2024-03-26T06:12:48.107+0000] {dag.py:2915} INFO - Sync 1 DAGs
[2024-03-26T06:12:48.128+0000] {logging_mixin.py:151} INFO - [2024-03-26T06:12:48.128+0000] {dag.py:3696} INFO - Setting next_dagrun for latest_only to 2024-03-26T02:12:48.128399+00:00, run_after=2024-03-26T06:12:48.128399+00:00
[2024-03-26T06:12:48.151+0000] {processor.py:179} INFO - Processing /home/airflow/.local/lib/python3.8/site-packages/airflow/example_dags/example_latest_only.py took 0.079 seconds
[2024-03-26T06:19:08.510+0000] {processor.py:157} INFO - Started process (PID=1012) to work on /home/airflow/.local/lib/python3.8/site-packages/airflow/example_dags/example_latest_only.py
[2024-03-26T06:19:08.512+0000] {processor.py:829} INFO - Processing file /home/airflow/.local/lib/python3.8/site-packages/airflow/example_dags/example_latest_only.py for tasks to queue
[2024-03-26T06:19:08.515+0000] {logging_mixin.py:151} INFO - [2024-03-26T06:19:08.515+0000] {dagbag.py:539} INFO - Filling up the DagBag from /home/airflow/.local/lib/python3.8/site-packages/airflow/example_dags/example_latest_only.py
[2024-03-26T06:19:08.525+0000] {processor.py:839} INFO - DAG(s) dict_keys(['latest_only']) retrieved from /home/airflow/.local/lib/python3.8/site-packages/airflow/example_dags/example_latest_only.py
[2024-03-26T06:19:08.579+0000] {logging_mixin.py:151} INFO - [2024-03-26T06:19:08.578+0000] {dag.py:2915} INFO - Sync 1 DAGs
[2024-03-26T06:19:08.627+0000] {logging_mixin.py:151} INFO - [2024-03-26T06:19:08.626+0000] {dag.py:3696} INFO - Setting next_dagrun for latest_only to 2024-03-26T02:19:08.626501+00:00, run_after=2024-03-26T06:19:08.626501+00:00
[2024-03-26T06:19:08.657+0000] {processor.py:179} INFO - Processing /home/airflow/.local/lib/python3.8/site-packages/airflow/example_dags/example_latest_only.py took 0.152 seconds
[2024-03-26T06:19:39.594+0000] {processor.py:157} INFO - Started process (PID=1066) to work on /home/airflow/.local/lib/python3.8/site-packages/airflow/example_dags/example_latest_only.py
[2024-03-26T06:19:39.596+0000] {processor.py:829} INFO - Processing file /home/airflow/.local/lib/python3.8/site-packages/airflow/example_dags/example_latest_only.py for tasks to queue
[2024-03-26T06:19:39.600+0000] {logging_mixin.py:151} INFO - [2024-03-26T06:19:39.600+0000] {dagbag.py:539} INFO - Filling up the DagBag from /home/airflow/.local/lib/python3.8/site-packages/airflow/example_dags/example_latest_only.py
[2024-03-26T06:19:39.606+0000] {processor.py:839} INFO - DAG(s) dict_keys(['latest_only']) retrieved from /home/airflow/.local/lib/python3.8/site-packages/airflow/example_dags/example_latest_only.py
[2024-03-26T06:19:39.633+0000] {logging_mixin.py:151} INFO - [2024-03-26T06:19:39.633+0000] {dag.py:2915} INFO - Sync 1 DAGs
[2024-03-26T06:19:39.660+0000] {logging_mixin.py:151} INFO - [2024-03-26T06:19:39.660+0000] {dag.py:3696} INFO - Setting next_dagrun for latest_only to 2024-03-26T02:19:39.659936+00:00, run_after=2024-03-26T06:19:39.659936+00:00
[2024-03-26T06:19:39.697+0000] {processor.py:179} INFO - Processing /home/airflow/.local/lib/python3.8/site-packages/airflow/example_dags/example_latest_only.py took 0.108 seconds
[2024-03-26T06:20:10.532+0000] {processor.py:157} INFO - Started process (PID=1120) to work on /home/airflow/.local/lib/python3.8/site-packages/airflow/example_dags/example_latest_only.py
[2024-03-26T06:20:10.533+0000] {processor.py:829} INFO - Processing file /home/airflow/.local/lib/python3.8/site-packages/airflow/example_dags/example_latest_only.py for tasks to queue
[2024-03-26T06:20:10.536+0000] {logging_mixin.py:151} INFO - [2024-03-26T06:20:10.536+0000] {dagbag.py:539} INFO - Filling up the DagBag from /home/airflow/.local/lib/python3.8/site-packages/airflow/example_dags/example_latest_only.py
[2024-03-26T06:20:10.542+0000] {processor.py:839} INFO - DAG(s) dict_keys(['latest_only']) retrieved from /home/airflow/.local/lib/python3.8/site-packages/airflow/example_dags/example_latest_only.py
[2024-03-26T06:20:10.567+0000] {logging_mixin.py:151} INFO - [2024-03-26T06:20:10.567+0000] {dag.py:2915} INFO - Sync 1 DAGs
[2024-03-26T06:20:10.593+0000] {logging_mixin.py:151} INFO - [2024-03-26T06:20:10.593+0000] {dag.py:3696} INFO - Setting next_dagrun for latest_only to 2024-03-26T02:20:10.593282+00:00, run_after=2024-03-26T06:20:10.593282+00:00
[2024-03-26T06:20:10.615+0000] {processor.py:179} INFO - Processing /home/airflow/.local/lib/python3.8/site-packages/airflow/example_dags/example_latest_only.py took 0.087 seconds
[2024-03-26T06:20:40.877+0000] {processor.py:157} INFO - Started process (PID=1173) to work on /home/airflow/.local/lib/python3.8/site-packages/airflow/example_dags/example_latest_only.py
[2024-03-26T06:20:40.878+0000] {processor.py:829} INFO - Processing file /home/airflow/.local/lib/python3.8/site-packages/airflow/example_dags/example_latest_only.py for tasks to queue
[2024-03-26T06:20:40.882+0000] {logging_mixin.py:151} INFO - [2024-03-26T06:20:40.881+0000] {dagbag.py:539} INFO - Filling up the DagBag from /home/airflow/.local/lib/python3.8/site-packages/airflow/example_dags/example_latest_only.py
[2024-03-26T06:20:40.889+0000] {processor.py:839} INFO - DAG(s) dict_keys(['latest_only']) retrieved from /home/airflow/.local/lib/python3.8/site-packages/airflow/example_dags/example_latest_only.py
[2024-03-26T06:20:40.914+0000] {logging_mixin.py:151} INFO - [2024-03-26T06:20:40.914+0000] {dag.py:2915} INFO - Sync 1 DAGs
[2024-03-26T06:20:40.941+0000] {logging_mixin.py:151} INFO - [2024-03-26T06:20:40.940+0000] {dag.py:3696} INFO - Setting next_dagrun for latest_only to 2024-03-26T02:20:40.940301+00:00, run_after=2024-03-26T06:20:40.940301+00:00
[2024-03-26T06:20:40.967+0000] {processor.py:179} INFO - Processing /home/airflow/.local/lib/python3.8/site-packages/airflow/example_dags/example_latest_only.py took 0.093 seconds
[2024-03-26T06:21:11.298+0000] {processor.py:157} INFO - Started process (PID=1227) to work on /home/airflow/.local/lib/python3.8/site-packages/airflow/example_dags/example_latest_only.py
[2024-03-26T06:21:11.300+0000] {processor.py:829} INFO - Processing file /home/airflow/.local/lib/python3.8/site-packages/airflow/example_dags/example_latest_only.py for tasks to queue
[2024-03-26T06:21:11.304+0000] {logging_mixin.py:151} INFO - [2024-03-26T06:21:11.303+0000] {dagbag.py:539} INFO - Filling up the DagBag from /home/airflow/.local/lib/python3.8/site-packages/airflow/example_dags/example_latest_only.py
[2024-03-26T06:21:11.311+0000] {processor.py:839} INFO - DAG(s) dict_keys(['latest_only']) retrieved from /home/airflow/.local/lib/python3.8/site-packages/airflow/example_dags/example_latest_only.py
[2024-03-26T06:21:11.339+0000] {logging_mixin.py:151} INFO - [2024-03-26T06:21:11.338+0000] {dag.py:2915} INFO - Sync 1 DAGs
[2024-03-26T06:21:11.363+0000] {logging_mixin.py:151} INFO - [2024-03-26T06:21:11.363+0000] {dag.py:3696} INFO - Setting next_dagrun for latest_only to 2024-03-26T02:21:11.363013+00:00, run_after=2024-03-26T06:21:11.363013+00:00
[2024-03-26T06:21:11.396+0000] {processor.py:179} INFO - Processing /home/airflow/.local/lib/python3.8/site-packages/airflow/example_dags/example_latest_only.py took 0.104 seconds
[2024-03-26T06:21:42.233+0000] {processor.py:157} INFO - Started process (PID=1282) to work on /home/airflow/.local/lib/python3.8/site-packages/airflow/example_dags/example_latest_only.py
[2024-03-26T06:21:42.234+0000] {processor.py:829} INFO - Processing file /home/airflow/.local/lib/python3.8/site-packages/airflow/example_dags/example_latest_only.py for tasks to queue
[2024-03-26T06:21:42.238+0000] {logging_mixin.py:151} INFO - [2024-03-26T06:21:42.237+0000] {dagbag.py:539} INFO - Filling up the DagBag from /home/airflow/.local/lib/python3.8/site-packages/airflow/example_dags/example_latest_only.py
[2024-03-26T06:21:42.244+0000] {processor.py:839} INFO - DAG(s) dict_keys(['latest_only']) retrieved from /home/airflow/.local/lib/python3.8/site-packages/airflow/example_dags/example_latest_only.py
[2024-03-26T06:21:42.270+0000] {logging_mixin.py:151} INFO - [2024-03-26T06:21:42.270+0000] {dag.py:2915} INFO - Sync 1 DAGs
[2024-03-26T06:21:42.293+0000] {logging_mixin.py:151} INFO - [2024-03-26T06:21:42.293+0000] {dag.py:3696} INFO - Setting next_dagrun for latest_only to 2024-03-26T02:21:42.293294+00:00, run_after=2024-03-26T06:21:42.293294+00:00
[2024-03-26T06:21:42.325+0000] {processor.py:179} INFO - Processing /home/airflow/.local/lib/python3.8/site-packages/airflow/example_dags/example_latest_only.py took 0.096 seconds
[2024-03-26T06:22:12.969+0000] {processor.py:157} INFO - Started process (PID=1336) to work on /home/airflow/.local/lib/python3.8/site-packages/airflow/example_dags/example_latest_only.py
[2024-03-26T06:22:12.971+0000] {processor.py:829} INFO - Processing file /home/airflow/.local/lib/python3.8/site-packages/airflow/example_dags/example_latest_only.py for tasks to queue
[2024-03-26T06:22:12.974+0000] {logging_mixin.py:151} INFO - [2024-03-26T06:22:12.974+0000] {dagbag.py:539} INFO - Filling up the DagBag from /home/airflow/.local/lib/python3.8/site-packages/airflow/example_dags/example_latest_only.py
[2024-03-26T06:22:12.979+0000] {processor.py:839} INFO - DAG(s) dict_keys(['latest_only']) retrieved from /home/airflow/.local/lib/python3.8/site-packages/airflow/example_dags/example_latest_only.py
[2024-03-26T06:22:13.006+0000] {logging_mixin.py:151} INFO - [2024-03-26T06:22:13.006+0000] {dag.py:2915} INFO - Sync 1 DAGs
[2024-03-26T06:22:13.036+0000] {logging_mixin.py:151} INFO - [2024-03-26T06:22:13.036+0000] {dag.py:3696} INFO - Setting next_dagrun for latest_only to 2024-03-26T02:22:13.035815+00:00, run_after=2024-03-26T06:22:13.035815+00:00
[2024-03-26T06:22:13.071+0000] {processor.py:179} INFO - Processing /home/airflow/.local/lib/python3.8/site-packages/airflow/example_dags/example_latest_only.py took 0.107 seconds
[2024-03-26T06:22:43.573+0000] {processor.py:157} INFO - Started process (PID=1390) to work on /home/airflow/.local/lib/python3.8/site-packages/airflow/example_dags/example_latest_only.py
[2024-03-26T06:22:43.574+0000] {processor.py:829} INFO - Processing file /home/airflow/.local/lib/python3.8/site-packages/airflow/example_dags/example_latest_only.py for tasks to queue
[2024-03-26T06:22:43.578+0000] {logging_mixin.py:151} INFO - [2024-03-26T06:22:43.578+0000] {dagbag.py:539} INFO - Filling up the DagBag from /home/airflow/.local/lib/python3.8/site-packages/airflow/example_dags/example_latest_only.py
[2024-03-26T06:22:43.585+0000] {processor.py:839} INFO - DAG(s) dict_keys(['latest_only']) retrieved from /home/airflow/.local/lib/python3.8/site-packages/airflow/example_dags/example_latest_only.py
[2024-03-26T06:22:43.611+0000] {logging_mixin.py:151} INFO - [2024-03-26T06:22:43.611+0000] {dag.py:2915} INFO - Sync 1 DAGs
[2024-03-26T06:22:43.639+0000] {logging_mixin.py:151} INFO - [2024-03-26T06:22:43.638+0000] {dag.py:3696} INFO - Setting next_dagrun for latest_only to 2024-03-26T02:22:43.638449+00:00, run_after=2024-03-26T06:22:43.638449+00:00
[2024-03-26T06:22:43.667+0000] {processor.py:179} INFO - Processing /home/airflow/.local/lib/python3.8/site-packages/airflow/example_dags/example_latest_only.py took 0.100 seconds
[2024-03-26T06:23:14.146+0000] {processor.py:157} INFO - Started process (PID=1444) to work on /home/airflow/.local/lib/python3.8/site-packages/airflow/example_dags/example_latest_only.py
[2024-03-26T06:23:14.148+0000] {processor.py:829} INFO - Processing file /home/airflow/.local/lib/python3.8/site-packages/airflow/example_dags/example_latest_only.py for tasks to queue
[2024-03-26T06:23:14.152+0000] {logging_mixin.py:151} INFO - [2024-03-26T06:23:14.152+0000] {dagbag.py:539} INFO - Filling up the DagBag from /home/airflow/.local/lib/python3.8/site-packages/airflow/example_dags/example_latest_only.py
[2024-03-26T06:23:14.160+0000] {processor.py:839} INFO - DAG(s) dict_keys(['latest_only']) retrieved from /home/airflow/.local/lib/python3.8/site-packages/airflow/example_dags/example_latest_only.py
[2024-03-26T06:23:14.184+0000] {logging_mixin.py:151} INFO - [2024-03-26T06:23:14.184+0000] {dag.py:2915} INFO - Sync 1 DAGs
[2024-03-26T06:23:14.210+0000] {logging_mixin.py:151} INFO - [2024-03-26T06:23:14.210+0000] {dag.py:3696} INFO - Setting next_dagrun for latest_only to 2024-03-26T02:23:14.209932+00:00, run_after=2024-03-26T06:23:14.209932+00:00
[2024-03-26T06:23:14.243+0000] {processor.py:179} INFO - Processing /home/airflow/.local/lib/python3.8/site-packages/airflow/example_dags/example_latest_only.py took 0.100 seconds
[2024-03-26T06:23:44.822+0000] {processor.py:157} INFO - Started process (PID=1498) to work on /home/airflow/.local/lib/python3.8/site-packages/airflow/example_dags/example_latest_only.py
[2024-03-26T06:23:44.824+0000] {processor.py:829} INFO - Processing file /home/airflow/.local/lib/python3.8/site-packages/airflow/example_dags/example_latest_only.py for tasks to queue
[2024-03-26T06:23:44.828+0000] {logging_mixin.py:151} INFO - [2024-03-26T06:23:44.828+0000] {dagbag.py:539} INFO - Filling up the DagBag from /home/airflow/.local/lib/python3.8/site-packages/airflow/example_dags/example_latest_only.py
[2024-03-26T06:23:44.836+0000] {processor.py:839} INFO - DAG(s) dict_keys(['latest_only']) retrieved from /home/airflow/.local/lib/python3.8/site-packages/airflow/example_dags/example_latest_only.py
[2024-03-26T06:23:44.881+0000] {logging_mixin.py:151} INFO - [2024-03-26T06:23:44.880+0000] {dag.py:2915} INFO - Sync 1 DAGs
[2024-03-26T06:23:44.911+0000] {logging_mixin.py:151} INFO - [2024-03-26T06:23:44.911+0000] {dag.py:3696} INFO - Setting next_dagrun for latest_only to 2024-03-26T02:23:44.910806+00:00, run_after=2024-03-26T06:23:44.910806+00:00
[2024-03-26T06:23:44.934+0000] {processor.py:179} INFO - Processing /home/airflow/.local/lib/python3.8/site-packages/airflow/example_dags/example_latest_only.py took 0.117 seconds
[2024-03-26T06:24:15.425+0000] {processor.py:157} INFO - Started process (PID=1552) to work on /home/airflow/.local/lib/python3.8/site-packages/airflow/example_dags/example_latest_only.py
[2024-03-26T06:24:15.426+0000] {processor.py:829} INFO - Processing file /home/airflow/.local/lib/python3.8/site-packages/airflow/example_dags/example_latest_only.py for tasks to queue
[2024-03-26T06:24:15.429+0000] {logging_mixin.py:151} INFO - [2024-03-26T06:24:15.429+0000] {dagbag.py:539} INFO - Filling up the DagBag from /home/airflow/.local/lib/python3.8/site-packages/airflow/example_dags/example_latest_only.py
[2024-03-26T06:24:15.435+0000] {processor.py:839} INFO - DAG(s) dict_keys(['latest_only']) retrieved from /home/airflow/.local/lib/python3.8/site-packages/airflow/example_dags/example_latest_only.py
[2024-03-26T06:24:15.463+0000] {logging_mixin.py:151} INFO - [2024-03-26T06:24:15.462+0000] {dag.py:2915} INFO - Sync 1 DAGs
[2024-03-26T06:24:15.488+0000] {logging_mixin.py:151} INFO - [2024-03-26T06:24:15.487+0000] {dag.py:3696} INFO - Setting next_dagrun for latest_only to 2024-03-26T02:24:15.487714+00:00, run_after=2024-03-26T06:24:15.487714+00:00
[2024-03-26T06:24:15.520+0000] {processor.py:179} INFO - Processing /home/airflow/.local/lib/python3.8/site-packages/airflow/example_dags/example_latest_only.py took 0.099 seconds
[2024-03-26T06:24:46.061+0000] {processor.py:157} INFO - Started process (PID=1606) to work on /home/airflow/.local/lib/python3.8/site-packages/airflow/example_dags/example_latest_only.py
[2024-03-26T06:24:46.063+0000] {processor.py:829} INFO - Processing file /home/airflow/.local/lib/python3.8/site-packages/airflow/example_dags/example_latest_only.py for tasks to queue
[2024-03-26T06:24:46.067+0000] {logging_mixin.py:151} INFO - [2024-03-26T06:24:46.066+0000] {dagbag.py:539} INFO - Filling up the DagBag from /home/airflow/.local/lib/python3.8/site-packages/airflow/example_dags/example_latest_only.py
[2024-03-26T06:24:46.073+0000] {processor.py:839} INFO - DAG(s) dict_keys(['latest_only']) retrieved from /home/airflow/.local/lib/python3.8/site-packages/airflow/example_dags/example_latest_only.py
[2024-03-26T06:24:46.098+0000] {logging_mixin.py:151} INFO - [2024-03-26T06:24:46.098+0000] {dag.py:2915} INFO - Sync 1 DAGs
[2024-03-26T06:24:46.121+0000] {logging_mixin.py:151} INFO - [2024-03-26T06:24:46.121+0000] {dag.py:3696} INFO - Setting next_dagrun for latest_only to 2024-03-26T02:24:46.121336+00:00, run_after=2024-03-26T06:24:46.121336+00:00
[2024-03-26T06:24:46.146+0000] {processor.py:179} INFO - Processing /home/airflow/.local/lib/python3.8/site-packages/airflow/example_dags/example_latest_only.py took 0.089 seconds
[2024-03-26T06:25:16.657+0000] {processor.py:157} INFO - Started process (PID=1660) to work on /home/airflow/.local/lib/python3.8/site-packages/airflow/example_dags/example_latest_only.py
[2024-03-26T06:25:16.659+0000] {processor.py:829} INFO - Processing file /home/airflow/.local/lib/python3.8/site-packages/airflow/example_dags/example_latest_only.py for tasks to queue
[2024-03-26T06:25:16.662+0000] {logging_mixin.py:151} INFO - [2024-03-26T06:25:16.662+0000] {dagbag.py:539} INFO - Filling up the DagBag from /home/airflow/.local/lib/python3.8/site-packages/airflow/example_dags/example_latest_only.py
[2024-03-26T06:25:16.669+0000] {processor.py:839} INFO - DAG(s) dict_keys(['latest_only']) retrieved from /home/airflow/.local/lib/python3.8/site-packages/airflow/example_dags/example_latest_only.py
[2024-03-26T06:25:16.695+0000] {logging_mixin.py:151} INFO - [2024-03-26T06:25:16.695+0000] {dag.py:2915} INFO - Sync 1 DAGs
[2024-03-26T06:25:16.720+0000] {logging_mixin.py:151} INFO - [2024-03-26T06:25:16.720+0000] {dag.py:3696} INFO - Setting next_dagrun for latest_only to 2024-03-26T02:25:16.719899+00:00, run_after=2024-03-26T06:25:16.719899+00:00
[2024-03-26T06:25:16.742+0000] {processor.py:179} INFO - Processing /home/airflow/.local/lib/python3.8/site-packages/airflow/example_dags/example_latest_only.py took 0.090 seconds
[2024-03-26T06:25:47.133+0000] {processor.py:157} INFO - Started process (PID=1714) to work on /home/airflow/.local/lib/python3.8/site-packages/airflow/example_dags/example_latest_only.py
[2024-03-26T06:25:47.135+0000] {processor.py:829} INFO - Processing file /home/airflow/.local/lib/python3.8/site-packages/airflow/example_dags/example_latest_only.py for tasks to queue
[2024-03-26T06:25:47.138+0000] {logging_mixin.py:151} INFO - [2024-03-26T06:25:47.138+0000] {dagbag.py:539} INFO - Filling up the DagBag from /home/airflow/.local/lib/python3.8/site-packages/airflow/example_dags/example_latest_only.py
[2024-03-26T06:25:47.144+0000] {processor.py:839} INFO - DAG(s) dict_keys(['latest_only']) retrieved from /home/airflow/.local/lib/python3.8/site-packages/airflow/example_dags/example_latest_only.py
[2024-03-26T06:25:47.168+0000] {logging_mixin.py:151} INFO - [2024-03-26T06:25:47.168+0000] {dag.py:2915} INFO - Sync 1 DAGs
[2024-03-26T06:25:47.195+0000] {logging_mixin.py:151} INFO - [2024-03-26T06:25:47.195+0000] {dag.py:3696} INFO - Setting next_dagrun for latest_only to 2024-03-26T02:25:47.195245+00:00, run_after=2024-03-26T06:25:47.195245+00:00
[2024-03-26T06:25:47.229+0000] {processor.py:179} INFO - Processing /home/airflow/.local/lib/python3.8/site-packages/airflow/example_dags/example_latest_only.py took 0.099 seconds
[2024-03-26T06:26:17.523+0000] {processor.py:157} INFO - Started process (PID=1767) to work on /home/airflow/.local/lib/python3.8/site-packages/airflow/example_dags/example_latest_only.py
[2024-03-26T06:26:17.525+0000] {processor.py:829} INFO - Processing file /home/airflow/.local/lib/python3.8/site-packages/airflow/example_dags/example_latest_only.py for tasks to queue
[2024-03-26T06:26:17.529+0000] {logging_mixin.py:151} INFO - [2024-03-26T06:26:17.529+0000] {dagbag.py:539} INFO - Filling up the DagBag from /home/airflow/.local/lib/python3.8/site-packages/airflow/example_dags/example_latest_only.py
[2024-03-26T06:26:17.535+0000] {processor.py:839} INFO - DAG(s) dict_keys(['latest_only']) retrieved from /home/airflow/.local/lib/python3.8/site-packages/airflow/example_dags/example_latest_only.py
[2024-03-26T06:26:17.558+0000] {logging_mixin.py:151} INFO - [2024-03-26T06:26:17.558+0000] {dag.py:2915} INFO - Sync 1 DAGs
[2024-03-26T06:26:17.586+0000] {logging_mixin.py:151} INFO - [2024-03-26T06:26:17.586+0000] {dag.py:3696} INFO - Setting next_dagrun for latest_only to 2024-03-26T02:26:17.586226+00:00, run_after=2024-03-26T06:26:17.586226+00:00
[2024-03-26T06:26:17.620+0000] {processor.py:179} INFO - Processing /home/airflow/.local/lib/python3.8/site-packages/airflow/example_dags/example_latest_only.py took 0.101 seconds
[2024-03-26T06:26:48.199+0000] {processor.py:157} INFO - Started process (PID=1822) to work on /home/airflow/.local/lib/python3.8/site-packages/airflow/example_dags/example_latest_only.py
[2024-03-26T06:26:48.200+0000] {processor.py:829} INFO - Processing file /home/airflow/.local/lib/python3.8/site-packages/airflow/example_dags/example_latest_only.py for tasks to queue
[2024-03-26T06:26:48.203+0000] {logging_mixin.py:151} INFO - [2024-03-26T06:26:48.203+0000] {dagbag.py:539} INFO - Filling up the DagBag from /home/airflow/.local/lib/python3.8/site-packages/airflow/example_dags/example_latest_only.py
[2024-03-26T06:26:48.210+0000] {processor.py:839} INFO - DAG(s) dict_keys(['latest_only']) retrieved from /home/airflow/.local/lib/python3.8/site-packages/airflow/example_dags/example_latest_only.py
[2024-03-26T06:26:48.235+0000] {logging_mixin.py:151} INFO - [2024-03-26T06:26:48.234+0000] {dag.py:2915} INFO - Sync 1 DAGs
[2024-03-26T06:26:48.259+0000] {logging_mixin.py:151} INFO - [2024-03-26T06:26:48.258+0000] {dag.py:3696} INFO - Setting next_dagrun for latest_only to 2024-03-26T02:26:48.258577+00:00, run_after=2024-03-26T06:26:48.258577+00:00
[2024-03-26T06:26:48.291+0000] {processor.py:179} INFO - Processing /home/airflow/.local/lib/python3.8/site-packages/airflow/example_dags/example_latest_only.py took 0.096 seconds
[2024-03-26T06:27:18.650+0000] {processor.py:157} INFO - Started process (PID=1876) to work on /home/airflow/.local/lib/python3.8/site-packages/airflow/example_dags/example_latest_only.py
[2024-03-26T06:27:18.652+0000] {processor.py:829} INFO - Processing file /home/airflow/.local/lib/python3.8/site-packages/airflow/example_dags/example_latest_only.py for tasks to queue
[2024-03-26T06:27:18.656+0000] {logging_mixin.py:151} INFO - [2024-03-26T06:27:18.655+0000] {dagbag.py:539} INFO - Filling up the DagBag from /home/airflow/.local/lib/python3.8/site-packages/airflow/example_dags/example_latest_only.py
[2024-03-26T06:27:18.663+0000] {processor.py:839} INFO - DAG(s) dict_keys(['latest_only']) retrieved from /home/airflow/.local/lib/python3.8/site-packages/airflow/example_dags/example_latest_only.py
[2024-03-26T06:27:18.690+0000] {logging_mixin.py:151} INFO - [2024-03-26T06:27:18.688+0000] {dag.py:2915} INFO - Sync 1 DAGs
[2024-03-26T06:27:18.716+0000] {logging_mixin.py:151} INFO - [2024-03-26T06:27:18.716+0000] {dag.py:3696} INFO - Setting next_dagrun for latest_only to 2024-03-26T02:27:18.716019+00:00, run_after=2024-03-26T06:27:18.716019+00:00
[2024-03-26T06:27:18.740+0000] {processor.py:179} INFO - Processing /home/airflow/.local/lib/python3.8/site-packages/airflow/example_dags/example_latest_only.py took 0.094 seconds
[2024-03-26T06:27:49.412+0000] {processor.py:157} INFO - Started process (PID=1930) to work on /home/airflow/.local/lib/python3.8/site-packages/airflow/example_dags/example_latest_only.py
[2024-03-26T06:27:49.413+0000] {processor.py:829} INFO - Processing file /home/airflow/.local/lib/python3.8/site-packages/airflow/example_dags/example_latest_only.py for tasks to queue
[2024-03-26T06:27:49.418+0000] {logging_mixin.py:151} INFO - [2024-03-26T06:27:49.417+0000] {dagbag.py:539} INFO - Filling up the DagBag from /home/airflow/.local/lib/python3.8/site-packages/airflow/example_dags/example_latest_only.py
[2024-03-26T06:27:49.424+0000] {processor.py:839} INFO - DAG(s) dict_keys(['latest_only']) retrieved from /home/airflow/.local/lib/python3.8/site-packages/airflow/example_dags/example_latest_only.py
[2024-03-26T06:27:49.450+0000] {logging_mixin.py:151} INFO - [2024-03-26T06:27:49.450+0000] {dag.py:2915} INFO - Sync 1 DAGs
[2024-03-26T06:27:49.482+0000] {logging_mixin.py:151} INFO - [2024-03-26T06:27:49.482+0000] {dag.py:3696} INFO - Setting next_dagrun for latest_only to 2024-03-26T02:27:49.482302+00:00, run_after=2024-03-26T06:27:49.482302+00:00
[2024-03-26T06:27:49.523+0000] {processor.py:179} INFO - Processing /home/airflow/.local/lib/python3.8/site-packages/airflow/example_dags/example_latest_only.py took 0.116 seconds
[2024-03-26T06:28:19.902+0000] {processor.py:157} INFO - Started process (PID=1984) to work on /home/airflow/.local/lib/python3.8/site-packages/airflow/example_dags/example_latest_only.py
[2024-03-26T06:28:19.904+0000] {processor.py:829} INFO - Processing file /home/airflow/.local/lib/python3.8/site-packages/airflow/example_dags/example_latest_only.py for tasks to queue
[2024-03-26T06:28:19.908+0000] {logging_mixin.py:151} INFO - [2024-03-26T06:28:19.907+0000] {dagbag.py:539} INFO - Filling up the DagBag from /home/airflow/.local/lib/python3.8/site-packages/airflow/example_dags/example_latest_only.py
[2024-03-26T06:28:19.914+0000] {processor.py:839} INFO - DAG(s) dict_keys(['latest_only']) retrieved from /home/airflow/.local/lib/python3.8/site-packages/airflow/example_dags/example_latest_only.py
[2024-03-26T06:28:19.939+0000] {logging_mixin.py:151} INFO - [2024-03-26T06:28:19.938+0000] {dag.py:2915} INFO - Sync 1 DAGs
[2024-03-26T06:28:19.964+0000] {logging_mixin.py:151} INFO - [2024-03-26T06:28:19.964+0000] {dag.py:3696} INFO - Setting next_dagrun for latest_only to 2024-03-26T02:28:19.963977+00:00, run_after=2024-03-26T06:28:19.963977+00:00
[2024-03-26T06:28:19.993+0000] {processor.py:179} INFO - Processing /home/airflow/.local/lib/python3.8/site-packages/airflow/example_dags/example_latest_only.py took 0.095 seconds
[2024-03-26T06:28:50.209+0000] {processor.py:157} INFO - Started process (PID=2037) to work on /home/airflow/.local/lib/python3.8/site-packages/airflow/example_dags/example_latest_only.py
[2024-03-26T06:28:50.210+0000] {processor.py:829} INFO - Processing file /home/airflow/.local/lib/python3.8/site-packages/airflow/example_dags/example_latest_only.py for tasks to queue
[2024-03-26T06:28:50.215+0000] {logging_mixin.py:151} INFO - [2024-03-26T06:28:50.214+0000] {dagbag.py:539} INFO - Filling up the DagBag from /home/airflow/.local/lib/python3.8/site-packages/airflow/example_dags/example_latest_only.py
[2024-03-26T06:28:50.221+0000] {processor.py:839} INFO - DAG(s) dict_keys(['latest_only']) retrieved from /home/airflow/.local/lib/python3.8/site-packages/airflow/example_dags/example_latest_only.py
[2024-03-26T06:28:50.254+0000] {logging_mixin.py:151} INFO - [2024-03-26T06:28:50.254+0000] {dag.py:2915} INFO - Sync 1 DAGs
[2024-03-26T06:28:50.285+0000] {logging_mixin.py:151} INFO - [2024-03-26T06:28:50.284+0000] {dag.py:3696} INFO - Setting next_dagrun for latest_only to 2024-03-26T02:28:50.284180+00:00, run_after=2024-03-26T06:28:50.284180+00:00
[2024-03-26T06:28:50.314+0000] {processor.py:179} INFO - Processing /home/airflow/.local/lib/python3.8/site-packages/airflow/example_dags/example_latest_only.py took 0.111 seconds
[2024-03-26T06:29:20.481+0000] {processor.py:157} INFO - Started process (PID=2091) to work on /home/airflow/.local/lib/python3.8/site-packages/airflow/example_dags/example_latest_only.py
[2024-03-26T06:29:20.483+0000] {processor.py:829} INFO - Processing file /home/airflow/.local/lib/python3.8/site-packages/airflow/example_dags/example_latest_only.py for tasks to queue
[2024-03-26T06:29:20.487+0000] {logging_mixin.py:151} INFO - [2024-03-26T06:29:20.486+0000] {dagbag.py:539} INFO - Filling up the DagBag from /home/airflow/.local/lib/python3.8/site-packages/airflow/example_dags/example_latest_only.py
[2024-03-26T06:29:20.493+0000] {processor.py:839} INFO - DAG(s) dict_keys(['latest_only']) retrieved from /home/airflow/.local/lib/python3.8/site-packages/airflow/example_dags/example_latest_only.py
[2024-03-26T06:29:20.518+0000] {logging_mixin.py:151} INFO - [2024-03-26T06:29:20.517+0000] {dag.py:2915} INFO - Sync 1 DAGs
[2024-03-26T06:29:20.544+0000] {logging_mixin.py:151} INFO - [2024-03-26T06:29:20.544+0000] {dag.py:3696} INFO - Setting next_dagrun for latest_only to 2024-03-26T02:29:20.544044+00:00, run_after=2024-03-26T06:29:20.544044+00:00
[2024-03-26T06:29:20.579+0000] {processor.py:179} INFO - Processing /home/airflow/.local/lib/python3.8/site-packages/airflow/example_dags/example_latest_only.py took 0.102 seconds
[2024-03-26T06:29:50.657+0000] {processor.py:157} INFO - Started process (PID=2145) to work on /home/airflow/.local/lib/python3.8/site-packages/airflow/example_dags/example_latest_only.py
[2024-03-26T06:29:50.659+0000] {processor.py:829} INFO - Processing file /home/airflow/.local/lib/python3.8/site-packages/airflow/example_dags/example_latest_only.py for tasks to queue
[2024-03-26T06:29:50.662+0000] {logging_mixin.py:151} INFO - [2024-03-26T06:29:50.661+0000] {dagbag.py:539} INFO - Filling up the DagBag from /home/airflow/.local/lib/python3.8/site-packages/airflow/example_dags/example_latest_only.py
[2024-03-26T06:29:50.667+0000] {processor.py:839} INFO - DAG(s) dict_keys(['latest_only']) retrieved from /home/airflow/.local/lib/python3.8/site-packages/airflow/example_dags/example_latest_only.py
[2024-03-26T06:29:50.691+0000] {logging_mixin.py:151} INFO - [2024-03-26T06:29:50.691+0000] {dag.py:2915} INFO - Sync 1 DAGs
[2024-03-26T06:29:50.719+0000] {logging_mixin.py:151} INFO - [2024-03-26T06:29:50.719+0000] {dag.py:3696} INFO - Setting next_dagrun for latest_only to 2024-03-26T02:29:50.718742+00:00, run_after=2024-03-26T06:29:50.718742+00:00
[2024-03-26T06:29:50.752+0000] {processor.py:179} INFO - Processing /home/airflow/.local/lib/python3.8/site-packages/airflow/example_dags/example_latest_only.py took 0.099 seconds
[2024-03-26T06:30:20.843+0000] {processor.py:157} INFO - Started process (PID=2199) to work on /home/airflow/.local/lib/python3.8/site-packages/airflow/example_dags/example_latest_only.py
[2024-03-26T06:30:20.845+0000] {processor.py:829} INFO - Processing file /home/airflow/.local/lib/python3.8/site-packages/airflow/example_dags/example_latest_only.py for tasks to queue
[2024-03-26T06:30:20.848+0000] {logging_mixin.py:151} INFO - [2024-03-26T06:30:20.848+0000] {dagbag.py:539} INFO - Filling up the DagBag from /home/airflow/.local/lib/python3.8/site-packages/airflow/example_dags/example_latest_only.py
[2024-03-26T06:30:20.857+0000] {processor.py:839} INFO - DAG(s) dict_keys(['latest_only']) retrieved from /home/airflow/.local/lib/python3.8/site-packages/airflow/example_dags/example_latest_only.py
[2024-03-26T06:30:20.884+0000] {logging_mixin.py:151} INFO - [2024-03-26T06:30:20.884+0000] {dag.py:2915} INFO - Sync 1 DAGs
[2024-03-26T06:30:20.916+0000] {logging_mixin.py:151} INFO - [2024-03-26T06:30:20.916+0000] {dag.py:3696} INFO - Setting next_dagrun for latest_only to 2024-03-26T02:30:20.915932+00:00, run_after=2024-03-26T06:30:20.915932+00:00
[2024-03-26T06:30:20.944+0000] {processor.py:179} INFO - Processing /home/airflow/.local/lib/python3.8/site-packages/airflow/example_dags/example_latest_only.py took 0.105 seconds
[2024-03-26T06:30:51.112+0000] {processor.py:157} INFO - Started process (PID=2253) to work on /home/airflow/.local/lib/python3.8/site-packages/airflow/example_dags/example_latest_only.py
[2024-03-26T06:30:51.113+0000] {processor.py:829} INFO - Processing file /home/airflow/.local/lib/python3.8/site-packages/airflow/example_dags/example_latest_only.py for tasks to queue
[2024-03-26T06:30:51.117+0000] {logging_mixin.py:151} INFO - [2024-03-26T06:30:51.116+0000] {dagbag.py:539} INFO - Filling up the DagBag from /home/airflow/.local/lib/python3.8/site-packages/airflow/example_dags/example_latest_only.py
[2024-03-26T06:30:51.122+0000] {processor.py:839} INFO - DAG(s) dict_keys(['latest_only']) retrieved from /home/airflow/.local/lib/python3.8/site-packages/airflow/example_dags/example_latest_only.py
[2024-03-26T06:30:51.151+0000] {logging_mixin.py:151} INFO - [2024-03-26T06:30:51.150+0000] {dag.py:2915} INFO - Sync 1 DAGs
[2024-03-26T06:30:51.176+0000] {logging_mixin.py:151} INFO - [2024-03-26T06:30:51.176+0000] {dag.py:3696} INFO - Setting next_dagrun for latest_only to 2024-03-26T02:30:51.176252+00:00, run_after=2024-03-26T06:30:51.176252+00:00
[2024-03-26T06:30:51.198+0000] {processor.py:179} INFO - Processing /home/airflow/.local/lib/python3.8/site-packages/airflow/example_dags/example_latest_only.py took 0.090 seconds
[2024-03-26T06:31:21.363+0000] {processor.py:157} INFO - Started process (PID=2307) to work on /home/airflow/.local/lib/python3.8/site-packages/airflow/example_dags/example_latest_only.py
[2024-03-26T06:31:21.364+0000] {processor.py:829} INFO - Processing file /home/airflow/.local/lib/python3.8/site-packages/airflow/example_dags/example_latest_only.py for tasks to queue
[2024-03-26T06:31:21.368+0000] {logging_mixin.py:151} INFO - [2024-03-26T06:31:21.367+0000] {dagbag.py:539} INFO - Filling up the DagBag from /home/airflow/.local/lib/python3.8/site-packages/airflow/example_dags/example_latest_only.py
[2024-03-26T06:31:21.376+0000] {processor.py:839} INFO - DAG(s) dict_keys(['latest_only']) retrieved from /home/airflow/.local/lib/python3.8/site-packages/airflow/example_dags/example_latest_only.py
[2024-03-26T06:31:21.402+0000] {logging_mixin.py:151} INFO - [2024-03-26T06:31:21.401+0000] {dag.py:2915} INFO - Sync 1 DAGs
[2024-03-26T06:31:21.427+0000] {logging_mixin.py:151} INFO - [2024-03-26T06:31:21.427+0000] {dag.py:3696} INFO - Setting next_dagrun for latest_only to 2024-03-26T02:31:21.426723+00:00, run_after=2024-03-26T06:31:21.426723+00:00
[2024-03-26T06:31:21.451+0000] {processor.py:179} INFO - Processing /home/airflow/.local/lib/python3.8/site-packages/airflow/example_dags/example_latest_only.py took 0.092 seconds
[2024-03-26T06:31:51.709+0000] {processor.py:157} INFO - Started process (PID=2361) to work on /home/airflow/.local/lib/python3.8/site-packages/airflow/example_dags/example_latest_only.py
[2024-03-26T06:31:51.712+0000] {processor.py:829} INFO - Processing file /home/airflow/.local/lib/python3.8/site-packages/airflow/example_dags/example_latest_only.py for tasks to queue
[2024-03-26T06:31:51.715+0000] {logging_mixin.py:151} INFO - [2024-03-26T06:31:51.715+0000] {dagbag.py:539} INFO - Filling up the DagBag from /home/airflow/.local/lib/python3.8/site-packages/airflow/example_dags/example_latest_only.py
[2024-03-26T06:31:51.724+0000] {processor.py:839} INFO - DAG(s) dict_keys(['latest_only']) retrieved from /home/airflow/.local/lib/python3.8/site-packages/airflow/example_dags/example_latest_only.py
[2024-03-26T06:31:51.748+0000] {logging_mixin.py:151} INFO - [2024-03-26T06:31:51.747+0000] {dag.py:2915} INFO - Sync 1 DAGs
[2024-03-26T06:31:51.777+0000] {logging_mixin.py:151} INFO - [2024-03-26T06:31:51.777+0000] {dag.py:3696} INFO - Setting next_dagrun for latest_only to 2024-03-26T02:31:51.776680+00:00, run_after=2024-03-26T06:31:51.776680+00:00
[2024-03-26T06:31:51.801+0000] {processor.py:179} INFO - Processing /home/airflow/.local/lib/python3.8/site-packages/airflow/example_dags/example_latest_only.py took 0.095 seconds
[2024-03-26T06:32:21.970+0000] {processor.py:157} INFO - Started process (PID=2415) to work on /home/airflow/.local/lib/python3.8/site-packages/airflow/example_dags/example_latest_only.py
[2024-03-26T06:32:21.972+0000] {processor.py:829} INFO - Processing file /home/airflow/.local/lib/python3.8/site-packages/airflow/example_dags/example_latest_only.py for tasks to queue
[2024-03-26T06:32:21.975+0000] {logging_mixin.py:151} INFO - [2024-03-26T06:32:21.975+0000] {dagbag.py:539} INFO - Filling up the DagBag from /home/airflow/.local/lib/python3.8/site-packages/airflow/example_dags/example_latest_only.py
[2024-03-26T06:32:21.981+0000] {processor.py:839} INFO - DAG(s) dict_keys(['latest_only']) retrieved from /home/airflow/.local/lib/python3.8/site-packages/airflow/example_dags/example_latest_only.py
[2024-03-26T06:32:22.005+0000] {logging_mixin.py:151} INFO - [2024-03-26T06:32:22.005+0000] {dag.py:2915} INFO - Sync 1 DAGs
[2024-03-26T06:32:22.036+0000] {logging_mixin.py:151} INFO - [2024-03-26T06:32:22.036+0000] {dag.py:3696} INFO - Setting next_dagrun for latest_only to 2024-03-26T02:32:22.036242+00:00, run_after=2024-03-26T06:32:22.036242+00:00
[2024-03-26T06:32:22.062+0000] {processor.py:179} INFO - Processing /home/airflow/.local/lib/python3.8/site-packages/airflow/example_dags/example_latest_only.py took 0.097 seconds
[2024-03-26T06:32:52.456+0000] {processor.py:157} INFO - Started process (PID=2469) to work on /home/airflow/.local/lib/python3.8/site-packages/airflow/example_dags/example_latest_only.py
[2024-03-26T06:32:52.457+0000] {processor.py:829} INFO - Processing file /home/airflow/.local/lib/python3.8/site-packages/airflow/example_dags/example_latest_only.py for tasks to queue
[2024-03-26T06:32:52.461+0000] {logging_mixin.py:151} INFO - [2024-03-26T06:32:52.460+0000] {dagbag.py:539} INFO - Filling up the DagBag from /home/airflow/.local/lib/python3.8/site-packages/airflow/example_dags/example_latest_only.py
[2024-03-26T06:32:52.468+0000] {processor.py:839} INFO - DAG(s) dict_keys(['latest_only']) retrieved from /home/airflow/.local/lib/python3.8/site-packages/airflow/example_dags/example_latest_only.py
[2024-03-26T06:32:52.496+0000] {logging_mixin.py:151} INFO - [2024-03-26T06:32:52.496+0000] {dag.py:2915} INFO - Sync 1 DAGs
[2024-03-26T06:32:52.531+0000] {logging_mixin.py:151} INFO - [2024-03-26T06:32:52.530+0000] {dag.py:3696} INFO - Setting next_dagrun for latest_only to 2024-03-26T02:32:52.530558+00:00, run_after=2024-03-26T06:32:52.530558+00:00
[2024-03-26T06:32:52.555+0000] {processor.py:179} INFO - Processing /home/airflow/.local/lib/python3.8/site-packages/airflow/example_dags/example_latest_only.py took 0.103 seconds
[2024-03-26T06:33:22.901+0000] {processor.py:157} INFO - Started process (PID=2523) to work on /home/airflow/.local/lib/python3.8/site-packages/airflow/example_dags/example_latest_only.py
[2024-03-26T06:33:22.903+0000] {processor.py:829} INFO - Processing file /home/airflow/.local/lib/python3.8/site-packages/airflow/example_dags/example_latest_only.py for tasks to queue
[2024-03-26T06:33:22.907+0000] {logging_mixin.py:151} INFO - [2024-03-26T06:33:22.906+0000] {dagbag.py:539} INFO - Filling up the DagBag from /home/airflow/.local/lib/python3.8/site-packages/airflow/example_dags/example_latest_only.py
[2024-03-26T06:33:22.915+0000] {processor.py:839} INFO - DAG(s) dict_keys(['latest_only']) retrieved from /home/airflow/.local/lib/python3.8/site-packages/airflow/example_dags/example_latest_only.py
[2024-03-26T06:33:22.942+0000] {logging_mixin.py:151} INFO - [2024-03-26T06:33:22.942+0000] {dag.py:2915} INFO - Sync 1 DAGs
[2024-03-26T06:33:22.973+0000] {logging_mixin.py:151} INFO - [2024-03-26T06:33:22.973+0000] {dag.py:3696} INFO - Setting next_dagrun for latest_only to 2024-03-26T02:33:22.973369+00:00, run_after=2024-03-26T06:33:22.973369+00:00
[2024-03-26T06:33:23.019+0000] {processor.py:179} INFO - Processing /home/airflow/.local/lib/python3.8/site-packages/airflow/example_dags/example_latest_only.py took 0.122 seconds
[2024-03-26T06:33:53.851+0000] {processor.py:157} INFO - Started process (PID=2577) to work on /home/airflow/.local/lib/python3.8/site-packages/airflow/example_dags/example_latest_only.py
[2024-03-26T06:33:53.853+0000] {processor.py:829} INFO - Processing file /home/airflow/.local/lib/python3.8/site-packages/airflow/example_dags/example_latest_only.py for tasks to queue
[2024-03-26T06:33:53.856+0000] {logging_mixin.py:151} INFO - [2024-03-26T06:33:53.856+0000] {dagbag.py:539} INFO - Filling up the DagBag from /home/airflow/.local/lib/python3.8/site-packages/airflow/example_dags/example_latest_only.py
[2024-03-26T06:33:53.864+0000] {processor.py:839} INFO - DAG(s) dict_keys(['latest_only']) retrieved from /home/airflow/.local/lib/python3.8/site-packages/airflow/example_dags/example_latest_only.py
[2024-03-26T06:33:53.889+0000] {logging_mixin.py:151} INFO - [2024-03-26T06:33:53.888+0000] {dag.py:2915} INFO - Sync 1 DAGs
[2024-03-26T06:33:53.922+0000] {logging_mixin.py:151} INFO - [2024-03-26T06:33:53.921+0000] {dag.py:3696} INFO - Setting next_dagrun for latest_only to 2024-03-26T02:33:53.921440+00:00, run_after=2024-03-26T06:33:53.921440+00:00
[2024-03-26T06:33:53.951+0000] {processor.py:179} INFO - Processing /home/airflow/.local/lib/python3.8/site-packages/airflow/example_dags/example_latest_only.py took 0.105 seconds
