[2024-03-26T06:04:03.276+0000] {processor.py:157} INFO - Started process (PID=56) to work on /home/airflow/.local/lib/python3.8/site-packages/airflow/example_dags/example_branch_operator_decorator.py
[2024-03-26T06:04:03.280+0000] {processor.py:829} INFO - Processing file /home/airflow/.local/lib/python3.8/site-packages/airflow/example_dags/example_branch_operator_decorator.py for tasks to queue
[2024-03-26T06:04:03.285+0000] {logging_mixin.py:151} INFO - [2024-03-26T06:04:03.284+0000] {dagbag.py:539} INFO - Filling up the DagBag from /home/airflow/.local/lib/python3.8/site-packages/airflow/example_dags/example_branch_operator_decorator.py
[2024-03-26T06:04:03.324+0000] {processor.py:839} INFO - DAG(s) dict_keys(['example_branch_python_operator_decorator']) retrieved from /home/airflow/.local/lib/python3.8/site-packages/airflow/example_dags/example_branch_operator_decorator.py
[2024-03-26T06:04:03.635+0000] {logging_mixin.py:151} INFO - [2024-03-26T06:04:03.635+0000] {manager.py:499} INFO - Created Permission View: %s
[2024-03-26T06:04:03.677+0000] {logging_mixin.py:151} INFO - [2024-03-26T06:04:03.677+0000] {manager.py:499} INFO - Created Permission View: %s
[2024-03-26T06:04:03.697+0000] {logging_mixin.py:151} INFO - [2024-03-26T06:04:03.694+0000] {manager.py:499} INFO - Created Permission View: %s
[2024-03-26T06:04:03.700+0000] {logging_mixin.py:151} INFO - [2024-03-26T06:04:03.700+0000] {security.py:708} INFO - Not syncing DAG-level permissions for DAG 'DAG:example_branch_python_operator_decorator' as access control is unset.
[2024-03-26T06:04:03.703+0000] {logging_mixin.py:151} INFO - [2024-03-26T06:04:03.702+0000] {dag.py:2915} INFO - Sync 1 DAGs
[2024-03-26T06:04:03.738+0000] {logging_mixin.py:151} INFO - [2024-03-26T06:04:03.738+0000] {dag.py:2937} INFO - Creating ORM DAG for example_branch_python_operator_decorator
[2024-03-26T06:04:03.776+0000] {logging_mixin.py:151} INFO - [2024-03-26T06:04:03.775+0000] {dag.py:3696} INFO - Setting next_dagrun for example_branch_python_operator_decorator to 2024-03-25T00:00:00+00:00, run_after=2024-03-26T00:00:00+00:00
[2024-03-26T06:04:03.841+0000] {processor.py:179} INFO - Processing /home/airflow/.local/lib/python3.8/site-packages/airflow/example_dags/example_branch_operator_decorator.py took 0.574 seconds
[2024-03-26T06:04:34.197+0000] {processor.py:157} INFO - Started process (PID=110) to work on /home/airflow/.local/lib/python3.8/site-packages/airflow/example_dags/example_branch_operator_decorator.py
[2024-03-26T06:04:34.199+0000] {processor.py:829} INFO - Processing file /home/airflow/.local/lib/python3.8/site-packages/airflow/example_dags/example_branch_operator_decorator.py for tasks to queue
[2024-03-26T06:04:34.204+0000] {logging_mixin.py:151} INFO - [2024-03-26T06:04:34.203+0000] {dagbag.py:539} INFO - Filling up the DagBag from /home/airflow/.local/lib/python3.8/site-packages/airflow/example_dags/example_branch_operator_decorator.py
[2024-03-26T06:04:34.236+0000] {processor.py:839} INFO - DAG(s) dict_keys(['example_branch_python_operator_decorator']) retrieved from /home/airflow/.local/lib/python3.8/site-packages/airflow/example_dags/example_branch_operator_decorator.py
[2024-03-26T06:04:34.291+0000] {logging_mixin.py:151} INFO - [2024-03-26T06:04:34.291+0000] {dag.py:2915} INFO - Sync 1 DAGs
[2024-03-26T06:04:34.335+0000] {logging_mixin.py:151} INFO - [2024-03-26T06:04:34.335+0000] {dag.py:3696} INFO - Setting next_dagrun for example_branch_python_operator_decorator to 2024-03-25T00:00:00+00:00, run_after=2024-03-26T00:00:00+00:00
[2024-03-26T06:04:34.386+0000] {processor.py:179} INFO - Processing /home/airflow/.local/lib/python3.8/site-packages/airflow/example_dags/example_branch_operator_decorator.py took 0.202 seconds
[2024-03-26T06:05:04.485+0000] {processor.py:157} INFO - Started process (PID=164) to work on /home/airflow/.local/lib/python3.8/site-packages/airflow/example_dags/example_branch_operator_decorator.py
[2024-03-26T06:05:04.488+0000] {processor.py:829} INFO - Processing file /home/airflow/.local/lib/python3.8/site-packages/airflow/example_dags/example_branch_operator_decorator.py for tasks to queue
[2024-03-26T06:05:04.495+0000] {logging_mixin.py:151} INFO - [2024-03-26T06:05:04.495+0000] {dagbag.py:539} INFO - Filling up the DagBag from /home/airflow/.local/lib/python3.8/site-packages/airflow/example_dags/example_branch_operator_decorator.py
[2024-03-26T06:05:04.530+0000] {processor.py:839} INFO - DAG(s) dict_keys(['example_branch_python_operator_decorator']) retrieved from /home/airflow/.local/lib/python3.8/site-packages/airflow/example_dags/example_branch_operator_decorator.py
[2024-03-26T06:05:04.794+0000] {logging_mixin.py:151} INFO - [2024-03-26T06:05:04.794+0000] {dag.py:2915} INFO - Sync 1 DAGs
[2024-03-26T06:05:04.826+0000] {logging_mixin.py:151} INFO - [2024-03-26T06:05:04.826+0000] {dag.py:3696} INFO - Setting next_dagrun for example_branch_python_operator_decorator to 2024-03-25T00:00:00+00:00, run_after=2024-03-26T00:00:00+00:00
[2024-03-26T06:05:04.856+0000] {processor.py:179} INFO - Processing /home/airflow/.local/lib/python3.8/site-packages/airflow/example_dags/example_branch_operator_decorator.py took 0.376 seconds
[2024-03-26T06:05:35.156+0000] {processor.py:157} INFO - Started process (PID=218) to work on /home/airflow/.local/lib/python3.8/site-packages/airflow/example_dags/example_branch_operator_decorator.py
[2024-03-26T06:05:35.195+0000] {processor.py:829} INFO - Processing file /home/airflow/.local/lib/python3.8/site-packages/airflow/example_dags/example_branch_operator_decorator.py for tasks to queue
[2024-03-26T06:05:35.198+0000] {logging_mixin.py:151} INFO - [2024-03-26T06:05:35.198+0000] {dagbag.py:539} INFO - Filling up the DagBag from /home/airflow/.local/lib/python3.8/site-packages/airflow/example_dags/example_branch_operator_decorator.py
[2024-03-26T06:05:35.220+0000] {processor.py:839} INFO - DAG(s) dict_keys(['example_branch_python_operator_decorator']) retrieved from /home/airflow/.local/lib/python3.8/site-packages/airflow/example_dags/example_branch_operator_decorator.py
[2024-03-26T06:05:35.245+0000] {logging_mixin.py:151} INFO - [2024-03-26T06:05:35.245+0000] {dag.py:2915} INFO - Sync 1 DAGs
[2024-03-26T06:05:35.273+0000] {logging_mixin.py:151} INFO - [2024-03-26T06:05:35.273+0000] {dag.py:3696} INFO - Setting next_dagrun for example_branch_python_operator_decorator to 2024-03-25T00:00:00+00:00, run_after=2024-03-26T00:00:00+00:00
[2024-03-26T06:05:35.379+0000] {processor.py:179} INFO - Processing /home/airflow/.local/lib/python3.8/site-packages/airflow/example_dags/example_branch_operator_decorator.py took 0.226 seconds
[2024-03-26T06:06:06.936+0000] {processor.py:157} INFO - Started process (PID=272) to work on /home/airflow/.local/lib/python3.8/site-packages/airflow/example_dags/example_branch_operator_decorator.py
[2024-03-26T06:06:06.939+0000] {processor.py:829} INFO - Processing file /home/airflow/.local/lib/python3.8/site-packages/airflow/example_dags/example_branch_operator_decorator.py for tasks to queue
[2024-03-26T06:06:06.945+0000] {logging_mixin.py:151} INFO - [2024-03-26T06:06:06.945+0000] {dagbag.py:539} INFO - Filling up the DagBag from /home/airflow/.local/lib/python3.8/site-packages/airflow/example_dags/example_branch_operator_decorator.py
[2024-03-26T06:06:06.976+0000] {processor.py:839} INFO - DAG(s) dict_keys(['example_branch_python_operator_decorator']) retrieved from /home/airflow/.local/lib/python3.8/site-packages/airflow/example_dags/example_branch_operator_decorator.py
[2024-03-26T06:06:07.032+0000] {logging_mixin.py:151} INFO - [2024-03-26T06:06:07.032+0000] {dag.py:2915} INFO - Sync 1 DAGs
[2024-03-26T06:06:07.103+0000] {logging_mixin.py:151} INFO - [2024-03-26T06:06:07.103+0000] {dag.py:3696} INFO - Setting next_dagrun for example_branch_python_operator_decorator to 2024-03-25T00:00:00+00:00, run_after=2024-03-26T00:00:00+00:00
[2024-03-26T06:06:07.170+0000] {processor.py:179} INFO - Processing /home/airflow/.local/lib/python3.8/site-packages/airflow/example_dags/example_branch_operator_decorator.py took 0.247 seconds
[2024-03-26T06:06:40.121+0000] {processor.py:157} INFO - Started process (PID=326) to work on /home/airflow/.local/lib/python3.8/site-packages/airflow/example_dags/example_branch_operator_decorator.py
[2024-03-26T06:06:40.124+0000] {processor.py:829} INFO - Processing file /home/airflow/.local/lib/python3.8/site-packages/airflow/example_dags/example_branch_operator_decorator.py for tasks to queue
[2024-03-26T06:06:40.130+0000] {logging_mixin.py:151} INFO - [2024-03-26T06:06:40.129+0000] {dagbag.py:539} INFO - Filling up the DagBag from /home/airflow/.local/lib/python3.8/site-packages/airflow/example_dags/example_branch_operator_decorator.py
[2024-03-26T06:06:40.180+0000] {processor.py:839} INFO - DAG(s) dict_keys(['example_branch_python_operator_decorator']) retrieved from /home/airflow/.local/lib/python3.8/site-packages/airflow/example_dags/example_branch_operator_decorator.py
[2024-03-26T06:06:40.284+0000] {logging_mixin.py:151} INFO - [2024-03-26T06:06:40.284+0000] {dag.py:2915} INFO - Sync 1 DAGs
[2024-03-26T06:06:40.375+0000] {logging_mixin.py:151} INFO - [2024-03-26T06:06:40.374+0000] {dag.py:3696} INFO - Setting next_dagrun for example_branch_python_operator_decorator to 2024-03-25T00:00:00+00:00, run_after=2024-03-26T00:00:00+00:00
[2024-03-26T06:06:40.474+0000] {processor.py:179} INFO - Processing /home/airflow/.local/lib/python3.8/site-packages/airflow/example_dags/example_branch_operator_decorator.py took 0.360 seconds
[2024-03-26T06:07:11.268+0000] {processor.py:157} INFO - Started process (PID=380) to work on /home/airflow/.local/lib/python3.8/site-packages/airflow/example_dags/example_branch_operator_decorator.py
[2024-03-26T06:07:11.270+0000] {processor.py:829} INFO - Processing file /home/airflow/.local/lib/python3.8/site-packages/airflow/example_dags/example_branch_operator_decorator.py for tasks to queue
[2024-03-26T06:07:11.273+0000] {logging_mixin.py:151} INFO - [2024-03-26T06:07:11.272+0000] {dagbag.py:539} INFO - Filling up the DagBag from /home/airflow/.local/lib/python3.8/site-packages/airflow/example_dags/example_branch_operator_decorator.py
[2024-03-26T06:07:11.288+0000] {processor.py:839} INFO - DAG(s) dict_keys(['example_branch_python_operator_decorator']) retrieved from /home/airflow/.local/lib/python3.8/site-packages/airflow/example_dags/example_branch_operator_decorator.py
[2024-03-26T06:07:11.320+0000] {logging_mixin.py:151} INFO - [2024-03-26T06:07:11.319+0000] {dag.py:2915} INFO - Sync 1 DAGs
[2024-03-26T06:07:11.352+0000] {logging_mixin.py:151} INFO - [2024-03-26T06:07:11.352+0000] {dag.py:3696} INFO - Setting next_dagrun for example_branch_python_operator_decorator to 2024-03-25T00:00:00+00:00, run_after=2024-03-26T00:00:00+00:00
[2024-03-26T06:07:11.383+0000] {processor.py:179} INFO - Processing /home/airflow/.local/lib/python3.8/site-packages/airflow/example_dags/example_branch_operator_decorator.py took 0.120 seconds
[2024-03-26T06:07:41.538+0000] {processor.py:157} INFO - Started process (PID=434) to work on /home/airflow/.local/lib/python3.8/site-packages/airflow/example_dags/example_branch_operator_decorator.py
[2024-03-26T06:07:41.540+0000] {processor.py:829} INFO - Processing file /home/airflow/.local/lib/python3.8/site-packages/airflow/example_dags/example_branch_operator_decorator.py for tasks to queue
[2024-03-26T06:07:41.543+0000] {logging_mixin.py:151} INFO - [2024-03-26T06:07:41.543+0000] {dagbag.py:539} INFO - Filling up the DagBag from /home/airflow/.local/lib/python3.8/site-packages/airflow/example_dags/example_branch_operator_decorator.py
[2024-03-26T06:07:41.555+0000] {processor.py:839} INFO - DAG(s) dict_keys(['example_branch_python_operator_decorator']) retrieved from /home/airflow/.local/lib/python3.8/site-packages/airflow/example_dags/example_branch_operator_decorator.py
[2024-03-26T06:07:41.583+0000] {logging_mixin.py:151} INFO - [2024-03-26T06:07:41.583+0000] {dag.py:2915} INFO - Sync 1 DAGs
[2024-03-26T06:07:41.612+0000] {logging_mixin.py:151} INFO - [2024-03-26T06:07:41.611+0000] {dag.py:3696} INFO - Setting next_dagrun for example_branch_python_operator_decorator to 2024-03-25T00:00:00+00:00, run_after=2024-03-26T00:00:00+00:00
[2024-03-26T06:07:41.635+0000] {processor.py:179} INFO - Processing /home/airflow/.local/lib/python3.8/site-packages/airflow/example_dags/example_branch_operator_decorator.py took 0.101 seconds
[2024-03-26T06:08:12.252+0000] {processor.py:157} INFO - Started process (PID=488) to work on /home/airflow/.local/lib/python3.8/site-packages/airflow/example_dags/example_branch_operator_decorator.py
[2024-03-26T06:08:12.254+0000] {processor.py:829} INFO - Processing file /home/airflow/.local/lib/python3.8/site-packages/airflow/example_dags/example_branch_operator_decorator.py for tasks to queue
[2024-03-26T06:08:12.256+0000] {logging_mixin.py:151} INFO - [2024-03-26T06:08:12.256+0000] {dagbag.py:539} INFO - Filling up the DagBag from /home/airflow/.local/lib/python3.8/site-packages/airflow/example_dags/example_branch_operator_decorator.py
[2024-03-26T06:08:12.271+0000] {processor.py:839} INFO - DAG(s) dict_keys(['example_branch_python_operator_decorator']) retrieved from /home/airflow/.local/lib/python3.8/site-packages/airflow/example_dags/example_branch_operator_decorator.py
[2024-03-26T06:08:12.298+0000] {logging_mixin.py:151} INFO - [2024-03-26T06:08:12.297+0000] {dag.py:2915} INFO - Sync 1 DAGs
[2024-03-26T06:08:12.325+0000] {logging_mixin.py:151} INFO - [2024-03-26T06:08:12.325+0000] {dag.py:3696} INFO - Setting next_dagrun for example_branch_python_operator_decorator to 2024-03-25T00:00:00+00:00, run_after=2024-03-26T00:00:00+00:00
[2024-03-26T06:08:12.348+0000] {processor.py:179} INFO - Processing /home/airflow/.local/lib/python3.8/site-packages/airflow/example_dags/example_branch_operator_decorator.py took 0.100 seconds
[2024-03-26T06:08:42.516+0000] {processor.py:157} INFO - Started process (PID=542) to work on /home/airflow/.local/lib/python3.8/site-packages/airflow/example_dags/example_branch_operator_decorator.py
[2024-03-26T06:08:42.517+0000] {processor.py:829} INFO - Processing file /home/airflow/.local/lib/python3.8/site-packages/airflow/example_dags/example_branch_operator_decorator.py for tasks to queue
[2024-03-26T06:08:42.521+0000] {logging_mixin.py:151} INFO - [2024-03-26T06:08:42.521+0000] {dagbag.py:539} INFO - Filling up the DagBag from /home/airflow/.local/lib/python3.8/site-packages/airflow/example_dags/example_branch_operator_decorator.py
[2024-03-26T06:08:42.532+0000] {processor.py:839} INFO - DAG(s) dict_keys(['example_branch_python_operator_decorator']) retrieved from /home/airflow/.local/lib/python3.8/site-packages/airflow/example_dags/example_branch_operator_decorator.py
[2024-03-26T06:08:42.561+0000] {logging_mixin.py:151} INFO - [2024-03-26T06:08:42.561+0000] {dag.py:2915} INFO - Sync 1 DAGs
[2024-03-26T06:08:42.595+0000] {logging_mixin.py:151} INFO - [2024-03-26T06:08:42.595+0000] {dag.py:3696} INFO - Setting next_dagrun for example_branch_python_operator_decorator to 2024-03-25T00:00:00+00:00, run_after=2024-03-26T00:00:00+00:00
[2024-03-26T06:08:42.625+0000] {processor.py:179} INFO - Processing /home/airflow/.local/lib/python3.8/site-packages/airflow/example_dags/example_branch_operator_decorator.py took 0.114 seconds
[2024-03-26T06:09:12.866+0000] {processor.py:157} INFO - Started process (PID=596) to work on /home/airflow/.local/lib/python3.8/site-packages/airflow/example_dags/example_branch_operator_decorator.py
[2024-03-26T06:09:12.868+0000] {processor.py:829} INFO - Processing file /home/airflow/.local/lib/python3.8/site-packages/airflow/example_dags/example_branch_operator_decorator.py for tasks to queue
[2024-03-26T06:09:12.872+0000] {logging_mixin.py:151} INFO - [2024-03-26T06:09:12.871+0000] {dagbag.py:539} INFO - Filling up the DagBag from /home/airflow/.local/lib/python3.8/site-packages/airflow/example_dags/example_branch_operator_decorator.py
[2024-03-26T06:09:12.885+0000] {processor.py:839} INFO - DAG(s) dict_keys(['example_branch_python_operator_decorator']) retrieved from /home/airflow/.local/lib/python3.8/site-packages/airflow/example_dags/example_branch_operator_decorator.py
[2024-03-26T06:09:12.912+0000] {logging_mixin.py:151} INFO - [2024-03-26T06:09:12.911+0000] {dag.py:2915} INFO - Sync 1 DAGs
[2024-03-26T06:09:12.939+0000] {logging_mixin.py:151} INFO - [2024-03-26T06:09:12.939+0000] {dag.py:3696} INFO - Setting next_dagrun for example_branch_python_operator_decorator to 2024-03-25T00:00:00+00:00, run_after=2024-03-26T00:00:00+00:00
[2024-03-26T06:09:12.962+0000] {processor.py:179} INFO - Processing /home/airflow/.local/lib/python3.8/site-packages/airflow/example_dags/example_branch_operator_decorator.py took 0.101 seconds
[2024-03-26T06:09:43.567+0000] {processor.py:157} INFO - Started process (PID=650) to work on /home/airflow/.local/lib/python3.8/site-packages/airflow/example_dags/example_branch_operator_decorator.py
[2024-03-26T06:09:43.569+0000] {processor.py:829} INFO - Processing file /home/airflow/.local/lib/python3.8/site-packages/airflow/example_dags/example_branch_operator_decorator.py for tasks to queue
[2024-03-26T06:09:43.573+0000] {logging_mixin.py:151} INFO - [2024-03-26T06:09:43.572+0000] {dagbag.py:539} INFO - Filling up the DagBag from /home/airflow/.local/lib/python3.8/site-packages/airflow/example_dags/example_branch_operator_decorator.py
[2024-03-26T06:09:43.586+0000] {processor.py:839} INFO - DAG(s) dict_keys(['example_branch_python_operator_decorator']) retrieved from /home/airflow/.local/lib/python3.8/site-packages/airflow/example_dags/example_branch_operator_decorator.py
[2024-03-26T06:09:43.613+0000] {logging_mixin.py:151} INFO - [2024-03-26T06:09:43.613+0000] {dag.py:2915} INFO - Sync 1 DAGs
[2024-03-26T06:09:43.650+0000] {logging_mixin.py:151} INFO - [2024-03-26T06:09:43.649+0000] {dag.py:3696} INFO - Setting next_dagrun for example_branch_python_operator_decorator to 2024-03-25T00:00:00+00:00, run_after=2024-03-26T00:00:00+00:00
[2024-03-26T06:09:43.675+0000] {processor.py:179} INFO - Processing /home/airflow/.local/lib/python3.8/site-packages/airflow/example_dags/example_branch_operator_decorator.py took 0.111 seconds
[2024-03-26T06:10:14.138+0000] {processor.py:157} INFO - Started process (PID=704) to work on /home/airflow/.local/lib/python3.8/site-packages/airflow/example_dags/example_branch_operator_decorator.py
[2024-03-26T06:10:14.139+0000] {processor.py:829} INFO - Processing file /home/airflow/.local/lib/python3.8/site-packages/airflow/example_dags/example_branch_operator_decorator.py for tasks to queue
[2024-03-26T06:10:14.142+0000] {logging_mixin.py:151} INFO - [2024-03-26T06:10:14.142+0000] {dagbag.py:539} INFO - Filling up the DagBag from /home/airflow/.local/lib/python3.8/site-packages/airflow/example_dags/example_branch_operator_decorator.py
[2024-03-26T06:10:14.155+0000] {processor.py:839} INFO - DAG(s) dict_keys(['example_branch_python_operator_decorator']) retrieved from /home/airflow/.local/lib/python3.8/site-packages/airflow/example_dags/example_branch_operator_decorator.py
[2024-03-26T06:10:14.182+0000] {logging_mixin.py:151} INFO - [2024-03-26T06:10:14.181+0000] {dag.py:2915} INFO - Sync 1 DAGs
[2024-03-26T06:10:14.208+0000] {logging_mixin.py:151} INFO - [2024-03-26T06:10:14.208+0000] {dag.py:3696} INFO - Setting next_dagrun for example_branch_python_operator_decorator to 2024-03-25T00:00:00+00:00, run_after=2024-03-26T00:00:00+00:00
[2024-03-26T06:10:14.236+0000] {processor.py:179} INFO - Processing /home/airflow/.local/lib/python3.8/site-packages/airflow/example_dags/example_branch_operator_decorator.py took 0.102 seconds
[2024-03-26T06:10:44.789+0000] {processor.py:157} INFO - Started process (PID=758) to work on /home/airflow/.local/lib/python3.8/site-packages/airflow/example_dags/example_branch_operator_decorator.py
[2024-03-26T06:10:44.790+0000] {processor.py:829} INFO - Processing file /home/airflow/.local/lib/python3.8/site-packages/airflow/example_dags/example_branch_operator_decorator.py for tasks to queue
[2024-03-26T06:10:44.793+0000] {logging_mixin.py:151} INFO - [2024-03-26T06:10:44.793+0000] {dagbag.py:539} INFO - Filling up the DagBag from /home/airflow/.local/lib/python3.8/site-packages/airflow/example_dags/example_branch_operator_decorator.py
[2024-03-26T06:10:44.807+0000] {processor.py:839} INFO - DAG(s) dict_keys(['example_branch_python_operator_decorator']) retrieved from /home/airflow/.local/lib/python3.8/site-packages/airflow/example_dags/example_branch_operator_decorator.py
[2024-03-26T06:10:44.837+0000] {logging_mixin.py:151} INFO - [2024-03-26T06:10:44.836+0000] {dag.py:2915} INFO - Sync 1 DAGs
[2024-03-26T06:10:44.863+0000] {logging_mixin.py:151} INFO - [2024-03-26T06:10:44.863+0000] {dag.py:3696} INFO - Setting next_dagrun for example_branch_python_operator_decorator to 2024-03-25T00:00:00+00:00, run_after=2024-03-26T00:00:00+00:00
[2024-03-26T06:10:44.884+0000] {processor.py:179} INFO - Processing /home/airflow/.local/lib/python3.8/site-packages/airflow/example_dags/example_branch_operator_decorator.py took 0.100 seconds
[2024-03-26T06:11:15.430+0000] {processor.py:157} INFO - Started process (PID=812) to work on /home/airflow/.local/lib/python3.8/site-packages/airflow/example_dags/example_branch_operator_decorator.py
[2024-03-26T06:11:15.431+0000] {processor.py:829} INFO - Processing file /home/airflow/.local/lib/python3.8/site-packages/airflow/example_dags/example_branch_operator_decorator.py for tasks to queue
[2024-03-26T06:11:15.434+0000] {logging_mixin.py:151} INFO - [2024-03-26T06:11:15.434+0000] {dagbag.py:539} INFO - Filling up the DagBag from /home/airflow/.local/lib/python3.8/site-packages/airflow/example_dags/example_branch_operator_decorator.py
[2024-03-26T06:11:15.445+0000] {processor.py:839} INFO - DAG(s) dict_keys(['example_branch_python_operator_decorator']) retrieved from /home/airflow/.local/lib/python3.8/site-packages/airflow/example_dags/example_branch_operator_decorator.py
[2024-03-26T06:11:15.472+0000] {logging_mixin.py:151} INFO - [2024-03-26T06:11:15.471+0000] {dag.py:2915} INFO - Sync 1 DAGs
[2024-03-26T06:11:15.503+0000] {logging_mixin.py:151} INFO - [2024-03-26T06:11:15.502+0000] {dag.py:3696} INFO - Setting next_dagrun for example_branch_python_operator_decorator to 2024-03-25T00:00:00+00:00, run_after=2024-03-26T00:00:00+00:00
[2024-03-26T06:11:15.528+0000] {processor.py:179} INFO - Processing /home/airflow/.local/lib/python3.8/site-packages/airflow/example_dags/example_branch_operator_decorator.py took 0.103 seconds
[2024-03-26T06:11:45.670+0000] {processor.py:157} INFO - Started process (PID=866) to work on /home/airflow/.local/lib/python3.8/site-packages/airflow/example_dags/example_branch_operator_decorator.py
[2024-03-26T06:11:45.672+0000] {processor.py:829} INFO - Processing file /home/airflow/.local/lib/python3.8/site-packages/airflow/example_dags/example_branch_operator_decorator.py for tasks to queue
[2024-03-26T06:11:45.674+0000] {logging_mixin.py:151} INFO - [2024-03-26T06:11:45.674+0000] {dagbag.py:539} INFO - Filling up the DagBag from /home/airflow/.local/lib/python3.8/site-packages/airflow/example_dags/example_branch_operator_decorator.py
[2024-03-26T06:11:45.686+0000] {processor.py:839} INFO - DAG(s) dict_keys(['example_branch_python_operator_decorator']) retrieved from /home/airflow/.local/lib/python3.8/site-packages/airflow/example_dags/example_branch_operator_decorator.py
[2024-03-26T06:11:45.713+0000] {logging_mixin.py:151} INFO - [2024-03-26T06:11:45.713+0000] {dag.py:2915} INFO - Sync 1 DAGs
[2024-03-26T06:11:45.745+0000] {logging_mixin.py:151} INFO - [2024-03-26T06:11:45.744+0000] {dag.py:3696} INFO - Setting next_dagrun for example_branch_python_operator_decorator to 2024-03-25T00:00:00+00:00, run_after=2024-03-26T00:00:00+00:00
[2024-03-26T06:11:45.767+0000] {processor.py:179} INFO - Processing /home/airflow/.local/lib/python3.8/site-packages/airflow/example_dags/example_branch_operator_decorator.py took 0.100 seconds
[2024-03-26T06:12:16.151+0000] {processor.py:157} INFO - Started process (PID=920) to work on /home/airflow/.local/lib/python3.8/site-packages/airflow/example_dags/example_branch_operator_decorator.py
[2024-03-26T06:12:16.153+0000] {processor.py:829} INFO - Processing file /home/airflow/.local/lib/python3.8/site-packages/airflow/example_dags/example_branch_operator_decorator.py for tasks to queue
[2024-03-26T06:12:16.156+0000] {logging_mixin.py:151} INFO - [2024-03-26T06:12:16.156+0000] {dagbag.py:539} INFO - Filling up the DagBag from /home/airflow/.local/lib/python3.8/site-packages/airflow/example_dags/example_branch_operator_decorator.py
[2024-03-26T06:12:16.170+0000] {processor.py:839} INFO - DAG(s) dict_keys(['example_branch_python_operator_decorator']) retrieved from /home/airflow/.local/lib/python3.8/site-packages/airflow/example_dags/example_branch_operator_decorator.py
[2024-03-26T06:12:16.196+0000] {logging_mixin.py:151} INFO - [2024-03-26T06:12:16.196+0000] {dag.py:2915} INFO - Sync 1 DAGs
[2024-03-26T06:12:16.223+0000] {logging_mixin.py:151} INFO - [2024-03-26T06:12:16.222+0000] {dag.py:3696} INFO - Setting next_dagrun for example_branch_python_operator_decorator to 2024-03-25T00:00:00+00:00, run_after=2024-03-26T00:00:00+00:00
[2024-03-26T06:12:16.247+0000] {processor.py:179} INFO - Processing /home/airflow/.local/lib/python3.8/site-packages/airflow/example_dags/example_branch_operator_decorator.py took 0.101 seconds
[2024-03-26T06:12:46.605+0000] {processor.py:157} INFO - Started process (PID=974) to work on /home/airflow/.local/lib/python3.8/site-packages/airflow/example_dags/example_branch_operator_decorator.py
[2024-03-26T06:12:46.606+0000] {processor.py:829} INFO - Processing file /home/airflow/.local/lib/python3.8/site-packages/airflow/example_dags/example_branch_operator_decorator.py for tasks to queue
[2024-03-26T06:12:46.609+0000] {logging_mixin.py:151} INFO - [2024-03-26T06:12:46.608+0000] {dagbag.py:539} INFO - Filling up the DagBag from /home/airflow/.local/lib/python3.8/site-packages/airflow/example_dags/example_branch_operator_decorator.py
[2024-03-26T06:12:46.619+0000] {processor.py:839} INFO - DAG(s) dict_keys(['example_branch_python_operator_decorator']) retrieved from /home/airflow/.local/lib/python3.8/site-packages/airflow/example_dags/example_branch_operator_decorator.py
[2024-03-26T06:12:46.641+0000] {logging_mixin.py:151} INFO - [2024-03-26T06:12:46.641+0000] {dag.py:2915} INFO - Sync 1 DAGs
[2024-03-26T06:12:46.666+0000] {logging_mixin.py:151} INFO - [2024-03-26T06:12:46.666+0000] {dag.py:3696} INFO - Setting next_dagrun for example_branch_python_operator_decorator to 2024-03-25T00:00:00+00:00, run_after=2024-03-26T00:00:00+00:00
[2024-03-26T06:12:46.687+0000] {processor.py:179} INFO - Processing /home/airflow/.local/lib/python3.8/site-packages/airflow/example_dags/example_branch_operator_decorator.py took 0.086 seconds
[2024-03-26T06:19:07.379+0000] {processor.py:157} INFO - Started process (PID=1005) to work on /home/airflow/.local/lib/python3.8/site-packages/airflow/example_dags/example_branch_operator_decorator.py
[2024-03-26T06:19:07.388+0000] {processor.py:829} INFO - Processing file /home/airflow/.local/lib/python3.8/site-packages/airflow/example_dags/example_branch_operator_decorator.py for tasks to queue
[2024-03-26T06:19:07.397+0000] {logging_mixin.py:151} INFO - [2024-03-26T06:19:07.397+0000] {dagbag.py:539} INFO - Filling up the DagBag from /home/airflow/.local/lib/python3.8/site-packages/airflow/example_dags/example_branch_operator_decorator.py
[2024-03-26T06:19:07.441+0000] {processor.py:839} INFO - DAG(s) dict_keys(['example_branch_python_operator_decorator']) retrieved from /home/airflow/.local/lib/python3.8/site-packages/airflow/example_dags/example_branch_operator_decorator.py
[2024-03-26T06:19:07.515+0000] {logging_mixin.py:151} INFO - [2024-03-26T06:19:07.514+0000] {dag.py:2915} INFO - Sync 1 DAGs
[2024-03-26T06:19:07.609+0000] {logging_mixin.py:151} INFO - [2024-03-26T06:19:07.607+0000] {dag.py:3696} INFO - Setting next_dagrun for example_branch_python_operator_decorator to 2024-03-25T00:00:00+00:00, run_after=2024-03-26T00:00:00+00:00
[2024-03-26T06:19:07.673+0000] {processor.py:179} INFO - Processing /home/airflow/.local/lib/python3.8/site-packages/airflow/example_dags/example_branch_operator_decorator.py took 0.303 seconds
[2024-03-26T06:19:38.196+0000] {processor.py:157} INFO - Started process (PID=1059) to work on /home/airflow/.local/lib/python3.8/site-packages/airflow/example_dags/example_branch_operator_decorator.py
[2024-03-26T06:19:38.198+0000] {processor.py:829} INFO - Processing file /home/airflow/.local/lib/python3.8/site-packages/airflow/example_dags/example_branch_operator_decorator.py for tasks to queue
[2024-03-26T06:19:38.201+0000] {logging_mixin.py:151} INFO - [2024-03-26T06:19:38.200+0000] {dagbag.py:539} INFO - Filling up the DagBag from /home/airflow/.local/lib/python3.8/site-packages/airflow/example_dags/example_branch_operator_decorator.py
[2024-03-26T06:19:38.212+0000] {processor.py:839} INFO - DAG(s) dict_keys(['example_branch_python_operator_decorator']) retrieved from /home/airflow/.local/lib/python3.8/site-packages/airflow/example_dags/example_branch_operator_decorator.py
[2024-03-26T06:19:38.238+0000] {logging_mixin.py:151} INFO - [2024-03-26T06:19:38.238+0000] {dag.py:2915} INFO - Sync 1 DAGs
[2024-03-26T06:19:38.267+0000] {logging_mixin.py:151} INFO - [2024-03-26T06:19:38.267+0000] {dag.py:3696} INFO - Setting next_dagrun for example_branch_python_operator_decorator to 2024-03-25T00:00:00+00:00, run_after=2024-03-26T00:00:00+00:00
[2024-03-26T06:19:38.290+0000] {processor.py:179} INFO - Processing /home/airflow/.local/lib/python3.8/site-packages/airflow/example_dags/example_branch_operator_decorator.py took 0.098 seconds
[2024-03-26T06:20:09.118+0000] {processor.py:157} INFO - Started process (PID=1113) to work on /home/airflow/.local/lib/python3.8/site-packages/airflow/example_dags/example_branch_operator_decorator.py
[2024-03-26T06:20:09.120+0000] {processor.py:829} INFO - Processing file /home/airflow/.local/lib/python3.8/site-packages/airflow/example_dags/example_branch_operator_decorator.py for tasks to queue
[2024-03-26T06:20:09.123+0000] {logging_mixin.py:151} INFO - [2024-03-26T06:20:09.123+0000] {dagbag.py:539} INFO - Filling up the DagBag from /home/airflow/.local/lib/python3.8/site-packages/airflow/example_dags/example_branch_operator_decorator.py
[2024-03-26T06:20:09.135+0000] {processor.py:839} INFO - DAG(s) dict_keys(['example_branch_python_operator_decorator']) retrieved from /home/airflow/.local/lib/python3.8/site-packages/airflow/example_dags/example_branch_operator_decorator.py
[2024-03-26T06:20:09.165+0000] {logging_mixin.py:151} INFO - [2024-03-26T06:20:09.165+0000] {dag.py:2915} INFO - Sync 1 DAGs
[2024-03-26T06:20:09.194+0000] {logging_mixin.py:151} INFO - [2024-03-26T06:20:09.194+0000] {dag.py:3696} INFO - Setting next_dagrun for example_branch_python_operator_decorator to 2024-03-25T00:00:00+00:00, run_after=2024-03-26T00:00:00+00:00
[2024-03-26T06:20:09.215+0000] {processor.py:179} INFO - Processing /home/airflow/.local/lib/python3.8/site-packages/airflow/example_dags/example_branch_operator_decorator.py took 0.102 seconds
[2024-03-26T06:20:39.473+0000] {processor.py:157} INFO - Started process (PID=1167) to work on /home/airflow/.local/lib/python3.8/site-packages/airflow/example_dags/example_branch_operator_decorator.py
[2024-03-26T06:20:39.474+0000] {processor.py:829} INFO - Processing file /home/airflow/.local/lib/python3.8/site-packages/airflow/example_dags/example_branch_operator_decorator.py for tasks to queue
[2024-03-26T06:20:39.477+0000] {logging_mixin.py:151} INFO - [2024-03-26T06:20:39.477+0000] {dagbag.py:539} INFO - Filling up the DagBag from /home/airflow/.local/lib/python3.8/site-packages/airflow/example_dags/example_branch_operator_decorator.py
[2024-03-26T06:20:39.489+0000] {processor.py:839} INFO - DAG(s) dict_keys(['example_branch_python_operator_decorator']) retrieved from /home/airflow/.local/lib/python3.8/site-packages/airflow/example_dags/example_branch_operator_decorator.py
[2024-03-26T06:20:39.515+0000] {logging_mixin.py:151} INFO - [2024-03-26T06:20:39.515+0000] {dag.py:2915} INFO - Sync 1 DAGs
[2024-03-26T06:20:39.543+0000] {logging_mixin.py:151} INFO - [2024-03-26T06:20:39.543+0000] {dag.py:3696} INFO - Setting next_dagrun for example_branch_python_operator_decorator to 2024-03-25T00:00:00+00:00, run_after=2024-03-26T00:00:00+00:00
[2024-03-26T06:20:39.567+0000] {processor.py:179} INFO - Processing /home/airflow/.local/lib/python3.8/site-packages/airflow/example_dags/example_branch_operator_decorator.py took 0.098 seconds
[2024-03-26T06:21:09.896+0000] {processor.py:157} INFO - Started process (PID=1221) to work on /home/airflow/.local/lib/python3.8/site-packages/airflow/example_dags/example_branch_operator_decorator.py
[2024-03-26T06:21:09.897+0000] {processor.py:829} INFO - Processing file /home/airflow/.local/lib/python3.8/site-packages/airflow/example_dags/example_branch_operator_decorator.py for tasks to queue
[2024-03-26T06:21:09.901+0000] {logging_mixin.py:151} INFO - [2024-03-26T06:21:09.900+0000] {dagbag.py:539} INFO - Filling up the DagBag from /home/airflow/.local/lib/python3.8/site-packages/airflow/example_dags/example_branch_operator_decorator.py
[2024-03-26T06:21:09.914+0000] {processor.py:839} INFO - DAG(s) dict_keys(['example_branch_python_operator_decorator']) retrieved from /home/airflow/.local/lib/python3.8/site-packages/airflow/example_dags/example_branch_operator_decorator.py
[2024-03-26T06:21:09.940+0000] {logging_mixin.py:151} INFO - [2024-03-26T06:21:09.939+0000] {dag.py:2915} INFO - Sync 1 DAGs
[2024-03-26T06:21:09.967+0000] {logging_mixin.py:151} INFO - [2024-03-26T06:21:09.967+0000] {dag.py:3696} INFO - Setting next_dagrun for example_branch_python_operator_decorator to 2024-03-25T00:00:00+00:00, run_after=2024-03-26T00:00:00+00:00
[2024-03-26T06:21:09.988+0000] {processor.py:179} INFO - Processing /home/airflow/.local/lib/python3.8/site-packages/airflow/example_dags/example_branch_operator_decorator.py took 0.097 seconds
[2024-03-26T06:21:40.828+0000] {processor.py:157} INFO - Started process (PID=1275) to work on /home/airflow/.local/lib/python3.8/site-packages/airflow/example_dags/example_branch_operator_decorator.py
[2024-03-26T06:21:40.830+0000] {processor.py:829} INFO - Processing file /home/airflow/.local/lib/python3.8/site-packages/airflow/example_dags/example_branch_operator_decorator.py for tasks to queue
[2024-03-26T06:21:40.833+0000] {logging_mixin.py:151} INFO - [2024-03-26T06:21:40.832+0000] {dagbag.py:539} INFO - Filling up the DagBag from /home/airflow/.local/lib/python3.8/site-packages/airflow/example_dags/example_branch_operator_decorator.py
[2024-03-26T06:21:40.846+0000] {processor.py:839} INFO - DAG(s) dict_keys(['example_branch_python_operator_decorator']) retrieved from /home/airflow/.local/lib/python3.8/site-packages/airflow/example_dags/example_branch_operator_decorator.py
[2024-03-26T06:21:40.875+0000] {logging_mixin.py:151} INFO - [2024-03-26T06:21:40.875+0000] {dag.py:2915} INFO - Sync 1 DAGs
[2024-03-26T06:21:40.902+0000] {logging_mixin.py:151} INFO - [2024-03-26T06:21:40.902+0000] {dag.py:3696} INFO - Setting next_dagrun for example_branch_python_operator_decorator to 2024-03-25T00:00:00+00:00, run_after=2024-03-26T00:00:00+00:00
[2024-03-26T06:21:40.923+0000] {processor.py:179} INFO - Processing /home/airflow/.local/lib/python3.8/site-packages/airflow/example_dags/example_branch_operator_decorator.py took 0.099 seconds
[2024-03-26T06:22:11.567+0000] {processor.py:157} INFO - Started process (PID=1329) to work on /home/airflow/.local/lib/python3.8/site-packages/airflow/example_dags/example_branch_operator_decorator.py
[2024-03-26T06:22:11.568+0000] {processor.py:829} INFO - Processing file /home/airflow/.local/lib/python3.8/site-packages/airflow/example_dags/example_branch_operator_decorator.py for tasks to queue
[2024-03-26T06:22:11.571+0000] {logging_mixin.py:151} INFO - [2024-03-26T06:22:11.571+0000] {dagbag.py:539} INFO - Filling up the DagBag from /home/airflow/.local/lib/python3.8/site-packages/airflow/example_dags/example_branch_operator_decorator.py
[2024-03-26T06:22:11.583+0000] {processor.py:839} INFO - DAG(s) dict_keys(['example_branch_python_operator_decorator']) retrieved from /home/airflow/.local/lib/python3.8/site-packages/airflow/example_dags/example_branch_operator_decorator.py
[2024-03-26T06:22:11.609+0000] {logging_mixin.py:151} INFO - [2024-03-26T06:22:11.609+0000] {dag.py:2915} INFO - Sync 1 DAGs
[2024-03-26T06:22:11.637+0000] {logging_mixin.py:151} INFO - [2024-03-26T06:22:11.636+0000] {dag.py:3696} INFO - Setting next_dagrun for example_branch_python_operator_decorator to 2024-03-25T00:00:00+00:00, run_after=2024-03-26T00:00:00+00:00
[2024-03-26T06:22:11.659+0000] {processor.py:179} INFO - Processing /home/airflow/.local/lib/python3.8/site-packages/airflow/example_dags/example_branch_operator_decorator.py took 0.096 seconds
[2024-03-26T06:22:42.170+0000] {processor.py:157} INFO - Started process (PID=1383) to work on /home/airflow/.local/lib/python3.8/site-packages/airflow/example_dags/example_branch_operator_decorator.py
[2024-03-26T06:22:42.171+0000] {processor.py:829} INFO - Processing file /home/airflow/.local/lib/python3.8/site-packages/airflow/example_dags/example_branch_operator_decorator.py for tasks to queue
[2024-03-26T06:22:42.174+0000] {logging_mixin.py:151} INFO - [2024-03-26T06:22:42.174+0000] {dagbag.py:539} INFO - Filling up the DagBag from /home/airflow/.local/lib/python3.8/site-packages/airflow/example_dags/example_branch_operator_decorator.py
[2024-03-26T06:22:42.187+0000] {processor.py:839} INFO - DAG(s) dict_keys(['example_branch_python_operator_decorator']) retrieved from /home/airflow/.local/lib/python3.8/site-packages/airflow/example_dags/example_branch_operator_decorator.py
[2024-03-26T06:22:42.213+0000] {logging_mixin.py:151} INFO - [2024-03-26T06:22:42.213+0000] {dag.py:2915} INFO - Sync 1 DAGs
[2024-03-26T06:22:42.240+0000] {logging_mixin.py:151} INFO - [2024-03-26T06:22:42.240+0000] {dag.py:3696} INFO - Setting next_dagrun for example_branch_python_operator_decorator to 2024-03-25T00:00:00+00:00, run_after=2024-03-26T00:00:00+00:00
[2024-03-26T06:22:42.262+0000] {processor.py:179} INFO - Processing /home/airflow/.local/lib/python3.8/site-packages/airflow/example_dags/example_branch_operator_decorator.py took 0.097 seconds
[2024-03-26T06:23:12.703+0000] {processor.py:157} INFO - Started process (PID=1437) to work on /home/airflow/.local/lib/python3.8/site-packages/airflow/example_dags/example_branch_operator_decorator.py
[2024-03-26T06:23:12.705+0000] {processor.py:829} INFO - Processing file /home/airflow/.local/lib/python3.8/site-packages/airflow/example_dags/example_branch_operator_decorator.py for tasks to queue
[2024-03-26T06:23:12.708+0000] {logging_mixin.py:151} INFO - [2024-03-26T06:23:12.708+0000] {dagbag.py:539} INFO - Filling up the DagBag from /home/airflow/.local/lib/python3.8/site-packages/airflow/example_dags/example_branch_operator_decorator.py
[2024-03-26T06:23:12.723+0000] {processor.py:839} INFO - DAG(s) dict_keys(['example_branch_python_operator_decorator']) retrieved from /home/airflow/.local/lib/python3.8/site-packages/airflow/example_dags/example_branch_operator_decorator.py
[2024-03-26T06:23:12.755+0000] {logging_mixin.py:151} INFO - [2024-03-26T06:23:12.755+0000] {dag.py:2915} INFO - Sync 1 DAGs
[2024-03-26T06:23:12.787+0000] {logging_mixin.py:151} INFO - [2024-03-26T06:23:12.787+0000] {dag.py:3696} INFO - Setting next_dagrun for example_branch_python_operator_decorator to 2024-03-25T00:00:00+00:00, run_after=2024-03-26T00:00:00+00:00
[2024-03-26T06:23:12.815+0000] {processor.py:179} INFO - Processing /home/airflow/.local/lib/python3.8/site-packages/airflow/example_dags/example_branch_operator_decorator.py took 0.118 seconds
[2024-03-26T06:23:43.352+0000] {processor.py:157} INFO - Started process (PID=1491) to work on /home/airflow/.local/lib/python3.8/site-packages/airflow/example_dags/example_branch_operator_decorator.py
[2024-03-26T06:23:43.354+0000] {processor.py:829} INFO - Processing file /home/airflow/.local/lib/python3.8/site-packages/airflow/example_dags/example_branch_operator_decorator.py for tasks to queue
[2024-03-26T06:23:43.357+0000] {logging_mixin.py:151} INFO - [2024-03-26T06:23:43.357+0000] {dagbag.py:539} INFO - Filling up the DagBag from /home/airflow/.local/lib/python3.8/site-packages/airflow/example_dags/example_branch_operator_decorator.py
[2024-03-26T06:23:43.369+0000] {processor.py:839} INFO - DAG(s) dict_keys(['example_branch_python_operator_decorator']) retrieved from /home/airflow/.local/lib/python3.8/site-packages/airflow/example_dags/example_branch_operator_decorator.py
[2024-03-26T06:23:43.397+0000] {logging_mixin.py:151} INFO - [2024-03-26T06:23:43.397+0000] {dag.py:2915} INFO - Sync 1 DAGs
[2024-03-26T06:23:43.430+0000] {logging_mixin.py:151} INFO - [2024-03-26T06:23:43.430+0000] {dag.py:3696} INFO - Setting next_dagrun for example_branch_python_operator_decorator to 2024-03-25T00:00:00+00:00, run_after=2024-03-26T00:00:00+00:00
[2024-03-26T06:23:43.457+0000] {processor.py:179} INFO - Processing /home/airflow/.local/lib/python3.8/site-packages/airflow/example_dags/example_branch_operator_decorator.py took 0.109 seconds
[2024-03-26T06:24:14.027+0000] {processor.py:157} INFO - Started process (PID=1545) to work on /home/airflow/.local/lib/python3.8/site-packages/airflow/example_dags/example_branch_operator_decorator.py
[2024-03-26T06:24:14.030+0000] {processor.py:829} INFO - Processing file /home/airflow/.local/lib/python3.8/site-packages/airflow/example_dags/example_branch_operator_decorator.py for tasks to queue
[2024-03-26T06:24:14.033+0000] {logging_mixin.py:151} INFO - [2024-03-26T06:24:14.033+0000] {dagbag.py:539} INFO - Filling up the DagBag from /home/airflow/.local/lib/python3.8/site-packages/airflow/example_dags/example_branch_operator_decorator.py
[2024-03-26T06:24:14.045+0000] {processor.py:839} INFO - DAG(s) dict_keys(['example_branch_python_operator_decorator']) retrieved from /home/airflow/.local/lib/python3.8/site-packages/airflow/example_dags/example_branch_operator_decorator.py
[2024-03-26T06:24:14.070+0000] {logging_mixin.py:151} INFO - [2024-03-26T06:24:14.069+0000] {dag.py:2915} INFO - Sync 1 DAGs
[2024-03-26T06:24:14.099+0000] {logging_mixin.py:151} INFO - [2024-03-26T06:24:14.099+0000] {dag.py:3696} INFO - Setting next_dagrun for example_branch_python_operator_decorator to 2024-03-25T00:00:00+00:00, run_after=2024-03-26T00:00:00+00:00
[2024-03-26T06:24:14.121+0000] {processor.py:179} INFO - Processing /home/airflow/.local/lib/python3.8/site-packages/airflow/example_dags/example_branch_operator_decorator.py took 0.098 seconds
[2024-03-26T06:24:44.620+0000] {processor.py:157} INFO - Started process (PID=1599) to work on /home/airflow/.local/lib/python3.8/site-packages/airflow/example_dags/example_branch_operator_decorator.py
[2024-03-26T06:24:44.621+0000] {processor.py:829} INFO - Processing file /home/airflow/.local/lib/python3.8/site-packages/airflow/example_dags/example_branch_operator_decorator.py for tasks to queue
[2024-03-26T06:24:44.624+0000] {logging_mixin.py:151} INFO - [2024-03-26T06:24:44.624+0000] {dagbag.py:539} INFO - Filling up the DagBag from /home/airflow/.local/lib/python3.8/site-packages/airflow/example_dags/example_branch_operator_decorator.py
[2024-03-26T06:24:44.639+0000] {processor.py:839} INFO - DAG(s) dict_keys(['example_branch_python_operator_decorator']) retrieved from /home/airflow/.local/lib/python3.8/site-packages/airflow/example_dags/example_branch_operator_decorator.py
[2024-03-26T06:24:44.669+0000] {logging_mixin.py:151} INFO - [2024-03-26T06:24:44.669+0000] {dag.py:2915} INFO - Sync 1 DAGs
[2024-03-26T06:24:44.700+0000] {logging_mixin.py:151} INFO - [2024-03-26T06:24:44.700+0000] {dag.py:3696} INFO - Setting next_dagrun for example_branch_python_operator_decorator to 2024-03-25T00:00:00+00:00, run_after=2024-03-26T00:00:00+00:00
[2024-03-26T06:24:44.731+0000] {processor.py:179} INFO - Processing /home/airflow/.local/lib/python3.8/site-packages/airflow/example_dags/example_branch_operator_decorator.py took 0.117 seconds
[2024-03-26T06:25:15.264+0000] {processor.py:157} INFO - Started process (PID=1653) to work on /home/airflow/.local/lib/python3.8/site-packages/airflow/example_dags/example_branch_operator_decorator.py
[2024-03-26T06:25:15.265+0000] {processor.py:829} INFO - Processing file /home/airflow/.local/lib/python3.8/site-packages/airflow/example_dags/example_branch_operator_decorator.py for tasks to queue
[2024-03-26T06:25:15.268+0000] {logging_mixin.py:151} INFO - [2024-03-26T06:25:15.267+0000] {dagbag.py:539} INFO - Filling up the DagBag from /home/airflow/.local/lib/python3.8/site-packages/airflow/example_dags/example_branch_operator_decorator.py
[2024-03-26T06:25:15.279+0000] {processor.py:839} INFO - DAG(s) dict_keys(['example_branch_python_operator_decorator']) retrieved from /home/airflow/.local/lib/python3.8/site-packages/airflow/example_dags/example_branch_operator_decorator.py
[2024-03-26T06:25:15.306+0000] {logging_mixin.py:151} INFO - [2024-03-26T06:25:15.306+0000] {dag.py:2915} INFO - Sync 1 DAGs
[2024-03-26T06:25:15.335+0000] {logging_mixin.py:151} INFO - [2024-03-26T06:25:15.334+0000] {dag.py:3696} INFO - Setting next_dagrun for example_branch_python_operator_decorator to 2024-03-25T00:00:00+00:00, run_after=2024-03-26T00:00:00+00:00
[2024-03-26T06:25:15.356+0000] {processor.py:179} INFO - Processing /home/airflow/.local/lib/python3.8/site-packages/airflow/example_dags/example_branch_operator_decorator.py took 0.096 seconds
[2024-03-26T06:25:45.730+0000] {processor.py:157} INFO - Started process (PID=1707) to work on /home/airflow/.local/lib/python3.8/site-packages/airflow/example_dags/example_branch_operator_decorator.py
[2024-03-26T06:25:45.732+0000] {processor.py:829} INFO - Processing file /home/airflow/.local/lib/python3.8/site-packages/airflow/example_dags/example_branch_operator_decorator.py for tasks to queue
[2024-03-26T06:25:45.734+0000] {logging_mixin.py:151} INFO - [2024-03-26T06:25:45.734+0000] {dagbag.py:539} INFO - Filling up the DagBag from /home/airflow/.local/lib/python3.8/site-packages/airflow/example_dags/example_branch_operator_decorator.py
[2024-03-26T06:25:45.747+0000] {processor.py:839} INFO - DAG(s) dict_keys(['example_branch_python_operator_decorator']) retrieved from /home/airflow/.local/lib/python3.8/site-packages/airflow/example_dags/example_branch_operator_decorator.py
[2024-03-26T06:25:45.774+0000] {logging_mixin.py:151} INFO - [2024-03-26T06:25:45.774+0000] {dag.py:2915} INFO - Sync 1 DAGs
[2024-03-26T06:25:45.802+0000] {logging_mixin.py:151} INFO - [2024-03-26T06:25:45.802+0000] {dag.py:3696} INFO - Setting next_dagrun for example_branch_python_operator_decorator to 2024-03-25T00:00:00+00:00, run_after=2024-03-26T00:00:00+00:00
[2024-03-26T06:25:45.835+0000] {processor.py:179} INFO - Processing /home/airflow/.local/lib/python3.8/site-packages/airflow/example_dags/example_branch_operator_decorator.py took 0.108 seconds
[2024-03-26T06:26:16.115+0000] {processor.py:157} INFO - Started process (PID=1761) to work on /home/airflow/.local/lib/python3.8/site-packages/airflow/example_dags/example_branch_operator_decorator.py
[2024-03-26T06:26:16.116+0000] {processor.py:829} INFO - Processing file /home/airflow/.local/lib/python3.8/site-packages/airflow/example_dags/example_branch_operator_decorator.py for tasks to queue
[2024-03-26T06:26:16.118+0000] {logging_mixin.py:151} INFO - [2024-03-26T06:26:16.118+0000] {dagbag.py:539} INFO - Filling up the DagBag from /home/airflow/.local/lib/python3.8/site-packages/airflow/example_dags/example_branch_operator_decorator.py
[2024-03-26T06:26:16.132+0000] {processor.py:839} INFO - DAG(s) dict_keys(['example_branch_python_operator_decorator']) retrieved from /home/airflow/.local/lib/python3.8/site-packages/airflow/example_dags/example_branch_operator_decorator.py
[2024-03-26T06:26:16.160+0000] {logging_mixin.py:151} INFO - [2024-03-26T06:26:16.159+0000] {dag.py:2915} INFO - Sync 1 DAGs
[2024-03-26T06:26:16.186+0000] {logging_mixin.py:151} INFO - [2024-03-26T06:26:16.185+0000] {dag.py:3696} INFO - Setting next_dagrun for example_branch_python_operator_decorator to 2024-03-25T00:00:00+00:00, run_after=2024-03-26T00:00:00+00:00
[2024-03-26T06:26:16.208+0000] {processor.py:179} INFO - Processing /home/airflow/.local/lib/python3.8/site-packages/airflow/example_dags/example_branch_operator_decorator.py took 0.098 seconds
[2024-03-26T06:26:46.801+0000] {processor.py:157} INFO - Started process (PID=1815) to work on /home/airflow/.local/lib/python3.8/site-packages/airflow/example_dags/example_branch_operator_decorator.py
[2024-03-26T06:26:46.803+0000] {processor.py:829} INFO - Processing file /home/airflow/.local/lib/python3.8/site-packages/airflow/example_dags/example_branch_operator_decorator.py for tasks to queue
[2024-03-26T06:26:46.807+0000] {logging_mixin.py:151} INFO - [2024-03-26T06:26:46.807+0000] {dagbag.py:539} INFO - Filling up the DagBag from /home/airflow/.local/lib/python3.8/site-packages/airflow/example_dags/example_branch_operator_decorator.py
[2024-03-26T06:26:46.822+0000] {processor.py:839} INFO - DAG(s) dict_keys(['example_branch_python_operator_decorator']) retrieved from /home/airflow/.local/lib/python3.8/site-packages/airflow/example_dags/example_branch_operator_decorator.py
[2024-03-26T06:26:46.851+0000] {logging_mixin.py:151} INFO - [2024-03-26T06:26:46.850+0000] {dag.py:2915} INFO - Sync 1 DAGs
[2024-03-26T06:26:46.880+0000] {logging_mixin.py:151} INFO - [2024-03-26T06:26:46.879+0000] {dag.py:3696} INFO - Setting next_dagrun for example_branch_python_operator_decorator to 2024-03-25T00:00:00+00:00, run_after=2024-03-26T00:00:00+00:00
[2024-03-26T06:26:46.901+0000] {processor.py:179} INFO - Processing /home/airflow/.local/lib/python3.8/site-packages/airflow/example_dags/example_branch_operator_decorator.py took 0.105 seconds
[2024-03-26T06:27:17.216+0000] {processor.py:157} INFO - Started process (PID=1869) to work on /home/airflow/.local/lib/python3.8/site-packages/airflow/example_dags/example_branch_operator_decorator.py
[2024-03-26T06:27:17.217+0000] {processor.py:829} INFO - Processing file /home/airflow/.local/lib/python3.8/site-packages/airflow/example_dags/example_branch_operator_decorator.py for tasks to queue
[2024-03-26T06:27:17.220+0000] {logging_mixin.py:151} INFO - [2024-03-26T06:27:17.220+0000] {dagbag.py:539} INFO - Filling up the DagBag from /home/airflow/.local/lib/python3.8/site-packages/airflow/example_dags/example_branch_operator_decorator.py
[2024-03-26T06:27:17.234+0000] {processor.py:839} INFO - DAG(s) dict_keys(['example_branch_python_operator_decorator']) retrieved from /home/airflow/.local/lib/python3.8/site-packages/airflow/example_dags/example_branch_operator_decorator.py
[2024-03-26T06:27:17.260+0000] {logging_mixin.py:151} INFO - [2024-03-26T06:27:17.260+0000] {dag.py:2915} INFO - Sync 1 DAGs
[2024-03-26T06:27:17.294+0000] {logging_mixin.py:151} INFO - [2024-03-26T06:27:17.294+0000] {dag.py:3696} INFO - Setting next_dagrun for example_branch_python_operator_decorator to 2024-03-25T00:00:00+00:00, run_after=2024-03-26T00:00:00+00:00
[2024-03-26T06:27:17.328+0000] {processor.py:179} INFO - Processing /home/airflow/.local/lib/python3.8/site-packages/airflow/example_dags/example_branch_operator_decorator.py took 0.116 seconds
[2024-03-26T06:27:47.849+0000] {processor.py:157} INFO - Started process (PID=1923) to work on /home/airflow/.local/lib/python3.8/site-packages/airflow/example_dags/example_branch_operator_decorator.py
[2024-03-26T06:27:47.851+0000] {processor.py:829} INFO - Processing file /home/airflow/.local/lib/python3.8/site-packages/airflow/example_dags/example_branch_operator_decorator.py for tasks to queue
[2024-03-26T06:27:47.855+0000] {logging_mixin.py:151} INFO - [2024-03-26T06:27:47.854+0000] {dagbag.py:539} INFO - Filling up the DagBag from /home/airflow/.local/lib/python3.8/site-packages/airflow/example_dags/example_branch_operator_decorator.py
[2024-03-26T06:27:47.871+0000] {processor.py:839} INFO - DAG(s) dict_keys(['example_branch_python_operator_decorator']) retrieved from /home/airflow/.local/lib/python3.8/site-packages/airflow/example_dags/example_branch_operator_decorator.py
[2024-03-26T06:27:47.912+0000] {logging_mixin.py:151} INFO - [2024-03-26T06:27:47.911+0000] {dag.py:2915} INFO - Sync 1 DAGs
[2024-03-26T06:27:47.982+0000] {logging_mixin.py:151} INFO - [2024-03-26T06:27:47.982+0000] {dag.py:3696} INFO - Setting next_dagrun for example_branch_python_operator_decorator to 2024-03-25T00:00:00+00:00, run_after=2024-03-26T00:00:00+00:00
[2024-03-26T06:27:48.035+0000] {processor.py:179} INFO - Processing /home/airflow/.local/lib/python3.8/site-packages/airflow/example_dags/example_branch_operator_decorator.py took 0.192 seconds
[2024-03-26T06:28:18.431+0000] {processor.py:157} INFO - Started process (PID=1977) to work on /home/airflow/.local/lib/python3.8/site-packages/airflow/example_dags/example_branch_operator_decorator.py
[2024-03-26T06:28:18.433+0000] {processor.py:829} INFO - Processing file /home/airflow/.local/lib/python3.8/site-packages/airflow/example_dags/example_branch_operator_decorator.py for tasks to queue
[2024-03-26T06:28:18.436+0000] {logging_mixin.py:151} INFO - [2024-03-26T06:28:18.436+0000] {dagbag.py:539} INFO - Filling up the DagBag from /home/airflow/.local/lib/python3.8/site-packages/airflow/example_dags/example_branch_operator_decorator.py
[2024-03-26T06:28:18.449+0000] {processor.py:839} INFO - DAG(s) dict_keys(['example_branch_python_operator_decorator']) retrieved from /home/airflow/.local/lib/python3.8/site-packages/airflow/example_dags/example_branch_operator_decorator.py
[2024-03-26T06:28:18.480+0000] {logging_mixin.py:151} INFO - [2024-03-26T06:28:18.479+0000] {dag.py:2915} INFO - Sync 1 DAGs
[2024-03-26T06:28:18.514+0000] {logging_mixin.py:151} INFO - [2024-03-26T06:28:18.514+0000] {dag.py:3696} INFO - Setting next_dagrun for example_branch_python_operator_decorator to 2024-03-25T00:00:00+00:00, run_after=2024-03-26T00:00:00+00:00
[2024-03-26T06:28:18.551+0000] {processor.py:179} INFO - Processing /home/airflow/.local/lib/python3.8/site-packages/airflow/example_dags/example_branch_operator_decorator.py took 0.125 seconds
[2024-03-26T06:28:48.769+0000] {processor.py:157} INFO - Started process (PID=2031) to work on /home/airflow/.local/lib/python3.8/site-packages/airflow/example_dags/example_branch_operator_decorator.py
[2024-03-26T06:28:48.771+0000] {processor.py:829} INFO - Processing file /home/airflow/.local/lib/python3.8/site-packages/airflow/example_dags/example_branch_operator_decorator.py for tasks to queue
[2024-03-26T06:28:48.775+0000] {logging_mixin.py:151} INFO - [2024-03-26T06:28:48.774+0000] {dagbag.py:539} INFO - Filling up the DagBag from /home/airflow/.local/lib/python3.8/site-packages/airflow/example_dags/example_branch_operator_decorator.py
[2024-03-26T06:28:48.792+0000] {processor.py:839} INFO - DAG(s) dict_keys(['example_branch_python_operator_decorator']) retrieved from /home/airflow/.local/lib/python3.8/site-packages/airflow/example_dags/example_branch_operator_decorator.py
[2024-03-26T06:28:48.828+0000] {logging_mixin.py:151} INFO - [2024-03-26T06:28:48.827+0000] {dag.py:2915} INFO - Sync 1 DAGs
[2024-03-26T06:28:48.863+0000] {logging_mixin.py:151} INFO - [2024-03-26T06:28:48.863+0000] {dag.py:3696} INFO - Setting next_dagrun for example_branch_python_operator_decorator to 2024-03-25T00:00:00+00:00, run_after=2024-03-26T00:00:00+00:00
[2024-03-26T06:28:48.901+0000] {processor.py:179} INFO - Processing /home/airflow/.local/lib/python3.8/site-packages/airflow/example_dags/example_branch_operator_decorator.py took 0.136 seconds
[2024-03-26T06:29:19.050+0000] {processor.py:157} INFO - Started process (PID=2085) to work on /home/airflow/.local/lib/python3.8/site-packages/airflow/example_dags/example_branch_operator_decorator.py
[2024-03-26T06:29:19.052+0000] {processor.py:829} INFO - Processing file /home/airflow/.local/lib/python3.8/site-packages/airflow/example_dags/example_branch_operator_decorator.py for tasks to queue
[2024-03-26T06:29:19.055+0000] {logging_mixin.py:151} INFO - [2024-03-26T06:29:19.054+0000] {dagbag.py:539} INFO - Filling up the DagBag from /home/airflow/.local/lib/python3.8/site-packages/airflow/example_dags/example_branch_operator_decorator.py
[2024-03-26T06:29:19.066+0000] {processor.py:839} INFO - DAG(s) dict_keys(['example_branch_python_operator_decorator']) retrieved from /home/airflow/.local/lib/python3.8/site-packages/airflow/example_dags/example_branch_operator_decorator.py
[2024-03-26T06:29:19.095+0000] {logging_mixin.py:151} INFO - [2024-03-26T06:29:19.095+0000] {dag.py:2915} INFO - Sync 1 DAGs
[2024-03-26T06:29:19.122+0000] {logging_mixin.py:151} INFO - [2024-03-26T06:29:19.122+0000] {dag.py:3696} INFO - Setting next_dagrun for example_branch_python_operator_decorator to 2024-03-25T00:00:00+00:00, run_after=2024-03-26T00:00:00+00:00
[2024-03-26T06:29:19.143+0000] {processor.py:179} INFO - Processing /home/airflow/.local/lib/python3.8/site-packages/airflow/example_dags/example_branch_operator_decorator.py took 0.097 seconds
[2024-03-26T06:29:50.205+0000] {processor.py:157} INFO - Started process (PID=2139) to work on /home/airflow/.local/lib/python3.8/site-packages/airflow/example_dags/example_branch_operator_decorator.py
[2024-03-26T06:29:50.207+0000] {processor.py:829} INFO - Processing file /home/airflow/.local/lib/python3.8/site-packages/airflow/example_dags/example_branch_operator_decorator.py for tasks to queue
[2024-03-26T06:29:50.211+0000] {logging_mixin.py:151} INFO - [2024-03-26T06:29:50.210+0000] {dagbag.py:539} INFO - Filling up the DagBag from /home/airflow/.local/lib/python3.8/site-packages/airflow/example_dags/example_branch_operator_decorator.py
[2024-03-26T06:29:50.227+0000] {processor.py:839} INFO - DAG(s) dict_keys(['example_branch_python_operator_decorator']) retrieved from /home/airflow/.local/lib/python3.8/site-packages/airflow/example_dags/example_branch_operator_decorator.py
[2024-03-26T06:29:50.257+0000] {logging_mixin.py:151} INFO - [2024-03-26T06:29:50.256+0000] {dag.py:2915} INFO - Sync 1 DAGs
[2024-03-26T06:29:50.286+0000] {logging_mixin.py:151} INFO - [2024-03-26T06:29:50.286+0000] {dag.py:3696} INFO - Setting next_dagrun for example_branch_python_operator_decorator to 2024-03-25T00:00:00+00:00, run_after=2024-03-26T00:00:00+00:00
[2024-03-26T06:29:50.311+0000] {processor.py:179} INFO - Processing /home/airflow/.local/lib/python3.8/site-packages/airflow/example_dags/example_branch_operator_decorator.py took 0.111 seconds
[2024-03-26T06:30:20.452+0000] {processor.py:157} INFO - Started process (PID=2193) to work on /home/airflow/.local/lib/python3.8/site-packages/airflow/example_dags/example_branch_operator_decorator.py
[2024-03-26T06:30:20.453+0000] {processor.py:829} INFO - Processing file /home/airflow/.local/lib/python3.8/site-packages/airflow/example_dags/example_branch_operator_decorator.py for tasks to queue
[2024-03-26T06:30:20.456+0000] {logging_mixin.py:151} INFO - [2024-03-26T06:30:20.456+0000] {dagbag.py:539} INFO - Filling up the DagBag from /home/airflow/.local/lib/python3.8/site-packages/airflow/example_dags/example_branch_operator_decorator.py
[2024-03-26T06:30:20.470+0000] {processor.py:839} INFO - DAG(s) dict_keys(['example_branch_python_operator_decorator']) retrieved from /home/airflow/.local/lib/python3.8/site-packages/airflow/example_dags/example_branch_operator_decorator.py
[2024-03-26T06:30:20.500+0000] {logging_mixin.py:151} INFO - [2024-03-26T06:30:20.499+0000] {dag.py:2915} INFO - Sync 1 DAGs
[2024-03-26T06:30:20.534+0000] {logging_mixin.py:151} INFO - [2024-03-26T06:30:20.533+0000] {dag.py:3696} INFO - Setting next_dagrun for example_branch_python_operator_decorator to 2024-03-25T00:00:00+00:00, run_after=2024-03-26T00:00:00+00:00
[2024-03-26T06:30:20.558+0000] {processor.py:179} INFO - Processing /home/airflow/.local/lib/python3.8/site-packages/airflow/example_dags/example_branch_operator_decorator.py took 0.110 seconds
[2024-03-26T06:30:50.733+0000] {processor.py:157} INFO - Started process (PID=2247) to work on /home/airflow/.local/lib/python3.8/site-packages/airflow/example_dags/example_branch_operator_decorator.py
[2024-03-26T06:30:50.735+0000] {processor.py:829} INFO - Processing file /home/airflow/.local/lib/python3.8/site-packages/airflow/example_dags/example_branch_operator_decorator.py for tasks to queue
[2024-03-26T06:30:50.737+0000] {logging_mixin.py:151} INFO - [2024-03-26T06:30:50.737+0000] {dagbag.py:539} INFO - Filling up the DagBag from /home/airflow/.local/lib/python3.8/site-packages/airflow/example_dags/example_branch_operator_decorator.py
[2024-03-26T06:30:50.753+0000] {processor.py:839} INFO - DAG(s) dict_keys(['example_branch_python_operator_decorator']) retrieved from /home/airflow/.local/lib/python3.8/site-packages/airflow/example_dags/example_branch_operator_decorator.py
[2024-03-26T06:30:50.782+0000] {logging_mixin.py:151} INFO - [2024-03-26T06:30:50.782+0000] {dag.py:2915} INFO - Sync 1 DAGs
[2024-03-26T06:30:50.812+0000] {logging_mixin.py:151} INFO - [2024-03-26T06:30:50.812+0000] {dag.py:3696} INFO - Setting next_dagrun for example_branch_python_operator_decorator to 2024-03-25T00:00:00+00:00, run_after=2024-03-26T00:00:00+00:00
[2024-03-26T06:30:50.834+0000] {processor.py:179} INFO - Processing /home/airflow/.local/lib/python3.8/site-packages/airflow/example_dags/example_branch_operator_decorator.py took 0.105 seconds
[2024-03-26T06:31:20.986+0000] {processor.py:157} INFO - Started process (PID=2301) to work on /home/airflow/.local/lib/python3.8/site-packages/airflow/example_dags/example_branch_operator_decorator.py
[2024-03-26T06:31:20.988+0000] {processor.py:829} INFO - Processing file /home/airflow/.local/lib/python3.8/site-packages/airflow/example_dags/example_branch_operator_decorator.py for tasks to queue
[2024-03-26T06:31:20.992+0000] {logging_mixin.py:151} INFO - [2024-03-26T06:31:20.991+0000] {dagbag.py:539} INFO - Filling up the DagBag from /home/airflow/.local/lib/python3.8/site-packages/airflow/example_dags/example_branch_operator_decorator.py
[2024-03-26T06:31:21.004+0000] {processor.py:839} INFO - DAG(s) dict_keys(['example_branch_python_operator_decorator']) retrieved from /home/airflow/.local/lib/python3.8/site-packages/airflow/example_dags/example_branch_operator_decorator.py
[2024-03-26T06:31:21.032+0000] {logging_mixin.py:151} INFO - [2024-03-26T06:31:21.032+0000] {dag.py:2915} INFO - Sync 1 DAGs
[2024-03-26T06:31:21.061+0000] {logging_mixin.py:151} INFO - [2024-03-26T06:31:21.060+0000] {dag.py:3696} INFO - Setting next_dagrun for example_branch_python_operator_decorator to 2024-03-25T00:00:00+00:00, run_after=2024-03-26T00:00:00+00:00
[2024-03-26T06:31:21.083+0000] {processor.py:179} INFO - Processing /home/airflow/.local/lib/python3.8/site-packages/airflow/example_dags/example_branch_operator_decorator.py took 0.100 seconds
[2024-03-26T06:31:51.268+0000] {processor.py:157} INFO - Started process (PID=2355) to work on /home/airflow/.local/lib/python3.8/site-packages/airflow/example_dags/example_branch_operator_decorator.py
[2024-03-26T06:31:51.269+0000] {processor.py:829} INFO - Processing file /home/airflow/.local/lib/python3.8/site-packages/airflow/example_dags/example_branch_operator_decorator.py for tasks to queue
[2024-03-26T06:31:51.272+0000] {logging_mixin.py:151} INFO - [2024-03-26T06:31:51.271+0000] {dagbag.py:539} INFO - Filling up the DagBag from /home/airflow/.local/lib/python3.8/site-packages/airflow/example_dags/example_branch_operator_decorator.py
[2024-03-26T06:31:51.286+0000] {processor.py:839} INFO - DAG(s) dict_keys(['example_branch_python_operator_decorator']) retrieved from /home/airflow/.local/lib/python3.8/site-packages/airflow/example_dags/example_branch_operator_decorator.py
[2024-03-26T06:31:51.313+0000] {logging_mixin.py:151} INFO - [2024-03-26T06:31:51.313+0000] {dag.py:2915} INFO - Sync 1 DAGs
[2024-03-26T06:31:51.342+0000] {logging_mixin.py:151} INFO - [2024-03-26T06:31:51.342+0000] {dag.py:3696} INFO - Setting next_dagrun for example_branch_python_operator_decorator to 2024-03-25T00:00:00+00:00, run_after=2024-03-26T00:00:00+00:00
[2024-03-26T06:31:51.365+0000] {processor.py:179} INFO - Processing /home/airflow/.local/lib/python3.8/site-packages/airflow/example_dags/example_branch_operator_decorator.py took 0.102 seconds
[2024-03-26T06:32:21.559+0000] {processor.py:157} INFO - Started process (PID=2409) to work on /home/airflow/.local/lib/python3.8/site-packages/airflow/example_dags/example_branch_operator_decorator.py
[2024-03-26T06:32:21.560+0000] {processor.py:829} INFO - Processing file /home/airflow/.local/lib/python3.8/site-packages/airflow/example_dags/example_branch_operator_decorator.py for tasks to queue
[2024-03-26T06:32:21.563+0000] {logging_mixin.py:151} INFO - [2024-03-26T06:32:21.563+0000] {dagbag.py:539} INFO - Filling up the DagBag from /home/airflow/.local/lib/python3.8/site-packages/airflow/example_dags/example_branch_operator_decorator.py
[2024-03-26T06:32:21.576+0000] {processor.py:839} INFO - DAG(s) dict_keys(['example_branch_python_operator_decorator']) retrieved from /home/airflow/.local/lib/python3.8/site-packages/airflow/example_dags/example_branch_operator_decorator.py
[2024-03-26T06:32:21.606+0000] {logging_mixin.py:151} INFO - [2024-03-26T06:32:21.605+0000] {dag.py:2915} INFO - Sync 1 DAGs
[2024-03-26T06:32:21.639+0000] {logging_mixin.py:151} INFO - [2024-03-26T06:32:21.638+0000] {dag.py:3696} INFO - Setting next_dagrun for example_branch_python_operator_decorator to 2024-03-25T00:00:00+00:00, run_after=2024-03-26T00:00:00+00:00
[2024-03-26T06:32:21.661+0000] {processor.py:179} INFO - Processing /home/airflow/.local/lib/python3.8/site-packages/airflow/example_dags/example_branch_operator_decorator.py took 0.106 seconds
[2024-03-26T06:32:52.066+0000] {processor.py:157} INFO - Started process (PID=2463) to work on /home/airflow/.local/lib/python3.8/site-packages/airflow/example_dags/example_branch_operator_decorator.py
[2024-03-26T06:32:52.068+0000] {processor.py:829} INFO - Processing file /home/airflow/.local/lib/python3.8/site-packages/airflow/example_dags/example_branch_operator_decorator.py for tasks to queue
[2024-03-26T06:32:52.070+0000] {logging_mixin.py:151} INFO - [2024-03-26T06:32:52.070+0000] {dagbag.py:539} INFO - Filling up the DagBag from /home/airflow/.local/lib/python3.8/site-packages/airflow/example_dags/example_branch_operator_decorator.py
[2024-03-26T06:32:52.082+0000] {processor.py:839} INFO - DAG(s) dict_keys(['example_branch_python_operator_decorator']) retrieved from /home/airflow/.local/lib/python3.8/site-packages/airflow/example_dags/example_branch_operator_decorator.py
[2024-03-26T06:32:52.108+0000] {logging_mixin.py:151} INFO - [2024-03-26T06:32:52.108+0000] {dag.py:2915} INFO - Sync 1 DAGs
[2024-03-26T06:32:52.136+0000] {logging_mixin.py:151} INFO - [2024-03-26T06:32:52.136+0000] {dag.py:3696} INFO - Setting next_dagrun for example_branch_python_operator_decorator to 2024-03-25T00:00:00+00:00, run_after=2024-03-26T00:00:00+00:00
[2024-03-26T06:32:52.162+0000] {processor.py:179} INFO - Processing /home/airflow/.local/lib/python3.8/site-packages/airflow/example_dags/example_branch_operator_decorator.py took 0.099 seconds
[2024-03-26T06:33:22.435+0000] {processor.py:157} INFO - Started process (PID=2517) to work on /home/airflow/.local/lib/python3.8/site-packages/airflow/example_dags/example_branch_operator_decorator.py
[2024-03-26T06:33:22.437+0000] {processor.py:829} INFO - Processing file /home/airflow/.local/lib/python3.8/site-packages/airflow/example_dags/example_branch_operator_decorator.py for tasks to queue
[2024-03-26T06:33:22.440+0000] {logging_mixin.py:151} INFO - [2024-03-26T06:33:22.440+0000] {dagbag.py:539} INFO - Filling up the DagBag from /home/airflow/.local/lib/python3.8/site-packages/airflow/example_dags/example_branch_operator_decorator.py
[2024-03-26T06:33:22.457+0000] {processor.py:839} INFO - DAG(s) dict_keys(['example_branch_python_operator_decorator']) retrieved from /home/airflow/.local/lib/python3.8/site-packages/airflow/example_dags/example_branch_operator_decorator.py
[2024-03-26T06:33:22.490+0000] {logging_mixin.py:151} INFO - [2024-03-26T06:33:22.490+0000] {dag.py:2915} INFO - Sync 1 DAGs
[2024-03-26T06:33:22.525+0000] {logging_mixin.py:151} INFO - [2024-03-26T06:33:22.525+0000] {dag.py:3696} INFO - Setting next_dagrun for example_branch_python_operator_decorator to 2024-03-25T00:00:00+00:00, run_after=2024-03-26T00:00:00+00:00
[2024-03-26T06:33:22.554+0000] {processor.py:179} INFO - Processing /home/airflow/.local/lib/python3.8/site-packages/airflow/example_dags/example_branch_operator_decorator.py took 0.123 seconds
[2024-03-26T06:33:53.285+0000] {processor.py:157} INFO - Started process (PID=2571) to work on /home/airflow/.local/lib/python3.8/site-packages/airflow/example_dags/example_branch_operator_decorator.py
[2024-03-26T06:33:53.287+0000] {processor.py:829} INFO - Processing file /home/airflow/.local/lib/python3.8/site-packages/airflow/example_dags/example_branch_operator_decorator.py for tasks to queue
[2024-03-26T06:33:53.292+0000] {logging_mixin.py:151} INFO - [2024-03-26T06:33:53.291+0000] {dagbag.py:539} INFO - Filling up the DagBag from /home/airflow/.local/lib/python3.8/site-packages/airflow/example_dags/example_branch_operator_decorator.py
[2024-03-26T06:33:53.324+0000] {processor.py:839} INFO - DAG(s) dict_keys(['example_branch_python_operator_decorator']) retrieved from /home/airflow/.local/lib/python3.8/site-packages/airflow/example_dags/example_branch_operator_decorator.py
[2024-03-26T06:33:53.363+0000] {logging_mixin.py:151} INFO - [2024-03-26T06:33:53.362+0000] {dag.py:2915} INFO - Sync 1 DAGs
[2024-03-26T06:33:53.400+0000] {logging_mixin.py:151} INFO - [2024-03-26T06:33:53.400+0000] {dag.py:3696} INFO - Setting next_dagrun for example_branch_python_operator_decorator to 2024-03-25T00:00:00+00:00, run_after=2024-03-26T00:00:00+00:00
[2024-03-26T06:33:53.430+0000] {processor.py:179} INFO - Processing /home/airflow/.local/lib/python3.8/site-packages/airflow/example_dags/example_branch_operator_decorator.py took 0.150 seconds
