[2024-03-26T06:04:00.909+0000] {processor.py:157} INFO - Started process (PID=50) to work on /home/airflow/.local/lib/python3.8/site-packages/airflow/example_dags/example_sla_dag.py
[2024-03-26T06:04:00.911+0000] {processor.py:829} INFO - Processing file /home/airflow/.local/lib/python3.8/site-packages/airflow/example_dags/example_sla_dag.py for tasks to queue
[2024-03-26T06:04:00.918+0000] {logging_mixin.py:151} INFO - [2024-03-26T06:04:00.918+0000] {dagbag.py:539} INFO - Filling up the DagBag from /home/airflow/.local/lib/python3.8/site-packages/airflow/example_dags/example_sla_dag.py
[2024-03-26T06:04:00.949+0000] {processor.py:839} INFO - DAG(s) dict_keys(['example_sla_dag']) retrieved from /home/airflow/.local/lib/python3.8/site-packages/airflow/example_dags/example_sla_dag.py
[2024-03-26T06:04:01.259+0000] {logging_mixin.py:151} INFO - [2024-03-26T06:04:01.258+0000] {manager.py:499} INFO - Created Permission View: %s
[2024-03-26T06:04:01.296+0000] {logging_mixin.py:151} INFO - [2024-03-26T06:04:01.296+0000] {manager.py:499} INFO - Created Permission View: %s
[2024-03-26T06:04:01.329+0000] {logging_mixin.py:151} INFO - [2024-03-26T06:04:01.328+0000] {manager.py:499} INFO - Created Permission View: %s
[2024-03-26T06:04:01.330+0000] {logging_mixin.py:151} INFO - [2024-03-26T06:04:01.330+0000] {security.py:708} INFO - Not syncing DAG-level permissions for DAG 'DAG:example_sla_dag' as access control is unset.
[2024-03-26T06:04:01.331+0000] {logging_mixin.py:151} INFO - [2024-03-26T06:04:01.331+0000] {dag.py:2915} INFO - Sync 1 DAGs
[2024-03-26T06:04:01.368+0000] {logging_mixin.py:151} INFO - [2024-03-26T06:04:01.368+0000] {dag.py:2937} INFO - Creating ORM DAG for example_sla_dag
[2024-03-26T06:04:01.424+0000] {logging_mixin.py:151} INFO - [2024-03-26T06:04:01.422+0000] {dag.py:3696} INFO - Setting next_dagrun for example_sla_dag to 2024-03-26T06:02:00+00:00, run_after=2024-03-26T06:04:00+00:00
[2024-03-26T06:04:01.504+0000] {processor.py:179} INFO - Processing /home/airflow/.local/lib/python3.8/site-packages/airflow/example_dags/example_sla_dag.py took 0.599 seconds
[2024-03-26T06:04:33.266+0000] {processor.py:157} INFO - Started process (PID=104) to work on /home/airflow/.local/lib/python3.8/site-packages/airflow/example_dags/example_sla_dag.py
[2024-03-26T06:04:33.268+0000] {processor.py:829} INFO - Processing file /home/airflow/.local/lib/python3.8/site-packages/airflow/example_dags/example_sla_dag.py for tasks to queue
[2024-03-26T06:04:33.272+0000] {logging_mixin.py:151} INFO - [2024-03-26T06:04:33.272+0000] {dagbag.py:539} INFO - Filling up the DagBag from /home/airflow/.local/lib/python3.8/site-packages/airflow/example_dags/example_sla_dag.py
[2024-03-26T06:04:33.289+0000] {processor.py:839} INFO - DAG(s) dict_keys(['example_sla_dag']) retrieved from /home/airflow/.local/lib/python3.8/site-packages/airflow/example_dags/example_sla_dag.py
[2024-03-26T06:04:33.334+0000] {logging_mixin.py:151} INFO - [2024-03-26T06:04:33.334+0000] {dag.py:2915} INFO - Sync 1 DAGs
[2024-03-26T06:04:33.386+0000] {logging_mixin.py:151} INFO - [2024-03-26T06:04:33.385+0000] {dag.py:3696} INFO - Setting next_dagrun for example_sla_dag to 2024-03-26T06:02:00+00:00, run_after=2024-03-26T06:04:00+00:00
[2024-03-26T06:04:33.432+0000] {processor.py:179} INFO - Processing /home/airflow/.local/lib/python3.8/site-packages/airflow/example_dags/example_sla_dag.py took 0.173 seconds
[2024-03-26T06:05:03.561+0000] {processor.py:157} INFO - Started process (PID=158) to work on /home/airflow/.local/lib/python3.8/site-packages/airflow/example_dags/example_sla_dag.py
[2024-03-26T06:05:03.564+0000] {processor.py:829} INFO - Processing file /home/airflow/.local/lib/python3.8/site-packages/airflow/example_dags/example_sla_dag.py for tasks to queue
[2024-03-26T06:05:03.567+0000] {logging_mixin.py:151} INFO - [2024-03-26T06:05:03.566+0000] {dagbag.py:539} INFO - Filling up the DagBag from /home/airflow/.local/lib/python3.8/site-packages/airflow/example_dags/example_sla_dag.py
[2024-03-26T06:05:03.584+0000] {processor.py:839} INFO - DAG(s) dict_keys(['example_sla_dag']) retrieved from /home/airflow/.local/lib/python3.8/site-packages/airflow/example_dags/example_sla_dag.py
[2024-03-26T06:05:03.625+0000] {logging_mixin.py:151} INFO - [2024-03-26T06:05:03.624+0000] {dag.py:2915} INFO - Sync 1 DAGs
[2024-03-26T06:05:03.663+0000] {logging_mixin.py:151} INFO - [2024-03-26T06:05:03.663+0000] {dag.py:3696} INFO - Setting next_dagrun for example_sla_dag to 2024-03-26T06:02:00+00:00, run_after=2024-03-26T06:04:00+00:00
[2024-03-26T06:05:03.697+0000] {processor.py:179} INFO - Processing /home/airflow/.local/lib/python3.8/site-packages/airflow/example_dags/example_sla_dag.py took 0.140 seconds
[2024-03-26T06:05:34.363+0000] {processor.py:157} INFO - Started process (PID=212) to work on /home/airflow/.local/lib/python3.8/site-packages/airflow/example_dags/example_sla_dag.py
[2024-03-26T06:05:34.472+0000] {processor.py:829} INFO - Processing file /home/airflow/.local/lib/python3.8/site-packages/airflow/example_dags/example_sla_dag.py for tasks to queue
[2024-03-26T06:05:34.476+0000] {logging_mixin.py:151} INFO - [2024-03-26T06:05:34.475+0000] {dagbag.py:539} INFO - Filling up the DagBag from /home/airflow/.local/lib/python3.8/site-packages/airflow/example_dags/example_sla_dag.py
[2024-03-26T06:05:34.521+0000] {processor.py:839} INFO - DAG(s) dict_keys(['example_sla_dag']) retrieved from /home/airflow/.local/lib/python3.8/site-packages/airflow/example_dags/example_sla_dag.py
[2024-03-26T06:05:34.546+0000] {logging_mixin.py:151} INFO - [2024-03-26T06:05:34.545+0000] {dag.py:2915} INFO - Sync 1 DAGs
[2024-03-26T06:05:34.593+0000] {logging_mixin.py:151} INFO - [2024-03-26T06:05:34.593+0000] {dag.py:3696} INFO - Setting next_dagrun for example_sla_dag to 2024-03-26T06:02:00+00:00, run_after=2024-03-26T06:04:00+00:00
[2024-03-26T06:05:34.632+0000] {processor.py:179} INFO - Processing /home/airflow/.local/lib/python3.8/site-packages/airflow/example_dags/example_sla_dag.py took 0.274 seconds
[2024-03-26T06:06:05.031+0000] {processor.py:157} INFO - Started process (PID=266) to work on /home/airflow/.local/lib/python3.8/site-packages/airflow/example_dags/example_sla_dag.py
[2024-03-26T06:06:05.033+0000] {processor.py:829} INFO - Processing file /home/airflow/.local/lib/python3.8/site-packages/airflow/example_dags/example_sla_dag.py for tasks to queue
[2024-03-26T06:06:05.047+0000] {logging_mixin.py:151} INFO - [2024-03-26T06:06:05.047+0000] {dagbag.py:539} INFO - Filling up the DagBag from /home/airflow/.local/lib/python3.8/site-packages/airflow/example_dags/example_sla_dag.py
[2024-03-26T06:06:05.074+0000] {processor.py:839} INFO - DAG(s) dict_keys(['example_sla_dag']) retrieved from /home/airflow/.local/lib/python3.8/site-packages/airflow/example_dags/example_sla_dag.py
[2024-03-26T06:06:05.145+0000] {logging_mixin.py:151} INFO - [2024-03-26T06:06:05.144+0000] {dag.py:2915} INFO - Sync 1 DAGs
[2024-03-26T06:06:05.211+0000] {logging_mixin.py:151} INFO - [2024-03-26T06:06:05.210+0000] {dag.py:3696} INFO - Setting next_dagrun for example_sla_dag to 2024-03-26T06:04:00+00:00, run_after=2024-03-26T06:06:00+00:00
[2024-03-26T06:06:05.278+0000] {processor.py:179} INFO - Processing /home/airflow/.local/lib/python3.8/site-packages/airflow/example_dags/example_sla_dag.py took 0.253 seconds
[2024-03-26T06:06:37.980+0000] {processor.py:157} INFO - Started process (PID=320) to work on /home/airflow/.local/lib/python3.8/site-packages/airflow/example_dags/example_sla_dag.py
[2024-03-26T06:06:37.987+0000] {processor.py:829} INFO - Processing file /home/airflow/.local/lib/python3.8/site-packages/airflow/example_dags/example_sla_dag.py for tasks to queue
[2024-03-26T06:06:37.992+0000] {logging_mixin.py:151} INFO - [2024-03-26T06:06:37.991+0000] {dagbag.py:539} INFO - Filling up the DagBag from /home/airflow/.local/lib/python3.8/site-packages/airflow/example_dags/example_sla_dag.py
[2024-03-26T06:06:38.028+0000] {processor.py:839} INFO - DAG(s) dict_keys(['example_sla_dag']) retrieved from /home/airflow/.local/lib/python3.8/site-packages/airflow/example_dags/example_sla_dag.py
[2024-03-26T06:06:38.182+0000] {logging_mixin.py:151} INFO - [2024-03-26T06:06:38.182+0000] {dag.py:2915} INFO - Sync 1 DAGs
[2024-03-26T06:06:38.271+0000] {logging_mixin.py:151} INFO - [2024-03-26T06:06:38.271+0000] {dag.py:3696} INFO - Setting next_dagrun for example_sla_dag to 2024-03-26T06:04:00+00:00, run_after=2024-03-26T06:06:00+00:00
[2024-03-26T06:06:38.341+0000] {processor.py:179} INFO - Processing /home/airflow/.local/lib/python3.8/site-packages/airflow/example_dags/example_sla_dag.py took 0.369 seconds
[2024-03-26T06:07:08.573+0000] {processor.py:157} INFO - Started process (PID=374) to work on /home/airflow/.local/lib/python3.8/site-packages/airflow/example_dags/example_sla_dag.py
[2024-03-26T06:07:08.576+0000] {processor.py:829} INFO - Processing file /home/airflow/.local/lib/python3.8/site-packages/airflow/example_dags/example_sla_dag.py for tasks to queue
[2024-03-26T06:07:08.579+0000] {logging_mixin.py:151} INFO - [2024-03-26T06:07:08.579+0000] {dagbag.py:539} INFO - Filling up the DagBag from /home/airflow/.local/lib/python3.8/site-packages/airflow/example_dags/example_sla_dag.py
[2024-03-26T06:07:08.595+0000] {processor.py:839} INFO - DAG(s) dict_keys(['example_sla_dag']) retrieved from /home/airflow/.local/lib/python3.8/site-packages/airflow/example_dags/example_sla_dag.py
[2024-03-26T06:07:08.626+0000] {logging_mixin.py:151} INFO - [2024-03-26T06:07:08.626+0000] {dag.py:2915} INFO - Sync 1 DAGs
[2024-03-26T06:07:08.668+0000] {logging_mixin.py:151} INFO - [2024-03-26T06:07:08.668+0000] {dag.py:3696} INFO - Setting next_dagrun for example_sla_dag to 2024-03-26T06:04:00+00:00, run_after=2024-03-26T06:06:00+00:00
[2024-03-26T06:07:08.699+0000] {processor.py:179} INFO - Processing /home/airflow/.local/lib/python3.8/site-packages/airflow/example_dags/example_sla_dag.py took 0.132 seconds
[2024-03-26T06:07:39.040+0000] {processor.py:157} INFO - Started process (PID=428) to work on /home/airflow/.local/lib/python3.8/site-packages/airflow/example_dags/example_sla_dag.py
[2024-03-26T06:07:39.042+0000] {processor.py:829} INFO - Processing file /home/airflow/.local/lib/python3.8/site-packages/airflow/example_dags/example_sla_dag.py for tasks to queue
[2024-03-26T06:07:39.045+0000] {logging_mixin.py:151} INFO - [2024-03-26T06:07:39.045+0000] {dagbag.py:539} INFO - Filling up the DagBag from /home/airflow/.local/lib/python3.8/site-packages/airflow/example_dags/example_sla_dag.py
[2024-03-26T06:07:39.059+0000] {processor.py:839} INFO - DAG(s) dict_keys(['example_sla_dag']) retrieved from /home/airflow/.local/lib/python3.8/site-packages/airflow/example_dags/example_sla_dag.py
[2024-03-26T06:07:39.086+0000] {logging_mixin.py:151} INFO - [2024-03-26T06:07:39.086+0000] {dag.py:2915} INFO - Sync 1 DAGs
[2024-03-26T06:07:39.133+0000] {logging_mixin.py:151} INFO - [2024-03-26T06:07:39.132+0000] {dag.py:3696} INFO - Setting next_dagrun for example_sla_dag to 2024-03-26T06:04:00+00:00, run_after=2024-03-26T06:06:00+00:00
[2024-03-26T06:07:39.166+0000] {processor.py:179} INFO - Processing /home/airflow/.local/lib/python3.8/site-packages/airflow/example_dags/example_sla_dag.py took 0.131 seconds
[2024-03-26T06:08:09.876+0000] {processor.py:157} INFO - Started process (PID=482) to work on /home/airflow/.local/lib/python3.8/site-packages/airflow/example_dags/example_sla_dag.py
[2024-03-26T06:08:09.878+0000] {processor.py:829} INFO - Processing file /home/airflow/.local/lib/python3.8/site-packages/airflow/example_dags/example_sla_dag.py for tasks to queue
[2024-03-26T06:08:09.881+0000] {logging_mixin.py:151} INFO - [2024-03-26T06:08:09.881+0000] {dagbag.py:539} INFO - Filling up the DagBag from /home/airflow/.local/lib/python3.8/site-packages/airflow/example_dags/example_sla_dag.py
[2024-03-26T06:08:09.894+0000] {processor.py:839} INFO - DAG(s) dict_keys(['example_sla_dag']) retrieved from /home/airflow/.local/lib/python3.8/site-packages/airflow/example_dags/example_sla_dag.py
[2024-03-26T06:08:09.921+0000] {logging_mixin.py:151} INFO - [2024-03-26T06:08:09.920+0000] {dag.py:2915} INFO - Sync 1 DAGs
[2024-03-26T06:08:09.955+0000] {logging_mixin.py:151} INFO - [2024-03-26T06:08:09.955+0000] {dag.py:3696} INFO - Setting next_dagrun for example_sla_dag to 2024-03-26T06:06:00+00:00, run_after=2024-03-26T06:08:00+00:00
[2024-03-26T06:08:09.987+0000] {processor.py:179} INFO - Processing /home/airflow/.local/lib/python3.8/site-packages/airflow/example_dags/example_sla_dag.py took 0.116 seconds
[2024-03-26T06:08:40.152+0000] {processor.py:157} INFO - Started process (PID=536) to work on /home/airflow/.local/lib/python3.8/site-packages/airflow/example_dags/example_sla_dag.py
[2024-03-26T06:08:40.154+0000] {processor.py:829} INFO - Processing file /home/airflow/.local/lib/python3.8/site-packages/airflow/example_dags/example_sla_dag.py for tasks to queue
[2024-03-26T06:08:40.157+0000] {logging_mixin.py:151} INFO - [2024-03-26T06:08:40.156+0000] {dagbag.py:539} INFO - Filling up the DagBag from /home/airflow/.local/lib/python3.8/site-packages/airflow/example_dags/example_sla_dag.py
[2024-03-26T06:08:40.168+0000] {processor.py:839} INFO - DAG(s) dict_keys(['example_sla_dag']) retrieved from /home/airflow/.local/lib/python3.8/site-packages/airflow/example_dags/example_sla_dag.py
[2024-03-26T06:08:40.192+0000] {logging_mixin.py:151} INFO - [2024-03-26T06:08:40.191+0000] {dag.py:2915} INFO - Sync 1 DAGs
[2024-03-26T06:08:40.225+0000] {logging_mixin.py:151} INFO - [2024-03-26T06:08:40.225+0000] {dag.py:3696} INFO - Setting next_dagrun for example_sla_dag to 2024-03-26T06:06:00+00:00, run_after=2024-03-26T06:08:00+00:00
[2024-03-26T06:08:40.248+0000] {processor.py:179} INFO - Processing /home/airflow/.local/lib/python3.8/site-packages/airflow/example_dags/example_sla_dag.py took 0.099 seconds
[2024-03-26T06:09:10.495+0000] {processor.py:157} INFO - Started process (PID=590) to work on /home/airflow/.local/lib/python3.8/site-packages/airflow/example_dags/example_sla_dag.py
[2024-03-26T06:09:10.496+0000] {processor.py:829} INFO - Processing file /home/airflow/.local/lib/python3.8/site-packages/airflow/example_dags/example_sla_dag.py for tasks to queue
[2024-03-26T06:09:10.499+0000] {logging_mixin.py:151} INFO - [2024-03-26T06:09:10.499+0000] {dagbag.py:539} INFO - Filling up the DagBag from /home/airflow/.local/lib/python3.8/site-packages/airflow/example_dags/example_sla_dag.py
[2024-03-26T06:09:10.509+0000] {processor.py:839} INFO - DAG(s) dict_keys(['example_sla_dag']) retrieved from /home/airflow/.local/lib/python3.8/site-packages/airflow/example_dags/example_sla_dag.py
[2024-03-26T06:09:10.534+0000] {logging_mixin.py:151} INFO - [2024-03-26T06:09:10.534+0000] {dag.py:2915} INFO - Sync 1 DAGs
[2024-03-26T06:09:10.567+0000] {logging_mixin.py:151} INFO - [2024-03-26T06:09:10.566+0000] {dag.py:3696} INFO - Setting next_dagrun for example_sla_dag to 2024-03-26T06:06:00+00:00, run_after=2024-03-26T06:08:00+00:00
[2024-03-26T06:09:10.598+0000] {processor.py:179} INFO - Processing /home/airflow/.local/lib/python3.8/site-packages/airflow/example_dags/example_sla_dag.py took 0.107 seconds
[2024-03-26T06:09:41.074+0000] {processor.py:157} INFO - Started process (PID=644) to work on /home/airflow/.local/lib/python3.8/site-packages/airflow/example_dags/example_sla_dag.py
[2024-03-26T06:09:41.075+0000] {processor.py:829} INFO - Processing file /home/airflow/.local/lib/python3.8/site-packages/airflow/example_dags/example_sla_dag.py for tasks to queue
[2024-03-26T06:09:41.079+0000] {logging_mixin.py:151} INFO - [2024-03-26T06:09:41.078+0000] {dagbag.py:539} INFO - Filling up the DagBag from /home/airflow/.local/lib/python3.8/site-packages/airflow/example_dags/example_sla_dag.py
[2024-03-26T06:09:41.089+0000] {processor.py:839} INFO - DAG(s) dict_keys(['example_sla_dag']) retrieved from /home/airflow/.local/lib/python3.8/site-packages/airflow/example_dags/example_sla_dag.py
[2024-03-26T06:09:41.112+0000] {logging_mixin.py:151} INFO - [2024-03-26T06:09:41.112+0000] {dag.py:2915} INFO - Sync 1 DAGs
[2024-03-26T06:09:41.143+0000] {logging_mixin.py:151} INFO - [2024-03-26T06:09:41.143+0000] {dag.py:3696} INFO - Setting next_dagrun for example_sla_dag to 2024-03-26T06:06:00+00:00, run_after=2024-03-26T06:08:00+00:00
[2024-03-26T06:09:41.177+0000] {processor.py:179} INFO - Processing /home/airflow/.local/lib/python3.8/site-packages/airflow/example_dags/example_sla_dag.py took 0.107 seconds
[2024-03-26T06:10:12.640+0000] {processor.py:157} INFO - Started process (PID=698) to work on /home/airflow/.local/lib/python3.8/site-packages/airflow/example_dags/example_sla_dag.py
[2024-03-26T06:10:12.642+0000] {processor.py:829} INFO - Processing file /home/airflow/.local/lib/python3.8/site-packages/airflow/example_dags/example_sla_dag.py for tasks to queue
[2024-03-26T06:10:12.646+0000] {logging_mixin.py:151} INFO - [2024-03-26T06:10:12.645+0000] {dagbag.py:539} INFO - Filling up the DagBag from /home/airflow/.local/lib/python3.8/site-packages/airflow/example_dags/example_sla_dag.py
[2024-03-26T06:10:12.656+0000] {processor.py:839} INFO - DAG(s) dict_keys(['example_sla_dag']) retrieved from /home/airflow/.local/lib/python3.8/site-packages/airflow/example_dags/example_sla_dag.py
[2024-03-26T06:10:12.682+0000] {logging_mixin.py:151} INFO - [2024-03-26T06:10:12.682+0000] {dag.py:2915} INFO - Sync 1 DAGs
[2024-03-26T06:10:12.714+0000] {logging_mixin.py:151} INFO - [2024-03-26T06:10:12.714+0000] {dag.py:3696} INFO - Setting next_dagrun for example_sla_dag to 2024-03-26T06:08:00+00:00, run_after=2024-03-26T06:10:00+00:00
[2024-03-26T06:10:12.737+0000] {processor.py:179} INFO - Processing /home/airflow/.local/lib/python3.8/site-packages/airflow/example_dags/example_sla_dag.py took 0.102 seconds
[2024-03-26T06:10:43.290+0000] {processor.py:157} INFO - Started process (PID=752) to work on /home/airflow/.local/lib/python3.8/site-packages/airflow/example_dags/example_sla_dag.py
[2024-03-26T06:10:43.292+0000] {processor.py:829} INFO - Processing file /home/airflow/.local/lib/python3.8/site-packages/airflow/example_dags/example_sla_dag.py for tasks to queue
[2024-03-26T06:10:43.295+0000] {logging_mixin.py:151} INFO - [2024-03-26T06:10:43.295+0000] {dagbag.py:539} INFO - Filling up the DagBag from /home/airflow/.local/lib/python3.8/site-packages/airflow/example_dags/example_sla_dag.py
[2024-03-26T06:10:43.304+0000] {processor.py:839} INFO - DAG(s) dict_keys(['example_sla_dag']) retrieved from /home/airflow/.local/lib/python3.8/site-packages/airflow/example_dags/example_sla_dag.py
[2024-03-26T06:10:43.326+0000] {logging_mixin.py:151} INFO - [2024-03-26T06:10:43.326+0000] {dag.py:2915} INFO - Sync 1 DAGs
[2024-03-26T06:10:43.357+0000] {logging_mixin.py:151} INFO - [2024-03-26T06:10:43.356+0000] {dag.py:3696} INFO - Setting next_dagrun for example_sla_dag to 2024-03-26T06:08:00+00:00, run_after=2024-03-26T06:10:00+00:00
[2024-03-26T06:10:43.383+0000] {processor.py:179} INFO - Processing /home/airflow/.local/lib/python3.8/site-packages/airflow/example_dags/example_sla_dag.py took 0.098 seconds
[2024-03-26T06:11:13.914+0000] {processor.py:157} INFO - Started process (PID=806) to work on /home/airflow/.local/lib/python3.8/site-packages/airflow/example_dags/example_sla_dag.py
[2024-03-26T06:11:13.916+0000] {processor.py:829} INFO - Processing file /home/airflow/.local/lib/python3.8/site-packages/airflow/example_dags/example_sla_dag.py for tasks to queue
[2024-03-26T06:11:13.918+0000] {logging_mixin.py:151} INFO - [2024-03-26T06:11:13.918+0000] {dagbag.py:539} INFO - Filling up the DagBag from /home/airflow/.local/lib/python3.8/site-packages/airflow/example_dags/example_sla_dag.py
[2024-03-26T06:11:13.929+0000] {processor.py:839} INFO - DAG(s) dict_keys(['example_sla_dag']) retrieved from /home/airflow/.local/lib/python3.8/site-packages/airflow/example_dags/example_sla_dag.py
[2024-03-26T06:11:13.953+0000] {logging_mixin.py:151} INFO - [2024-03-26T06:11:13.952+0000] {dag.py:2915} INFO - Sync 1 DAGs
[2024-03-26T06:11:13.981+0000] {logging_mixin.py:151} INFO - [2024-03-26T06:11:13.981+0000] {dag.py:3696} INFO - Setting next_dagrun for example_sla_dag to 2024-03-26T06:08:00+00:00, run_after=2024-03-26T06:10:00+00:00
[2024-03-26T06:11:14.011+0000] {processor.py:179} INFO - Processing /home/airflow/.local/lib/python3.8/site-packages/airflow/example_dags/example_sla_dag.py took 0.101 seconds
[2024-03-26T06:11:44.132+0000] {processor.py:157} INFO - Started process (PID=860) to work on /home/airflow/.local/lib/python3.8/site-packages/airflow/example_dags/example_sla_dag.py
[2024-03-26T06:11:44.134+0000] {processor.py:829} INFO - Processing file /home/airflow/.local/lib/python3.8/site-packages/airflow/example_dags/example_sla_dag.py for tasks to queue
[2024-03-26T06:11:44.137+0000] {logging_mixin.py:151} INFO - [2024-03-26T06:11:44.137+0000] {dagbag.py:539} INFO - Filling up the DagBag from /home/airflow/.local/lib/python3.8/site-packages/airflow/example_dags/example_sla_dag.py
[2024-03-26T06:11:44.146+0000] {processor.py:839} INFO - DAG(s) dict_keys(['example_sla_dag']) retrieved from /home/airflow/.local/lib/python3.8/site-packages/airflow/example_dags/example_sla_dag.py
[2024-03-26T06:11:44.172+0000] {logging_mixin.py:151} INFO - [2024-03-26T06:11:44.171+0000] {dag.py:2915} INFO - Sync 1 DAGs
[2024-03-26T06:11:44.202+0000] {logging_mixin.py:151} INFO - [2024-03-26T06:11:44.202+0000] {dag.py:3696} INFO - Setting next_dagrun for example_sla_dag to 2024-03-26T06:08:00+00:00, run_after=2024-03-26T06:10:00+00:00
[2024-03-26T06:11:44.226+0000] {processor.py:179} INFO - Processing /home/airflow/.local/lib/python3.8/site-packages/airflow/example_dags/example_sla_dag.py took 0.099 seconds
[2024-03-26T06:12:14.652+0000] {processor.py:157} INFO - Started process (PID=914) to work on /home/airflow/.local/lib/python3.8/site-packages/airflow/example_dags/example_sla_dag.py
[2024-03-26T06:12:14.654+0000] {processor.py:829} INFO - Processing file /home/airflow/.local/lib/python3.8/site-packages/airflow/example_dags/example_sla_dag.py for tasks to queue
[2024-03-26T06:12:14.657+0000] {logging_mixin.py:151} INFO - [2024-03-26T06:12:14.657+0000] {dagbag.py:539} INFO - Filling up the DagBag from /home/airflow/.local/lib/python3.8/site-packages/airflow/example_dags/example_sla_dag.py
[2024-03-26T06:12:14.669+0000] {processor.py:839} INFO - DAG(s) dict_keys(['example_sla_dag']) retrieved from /home/airflow/.local/lib/python3.8/site-packages/airflow/example_dags/example_sla_dag.py
[2024-03-26T06:12:14.697+0000] {logging_mixin.py:151} INFO - [2024-03-26T06:12:14.697+0000] {dag.py:2915} INFO - Sync 1 DAGs
[2024-03-26T06:12:14.731+0000] {logging_mixin.py:151} INFO - [2024-03-26T06:12:14.730+0000] {dag.py:3696} INFO - Setting next_dagrun for example_sla_dag to 2024-03-26T06:10:00+00:00, run_after=2024-03-26T06:12:00+00:00
[2024-03-26T06:12:14.754+0000] {processor.py:179} INFO - Processing /home/airflow/.local/lib/python3.8/site-packages/airflow/example_dags/example_sla_dag.py took 0.106 seconds
[2024-03-26T06:12:45.203+0000] {processor.py:157} INFO - Started process (PID=968) to work on /home/airflow/.local/lib/python3.8/site-packages/airflow/example_dags/example_sla_dag.py
[2024-03-26T06:12:45.204+0000] {processor.py:829} INFO - Processing file /home/airflow/.local/lib/python3.8/site-packages/airflow/example_dags/example_sla_dag.py for tasks to queue
[2024-03-26T06:12:45.207+0000] {logging_mixin.py:151} INFO - [2024-03-26T06:12:45.206+0000] {dagbag.py:539} INFO - Filling up the DagBag from /home/airflow/.local/lib/python3.8/site-packages/airflow/example_dags/example_sla_dag.py
[2024-03-26T06:12:45.214+0000] {processor.py:839} INFO - DAG(s) dict_keys(['example_sla_dag']) retrieved from /home/airflow/.local/lib/python3.8/site-packages/airflow/example_dags/example_sla_dag.py
[2024-03-26T06:12:45.235+0000] {logging_mixin.py:151} INFO - [2024-03-26T06:12:45.234+0000] {dag.py:2915} INFO - Sync 1 DAGs
[2024-03-26T06:12:45.257+0000] {logging_mixin.py:151} INFO - [2024-03-26T06:12:45.257+0000] {dag.py:3696} INFO - Setting next_dagrun for example_sla_dag to 2024-03-26T06:10:00+00:00, run_after=2024-03-26T06:12:00+00:00
[2024-03-26T06:12:45.276+0000] {processor.py:179} INFO - Processing /home/airflow/.local/lib/python3.8/site-packages/airflow/example_dags/example_sla_dag.py took 0.076 seconds
[2024-03-26T06:19:05.968+0000] {processor.py:157} INFO - Started process (PID=999) to work on /home/airflow/.local/lib/python3.8/site-packages/airflow/example_dags/example_sla_dag.py
[2024-03-26T06:19:05.970+0000] {processor.py:829} INFO - Processing file /home/airflow/.local/lib/python3.8/site-packages/airflow/example_dags/example_sla_dag.py for tasks to queue
[2024-03-26T06:19:05.988+0000] {logging_mixin.py:151} INFO - [2024-03-26T06:19:05.987+0000] {dagbag.py:539} INFO - Filling up the DagBag from /home/airflow/.local/lib/python3.8/site-packages/airflow/example_dags/example_sla_dag.py
[2024-03-26T06:19:06.019+0000] {processor.py:839} INFO - DAG(s) dict_keys(['example_sla_dag']) retrieved from /home/airflow/.local/lib/python3.8/site-packages/airflow/example_dags/example_sla_dag.py
[2024-03-26T06:19:06.059+0000] {logging_mixin.py:151} INFO - [2024-03-26T06:19:06.059+0000] {dag.py:2915} INFO - Sync 1 DAGs
[2024-03-26T06:19:06.141+0000] {logging_mixin.py:151} INFO - [2024-03-26T06:19:06.129+0000] {dag.py:3696} INFO - Setting next_dagrun for example_sla_dag to 2024-03-26T06:16:00+00:00, run_after=2024-03-26T06:18:00+00:00
[2024-03-26T06:19:06.216+0000] {processor.py:179} INFO - Processing /home/airflow/.local/lib/python3.8/site-packages/airflow/example_dags/example_sla_dag.py took 0.252 seconds
[2024-03-26T06:19:36.575+0000] {processor.py:157} INFO - Started process (PID=1053) to work on /home/airflow/.local/lib/python3.8/site-packages/airflow/example_dags/example_sla_dag.py
[2024-03-26T06:19:36.577+0000] {processor.py:829} INFO - Processing file /home/airflow/.local/lib/python3.8/site-packages/airflow/example_dags/example_sla_dag.py for tasks to queue
[2024-03-26T06:19:36.580+0000] {logging_mixin.py:151} INFO - [2024-03-26T06:19:36.579+0000] {dagbag.py:539} INFO - Filling up the DagBag from /home/airflow/.local/lib/python3.8/site-packages/airflow/example_dags/example_sla_dag.py
[2024-03-26T06:19:36.592+0000] {processor.py:839} INFO - DAG(s) dict_keys(['example_sla_dag']) retrieved from /home/airflow/.local/lib/python3.8/site-packages/airflow/example_dags/example_sla_dag.py
[2024-03-26T06:19:36.618+0000] {logging_mixin.py:151} INFO - [2024-03-26T06:19:36.618+0000] {dag.py:2915} INFO - Sync 1 DAGs
[2024-03-26T06:19:36.649+0000] {logging_mixin.py:151} INFO - [2024-03-26T06:19:36.649+0000] {dag.py:3696} INFO - Setting next_dagrun for example_sla_dag to 2024-03-26T06:16:00+00:00, run_after=2024-03-26T06:18:00+00:00
[2024-03-26T06:19:36.810+0000] {processor.py:179} INFO - Processing /home/airflow/.local/lib/python3.8/site-packages/airflow/example_dags/example_sla_dag.py took 0.239 seconds
[2024-03-26T06:20:07.645+0000] {processor.py:157} INFO - Started process (PID=1107) to work on /home/airflow/.local/lib/python3.8/site-packages/airflow/example_dags/example_sla_dag.py
[2024-03-26T06:20:07.646+0000] {processor.py:829} INFO - Processing file /home/airflow/.local/lib/python3.8/site-packages/airflow/example_dags/example_sla_dag.py for tasks to queue
[2024-03-26T06:20:07.650+0000] {logging_mixin.py:151} INFO - [2024-03-26T06:20:07.649+0000] {dagbag.py:539} INFO - Filling up the DagBag from /home/airflow/.local/lib/python3.8/site-packages/airflow/example_dags/example_sla_dag.py
[2024-03-26T06:20:07.664+0000] {processor.py:839} INFO - DAG(s) dict_keys(['example_sla_dag']) retrieved from /home/airflow/.local/lib/python3.8/site-packages/airflow/example_dags/example_sla_dag.py
[2024-03-26T06:20:07.697+0000] {logging_mixin.py:151} INFO - [2024-03-26T06:20:07.697+0000] {dag.py:2915} INFO - Sync 1 DAGs
[2024-03-26T06:20:07.738+0000] {logging_mixin.py:151} INFO - [2024-03-26T06:20:07.738+0000] {dag.py:3696} INFO - Setting next_dagrun for example_sla_dag to 2024-03-26T06:18:00+00:00, run_after=2024-03-26T06:20:00+00:00
[2024-03-26T06:20:07.782+0000] {processor.py:179} INFO - Processing /home/airflow/.local/lib/python3.8/site-packages/airflow/example_dags/example_sla_dag.py took 0.142 seconds
[2024-03-26T06:20:38.148+0000] {processor.py:157} INFO - Started process (PID=1161) to work on /home/airflow/.local/lib/python3.8/site-packages/airflow/example_dags/example_sla_dag.py
[2024-03-26T06:20:38.150+0000] {processor.py:829} INFO - Processing file /home/airflow/.local/lib/python3.8/site-packages/airflow/example_dags/example_sla_dag.py for tasks to queue
[2024-03-26T06:20:38.153+0000] {logging_mixin.py:151} INFO - [2024-03-26T06:20:38.153+0000] {dagbag.py:539} INFO - Filling up the DagBag from /home/airflow/.local/lib/python3.8/site-packages/airflow/example_dags/example_sla_dag.py
[2024-03-26T06:20:38.164+0000] {processor.py:839} INFO - DAG(s) dict_keys(['example_sla_dag']) retrieved from /home/airflow/.local/lib/python3.8/site-packages/airflow/example_dags/example_sla_dag.py
[2024-03-26T06:20:38.190+0000] {logging_mixin.py:151} INFO - [2024-03-26T06:20:38.189+0000] {dag.py:2915} INFO - Sync 1 DAGs
[2024-03-26T06:20:38.219+0000] {logging_mixin.py:151} INFO - [2024-03-26T06:20:38.219+0000] {dag.py:3696} INFO - Setting next_dagrun for example_sla_dag to 2024-03-26T06:18:00+00:00, run_after=2024-03-26T06:20:00+00:00
[2024-03-26T06:20:38.253+0000] {processor.py:179} INFO - Processing /home/airflow/.local/lib/python3.8/site-packages/airflow/example_dags/example_sla_dag.py took 0.108 seconds
[2024-03-26T06:21:08.499+0000] {processor.py:157} INFO - Started process (PID=1215) to work on /home/airflow/.local/lib/python3.8/site-packages/airflow/example_dags/example_sla_dag.py
[2024-03-26T06:21:08.501+0000] {processor.py:829} INFO - Processing file /home/airflow/.local/lib/python3.8/site-packages/airflow/example_dags/example_sla_dag.py for tasks to queue
[2024-03-26T06:21:08.505+0000] {logging_mixin.py:151} INFO - [2024-03-26T06:21:08.505+0000] {dagbag.py:539} INFO - Filling up the DagBag from /home/airflow/.local/lib/python3.8/site-packages/airflow/example_dags/example_sla_dag.py
[2024-03-26T06:21:08.514+0000] {processor.py:839} INFO - DAG(s) dict_keys(['example_sla_dag']) retrieved from /home/airflow/.local/lib/python3.8/site-packages/airflow/example_dags/example_sla_dag.py
[2024-03-26T06:21:08.541+0000] {logging_mixin.py:151} INFO - [2024-03-26T06:21:08.541+0000] {dag.py:2915} INFO - Sync 1 DAGs
[2024-03-26T06:21:08.572+0000] {logging_mixin.py:151} INFO - [2024-03-26T06:21:08.572+0000] {dag.py:3696} INFO - Setting next_dagrun for example_sla_dag to 2024-03-26T06:18:00+00:00, run_after=2024-03-26T06:20:00+00:00
[2024-03-26T06:21:08.607+0000] {processor.py:179} INFO - Processing /home/airflow/.local/lib/python3.8/site-packages/airflow/example_dags/example_sla_dag.py took 0.113 seconds
[2024-03-26T06:21:39.522+0000] {processor.py:157} INFO - Started process (PID=1269) to work on /home/airflow/.local/lib/python3.8/site-packages/airflow/example_dags/example_sla_dag.py
[2024-03-26T06:21:39.524+0000] {processor.py:829} INFO - Processing file /home/airflow/.local/lib/python3.8/site-packages/airflow/example_dags/example_sla_dag.py for tasks to queue
[2024-03-26T06:21:39.528+0000] {logging_mixin.py:151} INFO - [2024-03-26T06:21:39.527+0000] {dagbag.py:539} INFO - Filling up the DagBag from /home/airflow/.local/lib/python3.8/site-packages/airflow/example_dags/example_sla_dag.py
[2024-03-26T06:21:39.537+0000] {processor.py:839} INFO - DAG(s) dict_keys(['example_sla_dag']) retrieved from /home/airflow/.local/lib/python3.8/site-packages/airflow/example_dags/example_sla_dag.py
[2024-03-26T06:21:39.564+0000] {logging_mixin.py:151} INFO - [2024-03-26T06:21:39.563+0000] {dag.py:2915} INFO - Sync 1 DAGs
[2024-03-26T06:21:39.596+0000] {logging_mixin.py:151} INFO - [2024-03-26T06:21:39.596+0000] {dag.py:3696} INFO - Setting next_dagrun for example_sla_dag to 2024-03-26T06:18:00+00:00, run_after=2024-03-26T06:20:00+00:00
[2024-03-26T06:21:39.635+0000] {processor.py:179} INFO - Processing /home/airflow/.local/lib/python3.8/site-packages/airflow/example_dags/example_sla_dag.py took 0.116 seconds
[2024-03-26T06:22:10.263+0000] {processor.py:157} INFO - Started process (PID=1323) to work on /home/airflow/.local/lib/python3.8/site-packages/airflow/example_dags/example_sla_dag.py
[2024-03-26T06:22:10.264+0000] {processor.py:829} INFO - Processing file /home/airflow/.local/lib/python3.8/site-packages/airflow/example_dags/example_sla_dag.py for tasks to queue
[2024-03-26T06:22:10.267+0000] {logging_mixin.py:151} INFO - [2024-03-26T06:22:10.267+0000] {dagbag.py:539} INFO - Filling up the DagBag from /home/airflow/.local/lib/python3.8/site-packages/airflow/example_dags/example_sla_dag.py
[2024-03-26T06:22:10.276+0000] {processor.py:839} INFO - DAG(s) dict_keys(['example_sla_dag']) retrieved from /home/airflow/.local/lib/python3.8/site-packages/airflow/example_dags/example_sla_dag.py
[2024-03-26T06:22:10.301+0000] {logging_mixin.py:151} INFO - [2024-03-26T06:22:10.301+0000] {dag.py:2915} INFO - Sync 1 DAGs
[2024-03-26T06:22:10.328+0000] {logging_mixin.py:151} INFO - [2024-03-26T06:22:10.328+0000] {dag.py:3696} INFO - Setting next_dagrun for example_sla_dag to 2024-03-26T06:20:00+00:00, run_after=2024-03-26T06:22:00+00:00
[2024-03-26T06:22:10.360+0000] {processor.py:179} INFO - Processing /home/airflow/.local/lib/python3.8/site-packages/airflow/example_dags/example_sla_dag.py took 0.101 seconds
[2024-03-26T06:22:40.738+0000] {processor.py:157} INFO - Started process (PID=1377) to work on /home/airflow/.local/lib/python3.8/site-packages/airflow/example_dags/example_sla_dag.py
[2024-03-26T06:22:40.740+0000] {processor.py:829} INFO - Processing file /home/airflow/.local/lib/python3.8/site-packages/airflow/example_dags/example_sla_dag.py for tasks to queue
[2024-03-26T06:22:40.742+0000] {logging_mixin.py:151} INFO - [2024-03-26T06:22:40.742+0000] {dagbag.py:539} INFO - Filling up the DagBag from /home/airflow/.local/lib/python3.8/site-packages/airflow/example_dags/example_sla_dag.py
[2024-03-26T06:22:40.754+0000] {processor.py:839} INFO - DAG(s) dict_keys(['example_sla_dag']) retrieved from /home/airflow/.local/lib/python3.8/site-packages/airflow/example_dags/example_sla_dag.py
[2024-03-26T06:22:40.779+0000] {logging_mixin.py:151} INFO - [2024-03-26T06:22:40.779+0000] {dag.py:2915} INFO - Sync 1 DAGs
[2024-03-26T06:22:40.811+0000] {logging_mixin.py:151} INFO - [2024-03-26T06:22:40.811+0000] {dag.py:3696} INFO - Setting next_dagrun for example_sla_dag to 2024-03-26T06:20:00+00:00, run_after=2024-03-26T06:22:00+00:00
[2024-03-26T06:22:40.834+0000] {processor.py:179} INFO - Processing /home/airflow/.local/lib/python3.8/site-packages/airflow/example_dags/example_sla_dag.py took 0.101 seconds
[2024-03-26T06:23:11.382+0000] {processor.py:157} INFO - Started process (PID=1431) to work on /home/airflow/.local/lib/python3.8/site-packages/airflow/example_dags/example_sla_dag.py
[2024-03-26T06:23:11.384+0000] {processor.py:829} INFO - Processing file /home/airflow/.local/lib/python3.8/site-packages/airflow/example_dags/example_sla_dag.py for tasks to queue
[2024-03-26T06:23:11.388+0000] {logging_mixin.py:151} INFO - [2024-03-26T06:23:11.387+0000] {dagbag.py:539} INFO - Filling up the DagBag from /home/airflow/.local/lib/python3.8/site-packages/airflow/example_dags/example_sla_dag.py
[2024-03-26T06:23:11.397+0000] {processor.py:839} INFO - DAG(s) dict_keys(['example_sla_dag']) retrieved from /home/airflow/.local/lib/python3.8/site-packages/airflow/example_dags/example_sla_dag.py
[2024-03-26T06:23:11.424+0000] {logging_mixin.py:151} INFO - [2024-03-26T06:23:11.423+0000] {dag.py:2915} INFO - Sync 1 DAGs
[2024-03-26T06:23:11.454+0000] {logging_mixin.py:151} INFO - [2024-03-26T06:23:11.454+0000] {dag.py:3696} INFO - Setting next_dagrun for example_sla_dag to 2024-03-26T06:20:00+00:00, run_after=2024-03-26T06:22:00+00:00
[2024-03-26T06:23:11.481+0000] {processor.py:179} INFO - Processing /home/airflow/.local/lib/python3.8/site-packages/airflow/example_dags/example_sla_dag.py took 0.102 seconds
[2024-03-26T06:23:41.899+0000] {processor.py:157} INFO - Started process (PID=1485) to work on /home/airflow/.local/lib/python3.8/site-packages/airflow/example_dags/example_sla_dag.py
[2024-03-26T06:23:41.900+0000] {processor.py:829} INFO - Processing file /home/airflow/.local/lib/python3.8/site-packages/airflow/example_dags/example_sla_dag.py for tasks to queue
[2024-03-26T06:23:41.904+0000] {logging_mixin.py:151} INFO - [2024-03-26T06:23:41.903+0000] {dagbag.py:539} INFO - Filling up the DagBag from /home/airflow/.local/lib/python3.8/site-packages/airflow/example_dags/example_sla_dag.py
[2024-03-26T06:23:41.916+0000] {processor.py:839} INFO - DAG(s) dict_keys(['example_sla_dag']) retrieved from /home/airflow/.local/lib/python3.8/site-packages/airflow/example_dags/example_sla_dag.py
[2024-03-26T06:23:41.944+0000] {logging_mixin.py:151} INFO - [2024-03-26T06:23:41.943+0000] {dag.py:2915} INFO - Sync 1 DAGs
[2024-03-26T06:23:41.977+0000] {logging_mixin.py:151} INFO - [2024-03-26T06:23:41.976+0000] {dag.py:3696} INFO - Setting next_dagrun for example_sla_dag to 2024-03-26T06:20:00+00:00, run_after=2024-03-26T06:22:00+00:00
[2024-03-26T06:23:42.005+0000] {processor.py:179} INFO - Processing /home/airflow/.local/lib/python3.8/site-packages/airflow/example_dags/example_sla_dag.py took 0.111 seconds
[2024-03-26T06:24:12.597+0000] {processor.py:157} INFO - Started process (PID=1539) to work on /home/airflow/.local/lib/python3.8/site-packages/airflow/example_dags/example_sla_dag.py
[2024-03-26T06:24:12.599+0000] {processor.py:829} INFO - Processing file /home/airflow/.local/lib/python3.8/site-packages/airflow/example_dags/example_sla_dag.py for tasks to queue
[2024-03-26T06:24:12.603+0000] {logging_mixin.py:151} INFO - [2024-03-26T06:24:12.602+0000] {dagbag.py:539} INFO - Filling up the DagBag from /home/airflow/.local/lib/python3.8/site-packages/airflow/example_dags/example_sla_dag.py
[2024-03-26T06:24:12.613+0000] {processor.py:839} INFO - DAG(s) dict_keys(['example_sla_dag']) retrieved from /home/airflow/.local/lib/python3.8/site-packages/airflow/example_dags/example_sla_dag.py
[2024-03-26T06:24:12.638+0000] {logging_mixin.py:151} INFO - [2024-03-26T06:24:12.637+0000] {dag.py:2915} INFO - Sync 1 DAGs
[2024-03-26T06:24:12.670+0000] {logging_mixin.py:151} INFO - [2024-03-26T06:24:12.669+0000] {dag.py:3696} INFO - Setting next_dagrun for example_sla_dag to 2024-03-26T06:22:00+00:00, run_after=2024-03-26T06:24:00+00:00
[2024-03-26T06:24:12.694+0000] {processor.py:179} INFO - Processing /home/airflow/.local/lib/python3.8/site-packages/airflow/example_dags/example_sla_dag.py took 0.102 seconds
[2024-03-26T06:24:43.314+0000] {processor.py:157} INFO - Started process (PID=1593) to work on /home/airflow/.local/lib/python3.8/site-packages/airflow/example_dags/example_sla_dag.py
[2024-03-26T06:24:43.317+0000] {processor.py:829} INFO - Processing file /home/airflow/.local/lib/python3.8/site-packages/airflow/example_dags/example_sla_dag.py for tasks to queue
[2024-03-26T06:24:43.319+0000] {logging_mixin.py:151} INFO - [2024-03-26T06:24:43.319+0000] {dagbag.py:539} INFO - Filling up the DagBag from /home/airflow/.local/lib/python3.8/site-packages/airflow/example_dags/example_sla_dag.py
[2024-03-26T06:24:43.328+0000] {processor.py:839} INFO - DAG(s) dict_keys(['example_sla_dag']) retrieved from /home/airflow/.local/lib/python3.8/site-packages/airflow/example_dags/example_sla_dag.py
[2024-03-26T06:24:43.354+0000] {logging_mixin.py:151} INFO - [2024-03-26T06:24:43.353+0000] {dag.py:2915} INFO - Sync 1 DAGs
[2024-03-26T06:24:43.384+0000] {logging_mixin.py:151} INFO - [2024-03-26T06:24:43.384+0000] {dag.py:3696} INFO - Setting next_dagrun for example_sla_dag to 2024-03-26T06:22:00+00:00, run_after=2024-03-26T06:24:00+00:00
[2024-03-26T06:24:43.406+0000] {processor.py:179} INFO - Processing /home/airflow/.local/lib/python3.8/site-packages/airflow/example_dags/example_sla_dag.py took 0.097 seconds
[2024-03-26T06:25:13.957+0000] {processor.py:157} INFO - Started process (PID=1647) to work on /home/airflow/.local/lib/python3.8/site-packages/airflow/example_dags/example_sla_dag.py
[2024-03-26T06:25:13.958+0000] {processor.py:829} INFO - Processing file /home/airflow/.local/lib/python3.8/site-packages/airflow/example_dags/example_sla_dag.py for tasks to queue
[2024-03-26T06:25:13.962+0000] {logging_mixin.py:151} INFO - [2024-03-26T06:25:13.961+0000] {dagbag.py:539} INFO - Filling up the DagBag from /home/airflow/.local/lib/python3.8/site-packages/airflow/example_dags/example_sla_dag.py
[2024-03-26T06:25:13.972+0000] {processor.py:839} INFO - DAG(s) dict_keys(['example_sla_dag']) retrieved from /home/airflow/.local/lib/python3.8/site-packages/airflow/example_dags/example_sla_dag.py
[2024-03-26T06:25:14.000+0000] {logging_mixin.py:151} INFO - [2024-03-26T06:25:14.000+0000] {dag.py:2915} INFO - Sync 1 DAGs
[2024-03-26T06:25:14.036+0000] {logging_mixin.py:151} INFO - [2024-03-26T06:25:14.036+0000] {dag.py:3696} INFO - Setting next_dagrun for example_sla_dag to 2024-03-26T06:22:00+00:00, run_after=2024-03-26T06:24:00+00:00
[2024-03-26T06:25:14.077+0000] {processor.py:179} INFO - Processing /home/airflow/.local/lib/python3.8/site-packages/airflow/example_dags/example_sla_dag.py took 0.124 seconds
[2024-03-26T06:25:44.427+0000] {processor.py:157} INFO - Started process (PID=1701) to work on /home/airflow/.local/lib/python3.8/site-packages/airflow/example_dags/example_sla_dag.py
[2024-03-26T06:25:44.429+0000] {processor.py:829} INFO - Processing file /home/airflow/.local/lib/python3.8/site-packages/airflow/example_dags/example_sla_dag.py for tasks to queue
[2024-03-26T06:25:44.433+0000] {logging_mixin.py:151} INFO - [2024-03-26T06:25:44.433+0000] {dagbag.py:539} INFO - Filling up the DagBag from /home/airflow/.local/lib/python3.8/site-packages/airflow/example_dags/example_sla_dag.py
[2024-03-26T06:25:44.445+0000] {processor.py:839} INFO - DAG(s) dict_keys(['example_sla_dag']) retrieved from /home/airflow/.local/lib/python3.8/site-packages/airflow/example_dags/example_sla_dag.py
[2024-03-26T06:25:44.469+0000] {logging_mixin.py:151} INFO - [2024-03-26T06:25:44.469+0000] {dag.py:2915} INFO - Sync 1 DAGs
[2024-03-26T06:25:44.501+0000] {logging_mixin.py:151} INFO - [2024-03-26T06:25:44.500+0000] {dag.py:3696} INFO - Setting next_dagrun for example_sla_dag to 2024-03-26T06:22:00+00:00, run_after=2024-03-26T06:24:00+00:00
[2024-03-26T06:25:44.524+0000] {processor.py:179} INFO - Processing /home/airflow/.local/lib/python3.8/site-packages/airflow/example_dags/example_sla_dag.py took 0.101 seconds
[2024-03-26T06:26:14.795+0000] {processor.py:157} INFO - Started process (PID=1755) to work on /home/airflow/.local/lib/python3.8/site-packages/airflow/example_dags/example_sla_dag.py
[2024-03-26T06:26:14.797+0000] {processor.py:829} INFO - Processing file /home/airflow/.local/lib/python3.8/site-packages/airflow/example_dags/example_sla_dag.py for tasks to queue
[2024-03-26T06:26:14.800+0000] {logging_mixin.py:151} INFO - [2024-03-26T06:26:14.800+0000] {dagbag.py:539} INFO - Filling up the DagBag from /home/airflow/.local/lib/python3.8/site-packages/airflow/example_dags/example_sla_dag.py
[2024-03-26T06:26:14.809+0000] {processor.py:839} INFO - DAG(s) dict_keys(['example_sla_dag']) retrieved from /home/airflow/.local/lib/python3.8/site-packages/airflow/example_dags/example_sla_dag.py
[2024-03-26T06:26:14.833+0000] {logging_mixin.py:151} INFO - [2024-03-26T06:26:14.832+0000] {dag.py:2915} INFO - Sync 1 DAGs
[2024-03-26T06:26:14.864+0000] {logging_mixin.py:151} INFO - [2024-03-26T06:26:14.863+0000] {dag.py:3696} INFO - Setting next_dagrun for example_sla_dag to 2024-03-26T06:24:00+00:00, run_after=2024-03-26T06:26:00+00:00
[2024-03-26T06:26:14.886+0000] {processor.py:179} INFO - Processing /home/airflow/.local/lib/python3.8/site-packages/airflow/example_dags/example_sla_dag.py took 0.095 seconds
[2024-03-26T06:26:45.474+0000] {processor.py:157} INFO - Started process (PID=1809) to work on /home/airflow/.local/lib/python3.8/site-packages/airflow/example_dags/example_sla_dag.py
[2024-03-26T06:26:45.475+0000] {processor.py:829} INFO - Processing file /home/airflow/.local/lib/python3.8/site-packages/airflow/example_dags/example_sla_dag.py for tasks to queue
[2024-03-26T06:26:45.478+0000] {logging_mixin.py:151} INFO - [2024-03-26T06:26:45.478+0000] {dagbag.py:539} INFO - Filling up the DagBag from /home/airflow/.local/lib/python3.8/site-packages/airflow/example_dags/example_sla_dag.py
[2024-03-26T06:26:45.487+0000] {processor.py:839} INFO - DAG(s) dict_keys(['example_sla_dag']) retrieved from /home/airflow/.local/lib/python3.8/site-packages/airflow/example_dags/example_sla_dag.py
[2024-03-26T06:26:45.512+0000] {logging_mixin.py:151} INFO - [2024-03-26T06:26:45.512+0000] {dag.py:2915} INFO - Sync 1 DAGs
[2024-03-26T06:26:45.542+0000] {logging_mixin.py:151} INFO - [2024-03-26T06:26:45.541+0000] {dag.py:3696} INFO - Setting next_dagrun for example_sla_dag to 2024-03-26T06:24:00+00:00, run_after=2024-03-26T06:26:00+00:00
[2024-03-26T06:26:45.572+0000] {processor.py:179} INFO - Processing /home/airflow/.local/lib/python3.8/site-packages/airflow/example_dags/example_sla_dag.py took 0.102 seconds
[2024-03-26T06:27:15.835+0000] {processor.py:157} INFO - Started process (PID=1863) to work on /home/airflow/.local/lib/python3.8/site-packages/airflow/example_dags/example_sla_dag.py
[2024-03-26T06:27:15.836+0000] {processor.py:829} INFO - Processing file /home/airflow/.local/lib/python3.8/site-packages/airflow/example_dags/example_sla_dag.py for tasks to queue
[2024-03-26T06:27:15.841+0000] {logging_mixin.py:151} INFO - [2024-03-26T06:27:15.841+0000] {dagbag.py:539} INFO - Filling up the DagBag from /home/airflow/.local/lib/python3.8/site-packages/airflow/example_dags/example_sla_dag.py
[2024-03-26T06:27:15.853+0000] {processor.py:839} INFO - DAG(s) dict_keys(['example_sla_dag']) retrieved from /home/airflow/.local/lib/python3.8/site-packages/airflow/example_dags/example_sla_dag.py
[2024-03-26T06:27:15.881+0000] {logging_mixin.py:151} INFO - [2024-03-26T06:27:15.881+0000] {dag.py:2915} INFO - Sync 1 DAGs
[2024-03-26T06:27:15.915+0000] {logging_mixin.py:151} INFO - [2024-03-26T06:27:15.915+0000] {dag.py:3696} INFO - Setting next_dagrun for example_sla_dag to 2024-03-26T06:24:00+00:00, run_after=2024-03-26T06:26:00+00:00
[2024-03-26T06:27:15.949+0000] {processor.py:179} INFO - Processing /home/airflow/.local/lib/python3.8/site-packages/airflow/example_dags/example_sla_dag.py took 0.117 seconds
[2024-03-26T06:27:46.369+0000] {processor.py:157} INFO - Started process (PID=1917) to work on /home/airflow/.local/lib/python3.8/site-packages/airflow/example_dags/example_sla_dag.py
[2024-03-26T06:27:46.371+0000] {processor.py:829} INFO - Processing file /home/airflow/.local/lib/python3.8/site-packages/airflow/example_dags/example_sla_dag.py for tasks to queue
[2024-03-26T06:27:46.374+0000] {logging_mixin.py:151} INFO - [2024-03-26T06:27:46.373+0000] {dagbag.py:539} INFO - Filling up the DagBag from /home/airflow/.local/lib/python3.8/site-packages/airflow/example_dags/example_sla_dag.py
[2024-03-26T06:27:46.385+0000] {processor.py:839} INFO - DAG(s) dict_keys(['example_sla_dag']) retrieved from /home/airflow/.local/lib/python3.8/site-packages/airflow/example_dags/example_sla_dag.py
[2024-03-26T06:27:46.412+0000] {logging_mixin.py:151} INFO - [2024-03-26T06:27:46.412+0000] {dag.py:2915} INFO - Sync 1 DAGs
[2024-03-26T06:27:46.446+0000] {logging_mixin.py:151} INFO - [2024-03-26T06:27:46.446+0000] {dag.py:3696} INFO - Setting next_dagrun for example_sla_dag to 2024-03-26T06:24:00+00:00, run_after=2024-03-26T06:26:00+00:00
[2024-03-26T06:27:46.481+0000] {processor.py:179} INFO - Processing /home/airflow/.local/lib/python3.8/site-packages/airflow/example_dags/example_sla_dag.py took 0.115 seconds
[2024-03-26T06:28:17.079+0000] {processor.py:157} INFO - Started process (PID=1971) to work on /home/airflow/.local/lib/python3.8/site-packages/airflow/example_dags/example_sla_dag.py
[2024-03-26T06:28:17.081+0000] {processor.py:829} INFO - Processing file /home/airflow/.local/lib/python3.8/site-packages/airflow/example_dags/example_sla_dag.py for tasks to queue
[2024-03-26T06:28:17.085+0000] {logging_mixin.py:151} INFO - [2024-03-26T06:28:17.084+0000] {dagbag.py:539} INFO - Filling up the DagBag from /home/airflow/.local/lib/python3.8/site-packages/airflow/example_dags/example_sla_dag.py
[2024-03-26T06:28:17.096+0000] {processor.py:839} INFO - DAG(s) dict_keys(['example_sla_dag']) retrieved from /home/airflow/.local/lib/python3.8/site-packages/airflow/example_dags/example_sla_dag.py
[2024-03-26T06:28:17.125+0000] {logging_mixin.py:151} INFO - [2024-03-26T06:28:17.125+0000] {dag.py:2915} INFO - Sync 1 DAGs
[2024-03-26T06:28:17.162+0000] {logging_mixin.py:151} INFO - [2024-03-26T06:28:17.161+0000] {dag.py:3696} INFO - Setting next_dagrun for example_sla_dag to 2024-03-26T06:26:00+00:00, run_after=2024-03-26T06:28:00+00:00
[2024-03-26T06:28:17.195+0000] {processor.py:179} INFO - Processing /home/airflow/.local/lib/python3.8/site-packages/airflow/example_dags/example_sla_dag.py took 0.120 seconds
[2024-03-26T06:28:47.292+0000] {processor.py:157} INFO - Started process (PID=2025) to work on /home/airflow/.local/lib/python3.8/site-packages/airflow/example_dags/example_sla_dag.py
[2024-03-26T06:28:47.293+0000] {processor.py:829} INFO - Processing file /home/airflow/.local/lib/python3.8/site-packages/airflow/example_dags/example_sla_dag.py for tasks to queue
[2024-03-26T06:28:47.297+0000] {logging_mixin.py:151} INFO - [2024-03-26T06:28:47.296+0000] {dagbag.py:539} INFO - Filling up the DagBag from /home/airflow/.local/lib/python3.8/site-packages/airflow/example_dags/example_sla_dag.py
[2024-03-26T06:28:47.308+0000] {processor.py:839} INFO - DAG(s) dict_keys(['example_sla_dag']) retrieved from /home/airflow/.local/lib/python3.8/site-packages/airflow/example_dags/example_sla_dag.py
[2024-03-26T06:28:47.332+0000] {logging_mixin.py:151} INFO - [2024-03-26T06:28:47.332+0000] {dag.py:2915} INFO - Sync 1 DAGs
[2024-03-26T06:28:47.362+0000] {logging_mixin.py:151} INFO - [2024-03-26T06:28:47.362+0000] {dag.py:3696} INFO - Setting next_dagrun for example_sla_dag to 2024-03-26T06:26:00+00:00, run_after=2024-03-26T06:28:00+00:00
[2024-03-26T06:28:47.388+0000] {processor.py:179} INFO - Processing /home/airflow/.local/lib/python3.8/site-packages/airflow/example_dags/example_sla_dag.py took 0.099 seconds
[2024-03-26T06:29:17.637+0000] {processor.py:157} INFO - Started process (PID=2079) to work on /home/airflow/.local/lib/python3.8/site-packages/airflow/example_dags/example_sla_dag.py
[2024-03-26T06:29:17.639+0000] {processor.py:829} INFO - Processing file /home/airflow/.local/lib/python3.8/site-packages/airflow/example_dags/example_sla_dag.py for tasks to queue
[2024-03-26T06:29:17.642+0000] {logging_mixin.py:151} INFO - [2024-03-26T06:29:17.641+0000] {dagbag.py:539} INFO - Filling up the DagBag from /home/airflow/.local/lib/python3.8/site-packages/airflow/example_dags/example_sla_dag.py
[2024-03-26T06:29:17.650+0000] {processor.py:839} INFO - DAG(s) dict_keys(['example_sla_dag']) retrieved from /home/airflow/.local/lib/python3.8/site-packages/airflow/example_dags/example_sla_dag.py
[2024-03-26T06:29:17.673+0000] {logging_mixin.py:151} INFO - [2024-03-26T06:29:17.673+0000] {dag.py:2915} INFO - Sync 1 DAGs
[2024-03-26T06:29:17.702+0000] {logging_mixin.py:151} INFO - [2024-03-26T06:29:17.702+0000] {dag.py:3696} INFO - Setting next_dagrun for example_sla_dag to 2024-03-26T06:26:00+00:00, run_after=2024-03-26T06:28:00+00:00
[2024-03-26T06:29:17.734+0000] {processor.py:179} INFO - Processing /home/airflow/.local/lib/python3.8/site-packages/airflow/example_dags/example_sla_dag.py took 0.100 seconds
[2024-03-26T06:29:48.753+0000] {processor.py:157} INFO - Started process (PID=2133) to work on /home/airflow/.local/lib/python3.8/site-packages/airflow/example_dags/example_sla_dag.py
[2024-03-26T06:29:48.754+0000] {processor.py:829} INFO - Processing file /home/airflow/.local/lib/python3.8/site-packages/airflow/example_dags/example_sla_dag.py for tasks to queue
[2024-03-26T06:29:48.758+0000] {logging_mixin.py:151} INFO - [2024-03-26T06:29:48.757+0000] {dagbag.py:539} INFO - Filling up the DagBag from /home/airflow/.local/lib/python3.8/site-packages/airflow/example_dags/example_sla_dag.py
[2024-03-26T06:29:48.772+0000] {processor.py:839} INFO - DAG(s) dict_keys(['example_sla_dag']) retrieved from /home/airflow/.local/lib/python3.8/site-packages/airflow/example_dags/example_sla_dag.py
[2024-03-26T06:29:48.805+0000] {logging_mixin.py:151} INFO - [2024-03-26T06:29:48.805+0000] {dag.py:2915} INFO - Sync 1 DAGs
[2024-03-26T06:29:48.836+0000] {logging_mixin.py:151} INFO - [2024-03-26T06:29:48.836+0000] {dag.py:3696} INFO - Setting next_dagrun for example_sla_dag to 2024-03-26T06:26:00+00:00, run_after=2024-03-26T06:28:00+00:00
[2024-03-26T06:29:48.864+0000] {processor.py:179} INFO - Processing /home/airflow/.local/lib/python3.8/site-packages/airflow/example_dags/example_sla_dag.py took 0.116 seconds
[2024-03-26T06:30:18.988+0000] {processor.py:157} INFO - Started process (PID=2187) to work on /home/airflow/.local/lib/python3.8/site-packages/airflow/example_dags/example_sla_dag.py
[2024-03-26T06:30:18.990+0000] {processor.py:829} INFO - Processing file /home/airflow/.local/lib/python3.8/site-packages/airflow/example_dags/example_sla_dag.py for tasks to queue
[2024-03-26T06:30:18.993+0000] {logging_mixin.py:151} INFO - [2024-03-26T06:30:18.992+0000] {dagbag.py:539} INFO - Filling up the DagBag from /home/airflow/.local/lib/python3.8/site-packages/airflow/example_dags/example_sla_dag.py
[2024-03-26T06:30:19.004+0000] {processor.py:839} INFO - DAG(s) dict_keys(['example_sla_dag']) retrieved from /home/airflow/.local/lib/python3.8/site-packages/airflow/example_dags/example_sla_dag.py
[2024-03-26T06:30:19.032+0000] {logging_mixin.py:151} INFO - [2024-03-26T06:30:19.032+0000] {dag.py:2915} INFO - Sync 1 DAGs
[2024-03-26T06:30:19.063+0000] {logging_mixin.py:151} INFO - [2024-03-26T06:30:19.063+0000] {dag.py:3696} INFO - Setting next_dagrun for example_sla_dag to 2024-03-26T06:28:00+00:00, run_after=2024-03-26T06:30:00+00:00
[2024-03-26T06:30:19.091+0000] {processor.py:179} INFO - Processing /home/airflow/.local/lib/python3.8/site-packages/airflow/example_dags/example_sla_dag.py took 0.108 seconds
[2024-03-26T06:30:49.218+0000] {processor.py:157} INFO - Started process (PID=2241) to work on /home/airflow/.local/lib/python3.8/site-packages/airflow/example_dags/example_sla_dag.py
[2024-03-26T06:30:49.220+0000] {processor.py:829} INFO - Processing file /home/airflow/.local/lib/python3.8/site-packages/airflow/example_dags/example_sla_dag.py for tasks to queue
[2024-03-26T06:30:49.223+0000] {logging_mixin.py:151} INFO - [2024-03-26T06:30:49.223+0000] {dagbag.py:539} INFO - Filling up the DagBag from /home/airflow/.local/lib/python3.8/site-packages/airflow/example_dags/example_sla_dag.py
[2024-03-26T06:30:49.234+0000] {processor.py:839} INFO - DAG(s) dict_keys(['example_sla_dag']) retrieved from /home/airflow/.local/lib/python3.8/site-packages/airflow/example_dags/example_sla_dag.py
[2024-03-26T06:30:49.261+0000] {logging_mixin.py:151} INFO - [2024-03-26T06:30:49.261+0000] {dag.py:2915} INFO - Sync 1 DAGs
[2024-03-26T06:30:49.294+0000] {logging_mixin.py:151} INFO - [2024-03-26T06:30:49.293+0000] {dag.py:3696} INFO - Setting next_dagrun for example_sla_dag to 2024-03-26T06:28:00+00:00, run_after=2024-03-26T06:30:00+00:00
[2024-03-26T06:30:49.330+0000] {processor.py:179} INFO - Processing /home/airflow/.local/lib/python3.8/site-packages/airflow/example_dags/example_sla_dag.py took 0.117 seconds
[2024-03-26T06:31:19.399+0000] {processor.py:157} INFO - Started process (PID=2295) to work on /home/airflow/.local/lib/python3.8/site-packages/airflow/example_dags/example_sla_dag.py
[2024-03-26T06:31:19.401+0000] {processor.py:829} INFO - Processing file /home/airflow/.local/lib/python3.8/site-packages/airflow/example_dags/example_sla_dag.py for tasks to queue
[2024-03-26T06:31:19.404+0000] {logging_mixin.py:151} INFO - [2024-03-26T06:31:19.403+0000] {dagbag.py:539} INFO - Filling up the DagBag from /home/airflow/.local/lib/python3.8/site-packages/airflow/example_dags/example_sla_dag.py
[2024-03-26T06:31:19.415+0000] {processor.py:839} INFO - DAG(s) dict_keys(['example_sla_dag']) retrieved from /home/airflow/.local/lib/python3.8/site-packages/airflow/example_dags/example_sla_dag.py
[2024-03-26T06:31:19.438+0000] {logging_mixin.py:151} INFO - [2024-03-26T06:31:19.438+0000] {dag.py:2915} INFO - Sync 1 DAGs
[2024-03-26T06:31:19.469+0000] {logging_mixin.py:151} INFO - [2024-03-26T06:31:19.469+0000] {dag.py:3696} INFO - Setting next_dagrun for example_sla_dag to 2024-03-26T06:28:00+00:00, run_after=2024-03-26T06:30:00+00:00
[2024-03-26T06:31:19.500+0000] {processor.py:179} INFO - Processing /home/airflow/.local/lib/python3.8/site-packages/airflow/example_dags/example_sla_dag.py took 0.105 seconds
[2024-03-26T06:31:49.652+0000] {processor.py:157} INFO - Started process (PID=2348) to work on /home/airflow/.local/lib/python3.8/site-packages/airflow/example_dags/example_sla_dag.py
[2024-03-26T06:31:49.654+0000] {processor.py:829} INFO - Processing file /home/airflow/.local/lib/python3.8/site-packages/airflow/example_dags/example_sla_dag.py for tasks to queue
[2024-03-26T06:31:49.656+0000] {logging_mixin.py:151} INFO - [2024-03-26T06:31:49.656+0000] {dagbag.py:539} INFO - Filling up the DagBag from /home/airflow/.local/lib/python3.8/site-packages/airflow/example_dags/example_sla_dag.py
[2024-03-26T06:31:49.665+0000] {processor.py:839} INFO - DAG(s) dict_keys(['example_sla_dag']) retrieved from /home/airflow/.local/lib/python3.8/site-packages/airflow/example_dags/example_sla_dag.py
[2024-03-26T06:31:49.687+0000] {logging_mixin.py:151} INFO - [2024-03-26T06:31:49.687+0000] {dag.py:2915} INFO - Sync 1 DAGs
[2024-03-26T06:31:49.715+0000] {logging_mixin.py:151} INFO - [2024-03-26T06:31:49.715+0000] {dag.py:3696} INFO - Setting next_dagrun for example_sla_dag to 2024-03-26T06:28:00+00:00, run_after=2024-03-26T06:30:00+00:00
[2024-03-26T06:31:49.741+0000] {processor.py:179} INFO - Processing /home/airflow/.local/lib/python3.8/site-packages/airflow/example_dags/example_sla_dag.py took 0.092 seconds
[2024-03-26T06:32:19.997+0000] {processor.py:157} INFO - Started process (PID=2402) to work on /home/airflow/.local/lib/python3.8/site-packages/airflow/example_dags/example_sla_dag.py
[2024-03-26T06:32:19.999+0000] {processor.py:829} INFO - Processing file /home/airflow/.local/lib/python3.8/site-packages/airflow/example_dags/example_sla_dag.py for tasks to queue
[2024-03-26T06:32:20.002+0000] {logging_mixin.py:151} INFO - [2024-03-26T06:32:20.001+0000] {dagbag.py:539} INFO - Filling up the DagBag from /home/airflow/.local/lib/python3.8/site-packages/airflow/example_dags/example_sla_dag.py
[2024-03-26T06:32:20.011+0000] {processor.py:839} INFO - DAG(s) dict_keys(['example_sla_dag']) retrieved from /home/airflow/.local/lib/python3.8/site-packages/airflow/example_dags/example_sla_dag.py
[2024-03-26T06:32:20.037+0000] {logging_mixin.py:151} INFO - [2024-03-26T06:32:20.036+0000] {dag.py:2915} INFO - Sync 1 DAGs
[2024-03-26T06:32:20.065+0000] {logging_mixin.py:151} INFO - [2024-03-26T06:32:20.065+0000] {dag.py:3696} INFO - Setting next_dagrun for example_sla_dag to 2024-03-26T06:30:00+00:00, run_after=2024-03-26T06:32:00+00:00
[2024-03-26T06:32:20.093+0000] {processor.py:179} INFO - Processing /home/airflow/.local/lib/python3.8/site-packages/airflow/example_dags/example_sla_dag.py took 0.101 seconds
[2024-03-26T06:32:50.437+0000] {processor.py:157} INFO - Started process (PID=2457) to work on /home/airflow/.local/lib/python3.8/site-packages/airflow/example_dags/example_sla_dag.py
[2024-03-26T06:32:50.438+0000] {processor.py:829} INFO - Processing file /home/airflow/.local/lib/python3.8/site-packages/airflow/example_dags/example_sla_dag.py for tasks to queue
[2024-03-26T06:32:50.442+0000] {logging_mixin.py:151} INFO - [2024-03-26T06:32:50.441+0000] {dagbag.py:539} INFO - Filling up the DagBag from /home/airflow/.local/lib/python3.8/site-packages/airflow/example_dags/example_sla_dag.py
[2024-03-26T06:32:50.454+0000] {processor.py:839} INFO - DAG(s) dict_keys(['example_sla_dag']) retrieved from /home/airflow/.local/lib/python3.8/site-packages/airflow/example_dags/example_sla_dag.py
[2024-03-26T06:32:50.482+0000] {logging_mixin.py:151} INFO - [2024-03-26T06:32:50.482+0000] {dag.py:2915} INFO - Sync 1 DAGs
[2024-03-26T06:32:50.518+0000] {logging_mixin.py:151} INFO - [2024-03-26T06:32:50.518+0000] {dag.py:3696} INFO - Setting next_dagrun for example_sla_dag to 2024-03-26T06:30:00+00:00, run_after=2024-03-26T06:32:00+00:00
[2024-03-26T06:32:50.546+0000] {processor.py:179} INFO - Processing /home/airflow/.local/lib/python3.8/site-packages/airflow/example_dags/example_sla_dag.py took 0.113 seconds
[2024-03-26T06:33:20.831+0000] {processor.py:157} INFO - Started process (PID=2511) to work on /home/airflow/.local/lib/python3.8/site-packages/airflow/example_dags/example_sla_dag.py
[2024-03-26T06:33:20.833+0000] {processor.py:829} INFO - Processing file /home/airflow/.local/lib/python3.8/site-packages/airflow/example_dags/example_sla_dag.py for tasks to queue
[2024-03-26T06:33:20.836+0000] {logging_mixin.py:151} INFO - [2024-03-26T06:33:20.836+0000] {dagbag.py:539} INFO - Filling up the DagBag from /home/airflow/.local/lib/python3.8/site-packages/airflow/example_dags/example_sla_dag.py
[2024-03-26T06:33:20.849+0000] {processor.py:839} INFO - DAG(s) dict_keys(['example_sla_dag']) retrieved from /home/airflow/.local/lib/python3.8/site-packages/airflow/example_dags/example_sla_dag.py
[2024-03-26T06:33:20.876+0000] {logging_mixin.py:151} INFO - [2024-03-26T06:33:20.876+0000] {dag.py:2915} INFO - Sync 1 DAGs
[2024-03-26T06:33:20.907+0000] {logging_mixin.py:151} INFO - [2024-03-26T06:33:20.907+0000] {dag.py:3696} INFO - Setting next_dagrun for example_sla_dag to 2024-03-26T06:30:00+00:00, run_after=2024-03-26T06:32:00+00:00
[2024-03-26T06:33:20.940+0000] {processor.py:179} INFO - Processing /home/airflow/.local/lib/python3.8/site-packages/airflow/example_dags/example_sla_dag.py took 0.113 seconds
[2024-03-26T06:33:51.644+0000] {processor.py:157} INFO - Started process (PID=2565) to work on /home/airflow/.local/lib/python3.8/site-packages/airflow/example_dags/example_sla_dag.py
[2024-03-26T06:33:51.646+0000] {processor.py:829} INFO - Processing file /home/airflow/.local/lib/python3.8/site-packages/airflow/example_dags/example_sla_dag.py for tasks to queue
[2024-03-26T06:33:51.650+0000] {logging_mixin.py:151} INFO - [2024-03-26T06:33:51.650+0000] {dagbag.py:539} INFO - Filling up the DagBag from /home/airflow/.local/lib/python3.8/site-packages/airflow/example_dags/example_sla_dag.py
[2024-03-26T06:33:51.663+0000] {processor.py:839} INFO - DAG(s) dict_keys(['example_sla_dag']) retrieved from /home/airflow/.local/lib/python3.8/site-packages/airflow/example_dags/example_sla_dag.py
[2024-03-26T06:33:51.688+0000] {logging_mixin.py:151} INFO - [2024-03-26T06:33:51.688+0000] {dag.py:2915} INFO - Sync 1 DAGs
[2024-03-26T06:33:51.720+0000] {logging_mixin.py:151} INFO - [2024-03-26T06:33:51.719+0000] {dag.py:3696} INFO - Setting next_dagrun for example_sla_dag to 2024-03-26T06:30:00+00:00, run_after=2024-03-26T06:32:00+00:00
[2024-03-26T06:33:51.754+0000] {processor.py:179} INFO - Processing /home/airflow/.local/lib/python3.8/site-packages/airflow/example_dags/example_sla_dag.py took 0.113 seconds
