[2024-03-26T06:03:59.738+0000] {processor.py:157} INFO - Started process (PID=47) to work on /home/airflow/.local/lib/python3.8/site-packages/airflow/example_dags/example_xcomargs.py
[2024-03-26T06:03:59.747+0000] {processor.py:829} INFO - Processing file /home/airflow/.local/lib/python3.8/site-packages/airflow/example_dags/example_xcomargs.py for tasks to queue
[2024-03-26T06:03:59.755+0000] {logging_mixin.py:151} INFO - [2024-03-26T06:03:59.752+0000] {dagbag.py:539} INFO - Filling up the DagBag from /home/airflow/.local/lib/python3.8/site-packages/airflow/example_dags/example_xcomargs.py
[2024-03-26T06:03:59.810+0000] {processor.py:839} INFO - DAG(s) dict_keys(['example_xcom_args', 'example_xcom_args_with_operators']) retrieved from /home/airflow/.local/lib/python3.8/site-packages/airflow/example_dags/example_xcomargs.py
[2024-03-26T06:04:00.162+0000] {logging_mixin.py:151} INFO - [2024-03-26T06:04:00.162+0000] {manager.py:499} INFO - Created Permission View: %s
[2024-03-26T06:04:00.197+0000] {logging_mixin.py:151} INFO - [2024-03-26T06:04:00.196+0000] {manager.py:499} INFO - Created Permission View: %s
[2024-03-26T06:04:00.242+0000] {logging_mixin.py:151} INFO - [2024-03-26T06:04:00.242+0000] {manager.py:499} INFO - Created Permission View: %s
[2024-03-26T06:04:00.245+0000] {logging_mixin.py:151} INFO - [2024-03-26T06:04:00.244+0000] {security.py:708} INFO - Not syncing DAG-level permissions for DAG 'DAG:example_xcom_args' as access control is unset.
[2024-03-26T06:04:00.299+0000] {logging_mixin.py:151} INFO - [2024-03-26T06:04:00.299+0000] {manager.py:499} INFO - Created Permission View: %s
[2024-03-26T06:04:00.349+0000] {logging_mixin.py:151} INFO - [2024-03-26T06:04:00.349+0000] {manager.py:499} INFO - Created Permission View: %s
[2024-03-26T06:04:00.403+0000] {logging_mixin.py:151} INFO - [2024-03-26T06:04:00.396+0000] {manager.py:499} INFO - Created Permission View: %s
[2024-03-26T06:04:00.407+0000] {logging_mixin.py:151} INFO - [2024-03-26T06:04:00.407+0000] {security.py:708} INFO - Not syncing DAG-level permissions for DAG 'DAG:example_xcom_args_with_operators' as access control is unset.
[2024-03-26T06:04:00.409+0000] {logging_mixin.py:151} INFO - [2024-03-26T06:04:00.409+0000] {dag.py:2915} INFO - Sync 2 DAGs
[2024-03-26T06:04:00.452+0000] {logging_mixin.py:151} INFO - [2024-03-26T06:04:00.452+0000] {dag.py:2937} INFO - Creating ORM DAG for example_xcom_args_with_operators
[2024-03-26T06:04:00.455+0000] {logging_mixin.py:151} INFO - [2024-03-26T06:04:00.455+0000] {dag.py:2937} INFO - Creating ORM DAG for example_xcom_args
[2024-03-26T06:04:00.458+0000] {logging_mixin.py:151} INFO - [2024-03-26T06:04:00.457+0000] {dag.py:3696} INFO - Setting next_dagrun for example_xcom_args to None, run_after=None
[2024-03-26T06:04:00.459+0000] {logging_mixin.py:151} INFO - [2024-03-26T06:04:00.459+0000] {dag.py:3696} INFO - Setting next_dagrun for example_xcom_args_with_operators to None, run_after=None
[2024-03-26T06:04:00.518+0000] {processor.py:179} INFO - Processing /home/airflow/.local/lib/python3.8/site-packages/airflow/example_dags/example_xcomargs.py took 0.790 seconds
[2024-03-26T06:04:31.095+0000] {processor.py:157} INFO - Started process (PID=101) to work on /home/airflow/.local/lib/python3.8/site-packages/airflow/example_dags/example_xcomargs.py
[2024-03-26T06:04:31.107+0000] {processor.py:829} INFO - Processing file /home/airflow/.local/lib/python3.8/site-packages/airflow/example_dags/example_xcomargs.py for tasks to queue
[2024-03-26T06:04:31.112+0000] {logging_mixin.py:151} INFO - [2024-03-26T06:04:31.112+0000] {dagbag.py:539} INFO - Filling up the DagBag from /home/airflow/.local/lib/python3.8/site-packages/airflow/example_dags/example_xcomargs.py
[2024-03-26T06:04:32.722+0000] {processor.py:839} INFO - DAG(s) dict_keys(['example_xcom_args', 'example_xcom_args_with_operators']) retrieved from /home/airflow/.local/lib/python3.8/site-packages/airflow/example_dags/example_xcomargs.py
[2024-03-26T06:04:32.816+0000] {logging_mixin.py:151} INFO - [2024-03-26T06:04:32.816+0000] {dag.py:2915} INFO - Sync 2 DAGs
[2024-03-26T06:04:32.974+0000] {logging_mixin.py:151} INFO - [2024-03-26T06:04:32.974+0000] {dag.py:3696} INFO - Setting next_dagrun for example_xcom_args to None, run_after=None
[2024-03-26T06:04:32.980+0000] {logging_mixin.py:151} INFO - [2024-03-26T06:04:32.979+0000] {dag.py:3696} INFO - Setting next_dagrun for example_xcom_args_with_operators to None, run_after=None
[2024-03-26T06:04:33.025+0000] {processor.py:179} INFO - Processing /home/airflow/.local/lib/python3.8/site-packages/airflow/example_dags/example_xcomargs.py took 1.937 seconds
[2024-03-26T06:05:03.201+0000] {processor.py:157} INFO - Started process (PID=155) to work on /home/airflow/.local/lib/python3.8/site-packages/airflow/example_dags/example_xcomargs.py
[2024-03-26T06:05:03.203+0000] {processor.py:829} INFO - Processing file /home/airflow/.local/lib/python3.8/site-packages/airflow/example_dags/example_xcomargs.py for tasks to queue
[2024-03-26T06:05:03.207+0000] {logging_mixin.py:151} INFO - [2024-03-26T06:05:03.207+0000] {dagbag.py:539} INFO - Filling up the DagBag from /home/airflow/.local/lib/python3.8/site-packages/airflow/example_dags/example_xcomargs.py
[2024-03-26T06:05:03.217+0000] {processor.py:839} INFO - DAG(s) dict_keys(['example_xcom_args', 'example_xcom_args_with_operators']) retrieved from /home/airflow/.local/lib/python3.8/site-packages/airflow/example_dags/example_xcomargs.py
[2024-03-26T06:05:03.254+0000] {logging_mixin.py:151} INFO - [2024-03-26T06:05:03.254+0000] {dag.py:2915} INFO - Sync 2 DAGs
[2024-03-26T06:05:03.274+0000] {logging_mixin.py:151} INFO - [2024-03-26T06:05:03.274+0000] {dag.py:3696} INFO - Setting next_dagrun for example_xcom_args to None, run_after=None
[2024-03-26T06:05:03.287+0000] {logging_mixin.py:151} INFO - [2024-03-26T06:05:03.286+0000] {dag.py:3696} INFO - Setting next_dagrun for example_xcom_args_with_operators to None, run_after=None
[2024-03-26T06:05:03.342+0000] {processor.py:179} INFO - Processing /home/airflow/.local/lib/python3.8/site-packages/airflow/example_dags/example_xcomargs.py took 0.146 seconds
[2024-03-26T06:05:33.856+0000] {processor.py:157} INFO - Started process (PID=209) to work on /home/airflow/.local/lib/python3.8/site-packages/airflow/example_dags/example_xcomargs.py
[2024-03-26T06:05:33.879+0000] {processor.py:829} INFO - Processing file /home/airflow/.local/lib/python3.8/site-packages/airflow/example_dags/example_xcomargs.py for tasks to queue
[2024-03-26T06:05:33.884+0000] {logging_mixin.py:151} INFO - [2024-03-26T06:05:33.883+0000] {dagbag.py:539} INFO - Filling up the DagBag from /home/airflow/.local/lib/python3.8/site-packages/airflow/example_dags/example_xcomargs.py
[2024-03-26T06:05:33.964+0000] {processor.py:839} INFO - DAG(s) dict_keys(['example_xcom_args_with_operators', 'example_xcom_args']) retrieved from /home/airflow/.local/lib/python3.8/site-packages/airflow/example_dags/example_xcomargs.py
[2024-03-26T06:05:34.009+0000] {logging_mixin.py:151} INFO - [2024-03-26T06:05:34.008+0000] {dag.py:2915} INFO - Sync 2 DAGs
[2024-03-26T06:05:34.047+0000] {logging_mixin.py:151} INFO - [2024-03-26T06:05:34.047+0000] {dag.py:3696} INFO - Setting next_dagrun for example_xcom_args to None, run_after=None
[2024-03-26T06:05:34.054+0000] {logging_mixin.py:151} INFO - [2024-03-26T06:05:34.053+0000] {dag.py:3696} INFO - Setting next_dagrun for example_xcom_args_with_operators to None, run_after=None
[2024-03-26T06:05:34.153+0000] {processor.py:179} INFO - Processing /home/airflow/.local/lib/python3.8/site-packages/airflow/example_dags/example_xcomargs.py took 0.304 seconds
[2024-03-26T06:06:04.414+0000] {processor.py:157} INFO - Started process (PID=263) to work on /home/airflow/.local/lib/python3.8/site-packages/airflow/example_dags/example_xcomargs.py
[2024-03-26T06:06:04.437+0000] {processor.py:829} INFO - Processing file /home/airflow/.local/lib/python3.8/site-packages/airflow/example_dags/example_xcomargs.py for tasks to queue
[2024-03-26T06:06:04.445+0000] {logging_mixin.py:151} INFO - [2024-03-26T06:06:04.444+0000] {dagbag.py:539} INFO - Filling up the DagBag from /home/airflow/.local/lib/python3.8/site-packages/airflow/example_dags/example_xcomargs.py
[2024-03-26T06:06:04.466+0000] {processor.py:839} INFO - DAG(s) dict_keys(['example_xcom_args_with_operators', 'example_xcom_args']) retrieved from /home/airflow/.local/lib/python3.8/site-packages/airflow/example_dags/example_xcomargs.py
[2024-03-26T06:06:04.562+0000] {logging_mixin.py:151} INFO - [2024-03-26T06:06:04.562+0000] {dag.py:2915} INFO - Sync 2 DAGs
[2024-03-26T06:06:04.600+0000] {logging_mixin.py:151} INFO - [2024-03-26T06:06:04.599+0000] {dag.py:3696} INFO - Setting next_dagrun for example_xcom_args to None, run_after=None
[2024-03-26T06:06:04.618+0000] {logging_mixin.py:151} INFO - [2024-03-26T06:06:04.617+0000] {dag.py:3696} INFO - Setting next_dagrun for example_xcom_args_with_operators to None, run_after=None
[2024-03-26T06:06:04.664+0000] {processor.py:179} INFO - Processing /home/airflow/.local/lib/python3.8/site-packages/airflow/example_dags/example_xcomargs.py took 0.262 seconds
[2024-03-26T06:06:35.433+0000] {processor.py:157} INFO - Started process (PID=317) to work on /home/airflow/.local/lib/python3.8/site-packages/airflow/example_dags/example_xcomargs.py
[2024-03-26T06:06:35.556+0000] {processor.py:829} INFO - Processing file /home/airflow/.local/lib/python3.8/site-packages/airflow/example_dags/example_xcomargs.py for tasks to queue
[2024-03-26T06:06:35.605+0000] {logging_mixin.py:151} INFO - [2024-03-26T06:06:35.603+0000] {dagbag.py:539} INFO - Filling up the DagBag from /home/airflow/.local/lib/python3.8/site-packages/airflow/example_dags/example_xcomargs.py
[2024-03-26T06:06:36.260+0000] {processor.py:839} INFO - DAG(s) dict_keys(['example_xcom_args', 'example_xcom_args_with_operators']) retrieved from /home/airflow/.local/lib/python3.8/site-packages/airflow/example_dags/example_xcomargs.py
[2024-03-26T06:06:36.581+0000] {logging_mixin.py:151} INFO - [2024-03-26T06:06:36.580+0000] {dag.py:2915} INFO - Sync 2 DAGs
[2024-03-26T06:06:36.818+0000] {logging_mixin.py:151} INFO - [2024-03-26T06:06:36.818+0000] {dag.py:3696} INFO - Setting next_dagrun for example_xcom_args to None, run_after=None
[2024-03-26T06:06:36.846+0000] {logging_mixin.py:151} INFO - [2024-03-26T06:06:36.846+0000] {dag.py:3696} INFO - Setting next_dagrun for example_xcom_args_with_operators to None, run_after=None
[2024-03-26T06:06:37.049+0000] {processor.py:179} INFO - Processing /home/airflow/.local/lib/python3.8/site-packages/airflow/example_dags/example_xcomargs.py took 1.621 seconds
[2024-03-26T06:07:07.163+0000] {processor.py:157} INFO - Started process (PID=370) to work on /home/airflow/.local/lib/python3.8/site-packages/airflow/example_dags/example_xcomargs.py
[2024-03-26T06:07:07.165+0000] {processor.py:829} INFO - Processing file /home/airflow/.local/lib/python3.8/site-packages/airflow/example_dags/example_xcomargs.py for tasks to queue
[2024-03-26T06:07:07.170+0000] {logging_mixin.py:151} INFO - [2024-03-26T06:07:07.170+0000] {dagbag.py:539} INFO - Filling up the DagBag from /home/airflow/.local/lib/python3.8/site-packages/airflow/example_dags/example_xcomargs.py
[2024-03-26T06:07:07.182+0000] {processor.py:839} INFO - DAG(s) dict_keys(['example_xcom_args_with_operators', 'example_xcom_args']) retrieved from /home/airflow/.local/lib/python3.8/site-packages/airflow/example_dags/example_xcomargs.py
[2024-03-26T06:07:07.218+0000] {logging_mixin.py:151} INFO - [2024-03-26T06:07:07.217+0000] {dag.py:2915} INFO - Sync 2 DAGs
[2024-03-26T06:07:07.236+0000] {logging_mixin.py:151} INFO - [2024-03-26T06:07:07.236+0000] {dag.py:3696} INFO - Setting next_dagrun for example_xcom_args to None, run_after=None
[2024-03-26T06:07:07.242+0000] {logging_mixin.py:151} INFO - [2024-03-26T06:07:07.242+0000] {dag.py:3696} INFO - Setting next_dagrun for example_xcom_args_with_operators to None, run_after=None
[2024-03-26T06:07:07.266+0000] {processor.py:179} INFO - Processing /home/airflow/.local/lib/python3.8/site-packages/airflow/example_dags/example_xcomargs.py took 0.108 seconds
[2024-03-26T06:07:37.799+0000] {processor.py:157} INFO - Started process (PID=424) to work on /home/airflow/.local/lib/python3.8/site-packages/airflow/example_dags/example_xcomargs.py
[2024-03-26T06:07:37.801+0000] {processor.py:829} INFO - Processing file /home/airflow/.local/lib/python3.8/site-packages/airflow/example_dags/example_xcomargs.py for tasks to queue
[2024-03-26T06:07:37.807+0000] {logging_mixin.py:151} INFO - [2024-03-26T06:07:37.806+0000] {dagbag.py:539} INFO - Filling up the DagBag from /home/airflow/.local/lib/python3.8/site-packages/airflow/example_dags/example_xcomargs.py
[2024-03-26T06:07:37.821+0000] {processor.py:839} INFO - DAG(s) dict_keys(['example_xcom_args', 'example_xcom_args_with_operators']) retrieved from /home/airflow/.local/lib/python3.8/site-packages/airflow/example_dags/example_xcomargs.py
[2024-03-26T06:07:37.861+0000] {logging_mixin.py:151} INFO - [2024-03-26T06:07:37.861+0000] {dag.py:2915} INFO - Sync 2 DAGs
[2024-03-26T06:07:37.886+0000] {logging_mixin.py:151} INFO - [2024-03-26T06:07:37.886+0000] {dag.py:3696} INFO - Setting next_dagrun for example_xcom_args to None, run_after=None
[2024-03-26T06:07:37.893+0000] {logging_mixin.py:151} INFO - [2024-03-26T06:07:37.893+0000] {dag.py:3696} INFO - Setting next_dagrun for example_xcom_args_with_operators to None, run_after=None
[2024-03-26T06:07:37.929+0000] {processor.py:179} INFO - Processing /home/airflow/.local/lib/python3.8/site-packages/airflow/example_dags/example_xcomargs.py took 0.135 seconds
[2024-03-26T06:08:08.431+0000] {processor.py:157} INFO - Started process (PID=478) to work on /home/airflow/.local/lib/python3.8/site-packages/airflow/example_dags/example_xcomargs.py
[2024-03-26T06:08:08.433+0000] {processor.py:829} INFO - Processing file /home/airflow/.local/lib/python3.8/site-packages/airflow/example_dags/example_xcomargs.py for tasks to queue
[2024-03-26T06:08:08.436+0000] {logging_mixin.py:151} INFO - [2024-03-26T06:08:08.436+0000] {dagbag.py:539} INFO - Filling up the DagBag from /home/airflow/.local/lib/python3.8/site-packages/airflow/example_dags/example_xcomargs.py
[2024-03-26T06:08:08.445+0000] {processor.py:839} INFO - DAG(s) dict_keys(['example_xcom_args', 'example_xcom_args_with_operators']) retrieved from /home/airflow/.local/lib/python3.8/site-packages/airflow/example_dags/example_xcomargs.py
[2024-03-26T06:08:08.474+0000] {logging_mixin.py:151} INFO - [2024-03-26T06:08:08.474+0000] {dag.py:2915} INFO - Sync 2 DAGs
[2024-03-26T06:08:08.488+0000] {logging_mixin.py:151} INFO - [2024-03-26T06:08:08.488+0000] {dag.py:3696} INFO - Setting next_dagrun for example_xcom_args to None, run_after=None
[2024-03-26T06:08:08.493+0000] {logging_mixin.py:151} INFO - [2024-03-26T06:08:08.493+0000] {dag.py:3696} INFO - Setting next_dagrun for example_xcom_args_with_operators to None, run_after=None
[2024-03-26T06:08:08.516+0000] {processor.py:179} INFO - Processing /home/airflow/.local/lib/python3.8/site-packages/airflow/example_dags/example_xcomargs.py took 0.089 seconds
[2024-03-26T06:08:38.725+0000] {processor.py:157} INFO - Started process (PID=532) to work on /home/airflow/.local/lib/python3.8/site-packages/airflow/example_dags/example_xcomargs.py
[2024-03-26T06:08:38.727+0000] {processor.py:829} INFO - Processing file /home/airflow/.local/lib/python3.8/site-packages/airflow/example_dags/example_xcomargs.py for tasks to queue
[2024-03-26T06:08:38.730+0000] {logging_mixin.py:151} INFO - [2024-03-26T06:08:38.730+0000] {dagbag.py:539} INFO - Filling up the DagBag from /home/airflow/.local/lib/python3.8/site-packages/airflow/example_dags/example_xcomargs.py
[2024-03-26T06:08:38.739+0000] {processor.py:839} INFO - DAG(s) dict_keys(['example_xcom_args', 'example_xcom_args_with_operators']) retrieved from /home/airflow/.local/lib/python3.8/site-packages/airflow/example_dags/example_xcomargs.py
[2024-03-26T06:08:38.770+0000] {logging_mixin.py:151} INFO - [2024-03-26T06:08:38.770+0000] {dag.py:2915} INFO - Sync 2 DAGs
[2024-03-26T06:08:38.788+0000] {logging_mixin.py:151} INFO - [2024-03-26T06:08:38.788+0000] {dag.py:3696} INFO - Setting next_dagrun for example_xcom_args to None, run_after=None
[2024-03-26T06:08:38.793+0000] {logging_mixin.py:151} INFO - [2024-03-26T06:08:38.793+0000] {dag.py:3696} INFO - Setting next_dagrun for example_xcom_args_with_operators to None, run_after=None
[2024-03-26T06:08:38.835+0000] {processor.py:179} INFO - Processing /home/airflow/.local/lib/python3.8/site-packages/airflow/example_dags/example_xcomargs.py took 0.113 seconds
[2024-03-26T06:09:09.093+0000] {processor.py:157} INFO - Started process (PID=586) to work on /home/airflow/.local/lib/python3.8/site-packages/airflow/example_dags/example_xcomargs.py
[2024-03-26T06:09:09.095+0000] {processor.py:829} INFO - Processing file /home/airflow/.local/lib/python3.8/site-packages/airflow/example_dags/example_xcomargs.py for tasks to queue
[2024-03-26T06:09:09.098+0000] {logging_mixin.py:151} INFO - [2024-03-26T06:09:09.098+0000] {dagbag.py:539} INFO - Filling up the DagBag from /home/airflow/.local/lib/python3.8/site-packages/airflow/example_dags/example_xcomargs.py
[2024-03-26T06:09:09.107+0000] {processor.py:839} INFO - DAG(s) dict_keys(['example_xcom_args_with_operators', 'example_xcom_args']) retrieved from /home/airflow/.local/lib/python3.8/site-packages/airflow/example_dags/example_xcomargs.py
[2024-03-26T06:09:09.136+0000] {logging_mixin.py:151} INFO - [2024-03-26T06:09:09.136+0000] {dag.py:2915} INFO - Sync 2 DAGs
[2024-03-26T06:09:09.152+0000] {logging_mixin.py:151} INFO - [2024-03-26T06:09:09.152+0000] {dag.py:3696} INFO - Setting next_dagrun for example_xcom_args to None, run_after=None
[2024-03-26T06:09:09.157+0000] {logging_mixin.py:151} INFO - [2024-03-26T06:09:09.156+0000] {dag.py:3696} INFO - Setting next_dagrun for example_xcom_args_with_operators to None, run_after=None
[2024-03-26T06:09:09.178+0000] {processor.py:179} INFO - Processing /home/airflow/.local/lib/python3.8/site-packages/airflow/example_dags/example_xcomargs.py took 0.089 seconds
[2024-03-26T06:09:39.801+0000] {processor.py:157} INFO - Started process (PID=640) to work on /home/airflow/.local/lib/python3.8/site-packages/airflow/example_dags/example_xcomargs.py
[2024-03-26T06:09:39.803+0000] {processor.py:829} INFO - Processing file /home/airflow/.local/lib/python3.8/site-packages/airflow/example_dags/example_xcomargs.py for tasks to queue
[2024-03-26T06:09:39.807+0000] {logging_mixin.py:151} INFO - [2024-03-26T06:09:39.806+0000] {dagbag.py:539} INFO - Filling up the DagBag from /home/airflow/.local/lib/python3.8/site-packages/airflow/example_dags/example_xcomargs.py
[2024-03-26T06:09:39.817+0000] {processor.py:839} INFO - DAG(s) dict_keys(['example_xcom_args_with_operators', 'example_xcom_args']) retrieved from /home/airflow/.local/lib/python3.8/site-packages/airflow/example_dags/example_xcomargs.py
[2024-03-26T06:09:39.849+0000] {logging_mixin.py:151} INFO - [2024-03-26T06:09:39.848+0000] {dag.py:2915} INFO - Sync 2 DAGs
[2024-03-26T06:09:39.863+0000] {logging_mixin.py:151} INFO - [2024-03-26T06:09:39.863+0000] {dag.py:3696} INFO - Setting next_dagrun for example_xcom_args to None, run_after=None
[2024-03-26T06:09:39.867+0000] {logging_mixin.py:151} INFO - [2024-03-26T06:09:39.867+0000] {dag.py:3696} INFO - Setting next_dagrun for example_xcom_args_with_operators to None, run_after=None
[2024-03-26T06:09:39.890+0000] {processor.py:179} INFO - Processing /home/airflow/.local/lib/python3.8/site-packages/airflow/example_dags/example_xcomargs.py took 0.093 seconds
[2024-03-26T06:10:10.600+0000] {processor.py:157} INFO - Started process (PID=694) to work on /home/airflow/.local/lib/python3.8/site-packages/airflow/example_dags/example_xcomargs.py
[2024-03-26T06:10:10.602+0000] {processor.py:829} INFO - Processing file /home/airflow/.local/lib/python3.8/site-packages/airflow/example_dags/example_xcomargs.py for tasks to queue
[2024-03-26T06:10:10.605+0000] {logging_mixin.py:151} INFO - [2024-03-26T06:10:10.604+0000] {dagbag.py:539} INFO - Filling up the DagBag from /home/airflow/.local/lib/python3.8/site-packages/airflow/example_dags/example_xcomargs.py
[2024-03-26T06:10:10.616+0000] {processor.py:839} INFO - DAG(s) dict_keys(['example_xcom_args', 'example_xcom_args_with_operators']) retrieved from /home/airflow/.local/lib/python3.8/site-packages/airflow/example_dags/example_xcomargs.py
[2024-03-26T06:10:10.647+0000] {logging_mixin.py:151} INFO - [2024-03-26T06:10:10.647+0000] {dag.py:2915} INFO - Sync 2 DAGs
[2024-03-26T06:10:10.661+0000] {logging_mixin.py:151} INFO - [2024-03-26T06:10:10.661+0000] {dag.py:3696} INFO - Setting next_dagrun for example_xcom_args to None, run_after=None
[2024-03-26T06:10:10.665+0000] {logging_mixin.py:151} INFO - [2024-03-26T06:10:10.665+0000] {dag.py:3696} INFO - Setting next_dagrun for example_xcom_args_with_operators to None, run_after=None
[2024-03-26T06:10:10.685+0000] {processor.py:179} INFO - Processing /home/airflow/.local/lib/python3.8/site-packages/airflow/example_dags/example_xcomargs.py took 0.089 seconds
[2024-03-26T06:10:41.131+0000] {processor.py:157} INFO - Started process (PID=748) to work on /home/airflow/.local/lib/python3.8/site-packages/airflow/example_dags/example_xcomargs.py
[2024-03-26T06:10:41.133+0000] {processor.py:829} INFO - Processing file /home/airflow/.local/lib/python3.8/site-packages/airflow/example_dags/example_xcomargs.py for tasks to queue
[2024-03-26T06:10:41.136+0000] {logging_mixin.py:151} INFO - [2024-03-26T06:10:41.136+0000] {dagbag.py:539} INFO - Filling up the DagBag from /home/airflow/.local/lib/python3.8/site-packages/airflow/example_dags/example_xcomargs.py
[2024-03-26T06:10:41.146+0000] {processor.py:839} INFO - DAG(s) dict_keys(['example_xcom_args_with_operators', 'example_xcom_args']) retrieved from /home/airflow/.local/lib/python3.8/site-packages/airflow/example_dags/example_xcomargs.py
[2024-03-26T06:10:41.179+0000] {logging_mixin.py:151} INFO - [2024-03-26T06:10:41.179+0000] {dag.py:2915} INFO - Sync 2 DAGs
[2024-03-26T06:10:41.194+0000] {logging_mixin.py:151} INFO - [2024-03-26T06:10:41.194+0000] {dag.py:3696} INFO - Setting next_dagrun for example_xcom_args to None, run_after=None
[2024-03-26T06:10:41.200+0000] {logging_mixin.py:151} INFO - [2024-03-26T06:10:41.200+0000] {dag.py:3696} INFO - Setting next_dagrun for example_xcom_args_with_operators to None, run_after=None
[2024-03-26T06:10:41.221+0000] {processor.py:179} INFO - Processing /home/airflow/.local/lib/python3.8/site-packages/airflow/example_dags/example_xcomargs.py took 0.094 seconds
[2024-03-26T06:11:11.629+0000] {processor.py:157} INFO - Started process (PID=802) to work on /home/airflow/.local/lib/python3.8/site-packages/airflow/example_dags/example_xcomargs.py
[2024-03-26T06:11:11.631+0000] {processor.py:829} INFO - Processing file /home/airflow/.local/lib/python3.8/site-packages/airflow/example_dags/example_xcomargs.py for tasks to queue
[2024-03-26T06:11:11.634+0000] {logging_mixin.py:151} INFO - [2024-03-26T06:11:11.633+0000] {dagbag.py:539} INFO - Filling up the DagBag from /home/airflow/.local/lib/python3.8/site-packages/airflow/example_dags/example_xcomargs.py
[2024-03-26T06:11:11.643+0000] {processor.py:839} INFO - DAG(s) dict_keys(['example_xcom_args', 'example_xcom_args_with_operators']) retrieved from /home/airflow/.local/lib/python3.8/site-packages/airflow/example_dags/example_xcomargs.py
[2024-03-26T06:11:11.673+0000] {logging_mixin.py:151} INFO - [2024-03-26T06:11:11.672+0000] {dag.py:2915} INFO - Sync 2 DAGs
[2024-03-26T06:11:11.688+0000] {logging_mixin.py:151} INFO - [2024-03-26T06:11:11.688+0000] {dag.py:3696} INFO - Setting next_dagrun for example_xcom_args to None, run_after=None
[2024-03-26T06:11:11.694+0000] {logging_mixin.py:151} INFO - [2024-03-26T06:11:11.694+0000] {dag.py:3696} INFO - Setting next_dagrun for example_xcom_args_with_operators to None, run_after=None
[2024-03-26T06:11:11.718+0000] {processor.py:179} INFO - Processing /home/airflow/.local/lib/python3.8/site-packages/airflow/example_dags/example_xcomargs.py took 0.095 seconds
[2024-03-26T06:11:41.977+0000] {processor.py:157} INFO - Started process (PID=856) to work on /home/airflow/.local/lib/python3.8/site-packages/airflow/example_dags/example_xcomargs.py
[2024-03-26T06:11:41.978+0000] {processor.py:829} INFO - Processing file /home/airflow/.local/lib/python3.8/site-packages/airflow/example_dags/example_xcomargs.py for tasks to queue
[2024-03-26T06:11:41.982+0000] {logging_mixin.py:151} INFO - [2024-03-26T06:11:41.981+0000] {dagbag.py:539} INFO - Filling up the DagBag from /home/airflow/.local/lib/python3.8/site-packages/airflow/example_dags/example_xcomargs.py
[2024-03-26T06:11:41.991+0000] {processor.py:839} INFO - DAG(s) dict_keys(['example_xcom_args', 'example_xcom_args_with_operators']) retrieved from /home/airflow/.local/lib/python3.8/site-packages/airflow/example_dags/example_xcomargs.py
[2024-03-26T06:11:42.023+0000] {logging_mixin.py:151} INFO - [2024-03-26T06:11:42.022+0000] {dag.py:2915} INFO - Sync 2 DAGs
[2024-03-26T06:11:42.037+0000] {logging_mixin.py:151} INFO - [2024-03-26T06:11:42.037+0000] {dag.py:3696} INFO - Setting next_dagrun for example_xcom_args to None, run_after=None
[2024-03-26T06:11:42.042+0000] {logging_mixin.py:151} INFO - [2024-03-26T06:11:42.042+0000] {dag.py:3696} INFO - Setting next_dagrun for example_xcom_args_with_operators to None, run_after=None
[2024-03-26T06:11:42.064+0000] {processor.py:179} INFO - Processing /home/airflow/.local/lib/python3.8/site-packages/airflow/example_dags/example_xcomargs.py took 0.091 seconds
[2024-03-26T06:12:12.471+0000] {processor.py:157} INFO - Started process (PID=910) to work on /home/airflow/.local/lib/python3.8/site-packages/airflow/example_dags/example_xcomargs.py
[2024-03-26T06:12:12.473+0000] {processor.py:829} INFO - Processing file /home/airflow/.local/lib/python3.8/site-packages/airflow/example_dags/example_xcomargs.py for tasks to queue
[2024-03-26T06:12:12.476+0000] {logging_mixin.py:151} INFO - [2024-03-26T06:12:12.476+0000] {dagbag.py:539} INFO - Filling up the DagBag from /home/airflow/.local/lib/python3.8/site-packages/airflow/example_dags/example_xcomargs.py
[2024-03-26T06:12:12.485+0000] {processor.py:839} INFO - DAG(s) dict_keys(['example_xcom_args', 'example_xcom_args_with_operators']) retrieved from /home/airflow/.local/lib/python3.8/site-packages/airflow/example_dags/example_xcomargs.py
[2024-03-26T06:12:12.515+0000] {logging_mixin.py:151} INFO - [2024-03-26T06:12:12.514+0000] {dag.py:2915} INFO - Sync 2 DAGs
[2024-03-26T06:12:12.529+0000] {logging_mixin.py:151} INFO - [2024-03-26T06:12:12.529+0000] {dag.py:3696} INFO - Setting next_dagrun for example_xcom_args to None, run_after=None
[2024-03-26T06:12:12.533+0000] {logging_mixin.py:151} INFO - [2024-03-26T06:12:12.533+0000] {dag.py:3696} INFO - Setting next_dagrun for example_xcom_args_with_operators to None, run_after=None
[2024-03-26T06:12:12.566+0000] {processor.py:179} INFO - Processing /home/airflow/.local/lib/python3.8/site-packages/airflow/example_dags/example_xcomargs.py took 0.098 seconds
[2024-03-26T06:12:43.072+0000] {processor.py:157} INFO - Started process (PID=964) to work on /home/airflow/.local/lib/python3.8/site-packages/airflow/example_dags/example_xcomargs.py
[2024-03-26T06:12:43.073+0000] {processor.py:829} INFO - Processing file /home/airflow/.local/lib/python3.8/site-packages/airflow/example_dags/example_xcomargs.py for tasks to queue
[2024-03-26T06:12:43.076+0000] {logging_mixin.py:151} INFO - [2024-03-26T06:12:43.076+0000] {dagbag.py:539} INFO - Filling up the DagBag from /home/airflow/.local/lib/python3.8/site-packages/airflow/example_dags/example_xcomargs.py
[2024-03-26T06:12:43.083+0000] {processor.py:839} INFO - DAG(s) dict_keys(['example_xcom_args_with_operators', 'example_xcom_args']) retrieved from /home/airflow/.local/lib/python3.8/site-packages/airflow/example_dags/example_xcomargs.py
[2024-03-26T06:12:43.104+0000] {logging_mixin.py:151} INFO - [2024-03-26T06:12:43.104+0000] {dag.py:2915} INFO - Sync 2 DAGs
[2024-03-26T06:12:43.118+0000] {logging_mixin.py:151} INFO - [2024-03-26T06:12:43.118+0000] {dag.py:3696} INFO - Setting next_dagrun for example_xcom_args to None, run_after=None
[2024-03-26T06:12:43.121+0000] {logging_mixin.py:151} INFO - [2024-03-26T06:12:43.121+0000] {dag.py:3696} INFO - Setting next_dagrun for example_xcom_args_with_operators to None, run_after=None
[2024-03-26T06:12:43.147+0000] {processor.py:179} INFO - Processing /home/airflow/.local/lib/python3.8/site-packages/airflow/example_dags/example_xcomargs.py took 0.078 seconds
[2024-03-26T06:19:05.578+0000] {processor.py:157} INFO - Started process (PID=996) to work on /home/airflow/.local/lib/python3.8/site-packages/airflow/example_dags/example_xcomargs.py
[2024-03-26T06:19:05.613+0000] {processor.py:829} INFO - Processing file /home/airflow/.local/lib/python3.8/site-packages/airflow/example_dags/example_xcomargs.py for tasks to queue
[2024-03-26T06:19:05.620+0000] {logging_mixin.py:151} INFO - [2024-03-26T06:19:05.619+0000] {dagbag.py:539} INFO - Filling up the DagBag from /home/airflow/.local/lib/python3.8/site-packages/airflow/example_dags/example_xcomargs.py
[2024-03-26T06:19:05.642+0000] {processor.py:839} INFO - DAG(s) dict_keys(['example_xcom_args', 'example_xcom_args_with_operators']) retrieved from /home/airflow/.local/lib/python3.8/site-packages/airflow/example_dags/example_xcomargs.py
[2024-03-26T06:19:05.698+0000] {logging_mixin.py:151} INFO - [2024-03-26T06:19:05.698+0000] {dag.py:2915} INFO - Sync 2 DAGs
[2024-03-26T06:19:05.741+0000] {logging_mixin.py:151} INFO - [2024-03-26T06:19:05.740+0000] {dag.py:3696} INFO - Setting next_dagrun for example_xcom_args to None, run_after=None
[2024-03-26T06:19:05.754+0000] {logging_mixin.py:151} INFO - [2024-03-26T06:19:05.754+0000] {dag.py:3696} INFO - Setting next_dagrun for example_xcom_args_with_operators to None, run_after=None
[2024-03-26T06:19:05.826+0000] {processor.py:179} INFO - Processing /home/airflow/.local/lib/python3.8/site-packages/airflow/example_dags/example_xcomargs.py took 0.253 seconds
[2024-03-26T06:19:36.194+0000] {processor.py:157} INFO - Started process (PID=1050) to work on /home/airflow/.local/lib/python3.8/site-packages/airflow/example_dags/example_xcomargs.py
[2024-03-26T06:19:36.196+0000] {processor.py:829} INFO - Processing file /home/airflow/.local/lib/python3.8/site-packages/airflow/example_dags/example_xcomargs.py for tasks to queue
[2024-03-26T06:19:36.200+0000] {logging_mixin.py:151} INFO - [2024-03-26T06:19:36.199+0000] {dagbag.py:539} INFO - Filling up the DagBag from /home/airflow/.local/lib/python3.8/site-packages/airflow/example_dags/example_xcomargs.py
[2024-03-26T06:19:36.213+0000] {processor.py:839} INFO - DAG(s) dict_keys(['example_xcom_args', 'example_xcom_args_with_operators']) retrieved from /home/airflow/.local/lib/python3.8/site-packages/airflow/example_dags/example_xcomargs.py
[2024-03-26T06:19:36.250+0000] {logging_mixin.py:151} INFO - [2024-03-26T06:19:36.250+0000] {dag.py:2915} INFO - Sync 2 DAGs
[2024-03-26T06:19:36.269+0000] {logging_mixin.py:151} INFO - [2024-03-26T06:19:36.269+0000] {dag.py:3696} INFO - Setting next_dagrun for example_xcom_args to None, run_after=None
[2024-03-26T06:19:36.277+0000] {logging_mixin.py:151} INFO - [2024-03-26T06:19:36.276+0000] {dag.py:3696} INFO - Setting next_dagrun for example_xcom_args_with_operators to None, run_after=None
[2024-03-26T06:19:36.348+0000] {processor.py:179} INFO - Processing /home/airflow/.local/lib/python3.8/site-packages/airflow/example_dags/example_xcomargs.py took 0.158 seconds
[2024-03-26T06:20:06.476+0000] {processor.py:157} INFO - Started process (PID=1104) to work on /home/airflow/.local/lib/python3.8/site-packages/airflow/example_dags/example_xcomargs.py
[2024-03-26T06:20:06.477+0000] {processor.py:829} INFO - Processing file /home/airflow/.local/lib/python3.8/site-packages/airflow/example_dags/example_xcomargs.py for tasks to queue
[2024-03-26T06:20:06.481+0000] {logging_mixin.py:151} INFO - [2024-03-26T06:20:06.480+0000] {dagbag.py:539} INFO - Filling up the DagBag from /home/airflow/.local/lib/python3.8/site-packages/airflow/example_dags/example_xcomargs.py
[2024-03-26T06:20:06.493+0000] {processor.py:839} INFO - DAG(s) dict_keys(['example_xcom_args_with_operators', 'example_xcom_args']) retrieved from /home/airflow/.local/lib/python3.8/site-packages/airflow/example_dags/example_xcomargs.py
[2024-03-26T06:20:06.525+0000] {logging_mixin.py:151} INFO - [2024-03-26T06:20:06.525+0000] {dag.py:2915} INFO - Sync 2 DAGs
[2024-03-26T06:20:06.540+0000] {logging_mixin.py:151} INFO - [2024-03-26T06:20:06.539+0000] {dag.py:3696} INFO - Setting next_dagrun for example_xcom_args to None, run_after=None
[2024-03-26T06:20:06.544+0000] {logging_mixin.py:151} INFO - [2024-03-26T06:20:06.544+0000] {dag.py:3696} INFO - Setting next_dagrun for example_xcom_args_with_operators to None, run_after=None
[2024-03-26T06:20:06.569+0000] {processor.py:179} INFO - Processing /home/airflow/.local/lib/python3.8/site-packages/airflow/example_dags/example_xcomargs.py took 0.097 seconds
[2024-03-26T06:20:36.909+0000] {processor.py:157} INFO - Started process (PID=1158) to work on /home/airflow/.local/lib/python3.8/site-packages/airflow/example_dags/example_xcomargs.py
[2024-03-26T06:20:36.911+0000] {processor.py:829} INFO - Processing file /home/airflow/.local/lib/python3.8/site-packages/airflow/example_dags/example_xcomargs.py for tasks to queue
[2024-03-26T06:20:36.914+0000] {logging_mixin.py:151} INFO - [2024-03-26T06:20:36.913+0000] {dagbag.py:539} INFO - Filling up the DagBag from /home/airflow/.local/lib/python3.8/site-packages/airflow/example_dags/example_xcomargs.py
[2024-03-26T06:20:36.925+0000] {processor.py:839} INFO - DAG(s) dict_keys(['example_xcom_args', 'example_xcom_args_with_operators']) retrieved from /home/airflow/.local/lib/python3.8/site-packages/airflow/example_dags/example_xcomargs.py
[2024-03-26T06:20:36.956+0000] {logging_mixin.py:151} INFO - [2024-03-26T06:20:36.956+0000] {dag.py:2915} INFO - Sync 2 DAGs
[2024-03-26T06:20:36.974+0000] {logging_mixin.py:151} INFO - [2024-03-26T06:20:36.974+0000] {dag.py:3696} INFO - Setting next_dagrun for example_xcom_args to None, run_after=None
[2024-03-26T06:20:36.979+0000] {logging_mixin.py:151} INFO - [2024-03-26T06:20:36.979+0000] {dag.py:3696} INFO - Setting next_dagrun for example_xcom_args_with_operators to None, run_after=None
[2024-03-26T06:20:37.002+0000] {processor.py:179} INFO - Processing /home/airflow/.local/lib/python3.8/site-packages/airflow/example_dags/example_xcomargs.py took 0.096 seconds
[2024-03-26T06:21:07.336+0000] {processor.py:157} INFO - Started process (PID=1212) to work on /home/airflow/.local/lib/python3.8/site-packages/airflow/example_dags/example_xcomargs.py
[2024-03-26T06:21:07.338+0000] {processor.py:829} INFO - Processing file /home/airflow/.local/lib/python3.8/site-packages/airflow/example_dags/example_xcomargs.py for tasks to queue
[2024-03-26T06:21:07.341+0000] {logging_mixin.py:151} INFO - [2024-03-26T06:21:07.341+0000] {dagbag.py:539} INFO - Filling up the DagBag from /home/airflow/.local/lib/python3.8/site-packages/airflow/example_dags/example_xcomargs.py
[2024-03-26T06:21:07.353+0000] {processor.py:839} INFO - DAG(s) dict_keys(['example_xcom_args_with_operators', 'example_xcom_args']) retrieved from /home/airflow/.local/lib/python3.8/site-packages/airflow/example_dags/example_xcomargs.py
[2024-03-26T06:21:07.381+0000] {logging_mixin.py:151} INFO - [2024-03-26T06:21:07.380+0000] {dag.py:2915} INFO - Sync 2 DAGs
[2024-03-26T06:21:07.398+0000] {logging_mixin.py:151} INFO - [2024-03-26T06:21:07.398+0000] {dag.py:3696} INFO - Setting next_dagrun for example_xcom_args to None, run_after=None
[2024-03-26T06:21:07.404+0000] {logging_mixin.py:151} INFO - [2024-03-26T06:21:07.404+0000] {dag.py:3696} INFO - Setting next_dagrun for example_xcom_args_with_operators to None, run_after=None
[2024-03-26T06:21:07.430+0000] {processor.py:179} INFO - Processing /home/airflow/.local/lib/python3.8/site-packages/airflow/example_dags/example_xcomargs.py took 0.097 seconds
[2024-03-26T06:21:38.250+0000] {processor.py:157} INFO - Started process (PID=1266) to work on /home/airflow/.local/lib/python3.8/site-packages/airflow/example_dags/example_xcomargs.py
[2024-03-26T06:21:38.252+0000] {processor.py:829} INFO - Processing file /home/airflow/.local/lib/python3.8/site-packages/airflow/example_dags/example_xcomargs.py for tasks to queue
[2024-03-26T06:21:38.256+0000] {logging_mixin.py:151} INFO - [2024-03-26T06:21:38.255+0000] {dagbag.py:539} INFO - Filling up the DagBag from /home/airflow/.local/lib/python3.8/site-packages/airflow/example_dags/example_xcomargs.py
[2024-03-26T06:21:38.268+0000] {processor.py:839} INFO - DAG(s) dict_keys(['example_xcom_args', 'example_xcom_args_with_operators']) retrieved from /home/airflow/.local/lib/python3.8/site-packages/airflow/example_dags/example_xcomargs.py
[2024-03-26T06:21:38.295+0000] {logging_mixin.py:151} INFO - [2024-03-26T06:21:38.295+0000] {dag.py:2915} INFO - Sync 2 DAGs
[2024-03-26T06:21:38.310+0000] {logging_mixin.py:151} INFO - [2024-03-26T06:21:38.310+0000] {dag.py:3696} INFO - Setting next_dagrun for example_xcom_args to None, run_after=None
[2024-03-26T06:21:38.315+0000] {logging_mixin.py:151} INFO - [2024-03-26T06:21:38.315+0000] {dag.py:3696} INFO - Setting next_dagrun for example_xcom_args_with_operators to None, run_after=None
[2024-03-26T06:21:38.338+0000] {processor.py:179} INFO - Processing /home/airflow/.local/lib/python3.8/site-packages/airflow/example_dags/example_xcomargs.py took 0.091 seconds
[2024-03-26T06:22:08.973+0000] {processor.py:157} INFO - Started process (PID=1320) to work on /home/airflow/.local/lib/python3.8/site-packages/airflow/example_dags/example_xcomargs.py
[2024-03-26T06:22:08.974+0000] {processor.py:829} INFO - Processing file /home/airflow/.local/lib/python3.8/site-packages/airflow/example_dags/example_xcomargs.py for tasks to queue
[2024-03-26T06:22:08.976+0000] {logging_mixin.py:151} INFO - [2024-03-26T06:22:08.976+0000] {dagbag.py:539} INFO - Filling up the DagBag from /home/airflow/.local/lib/python3.8/site-packages/airflow/example_dags/example_xcomargs.py
[2024-03-26T06:22:08.985+0000] {processor.py:839} INFO - DAG(s) dict_keys(['example_xcom_args', 'example_xcom_args_with_operators']) retrieved from /home/airflow/.local/lib/python3.8/site-packages/airflow/example_dags/example_xcomargs.py
[2024-03-26T06:22:09.013+0000] {logging_mixin.py:151} INFO - [2024-03-26T06:22:09.013+0000] {dag.py:2915} INFO - Sync 2 DAGs
[2024-03-26T06:22:09.033+0000] {logging_mixin.py:151} INFO - [2024-03-26T06:22:09.033+0000] {dag.py:3696} INFO - Setting next_dagrun for example_xcom_args to None, run_after=None
[2024-03-26T06:22:09.038+0000] {logging_mixin.py:151} INFO - [2024-03-26T06:22:09.038+0000] {dag.py:3696} INFO - Setting next_dagrun for example_xcom_args_with_operators to None, run_after=None
[2024-03-26T06:22:09.067+0000] {processor.py:179} INFO - Processing /home/airflow/.local/lib/python3.8/site-packages/airflow/example_dags/example_xcomargs.py took 0.098 seconds
[2024-03-26T06:22:39.455+0000] {processor.py:157} INFO - Started process (PID=1374) to work on /home/airflow/.local/lib/python3.8/site-packages/airflow/example_dags/example_xcomargs.py
[2024-03-26T06:22:39.457+0000] {processor.py:829} INFO - Processing file /home/airflow/.local/lib/python3.8/site-packages/airflow/example_dags/example_xcomargs.py for tasks to queue
[2024-03-26T06:22:39.460+0000] {logging_mixin.py:151} INFO - [2024-03-26T06:22:39.459+0000] {dagbag.py:539} INFO - Filling up the DagBag from /home/airflow/.local/lib/python3.8/site-packages/airflow/example_dags/example_xcomargs.py
[2024-03-26T06:22:39.473+0000] {processor.py:839} INFO - DAG(s) dict_keys(['example_xcom_args_with_operators', 'example_xcom_args']) retrieved from /home/airflow/.local/lib/python3.8/site-packages/airflow/example_dags/example_xcomargs.py
[2024-03-26T06:22:39.506+0000] {logging_mixin.py:151} INFO - [2024-03-26T06:22:39.505+0000] {dag.py:2915} INFO - Sync 2 DAGs
[2024-03-26T06:22:39.526+0000] {logging_mixin.py:151} INFO - [2024-03-26T06:22:39.526+0000] {dag.py:3696} INFO - Setting next_dagrun for example_xcom_args to None, run_after=None
[2024-03-26T06:22:39.532+0000] {logging_mixin.py:151} INFO - [2024-03-26T06:22:39.531+0000] {dag.py:3696} INFO - Setting next_dagrun for example_xcom_args_with_operators to None, run_after=None
[2024-03-26T06:22:39.555+0000] {processor.py:179} INFO - Processing /home/airflow/.local/lib/python3.8/site-packages/airflow/example_dags/example_xcomargs.py took 0.106 seconds
[2024-03-26T06:23:10.106+0000] {processor.py:157} INFO - Started process (PID=1428) to work on /home/airflow/.local/lib/python3.8/site-packages/airflow/example_dags/example_xcomargs.py
[2024-03-26T06:23:10.107+0000] {processor.py:829} INFO - Processing file /home/airflow/.local/lib/python3.8/site-packages/airflow/example_dags/example_xcomargs.py for tasks to queue
[2024-03-26T06:23:10.110+0000] {logging_mixin.py:151} INFO - [2024-03-26T06:23:10.110+0000] {dagbag.py:539} INFO - Filling up the DagBag from /home/airflow/.local/lib/python3.8/site-packages/airflow/example_dags/example_xcomargs.py
[2024-03-26T06:23:10.118+0000] {processor.py:839} INFO - DAG(s) dict_keys(['example_xcom_args', 'example_xcom_args_with_operators']) retrieved from /home/airflow/.local/lib/python3.8/site-packages/airflow/example_dags/example_xcomargs.py
[2024-03-26T06:23:10.145+0000] {logging_mixin.py:151} INFO - [2024-03-26T06:23:10.145+0000] {dag.py:2915} INFO - Sync 2 DAGs
[2024-03-26T06:23:10.160+0000] {logging_mixin.py:151} INFO - [2024-03-26T06:23:10.160+0000] {dag.py:3696} INFO - Setting next_dagrun for example_xcom_args to None, run_after=None
[2024-03-26T06:23:10.165+0000] {logging_mixin.py:151} INFO - [2024-03-26T06:23:10.165+0000] {dag.py:3696} INFO - Setting next_dagrun for example_xcom_args_with_operators to None, run_after=None
[2024-03-26T06:23:10.192+0000] {processor.py:179} INFO - Processing /home/airflow/.local/lib/python3.8/site-packages/airflow/example_dags/example_xcomargs.py took 0.091 seconds
[2024-03-26T06:23:40.631+0000] {processor.py:157} INFO - Started process (PID=1482) to work on /home/airflow/.local/lib/python3.8/site-packages/airflow/example_dags/example_xcomargs.py
[2024-03-26T06:23:40.633+0000] {processor.py:829} INFO - Processing file /home/airflow/.local/lib/python3.8/site-packages/airflow/example_dags/example_xcomargs.py for tasks to queue
[2024-03-26T06:23:40.636+0000] {logging_mixin.py:151} INFO - [2024-03-26T06:23:40.635+0000] {dagbag.py:539} INFO - Filling up the DagBag from /home/airflow/.local/lib/python3.8/site-packages/airflow/example_dags/example_xcomargs.py
[2024-03-26T06:23:40.645+0000] {processor.py:839} INFO - DAG(s) dict_keys(['example_xcom_args', 'example_xcom_args_with_operators']) retrieved from /home/airflow/.local/lib/python3.8/site-packages/airflow/example_dags/example_xcomargs.py
[2024-03-26T06:23:40.676+0000] {logging_mixin.py:151} INFO - [2024-03-26T06:23:40.676+0000] {dag.py:2915} INFO - Sync 2 DAGs
[2024-03-26T06:23:40.694+0000] {logging_mixin.py:151} INFO - [2024-03-26T06:23:40.694+0000] {dag.py:3696} INFO - Setting next_dagrun for example_xcom_args to None, run_after=None
[2024-03-26T06:23:40.699+0000] {logging_mixin.py:151} INFO - [2024-03-26T06:23:40.699+0000] {dag.py:3696} INFO - Setting next_dagrun for example_xcom_args_with_operators to None, run_after=None
[2024-03-26T06:23:40.722+0000] {processor.py:179} INFO - Processing /home/airflow/.local/lib/python3.8/site-packages/airflow/example_dags/example_xcomargs.py took 0.094 seconds
[2024-03-26T06:24:11.331+0000] {processor.py:157} INFO - Started process (PID=1536) to work on /home/airflow/.local/lib/python3.8/site-packages/airflow/example_dags/example_xcomargs.py
[2024-03-26T06:24:11.333+0000] {processor.py:829} INFO - Processing file /home/airflow/.local/lib/python3.8/site-packages/airflow/example_dags/example_xcomargs.py for tasks to queue
[2024-03-26T06:24:11.336+0000] {logging_mixin.py:151} INFO - [2024-03-26T06:24:11.335+0000] {dagbag.py:539} INFO - Filling up the DagBag from /home/airflow/.local/lib/python3.8/site-packages/airflow/example_dags/example_xcomargs.py
[2024-03-26T06:24:11.345+0000] {processor.py:839} INFO - DAG(s) dict_keys(['example_xcom_args_with_operators', 'example_xcom_args']) retrieved from /home/airflow/.local/lib/python3.8/site-packages/airflow/example_dags/example_xcomargs.py
[2024-03-26T06:24:11.375+0000] {logging_mixin.py:151} INFO - [2024-03-26T06:24:11.375+0000] {dag.py:2915} INFO - Sync 2 DAGs
[2024-03-26T06:24:11.390+0000] {logging_mixin.py:151} INFO - [2024-03-26T06:24:11.390+0000] {dag.py:3696} INFO - Setting next_dagrun for example_xcom_args to None, run_after=None
[2024-03-26T06:24:11.394+0000] {logging_mixin.py:151} INFO - [2024-03-26T06:24:11.394+0000] {dag.py:3696} INFO - Setting next_dagrun for example_xcom_args_with_operators to None, run_after=None
[2024-03-26T06:24:11.414+0000] {processor.py:179} INFO - Processing /home/airflow/.local/lib/python3.8/site-packages/airflow/example_dags/example_xcomargs.py took 0.088 seconds
[2024-03-26T06:24:42.047+0000] {processor.py:157} INFO - Started process (PID=1590) to work on /home/airflow/.local/lib/python3.8/site-packages/airflow/example_dags/example_xcomargs.py
[2024-03-26T06:24:42.048+0000] {processor.py:829} INFO - Processing file /home/airflow/.local/lib/python3.8/site-packages/airflow/example_dags/example_xcomargs.py for tasks to queue
[2024-03-26T06:24:42.052+0000] {logging_mixin.py:151} INFO - [2024-03-26T06:24:42.052+0000] {dagbag.py:539} INFO - Filling up the DagBag from /home/airflow/.local/lib/python3.8/site-packages/airflow/example_dags/example_xcomargs.py
[2024-03-26T06:24:42.063+0000] {processor.py:839} INFO - DAG(s) dict_keys(['example_xcom_args_with_operators', 'example_xcom_args']) retrieved from /home/airflow/.local/lib/python3.8/site-packages/airflow/example_dags/example_xcomargs.py
[2024-03-26T06:24:42.089+0000] {logging_mixin.py:151} INFO - [2024-03-26T06:24:42.088+0000] {dag.py:2915} INFO - Sync 2 DAGs
[2024-03-26T06:24:42.106+0000] {logging_mixin.py:151} INFO - [2024-03-26T06:24:42.106+0000] {dag.py:3696} INFO - Setting next_dagrun for example_xcom_args to None, run_after=None
[2024-03-26T06:24:42.111+0000] {logging_mixin.py:151} INFO - [2024-03-26T06:24:42.111+0000] {dag.py:3696} INFO - Setting next_dagrun for example_xcom_args_with_operators to None, run_after=None
[2024-03-26T06:24:42.142+0000] {processor.py:179} INFO - Processing /home/airflow/.local/lib/python3.8/site-packages/airflow/example_dags/example_xcomargs.py took 0.099 seconds
[2024-03-26T06:25:12.700+0000] {processor.py:157} INFO - Started process (PID=1644) to work on /home/airflow/.local/lib/python3.8/site-packages/airflow/example_dags/example_xcomargs.py
[2024-03-26T06:25:12.701+0000] {processor.py:829} INFO - Processing file /home/airflow/.local/lib/python3.8/site-packages/airflow/example_dags/example_xcomargs.py for tasks to queue
[2024-03-26T06:25:12.704+0000] {logging_mixin.py:151} INFO - [2024-03-26T06:25:12.704+0000] {dagbag.py:539} INFO - Filling up the DagBag from /home/airflow/.local/lib/python3.8/site-packages/airflow/example_dags/example_xcomargs.py
[2024-03-26T06:25:12.713+0000] {processor.py:839} INFO - DAG(s) dict_keys(['example_xcom_args', 'example_xcom_args_with_operators']) retrieved from /home/airflow/.local/lib/python3.8/site-packages/airflow/example_dags/example_xcomargs.py
[2024-03-26T06:25:12.743+0000] {logging_mixin.py:151} INFO - [2024-03-26T06:25:12.743+0000] {dag.py:2915} INFO - Sync 2 DAGs
[2024-03-26T06:25:12.759+0000] {logging_mixin.py:151} INFO - [2024-03-26T06:25:12.758+0000] {dag.py:3696} INFO - Setting next_dagrun for example_xcom_args to None, run_after=None
[2024-03-26T06:25:12.763+0000] {logging_mixin.py:151} INFO - [2024-03-26T06:25:12.763+0000] {dag.py:3696} INFO - Setting next_dagrun for example_xcom_args_with_operators to None, run_after=None
[2024-03-26T06:25:12.784+0000] {processor.py:179} INFO - Processing /home/airflow/.local/lib/python3.8/site-packages/airflow/example_dags/example_xcomargs.py took 0.089 seconds
[2024-03-26T06:25:43.148+0000] {processor.py:157} INFO - Started process (PID=1698) to work on /home/airflow/.local/lib/python3.8/site-packages/airflow/example_dags/example_xcomargs.py
[2024-03-26T06:25:43.149+0000] {processor.py:829} INFO - Processing file /home/airflow/.local/lib/python3.8/site-packages/airflow/example_dags/example_xcomargs.py for tasks to queue
[2024-03-26T06:25:43.153+0000] {logging_mixin.py:151} INFO - [2024-03-26T06:25:43.152+0000] {dagbag.py:539} INFO - Filling up the DagBag from /home/airflow/.local/lib/python3.8/site-packages/airflow/example_dags/example_xcomargs.py
[2024-03-26T06:25:43.164+0000] {processor.py:839} INFO - DAG(s) dict_keys(['example_xcom_args_with_operators', 'example_xcom_args']) retrieved from /home/airflow/.local/lib/python3.8/site-packages/airflow/example_dags/example_xcomargs.py
[2024-03-26T06:25:43.194+0000] {logging_mixin.py:151} INFO - [2024-03-26T06:25:43.194+0000] {dag.py:2915} INFO - Sync 2 DAGs
[2024-03-26T06:25:43.209+0000] {logging_mixin.py:151} INFO - [2024-03-26T06:25:43.209+0000] {dag.py:3696} INFO - Setting next_dagrun for example_xcom_args to None, run_after=None
[2024-03-26T06:25:43.214+0000] {logging_mixin.py:151} INFO - [2024-03-26T06:25:43.214+0000] {dag.py:3696} INFO - Setting next_dagrun for example_xcom_args_with_operators to None, run_after=None
[2024-03-26T06:25:43.247+0000] {processor.py:179} INFO - Processing /home/airflow/.local/lib/python3.8/site-packages/airflow/example_dags/example_xcomargs.py took 0.103 seconds
[2024-03-26T06:26:13.519+0000] {processor.py:157} INFO - Started process (PID=1752) to work on /home/airflow/.local/lib/python3.8/site-packages/airflow/example_dags/example_xcomargs.py
[2024-03-26T06:26:13.520+0000] {processor.py:829} INFO - Processing file /home/airflow/.local/lib/python3.8/site-packages/airflow/example_dags/example_xcomargs.py for tasks to queue
[2024-03-26T06:26:13.523+0000] {logging_mixin.py:151} INFO - [2024-03-26T06:26:13.523+0000] {dagbag.py:539} INFO - Filling up the DagBag from /home/airflow/.local/lib/python3.8/site-packages/airflow/example_dags/example_xcomargs.py
[2024-03-26T06:26:13.535+0000] {processor.py:839} INFO - DAG(s) dict_keys(['example_xcom_args', 'example_xcom_args_with_operators']) retrieved from /home/airflow/.local/lib/python3.8/site-packages/airflow/example_dags/example_xcomargs.py
[2024-03-26T06:26:13.568+0000] {logging_mixin.py:151} INFO - [2024-03-26T06:26:13.568+0000] {dag.py:2915} INFO - Sync 2 DAGs
[2024-03-26T06:26:13.586+0000] {logging_mixin.py:151} INFO - [2024-03-26T06:26:13.585+0000] {dag.py:3696} INFO - Setting next_dagrun for example_xcom_args to None, run_after=None
[2024-03-26T06:26:13.591+0000] {logging_mixin.py:151} INFO - [2024-03-26T06:26:13.590+0000] {dag.py:3696} INFO - Setting next_dagrun for example_xcom_args_with_operators to None, run_after=None
[2024-03-26T06:26:13.623+0000] {processor.py:179} INFO - Processing /home/airflow/.local/lib/python3.8/site-packages/airflow/example_dags/example_xcomargs.py took 0.109 seconds
[2024-03-26T06:26:44.215+0000] {processor.py:157} INFO - Started process (PID=1806) to work on /home/airflow/.local/lib/python3.8/site-packages/airflow/example_dags/example_xcomargs.py
[2024-03-26T06:26:44.217+0000] {processor.py:829} INFO - Processing file /home/airflow/.local/lib/python3.8/site-packages/airflow/example_dags/example_xcomargs.py for tasks to queue
[2024-03-26T06:26:44.220+0000] {logging_mixin.py:151} INFO - [2024-03-26T06:26:44.219+0000] {dagbag.py:539} INFO - Filling up the DagBag from /home/airflow/.local/lib/python3.8/site-packages/airflow/example_dags/example_xcomargs.py
[2024-03-26T06:26:44.228+0000] {processor.py:839} INFO - DAG(s) dict_keys(['example_xcom_args_with_operators', 'example_xcom_args']) retrieved from /home/airflow/.local/lib/python3.8/site-packages/airflow/example_dags/example_xcomargs.py
[2024-03-26T06:26:44.254+0000] {logging_mixin.py:151} INFO - [2024-03-26T06:26:44.254+0000] {dag.py:2915} INFO - Sync 2 DAGs
[2024-03-26T06:26:44.268+0000] {logging_mixin.py:151} INFO - [2024-03-26T06:26:44.268+0000] {dag.py:3696} INFO - Setting next_dagrun for example_xcom_args to None, run_after=None
[2024-03-26T06:26:44.272+0000] {logging_mixin.py:151} INFO - [2024-03-26T06:26:44.272+0000] {dag.py:3696} INFO - Setting next_dagrun for example_xcom_args_with_operators to None, run_after=None
[2024-03-26T06:26:44.297+0000] {processor.py:179} INFO - Processing /home/airflow/.local/lib/python3.8/site-packages/airflow/example_dags/example_xcomargs.py took 0.086 seconds
[2024-03-26T06:27:14.625+0000] {processor.py:157} INFO - Started process (PID=1860) to work on /home/airflow/.local/lib/python3.8/site-packages/airflow/example_dags/example_xcomargs.py
[2024-03-26T06:27:14.628+0000] {processor.py:829} INFO - Processing file /home/airflow/.local/lib/python3.8/site-packages/airflow/example_dags/example_xcomargs.py for tasks to queue
[2024-03-26T06:27:14.631+0000] {logging_mixin.py:151} INFO - [2024-03-26T06:27:14.630+0000] {dagbag.py:539} INFO - Filling up the DagBag from /home/airflow/.local/lib/python3.8/site-packages/airflow/example_dags/example_xcomargs.py
[2024-03-26T06:27:14.640+0000] {processor.py:839} INFO - DAG(s) dict_keys(['example_xcom_args_with_operators', 'example_xcom_args']) retrieved from /home/airflow/.local/lib/python3.8/site-packages/airflow/example_dags/example_xcomargs.py
[2024-03-26T06:27:14.670+0000] {logging_mixin.py:151} INFO - [2024-03-26T06:27:14.670+0000] {dag.py:2915} INFO - Sync 2 DAGs
[2024-03-26T06:27:14.687+0000] {logging_mixin.py:151} INFO - [2024-03-26T06:27:14.686+0000] {dag.py:3696} INFO - Setting next_dagrun for example_xcom_args to None, run_after=None
[2024-03-26T06:27:14.692+0000] {logging_mixin.py:151} INFO - [2024-03-26T06:27:14.691+0000] {dag.py:3696} INFO - Setting next_dagrun for example_xcom_args_with_operators to None, run_after=None
[2024-03-26T06:27:14.715+0000] {processor.py:179} INFO - Processing /home/airflow/.local/lib/python3.8/site-packages/airflow/example_dags/example_xcomargs.py took 0.093 seconds
[2024-03-26T06:27:45.088+0000] {processor.py:157} INFO - Started process (PID=1914) to work on /home/airflow/.local/lib/python3.8/site-packages/airflow/example_dags/example_xcomargs.py
[2024-03-26T06:27:45.090+0000] {processor.py:829} INFO - Processing file /home/airflow/.local/lib/python3.8/site-packages/airflow/example_dags/example_xcomargs.py for tasks to queue
[2024-03-26T06:27:45.093+0000] {logging_mixin.py:151} INFO - [2024-03-26T06:27:45.093+0000] {dagbag.py:539} INFO - Filling up the DagBag from /home/airflow/.local/lib/python3.8/site-packages/airflow/example_dags/example_xcomargs.py
[2024-03-26T06:27:45.104+0000] {processor.py:839} INFO - DAG(s) dict_keys(['example_xcom_args', 'example_xcom_args_with_operators']) retrieved from /home/airflow/.local/lib/python3.8/site-packages/airflow/example_dags/example_xcomargs.py
[2024-03-26T06:27:45.136+0000] {logging_mixin.py:151} INFO - [2024-03-26T06:27:45.136+0000] {dag.py:2915} INFO - Sync 2 DAGs
[2024-03-26T06:27:45.152+0000] {logging_mixin.py:151} INFO - [2024-03-26T06:27:45.152+0000] {dag.py:3696} INFO - Setting next_dagrun for example_xcom_args to None, run_after=None
[2024-03-26T06:27:45.157+0000] {logging_mixin.py:151} INFO - [2024-03-26T06:27:45.156+0000] {dag.py:3696} INFO - Setting next_dagrun for example_xcom_args_with_operators to None, run_after=None
[2024-03-26T06:27:45.192+0000] {processor.py:179} INFO - Processing /home/airflow/.local/lib/python3.8/site-packages/airflow/example_dags/example_xcomargs.py took 0.108 seconds
[2024-03-26T06:28:15.799+0000] {processor.py:157} INFO - Started process (PID=1968) to work on /home/airflow/.local/lib/python3.8/site-packages/airflow/example_dags/example_xcomargs.py
[2024-03-26T06:28:15.801+0000] {processor.py:829} INFO - Processing file /home/airflow/.local/lib/python3.8/site-packages/airflow/example_dags/example_xcomargs.py for tasks to queue
[2024-03-26T06:28:15.804+0000] {logging_mixin.py:151} INFO - [2024-03-26T06:28:15.803+0000] {dagbag.py:539} INFO - Filling up the DagBag from /home/airflow/.local/lib/python3.8/site-packages/airflow/example_dags/example_xcomargs.py
[2024-03-26T06:28:15.814+0000] {processor.py:839} INFO - DAG(s) dict_keys(['example_xcom_args', 'example_xcom_args_with_operators']) retrieved from /home/airflow/.local/lib/python3.8/site-packages/airflow/example_dags/example_xcomargs.py
[2024-03-26T06:28:15.844+0000] {logging_mixin.py:151} INFO - [2024-03-26T06:28:15.844+0000] {dag.py:2915} INFO - Sync 2 DAGs
[2024-03-26T06:28:15.861+0000] {logging_mixin.py:151} INFO - [2024-03-26T06:28:15.861+0000] {dag.py:3696} INFO - Setting next_dagrun for example_xcom_args to None, run_after=None
[2024-03-26T06:28:15.868+0000] {logging_mixin.py:151} INFO - [2024-03-26T06:28:15.868+0000] {dag.py:3696} INFO - Setting next_dagrun for example_xcom_args_with_operators to None, run_after=None
[2024-03-26T06:28:15.891+0000] {processor.py:179} INFO - Processing /home/airflow/.local/lib/python3.8/site-packages/airflow/example_dags/example_xcomargs.py took 0.096 seconds
[2024-03-26T06:28:45.931+0000] {processor.py:157} INFO - Started process (PID=2021) to work on /home/airflow/.local/lib/python3.8/site-packages/airflow/example_dags/example_xcomargs.py
[2024-03-26T06:28:45.932+0000] {processor.py:829} INFO - Processing file /home/airflow/.local/lib/python3.8/site-packages/airflow/example_dags/example_xcomargs.py for tasks to queue
[2024-03-26T06:28:45.935+0000] {logging_mixin.py:151} INFO - [2024-03-26T06:28:45.935+0000] {dagbag.py:539} INFO - Filling up the DagBag from /home/airflow/.local/lib/python3.8/site-packages/airflow/example_dags/example_xcomargs.py
[2024-03-26T06:28:45.944+0000] {processor.py:839} INFO - DAG(s) dict_keys(['example_xcom_args_with_operators', 'example_xcom_args']) retrieved from /home/airflow/.local/lib/python3.8/site-packages/airflow/example_dags/example_xcomargs.py
[2024-03-26T06:28:45.975+0000] {logging_mixin.py:151} INFO - [2024-03-26T06:28:45.975+0000] {dag.py:2915} INFO - Sync 2 DAGs
[2024-03-26T06:28:45.993+0000] {logging_mixin.py:151} INFO - [2024-03-26T06:28:45.993+0000] {dag.py:3696} INFO - Setting next_dagrun for example_xcom_args to None, run_after=None
[2024-03-26T06:28:45.998+0000] {logging_mixin.py:151} INFO - [2024-03-26T06:28:45.997+0000] {dag.py:3696} INFO - Setting next_dagrun for example_xcom_args_with_operators to None, run_after=None
[2024-03-26T06:28:46.020+0000] {processor.py:179} INFO - Processing /home/airflow/.local/lib/python3.8/site-packages/airflow/example_dags/example_xcomargs.py took 0.094 seconds
[2024-03-26T06:29:16.163+0000] {processor.py:157} INFO - Started process (PID=2075) to work on /home/airflow/.local/lib/python3.8/site-packages/airflow/example_dags/example_xcomargs.py
[2024-03-26T06:29:16.165+0000] {processor.py:829} INFO - Processing file /home/airflow/.local/lib/python3.8/site-packages/airflow/example_dags/example_xcomargs.py for tasks to queue
[2024-03-26T06:29:16.168+0000] {logging_mixin.py:151} INFO - [2024-03-26T06:29:16.168+0000] {dagbag.py:539} INFO - Filling up the DagBag from /home/airflow/.local/lib/python3.8/site-packages/airflow/example_dags/example_xcomargs.py
[2024-03-26T06:29:16.180+0000] {processor.py:839} INFO - DAG(s) dict_keys(['example_xcom_args', 'example_xcom_args_with_operators']) retrieved from /home/airflow/.local/lib/python3.8/site-packages/airflow/example_dags/example_xcomargs.py
[2024-03-26T06:29:16.222+0000] {logging_mixin.py:151} INFO - [2024-03-26T06:29:16.222+0000] {dag.py:2915} INFO - Sync 2 DAGs
[2024-03-26T06:29:16.238+0000] {logging_mixin.py:151} INFO - [2024-03-26T06:29:16.238+0000] {dag.py:3696} INFO - Setting next_dagrun for example_xcom_args to None, run_after=None
[2024-03-26T06:29:16.243+0000] {logging_mixin.py:151} INFO - [2024-03-26T06:29:16.243+0000] {dag.py:3696} INFO - Setting next_dagrun for example_xcom_args_with_operators to None, run_after=None
[2024-03-26T06:29:16.266+0000] {processor.py:179} INFO - Processing /home/airflow/.local/lib/python3.8/site-packages/airflow/example_dags/example_xcomargs.py took 0.108 seconds
[2024-03-26T06:29:46.417+0000] {processor.py:157} INFO - Started process (PID=2129) to work on /home/airflow/.local/lib/python3.8/site-packages/airflow/example_dags/example_xcomargs.py
[2024-03-26T06:29:46.419+0000] {processor.py:829} INFO - Processing file /home/airflow/.local/lib/python3.8/site-packages/airflow/example_dags/example_xcomargs.py for tasks to queue
[2024-03-26T06:29:46.423+0000] {logging_mixin.py:151} INFO - [2024-03-26T06:29:46.423+0000] {dagbag.py:539} INFO - Filling up the DagBag from /home/airflow/.local/lib/python3.8/site-packages/airflow/example_dags/example_xcomargs.py
[2024-03-26T06:29:46.432+0000] {processor.py:839} INFO - DAG(s) dict_keys(['example_xcom_args', 'example_xcom_args_with_operators']) retrieved from /home/airflow/.local/lib/python3.8/site-packages/airflow/example_dags/example_xcomargs.py
[2024-03-26T06:29:46.465+0000] {logging_mixin.py:151} INFO - [2024-03-26T06:29:46.465+0000] {dag.py:2915} INFO - Sync 2 DAGs
[2024-03-26T06:29:46.481+0000] {logging_mixin.py:151} INFO - [2024-03-26T06:29:46.481+0000] {dag.py:3696} INFO - Setting next_dagrun for example_xcom_args to None, run_after=None
[2024-03-26T06:29:46.485+0000] {logging_mixin.py:151} INFO - [2024-03-26T06:29:46.485+0000] {dag.py:3696} INFO - Setting next_dagrun for example_xcom_args_with_operators to None, run_after=None
[2024-03-26T06:29:46.506+0000] {processor.py:179} INFO - Processing /home/airflow/.local/lib/python3.8/site-packages/airflow/example_dags/example_xcomargs.py took 0.092 seconds
[2024-03-26T06:30:16.676+0000] {processor.py:157} INFO - Started process (PID=2183) to work on /home/airflow/.local/lib/python3.8/site-packages/airflow/example_dags/example_xcomargs.py
[2024-03-26T06:30:16.677+0000] {processor.py:829} INFO - Processing file /home/airflow/.local/lib/python3.8/site-packages/airflow/example_dags/example_xcomargs.py for tasks to queue
[2024-03-26T06:30:16.682+0000] {logging_mixin.py:151} INFO - [2024-03-26T06:30:16.681+0000] {dagbag.py:539} INFO - Filling up the DagBag from /home/airflow/.local/lib/python3.8/site-packages/airflow/example_dags/example_xcomargs.py
[2024-03-26T06:30:16.691+0000] {processor.py:839} INFO - DAG(s) dict_keys(['example_xcom_args_with_operators', 'example_xcom_args']) retrieved from /home/airflow/.local/lib/python3.8/site-packages/airflow/example_dags/example_xcomargs.py
[2024-03-26T06:30:16.725+0000] {logging_mixin.py:151} INFO - [2024-03-26T06:30:16.725+0000] {dag.py:2915} INFO - Sync 2 DAGs
[2024-03-26T06:30:16.741+0000] {logging_mixin.py:151} INFO - [2024-03-26T06:30:16.741+0000] {dag.py:3696} INFO - Setting next_dagrun for example_xcom_args to None, run_after=None
[2024-03-26T06:30:16.747+0000] {logging_mixin.py:151} INFO - [2024-03-26T06:30:16.747+0000] {dag.py:3696} INFO - Setting next_dagrun for example_xcom_args_with_operators to None, run_after=None
[2024-03-26T06:30:16.779+0000] {processor.py:179} INFO - Processing /home/airflow/.local/lib/python3.8/site-packages/airflow/example_dags/example_xcomargs.py took 0.108 seconds
[2024-03-26T06:30:46.932+0000] {processor.py:157} INFO - Started process (PID=2237) to work on /home/airflow/.local/lib/python3.8/site-packages/airflow/example_dags/example_xcomargs.py
[2024-03-26T06:30:46.934+0000] {processor.py:829} INFO - Processing file /home/airflow/.local/lib/python3.8/site-packages/airflow/example_dags/example_xcomargs.py for tasks to queue
[2024-03-26T06:30:46.937+0000] {logging_mixin.py:151} INFO - [2024-03-26T06:30:46.936+0000] {dagbag.py:539} INFO - Filling up the DagBag from /home/airflow/.local/lib/python3.8/site-packages/airflow/example_dags/example_xcomargs.py
[2024-03-26T06:30:46.947+0000] {processor.py:839} INFO - DAG(s) dict_keys(['example_xcom_args_with_operators', 'example_xcom_args']) retrieved from /home/airflow/.local/lib/python3.8/site-packages/airflow/example_dags/example_xcomargs.py
[2024-03-26T06:30:46.980+0000] {logging_mixin.py:151} INFO - [2024-03-26T06:30:46.980+0000] {dag.py:2915} INFO - Sync 2 DAGs
[2024-03-26T06:30:46.995+0000] {logging_mixin.py:151} INFO - [2024-03-26T06:30:46.994+0000] {dag.py:3696} INFO - Setting next_dagrun for example_xcom_args to None, run_after=None
[2024-03-26T06:30:47.000+0000] {logging_mixin.py:151} INFO - [2024-03-26T06:30:46.999+0000] {dag.py:3696} INFO - Setting next_dagrun for example_xcom_args_with_operators to None, run_after=None
[2024-03-26T06:30:47.034+0000] {processor.py:179} INFO - Processing /home/airflow/.local/lib/python3.8/site-packages/airflow/example_dags/example_xcomargs.py took 0.106 seconds
[2024-03-26T06:31:17.098+0000] {processor.py:157} INFO - Started process (PID=2290) to work on /home/airflow/.local/lib/python3.8/site-packages/airflow/example_dags/example_xcomargs.py
[2024-03-26T06:31:17.100+0000] {processor.py:829} INFO - Processing file /home/airflow/.local/lib/python3.8/site-packages/airflow/example_dags/example_xcomargs.py for tasks to queue
[2024-03-26T06:31:17.103+0000] {logging_mixin.py:151} INFO - [2024-03-26T06:31:17.103+0000] {dagbag.py:539} INFO - Filling up the DagBag from /home/airflow/.local/lib/python3.8/site-packages/airflow/example_dags/example_xcomargs.py
[2024-03-26T06:31:17.113+0000] {processor.py:839} INFO - DAG(s) dict_keys(['example_xcom_args_with_operators', 'example_xcom_args']) retrieved from /home/airflow/.local/lib/python3.8/site-packages/airflow/example_dags/example_xcomargs.py
[2024-03-26T06:31:17.143+0000] {logging_mixin.py:151} INFO - [2024-03-26T06:31:17.142+0000] {dag.py:2915} INFO - Sync 2 DAGs
[2024-03-26T06:31:17.157+0000] {logging_mixin.py:151} INFO - [2024-03-26T06:31:17.157+0000] {dag.py:3696} INFO - Setting next_dagrun for example_xcom_args to None, run_after=None
[2024-03-26T06:31:17.162+0000] {logging_mixin.py:151} INFO - [2024-03-26T06:31:17.161+0000] {dag.py:3696} INFO - Setting next_dagrun for example_xcom_args_with_operators to None, run_after=None
[2024-03-26T06:31:17.195+0000] {processor.py:179} INFO - Processing /home/airflow/.local/lib/python3.8/site-packages/airflow/example_dags/example_xcomargs.py took 0.101 seconds
[2024-03-26T06:31:47.464+0000] {processor.py:157} INFO - Started process (PID=2345) to work on /home/airflow/.local/lib/python3.8/site-packages/airflow/example_dags/example_xcomargs.py
[2024-03-26T06:31:47.465+0000] {processor.py:829} INFO - Processing file /home/airflow/.local/lib/python3.8/site-packages/airflow/example_dags/example_xcomargs.py for tasks to queue
[2024-03-26T06:31:47.469+0000] {logging_mixin.py:151} INFO - [2024-03-26T06:31:47.468+0000] {dagbag.py:539} INFO - Filling up the DagBag from /home/airflow/.local/lib/python3.8/site-packages/airflow/example_dags/example_xcomargs.py
[2024-03-26T06:31:47.478+0000] {processor.py:839} INFO - DAG(s) dict_keys(['example_xcom_args_with_operators', 'example_xcom_args']) retrieved from /home/airflow/.local/lib/python3.8/site-packages/airflow/example_dags/example_xcomargs.py
[2024-03-26T06:31:47.510+0000] {logging_mixin.py:151} INFO - [2024-03-26T06:31:47.510+0000] {dag.py:2915} INFO - Sync 2 DAGs
[2024-03-26T06:31:47.529+0000] {logging_mixin.py:151} INFO - [2024-03-26T06:31:47.528+0000] {dag.py:3696} INFO - Setting next_dagrun for example_xcom_args to None, run_after=None
[2024-03-26T06:31:47.535+0000] {logging_mixin.py:151} INFO - [2024-03-26T06:31:47.534+0000] {dag.py:3696} INFO - Setting next_dagrun for example_xcom_args_with_operators to None, run_after=None
[2024-03-26T06:31:47.557+0000] {processor.py:179} INFO - Processing /home/airflow/.local/lib/python3.8/site-packages/airflow/example_dags/example_xcomargs.py took 0.097 seconds
[2024-03-26T06:32:17.660+0000] {processor.py:157} INFO - Started process (PID=2399) to work on /home/airflow/.local/lib/python3.8/site-packages/airflow/example_dags/example_xcomargs.py
[2024-03-26T06:32:17.662+0000] {processor.py:829} INFO - Processing file /home/airflow/.local/lib/python3.8/site-packages/airflow/example_dags/example_xcomargs.py for tasks to queue
[2024-03-26T06:32:17.666+0000] {logging_mixin.py:151} INFO - [2024-03-26T06:32:17.666+0000] {dagbag.py:539} INFO - Filling up the DagBag from /home/airflow/.local/lib/python3.8/site-packages/airflow/example_dags/example_xcomargs.py
[2024-03-26T06:32:17.676+0000] {processor.py:839} INFO - DAG(s) dict_keys(['example_xcom_args_with_operators', 'example_xcom_args']) retrieved from /home/airflow/.local/lib/python3.8/site-packages/airflow/example_dags/example_xcomargs.py
[2024-03-26T06:32:17.709+0000] {logging_mixin.py:151} INFO - [2024-03-26T06:32:17.709+0000] {dag.py:2915} INFO - Sync 2 DAGs
[2024-03-26T06:32:17.727+0000] {logging_mixin.py:151} INFO - [2024-03-26T06:32:17.727+0000] {dag.py:3696} INFO - Setting next_dagrun for example_xcom_args to None, run_after=None
[2024-03-26T06:32:17.733+0000] {logging_mixin.py:151} INFO - [2024-03-26T06:32:17.733+0000] {dag.py:3696} INFO - Setting next_dagrun for example_xcom_args_with_operators to None, run_after=None
[2024-03-26T06:32:17.768+0000] {processor.py:179} INFO - Processing /home/airflow/.local/lib/python3.8/site-packages/airflow/example_dags/example_xcomargs.py took 0.111 seconds
[2024-03-26T06:32:48.282+0000] {processor.py:157} INFO - Started process (PID=2453) to work on /home/airflow/.local/lib/python3.8/site-packages/airflow/example_dags/example_xcomargs.py
[2024-03-26T06:32:48.284+0000] {processor.py:829} INFO - Processing file /home/airflow/.local/lib/python3.8/site-packages/airflow/example_dags/example_xcomargs.py for tasks to queue
[2024-03-26T06:32:48.287+0000] {logging_mixin.py:151} INFO - [2024-03-26T06:32:48.287+0000] {dagbag.py:539} INFO - Filling up the DagBag from /home/airflow/.local/lib/python3.8/site-packages/airflow/example_dags/example_xcomargs.py
[2024-03-26T06:32:48.299+0000] {processor.py:839} INFO - DAG(s) dict_keys(['example_xcom_args', 'example_xcom_args_with_operators']) retrieved from /home/airflow/.local/lib/python3.8/site-packages/airflow/example_dags/example_xcomargs.py
[2024-03-26T06:32:48.327+0000] {logging_mixin.py:151} INFO - [2024-03-26T06:32:48.327+0000] {dag.py:2915} INFO - Sync 2 DAGs
[2024-03-26T06:32:48.341+0000] {logging_mixin.py:151} INFO - [2024-03-26T06:32:48.341+0000] {dag.py:3696} INFO - Setting next_dagrun for example_xcom_args to None, run_after=None
[2024-03-26T06:32:48.346+0000] {logging_mixin.py:151} INFO - [2024-03-26T06:32:48.345+0000] {dag.py:3696} INFO - Setting next_dagrun for example_xcom_args_with_operators to None, run_after=None
[2024-03-26T06:32:48.377+0000] {processor.py:179} INFO - Processing /home/airflow/.local/lib/python3.8/site-packages/airflow/example_dags/example_xcomargs.py took 0.098 seconds
[2024-03-26T06:33:18.665+0000] {processor.py:157} INFO - Started process (PID=2507) to work on /home/airflow/.local/lib/python3.8/site-packages/airflow/example_dags/example_xcomargs.py
[2024-03-26T06:33:18.668+0000] {processor.py:829} INFO - Processing file /home/airflow/.local/lib/python3.8/site-packages/airflow/example_dags/example_xcomargs.py for tasks to queue
[2024-03-26T06:33:18.670+0000] {logging_mixin.py:151} INFO - [2024-03-26T06:33:18.670+0000] {dagbag.py:539} INFO - Filling up the DagBag from /home/airflow/.local/lib/python3.8/site-packages/airflow/example_dags/example_xcomargs.py
[2024-03-26T06:33:18.680+0000] {processor.py:839} INFO - DAG(s) dict_keys(['example_xcom_args_with_operators', 'example_xcom_args']) retrieved from /home/airflow/.local/lib/python3.8/site-packages/airflow/example_dags/example_xcomargs.py
[2024-03-26T06:33:18.710+0000] {logging_mixin.py:151} INFO - [2024-03-26T06:33:18.710+0000] {dag.py:2915} INFO - Sync 2 DAGs
[2024-03-26T06:33:18.727+0000] {logging_mixin.py:151} INFO - [2024-03-26T06:33:18.727+0000] {dag.py:3696} INFO - Setting next_dagrun for example_xcom_args to None, run_after=None
[2024-03-26T06:33:18.732+0000] {logging_mixin.py:151} INFO - [2024-03-26T06:33:18.732+0000] {dag.py:3696} INFO - Setting next_dagrun for example_xcom_args_with_operators to None, run_after=None
[2024-03-26T06:33:18.765+0000] {processor.py:179} INFO - Processing /home/airflow/.local/lib/python3.8/site-packages/airflow/example_dags/example_xcomargs.py took 0.104 seconds
[2024-03-26T06:33:49.316+0000] {processor.py:157} INFO - Started process (PID=2561) to work on /home/airflow/.local/lib/python3.8/site-packages/airflow/example_dags/example_xcomargs.py
[2024-03-26T06:33:49.318+0000] {processor.py:829} INFO - Processing file /home/airflow/.local/lib/python3.8/site-packages/airflow/example_dags/example_xcomargs.py for tasks to queue
[2024-03-26T06:33:49.322+0000] {logging_mixin.py:151} INFO - [2024-03-26T06:33:49.321+0000] {dagbag.py:539} INFO - Filling up the DagBag from /home/airflow/.local/lib/python3.8/site-packages/airflow/example_dags/example_xcomargs.py
[2024-03-26T06:33:49.333+0000] {processor.py:839} INFO - DAG(s) dict_keys(['example_xcom_args', 'example_xcom_args_with_operators']) retrieved from /home/airflow/.local/lib/python3.8/site-packages/airflow/example_dags/example_xcomargs.py
[2024-03-26T06:33:49.362+0000] {logging_mixin.py:151} INFO - [2024-03-26T06:33:49.361+0000] {dag.py:2915} INFO - Sync 2 DAGs
[2024-03-26T06:33:49.379+0000] {logging_mixin.py:151} INFO - [2024-03-26T06:33:49.379+0000] {dag.py:3696} INFO - Setting next_dagrun for example_xcom_args to None, run_after=None
[2024-03-26T06:33:49.384+0000] {logging_mixin.py:151} INFO - [2024-03-26T06:33:49.383+0000] {dag.py:3696} INFO - Setting next_dagrun for example_xcom_args_with_operators to None, run_after=None
[2024-03-26T06:33:49.414+0000] {processor.py:179} INFO - Processing /home/airflow/.local/lib/python3.8/site-packages/airflow/example_dags/example_xcomargs.py took 0.103 seconds
