[2024-03-26T06:03:53.837+0000] {processor.py:157} INFO - Started process (PID=42) to work on /home/airflow/.local/lib/python3.8/site-packages/airflow/example_dags/example_dynamic_task_mapping_with_no_taskflow_operators.py
[2024-03-26T06:03:53.840+0000] {processor.py:829} INFO - Processing file /home/airflow/.local/lib/python3.8/site-packages/airflow/example_dags/example_dynamic_task_mapping_with_no_taskflow_operators.py for tasks to queue
[2024-03-26T06:03:53.848+0000] {logging_mixin.py:151} INFO - [2024-03-26T06:03:53.848+0000] {dagbag.py:539} INFO - Filling up the DagBag from /home/airflow/.local/lib/python3.8/site-packages/airflow/example_dags/example_dynamic_task_mapping_with_no_taskflow_operators.py
[2024-03-26T06:03:55.854+0000] {processor.py:839} INFO - DAG(s) dict_keys(['example_dynamic_task_mapping_with_no_taskflow_operators']) retrieved from /home/airflow/.local/lib/python3.8/site-packages/airflow/example_dags/example_dynamic_task_mapping_with_no_taskflow_operators.py
[2024-03-26T06:03:57.109+0000] {logging_mixin.py:151} INFO - [2024-03-26T06:03:57.109+0000] {manager.py:499} INFO - Created Permission View: %s
[2024-03-26T06:03:57.160+0000] {logging_mixin.py:151} INFO - [2024-03-26T06:03:57.159+0000] {manager.py:499} INFO - Created Permission View: %s
[2024-03-26T06:03:57.194+0000] {logging_mixin.py:151} INFO - [2024-03-26T06:03:57.194+0000] {manager.py:499} INFO - Created Permission View: %s
[2024-03-26T06:03:57.197+0000] {logging_mixin.py:151} INFO - [2024-03-26T06:03:57.197+0000] {security.py:708} INFO - Not syncing DAG-level permissions for DAG 'DAG:example_dynamic_task_mapping_with_no_taskflow_operators' as access control is unset.
[2024-03-26T06:03:57.198+0000] {logging_mixin.py:151} INFO - [2024-03-26T06:03:57.198+0000] {dag.py:2915} INFO - Sync 1 DAGs
[2024-03-26T06:03:57.240+0000] {logging_mixin.py:151} INFO - [2024-03-26T06:03:57.239+0000] {dag.py:2937} INFO - Creating ORM DAG for example_dynamic_task_mapping_with_no_taskflow_operators
[2024-03-26T06:03:57.263+0000] {logging_mixin.py:151} INFO - [2024-03-26T06:03:57.263+0000] {dag.py:3696} INFO - Setting next_dagrun for example_dynamic_task_mapping_with_no_taskflow_operators to 2024-03-25T06:03:57.262555+00:00, run_after=2024-03-26T06:03:57.262555+00:00
[2024-03-26T06:03:57.312+0000] {processor.py:179} INFO - Processing /home/airflow/.local/lib/python3.8/site-packages/airflow/example_dags/example_dynamic_task_mapping_with_no_taskflow_operators.py took 3.481 seconds
[2024-03-26T06:04:27.507+0000] {processor.py:157} INFO - Started process (PID=95) to work on /home/airflow/.local/lib/python3.8/site-packages/airflow/example_dags/example_dynamic_task_mapping_with_no_taskflow_operators.py
[2024-03-26T06:04:27.511+0000] {processor.py:829} INFO - Processing file /home/airflow/.local/lib/python3.8/site-packages/airflow/example_dags/example_dynamic_task_mapping_with_no_taskflow_operators.py for tasks to queue
[2024-03-26T06:04:27.544+0000] {logging_mixin.py:151} INFO - [2024-03-26T06:04:27.542+0000] {dagbag.py:539} INFO - Filling up the DagBag from /home/airflow/.local/lib/python3.8/site-packages/airflow/example_dags/example_dynamic_task_mapping_with_no_taskflow_operators.py
[2024-03-26T06:04:27.581+0000] {processor.py:839} INFO - DAG(s) dict_keys(['example_dynamic_task_mapping_with_no_taskflow_operators']) retrieved from /home/airflow/.local/lib/python3.8/site-packages/airflow/example_dags/example_dynamic_task_mapping_with_no_taskflow_operators.py
[2024-03-26T06:04:27.758+0000] {logging_mixin.py:151} INFO - [2024-03-26T06:04:27.758+0000] {dag.py:2915} INFO - Sync 1 DAGs
[2024-03-26T06:04:27.794+0000] {logging_mixin.py:151} INFO - [2024-03-26T06:04:27.794+0000] {dag.py:3696} INFO - Setting next_dagrun for example_dynamic_task_mapping_with_no_taskflow_operators to 2024-03-25T06:04:27.793843+00:00, run_after=2024-03-26T06:04:27.793843+00:00
[2024-03-26T06:04:28.444+0000] {processor.py:179} INFO - Processing /home/airflow/.local/lib/python3.8/site-packages/airflow/example_dags/example_dynamic_task_mapping_with_no_taskflow_operators.py took 0.952 seconds
[2024-03-26T06:04:58.774+0000] {processor.py:157} INFO - Started process (PID=149) to work on /home/airflow/.local/lib/python3.8/site-packages/airflow/example_dags/example_dynamic_task_mapping_with_no_taskflow_operators.py
[2024-03-26T06:04:58.777+0000] {processor.py:829} INFO - Processing file /home/airflow/.local/lib/python3.8/site-packages/airflow/example_dags/example_dynamic_task_mapping_with_no_taskflow_operators.py for tasks to queue
[2024-03-26T06:04:58.783+0000] {logging_mixin.py:151} INFO - [2024-03-26T06:04:58.782+0000] {dagbag.py:539} INFO - Filling up the DagBag from /home/airflow/.local/lib/python3.8/site-packages/airflow/example_dags/example_dynamic_task_mapping_with_no_taskflow_operators.py
[2024-03-26T06:04:58.797+0000] {processor.py:839} INFO - DAG(s) dict_keys(['example_dynamic_task_mapping_with_no_taskflow_operators']) retrieved from /home/airflow/.local/lib/python3.8/site-packages/airflow/example_dags/example_dynamic_task_mapping_with_no_taskflow_operators.py
[2024-03-26T06:04:58.834+0000] {logging_mixin.py:151} INFO - [2024-03-26T06:04:58.833+0000] {dag.py:2915} INFO - Sync 1 DAGs
[2024-03-26T06:04:58.888+0000] {logging_mixin.py:151} INFO - [2024-03-26T06:04:58.888+0000] {dag.py:3696} INFO - Setting next_dagrun for example_dynamic_task_mapping_with_no_taskflow_operators to 2024-03-25T06:04:58.887861+00:00, run_after=2024-03-26T06:04:58.887861+00:00
[2024-03-26T06:04:58.917+0000] {processor.py:179} INFO - Processing /home/airflow/.local/lib/python3.8/site-packages/airflow/example_dags/example_dynamic_task_mapping_with_no_taskflow_operators.py took 0.149 seconds
[2024-03-26T06:05:29.387+0000] {processor.py:157} INFO - Started process (PID=204) to work on /home/airflow/.local/lib/python3.8/site-packages/airflow/example_dags/example_dynamic_task_mapping_with_no_taskflow_operators.py
[2024-03-26T06:05:29.390+0000] {processor.py:829} INFO - Processing file /home/airflow/.local/lib/python3.8/site-packages/airflow/example_dags/example_dynamic_task_mapping_with_no_taskflow_operators.py for tasks to queue
[2024-03-26T06:05:29.395+0000] {logging_mixin.py:151} INFO - [2024-03-26T06:05:29.394+0000] {dagbag.py:539} INFO - Filling up the DagBag from /home/airflow/.local/lib/python3.8/site-packages/airflow/example_dags/example_dynamic_task_mapping_with_no_taskflow_operators.py
[2024-03-26T06:05:29.409+0000] {processor.py:839} INFO - DAG(s) dict_keys(['example_dynamic_task_mapping_with_no_taskflow_operators']) retrieved from /home/airflow/.local/lib/python3.8/site-packages/airflow/example_dags/example_dynamic_task_mapping_with_no_taskflow_operators.py
[2024-03-26T06:05:29.521+0000] {logging_mixin.py:151} INFO - [2024-03-26T06:05:29.520+0000] {dag.py:2915} INFO - Sync 1 DAGs
[2024-03-26T06:05:29.560+0000] {logging_mixin.py:151} INFO - [2024-03-26T06:05:29.560+0000] {dag.py:3696} INFO - Setting next_dagrun for example_dynamic_task_mapping_with_no_taskflow_operators to 2024-03-25T06:05:29.559705+00:00, run_after=2024-03-26T06:05:29.559705+00:00
[2024-03-26T06:05:29.594+0000] {processor.py:179} INFO - Processing /home/airflow/.local/lib/python3.8/site-packages/airflow/example_dags/example_dynamic_task_mapping_with_no_taskflow_operators.py took 0.212 seconds
[2024-03-26T06:05:59.942+0000] {processor.py:157} INFO - Started process (PID=258) to work on /home/airflow/.local/lib/python3.8/site-packages/airflow/example_dags/example_dynamic_task_mapping_with_no_taskflow_operators.py
[2024-03-26T06:05:59.944+0000] {processor.py:829} INFO - Processing file /home/airflow/.local/lib/python3.8/site-packages/airflow/example_dags/example_dynamic_task_mapping_with_no_taskflow_operators.py for tasks to queue
[2024-03-26T06:05:59.948+0000] {logging_mixin.py:151} INFO - [2024-03-26T06:05:59.947+0000] {dagbag.py:539} INFO - Filling up the DagBag from /home/airflow/.local/lib/python3.8/site-packages/airflow/example_dags/example_dynamic_task_mapping_with_no_taskflow_operators.py
[2024-03-26T06:05:59.957+0000] {processor.py:839} INFO - DAG(s) dict_keys(['example_dynamic_task_mapping_with_no_taskflow_operators']) retrieved from /home/airflow/.local/lib/python3.8/site-packages/airflow/example_dags/example_dynamic_task_mapping_with_no_taskflow_operators.py
[2024-03-26T06:05:59.990+0000] {logging_mixin.py:151} INFO - [2024-03-26T06:05:59.989+0000] {dag.py:2915} INFO - Sync 1 DAGs
[2024-03-26T06:06:00.027+0000] {logging_mixin.py:151} INFO - [2024-03-26T06:06:00.026+0000] {dag.py:3696} INFO - Setting next_dagrun for example_dynamic_task_mapping_with_no_taskflow_operators to 2024-03-25T06:06:00.026545+00:00, run_after=2024-03-26T06:06:00.026545+00:00
[2024-03-26T06:06:00.060+0000] {processor.py:179} INFO - Processing /home/airflow/.local/lib/python3.8/site-packages/airflow/example_dags/example_dynamic_task_mapping_with_no_taskflow_operators.py took 0.122 seconds
[2024-03-26T06:06:30.507+0000] {processor.py:157} INFO - Started process (PID=312) to work on /home/airflow/.local/lib/python3.8/site-packages/airflow/example_dags/example_dynamic_task_mapping_with_no_taskflow_operators.py
[2024-03-26T06:06:30.512+0000] {processor.py:829} INFO - Processing file /home/airflow/.local/lib/python3.8/site-packages/airflow/example_dags/example_dynamic_task_mapping_with_no_taskflow_operators.py for tasks to queue
[2024-03-26T06:06:30.520+0000] {logging_mixin.py:151} INFO - [2024-03-26T06:06:30.519+0000] {dagbag.py:539} INFO - Filling up the DagBag from /home/airflow/.local/lib/python3.8/site-packages/airflow/example_dags/example_dynamic_task_mapping_with_no_taskflow_operators.py
[2024-03-26T06:06:30.580+0000] {processor.py:839} INFO - DAG(s) dict_keys(['example_dynamic_task_mapping_with_no_taskflow_operators']) retrieved from /home/airflow/.local/lib/python3.8/site-packages/airflow/example_dags/example_dynamic_task_mapping_with_no_taskflow_operators.py
[2024-03-26T06:06:30.635+0000] {logging_mixin.py:151} INFO - [2024-03-26T06:06:30.634+0000] {dag.py:2915} INFO - Sync 1 DAGs
[2024-03-26T06:06:30.711+0000] {logging_mixin.py:151} INFO - [2024-03-26T06:06:30.711+0000] {dag.py:3696} INFO - Setting next_dagrun for example_dynamic_task_mapping_with_no_taskflow_operators to 2024-03-25T06:06:30.710863+00:00, run_after=2024-03-26T06:06:30.710863+00:00
[2024-03-26T06:06:30.773+0000] {processor.py:179} INFO - Processing /home/airflow/.local/lib/python3.8/site-packages/airflow/example_dags/example_dynamic_task_mapping_with_no_taskflow_operators.py took 0.273 seconds
[2024-03-26T06:07:01.665+0000] {processor.py:157} INFO - Started process (PID=366) to work on /home/airflow/.local/lib/python3.8/site-packages/airflow/example_dags/example_dynamic_task_mapping_with_no_taskflow_operators.py
[2024-03-26T06:07:01.673+0000] {processor.py:829} INFO - Processing file /home/airflow/.local/lib/python3.8/site-packages/airflow/example_dags/example_dynamic_task_mapping_with_no_taskflow_operators.py for tasks to queue
[2024-03-26T06:07:01.701+0000] {logging_mixin.py:151} INFO - [2024-03-26T06:07:01.700+0000] {dagbag.py:539} INFO - Filling up the DagBag from /home/airflow/.local/lib/python3.8/site-packages/airflow/example_dags/example_dynamic_task_mapping_with_no_taskflow_operators.py
[2024-03-26T06:07:01.778+0000] {processor.py:839} INFO - DAG(s) dict_keys(['example_dynamic_task_mapping_with_no_taskflow_operators']) retrieved from /home/airflow/.local/lib/python3.8/site-packages/airflow/example_dags/example_dynamic_task_mapping_with_no_taskflow_operators.py
[2024-03-26T06:07:01.971+0000] {logging_mixin.py:151} INFO - [2024-03-26T06:07:01.970+0000] {dag.py:2915} INFO - Sync 1 DAGs
[2024-03-26T06:07:02.156+0000] {logging_mixin.py:151} INFO - [2024-03-26T06:07:02.155+0000] {dag.py:3696} INFO - Setting next_dagrun for example_dynamic_task_mapping_with_no_taskflow_operators to 2024-03-25T06:07:02.153013+00:00, run_after=2024-03-26T06:07:02.153013+00:00
[2024-03-26T06:07:02.224+0000] {processor.py:179} INFO - Processing /home/airflow/.local/lib/python3.8/site-packages/airflow/example_dags/example_dynamic_task_mapping_with_no_taskflow_operators.py took 0.622 seconds
[2024-03-26T06:07:32.403+0000] {processor.py:157} INFO - Started process (PID=420) to work on /home/airflow/.local/lib/python3.8/site-packages/airflow/example_dags/example_dynamic_task_mapping_with_no_taskflow_operators.py
[2024-03-26T06:07:32.405+0000] {processor.py:829} INFO - Processing file /home/airflow/.local/lib/python3.8/site-packages/airflow/example_dags/example_dynamic_task_mapping_with_no_taskflow_operators.py for tasks to queue
[2024-03-26T06:07:32.408+0000] {logging_mixin.py:151} INFO - [2024-03-26T06:07:32.408+0000] {dagbag.py:539} INFO - Filling up the DagBag from /home/airflow/.local/lib/python3.8/site-packages/airflow/example_dags/example_dynamic_task_mapping_with_no_taskflow_operators.py
[2024-03-26T06:07:32.415+0000] {processor.py:839} INFO - DAG(s) dict_keys(['example_dynamic_task_mapping_with_no_taskflow_operators']) retrieved from /home/airflow/.local/lib/python3.8/site-packages/airflow/example_dags/example_dynamic_task_mapping_with_no_taskflow_operators.py
[2024-03-26T06:07:32.442+0000] {logging_mixin.py:151} INFO - [2024-03-26T06:07:32.442+0000] {dag.py:2915} INFO - Sync 1 DAGs
[2024-03-26T06:07:32.472+0000] {logging_mixin.py:151} INFO - [2024-03-26T06:07:32.472+0000] {dag.py:3696} INFO - Setting next_dagrun for example_dynamic_task_mapping_with_no_taskflow_operators to 2024-03-25T06:07:32.471806+00:00, run_after=2024-03-26T06:07:32.471806+00:00
[2024-03-26T06:07:32.500+0000] {processor.py:179} INFO - Processing /home/airflow/.local/lib/python3.8/site-packages/airflow/example_dags/example_dynamic_task_mapping_with_no_taskflow_operators.py took 0.100 seconds
[2024-03-26T06:08:03.011+0000] {processor.py:157} INFO - Started process (PID=474) to work on /home/airflow/.local/lib/python3.8/site-packages/airflow/example_dags/example_dynamic_task_mapping_with_no_taskflow_operators.py
[2024-03-26T06:08:03.013+0000] {processor.py:829} INFO - Processing file /home/airflow/.local/lib/python3.8/site-packages/airflow/example_dags/example_dynamic_task_mapping_with_no_taskflow_operators.py for tasks to queue
[2024-03-26T06:08:03.016+0000] {logging_mixin.py:151} INFO - [2024-03-26T06:08:03.016+0000] {dagbag.py:539} INFO - Filling up the DagBag from /home/airflow/.local/lib/python3.8/site-packages/airflow/example_dags/example_dynamic_task_mapping_with_no_taskflow_operators.py
[2024-03-26T06:08:03.026+0000] {processor.py:839} INFO - DAG(s) dict_keys(['example_dynamic_task_mapping_with_no_taskflow_operators']) retrieved from /home/airflow/.local/lib/python3.8/site-packages/airflow/example_dags/example_dynamic_task_mapping_with_no_taskflow_operators.py
[2024-03-26T06:08:03.056+0000] {logging_mixin.py:151} INFO - [2024-03-26T06:08:03.056+0000] {dag.py:2915} INFO - Sync 1 DAGs
[2024-03-26T06:08:03.094+0000] {logging_mixin.py:151} INFO - [2024-03-26T06:08:03.093+0000] {dag.py:3696} INFO - Setting next_dagrun for example_dynamic_task_mapping_with_no_taskflow_operators to 2024-03-25T06:08:03.093244+00:00, run_after=2024-03-26T06:08:03.093244+00:00
[2024-03-26T06:08:03.121+0000] {processor.py:179} INFO - Processing /home/airflow/.local/lib/python3.8/site-packages/airflow/example_dags/example_dynamic_task_mapping_with_no_taskflow_operators.py took 0.114 seconds
[2024-03-26T06:08:33.286+0000] {processor.py:157} INFO - Started process (PID=528) to work on /home/airflow/.local/lib/python3.8/site-packages/airflow/example_dags/example_dynamic_task_mapping_with_no_taskflow_operators.py
[2024-03-26T06:08:33.287+0000] {processor.py:829} INFO - Processing file /home/airflow/.local/lib/python3.8/site-packages/airflow/example_dags/example_dynamic_task_mapping_with_no_taskflow_operators.py for tasks to queue
[2024-03-26T06:08:33.291+0000] {logging_mixin.py:151} INFO - [2024-03-26T06:08:33.291+0000] {dagbag.py:539} INFO - Filling up the DagBag from /home/airflow/.local/lib/python3.8/site-packages/airflow/example_dags/example_dynamic_task_mapping_with_no_taskflow_operators.py
[2024-03-26T06:08:33.299+0000] {processor.py:839} INFO - DAG(s) dict_keys(['example_dynamic_task_mapping_with_no_taskflow_operators']) retrieved from /home/airflow/.local/lib/python3.8/site-packages/airflow/example_dags/example_dynamic_task_mapping_with_no_taskflow_operators.py
[2024-03-26T06:08:33.327+0000] {logging_mixin.py:151} INFO - [2024-03-26T06:08:33.327+0000] {dag.py:2915} INFO - Sync 1 DAGs
[2024-03-26T06:08:33.357+0000] {logging_mixin.py:151} INFO - [2024-03-26T06:08:33.356+0000] {dag.py:3696} INFO - Setting next_dagrun for example_dynamic_task_mapping_with_no_taskflow_operators to 2024-03-25T06:08:33.356595+00:00, run_after=2024-03-26T06:08:33.356595+00:00
[2024-03-26T06:08:33.394+0000] {processor.py:179} INFO - Processing /home/airflow/.local/lib/python3.8/site-packages/airflow/example_dags/example_dynamic_task_mapping_with_no_taskflow_operators.py took 0.113 seconds
[2024-03-26T06:09:03.477+0000] {processor.py:157} INFO - Started process (PID=580) to work on /home/airflow/.local/lib/python3.8/site-packages/airflow/example_dags/example_dynamic_task_mapping_with_no_taskflow_operators.py
[2024-03-26T06:09:03.478+0000] {processor.py:829} INFO - Processing file /home/airflow/.local/lib/python3.8/site-packages/airflow/example_dags/example_dynamic_task_mapping_with_no_taskflow_operators.py for tasks to queue
[2024-03-26T06:09:03.482+0000] {logging_mixin.py:151} INFO - [2024-03-26T06:09:03.481+0000] {dagbag.py:539} INFO - Filling up the DagBag from /home/airflow/.local/lib/python3.8/site-packages/airflow/example_dags/example_dynamic_task_mapping_with_no_taskflow_operators.py
[2024-03-26T06:09:03.489+0000] {processor.py:839} INFO - DAG(s) dict_keys(['example_dynamic_task_mapping_with_no_taskflow_operators']) retrieved from /home/airflow/.local/lib/python3.8/site-packages/airflow/example_dags/example_dynamic_task_mapping_with_no_taskflow_operators.py
[2024-03-26T06:09:03.513+0000] {logging_mixin.py:151} INFO - [2024-03-26T06:09:03.513+0000] {dag.py:2915} INFO - Sync 1 DAGs
[2024-03-26T06:09:03.543+0000] {logging_mixin.py:151} INFO - [2024-03-26T06:09:03.543+0000] {dag.py:3696} INFO - Setting next_dagrun for example_dynamic_task_mapping_with_no_taskflow_operators to 2024-03-25T06:09:03.542883+00:00, run_after=2024-03-26T06:09:03.542883+00:00
[2024-03-26T06:09:03.566+0000] {processor.py:179} INFO - Processing /home/airflow/.local/lib/python3.8/site-packages/airflow/example_dags/example_dynamic_task_mapping_with_no_taskflow_operators.py took 0.092 seconds
[2024-03-26T06:09:34.323+0000] {processor.py:157} INFO - Started process (PID=634) to work on /home/airflow/.local/lib/python3.8/site-packages/airflow/example_dags/example_dynamic_task_mapping_with_no_taskflow_operators.py
[2024-03-26T06:09:34.325+0000] {processor.py:829} INFO - Processing file /home/airflow/.local/lib/python3.8/site-packages/airflow/example_dags/example_dynamic_task_mapping_with_no_taskflow_operators.py for tasks to queue
[2024-03-26T06:09:34.328+0000] {logging_mixin.py:151} INFO - [2024-03-26T06:09:34.328+0000] {dagbag.py:539} INFO - Filling up the DagBag from /home/airflow/.local/lib/python3.8/site-packages/airflow/example_dags/example_dynamic_task_mapping_with_no_taskflow_operators.py
[2024-03-26T06:09:34.337+0000] {processor.py:839} INFO - DAG(s) dict_keys(['example_dynamic_task_mapping_with_no_taskflow_operators']) retrieved from /home/airflow/.local/lib/python3.8/site-packages/airflow/example_dags/example_dynamic_task_mapping_with_no_taskflow_operators.py
[2024-03-26T06:09:34.365+0000] {logging_mixin.py:151} INFO - [2024-03-26T06:09:34.365+0000] {dag.py:2915} INFO - Sync 1 DAGs
[2024-03-26T06:09:34.395+0000] {logging_mixin.py:151} INFO - [2024-03-26T06:09:34.394+0000] {dag.py:3696} INFO - Setting next_dagrun for example_dynamic_task_mapping_with_no_taskflow_operators to 2024-03-25T06:09:34.394357+00:00, run_after=2024-03-26T06:09:34.394357+00:00
[2024-03-26T06:09:34.430+0000] {processor.py:179} INFO - Processing /home/airflow/.local/lib/python3.8/site-packages/airflow/example_dags/example_dynamic_task_mapping_with_no_taskflow_operators.py took 0.112 seconds
[2024-03-26T06:10:05.146+0000] {processor.py:157} INFO - Started process (PID=688) to work on /home/airflow/.local/lib/python3.8/site-packages/airflow/example_dags/example_dynamic_task_mapping_with_no_taskflow_operators.py
[2024-03-26T06:10:05.148+0000] {processor.py:829} INFO - Processing file /home/airflow/.local/lib/python3.8/site-packages/airflow/example_dags/example_dynamic_task_mapping_with_no_taskflow_operators.py for tasks to queue
[2024-03-26T06:10:05.160+0000] {logging_mixin.py:151} INFO - [2024-03-26T06:10:05.160+0000] {dagbag.py:539} INFO - Filling up the DagBag from /home/airflow/.local/lib/python3.8/site-packages/airflow/example_dags/example_dynamic_task_mapping_with_no_taskflow_operators.py
[2024-03-26T06:10:05.169+0000] {processor.py:839} INFO - DAG(s) dict_keys(['example_dynamic_task_mapping_with_no_taskflow_operators']) retrieved from /home/airflow/.local/lib/python3.8/site-packages/airflow/example_dags/example_dynamic_task_mapping_with_no_taskflow_operators.py
[2024-03-26T06:10:05.190+0000] {logging_mixin.py:151} INFO - [2024-03-26T06:10:05.190+0000] {dag.py:2915} INFO - Sync 1 DAGs
[2024-03-26T06:10:05.218+0000] {logging_mixin.py:151} INFO - [2024-03-26T06:10:05.218+0000] {dag.py:3696} INFO - Setting next_dagrun for example_dynamic_task_mapping_with_no_taskflow_operators to 2024-03-25T06:10:05.217712+00:00, run_after=2024-03-26T06:10:05.217712+00:00
[2024-03-26T06:10:05.241+0000] {processor.py:179} INFO - Processing /home/airflow/.local/lib/python3.8/site-packages/airflow/example_dags/example_dynamic_task_mapping_with_no_taskflow_operators.py took 0.099 seconds
[2024-03-26T06:10:35.668+0000] {processor.py:157} INFO - Started process (PID=742) to work on /home/airflow/.local/lib/python3.8/site-packages/airflow/example_dags/example_dynamic_task_mapping_with_no_taskflow_operators.py
[2024-03-26T06:10:35.670+0000] {processor.py:829} INFO - Processing file /home/airflow/.local/lib/python3.8/site-packages/airflow/example_dags/example_dynamic_task_mapping_with_no_taskflow_operators.py for tasks to queue
[2024-03-26T06:10:35.674+0000] {logging_mixin.py:151} INFO - [2024-03-26T06:10:35.673+0000] {dagbag.py:539} INFO - Filling up the DagBag from /home/airflow/.local/lib/python3.8/site-packages/airflow/example_dags/example_dynamic_task_mapping_with_no_taskflow_operators.py
[2024-03-26T06:10:35.682+0000] {processor.py:839} INFO - DAG(s) dict_keys(['example_dynamic_task_mapping_with_no_taskflow_operators']) retrieved from /home/airflow/.local/lib/python3.8/site-packages/airflow/example_dags/example_dynamic_task_mapping_with_no_taskflow_operators.py
[2024-03-26T06:10:35.708+0000] {logging_mixin.py:151} INFO - [2024-03-26T06:10:35.708+0000] {dag.py:2915} INFO - Sync 1 DAGs
[2024-03-26T06:10:35.737+0000] {logging_mixin.py:151} INFO - [2024-03-26T06:10:35.737+0000] {dag.py:3696} INFO - Setting next_dagrun for example_dynamic_task_mapping_with_no_taskflow_operators to 2024-03-25T06:10:35.737003+00:00, run_after=2024-03-26T06:10:35.737003+00:00
[2024-03-26T06:10:35.763+0000] {processor.py:179} INFO - Processing /home/airflow/.local/lib/python3.8/site-packages/airflow/example_dags/example_dynamic_task_mapping_with_no_taskflow_operators.py took 0.100 seconds
[2024-03-26T06:11:06.172+0000] {processor.py:157} INFO - Started process (PID=796) to work on /home/airflow/.local/lib/python3.8/site-packages/airflow/example_dags/example_dynamic_task_mapping_with_no_taskflow_operators.py
[2024-03-26T06:11:06.174+0000] {processor.py:829} INFO - Processing file /home/airflow/.local/lib/python3.8/site-packages/airflow/example_dags/example_dynamic_task_mapping_with_no_taskflow_operators.py for tasks to queue
[2024-03-26T06:11:06.176+0000] {logging_mixin.py:151} INFO - [2024-03-26T06:11:06.176+0000] {dagbag.py:539} INFO - Filling up the DagBag from /home/airflow/.local/lib/python3.8/site-packages/airflow/example_dags/example_dynamic_task_mapping_with_no_taskflow_operators.py
[2024-03-26T06:11:06.185+0000] {processor.py:839} INFO - DAG(s) dict_keys(['example_dynamic_task_mapping_with_no_taskflow_operators']) retrieved from /home/airflow/.local/lib/python3.8/site-packages/airflow/example_dags/example_dynamic_task_mapping_with_no_taskflow_operators.py
[2024-03-26T06:11:06.207+0000] {logging_mixin.py:151} INFO - [2024-03-26T06:11:06.207+0000] {dag.py:2915} INFO - Sync 1 DAGs
[2024-03-26T06:11:06.234+0000] {logging_mixin.py:151} INFO - [2024-03-26T06:11:06.234+0000] {dag.py:3696} INFO - Setting next_dagrun for example_dynamic_task_mapping_with_no_taskflow_operators to 2024-03-25T06:11:06.234256+00:00, run_after=2024-03-26T06:11:06.234256+00:00
[2024-03-26T06:11:06.268+0000] {processor.py:179} INFO - Processing /home/airflow/.local/lib/python3.8/site-packages/airflow/example_dags/example_dynamic_task_mapping_with_no_taskflow_operators.py took 0.099 seconds
[2024-03-26T06:11:37.163+0000] {processor.py:157} INFO - Started process (PID=850) to work on /home/airflow/.local/lib/python3.8/site-packages/airflow/example_dags/example_dynamic_task_mapping_with_no_taskflow_operators.py
[2024-03-26T06:11:37.165+0000] {processor.py:829} INFO - Processing file /home/airflow/.local/lib/python3.8/site-packages/airflow/example_dags/example_dynamic_task_mapping_with_no_taskflow_operators.py for tasks to queue
[2024-03-26T06:11:37.168+0000] {logging_mixin.py:151} INFO - [2024-03-26T06:11:37.168+0000] {dagbag.py:539} INFO - Filling up the DagBag from /home/airflow/.local/lib/python3.8/site-packages/airflow/example_dags/example_dynamic_task_mapping_with_no_taskflow_operators.py
[2024-03-26T06:11:37.176+0000] {processor.py:839} INFO - DAG(s) dict_keys(['example_dynamic_task_mapping_with_no_taskflow_operators']) retrieved from /home/airflow/.local/lib/python3.8/site-packages/airflow/example_dags/example_dynamic_task_mapping_with_no_taskflow_operators.py
[2024-03-26T06:11:37.204+0000] {logging_mixin.py:151} INFO - [2024-03-26T06:11:37.204+0000] {dag.py:2915} INFO - Sync 1 DAGs
[2024-03-26T06:11:37.236+0000] {logging_mixin.py:151} INFO - [2024-03-26T06:11:37.236+0000] {dag.py:3696} INFO - Setting next_dagrun for example_dynamic_task_mapping_with_no_taskflow_operators to 2024-03-25T06:11:37.235569+00:00, run_after=2024-03-26T06:11:37.235569+00:00
[2024-03-26T06:11:37.268+0000] {processor.py:179} INFO - Processing /home/airflow/.local/lib/python3.8/site-packages/airflow/example_dags/example_dynamic_task_mapping_with_no_taskflow_operators.py took 0.109 seconds
[2024-03-26T06:12:08.001+0000] {processor.py:157} INFO - Started process (PID=904) to work on /home/airflow/.local/lib/python3.8/site-packages/airflow/example_dags/example_dynamic_task_mapping_with_no_taskflow_operators.py
[2024-03-26T06:12:08.003+0000] {processor.py:829} INFO - Processing file /home/airflow/.local/lib/python3.8/site-packages/airflow/example_dags/example_dynamic_task_mapping_with_no_taskflow_operators.py for tasks to queue
[2024-03-26T06:12:08.006+0000] {logging_mixin.py:151} INFO - [2024-03-26T06:12:08.006+0000] {dagbag.py:539} INFO - Filling up the DagBag from /home/airflow/.local/lib/python3.8/site-packages/airflow/example_dags/example_dynamic_task_mapping_with_no_taskflow_operators.py
[2024-03-26T06:12:08.016+0000] {processor.py:839} INFO - DAG(s) dict_keys(['example_dynamic_task_mapping_with_no_taskflow_operators']) retrieved from /home/airflow/.local/lib/python3.8/site-packages/airflow/example_dags/example_dynamic_task_mapping_with_no_taskflow_operators.py
[2024-03-26T06:12:08.040+0000] {logging_mixin.py:151} INFO - [2024-03-26T06:12:08.040+0000] {dag.py:2915} INFO - Sync 1 DAGs
[2024-03-26T06:12:08.064+0000] {logging_mixin.py:151} INFO - [2024-03-26T06:12:08.064+0000] {dag.py:3696} INFO - Setting next_dagrun for example_dynamic_task_mapping_with_no_taskflow_operators to 2024-03-25T06:12:08.064479+00:00, run_after=2024-03-26T06:12:08.064479+00:00
[2024-03-26T06:12:08.098+0000] {processor.py:179} INFO - Processing /home/airflow/.local/lib/python3.8/site-packages/airflow/example_dags/example_dynamic_task_mapping_with_no_taskflow_operators.py took 0.102 seconds
[2024-03-26T06:12:38.657+0000] {processor.py:157} INFO - Started process (PID=958) to work on /home/airflow/.local/lib/python3.8/site-packages/airflow/example_dags/example_dynamic_task_mapping_with_no_taskflow_operators.py
[2024-03-26T06:12:38.659+0000] {processor.py:829} INFO - Processing file /home/airflow/.local/lib/python3.8/site-packages/airflow/example_dags/example_dynamic_task_mapping_with_no_taskflow_operators.py for tasks to queue
[2024-03-26T06:12:38.663+0000] {logging_mixin.py:151} INFO - [2024-03-26T06:12:38.662+0000] {dagbag.py:539} INFO - Filling up the DagBag from /home/airflow/.local/lib/python3.8/site-packages/airflow/example_dags/example_dynamic_task_mapping_with_no_taskflow_operators.py
[2024-03-26T06:12:38.670+0000] {processor.py:839} INFO - DAG(s) dict_keys(['example_dynamic_task_mapping_with_no_taskflow_operators']) retrieved from /home/airflow/.local/lib/python3.8/site-packages/airflow/example_dags/example_dynamic_task_mapping_with_no_taskflow_operators.py
[2024-03-26T06:12:38.694+0000] {logging_mixin.py:151} INFO - [2024-03-26T06:12:38.693+0000] {dag.py:2915} INFO - Sync 1 DAGs
[2024-03-26T06:12:38.721+0000] {logging_mixin.py:151} INFO - [2024-03-26T06:12:38.721+0000] {dag.py:3696} INFO - Setting next_dagrun for example_dynamic_task_mapping_with_no_taskflow_operators to 2024-03-25T06:12:38.721398+00:00, run_after=2024-03-26T06:12:38.721398+00:00
[2024-03-26T06:12:38.757+0000] {processor.py:179} INFO - Processing /home/airflow/.local/lib/python3.8/site-packages/airflow/example_dags/example_dynamic_task_mapping_with_no_taskflow_operators.py took 0.105 seconds
[2024-03-26T06:19:02.922+0000] {processor.py:157} INFO - Started process (PID=991) to work on /home/airflow/.local/lib/python3.8/site-packages/airflow/example_dags/example_dynamic_task_mapping_with_no_taskflow_operators.py
[2024-03-26T06:19:02.932+0000] {processor.py:829} INFO - Processing file /home/airflow/.local/lib/python3.8/site-packages/airflow/example_dags/example_dynamic_task_mapping_with_no_taskflow_operators.py for tasks to queue
[2024-03-26T06:19:02.949+0000] {logging_mixin.py:151} INFO - [2024-03-26T06:19:02.948+0000] {dagbag.py:539} INFO - Filling up the DagBag from /home/airflow/.local/lib/python3.8/site-packages/airflow/example_dags/example_dynamic_task_mapping_with_no_taskflow_operators.py
[2024-03-26T06:19:02.976+0000] {processor.py:839} INFO - DAG(s) dict_keys(['example_dynamic_task_mapping_with_no_taskflow_operators']) retrieved from /home/airflow/.local/lib/python3.8/site-packages/airflow/example_dags/example_dynamic_task_mapping_with_no_taskflow_operators.py
[2024-03-26T06:19:03.080+0000] {logging_mixin.py:151} INFO - [2024-03-26T06:19:03.080+0000] {dag.py:2915} INFO - Sync 1 DAGs
[2024-03-26T06:19:03.188+0000] {logging_mixin.py:151} INFO - [2024-03-26T06:19:03.188+0000] {dag.py:3696} INFO - Setting next_dagrun for example_dynamic_task_mapping_with_no_taskflow_operators to 2024-03-25T06:19:03.186021+00:00, run_after=2024-03-26T06:19:03.186021+00:00
[2024-03-26T06:19:03.291+0000] {processor.py:179} INFO - Processing /home/airflow/.local/lib/python3.8/site-packages/airflow/example_dags/example_dynamic_task_mapping_with_no_taskflow_operators.py took 0.383 seconds
[2024-03-26T06:19:33.615+0000] {processor.py:157} INFO - Started process (PID=1044) to work on /home/airflow/.local/lib/python3.8/site-packages/airflow/example_dags/example_dynamic_task_mapping_with_no_taskflow_operators.py
[2024-03-26T06:19:33.617+0000] {processor.py:829} INFO - Processing file /home/airflow/.local/lib/python3.8/site-packages/airflow/example_dags/example_dynamic_task_mapping_with_no_taskflow_operators.py for tasks to queue
[2024-03-26T06:19:33.621+0000] {logging_mixin.py:151} INFO - [2024-03-26T06:19:33.620+0000] {dagbag.py:539} INFO - Filling up the DagBag from /home/airflow/.local/lib/python3.8/site-packages/airflow/example_dags/example_dynamic_task_mapping_with_no_taskflow_operators.py
[2024-03-26T06:19:33.629+0000] {processor.py:839} INFO - DAG(s) dict_keys(['example_dynamic_task_mapping_with_no_taskflow_operators']) retrieved from /home/airflow/.local/lib/python3.8/site-packages/airflow/example_dags/example_dynamic_task_mapping_with_no_taskflow_operators.py
[2024-03-26T06:19:33.653+0000] {logging_mixin.py:151} INFO - [2024-03-26T06:19:33.653+0000] {dag.py:2915} INFO - Sync 1 DAGs
[2024-03-26T06:19:33.685+0000] {logging_mixin.py:151} INFO - [2024-03-26T06:19:33.685+0000] {dag.py:3696} INFO - Setting next_dagrun for example_dynamic_task_mapping_with_no_taskflow_operators to 2024-03-25T06:19:33.684862+00:00, run_after=2024-03-26T06:19:33.684862+00:00
[2024-03-26T06:19:33.710+0000] {processor.py:179} INFO - Processing /home/airflow/.local/lib/python3.8/site-packages/airflow/example_dags/example_dynamic_task_mapping_with_no_taskflow_operators.py took 0.100 seconds
[2024-03-26T06:20:03.848+0000] {processor.py:157} INFO - Started process (PID=1098) to work on /home/airflow/.local/lib/python3.8/site-packages/airflow/example_dags/example_dynamic_task_mapping_with_no_taskflow_operators.py
[2024-03-26T06:20:03.850+0000] {processor.py:829} INFO - Processing file /home/airflow/.local/lib/python3.8/site-packages/airflow/example_dags/example_dynamic_task_mapping_with_no_taskflow_operators.py for tasks to queue
[2024-03-26T06:20:03.853+0000] {logging_mixin.py:151} INFO - [2024-03-26T06:20:03.853+0000] {dagbag.py:539} INFO - Filling up the DagBag from /home/airflow/.local/lib/python3.8/site-packages/airflow/example_dags/example_dynamic_task_mapping_with_no_taskflow_operators.py
[2024-03-26T06:20:03.860+0000] {processor.py:839} INFO - DAG(s) dict_keys(['example_dynamic_task_mapping_with_no_taskflow_operators']) retrieved from /home/airflow/.local/lib/python3.8/site-packages/airflow/example_dags/example_dynamic_task_mapping_with_no_taskflow_operators.py
[2024-03-26T06:20:03.885+0000] {logging_mixin.py:151} INFO - [2024-03-26T06:20:03.884+0000] {dag.py:2915} INFO - Sync 1 DAGs
[2024-03-26T06:20:03.912+0000] {logging_mixin.py:151} INFO - [2024-03-26T06:20:03.911+0000] {dag.py:3696} INFO - Setting next_dagrun for example_dynamic_task_mapping_with_no_taskflow_operators to 2024-03-25T06:20:03.911677+00:00, run_after=2024-03-26T06:20:03.911677+00:00
[2024-03-26T06:20:03.936+0000] {processor.py:179} INFO - Processing /home/airflow/.local/lib/python3.8/site-packages/airflow/example_dags/example_dynamic_task_mapping_with_no_taskflow_operators.py took 0.091 seconds
[2024-03-26T06:20:34.470+0000] {processor.py:157} INFO - Started process (PID=1152) to work on /home/airflow/.local/lib/python3.8/site-packages/airflow/example_dags/example_dynamic_task_mapping_with_no_taskflow_operators.py
[2024-03-26T06:20:34.471+0000] {processor.py:829} INFO - Processing file /home/airflow/.local/lib/python3.8/site-packages/airflow/example_dags/example_dynamic_task_mapping_with_no_taskflow_operators.py for tasks to queue
[2024-03-26T06:20:34.475+0000] {logging_mixin.py:151} INFO - [2024-03-26T06:20:34.475+0000] {dagbag.py:539} INFO - Filling up the DagBag from /home/airflow/.local/lib/python3.8/site-packages/airflow/example_dags/example_dynamic_task_mapping_with_no_taskflow_operators.py
[2024-03-26T06:20:34.483+0000] {processor.py:839} INFO - DAG(s) dict_keys(['example_dynamic_task_mapping_with_no_taskflow_operators']) retrieved from /home/airflow/.local/lib/python3.8/site-packages/airflow/example_dags/example_dynamic_task_mapping_with_no_taskflow_operators.py
[2024-03-26T06:20:34.507+0000] {logging_mixin.py:151} INFO - [2024-03-26T06:20:34.507+0000] {dag.py:2915} INFO - Sync 1 DAGs
[2024-03-26T06:20:34.535+0000] {logging_mixin.py:151} INFO - [2024-03-26T06:20:34.534+0000] {dag.py:3696} INFO - Setting next_dagrun for example_dynamic_task_mapping_with_no_taskflow_operators to 2024-03-25T06:20:34.534673+00:00, run_after=2024-03-26T06:20:34.534673+00:00
[2024-03-26T06:20:34.560+0000] {processor.py:179} INFO - Processing /home/airflow/.local/lib/python3.8/site-packages/airflow/example_dags/example_dynamic_task_mapping_with_no_taskflow_operators.py took 0.095 seconds
[2024-03-26T06:21:04.745+0000] {processor.py:157} INFO - Started process (PID=1206) to work on /home/airflow/.local/lib/python3.8/site-packages/airflow/example_dags/example_dynamic_task_mapping_with_no_taskflow_operators.py
[2024-03-26T06:21:04.747+0000] {processor.py:829} INFO - Processing file /home/airflow/.local/lib/python3.8/site-packages/airflow/example_dags/example_dynamic_task_mapping_with_no_taskflow_operators.py for tasks to queue
[2024-03-26T06:21:04.749+0000] {logging_mixin.py:151} INFO - [2024-03-26T06:21:04.749+0000] {dagbag.py:539} INFO - Filling up the DagBag from /home/airflow/.local/lib/python3.8/site-packages/airflow/example_dags/example_dynamic_task_mapping_with_no_taskflow_operators.py
[2024-03-26T06:21:04.756+0000] {processor.py:839} INFO - DAG(s) dict_keys(['example_dynamic_task_mapping_with_no_taskflow_operators']) retrieved from /home/airflow/.local/lib/python3.8/site-packages/airflow/example_dags/example_dynamic_task_mapping_with_no_taskflow_operators.py
[2024-03-26T06:21:04.782+0000] {logging_mixin.py:151} INFO - [2024-03-26T06:21:04.782+0000] {dag.py:2915} INFO - Sync 1 DAGs
[2024-03-26T06:21:04.810+0000] {logging_mixin.py:151} INFO - [2024-03-26T06:21:04.810+0000] {dag.py:3696} INFO - Setting next_dagrun for example_dynamic_task_mapping_with_no_taskflow_operators to 2024-03-25T06:21:04.809864+00:00, run_after=2024-03-26T06:21:04.809864+00:00
[2024-03-26T06:21:04.836+0000] {processor.py:179} INFO - Processing /home/airflow/.local/lib/python3.8/site-packages/airflow/example_dags/example_dynamic_task_mapping_with_no_taskflow_operators.py took 0.095 seconds
[2024-03-26T06:21:34.924+0000] {processor.py:157} INFO - Started process (PID=1260) to work on /home/airflow/.local/lib/python3.8/site-packages/airflow/example_dags/example_dynamic_task_mapping_with_no_taskflow_operators.py
[2024-03-26T06:21:34.925+0000] {processor.py:829} INFO - Processing file /home/airflow/.local/lib/python3.8/site-packages/airflow/example_dags/example_dynamic_task_mapping_with_no_taskflow_operators.py for tasks to queue
[2024-03-26T06:21:34.929+0000] {logging_mixin.py:151} INFO - [2024-03-26T06:21:34.929+0000] {dagbag.py:539} INFO - Filling up the DagBag from /home/airflow/.local/lib/python3.8/site-packages/airflow/example_dags/example_dynamic_task_mapping_with_no_taskflow_operators.py
[2024-03-26T06:21:34.936+0000] {processor.py:839} INFO - DAG(s) dict_keys(['example_dynamic_task_mapping_with_no_taskflow_operators']) retrieved from /home/airflow/.local/lib/python3.8/site-packages/airflow/example_dags/example_dynamic_task_mapping_with_no_taskflow_operators.py
[2024-03-26T06:21:34.960+0000] {logging_mixin.py:151} INFO - [2024-03-26T06:21:34.960+0000] {dag.py:2915} INFO - Sync 1 DAGs
[2024-03-26T06:21:34.983+0000] {logging_mixin.py:151} INFO - [2024-03-26T06:21:34.983+0000] {dag.py:3696} INFO - Setting next_dagrun for example_dynamic_task_mapping_with_no_taskflow_operators to 2024-03-25T06:21:34.983195+00:00, run_after=2024-03-26T06:21:34.983195+00:00
[2024-03-26T06:21:35.018+0000] {processor.py:179} INFO - Processing /home/airflow/.local/lib/python3.8/site-packages/airflow/example_dags/example_dynamic_task_mapping_with_no_taskflow_operators.py took 0.099 seconds
[2024-03-26T06:22:05.541+0000] {processor.py:157} INFO - Started process (PID=1314) to work on /home/airflow/.local/lib/python3.8/site-packages/airflow/example_dags/example_dynamic_task_mapping_with_no_taskflow_operators.py
[2024-03-26T06:22:05.543+0000] {processor.py:829} INFO - Processing file /home/airflow/.local/lib/python3.8/site-packages/airflow/example_dags/example_dynamic_task_mapping_with_no_taskflow_operators.py for tasks to queue
[2024-03-26T06:22:05.546+0000] {logging_mixin.py:151} INFO - [2024-03-26T06:22:05.545+0000] {dagbag.py:539} INFO - Filling up the DagBag from /home/airflow/.local/lib/python3.8/site-packages/airflow/example_dags/example_dynamic_task_mapping_with_no_taskflow_operators.py
[2024-03-26T06:22:05.553+0000] {processor.py:839} INFO - DAG(s) dict_keys(['example_dynamic_task_mapping_with_no_taskflow_operators']) retrieved from /home/airflow/.local/lib/python3.8/site-packages/airflow/example_dags/example_dynamic_task_mapping_with_no_taskflow_operators.py
[2024-03-26T06:22:05.577+0000] {logging_mixin.py:151} INFO - [2024-03-26T06:22:05.576+0000] {dag.py:2915} INFO - Sync 1 DAGs
[2024-03-26T06:22:05.601+0000] {logging_mixin.py:151} INFO - [2024-03-26T06:22:05.600+0000] {dag.py:3696} INFO - Setting next_dagrun for example_dynamic_task_mapping_with_no_taskflow_operators to 2024-03-25T06:22:05.600485+00:00, run_after=2024-03-26T06:22:05.600485+00:00
[2024-03-26T06:22:05.636+0000] {processor.py:179} INFO - Processing /home/airflow/.local/lib/python3.8/site-packages/airflow/example_dags/example_dynamic_task_mapping_with_no_taskflow_operators.py took 0.099 seconds
[2024-03-26T06:22:36.005+0000] {processor.py:157} INFO - Started process (PID=1368) to work on /home/airflow/.local/lib/python3.8/site-packages/airflow/example_dags/example_dynamic_task_mapping_with_no_taskflow_operators.py
[2024-03-26T06:22:36.007+0000] {processor.py:829} INFO - Processing file /home/airflow/.local/lib/python3.8/site-packages/airflow/example_dags/example_dynamic_task_mapping_with_no_taskflow_operators.py for tasks to queue
[2024-03-26T06:22:36.010+0000] {logging_mixin.py:151} INFO - [2024-03-26T06:22:36.009+0000] {dagbag.py:539} INFO - Filling up the DagBag from /home/airflow/.local/lib/python3.8/site-packages/airflow/example_dags/example_dynamic_task_mapping_with_no_taskflow_operators.py
[2024-03-26T06:22:36.017+0000] {processor.py:839} INFO - DAG(s) dict_keys(['example_dynamic_task_mapping_with_no_taskflow_operators']) retrieved from /home/airflow/.local/lib/python3.8/site-packages/airflow/example_dags/example_dynamic_task_mapping_with_no_taskflow_operators.py
[2024-03-26T06:22:36.042+0000] {logging_mixin.py:151} INFO - [2024-03-26T06:22:36.042+0000] {dag.py:2915} INFO - Sync 1 DAGs
[2024-03-26T06:22:36.073+0000] {logging_mixin.py:151} INFO - [2024-03-26T06:22:36.072+0000] {dag.py:3696} INFO - Setting next_dagrun for example_dynamic_task_mapping_with_no_taskflow_operators to 2024-03-25T06:22:36.072521+00:00, run_after=2024-03-26T06:22:36.072521+00:00
[2024-03-26T06:22:36.103+0000] {processor.py:179} INFO - Processing /home/airflow/.local/lib/python3.8/site-packages/airflow/example_dags/example_dynamic_task_mapping_with_no_taskflow_operators.py took 0.101 seconds
[2024-03-26T06:23:06.666+0000] {processor.py:157} INFO - Started process (PID=1422) to work on /home/airflow/.local/lib/python3.8/site-packages/airflow/example_dags/example_dynamic_task_mapping_with_no_taskflow_operators.py
[2024-03-26T06:23:06.668+0000] {processor.py:829} INFO - Processing file /home/airflow/.local/lib/python3.8/site-packages/airflow/example_dags/example_dynamic_task_mapping_with_no_taskflow_operators.py for tasks to queue
[2024-03-26T06:23:06.671+0000] {logging_mixin.py:151} INFO - [2024-03-26T06:23:06.671+0000] {dagbag.py:539} INFO - Filling up the DagBag from /home/airflow/.local/lib/python3.8/site-packages/airflow/example_dags/example_dynamic_task_mapping_with_no_taskflow_operators.py
[2024-03-26T06:23:06.679+0000] {processor.py:839} INFO - DAG(s) dict_keys(['example_dynamic_task_mapping_with_no_taskflow_operators']) retrieved from /home/airflow/.local/lib/python3.8/site-packages/airflow/example_dags/example_dynamic_task_mapping_with_no_taskflow_operators.py
[2024-03-26T06:23:06.705+0000] {logging_mixin.py:151} INFO - [2024-03-26T06:23:06.705+0000] {dag.py:2915} INFO - Sync 1 DAGs
[2024-03-26T06:23:06.729+0000] {logging_mixin.py:151} INFO - [2024-03-26T06:23:06.729+0000] {dag.py:3696} INFO - Setting next_dagrun for example_dynamic_task_mapping_with_no_taskflow_operators to 2024-03-25T06:23:06.729274+00:00, run_after=2024-03-26T06:23:06.729274+00:00
[2024-03-26T06:23:06.754+0000] {processor.py:179} INFO - Processing /home/airflow/.local/lib/python3.8/site-packages/airflow/example_dags/example_dynamic_task_mapping_with_no_taskflow_operators.py took 0.091 seconds
[2024-03-26T06:23:37.195+0000] {processor.py:157} INFO - Started process (PID=1476) to work on /home/airflow/.local/lib/python3.8/site-packages/airflow/example_dags/example_dynamic_task_mapping_with_no_taskflow_operators.py
[2024-03-26T06:23:37.197+0000] {processor.py:829} INFO - Processing file /home/airflow/.local/lib/python3.8/site-packages/airflow/example_dags/example_dynamic_task_mapping_with_no_taskflow_operators.py for tasks to queue
[2024-03-26T06:23:37.200+0000] {logging_mixin.py:151} INFO - [2024-03-26T06:23:37.200+0000] {dagbag.py:539} INFO - Filling up the DagBag from /home/airflow/.local/lib/python3.8/site-packages/airflow/example_dags/example_dynamic_task_mapping_with_no_taskflow_operators.py
[2024-03-26T06:23:37.208+0000] {processor.py:839} INFO - DAG(s) dict_keys(['example_dynamic_task_mapping_with_no_taskflow_operators']) retrieved from /home/airflow/.local/lib/python3.8/site-packages/airflow/example_dags/example_dynamic_task_mapping_with_no_taskflow_operators.py
[2024-03-26T06:23:37.232+0000] {logging_mixin.py:151} INFO - [2024-03-26T06:23:37.232+0000] {dag.py:2915} INFO - Sync 1 DAGs
[2024-03-26T06:23:37.255+0000] {logging_mixin.py:151} INFO - [2024-03-26T06:23:37.255+0000] {dag.py:3696} INFO - Setting next_dagrun for example_dynamic_task_mapping_with_no_taskflow_operators to 2024-03-25T06:23:37.255482+00:00, run_after=2024-03-26T06:23:37.255482+00:00
[2024-03-26T06:23:37.279+0000] {processor.py:179} INFO - Processing /home/airflow/.local/lib/python3.8/site-packages/airflow/example_dags/example_dynamic_task_mapping_with_no_taskflow_operators.py took 0.087 seconds
[2024-03-26T06:24:07.967+0000] {processor.py:157} INFO - Started process (PID=1530) to work on /home/airflow/.local/lib/python3.8/site-packages/airflow/example_dags/example_dynamic_task_mapping_with_no_taskflow_operators.py
[2024-03-26T06:24:07.969+0000] {processor.py:829} INFO - Processing file /home/airflow/.local/lib/python3.8/site-packages/airflow/example_dags/example_dynamic_task_mapping_with_no_taskflow_operators.py for tasks to queue
[2024-03-26T06:24:07.972+0000] {logging_mixin.py:151} INFO - [2024-03-26T06:24:07.971+0000] {dagbag.py:539} INFO - Filling up the DagBag from /home/airflow/.local/lib/python3.8/site-packages/airflow/example_dags/example_dynamic_task_mapping_with_no_taskflow_operators.py
[2024-03-26T06:24:07.980+0000] {processor.py:839} INFO - DAG(s) dict_keys(['example_dynamic_task_mapping_with_no_taskflow_operators']) retrieved from /home/airflow/.local/lib/python3.8/site-packages/airflow/example_dags/example_dynamic_task_mapping_with_no_taskflow_operators.py
[2024-03-26T06:24:08.003+0000] {logging_mixin.py:151} INFO - [2024-03-26T06:24:08.003+0000] {dag.py:2915} INFO - Sync 1 DAGs
[2024-03-26T06:24:08.026+0000] {logging_mixin.py:151} INFO - [2024-03-26T06:24:08.026+0000] {dag.py:3696} INFO - Setting next_dagrun for example_dynamic_task_mapping_with_no_taskflow_operators to 2024-03-25T06:24:08.026059+00:00, run_after=2024-03-26T06:24:08.026059+00:00
[2024-03-26T06:24:08.060+0000] {processor.py:179} INFO - Processing /home/airflow/.local/lib/python3.8/site-packages/airflow/example_dags/example_dynamic_task_mapping_with_no_taskflow_operators.py took 0.097 seconds
[2024-03-26T06:24:38.626+0000] {processor.py:157} INFO - Started process (PID=1584) to work on /home/airflow/.local/lib/python3.8/site-packages/airflow/example_dags/example_dynamic_task_mapping_with_no_taskflow_operators.py
[2024-03-26T06:24:38.628+0000] {processor.py:829} INFO - Processing file /home/airflow/.local/lib/python3.8/site-packages/airflow/example_dags/example_dynamic_task_mapping_with_no_taskflow_operators.py for tasks to queue
[2024-03-26T06:24:38.631+0000] {logging_mixin.py:151} INFO - [2024-03-26T06:24:38.631+0000] {dagbag.py:539} INFO - Filling up the DagBag from /home/airflow/.local/lib/python3.8/site-packages/airflow/example_dags/example_dynamic_task_mapping_with_no_taskflow_operators.py
[2024-03-26T06:24:38.640+0000] {processor.py:839} INFO - DAG(s) dict_keys(['example_dynamic_task_mapping_with_no_taskflow_operators']) retrieved from /home/airflow/.local/lib/python3.8/site-packages/airflow/example_dags/example_dynamic_task_mapping_with_no_taskflow_operators.py
[2024-03-26T06:24:38.666+0000] {logging_mixin.py:151} INFO - [2024-03-26T06:24:38.665+0000] {dag.py:2915} INFO - Sync 1 DAGs
[2024-03-26T06:24:38.693+0000] {logging_mixin.py:151} INFO - [2024-03-26T06:24:38.693+0000] {dag.py:3696} INFO - Setting next_dagrun for example_dynamic_task_mapping_with_no_taskflow_operators to 2024-03-25T06:24:38.693353+00:00, run_after=2024-03-26T06:24:38.693353+00:00
[2024-03-26T06:24:38.728+0000] {processor.py:179} INFO - Processing /home/airflow/.local/lib/python3.8/site-packages/airflow/example_dags/example_dynamic_task_mapping_with_no_taskflow_operators.py took 0.105 seconds
[2024-03-26T06:25:09.359+0000] {processor.py:157} INFO - Started process (PID=1638) to work on /home/airflow/.local/lib/python3.8/site-packages/airflow/example_dags/example_dynamic_task_mapping_with_no_taskflow_operators.py
[2024-03-26T06:25:09.361+0000] {processor.py:829} INFO - Processing file /home/airflow/.local/lib/python3.8/site-packages/airflow/example_dags/example_dynamic_task_mapping_with_no_taskflow_operators.py for tasks to queue
[2024-03-26T06:25:09.364+0000] {logging_mixin.py:151} INFO - [2024-03-26T06:25:09.364+0000] {dagbag.py:539} INFO - Filling up the DagBag from /home/airflow/.local/lib/python3.8/site-packages/airflow/example_dags/example_dynamic_task_mapping_with_no_taskflow_operators.py
[2024-03-26T06:25:09.372+0000] {processor.py:839} INFO - DAG(s) dict_keys(['example_dynamic_task_mapping_with_no_taskflow_operators']) retrieved from /home/airflow/.local/lib/python3.8/site-packages/airflow/example_dags/example_dynamic_task_mapping_with_no_taskflow_operators.py
[2024-03-26T06:25:09.396+0000] {logging_mixin.py:151} INFO - [2024-03-26T06:25:09.396+0000] {dag.py:2915} INFO - Sync 1 DAGs
[2024-03-26T06:25:09.421+0000] {logging_mixin.py:151} INFO - [2024-03-26T06:25:09.421+0000] {dag.py:3696} INFO - Setting next_dagrun for example_dynamic_task_mapping_with_no_taskflow_operators to 2024-03-25T06:25:09.421023+00:00, run_after=2024-03-26T06:25:09.421023+00:00
[2024-03-26T06:25:09.454+0000] {processor.py:179} INFO - Processing /home/airflow/.local/lib/python3.8/site-packages/airflow/example_dags/example_dynamic_task_mapping_with_no_taskflow_operators.py took 0.098 seconds
[2024-03-26T06:25:39.703+0000] {processor.py:157} INFO - Started process (PID=1692) to work on /home/airflow/.local/lib/python3.8/site-packages/airflow/example_dags/example_dynamic_task_mapping_with_no_taskflow_operators.py
[2024-03-26T06:25:39.705+0000] {processor.py:829} INFO - Processing file /home/airflow/.local/lib/python3.8/site-packages/airflow/example_dags/example_dynamic_task_mapping_with_no_taskflow_operators.py for tasks to queue
[2024-03-26T06:25:39.708+0000] {logging_mixin.py:151} INFO - [2024-03-26T06:25:39.708+0000] {dagbag.py:539} INFO - Filling up the DagBag from /home/airflow/.local/lib/python3.8/site-packages/airflow/example_dags/example_dynamic_task_mapping_with_no_taskflow_operators.py
[2024-03-26T06:25:39.715+0000] {processor.py:839} INFO - DAG(s) dict_keys(['example_dynamic_task_mapping_with_no_taskflow_operators']) retrieved from /home/airflow/.local/lib/python3.8/site-packages/airflow/example_dags/example_dynamic_task_mapping_with_no_taskflow_operators.py
[2024-03-26T06:25:39.746+0000] {logging_mixin.py:151} INFO - [2024-03-26T06:25:39.745+0000] {dag.py:2915} INFO - Sync 1 DAGs
[2024-03-26T06:25:39.774+0000] {logging_mixin.py:151} INFO - [2024-03-26T06:25:39.774+0000] {dag.py:3696} INFO - Setting next_dagrun for example_dynamic_task_mapping_with_no_taskflow_operators to 2024-03-25T06:25:39.774237+00:00, run_after=2024-03-26T06:25:39.774237+00:00
[2024-03-26T06:25:39.810+0000] {processor.py:179} INFO - Processing /home/airflow/.local/lib/python3.8/site-packages/airflow/example_dags/example_dynamic_task_mapping_with_no_taskflow_operators.py took 0.111 seconds
[2024-03-26T06:26:10.129+0000] {processor.py:157} INFO - Started process (PID=1746) to work on /home/airflow/.local/lib/python3.8/site-packages/airflow/example_dags/example_dynamic_task_mapping_with_no_taskflow_operators.py
[2024-03-26T06:26:10.131+0000] {processor.py:829} INFO - Processing file /home/airflow/.local/lib/python3.8/site-packages/airflow/example_dags/example_dynamic_task_mapping_with_no_taskflow_operators.py for tasks to queue
[2024-03-26T06:26:10.134+0000] {logging_mixin.py:151} INFO - [2024-03-26T06:26:10.133+0000] {dagbag.py:539} INFO - Filling up the DagBag from /home/airflow/.local/lib/python3.8/site-packages/airflow/example_dags/example_dynamic_task_mapping_with_no_taskflow_operators.py
[2024-03-26T06:26:10.143+0000] {processor.py:839} INFO - DAG(s) dict_keys(['example_dynamic_task_mapping_with_no_taskflow_operators']) retrieved from /home/airflow/.local/lib/python3.8/site-packages/airflow/example_dags/example_dynamic_task_mapping_with_no_taskflow_operators.py
[2024-03-26T06:26:10.168+0000] {logging_mixin.py:151} INFO - [2024-03-26T06:26:10.168+0000] {dag.py:2915} INFO - Sync 1 DAGs
[2024-03-26T06:26:10.195+0000] {logging_mixin.py:151} INFO - [2024-03-26T06:26:10.195+0000] {dag.py:3696} INFO - Setting next_dagrun for example_dynamic_task_mapping_with_no_taskflow_operators to 2024-03-25T06:26:10.194852+00:00, run_after=2024-03-26T06:26:10.194852+00:00
[2024-03-26T06:26:10.230+0000] {processor.py:179} INFO - Processing /home/airflow/.local/lib/python3.8/site-packages/airflow/example_dags/example_dynamic_task_mapping_with_no_taskflow_operators.py took 0.105 seconds
[2024-03-26T06:26:40.788+0000] {processor.py:157} INFO - Started process (PID=1800) to work on /home/airflow/.local/lib/python3.8/site-packages/airflow/example_dags/example_dynamic_task_mapping_with_no_taskflow_operators.py
[2024-03-26T06:26:40.789+0000] {processor.py:829} INFO - Processing file /home/airflow/.local/lib/python3.8/site-packages/airflow/example_dags/example_dynamic_task_mapping_with_no_taskflow_operators.py for tasks to queue
[2024-03-26T06:26:40.793+0000] {logging_mixin.py:151} INFO - [2024-03-26T06:26:40.793+0000] {dagbag.py:539} INFO - Filling up the DagBag from /home/airflow/.local/lib/python3.8/site-packages/airflow/example_dags/example_dynamic_task_mapping_with_no_taskflow_operators.py
[2024-03-26T06:26:40.800+0000] {processor.py:839} INFO - DAG(s) dict_keys(['example_dynamic_task_mapping_with_no_taskflow_operators']) retrieved from /home/airflow/.local/lib/python3.8/site-packages/airflow/example_dags/example_dynamic_task_mapping_with_no_taskflow_operators.py
[2024-03-26T06:26:40.823+0000] {logging_mixin.py:151} INFO - [2024-03-26T06:26:40.823+0000] {dag.py:2915} INFO - Sync 1 DAGs
[2024-03-26T06:26:40.849+0000] {logging_mixin.py:151} INFO - [2024-03-26T06:26:40.849+0000] {dag.py:3696} INFO - Setting next_dagrun for example_dynamic_task_mapping_with_no_taskflow_operators to 2024-03-25T06:26:40.848802+00:00, run_after=2024-03-26T06:26:40.848802+00:00
[2024-03-26T06:26:40.883+0000] {processor.py:179} INFO - Processing /home/airflow/.local/lib/python3.8/site-packages/airflow/example_dags/example_dynamic_task_mapping_with_no_taskflow_operators.py took 0.099 seconds
[2024-03-26T06:27:11.189+0000] {processor.py:157} INFO - Started process (PID=1854) to work on /home/airflow/.local/lib/python3.8/site-packages/airflow/example_dags/example_dynamic_task_mapping_with_no_taskflow_operators.py
[2024-03-26T06:27:11.190+0000] {processor.py:829} INFO - Processing file /home/airflow/.local/lib/python3.8/site-packages/airflow/example_dags/example_dynamic_task_mapping_with_no_taskflow_operators.py for tasks to queue
[2024-03-26T06:27:11.194+0000] {logging_mixin.py:151} INFO - [2024-03-26T06:27:11.193+0000] {dagbag.py:539} INFO - Filling up the DagBag from /home/airflow/.local/lib/python3.8/site-packages/airflow/example_dags/example_dynamic_task_mapping_with_no_taskflow_operators.py
[2024-03-26T06:27:11.202+0000] {processor.py:839} INFO - DAG(s) dict_keys(['example_dynamic_task_mapping_with_no_taskflow_operators']) retrieved from /home/airflow/.local/lib/python3.8/site-packages/airflow/example_dags/example_dynamic_task_mapping_with_no_taskflow_operators.py
[2024-03-26T06:27:11.225+0000] {logging_mixin.py:151} INFO - [2024-03-26T06:27:11.225+0000] {dag.py:2915} INFO - Sync 1 DAGs
[2024-03-26T06:27:11.251+0000] {logging_mixin.py:151} INFO - [2024-03-26T06:27:11.251+0000] {dag.py:3696} INFO - Setting next_dagrun for example_dynamic_task_mapping_with_no_taskflow_operators to 2024-03-25T06:27:11.251045+00:00, run_after=2024-03-26T06:27:11.251045+00:00
[2024-03-26T06:27:11.287+0000] {processor.py:179} INFO - Processing /home/airflow/.local/lib/python3.8/site-packages/airflow/example_dags/example_dynamic_task_mapping_with_no_taskflow_operators.py took 0.103 seconds
[2024-03-26T06:27:41.769+0000] {processor.py:157} INFO - Started process (PID=1908) to work on /home/airflow/.local/lib/python3.8/site-packages/airflow/example_dags/example_dynamic_task_mapping_with_no_taskflow_operators.py
[2024-03-26T06:27:41.771+0000] {processor.py:829} INFO - Processing file /home/airflow/.local/lib/python3.8/site-packages/airflow/example_dags/example_dynamic_task_mapping_with_no_taskflow_operators.py for tasks to queue
[2024-03-26T06:27:41.775+0000] {logging_mixin.py:151} INFO - [2024-03-26T06:27:41.774+0000] {dagbag.py:539} INFO - Filling up the DagBag from /home/airflow/.local/lib/python3.8/site-packages/airflow/example_dags/example_dynamic_task_mapping_with_no_taskflow_operators.py
[2024-03-26T06:27:41.782+0000] {processor.py:839} INFO - DAG(s) dict_keys(['example_dynamic_task_mapping_with_no_taskflow_operators']) retrieved from /home/airflow/.local/lib/python3.8/site-packages/airflow/example_dags/example_dynamic_task_mapping_with_no_taskflow_operators.py
[2024-03-26T06:27:41.805+0000] {logging_mixin.py:151} INFO - [2024-03-26T06:27:41.805+0000] {dag.py:2915} INFO - Sync 1 DAGs
[2024-03-26T06:27:41.832+0000] {logging_mixin.py:151} INFO - [2024-03-26T06:27:41.831+0000] {dag.py:3696} INFO - Setting next_dagrun for example_dynamic_task_mapping_with_no_taskflow_operators to 2024-03-25T06:27:41.831444+00:00, run_after=2024-03-26T06:27:41.831444+00:00
[2024-03-26T06:27:41.856+0000] {processor.py:179} INFO - Processing /home/airflow/.local/lib/python3.8/site-packages/airflow/example_dags/example_dynamic_task_mapping_with_no_taskflow_operators.py took 0.091 seconds
[2024-03-26T06:28:12.317+0000] {processor.py:157} INFO - Started process (PID=1962) to work on /home/airflow/.local/lib/python3.8/site-packages/airflow/example_dags/example_dynamic_task_mapping_with_no_taskflow_operators.py
[2024-03-26T06:28:12.319+0000] {processor.py:829} INFO - Processing file /home/airflow/.local/lib/python3.8/site-packages/airflow/example_dags/example_dynamic_task_mapping_with_no_taskflow_operators.py for tasks to queue
[2024-03-26T06:28:12.323+0000] {logging_mixin.py:151} INFO - [2024-03-26T06:28:12.323+0000] {dagbag.py:539} INFO - Filling up the DagBag from /home/airflow/.local/lib/python3.8/site-packages/airflow/example_dags/example_dynamic_task_mapping_with_no_taskflow_operators.py
[2024-03-26T06:28:12.336+0000] {processor.py:839} INFO - DAG(s) dict_keys(['example_dynamic_task_mapping_with_no_taskflow_operators']) retrieved from /home/airflow/.local/lib/python3.8/site-packages/airflow/example_dags/example_dynamic_task_mapping_with_no_taskflow_operators.py
[2024-03-26T06:28:12.367+0000] {logging_mixin.py:151} INFO - [2024-03-26T06:28:12.367+0000] {dag.py:2915} INFO - Sync 1 DAGs
[2024-03-26T06:28:12.407+0000] {logging_mixin.py:151} INFO - [2024-03-26T06:28:12.407+0000] {dag.py:3696} INFO - Setting next_dagrun for example_dynamic_task_mapping_with_no_taskflow_operators to 2024-03-25T06:28:12.406585+00:00, run_after=2024-03-26T06:28:12.406585+00:00
[2024-03-26T06:28:12.451+0000] {processor.py:179} INFO - Processing /home/airflow/.local/lib/python3.8/site-packages/airflow/example_dags/example_dynamic_task_mapping_with_no_taskflow_operators.py took 0.139 seconds
[2024-03-26T06:28:42.627+0000] {processor.py:157} INFO - Started process (PID=2016) to work on /home/airflow/.local/lib/python3.8/site-packages/airflow/example_dags/example_dynamic_task_mapping_with_no_taskflow_operators.py
[2024-03-26T06:28:42.629+0000] {processor.py:829} INFO - Processing file /home/airflow/.local/lib/python3.8/site-packages/airflow/example_dags/example_dynamic_task_mapping_with_no_taskflow_operators.py for tasks to queue
[2024-03-26T06:28:42.634+0000] {logging_mixin.py:151} INFO - [2024-03-26T06:28:42.633+0000] {dagbag.py:539} INFO - Filling up the DagBag from /home/airflow/.local/lib/python3.8/site-packages/airflow/example_dags/example_dynamic_task_mapping_with_no_taskflow_operators.py
[2024-03-26T06:28:42.645+0000] {processor.py:839} INFO - DAG(s) dict_keys(['example_dynamic_task_mapping_with_no_taskflow_operators']) retrieved from /home/airflow/.local/lib/python3.8/site-packages/airflow/example_dags/example_dynamic_task_mapping_with_no_taskflow_operators.py
[2024-03-26T06:28:42.672+0000] {logging_mixin.py:151} INFO - [2024-03-26T06:28:42.671+0000] {dag.py:2915} INFO - Sync 1 DAGs
[2024-03-26T06:28:42.698+0000] {logging_mixin.py:151} INFO - [2024-03-26T06:28:42.698+0000] {dag.py:3696} INFO - Setting next_dagrun for example_dynamic_task_mapping_with_no_taskflow_operators to 2024-03-25T06:28:42.698238+00:00, run_after=2024-03-26T06:28:42.698238+00:00
[2024-03-26T06:28:42.731+0000] {processor.py:179} INFO - Processing /home/airflow/.local/lib/python3.8/site-packages/airflow/example_dags/example_dynamic_task_mapping_with_no_taskflow_operators.py took 0.109 seconds
[2024-03-26T06:29:12.929+0000] {processor.py:157} INFO - Started process (PID=2070) to work on /home/airflow/.local/lib/python3.8/site-packages/airflow/example_dags/example_dynamic_task_mapping_with_no_taskflow_operators.py
[2024-03-26T06:29:12.931+0000] {processor.py:829} INFO - Processing file /home/airflow/.local/lib/python3.8/site-packages/airflow/example_dags/example_dynamic_task_mapping_with_no_taskflow_operators.py for tasks to queue
[2024-03-26T06:29:12.936+0000] {logging_mixin.py:151} INFO - [2024-03-26T06:29:12.935+0000] {dagbag.py:539} INFO - Filling up the DagBag from /home/airflow/.local/lib/python3.8/site-packages/airflow/example_dags/example_dynamic_task_mapping_with_no_taskflow_operators.py
[2024-03-26T06:29:12.946+0000] {processor.py:839} INFO - DAG(s) dict_keys(['example_dynamic_task_mapping_with_no_taskflow_operators']) retrieved from /home/airflow/.local/lib/python3.8/site-packages/airflow/example_dags/example_dynamic_task_mapping_with_no_taskflow_operators.py
[2024-03-26T06:29:12.983+0000] {logging_mixin.py:151} INFO - [2024-03-26T06:29:12.982+0000] {dag.py:2915} INFO - Sync 1 DAGs
[2024-03-26T06:29:13.014+0000] {logging_mixin.py:151} INFO - [2024-03-26T06:29:13.014+0000] {dag.py:3696} INFO - Setting next_dagrun for example_dynamic_task_mapping_with_no_taskflow_operators to 2024-03-25T06:29:13.013768+00:00, run_after=2024-03-26T06:29:13.013768+00:00
[2024-03-26T06:29:13.038+0000] {processor.py:179} INFO - Processing /home/airflow/.local/lib/python3.8/site-packages/airflow/example_dags/example_dynamic_task_mapping_with_no_taskflow_operators.py took 0.117 seconds
[2024-03-26T06:29:43.185+0000] {processor.py:157} INFO - Started process (PID=2124) to work on /home/airflow/.local/lib/python3.8/site-packages/airflow/example_dags/example_dynamic_task_mapping_with_no_taskflow_operators.py
[2024-03-26T06:29:43.186+0000] {processor.py:829} INFO - Processing file /home/airflow/.local/lib/python3.8/site-packages/airflow/example_dags/example_dynamic_task_mapping_with_no_taskflow_operators.py for tasks to queue
[2024-03-26T06:29:43.190+0000] {logging_mixin.py:151} INFO - [2024-03-26T06:29:43.190+0000] {dagbag.py:539} INFO - Filling up the DagBag from /home/airflow/.local/lib/python3.8/site-packages/airflow/example_dags/example_dynamic_task_mapping_with_no_taskflow_operators.py
[2024-03-26T06:29:43.198+0000] {processor.py:839} INFO - DAG(s) dict_keys(['example_dynamic_task_mapping_with_no_taskflow_operators']) retrieved from /home/airflow/.local/lib/python3.8/site-packages/airflow/example_dags/example_dynamic_task_mapping_with_no_taskflow_operators.py
[2024-03-26T06:29:43.224+0000] {logging_mixin.py:151} INFO - [2024-03-26T06:29:43.223+0000] {dag.py:2915} INFO - Sync 1 DAGs
[2024-03-26T06:29:43.247+0000] {logging_mixin.py:151} INFO - [2024-03-26T06:29:43.247+0000] {dag.py:3696} INFO - Setting next_dagrun for example_dynamic_task_mapping_with_no_taskflow_operators to 2024-03-25T06:29:43.247189+00:00, run_after=2024-03-26T06:29:43.247189+00:00
[2024-03-26T06:29:43.273+0000] {processor.py:179} INFO - Processing /home/airflow/.local/lib/python3.8/site-packages/airflow/example_dags/example_dynamic_task_mapping_with_no_taskflow_operators.py took 0.092 seconds
[2024-03-26T06:30:13.382+0000] {processor.py:157} INFO - Started process (PID=2178) to work on /home/airflow/.local/lib/python3.8/site-packages/airflow/example_dags/example_dynamic_task_mapping_with_no_taskflow_operators.py
[2024-03-26T06:30:13.384+0000] {processor.py:829} INFO - Processing file /home/airflow/.local/lib/python3.8/site-packages/airflow/example_dags/example_dynamic_task_mapping_with_no_taskflow_operators.py for tasks to queue
[2024-03-26T06:30:13.387+0000] {logging_mixin.py:151} INFO - [2024-03-26T06:30:13.387+0000] {dagbag.py:539} INFO - Filling up the DagBag from /home/airflow/.local/lib/python3.8/site-packages/airflow/example_dags/example_dynamic_task_mapping_with_no_taskflow_operators.py
[2024-03-26T06:30:13.395+0000] {processor.py:839} INFO - DAG(s) dict_keys(['example_dynamic_task_mapping_with_no_taskflow_operators']) retrieved from /home/airflow/.local/lib/python3.8/site-packages/airflow/example_dags/example_dynamic_task_mapping_with_no_taskflow_operators.py
[2024-03-26T06:30:13.419+0000] {logging_mixin.py:151} INFO - [2024-03-26T06:30:13.419+0000] {dag.py:2915} INFO - Sync 1 DAGs
[2024-03-26T06:30:13.443+0000] {logging_mixin.py:151} INFO - [2024-03-26T06:30:13.443+0000] {dag.py:3696} INFO - Setting next_dagrun for example_dynamic_task_mapping_with_no_taskflow_operators to 2024-03-25T06:30:13.442878+00:00, run_after=2024-03-26T06:30:13.442878+00:00
[2024-03-26T06:30:13.477+0000] {processor.py:179} INFO - Processing /home/airflow/.local/lib/python3.8/site-packages/airflow/example_dags/example_dynamic_task_mapping_with_no_taskflow_operators.py took 0.098 seconds
[2024-03-26T06:30:43.626+0000] {processor.py:157} INFO - Started process (PID=2232) to work on /home/airflow/.local/lib/python3.8/site-packages/airflow/example_dags/example_dynamic_task_mapping_with_no_taskflow_operators.py
[2024-03-26T06:30:43.628+0000] {processor.py:829} INFO - Processing file /home/airflow/.local/lib/python3.8/site-packages/airflow/example_dags/example_dynamic_task_mapping_with_no_taskflow_operators.py for tasks to queue
[2024-03-26T06:30:43.631+0000] {logging_mixin.py:151} INFO - [2024-03-26T06:30:43.631+0000] {dagbag.py:539} INFO - Filling up the DagBag from /home/airflow/.local/lib/python3.8/site-packages/airflow/example_dags/example_dynamic_task_mapping_with_no_taskflow_operators.py
[2024-03-26T06:30:43.641+0000] {processor.py:839} INFO - DAG(s) dict_keys(['example_dynamic_task_mapping_with_no_taskflow_operators']) retrieved from /home/airflow/.local/lib/python3.8/site-packages/airflow/example_dags/example_dynamic_task_mapping_with_no_taskflow_operators.py
[2024-03-26T06:30:43.667+0000] {logging_mixin.py:151} INFO - [2024-03-26T06:30:43.667+0000] {dag.py:2915} INFO - Sync 1 DAGs
[2024-03-26T06:30:43.693+0000] {logging_mixin.py:151} INFO - [2024-03-26T06:30:43.693+0000] {dag.py:3696} INFO - Setting next_dagrun for example_dynamic_task_mapping_with_no_taskflow_operators to 2024-03-25T06:30:43.692764+00:00, run_after=2024-03-26T06:30:43.692764+00:00
[2024-03-26T06:30:43.725+0000] {processor.py:179} INFO - Processing /home/airflow/.local/lib/python3.8/site-packages/airflow/example_dags/example_dynamic_task_mapping_with_no_taskflow_operators.py took 0.102 seconds
[2024-03-26T06:31:13.874+0000] {processor.py:157} INFO - Started process (PID=2286) to work on /home/airflow/.local/lib/python3.8/site-packages/airflow/example_dags/example_dynamic_task_mapping_with_no_taskflow_operators.py
[2024-03-26T06:31:13.876+0000] {processor.py:829} INFO - Processing file /home/airflow/.local/lib/python3.8/site-packages/airflow/example_dags/example_dynamic_task_mapping_with_no_taskflow_operators.py for tasks to queue
[2024-03-26T06:31:13.879+0000] {logging_mixin.py:151} INFO - [2024-03-26T06:31:13.878+0000] {dagbag.py:539} INFO - Filling up the DagBag from /home/airflow/.local/lib/python3.8/site-packages/airflow/example_dags/example_dynamic_task_mapping_with_no_taskflow_operators.py
[2024-03-26T06:31:13.887+0000] {processor.py:839} INFO - DAG(s) dict_keys(['example_dynamic_task_mapping_with_no_taskflow_operators']) retrieved from /home/airflow/.local/lib/python3.8/site-packages/airflow/example_dags/example_dynamic_task_mapping_with_no_taskflow_operators.py
[2024-03-26T06:31:13.910+0000] {logging_mixin.py:151} INFO - [2024-03-26T06:31:13.910+0000] {dag.py:2915} INFO - Sync 1 DAGs
[2024-03-26T06:31:13.936+0000] {logging_mixin.py:151} INFO - [2024-03-26T06:31:13.935+0000] {dag.py:3696} INFO - Setting next_dagrun for example_dynamic_task_mapping_with_no_taskflow_operators to 2024-03-25T06:31:13.935424+00:00, run_after=2024-03-26T06:31:13.935424+00:00
[2024-03-26T06:31:13.976+0000] {processor.py:179} INFO - Processing /home/airflow/.local/lib/python3.8/site-packages/airflow/example_dags/example_dynamic_task_mapping_with_no_taskflow_operators.py took 0.106 seconds
[2024-03-26T06:31:44.132+0000] {processor.py:157} INFO - Started process (PID=2340) to work on /home/airflow/.local/lib/python3.8/site-packages/airflow/example_dags/example_dynamic_task_mapping_with_no_taskflow_operators.py
[2024-03-26T06:31:44.134+0000] {processor.py:829} INFO - Processing file /home/airflow/.local/lib/python3.8/site-packages/airflow/example_dags/example_dynamic_task_mapping_with_no_taskflow_operators.py for tasks to queue
[2024-03-26T06:31:44.138+0000] {logging_mixin.py:151} INFO - [2024-03-26T06:31:44.138+0000] {dagbag.py:539} INFO - Filling up the DagBag from /home/airflow/.local/lib/python3.8/site-packages/airflow/example_dags/example_dynamic_task_mapping_with_no_taskflow_operators.py
[2024-03-26T06:31:44.147+0000] {processor.py:839} INFO - DAG(s) dict_keys(['example_dynamic_task_mapping_with_no_taskflow_operators']) retrieved from /home/airflow/.local/lib/python3.8/site-packages/airflow/example_dags/example_dynamic_task_mapping_with_no_taskflow_operators.py
[2024-03-26T06:31:44.180+0000] {logging_mixin.py:151} INFO - [2024-03-26T06:31:44.180+0000] {dag.py:2915} INFO - Sync 1 DAGs
[2024-03-26T06:31:44.205+0000] {logging_mixin.py:151} INFO - [2024-03-26T06:31:44.205+0000] {dag.py:3696} INFO - Setting next_dagrun for example_dynamic_task_mapping_with_no_taskflow_operators to 2024-03-25T06:31:44.205233+00:00, run_after=2024-03-26T06:31:44.205233+00:00
[2024-03-26T06:31:44.242+0000] {processor.py:179} INFO - Processing /home/airflow/.local/lib/python3.8/site-packages/airflow/example_dags/example_dynamic_task_mapping_with_no_taskflow_operators.py took 0.115 seconds
[2024-03-26T06:32:14.491+0000] {processor.py:157} INFO - Started process (PID=2394) to work on /home/airflow/.local/lib/python3.8/site-packages/airflow/example_dags/example_dynamic_task_mapping_with_no_taskflow_operators.py
[2024-03-26T06:32:14.492+0000] {processor.py:829} INFO - Processing file /home/airflow/.local/lib/python3.8/site-packages/airflow/example_dags/example_dynamic_task_mapping_with_no_taskflow_operators.py for tasks to queue
[2024-03-26T06:32:14.495+0000] {logging_mixin.py:151} INFO - [2024-03-26T06:32:14.495+0000] {dagbag.py:539} INFO - Filling up the DagBag from /home/airflow/.local/lib/python3.8/site-packages/airflow/example_dags/example_dynamic_task_mapping_with_no_taskflow_operators.py
[2024-03-26T06:32:14.503+0000] {processor.py:839} INFO - DAG(s) dict_keys(['example_dynamic_task_mapping_with_no_taskflow_operators']) retrieved from /home/airflow/.local/lib/python3.8/site-packages/airflow/example_dags/example_dynamic_task_mapping_with_no_taskflow_operators.py
[2024-03-26T06:32:14.527+0000] {logging_mixin.py:151} INFO - [2024-03-26T06:32:14.526+0000] {dag.py:2915} INFO - Sync 1 DAGs
[2024-03-26T06:32:14.548+0000] {logging_mixin.py:151} INFO - [2024-03-26T06:32:14.548+0000] {dag.py:3696} INFO - Setting next_dagrun for example_dynamic_task_mapping_with_no_taskflow_operators to 2024-03-25T06:32:14.548318+00:00, run_after=2024-03-26T06:32:14.548318+00:00
[2024-03-26T06:32:14.568+0000] {processor.py:179} INFO - Processing /home/airflow/.local/lib/python3.8/site-packages/airflow/example_dags/example_dynamic_task_mapping_with_no_taskflow_operators.py took 0.082 seconds
[2024-03-26T06:32:44.983+0000] {processor.py:157} INFO - Started process (PID=2448) to work on /home/airflow/.local/lib/python3.8/site-packages/airflow/example_dags/example_dynamic_task_mapping_with_no_taskflow_operators.py
[2024-03-26T06:32:44.985+0000] {processor.py:829} INFO - Processing file /home/airflow/.local/lib/python3.8/site-packages/airflow/example_dags/example_dynamic_task_mapping_with_no_taskflow_operators.py for tasks to queue
[2024-03-26T06:32:44.988+0000] {logging_mixin.py:151} INFO - [2024-03-26T06:32:44.988+0000] {dagbag.py:539} INFO - Filling up the DagBag from /home/airflow/.local/lib/python3.8/site-packages/airflow/example_dags/example_dynamic_task_mapping_with_no_taskflow_operators.py
[2024-03-26T06:32:44.996+0000] {processor.py:839} INFO - DAG(s) dict_keys(['example_dynamic_task_mapping_with_no_taskflow_operators']) retrieved from /home/airflow/.local/lib/python3.8/site-packages/airflow/example_dags/example_dynamic_task_mapping_with_no_taskflow_operators.py
[2024-03-26T06:32:45.021+0000] {logging_mixin.py:151} INFO - [2024-03-26T06:32:45.020+0000] {dag.py:2915} INFO - Sync 1 DAGs
[2024-03-26T06:32:45.045+0000] {logging_mixin.py:151} INFO - [2024-03-26T06:32:45.045+0000] {dag.py:3696} INFO - Setting next_dagrun for example_dynamic_task_mapping_with_no_taskflow_operators to 2024-03-25T06:32:45.045075+00:00, run_after=2024-03-26T06:32:45.045075+00:00
[2024-03-26T06:32:45.081+0000] {processor.py:179} INFO - Processing /home/airflow/.local/lib/python3.8/site-packages/airflow/example_dags/example_dynamic_task_mapping_with_no_taskflow_operators.py took 0.102 seconds
[2024-03-26T06:33:15.372+0000] {processor.py:157} INFO - Started process (PID=2502) to work on /home/airflow/.local/lib/python3.8/site-packages/airflow/example_dags/example_dynamic_task_mapping_with_no_taskflow_operators.py
[2024-03-26T06:33:15.374+0000] {processor.py:829} INFO - Processing file /home/airflow/.local/lib/python3.8/site-packages/airflow/example_dags/example_dynamic_task_mapping_with_no_taskflow_operators.py for tasks to queue
[2024-03-26T06:33:15.377+0000] {logging_mixin.py:151} INFO - [2024-03-26T06:33:15.376+0000] {dagbag.py:539} INFO - Filling up the DagBag from /home/airflow/.local/lib/python3.8/site-packages/airflow/example_dags/example_dynamic_task_mapping_with_no_taskflow_operators.py
[2024-03-26T06:33:15.384+0000] {processor.py:839} INFO - DAG(s) dict_keys(['example_dynamic_task_mapping_with_no_taskflow_operators']) retrieved from /home/airflow/.local/lib/python3.8/site-packages/airflow/example_dags/example_dynamic_task_mapping_with_no_taskflow_operators.py
[2024-03-26T06:33:15.408+0000] {logging_mixin.py:151} INFO - [2024-03-26T06:33:15.407+0000] {dag.py:2915} INFO - Sync 1 DAGs
[2024-03-26T06:33:15.434+0000] {logging_mixin.py:151} INFO - [2024-03-26T06:33:15.434+0000] {dag.py:3696} INFO - Setting next_dagrun for example_dynamic_task_mapping_with_no_taskflow_operators to 2024-03-25T06:33:15.433903+00:00, run_after=2024-03-26T06:33:15.433903+00:00
[2024-03-26T06:33:15.468+0000] {processor.py:179} INFO - Processing /home/airflow/.local/lib/python3.8/site-packages/airflow/example_dags/example_dynamic_task_mapping_with_no_taskflow_operators.py took 0.100 seconds
[2024-03-26T06:33:45.999+0000] {processor.py:157} INFO - Started process (PID=2556) to work on /home/airflow/.local/lib/python3.8/site-packages/airflow/example_dags/example_dynamic_task_mapping_with_no_taskflow_operators.py
[2024-03-26T06:33:46.000+0000] {processor.py:829} INFO - Processing file /home/airflow/.local/lib/python3.8/site-packages/airflow/example_dags/example_dynamic_task_mapping_with_no_taskflow_operators.py for tasks to queue
[2024-03-26T06:33:46.004+0000] {logging_mixin.py:151} INFO - [2024-03-26T06:33:46.003+0000] {dagbag.py:539} INFO - Filling up the DagBag from /home/airflow/.local/lib/python3.8/site-packages/airflow/example_dags/example_dynamic_task_mapping_with_no_taskflow_operators.py
[2024-03-26T06:33:46.011+0000] {processor.py:839} INFO - DAG(s) dict_keys(['example_dynamic_task_mapping_with_no_taskflow_operators']) retrieved from /home/airflow/.local/lib/python3.8/site-packages/airflow/example_dags/example_dynamic_task_mapping_with_no_taskflow_operators.py
[2024-03-26T06:33:46.037+0000] {logging_mixin.py:151} INFO - [2024-03-26T06:33:46.037+0000] {dag.py:2915} INFO - Sync 1 DAGs
[2024-03-26T06:33:46.063+0000] {logging_mixin.py:151} INFO - [2024-03-26T06:33:46.063+0000] {dag.py:3696} INFO - Setting next_dagrun for example_dynamic_task_mapping_with_no_taskflow_operators to 2024-03-25T06:33:46.063137+00:00, run_after=2024-03-26T06:33:46.063137+00:00
[2024-03-26T06:33:46.091+0000] {processor.py:179} INFO - Processing /home/airflow/.local/lib/python3.8/site-packages/airflow/example_dags/example_dynamic_task_mapping_with_no_taskflow_operators.py took 0.097 seconds
