[2024-03-26T06:04:02.435+0000] {processor.py:157} INFO - Started process (PID=54) to work on /home/airflow/.local/lib/python3.8/site-packages/airflow/example_dags/example_trigger_target_dag.py
[2024-03-26T06:04:02.444+0000] {processor.py:829} INFO - Processing file /home/airflow/.local/lib/python3.8/site-packages/airflow/example_dags/example_trigger_target_dag.py for tasks to queue
[2024-03-26T06:04:02.453+0000] {logging_mixin.py:151} INFO - [2024-03-26T06:04:02.452+0000] {dagbag.py:539} INFO - Filling up the DagBag from /home/airflow/.local/lib/python3.8/site-packages/airflow/example_dags/example_trigger_target_dag.py
[2024-03-26T06:04:02.491+0000] {processor.py:839} INFO - DAG(s) dict_keys(['example_trigger_target_dag']) retrieved from /home/airflow/.local/lib/python3.8/site-packages/airflow/example_dags/example_trigger_target_dag.py
[2024-03-26T06:04:02.844+0000] {logging_mixin.py:151} INFO - [2024-03-26T06:04:02.843+0000] {manager.py:499} INFO - Created Permission View: %s
[2024-03-26T06:04:02.887+0000] {logging_mixin.py:151} INFO - [2024-03-26T06:04:02.887+0000] {manager.py:499} INFO - Created Permission View: %s
[2024-03-26T06:04:02.910+0000] {logging_mixin.py:151} INFO - [2024-03-26T06:04:02.910+0000] {manager.py:499} INFO - Created Permission View: %s
[2024-03-26T06:04:02.915+0000] {logging_mixin.py:151} INFO - [2024-03-26T06:04:02.914+0000] {security.py:708} INFO - Not syncing DAG-level permissions for DAG 'DAG:example_trigger_target_dag' as access control is unset.
[2024-03-26T06:04:02.918+0000] {logging_mixin.py:151} INFO - [2024-03-26T06:04:02.918+0000] {dag.py:2915} INFO - Sync 1 DAGs
[2024-03-26T06:04:02.952+0000] {logging_mixin.py:151} INFO - [2024-03-26T06:04:02.952+0000] {dag.py:2937} INFO - Creating ORM DAG for example_trigger_target_dag
[2024-03-26T06:04:02.960+0000] {logging_mixin.py:151} INFO - [2024-03-26T06:04:02.960+0000] {dag.py:3696} INFO - Setting next_dagrun for example_trigger_target_dag to None, run_after=None
[2024-03-26T06:04:03.031+0000] {processor.py:179} INFO - Processing /home/airflow/.local/lib/python3.8/site-packages/airflow/example_dags/example_trigger_target_dag.py took 0.609 seconds
[2024-03-26T06:04:33.758+0000] {processor.py:157} INFO - Started process (PID=108) to work on /home/airflow/.local/lib/python3.8/site-packages/airflow/example_dags/example_trigger_target_dag.py
[2024-03-26T06:04:33.760+0000] {processor.py:829} INFO - Processing file /home/airflow/.local/lib/python3.8/site-packages/airflow/example_dags/example_trigger_target_dag.py for tasks to queue
[2024-03-26T06:04:33.764+0000] {logging_mixin.py:151} INFO - [2024-03-26T06:04:33.764+0000] {dagbag.py:539} INFO - Filling up the DagBag from /home/airflow/.local/lib/python3.8/site-packages/airflow/example_dags/example_trigger_target_dag.py
[2024-03-26T06:04:33.775+0000] {processor.py:839} INFO - DAG(s) dict_keys(['example_trigger_target_dag']) retrieved from /home/airflow/.local/lib/python3.8/site-packages/airflow/example_dags/example_trigger_target_dag.py
[2024-03-26T06:04:33.807+0000] {logging_mixin.py:151} INFO - [2024-03-26T06:04:33.807+0000] {dag.py:2915} INFO - Sync 1 DAGs
[2024-03-26T06:04:33.840+0000] {logging_mixin.py:151} INFO - [2024-03-26T06:04:33.840+0000] {dag.py:3696} INFO - Setting next_dagrun for example_trigger_target_dag to None, run_after=None
[2024-03-26T06:04:33.907+0000] {processor.py:179} INFO - Processing /home/airflow/.local/lib/python3.8/site-packages/airflow/example_dags/example_trigger_target_dag.py took 0.155 seconds
[2024-03-26T06:05:04.195+0000] {processor.py:157} INFO - Started process (PID=162) to work on /home/airflow/.local/lib/python3.8/site-packages/airflow/example_dags/example_trigger_target_dag.py
[2024-03-26T06:05:04.197+0000] {processor.py:829} INFO - Processing file /home/airflow/.local/lib/python3.8/site-packages/airflow/example_dags/example_trigger_target_dag.py for tasks to queue
[2024-03-26T06:05:04.200+0000] {logging_mixin.py:151} INFO - [2024-03-26T06:05:04.200+0000] {dagbag.py:539} INFO - Filling up the DagBag from /home/airflow/.local/lib/python3.8/site-packages/airflow/example_dags/example_trigger_target_dag.py
[2024-03-26T06:05:04.209+0000] {processor.py:839} INFO - DAG(s) dict_keys(['example_trigger_target_dag']) retrieved from /home/airflow/.local/lib/python3.8/site-packages/airflow/example_dags/example_trigger_target_dag.py
[2024-03-26T06:05:04.252+0000] {logging_mixin.py:151} INFO - [2024-03-26T06:05:04.251+0000] {dag.py:2915} INFO - Sync 1 DAGs
[2024-03-26T06:05:04.309+0000] {logging_mixin.py:151} INFO - [2024-03-26T06:05:04.309+0000] {dag.py:3696} INFO - Setting next_dagrun for example_trigger_target_dag to None, run_after=None
[2024-03-26T06:05:04.343+0000] {processor.py:179} INFO - Processing /home/airflow/.local/lib/python3.8/site-packages/airflow/example_dags/example_trigger_target_dag.py took 0.153 seconds
[2024-03-26T06:05:34.898+0000] {processor.py:157} INFO - Started process (PID=216) to work on /home/airflow/.local/lib/python3.8/site-packages/airflow/example_dags/example_trigger_target_dag.py
[2024-03-26T06:05:34.901+0000] {processor.py:829} INFO - Processing file /home/airflow/.local/lib/python3.8/site-packages/airflow/example_dags/example_trigger_target_dag.py for tasks to queue
[2024-03-26T06:05:34.905+0000] {logging_mixin.py:151} INFO - [2024-03-26T06:05:34.905+0000] {dagbag.py:539} INFO - Filling up the DagBag from /home/airflow/.local/lib/python3.8/site-packages/airflow/example_dags/example_trigger_target_dag.py
[2024-03-26T06:05:34.915+0000] {processor.py:839} INFO - DAG(s) dict_keys(['example_trigger_target_dag']) retrieved from /home/airflow/.local/lib/python3.8/site-packages/airflow/example_dags/example_trigger_target_dag.py
[2024-03-26T06:05:34.952+0000] {logging_mixin.py:151} INFO - [2024-03-26T06:05:34.951+0000] {dag.py:2915} INFO - Sync 1 DAGs
[2024-03-26T06:05:34.973+0000] {logging_mixin.py:151} INFO - [2024-03-26T06:05:34.972+0000] {dag.py:3696} INFO - Setting next_dagrun for example_trigger_target_dag to None, run_after=None
[2024-03-26T06:05:35.056+0000] {processor.py:179} INFO - Processing /home/airflow/.local/lib/python3.8/site-packages/airflow/example_dags/example_trigger_target_dag.py took 0.163 seconds
[2024-03-26T06:06:06.522+0000] {processor.py:157} INFO - Started process (PID=270) to work on /home/airflow/.local/lib/python3.8/site-packages/airflow/example_dags/example_trigger_target_dag.py
[2024-03-26T06:06:06.548+0000] {processor.py:829} INFO - Processing file /home/airflow/.local/lib/python3.8/site-packages/airflow/example_dags/example_trigger_target_dag.py for tasks to queue
[2024-03-26T06:06:06.552+0000] {logging_mixin.py:151} INFO - [2024-03-26T06:06:06.552+0000] {dagbag.py:539} INFO - Filling up the DagBag from /home/airflow/.local/lib/python3.8/site-packages/airflow/example_dags/example_trigger_target_dag.py
[2024-03-26T06:06:06.715+0000] {processor.py:839} INFO - DAG(s) dict_keys(['example_trigger_target_dag']) retrieved from /home/airflow/.local/lib/python3.8/site-packages/airflow/example_dags/example_trigger_target_dag.py
[2024-03-26T06:06:06.745+0000] {logging_mixin.py:151} INFO - [2024-03-26T06:06:06.744+0000] {dag.py:2915} INFO - Sync 1 DAGs
[2024-03-26T06:06:06.778+0000] {logging_mixin.py:151} INFO - [2024-03-26T06:06:06.777+0000] {dag.py:3696} INFO - Setting next_dagrun for example_trigger_target_dag to None, run_after=None
[2024-03-26T06:06:06.843+0000] {processor.py:179} INFO - Processing /home/airflow/.local/lib/python3.8/site-packages/airflow/example_dags/example_trigger_target_dag.py took 0.325 seconds
[2024-03-26T06:06:39.264+0000] {processor.py:157} INFO - Started process (PID=324) to work on /home/airflow/.local/lib/python3.8/site-packages/airflow/example_dags/example_trigger_target_dag.py
[2024-03-26T06:06:39.268+0000] {processor.py:829} INFO - Processing file /home/airflow/.local/lib/python3.8/site-packages/airflow/example_dags/example_trigger_target_dag.py for tasks to queue
[2024-03-26T06:06:39.277+0000] {logging_mixin.py:151} INFO - [2024-03-26T06:06:39.272+0000] {dagbag.py:539} INFO - Filling up the DagBag from /home/airflow/.local/lib/python3.8/site-packages/airflow/example_dags/example_trigger_target_dag.py
[2024-03-26T06:06:39.293+0000] {processor.py:839} INFO - DAG(s) dict_keys(['example_trigger_target_dag']) retrieved from /home/airflow/.local/lib/python3.8/site-packages/airflow/example_dags/example_trigger_target_dag.py
[2024-03-26T06:06:39.749+0000] {logging_mixin.py:151} INFO - [2024-03-26T06:06:39.748+0000] {dag.py:2915} INFO - Sync 1 DAGs
[2024-03-26T06:06:39.967+0000] {logging_mixin.py:151} INFO - [2024-03-26T06:06:39.966+0000] {dag.py:3696} INFO - Setting next_dagrun for example_trigger_target_dag to None, run_after=None
[2024-03-26T06:06:40.056+0000] {processor.py:179} INFO - Processing /home/airflow/.local/lib/python3.8/site-packages/airflow/example_dags/example_trigger_target_dag.py took 0.799 seconds
[2024-03-26T06:07:10.968+0000] {processor.py:157} INFO - Started process (PID=378) to work on /home/airflow/.local/lib/python3.8/site-packages/airflow/example_dags/example_trigger_target_dag.py
[2024-03-26T06:07:10.970+0000] {processor.py:829} INFO - Processing file /home/airflow/.local/lib/python3.8/site-packages/airflow/example_dags/example_trigger_target_dag.py for tasks to queue
[2024-03-26T06:07:10.976+0000] {logging_mixin.py:151} INFO - [2024-03-26T06:07:10.975+0000] {dagbag.py:539} INFO - Filling up the DagBag from /home/airflow/.local/lib/python3.8/site-packages/airflow/example_dags/example_trigger_target_dag.py
[2024-03-26T06:07:10.989+0000] {processor.py:839} INFO - DAG(s) dict_keys(['example_trigger_target_dag']) retrieved from /home/airflow/.local/lib/python3.8/site-packages/airflow/example_dags/example_trigger_target_dag.py
[2024-03-26T06:07:11.021+0000] {logging_mixin.py:151} INFO - [2024-03-26T06:07:11.021+0000] {dag.py:2915} INFO - Sync 1 DAGs
[2024-03-26T06:07:11.046+0000] {logging_mixin.py:151} INFO - [2024-03-26T06:07:11.046+0000] {dag.py:3696} INFO - Setting next_dagrun for example_trigger_target_dag to None, run_after=None
[2024-03-26T06:07:11.090+0000] {processor.py:179} INFO - Processing /home/airflow/.local/lib/python3.8/site-packages/airflow/example_dags/example_trigger_target_dag.py took 0.127 seconds
[2024-03-26T06:07:41.342+0000] {processor.py:157} INFO - Started process (PID=432) to work on /home/airflow/.local/lib/python3.8/site-packages/airflow/example_dags/example_trigger_target_dag.py
[2024-03-26T06:07:41.344+0000] {processor.py:829} INFO - Processing file /home/airflow/.local/lib/python3.8/site-packages/airflow/example_dags/example_trigger_target_dag.py for tasks to queue
[2024-03-26T06:07:41.348+0000] {logging_mixin.py:151} INFO - [2024-03-26T06:07:41.348+0000] {dagbag.py:539} INFO - Filling up the DagBag from /home/airflow/.local/lib/python3.8/site-packages/airflow/example_dags/example_trigger_target_dag.py
[2024-03-26T06:07:41.355+0000] {processor.py:839} INFO - DAG(s) dict_keys(['example_trigger_target_dag']) retrieved from /home/airflow/.local/lib/python3.8/site-packages/airflow/example_dags/example_trigger_target_dag.py
[2024-03-26T06:07:41.380+0000] {logging_mixin.py:151} INFO - [2024-03-26T06:07:41.380+0000] {dag.py:2915} INFO - Sync 1 DAGs
[2024-03-26T06:07:41.393+0000] {logging_mixin.py:151} INFO - [2024-03-26T06:07:41.393+0000] {dag.py:3696} INFO - Setting next_dagrun for example_trigger_target_dag to None, run_after=None
[2024-03-26T06:07:41.417+0000] {processor.py:179} INFO - Processing /home/airflow/.local/lib/python3.8/site-packages/airflow/example_dags/example_trigger_target_dag.py took 0.079 seconds
[2024-03-26T06:08:12.054+0000] {processor.py:157} INFO - Started process (PID=486) to work on /home/airflow/.local/lib/python3.8/site-packages/airflow/example_dags/example_trigger_target_dag.py
[2024-03-26T06:08:12.056+0000] {processor.py:829} INFO - Processing file /home/airflow/.local/lib/python3.8/site-packages/airflow/example_dags/example_trigger_target_dag.py for tasks to queue
[2024-03-26T06:08:12.059+0000] {logging_mixin.py:151} INFO - [2024-03-26T06:08:12.059+0000] {dagbag.py:539} INFO - Filling up the DagBag from /home/airflow/.local/lib/python3.8/site-packages/airflow/example_dags/example_trigger_target_dag.py
[2024-03-26T06:08:12.065+0000] {processor.py:839} INFO - DAG(s) dict_keys(['example_trigger_target_dag']) retrieved from /home/airflow/.local/lib/python3.8/site-packages/airflow/example_dags/example_trigger_target_dag.py
[2024-03-26T06:08:12.091+0000] {logging_mixin.py:151} INFO - [2024-03-26T06:08:12.091+0000] {dag.py:2915} INFO - Sync 1 DAGs
[2024-03-26T06:08:12.104+0000] {logging_mixin.py:151} INFO - [2024-03-26T06:08:12.104+0000] {dag.py:3696} INFO - Setting next_dagrun for example_trigger_target_dag to None, run_after=None
[2024-03-26T06:08:12.133+0000] {processor.py:179} INFO - Processing /home/airflow/.local/lib/python3.8/site-packages/airflow/example_dags/example_trigger_target_dag.py took 0.082 seconds
[2024-03-26T06:08:42.306+0000] {processor.py:157} INFO - Started process (PID=540) to work on /home/airflow/.local/lib/python3.8/site-packages/airflow/example_dags/example_trigger_target_dag.py
[2024-03-26T06:08:42.307+0000] {processor.py:829} INFO - Processing file /home/airflow/.local/lib/python3.8/site-packages/airflow/example_dags/example_trigger_target_dag.py for tasks to queue
[2024-03-26T06:08:42.310+0000] {logging_mixin.py:151} INFO - [2024-03-26T06:08:42.310+0000] {dagbag.py:539} INFO - Filling up the DagBag from /home/airflow/.local/lib/python3.8/site-packages/airflow/example_dags/example_trigger_target_dag.py
[2024-03-26T06:08:42.317+0000] {processor.py:839} INFO - DAG(s) dict_keys(['example_trigger_target_dag']) retrieved from /home/airflow/.local/lib/python3.8/site-packages/airflow/example_dags/example_trigger_target_dag.py
[2024-03-26T06:08:42.343+0000] {logging_mixin.py:151} INFO - [2024-03-26T06:08:42.343+0000] {dag.py:2915} INFO - Sync 1 DAGs
[2024-03-26T06:08:42.358+0000] {logging_mixin.py:151} INFO - [2024-03-26T06:08:42.357+0000] {dag.py:3696} INFO - Setting next_dagrun for example_trigger_target_dag to None, run_after=None
[2024-03-26T06:08:42.384+0000] {processor.py:179} INFO - Processing /home/airflow/.local/lib/python3.8/site-packages/airflow/example_dags/example_trigger_target_dag.py took 0.083 seconds
[2024-03-26T06:09:12.674+0000] {processor.py:157} INFO - Started process (PID=594) to work on /home/airflow/.local/lib/python3.8/site-packages/airflow/example_dags/example_trigger_target_dag.py
[2024-03-26T06:09:12.677+0000] {processor.py:829} INFO - Processing file /home/airflow/.local/lib/python3.8/site-packages/airflow/example_dags/example_trigger_target_dag.py for tasks to queue
[2024-03-26T06:09:12.681+0000] {logging_mixin.py:151} INFO - [2024-03-26T06:09:12.680+0000] {dagbag.py:539} INFO - Filling up the DagBag from /home/airflow/.local/lib/python3.8/site-packages/airflow/example_dags/example_trigger_target_dag.py
[2024-03-26T06:09:12.689+0000] {processor.py:839} INFO - DAG(s) dict_keys(['example_trigger_target_dag']) retrieved from /home/airflow/.local/lib/python3.8/site-packages/airflow/example_dags/example_trigger_target_dag.py
[2024-03-26T06:09:12.716+0000] {logging_mixin.py:151} INFO - [2024-03-26T06:09:12.716+0000] {dag.py:2915} INFO - Sync 1 DAGs
[2024-03-26T06:09:12.731+0000] {logging_mixin.py:151} INFO - [2024-03-26T06:09:12.730+0000] {dag.py:3696} INFO - Setting next_dagrun for example_trigger_target_dag to None, run_after=None
[2024-03-26T06:09:12.754+0000] {processor.py:179} INFO - Processing /home/airflow/.local/lib/python3.8/site-packages/airflow/example_dags/example_trigger_target_dag.py took 0.086 seconds
[2024-03-26T06:09:43.372+0000] {processor.py:157} INFO - Started process (PID=648) to work on /home/airflow/.local/lib/python3.8/site-packages/airflow/example_dags/example_trigger_target_dag.py
[2024-03-26T06:09:43.374+0000] {processor.py:829} INFO - Processing file /home/airflow/.local/lib/python3.8/site-packages/airflow/example_dags/example_trigger_target_dag.py for tasks to queue
[2024-03-26T06:09:43.376+0000] {logging_mixin.py:151} INFO - [2024-03-26T06:09:43.376+0000] {dagbag.py:539} INFO - Filling up the DagBag from /home/airflow/.local/lib/python3.8/site-packages/airflow/example_dags/example_trigger_target_dag.py
[2024-03-26T06:09:43.384+0000] {processor.py:839} INFO - DAG(s) dict_keys(['example_trigger_target_dag']) retrieved from /home/airflow/.local/lib/python3.8/site-packages/airflow/example_dags/example_trigger_target_dag.py
[2024-03-26T06:09:43.408+0000] {logging_mixin.py:151} INFO - [2024-03-26T06:09:43.408+0000] {dag.py:2915} INFO - Sync 1 DAGs
[2024-03-26T06:09:43.424+0000] {logging_mixin.py:151} INFO - [2024-03-26T06:09:43.424+0000] {dag.py:3696} INFO - Setting next_dagrun for example_trigger_target_dag to None, run_after=None
[2024-03-26T06:09:43.458+0000] {processor.py:179} INFO - Processing /home/airflow/.local/lib/python3.8/site-packages/airflow/example_dags/example_trigger_target_dag.py took 0.090 seconds
[2024-03-26T06:10:13.955+0000] {processor.py:157} INFO - Started process (PID=702) to work on /home/airflow/.local/lib/python3.8/site-packages/airflow/example_dags/example_trigger_target_dag.py
[2024-03-26T06:10:13.956+0000] {processor.py:829} INFO - Processing file /home/airflow/.local/lib/python3.8/site-packages/airflow/example_dags/example_trigger_target_dag.py for tasks to queue
[2024-03-26T06:10:13.959+0000] {logging_mixin.py:151} INFO - [2024-03-26T06:10:13.959+0000] {dagbag.py:539} INFO - Filling up the DagBag from /home/airflow/.local/lib/python3.8/site-packages/airflow/example_dags/example_trigger_target_dag.py
[2024-03-26T06:10:13.965+0000] {processor.py:839} INFO - DAG(s) dict_keys(['example_trigger_target_dag']) retrieved from /home/airflow/.local/lib/python3.8/site-packages/airflow/example_dags/example_trigger_target_dag.py
[2024-03-26T06:10:13.987+0000] {logging_mixin.py:151} INFO - [2024-03-26T06:10:13.987+0000] {dag.py:2915} INFO - Sync 1 DAGs
[2024-03-26T06:10:14.000+0000] {logging_mixin.py:151} INFO - [2024-03-26T06:10:14.000+0000] {dag.py:3696} INFO - Setting next_dagrun for example_trigger_target_dag to None, run_after=None
[2024-03-26T06:10:14.022+0000] {processor.py:179} INFO - Processing /home/airflow/.local/lib/python3.8/site-packages/airflow/example_dags/example_trigger_target_dag.py took 0.072 seconds
[2024-03-26T06:10:44.596+0000] {processor.py:157} INFO - Started process (PID=756) to work on /home/airflow/.local/lib/python3.8/site-packages/airflow/example_dags/example_trigger_target_dag.py
[2024-03-26T06:10:44.598+0000] {processor.py:829} INFO - Processing file /home/airflow/.local/lib/python3.8/site-packages/airflow/example_dags/example_trigger_target_dag.py for tasks to queue
[2024-03-26T06:10:44.601+0000] {logging_mixin.py:151} INFO - [2024-03-26T06:10:44.600+0000] {dagbag.py:539} INFO - Filling up the DagBag from /home/airflow/.local/lib/python3.8/site-packages/airflow/example_dags/example_trigger_target_dag.py
[2024-03-26T06:10:44.607+0000] {processor.py:839} INFO - DAG(s) dict_keys(['example_trigger_target_dag']) retrieved from /home/airflow/.local/lib/python3.8/site-packages/airflow/example_dags/example_trigger_target_dag.py
[2024-03-26T06:10:44.632+0000] {logging_mixin.py:151} INFO - [2024-03-26T06:10:44.632+0000] {dag.py:2915} INFO - Sync 1 DAGs
[2024-03-26T06:10:44.646+0000] {logging_mixin.py:151} INFO - [2024-03-26T06:10:44.646+0000] {dag.py:3696} INFO - Setting next_dagrun for example_trigger_target_dag to None, run_after=None
[2024-03-26T06:10:44.680+0000] {processor.py:179} INFO - Processing /home/airflow/.local/lib/python3.8/site-packages/airflow/example_dags/example_trigger_target_dag.py took 0.088 seconds
[2024-03-26T06:11:15.228+0000] {processor.py:157} INFO - Started process (PID=810) to work on /home/airflow/.local/lib/python3.8/site-packages/airflow/example_dags/example_trigger_target_dag.py
[2024-03-26T06:11:15.230+0000] {processor.py:829} INFO - Processing file /home/airflow/.local/lib/python3.8/site-packages/airflow/example_dags/example_trigger_target_dag.py for tasks to queue
[2024-03-26T06:11:15.233+0000] {logging_mixin.py:151} INFO - [2024-03-26T06:11:15.233+0000] {dagbag.py:539} INFO - Filling up the DagBag from /home/airflow/.local/lib/python3.8/site-packages/airflow/example_dags/example_trigger_target_dag.py
[2024-03-26T06:11:15.241+0000] {processor.py:839} INFO - DAG(s) dict_keys(['example_trigger_target_dag']) retrieved from /home/airflow/.local/lib/python3.8/site-packages/airflow/example_dags/example_trigger_target_dag.py
[2024-03-26T06:11:15.278+0000] {logging_mixin.py:151} INFO - [2024-03-26T06:11:15.278+0000] {dag.py:2915} INFO - Sync 1 DAGs
[2024-03-26T06:11:15.294+0000] {logging_mixin.py:151} INFO - [2024-03-26T06:11:15.294+0000] {dag.py:3696} INFO - Setting next_dagrun for example_trigger_target_dag to None, run_after=None
[2024-03-26T06:11:15.318+0000] {processor.py:179} INFO - Processing /home/airflow/.local/lib/python3.8/site-packages/airflow/example_dags/example_trigger_target_dag.py took 0.095 seconds
[2024-03-26T06:11:45.444+0000] {processor.py:157} INFO - Started process (PID=863) to work on /home/airflow/.local/lib/python3.8/site-packages/airflow/example_dags/example_trigger_target_dag.py
[2024-03-26T06:11:45.446+0000] {processor.py:829} INFO - Processing file /home/airflow/.local/lib/python3.8/site-packages/airflow/example_dags/example_trigger_target_dag.py for tasks to queue
[2024-03-26T06:11:45.449+0000] {logging_mixin.py:151} INFO - [2024-03-26T06:11:45.448+0000] {dagbag.py:539} INFO - Filling up the DagBag from /home/airflow/.local/lib/python3.8/site-packages/airflow/example_dags/example_trigger_target_dag.py
[2024-03-26T06:11:45.455+0000] {processor.py:839} INFO - DAG(s) dict_keys(['example_trigger_target_dag']) retrieved from /home/airflow/.local/lib/python3.8/site-packages/airflow/example_dags/example_trigger_target_dag.py
[2024-03-26T06:11:45.479+0000] {logging_mixin.py:151} INFO - [2024-03-26T06:11:45.479+0000] {dag.py:2915} INFO - Sync 1 DAGs
[2024-03-26T06:11:45.492+0000] {logging_mixin.py:151} INFO - [2024-03-26T06:11:45.492+0000] {dag.py:3696} INFO - Setting next_dagrun for example_trigger_target_dag to None, run_after=None
[2024-03-26T06:11:45.517+0000] {processor.py:179} INFO - Processing /home/airflow/.local/lib/python3.8/site-packages/airflow/example_dags/example_trigger_target_dag.py took 0.077 seconds
[2024-03-26T06:12:15.936+0000] {processor.py:157} INFO - Started process (PID=918) to work on /home/airflow/.local/lib/python3.8/site-packages/airflow/example_dags/example_trigger_target_dag.py
[2024-03-26T06:12:15.938+0000] {processor.py:829} INFO - Processing file /home/airflow/.local/lib/python3.8/site-packages/airflow/example_dags/example_trigger_target_dag.py for tasks to queue
[2024-03-26T06:12:15.941+0000] {logging_mixin.py:151} INFO - [2024-03-26T06:12:15.940+0000] {dagbag.py:539} INFO - Filling up the DagBag from /home/airflow/.local/lib/python3.8/site-packages/airflow/example_dags/example_trigger_target_dag.py
[2024-03-26T06:12:15.948+0000] {processor.py:839} INFO - DAG(s) dict_keys(['example_trigger_target_dag']) retrieved from /home/airflow/.local/lib/python3.8/site-packages/airflow/example_dags/example_trigger_target_dag.py
[2024-03-26T06:12:15.976+0000] {logging_mixin.py:151} INFO - [2024-03-26T06:12:15.976+0000] {dag.py:2915} INFO - Sync 1 DAGs
[2024-03-26T06:12:15.990+0000] {logging_mixin.py:151} INFO - [2024-03-26T06:12:15.989+0000] {dag.py:3696} INFO - Setting next_dagrun for example_trigger_target_dag to None, run_after=None
[2024-03-26T06:12:16.020+0000] {processor.py:179} INFO - Processing /home/airflow/.local/lib/python3.8/site-packages/airflow/example_dags/example_trigger_target_dag.py took 0.090 seconds
[2024-03-26T06:12:46.439+0000] {processor.py:157} INFO - Started process (PID=972) to work on /home/airflow/.local/lib/python3.8/site-packages/airflow/example_dags/example_trigger_target_dag.py
[2024-03-26T06:12:46.442+0000] {processor.py:829} INFO - Processing file /home/airflow/.local/lib/python3.8/site-packages/airflow/example_dags/example_trigger_target_dag.py for tasks to queue
[2024-03-26T06:12:46.445+0000] {logging_mixin.py:151} INFO - [2024-03-26T06:12:46.445+0000] {dagbag.py:539} INFO - Filling up the DagBag from /home/airflow/.local/lib/python3.8/site-packages/airflow/example_dags/example_trigger_target_dag.py
[2024-03-26T06:12:46.450+0000] {processor.py:839} INFO - DAG(s) dict_keys(['example_trigger_target_dag']) retrieved from /home/airflow/.local/lib/python3.8/site-packages/airflow/example_dags/example_trigger_target_dag.py
[2024-03-26T06:12:46.471+0000] {logging_mixin.py:151} INFO - [2024-03-26T06:12:46.471+0000] {dag.py:2915} INFO - Sync 1 DAGs
[2024-03-26T06:12:46.484+0000] {logging_mixin.py:151} INFO - [2024-03-26T06:12:46.483+0000] {dag.py:3696} INFO - Setting next_dagrun for example_trigger_target_dag to None, run_after=None
[2024-03-26T06:12:46.514+0000] {processor.py:179} INFO - Processing /home/airflow/.local/lib/python3.8/site-packages/airflow/example_dags/example_trigger_target_dag.py took 0.079 seconds
[2024-03-26T06:19:07.113+0000] {processor.py:157} INFO - Started process (PID=1003) to work on /home/airflow/.local/lib/python3.8/site-packages/airflow/example_dags/example_trigger_target_dag.py
[2024-03-26T06:19:07.115+0000] {processor.py:829} INFO - Processing file /home/airflow/.local/lib/python3.8/site-packages/airflow/example_dags/example_trigger_target_dag.py for tasks to queue
[2024-03-26T06:19:07.119+0000] {logging_mixin.py:151} INFO - [2024-03-26T06:19:07.118+0000] {dagbag.py:539} INFO - Filling up the DagBag from /home/airflow/.local/lib/python3.8/site-packages/airflow/example_dags/example_trigger_target_dag.py
[2024-03-26T06:19:07.136+0000] {processor.py:839} INFO - DAG(s) dict_keys(['example_trigger_target_dag']) retrieved from /home/airflow/.local/lib/python3.8/site-packages/airflow/example_dags/example_trigger_target_dag.py
[2024-03-26T06:19:07.187+0000] {logging_mixin.py:151} INFO - [2024-03-26T06:19:07.186+0000] {dag.py:2915} INFO - Sync 1 DAGs
[2024-03-26T06:19:07.230+0000] {logging_mixin.py:151} INFO - [2024-03-26T06:19:07.229+0000] {dag.py:3696} INFO - Setting next_dagrun for example_trigger_target_dag to None, run_after=None
[2024-03-26T06:19:07.299+0000] {processor.py:179} INFO - Processing /home/airflow/.local/lib/python3.8/site-packages/airflow/example_dags/example_trigger_target_dag.py took 0.191 seconds
[2024-03-26T06:19:38.087+0000] {processor.py:157} INFO - Started process (PID=1057) to work on /home/airflow/.local/lib/python3.8/site-packages/airflow/example_dags/example_trigger_target_dag.py
[2024-03-26T06:19:38.089+0000] {processor.py:829} INFO - Processing file /home/airflow/.local/lib/python3.8/site-packages/airflow/example_dags/example_trigger_target_dag.py for tasks to queue
[2024-03-26T06:19:38.092+0000] {logging_mixin.py:151} INFO - [2024-03-26T06:19:38.091+0000] {dagbag.py:539} INFO - Filling up the DagBag from /home/airflow/.local/lib/python3.8/site-packages/airflow/example_dags/example_trigger_target_dag.py
[2024-03-26T06:19:38.099+0000] {processor.py:839} INFO - DAG(s) dict_keys(['example_trigger_target_dag']) retrieved from /home/airflow/.local/lib/python3.8/site-packages/airflow/example_dags/example_trigger_target_dag.py
[2024-03-26T06:19:38.125+0000] {logging_mixin.py:151} INFO - [2024-03-26T06:19:38.125+0000] {dag.py:2915} INFO - Sync 1 DAGs
[2024-03-26T06:19:38.141+0000] {logging_mixin.py:151} INFO - [2024-03-26T06:19:38.140+0000] {dag.py:3696} INFO - Setting next_dagrun for example_trigger_target_dag to None, run_after=None
[2024-03-26T06:19:38.163+0000] {processor.py:179} INFO - Processing /home/airflow/.local/lib/python3.8/site-packages/airflow/example_dags/example_trigger_target_dag.py took 0.081 seconds
[2024-03-26T06:20:09.005+0000] {processor.py:157} INFO - Started process (PID=1111) to work on /home/airflow/.local/lib/python3.8/site-packages/airflow/example_dags/example_trigger_target_dag.py
[2024-03-26T06:20:09.010+0000] {processor.py:829} INFO - Processing file /home/airflow/.local/lib/python3.8/site-packages/airflow/example_dags/example_trigger_target_dag.py for tasks to queue
[2024-03-26T06:20:09.013+0000] {logging_mixin.py:151} INFO - [2024-03-26T06:20:09.013+0000] {dagbag.py:539} INFO - Filling up the DagBag from /home/airflow/.local/lib/python3.8/site-packages/airflow/example_dags/example_trigger_target_dag.py
[2024-03-26T06:20:09.020+0000] {processor.py:839} INFO - DAG(s) dict_keys(['example_trigger_target_dag']) retrieved from /home/airflow/.local/lib/python3.8/site-packages/airflow/example_dags/example_trigger_target_dag.py
[2024-03-26T06:20:09.043+0000] {logging_mixin.py:151} INFO - [2024-03-26T06:20:09.043+0000] {dag.py:2915} INFO - Sync 1 DAGs
[2024-03-26T06:20:09.059+0000] {logging_mixin.py:151} INFO - [2024-03-26T06:20:09.059+0000] {dag.py:3696} INFO - Setting next_dagrun for example_trigger_target_dag to None, run_after=None
[2024-03-26T06:20:09.083+0000] {processor.py:179} INFO - Processing /home/airflow/.local/lib/python3.8/site-packages/airflow/example_dags/example_trigger_target_dag.py took 0.083 seconds
[2024-03-26T06:20:39.360+0000] {processor.py:157} INFO - Started process (PID=1165) to work on /home/airflow/.local/lib/python3.8/site-packages/airflow/example_dags/example_trigger_target_dag.py
[2024-03-26T06:20:39.361+0000] {processor.py:829} INFO - Processing file /home/airflow/.local/lib/python3.8/site-packages/airflow/example_dags/example_trigger_target_dag.py for tasks to queue
[2024-03-26T06:20:39.365+0000] {logging_mixin.py:151} INFO - [2024-03-26T06:20:39.364+0000] {dagbag.py:539} INFO - Filling up the DagBag from /home/airflow/.local/lib/python3.8/site-packages/airflow/example_dags/example_trigger_target_dag.py
[2024-03-26T06:20:39.371+0000] {processor.py:839} INFO - DAG(s) dict_keys(['example_trigger_target_dag']) retrieved from /home/airflow/.local/lib/python3.8/site-packages/airflow/example_dags/example_trigger_target_dag.py
[2024-03-26T06:20:39.398+0000] {logging_mixin.py:151} INFO - [2024-03-26T06:20:39.398+0000] {dag.py:2915} INFO - Sync 1 DAGs
[2024-03-26T06:20:39.413+0000] {logging_mixin.py:151} INFO - [2024-03-26T06:20:39.413+0000] {dag.py:3696} INFO - Setting next_dagrun for example_trigger_target_dag to None, run_after=None
[2024-03-26T06:20:39.439+0000] {processor.py:179} INFO - Processing /home/airflow/.local/lib/python3.8/site-packages/airflow/example_dags/example_trigger_target_dag.py took 0.083 seconds
[2024-03-26T06:21:09.787+0000] {processor.py:157} INFO - Started process (PID=1219) to work on /home/airflow/.local/lib/python3.8/site-packages/airflow/example_dags/example_trigger_target_dag.py
[2024-03-26T06:21:09.789+0000] {processor.py:829} INFO - Processing file /home/airflow/.local/lib/python3.8/site-packages/airflow/example_dags/example_trigger_target_dag.py for tasks to queue
[2024-03-26T06:21:09.791+0000] {logging_mixin.py:151} INFO - [2024-03-26T06:21:09.791+0000] {dagbag.py:539} INFO - Filling up the DagBag from /home/airflow/.local/lib/python3.8/site-packages/airflow/example_dags/example_trigger_target_dag.py
[2024-03-26T06:21:09.797+0000] {processor.py:839} INFO - DAG(s) dict_keys(['example_trigger_target_dag']) retrieved from /home/airflow/.local/lib/python3.8/site-packages/airflow/example_dags/example_trigger_target_dag.py
[2024-03-26T06:21:09.821+0000] {logging_mixin.py:151} INFO - [2024-03-26T06:21:09.820+0000] {dag.py:2915} INFO - Sync 1 DAGs
[2024-03-26T06:21:09.837+0000] {logging_mixin.py:151} INFO - [2024-03-26T06:21:09.837+0000] {dag.py:3696} INFO - Setting next_dagrun for example_trigger_target_dag to None, run_after=None
[2024-03-26T06:21:09.861+0000] {processor.py:179} INFO - Processing /home/airflow/.local/lib/python3.8/site-packages/airflow/example_dags/example_trigger_target_dag.py took 0.078 seconds
[2024-03-26T06:21:40.718+0000] {processor.py:157} INFO - Started process (PID=1273) to work on /home/airflow/.local/lib/python3.8/site-packages/airflow/example_dags/example_trigger_target_dag.py
[2024-03-26T06:21:40.720+0000] {processor.py:829} INFO - Processing file /home/airflow/.local/lib/python3.8/site-packages/airflow/example_dags/example_trigger_target_dag.py for tasks to queue
[2024-03-26T06:21:40.723+0000] {logging_mixin.py:151} INFO - [2024-03-26T06:21:40.723+0000] {dagbag.py:539} INFO - Filling up the DagBag from /home/airflow/.local/lib/python3.8/site-packages/airflow/example_dags/example_trigger_target_dag.py
[2024-03-26T06:21:40.730+0000] {processor.py:839} INFO - DAG(s) dict_keys(['example_trigger_target_dag']) retrieved from /home/airflow/.local/lib/python3.8/site-packages/airflow/example_dags/example_trigger_target_dag.py
[2024-03-26T06:21:40.755+0000] {logging_mixin.py:151} INFO - [2024-03-26T06:21:40.754+0000] {dag.py:2915} INFO - Sync 1 DAGs
[2024-03-26T06:21:40.772+0000] {logging_mixin.py:151} INFO - [2024-03-26T06:21:40.772+0000] {dag.py:3696} INFO - Setting next_dagrun for example_trigger_target_dag to None, run_after=None
[2024-03-26T06:21:40.795+0000] {processor.py:179} INFO - Processing /home/airflow/.local/lib/python3.8/site-packages/airflow/example_dags/example_trigger_target_dag.py took 0.081 seconds
[2024-03-26T06:22:11.458+0000] {processor.py:157} INFO - Started process (PID=1327) to work on /home/airflow/.local/lib/python3.8/site-packages/airflow/example_dags/example_trigger_target_dag.py
[2024-03-26T06:22:11.459+0000] {processor.py:829} INFO - Processing file /home/airflow/.local/lib/python3.8/site-packages/airflow/example_dags/example_trigger_target_dag.py for tasks to queue
[2024-03-26T06:22:11.462+0000] {logging_mixin.py:151} INFO - [2024-03-26T06:22:11.462+0000] {dagbag.py:539} INFO - Filling up the DagBag from /home/airflow/.local/lib/python3.8/site-packages/airflow/example_dags/example_trigger_target_dag.py
[2024-03-26T06:22:11.470+0000] {processor.py:839} INFO - DAG(s) dict_keys(['example_trigger_target_dag']) retrieved from /home/airflow/.local/lib/python3.8/site-packages/airflow/example_dags/example_trigger_target_dag.py
[2024-03-26T06:22:11.493+0000] {logging_mixin.py:151} INFO - [2024-03-26T06:22:11.493+0000] {dag.py:2915} INFO - Sync 1 DAGs
[2024-03-26T06:22:11.508+0000] {logging_mixin.py:151} INFO - [2024-03-26T06:22:11.508+0000] {dag.py:3696} INFO - Setting next_dagrun for example_trigger_target_dag to None, run_after=None
[2024-03-26T06:22:11.532+0000] {processor.py:179} INFO - Processing /home/airflow/.local/lib/python3.8/site-packages/airflow/example_dags/example_trigger_target_dag.py took 0.078 seconds
[2024-03-26T06:22:42.060+0000] {processor.py:157} INFO - Started process (PID=1381) to work on /home/airflow/.local/lib/python3.8/site-packages/airflow/example_dags/example_trigger_target_dag.py
[2024-03-26T06:22:42.062+0000] {processor.py:829} INFO - Processing file /home/airflow/.local/lib/python3.8/site-packages/airflow/example_dags/example_trigger_target_dag.py for tasks to queue
[2024-03-26T06:22:42.066+0000] {logging_mixin.py:151} INFO - [2024-03-26T06:22:42.065+0000] {dagbag.py:539} INFO - Filling up the DagBag from /home/airflow/.local/lib/python3.8/site-packages/airflow/example_dags/example_trigger_target_dag.py
[2024-03-26T06:22:42.072+0000] {processor.py:839} INFO - DAG(s) dict_keys(['example_trigger_target_dag']) retrieved from /home/airflow/.local/lib/python3.8/site-packages/airflow/example_dags/example_trigger_target_dag.py
[2024-03-26T06:22:42.095+0000] {logging_mixin.py:151} INFO - [2024-03-26T06:22:42.095+0000] {dag.py:2915} INFO - Sync 1 DAGs
[2024-03-26T06:22:42.111+0000] {logging_mixin.py:151} INFO - [2024-03-26T06:22:42.110+0000] {dag.py:3696} INFO - Setting next_dagrun for example_trigger_target_dag to None, run_after=None
[2024-03-26T06:22:42.135+0000] {processor.py:179} INFO - Processing /home/airflow/.local/lib/python3.8/site-packages/airflow/example_dags/example_trigger_target_dag.py took 0.079 seconds
[2024-03-26T06:23:12.585+0000] {processor.py:157} INFO - Started process (PID=1435) to work on /home/airflow/.local/lib/python3.8/site-packages/airflow/example_dags/example_trigger_target_dag.py
[2024-03-26T06:23:12.587+0000] {processor.py:829} INFO - Processing file /home/airflow/.local/lib/python3.8/site-packages/airflow/example_dags/example_trigger_target_dag.py for tasks to queue
[2024-03-26T06:23:12.589+0000] {logging_mixin.py:151} INFO - [2024-03-26T06:23:12.589+0000] {dagbag.py:539} INFO - Filling up the DagBag from /home/airflow/.local/lib/python3.8/site-packages/airflow/example_dags/example_trigger_target_dag.py
[2024-03-26T06:23:12.597+0000] {processor.py:839} INFO - DAG(s) dict_keys(['example_trigger_target_dag']) retrieved from /home/airflow/.local/lib/python3.8/site-packages/airflow/example_dags/example_trigger_target_dag.py
[2024-03-26T06:23:12.624+0000] {logging_mixin.py:151} INFO - [2024-03-26T06:23:12.624+0000] {dag.py:2915} INFO - Sync 1 DAGs
[2024-03-26T06:23:12.639+0000] {logging_mixin.py:151} INFO - [2024-03-26T06:23:12.639+0000] {dag.py:3696} INFO - Setting next_dagrun for example_trigger_target_dag to None, run_after=None
[2024-03-26T06:23:12.665+0000] {processor.py:179} INFO - Processing /home/airflow/.local/lib/python3.8/site-packages/airflow/example_dags/example_trigger_target_dag.py took 0.084 seconds
[2024-03-26T06:23:43.218+0000] {processor.py:157} INFO - Started process (PID=1489) to work on /home/airflow/.local/lib/python3.8/site-packages/airflow/example_dags/example_trigger_target_dag.py
[2024-03-26T06:23:43.219+0000] {processor.py:829} INFO - Processing file /home/airflow/.local/lib/python3.8/site-packages/airflow/example_dags/example_trigger_target_dag.py for tasks to queue
[2024-03-26T06:23:43.222+0000] {logging_mixin.py:151} INFO - [2024-03-26T06:23:43.222+0000] {dagbag.py:539} INFO - Filling up the DagBag from /home/airflow/.local/lib/python3.8/site-packages/airflow/example_dags/example_trigger_target_dag.py
[2024-03-26T06:23:43.230+0000] {processor.py:839} INFO - DAG(s) dict_keys(['example_trigger_target_dag']) retrieved from /home/airflow/.local/lib/python3.8/site-packages/airflow/example_dags/example_trigger_target_dag.py
[2024-03-26T06:23:43.255+0000] {logging_mixin.py:151} INFO - [2024-03-26T06:23:43.255+0000] {dag.py:2915} INFO - Sync 1 DAGs
[2024-03-26T06:23:43.269+0000] {logging_mixin.py:151} INFO - [2024-03-26T06:23:43.269+0000] {dag.py:3696} INFO - Setting next_dagrun for example_trigger_target_dag to None, run_after=None
[2024-03-26T06:23:43.301+0000] {processor.py:179} INFO - Processing /home/airflow/.local/lib/python3.8/site-packages/airflow/example_dags/example_trigger_target_dag.py took 0.087 seconds
[2024-03-26T06:24:13.913+0000] {processor.py:157} INFO - Started process (PID=1543) to work on /home/airflow/.local/lib/python3.8/site-packages/airflow/example_dags/example_trigger_target_dag.py
[2024-03-26T06:24:13.915+0000] {processor.py:829} INFO - Processing file /home/airflow/.local/lib/python3.8/site-packages/airflow/example_dags/example_trigger_target_dag.py for tasks to queue
[2024-03-26T06:24:13.917+0000] {logging_mixin.py:151} INFO - [2024-03-26T06:24:13.917+0000] {dagbag.py:539} INFO - Filling up the DagBag from /home/airflow/.local/lib/python3.8/site-packages/airflow/example_dags/example_trigger_target_dag.py
[2024-03-26T06:24:13.925+0000] {processor.py:839} INFO - DAG(s) dict_keys(['example_trigger_target_dag']) retrieved from /home/airflow/.local/lib/python3.8/site-packages/airflow/example_dags/example_trigger_target_dag.py
[2024-03-26T06:24:13.950+0000] {logging_mixin.py:151} INFO - [2024-03-26T06:24:13.950+0000] {dag.py:2915} INFO - Sync 1 DAGs
[2024-03-26T06:24:13.965+0000] {logging_mixin.py:151} INFO - [2024-03-26T06:24:13.965+0000] {dag.py:3696} INFO - Setting next_dagrun for example_trigger_target_dag to None, run_after=None
[2024-03-26T06:24:13.990+0000] {processor.py:179} INFO - Processing /home/airflow/.local/lib/python3.8/site-packages/airflow/example_dags/example_trigger_target_dag.py took 0.081 seconds
[2024-03-26T06:24:44.511+0000] {processor.py:157} INFO - Started process (PID=1597) to work on /home/airflow/.local/lib/python3.8/site-packages/airflow/example_dags/example_trigger_target_dag.py
[2024-03-26T06:24:44.513+0000] {processor.py:829} INFO - Processing file /home/airflow/.local/lib/python3.8/site-packages/airflow/example_dags/example_trigger_target_dag.py for tasks to queue
[2024-03-26T06:24:44.516+0000] {logging_mixin.py:151} INFO - [2024-03-26T06:24:44.516+0000] {dagbag.py:539} INFO - Filling up the DagBag from /home/airflow/.local/lib/python3.8/site-packages/airflow/example_dags/example_trigger_target_dag.py
[2024-03-26T06:24:44.523+0000] {processor.py:839} INFO - DAG(s) dict_keys(['example_trigger_target_dag']) retrieved from /home/airflow/.local/lib/python3.8/site-packages/airflow/example_dags/example_trigger_target_dag.py
[2024-03-26T06:24:44.547+0000] {logging_mixin.py:151} INFO - [2024-03-26T06:24:44.547+0000] {dag.py:2915} INFO - Sync 1 DAGs
[2024-03-26T06:24:44.563+0000] {logging_mixin.py:151} INFO - [2024-03-26T06:24:44.563+0000] {dag.py:3696} INFO - Setting next_dagrun for example_trigger_target_dag to None, run_after=None
[2024-03-26T06:24:44.586+0000] {processor.py:179} INFO - Processing /home/airflow/.local/lib/python3.8/site-packages/airflow/example_dags/example_trigger_target_dag.py took 0.079 seconds
[2024-03-26T06:25:15.160+0000] {processor.py:157} INFO - Started process (PID=1651) to work on /home/airflow/.local/lib/python3.8/site-packages/airflow/example_dags/example_trigger_target_dag.py
[2024-03-26T06:25:15.161+0000] {processor.py:829} INFO - Processing file /home/airflow/.local/lib/python3.8/site-packages/airflow/example_dags/example_trigger_target_dag.py for tasks to queue
[2024-03-26T06:25:15.164+0000] {logging_mixin.py:151} INFO - [2024-03-26T06:25:15.163+0000] {dagbag.py:539} INFO - Filling up the DagBag from /home/airflow/.local/lib/python3.8/site-packages/airflow/example_dags/example_trigger_target_dag.py
[2024-03-26T06:25:15.171+0000] {processor.py:839} INFO - DAG(s) dict_keys(['example_trigger_target_dag']) retrieved from /home/airflow/.local/lib/python3.8/site-packages/airflow/example_dags/example_trigger_target_dag.py
[2024-03-26T06:25:15.195+0000] {logging_mixin.py:151} INFO - [2024-03-26T06:25:15.195+0000] {dag.py:2915} INFO - Sync 1 DAGs
[2024-03-26T06:25:15.210+0000] {logging_mixin.py:151} INFO - [2024-03-26T06:25:15.210+0000] {dag.py:3696} INFO - Setting next_dagrun for example_trigger_target_dag to None, run_after=None
[2024-03-26T06:25:15.231+0000] {processor.py:179} INFO - Processing /home/airflow/.local/lib/python3.8/site-packages/airflow/example_dags/example_trigger_target_dag.py took 0.075 seconds
[2024-03-26T06:25:45.625+0000] {processor.py:157} INFO - Started process (PID=1705) to work on /home/airflow/.local/lib/python3.8/site-packages/airflow/example_dags/example_trigger_target_dag.py
[2024-03-26T06:25:45.626+0000] {processor.py:829} INFO - Processing file /home/airflow/.local/lib/python3.8/site-packages/airflow/example_dags/example_trigger_target_dag.py for tasks to queue
[2024-03-26T06:25:45.629+0000] {logging_mixin.py:151} INFO - [2024-03-26T06:25:45.628+0000] {dagbag.py:539} INFO - Filling up the DagBag from /home/airflow/.local/lib/python3.8/site-packages/airflow/example_dags/example_trigger_target_dag.py
[2024-03-26T06:25:45.636+0000] {processor.py:839} INFO - DAG(s) dict_keys(['example_trigger_target_dag']) retrieved from /home/airflow/.local/lib/python3.8/site-packages/airflow/example_dags/example_trigger_target_dag.py
[2024-03-26T06:25:45.659+0000] {logging_mixin.py:151} INFO - [2024-03-26T06:25:45.658+0000] {dag.py:2915} INFO - Sync 1 DAGs
[2024-03-26T06:25:45.673+0000] {logging_mixin.py:151} INFO - [2024-03-26T06:25:45.673+0000] {dag.py:3696} INFO - Setting next_dagrun for example_trigger_target_dag to None, run_after=None
[2024-03-26T06:25:45.696+0000] {processor.py:179} INFO - Processing /home/airflow/.local/lib/python3.8/site-packages/airflow/example_dags/example_trigger_target_dag.py took 0.074 seconds
[2024-03-26T06:26:16.000+0000] {processor.py:157} INFO - Started process (PID=1759) to work on /home/airflow/.local/lib/python3.8/site-packages/airflow/example_dags/example_trigger_target_dag.py
[2024-03-26T06:26:16.002+0000] {processor.py:829} INFO - Processing file /home/airflow/.local/lib/python3.8/site-packages/airflow/example_dags/example_trigger_target_dag.py for tasks to queue
[2024-03-26T06:26:16.004+0000] {logging_mixin.py:151} INFO - [2024-03-26T06:26:16.004+0000] {dagbag.py:539} INFO - Filling up the DagBag from /home/airflow/.local/lib/python3.8/site-packages/airflow/example_dags/example_trigger_target_dag.py
[2024-03-26T06:26:16.011+0000] {processor.py:839} INFO - DAG(s) dict_keys(['example_trigger_target_dag']) retrieved from /home/airflow/.local/lib/python3.8/site-packages/airflow/example_dags/example_trigger_target_dag.py
[2024-03-26T06:26:16.035+0000] {logging_mixin.py:151} INFO - [2024-03-26T06:26:16.035+0000] {dag.py:2915} INFO - Sync 1 DAGs
[2024-03-26T06:26:16.053+0000] {logging_mixin.py:151} INFO - [2024-03-26T06:26:16.053+0000] {dag.py:3696} INFO - Setting next_dagrun for example_trigger_target_dag to None, run_after=None
[2024-03-26T06:26:16.076+0000] {processor.py:179} INFO - Processing /home/airflow/.local/lib/python3.8/site-packages/airflow/example_dags/example_trigger_target_dag.py took 0.079 seconds
[2024-03-26T06:26:46.695+0000] {processor.py:157} INFO - Started process (PID=1813) to work on /home/airflow/.local/lib/python3.8/site-packages/airflow/example_dags/example_trigger_target_dag.py
[2024-03-26T06:26:46.696+0000] {processor.py:829} INFO - Processing file /home/airflow/.local/lib/python3.8/site-packages/airflow/example_dags/example_trigger_target_dag.py for tasks to queue
[2024-03-26T06:26:46.699+0000] {logging_mixin.py:151} INFO - [2024-03-26T06:26:46.698+0000] {dagbag.py:539} INFO - Filling up the DagBag from /home/airflow/.local/lib/python3.8/site-packages/airflow/example_dags/example_trigger_target_dag.py
[2024-03-26T06:26:46.707+0000] {processor.py:839} INFO - DAG(s) dict_keys(['example_trigger_target_dag']) retrieved from /home/airflow/.local/lib/python3.8/site-packages/airflow/example_dags/example_trigger_target_dag.py
[2024-03-26T06:26:46.730+0000] {logging_mixin.py:151} INFO - [2024-03-26T06:26:46.730+0000] {dag.py:2915} INFO - Sync 1 DAGs
[2024-03-26T06:26:46.746+0000] {logging_mixin.py:151} INFO - [2024-03-26T06:26:46.746+0000] {dag.py:3696} INFO - Setting next_dagrun for example_trigger_target_dag to None, run_after=None
[2024-03-26T06:26:46.769+0000] {processor.py:179} INFO - Processing /home/airflow/.local/lib/python3.8/site-packages/airflow/example_dags/example_trigger_target_dag.py took 0.078 seconds
[2024-03-26T06:27:17.107+0000] {processor.py:157} INFO - Started process (PID=1867) to work on /home/airflow/.local/lib/python3.8/site-packages/airflow/example_dags/example_trigger_target_dag.py
[2024-03-26T06:27:17.109+0000] {processor.py:829} INFO - Processing file /home/airflow/.local/lib/python3.8/site-packages/airflow/example_dags/example_trigger_target_dag.py for tasks to queue
[2024-03-26T06:27:17.112+0000] {logging_mixin.py:151} INFO - [2024-03-26T06:27:17.111+0000] {dagbag.py:539} INFO - Filling up the DagBag from /home/airflow/.local/lib/python3.8/site-packages/airflow/example_dags/example_trigger_target_dag.py
[2024-03-26T06:27:17.119+0000] {processor.py:839} INFO - DAG(s) dict_keys(['example_trigger_target_dag']) retrieved from /home/airflow/.local/lib/python3.8/site-packages/airflow/example_dags/example_trigger_target_dag.py
[2024-03-26T06:27:17.143+0000] {logging_mixin.py:151} INFO - [2024-03-26T06:27:17.142+0000] {dag.py:2915} INFO - Sync 1 DAGs
[2024-03-26T06:27:17.158+0000] {logging_mixin.py:151} INFO - [2024-03-26T06:27:17.158+0000] {dag.py:3696} INFO - Setting next_dagrun for example_trigger_target_dag to None, run_after=None
[2024-03-26T06:27:17.181+0000] {processor.py:179} INFO - Processing /home/airflow/.local/lib/python3.8/site-packages/airflow/example_dags/example_trigger_target_dag.py took 0.078 seconds
[2024-03-26T06:27:47.730+0000] {processor.py:157} INFO - Started process (PID=1921) to work on /home/airflow/.local/lib/python3.8/site-packages/airflow/example_dags/example_trigger_target_dag.py
[2024-03-26T06:27:47.732+0000] {processor.py:829} INFO - Processing file /home/airflow/.local/lib/python3.8/site-packages/airflow/example_dags/example_trigger_target_dag.py for tasks to queue
[2024-03-26T06:27:47.735+0000] {logging_mixin.py:151} INFO - [2024-03-26T06:27:47.735+0000] {dagbag.py:539} INFO - Filling up the DagBag from /home/airflow/.local/lib/python3.8/site-packages/airflow/example_dags/example_trigger_target_dag.py
[2024-03-26T06:27:47.743+0000] {processor.py:839} INFO - DAG(s) dict_keys(['example_trigger_target_dag']) retrieved from /home/airflow/.local/lib/python3.8/site-packages/airflow/example_dags/example_trigger_target_dag.py
[2024-03-26T06:27:47.772+0000] {logging_mixin.py:151} INFO - [2024-03-26T06:27:47.772+0000] {dag.py:2915} INFO - Sync 1 DAGs
[2024-03-26T06:27:47.791+0000] {logging_mixin.py:151} INFO - [2024-03-26T06:27:47.790+0000] {dag.py:3696} INFO - Setting next_dagrun for example_trigger_target_dag to None, run_after=None
[2024-03-26T06:27:47.812+0000] {processor.py:179} INFO - Processing /home/airflow/.local/lib/python3.8/site-packages/airflow/example_dags/example_trigger_target_dag.py took 0.087 seconds
[2024-03-26T06:28:18.301+0000] {processor.py:157} INFO - Started process (PID=1975) to work on /home/airflow/.local/lib/python3.8/site-packages/airflow/example_dags/example_trigger_target_dag.py
[2024-03-26T06:28:18.303+0000] {processor.py:829} INFO - Processing file /home/airflow/.local/lib/python3.8/site-packages/airflow/example_dags/example_trigger_target_dag.py for tasks to queue
[2024-03-26T06:28:18.306+0000] {logging_mixin.py:151} INFO - [2024-03-26T06:28:18.306+0000] {dagbag.py:539} INFO - Filling up the DagBag from /home/airflow/.local/lib/python3.8/site-packages/airflow/example_dags/example_trigger_target_dag.py
[2024-03-26T06:28:18.314+0000] {processor.py:839} INFO - DAG(s) dict_keys(['example_trigger_target_dag']) retrieved from /home/airflow/.local/lib/python3.8/site-packages/airflow/example_dags/example_trigger_target_dag.py
[2024-03-26T06:28:18.343+0000] {logging_mixin.py:151} INFO - [2024-03-26T06:28:18.343+0000] {dag.py:2915} INFO - Sync 1 DAGs
[2024-03-26T06:28:18.363+0000] {logging_mixin.py:151} INFO - [2024-03-26T06:28:18.363+0000] {dag.py:3696} INFO - Setting next_dagrun for example_trigger_target_dag to None, run_after=None
[2024-03-26T06:28:18.392+0000] {processor.py:179} INFO - Processing /home/airflow/.local/lib/python3.8/site-packages/airflow/example_dags/example_trigger_target_dag.py took 0.095 seconds
[2024-03-26T06:28:48.619+0000] {processor.py:157} INFO - Started process (PID=2029) to work on /home/airflow/.local/lib/python3.8/site-packages/airflow/example_dags/example_trigger_target_dag.py
[2024-03-26T06:28:48.621+0000] {processor.py:829} INFO - Processing file /home/airflow/.local/lib/python3.8/site-packages/airflow/example_dags/example_trigger_target_dag.py for tasks to queue
[2024-03-26T06:28:48.625+0000] {logging_mixin.py:151} INFO - [2024-03-26T06:28:48.624+0000] {dagbag.py:539} INFO - Filling up the DagBag from /home/airflow/.local/lib/python3.8/site-packages/airflow/example_dags/example_trigger_target_dag.py
[2024-03-26T06:28:48.634+0000] {processor.py:839} INFO - DAG(s) dict_keys(['example_trigger_target_dag']) retrieved from /home/airflow/.local/lib/python3.8/site-packages/airflow/example_dags/example_trigger_target_dag.py
[2024-03-26T06:28:48.670+0000] {logging_mixin.py:151} INFO - [2024-03-26T06:28:48.670+0000] {dag.py:2915} INFO - Sync 1 DAGs
[2024-03-26T06:28:48.691+0000] {logging_mixin.py:151} INFO - [2024-03-26T06:28:48.691+0000] {dag.py:3696} INFO - Setting next_dagrun for example_trigger_target_dag to None, run_after=None
[2024-03-26T06:28:48.725+0000] {processor.py:179} INFO - Processing /home/airflow/.local/lib/python3.8/site-packages/airflow/example_dags/example_trigger_target_dag.py took 0.110 seconds
[2024-03-26T06:29:18.937+0000] {processor.py:157} INFO - Started process (PID=2083) to work on /home/airflow/.local/lib/python3.8/site-packages/airflow/example_dags/example_trigger_target_dag.py
[2024-03-26T06:29:18.939+0000] {processor.py:829} INFO - Processing file /home/airflow/.local/lib/python3.8/site-packages/airflow/example_dags/example_trigger_target_dag.py for tasks to queue
[2024-03-26T06:29:18.942+0000] {logging_mixin.py:151} INFO - [2024-03-26T06:29:18.941+0000] {dagbag.py:539} INFO - Filling up the DagBag from /home/airflow/.local/lib/python3.8/site-packages/airflow/example_dags/example_trigger_target_dag.py
[2024-03-26T06:29:18.949+0000] {processor.py:839} INFO - DAG(s) dict_keys(['example_trigger_target_dag']) retrieved from /home/airflow/.local/lib/python3.8/site-packages/airflow/example_dags/example_trigger_target_dag.py
[2024-03-26T06:29:18.976+0000] {logging_mixin.py:151} INFO - [2024-03-26T06:29:18.976+0000] {dag.py:2915} INFO - Sync 1 DAGs
[2024-03-26T06:29:18.992+0000] {logging_mixin.py:151} INFO - [2024-03-26T06:29:18.992+0000] {dag.py:3696} INFO - Setting next_dagrun for example_trigger_target_dag to None, run_after=None
[2024-03-26T06:29:19.016+0000] {processor.py:179} INFO - Processing /home/airflow/.local/lib/python3.8/site-packages/airflow/example_dags/example_trigger_target_dag.py took 0.084 seconds
[2024-03-26T06:29:50.088+0000] {processor.py:157} INFO - Started process (PID=2137) to work on /home/airflow/.local/lib/python3.8/site-packages/airflow/example_dags/example_trigger_target_dag.py
[2024-03-26T06:29:50.089+0000] {processor.py:829} INFO - Processing file /home/airflow/.local/lib/python3.8/site-packages/airflow/example_dags/example_trigger_target_dag.py for tasks to queue
[2024-03-26T06:29:50.093+0000] {logging_mixin.py:151} INFO - [2024-03-26T06:29:50.092+0000] {dagbag.py:539} INFO - Filling up the DagBag from /home/airflow/.local/lib/python3.8/site-packages/airflow/example_dags/example_trigger_target_dag.py
[2024-03-26T06:29:50.102+0000] {processor.py:839} INFO - DAG(s) dict_keys(['example_trigger_target_dag']) retrieved from /home/airflow/.local/lib/python3.8/site-packages/airflow/example_dags/example_trigger_target_dag.py
[2024-03-26T06:29:50.128+0000] {logging_mixin.py:151} INFO - [2024-03-26T06:29:50.127+0000] {dag.py:2915} INFO - Sync 1 DAGs
[2024-03-26T06:29:50.144+0000] {logging_mixin.py:151} INFO - [2024-03-26T06:29:50.143+0000] {dag.py:3696} INFO - Setting next_dagrun for example_trigger_target_dag to None, run_after=None
[2024-03-26T06:29:50.168+0000] {processor.py:179} INFO - Processing /home/airflow/.local/lib/python3.8/site-packages/airflow/example_dags/example_trigger_target_dag.py took 0.085 seconds
[2024-03-26T06:30:20.336+0000] {processor.py:157} INFO - Started process (PID=2191) to work on /home/airflow/.local/lib/python3.8/site-packages/airflow/example_dags/example_trigger_target_dag.py
[2024-03-26T06:30:20.337+0000] {processor.py:829} INFO - Processing file /home/airflow/.local/lib/python3.8/site-packages/airflow/example_dags/example_trigger_target_dag.py for tasks to queue
[2024-03-26T06:30:20.340+0000] {logging_mixin.py:151} INFO - [2024-03-26T06:30:20.340+0000] {dagbag.py:539} INFO - Filling up the DagBag from /home/airflow/.local/lib/python3.8/site-packages/airflow/example_dags/example_trigger_target_dag.py
[2024-03-26T06:30:20.348+0000] {processor.py:839} INFO - DAG(s) dict_keys(['example_trigger_target_dag']) retrieved from /home/airflow/.local/lib/python3.8/site-packages/airflow/example_dags/example_trigger_target_dag.py
[2024-03-26T06:30:20.371+0000] {logging_mixin.py:151} INFO - [2024-03-26T06:30:20.371+0000] {dag.py:2915} INFO - Sync 1 DAGs
[2024-03-26T06:30:20.389+0000] {logging_mixin.py:151} INFO - [2024-03-26T06:30:20.389+0000] {dag.py:3696} INFO - Setting next_dagrun for example_trigger_target_dag to None, run_after=None
[2024-03-26T06:30:20.415+0000] {processor.py:179} INFO - Processing /home/airflow/.local/lib/python3.8/site-packages/airflow/example_dags/example_trigger_target_dag.py took 0.082 seconds
[2024-03-26T06:30:50.569+0000] {processor.py:157} INFO - Started process (PID=2245) to work on /home/airflow/.local/lib/python3.8/site-packages/airflow/example_dags/example_trigger_target_dag.py
[2024-03-26T06:30:50.571+0000] {processor.py:829} INFO - Processing file /home/airflow/.local/lib/python3.8/site-packages/airflow/example_dags/example_trigger_target_dag.py for tasks to queue
[2024-03-26T06:30:50.574+0000] {logging_mixin.py:151} INFO - [2024-03-26T06:30:50.573+0000] {dagbag.py:539} INFO - Filling up the DagBag from /home/airflow/.local/lib/python3.8/site-packages/airflow/example_dags/example_trigger_target_dag.py
[2024-03-26T06:30:50.582+0000] {processor.py:839} INFO - DAG(s) dict_keys(['example_trigger_target_dag']) retrieved from /home/airflow/.local/lib/python3.8/site-packages/airflow/example_dags/example_trigger_target_dag.py
[2024-03-26T06:30:50.613+0000] {logging_mixin.py:151} INFO - [2024-03-26T06:30:50.612+0000] {dag.py:2915} INFO - Sync 1 DAGs
[2024-03-26T06:30:50.634+0000] {logging_mixin.py:151} INFO - [2024-03-26T06:30:50.633+0000] {dag.py:3696} INFO - Setting next_dagrun for example_trigger_target_dag to None, run_after=None
[2024-03-26T06:30:50.682+0000] {processor.py:179} INFO - Processing /home/airflow/.local/lib/python3.8/site-packages/airflow/example_dags/example_trigger_target_dag.py took 0.119 seconds
[2024-03-26T06:31:20.872+0000] {processor.py:157} INFO - Started process (PID=2299) to work on /home/airflow/.local/lib/python3.8/site-packages/airflow/example_dags/example_trigger_target_dag.py
[2024-03-26T06:31:20.874+0000] {processor.py:829} INFO - Processing file /home/airflow/.local/lib/python3.8/site-packages/airflow/example_dags/example_trigger_target_dag.py for tasks to queue
[2024-03-26T06:31:20.878+0000] {logging_mixin.py:151} INFO - [2024-03-26T06:31:20.877+0000] {dagbag.py:539} INFO - Filling up the DagBag from /home/airflow/.local/lib/python3.8/site-packages/airflow/example_dags/example_trigger_target_dag.py
[2024-03-26T06:31:20.886+0000] {processor.py:839} INFO - DAG(s) dict_keys(['example_trigger_target_dag']) retrieved from /home/airflow/.local/lib/python3.8/site-packages/airflow/example_dags/example_trigger_target_dag.py
[2024-03-26T06:31:20.911+0000] {logging_mixin.py:151} INFO - [2024-03-26T06:31:20.911+0000] {dag.py:2915} INFO - Sync 1 DAGs
[2024-03-26T06:31:20.930+0000] {logging_mixin.py:151} INFO - [2024-03-26T06:31:20.929+0000] {dag.py:3696} INFO - Setting next_dagrun for example_trigger_target_dag to None, run_after=None
[2024-03-26T06:31:20.953+0000] {processor.py:179} INFO - Processing /home/airflow/.local/lib/python3.8/site-packages/airflow/example_dags/example_trigger_target_dag.py took 0.084 seconds
[2024-03-26T06:31:51.130+0000] {processor.py:157} INFO - Started process (PID=2353) to work on /home/airflow/.local/lib/python3.8/site-packages/airflow/example_dags/example_trigger_target_dag.py
[2024-03-26T06:31:51.131+0000] {processor.py:829} INFO - Processing file /home/airflow/.local/lib/python3.8/site-packages/airflow/example_dags/example_trigger_target_dag.py for tasks to queue
[2024-03-26T06:31:51.134+0000] {logging_mixin.py:151} INFO - [2024-03-26T06:31:51.133+0000] {dagbag.py:539} INFO - Filling up the DagBag from /home/airflow/.local/lib/python3.8/site-packages/airflow/example_dags/example_trigger_target_dag.py
[2024-03-26T06:31:51.142+0000] {processor.py:839} INFO - DAG(s) dict_keys(['example_trigger_target_dag']) retrieved from /home/airflow/.local/lib/python3.8/site-packages/airflow/example_dags/example_trigger_target_dag.py
[2024-03-26T06:31:51.168+0000] {logging_mixin.py:151} INFO - [2024-03-26T06:31:51.168+0000] {dag.py:2915} INFO - Sync 1 DAGs
[2024-03-26T06:31:51.187+0000] {logging_mixin.py:151} INFO - [2024-03-26T06:31:51.187+0000] {dag.py:3696} INFO - Setting next_dagrun for example_trigger_target_dag to None, run_after=None
[2024-03-26T06:31:51.223+0000] {processor.py:179} INFO - Processing /home/airflow/.local/lib/python3.8/site-packages/airflow/example_dags/example_trigger_target_dag.py took 0.097 seconds
[2024-03-26T06:32:21.364+0000] {processor.py:157} INFO - Started process (PID=2407) to work on /home/airflow/.local/lib/python3.8/site-packages/airflow/example_dags/example_trigger_target_dag.py
[2024-03-26T06:32:21.366+0000] {processor.py:829} INFO - Processing file /home/airflow/.local/lib/python3.8/site-packages/airflow/example_dags/example_trigger_target_dag.py for tasks to queue
[2024-03-26T06:32:21.369+0000] {logging_mixin.py:151} INFO - [2024-03-26T06:32:21.368+0000] {dagbag.py:539} INFO - Filling up the DagBag from /home/airflow/.local/lib/python3.8/site-packages/airflow/example_dags/example_trigger_target_dag.py
[2024-03-26T06:32:21.379+0000] {processor.py:839} INFO - DAG(s) dict_keys(['example_trigger_target_dag']) retrieved from /home/airflow/.local/lib/python3.8/site-packages/airflow/example_dags/example_trigger_target_dag.py
[2024-03-26T06:32:21.407+0000] {logging_mixin.py:151} INFO - [2024-03-26T06:32:21.407+0000] {dag.py:2915} INFO - Sync 1 DAGs
[2024-03-26T06:32:21.424+0000] {logging_mixin.py:151} INFO - [2024-03-26T06:32:21.424+0000] {dag.py:3696} INFO - Setting next_dagrun for example_trigger_target_dag to None, run_after=None
[2024-03-26T06:32:21.449+0000] {processor.py:179} INFO - Processing /home/airflow/.local/lib/python3.8/site-packages/airflow/example_dags/example_trigger_target_dag.py took 0.091 seconds
[2024-03-26T06:32:51.948+0000] {processor.py:157} INFO - Started process (PID=2461) to work on /home/airflow/.local/lib/python3.8/site-packages/airflow/example_dags/example_trigger_target_dag.py
[2024-03-26T06:32:51.950+0000] {processor.py:829} INFO - Processing file /home/airflow/.local/lib/python3.8/site-packages/airflow/example_dags/example_trigger_target_dag.py for tasks to queue
[2024-03-26T06:32:51.953+0000] {logging_mixin.py:151} INFO - [2024-03-26T06:32:51.953+0000] {dagbag.py:539} INFO - Filling up the DagBag from /home/airflow/.local/lib/python3.8/site-packages/airflow/example_dags/example_trigger_target_dag.py
[2024-03-26T06:32:51.961+0000] {processor.py:839} INFO - DAG(s) dict_keys(['example_trigger_target_dag']) retrieved from /home/airflow/.local/lib/python3.8/site-packages/airflow/example_dags/example_trigger_target_dag.py
[2024-03-26T06:32:51.990+0000] {logging_mixin.py:151} INFO - [2024-03-26T06:32:51.990+0000] {dag.py:2915} INFO - Sync 1 DAGs
[2024-03-26T06:32:52.009+0000] {logging_mixin.py:151} INFO - [2024-03-26T06:32:52.009+0000] {dag.py:3696} INFO - Setting next_dagrun for example_trigger_target_dag to None, run_after=None
[2024-03-26T06:32:52.033+0000] {processor.py:179} INFO - Processing /home/airflow/.local/lib/python3.8/site-packages/airflow/example_dags/example_trigger_target_dag.py took 0.088 seconds
[2024-03-26T06:33:22.269+0000] {processor.py:157} INFO - Started process (PID=2515) to work on /home/airflow/.local/lib/python3.8/site-packages/airflow/example_dags/example_trigger_target_dag.py
[2024-03-26T06:33:22.271+0000] {processor.py:829} INFO - Processing file /home/airflow/.local/lib/python3.8/site-packages/airflow/example_dags/example_trigger_target_dag.py for tasks to queue
[2024-03-26T06:33:22.274+0000] {logging_mixin.py:151} INFO - [2024-03-26T06:33:22.274+0000] {dagbag.py:539} INFO - Filling up the DagBag from /home/airflow/.local/lib/python3.8/site-packages/airflow/example_dags/example_trigger_target_dag.py
[2024-03-26T06:33:22.284+0000] {processor.py:839} INFO - DAG(s) dict_keys(['example_trigger_target_dag']) retrieved from /home/airflow/.local/lib/python3.8/site-packages/airflow/example_dags/example_trigger_target_dag.py
[2024-03-26T06:33:22.314+0000] {logging_mixin.py:151} INFO - [2024-03-26T06:33:22.314+0000] {dag.py:2915} INFO - Sync 1 DAGs
[2024-03-26T06:33:22.337+0000] {logging_mixin.py:151} INFO - [2024-03-26T06:33:22.336+0000] {dag.py:3696} INFO - Setting next_dagrun for example_trigger_target_dag to None, run_after=None
[2024-03-26T06:33:22.379+0000] {processor.py:179} INFO - Processing /home/airflow/.local/lib/python3.8/site-packages/airflow/example_dags/example_trigger_target_dag.py took 0.115 seconds
[2024-03-26T06:33:53.138+0000] {processor.py:157} INFO - Started process (PID=2569) to work on /home/airflow/.local/lib/python3.8/site-packages/airflow/example_dags/example_trigger_target_dag.py
[2024-03-26T06:33:53.139+0000] {processor.py:829} INFO - Processing file /home/airflow/.local/lib/python3.8/site-packages/airflow/example_dags/example_trigger_target_dag.py for tasks to queue
[2024-03-26T06:33:53.143+0000] {logging_mixin.py:151} INFO - [2024-03-26T06:33:53.143+0000] {dagbag.py:539} INFO - Filling up the DagBag from /home/airflow/.local/lib/python3.8/site-packages/airflow/example_dags/example_trigger_target_dag.py
[2024-03-26T06:33:53.152+0000] {processor.py:839} INFO - DAG(s) dict_keys(['example_trigger_target_dag']) retrieved from /home/airflow/.local/lib/python3.8/site-packages/airflow/example_dags/example_trigger_target_dag.py
[2024-03-26T06:33:53.188+0000] {logging_mixin.py:151} INFO - [2024-03-26T06:33:53.187+0000] {dag.py:2915} INFO - Sync 1 DAGs
[2024-03-26T06:33:53.206+0000] {logging_mixin.py:151} INFO - [2024-03-26T06:33:53.206+0000] {dag.py:3696} INFO - Setting next_dagrun for example_trigger_target_dag to None, run_after=None
[2024-03-26T06:33:53.239+0000] {processor.py:179} INFO - Processing /home/airflow/.local/lib/python3.8/site-packages/airflow/example_dags/example_trigger_target_dag.py took 0.105 seconds
