[2024-03-26T06:04:14.265+0000] {processor.py:157} INFO - Started process (PID=79) to work on /home/airflow/.local/lib/python3.8/site-packages/airflow/example_dags/example_skip_dag.py
[2024-03-26T06:04:14.276+0000] {processor.py:829} INFO - Processing file /home/airflow/.local/lib/python3.8/site-packages/airflow/example_dags/example_skip_dag.py for tasks to queue
[2024-03-26T06:04:14.281+0000] {logging_mixin.py:151} INFO - [2024-03-26T06:04:14.280+0000] {dagbag.py:539} INFO - Filling up the DagBag from /home/airflow/.local/lib/python3.8/site-packages/airflow/example_dags/example_skip_dag.py
[2024-03-26T06:04:14.298+0000] {processor.py:839} INFO - DAG(s) dict_keys(['example_skip_dag']) retrieved from /home/airflow/.local/lib/python3.8/site-packages/airflow/example_dags/example_skip_dag.py
[2024-03-26T06:04:14.483+0000] {logging_mixin.py:151} INFO - [2024-03-26T06:04:14.483+0000] {manager.py:499} INFO - Created Permission View: %s
[2024-03-26T06:04:14.509+0000] {logging_mixin.py:151} INFO - [2024-03-26T06:04:14.508+0000] {manager.py:499} INFO - Created Permission View: %s
[2024-03-26T06:04:14.527+0000] {logging_mixin.py:151} INFO - [2024-03-26T06:04:14.526+0000] {manager.py:499} INFO - Created Permission View: %s
[2024-03-26T06:04:14.528+0000] {logging_mixin.py:151} INFO - [2024-03-26T06:04:14.527+0000] {security.py:708} INFO - Not syncing DAG-level permissions for DAG 'DAG:example_skip_dag' as access control is unset.
[2024-03-26T06:04:14.529+0000] {logging_mixin.py:151} INFO - [2024-03-26T06:04:14.529+0000] {dag.py:2915} INFO - Sync 1 DAGs
[2024-03-26T06:04:14.552+0000] {logging_mixin.py:151} INFO - [2024-03-26T06:04:14.552+0000] {dag.py:2937} INFO - Creating ORM DAG for example_skip_dag
[2024-03-26T06:04:14.572+0000] {logging_mixin.py:151} INFO - [2024-03-26T06:04:14.572+0000] {dag.py:3696} INFO - Setting next_dagrun for example_skip_dag to 2024-03-25T06:04:14.571883+00:00, run_after=2024-03-26T06:04:14.571883+00:00
[2024-03-26T06:04:14.608+0000] {processor.py:179} INFO - Processing /home/airflow/.local/lib/python3.8/site-packages/airflow/example_dags/example_skip_dag.py took 0.348 seconds
[2024-03-26T06:04:45.032+0000] {processor.py:157} INFO - Started process (PID=133) to work on /home/airflow/.local/lib/python3.8/site-packages/airflow/example_dags/example_skip_dag.py
[2024-03-26T06:04:45.035+0000] {processor.py:829} INFO - Processing file /home/airflow/.local/lib/python3.8/site-packages/airflow/example_dags/example_skip_dag.py for tasks to queue
[2024-03-26T06:04:45.043+0000] {logging_mixin.py:151} INFO - [2024-03-26T06:04:45.041+0000] {dagbag.py:539} INFO - Filling up the DagBag from /home/airflow/.local/lib/python3.8/site-packages/airflow/example_dags/example_skip_dag.py
[2024-03-26T06:04:45.051+0000] {processor.py:839} INFO - DAG(s) dict_keys(['example_skip_dag']) retrieved from /home/airflow/.local/lib/python3.8/site-packages/airflow/example_dags/example_skip_dag.py
[2024-03-26T06:04:45.089+0000] {logging_mixin.py:151} INFO - [2024-03-26T06:04:45.089+0000] {dag.py:2915} INFO - Sync 1 DAGs
[2024-03-26T06:04:45.121+0000] {logging_mixin.py:151} INFO - [2024-03-26T06:04:45.121+0000] {dag.py:3696} INFO - Setting next_dagrun for example_skip_dag to 2024-03-25T06:04:45.120861+00:00, run_after=2024-03-26T06:04:45.120861+00:00
[2024-03-26T06:04:45.161+0000] {processor.py:179} INFO - Processing /home/airflow/.local/lib/python3.8/site-packages/airflow/example_dags/example_skip_dag.py took 0.135 seconds
[2024-03-26T06:05:16.616+0000] {processor.py:157} INFO - Started process (PID=187) to work on /home/airflow/.local/lib/python3.8/site-packages/airflow/example_dags/example_skip_dag.py
[2024-03-26T06:05:16.618+0000] {processor.py:829} INFO - Processing file /home/airflow/.local/lib/python3.8/site-packages/airflow/example_dags/example_skip_dag.py for tasks to queue
[2024-03-26T06:05:16.622+0000] {logging_mixin.py:151} INFO - [2024-03-26T06:05:16.621+0000] {dagbag.py:539} INFO - Filling up the DagBag from /home/airflow/.local/lib/python3.8/site-packages/airflow/example_dags/example_skip_dag.py
[2024-03-26T06:05:16.631+0000] {processor.py:839} INFO - DAG(s) dict_keys(['example_skip_dag']) retrieved from /home/airflow/.local/lib/python3.8/site-packages/airflow/example_dags/example_skip_dag.py
[2024-03-26T06:05:16.665+0000] {logging_mixin.py:151} INFO - [2024-03-26T06:05:16.664+0000] {dag.py:2915} INFO - Sync 1 DAGs
[2024-03-26T06:05:16.711+0000] {logging_mixin.py:151} INFO - [2024-03-26T06:05:16.711+0000] {dag.py:3696} INFO - Setting next_dagrun for example_skip_dag to 2024-03-25T06:05:16.710915+00:00, run_after=2024-03-26T06:05:16.710915+00:00
[2024-03-26T06:05:16.747+0000] {processor.py:179} INFO - Processing /home/airflow/.local/lib/python3.8/site-packages/airflow/example_dags/example_skip_dag.py took 0.135 seconds
[2024-03-26T06:05:48.817+0000] {processor.py:157} INFO - Started process (PID=248) to work on /home/airflow/.local/lib/python3.8/site-packages/airflow/example_dags/example_skip_dag.py
[2024-03-26T06:05:48.818+0000] {processor.py:829} INFO - Processing file /home/airflow/.local/lib/python3.8/site-packages/airflow/example_dags/example_skip_dag.py for tasks to queue
[2024-03-26T06:05:48.822+0000] {logging_mixin.py:151} INFO - [2024-03-26T06:05:48.821+0000] {dagbag.py:539} INFO - Filling up the DagBag from /home/airflow/.local/lib/python3.8/site-packages/airflow/example_dags/example_skip_dag.py
[2024-03-26T06:05:48.833+0000] {processor.py:839} INFO - DAG(s) dict_keys(['example_skip_dag']) retrieved from /home/airflow/.local/lib/python3.8/site-packages/airflow/example_dags/example_skip_dag.py
[2024-03-26T06:05:48.867+0000] {logging_mixin.py:151} INFO - [2024-03-26T06:05:48.867+0000] {dag.py:2915} INFO - Sync 1 DAGs
[2024-03-26T06:05:48.899+0000] {logging_mixin.py:151} INFO - [2024-03-26T06:05:48.898+0000] {dag.py:3696} INFO - Setting next_dagrun for example_skip_dag to 2024-03-25T06:05:48.898065+00:00, run_after=2024-03-26T06:05:48.898065+00:00
[2024-03-26T06:05:48.990+0000] {processor.py:179} INFO - Processing /home/airflow/.local/lib/python3.8/site-packages/airflow/example_dags/example_skip_dag.py took 0.177 seconds
[2024-03-26T06:06:21.596+0000] {processor.py:157} INFO - Started process (PID=302) to work on /home/airflow/.local/lib/python3.8/site-packages/airflow/example_dags/example_skip_dag.py
[2024-03-26T06:06:21.598+0000] {processor.py:829} INFO - Processing file /home/airflow/.local/lib/python3.8/site-packages/airflow/example_dags/example_skip_dag.py for tasks to queue
[2024-03-26T06:06:21.615+0000] {logging_mixin.py:151} INFO - [2024-03-26T06:06:21.615+0000] {dagbag.py:539} INFO - Filling up the DagBag from /home/airflow/.local/lib/python3.8/site-packages/airflow/example_dags/example_skip_dag.py
[2024-03-26T06:06:21.638+0000] {processor.py:839} INFO - DAG(s) dict_keys(['example_skip_dag']) retrieved from /home/airflow/.local/lib/python3.8/site-packages/airflow/example_dags/example_skip_dag.py
[2024-03-26T06:06:21.700+0000] {logging_mixin.py:151} INFO - [2024-03-26T06:06:21.700+0000] {dag.py:2915} INFO - Sync 1 DAGs
[2024-03-26T06:06:21.770+0000] {logging_mixin.py:151} INFO - [2024-03-26T06:06:21.769+0000] {dag.py:3696} INFO - Setting next_dagrun for example_skip_dag to 2024-03-25T06:06:21.769518+00:00, run_after=2024-03-26T06:06:21.769518+00:00
[2024-03-26T06:06:21.829+0000] {processor.py:179} INFO - Processing /home/airflow/.local/lib/python3.8/site-packages/airflow/example_dags/example_skip_dag.py took 0.238 seconds
[2024-03-26T06:06:54.024+0000] {processor.py:157} INFO - Started process (PID=356) to work on /home/airflow/.local/lib/python3.8/site-packages/airflow/example_dags/example_skip_dag.py
[2024-03-26T06:06:54.038+0000] {processor.py:829} INFO - Processing file /home/airflow/.local/lib/python3.8/site-packages/airflow/example_dags/example_skip_dag.py for tasks to queue
[2024-03-26T06:06:54.042+0000] {logging_mixin.py:151} INFO - [2024-03-26T06:06:54.041+0000] {dagbag.py:539} INFO - Filling up the DagBag from /home/airflow/.local/lib/python3.8/site-packages/airflow/example_dags/example_skip_dag.py
[2024-03-26T06:06:54.052+0000] {processor.py:839} INFO - DAG(s) dict_keys(['example_skip_dag']) retrieved from /home/airflow/.local/lib/python3.8/site-packages/airflow/example_dags/example_skip_dag.py
[2024-03-26T06:06:54.104+0000] {logging_mixin.py:151} INFO - [2024-03-26T06:06:54.104+0000] {dag.py:2915} INFO - Sync 1 DAGs
[2024-03-26T06:06:54.143+0000] {logging_mixin.py:151} INFO - [2024-03-26T06:06:54.142+0000] {dag.py:3696} INFO - Setting next_dagrun for example_skip_dag to 2024-03-25T06:06:54.142501+00:00, run_after=2024-03-26T06:06:54.142501+00:00
[2024-03-26T06:06:54.197+0000] {processor.py:179} INFO - Processing /home/airflow/.local/lib/python3.8/site-packages/airflow/example_dags/example_skip_dag.py took 0.180 seconds
[2024-03-26T06:07:25.907+0000] {processor.py:157} INFO - Started process (PID=410) to work on /home/airflow/.local/lib/python3.8/site-packages/airflow/example_dags/example_skip_dag.py
[2024-03-26T06:07:25.910+0000] {processor.py:829} INFO - Processing file /home/airflow/.local/lib/python3.8/site-packages/airflow/example_dags/example_skip_dag.py for tasks to queue
[2024-03-26T06:07:25.914+0000] {logging_mixin.py:151} INFO - [2024-03-26T06:07:25.914+0000] {dagbag.py:539} INFO - Filling up the DagBag from /home/airflow/.local/lib/python3.8/site-packages/airflow/example_dags/example_skip_dag.py
[2024-03-26T06:07:25.924+0000] {processor.py:839} INFO - DAG(s) dict_keys(['example_skip_dag']) retrieved from /home/airflow/.local/lib/python3.8/site-packages/airflow/example_dags/example_skip_dag.py
[2024-03-26T06:07:25.958+0000] {logging_mixin.py:151} INFO - [2024-03-26T06:07:25.958+0000] {dag.py:2915} INFO - Sync 1 DAGs
[2024-03-26T06:07:25.988+0000] {logging_mixin.py:151} INFO - [2024-03-26T06:07:25.987+0000] {dag.py:3696} INFO - Setting next_dagrun for example_skip_dag to 2024-03-25T06:07:25.987207+00:00, run_after=2024-03-26T06:07:25.987207+00:00
[2024-03-26T06:07:26.015+0000] {processor.py:179} INFO - Processing /home/airflow/.local/lib/python3.8/site-packages/airflow/example_dags/example_skip_dag.py took 0.115 seconds
[2024-03-26T06:07:56.483+0000] {processor.py:157} INFO - Started process (PID=464) to work on /home/airflow/.local/lib/python3.8/site-packages/airflow/example_dags/example_skip_dag.py
[2024-03-26T06:07:56.484+0000] {processor.py:829} INFO - Processing file /home/airflow/.local/lib/python3.8/site-packages/airflow/example_dags/example_skip_dag.py for tasks to queue
[2024-03-26T06:07:56.488+0000] {logging_mixin.py:151} INFO - [2024-03-26T06:07:56.488+0000] {dagbag.py:539} INFO - Filling up the DagBag from /home/airflow/.local/lib/python3.8/site-packages/airflow/example_dags/example_skip_dag.py
[2024-03-26T06:07:56.498+0000] {processor.py:839} INFO - DAG(s) dict_keys(['example_skip_dag']) retrieved from /home/airflow/.local/lib/python3.8/site-packages/airflow/example_dags/example_skip_dag.py
[2024-03-26T06:07:56.530+0000] {logging_mixin.py:151} INFO - [2024-03-26T06:07:56.530+0000] {dag.py:2915} INFO - Sync 1 DAGs
[2024-03-26T06:07:56.559+0000] {logging_mixin.py:151} INFO - [2024-03-26T06:07:56.558+0000] {dag.py:3696} INFO - Setting next_dagrun for example_skip_dag to 2024-03-25T06:07:56.558472+00:00, run_after=2024-03-26T06:07:56.558472+00:00
[2024-03-26T06:07:56.584+0000] {processor.py:179} INFO - Processing /home/airflow/.local/lib/python3.8/site-packages/airflow/example_dags/example_skip_dag.py took 0.106 seconds
[2024-03-26T06:08:27.382+0000] {processor.py:157} INFO - Started process (PID=518) to work on /home/airflow/.local/lib/python3.8/site-packages/airflow/example_dags/example_skip_dag.py
[2024-03-26T06:08:27.383+0000] {processor.py:829} INFO - Processing file /home/airflow/.local/lib/python3.8/site-packages/airflow/example_dags/example_skip_dag.py for tasks to queue
[2024-03-26T06:08:27.387+0000] {logging_mixin.py:151} INFO - [2024-03-26T06:08:27.387+0000] {dagbag.py:539} INFO - Filling up the DagBag from /home/airflow/.local/lib/python3.8/site-packages/airflow/example_dags/example_skip_dag.py
[2024-03-26T06:08:27.396+0000] {processor.py:839} INFO - DAG(s) dict_keys(['example_skip_dag']) retrieved from /home/airflow/.local/lib/python3.8/site-packages/airflow/example_dags/example_skip_dag.py
[2024-03-26T06:08:27.426+0000] {logging_mixin.py:151} INFO - [2024-03-26T06:08:27.425+0000] {dag.py:2915} INFO - Sync 1 DAGs
[2024-03-26T06:08:27.460+0000] {logging_mixin.py:151} INFO - [2024-03-26T06:08:27.460+0000] {dag.py:3696} INFO - Setting next_dagrun for example_skip_dag to 2024-03-25T06:08:27.459847+00:00, run_after=2024-03-26T06:08:27.459847+00:00
[2024-03-26T06:08:27.491+0000] {processor.py:179} INFO - Processing /home/airflow/.local/lib/python3.8/site-packages/airflow/example_dags/example_skip_dag.py took 0.114 seconds
[2024-03-26T06:08:57.830+0000] {processor.py:157} INFO - Started process (PID=572) to work on /home/airflow/.local/lib/python3.8/site-packages/airflow/example_dags/example_skip_dag.py
[2024-03-26T06:08:57.832+0000] {processor.py:829} INFO - Processing file /home/airflow/.local/lib/python3.8/site-packages/airflow/example_dags/example_skip_dag.py for tasks to queue
[2024-03-26T06:08:57.835+0000] {logging_mixin.py:151} INFO - [2024-03-26T06:08:57.835+0000] {dagbag.py:539} INFO - Filling up the DagBag from /home/airflow/.local/lib/python3.8/site-packages/airflow/example_dags/example_skip_dag.py
[2024-03-26T06:08:57.843+0000] {processor.py:839} INFO - DAG(s) dict_keys(['example_skip_dag']) retrieved from /home/airflow/.local/lib/python3.8/site-packages/airflow/example_dags/example_skip_dag.py
[2024-03-26T06:08:57.865+0000] {logging_mixin.py:151} INFO - [2024-03-26T06:08:57.865+0000] {dag.py:2915} INFO - Sync 1 DAGs
[2024-03-26T06:08:57.901+0000] {logging_mixin.py:151} INFO - [2024-03-26T06:08:57.900+0000] {dag.py:3696} INFO - Setting next_dagrun for example_skip_dag to 2024-03-25T06:08:57.900627+00:00, run_after=2024-03-26T06:08:57.900627+00:00
[2024-03-26T06:08:57.933+0000] {processor.py:179} INFO - Processing /home/airflow/.local/lib/python3.8/site-packages/airflow/example_dags/example_skip_dag.py took 0.106 seconds
[2024-03-26T06:09:28.887+0000] {processor.py:157} INFO - Started process (PID=626) to work on /home/airflow/.local/lib/python3.8/site-packages/airflow/example_dags/example_skip_dag.py
[2024-03-26T06:09:28.888+0000] {processor.py:829} INFO - Processing file /home/airflow/.local/lib/python3.8/site-packages/airflow/example_dags/example_skip_dag.py for tasks to queue
[2024-03-26T06:09:28.892+0000] {logging_mixin.py:151} INFO - [2024-03-26T06:09:28.892+0000] {dagbag.py:539} INFO - Filling up the DagBag from /home/airflow/.local/lib/python3.8/site-packages/airflow/example_dags/example_skip_dag.py
[2024-03-26T06:09:28.900+0000] {processor.py:839} INFO - DAG(s) dict_keys(['example_skip_dag']) retrieved from /home/airflow/.local/lib/python3.8/site-packages/airflow/example_dags/example_skip_dag.py
[2024-03-26T06:09:28.926+0000] {logging_mixin.py:151} INFO - [2024-03-26T06:09:28.926+0000] {dag.py:2915} INFO - Sync 1 DAGs
[2024-03-26T06:09:28.956+0000] {logging_mixin.py:151} INFO - [2024-03-26T06:09:28.955+0000] {dag.py:3696} INFO - Setting next_dagrun for example_skip_dag to 2024-03-25T06:09:28.955441+00:00, run_after=2024-03-26T06:09:28.955441+00:00
[2024-03-26T06:09:28.980+0000] {processor.py:179} INFO - Processing /home/airflow/.local/lib/python3.8/site-packages/airflow/example_dags/example_skip_dag.py took 0.098 seconds
[2024-03-26T06:09:59.681+0000] {processor.py:157} INFO - Started process (PID=680) to work on /home/airflow/.local/lib/python3.8/site-packages/airflow/example_dags/example_skip_dag.py
[2024-03-26T06:09:59.682+0000] {processor.py:829} INFO - Processing file /home/airflow/.local/lib/python3.8/site-packages/airflow/example_dags/example_skip_dag.py for tasks to queue
[2024-03-26T06:09:59.685+0000] {logging_mixin.py:151} INFO - [2024-03-26T06:09:59.685+0000] {dagbag.py:539} INFO - Filling up the DagBag from /home/airflow/.local/lib/python3.8/site-packages/airflow/example_dags/example_skip_dag.py
[2024-03-26T06:09:59.692+0000] {processor.py:839} INFO - DAG(s) dict_keys(['example_skip_dag']) retrieved from /home/airflow/.local/lib/python3.8/site-packages/airflow/example_dags/example_skip_dag.py
[2024-03-26T06:09:59.717+0000] {logging_mixin.py:151} INFO - [2024-03-26T06:09:59.716+0000] {dag.py:2915} INFO - Sync 1 DAGs
[2024-03-26T06:09:59.741+0000] {logging_mixin.py:151} INFO - [2024-03-26T06:09:59.741+0000] {dag.py:3696} INFO - Setting next_dagrun for example_skip_dag to 2024-03-25T06:09:59.740732+00:00, run_after=2024-03-26T06:09:59.740732+00:00
[2024-03-26T06:09:59.763+0000] {processor.py:179} INFO - Processing /home/airflow/.local/lib/python3.8/site-packages/airflow/example_dags/example_skip_dag.py took 0.086 seconds
[2024-03-26T06:10:30.241+0000] {processor.py:157} INFO - Started process (PID=734) to work on /home/airflow/.local/lib/python3.8/site-packages/airflow/example_dags/example_skip_dag.py
[2024-03-26T06:10:30.242+0000] {processor.py:829} INFO - Processing file /home/airflow/.local/lib/python3.8/site-packages/airflow/example_dags/example_skip_dag.py for tasks to queue
[2024-03-26T06:10:30.245+0000] {logging_mixin.py:151} INFO - [2024-03-26T06:10:30.245+0000] {dagbag.py:539} INFO - Filling up the DagBag from /home/airflow/.local/lib/python3.8/site-packages/airflow/example_dags/example_skip_dag.py
[2024-03-26T06:10:30.254+0000] {processor.py:839} INFO - DAG(s) dict_keys(['example_skip_dag']) retrieved from /home/airflow/.local/lib/python3.8/site-packages/airflow/example_dags/example_skip_dag.py
[2024-03-26T06:10:30.282+0000] {logging_mixin.py:151} INFO - [2024-03-26T06:10:30.282+0000] {dag.py:2915} INFO - Sync 1 DAGs
[2024-03-26T06:10:30.310+0000] {logging_mixin.py:151} INFO - [2024-03-26T06:10:30.309+0000] {dag.py:3696} INFO - Setting next_dagrun for example_skip_dag to 2024-03-25T06:10:30.309347+00:00, run_after=2024-03-26T06:10:30.309347+00:00
[2024-03-26T06:10:30.333+0000] {processor.py:179} INFO - Processing /home/airflow/.local/lib/python3.8/site-packages/airflow/example_dags/example_skip_dag.py took 0.096 seconds
[2024-03-26T06:11:00.743+0000] {processor.py:157} INFO - Started process (PID=788) to work on /home/airflow/.local/lib/python3.8/site-packages/airflow/example_dags/example_skip_dag.py
[2024-03-26T06:11:00.744+0000] {processor.py:829} INFO - Processing file /home/airflow/.local/lib/python3.8/site-packages/airflow/example_dags/example_skip_dag.py for tasks to queue
[2024-03-26T06:11:00.748+0000] {logging_mixin.py:151} INFO - [2024-03-26T06:11:00.747+0000] {dagbag.py:539} INFO - Filling up the DagBag from /home/airflow/.local/lib/python3.8/site-packages/airflow/example_dags/example_skip_dag.py
[2024-03-26T06:11:00.754+0000] {processor.py:839} INFO - DAG(s) dict_keys(['example_skip_dag']) retrieved from /home/airflow/.local/lib/python3.8/site-packages/airflow/example_dags/example_skip_dag.py
[2024-03-26T06:11:00.779+0000] {logging_mixin.py:151} INFO - [2024-03-26T06:11:00.778+0000] {dag.py:2915} INFO - Sync 1 DAGs
[2024-03-26T06:11:00.804+0000] {logging_mixin.py:151} INFO - [2024-03-26T06:11:00.804+0000] {dag.py:3696} INFO - Setting next_dagrun for example_skip_dag to 2024-03-25T06:11:00.804055+00:00, run_after=2024-03-26T06:11:00.804055+00:00
[2024-03-26T06:11:00.825+0000] {processor.py:179} INFO - Processing /home/airflow/.local/lib/python3.8/site-packages/airflow/example_dags/example_skip_dag.py took 0.086 seconds
[2024-03-26T06:11:31.566+0000] {processor.py:157} INFO - Started process (PID=842) to work on /home/airflow/.local/lib/python3.8/site-packages/airflow/example_dags/example_skip_dag.py
[2024-03-26T06:11:31.567+0000] {processor.py:829} INFO - Processing file /home/airflow/.local/lib/python3.8/site-packages/airflow/example_dags/example_skip_dag.py for tasks to queue
[2024-03-26T06:11:31.570+0000] {logging_mixin.py:151} INFO - [2024-03-26T06:11:31.570+0000] {dagbag.py:539} INFO - Filling up the DagBag from /home/airflow/.local/lib/python3.8/site-packages/airflow/example_dags/example_skip_dag.py
[2024-03-26T06:11:31.577+0000] {processor.py:839} INFO - DAG(s) dict_keys(['example_skip_dag']) retrieved from /home/airflow/.local/lib/python3.8/site-packages/airflow/example_dags/example_skip_dag.py
[2024-03-26T06:11:31.607+0000] {logging_mixin.py:151} INFO - [2024-03-26T06:11:31.607+0000] {dag.py:2915} INFO - Sync 1 DAGs
[2024-03-26T06:11:31.630+0000] {logging_mixin.py:151} INFO - [2024-03-26T06:11:31.630+0000] {dag.py:3696} INFO - Setting next_dagrun for example_skip_dag to 2024-03-25T06:11:31.630200+00:00, run_after=2024-03-26T06:11:31.630200+00:00
[2024-03-26T06:11:31.662+0000] {processor.py:179} INFO - Processing /home/airflow/.local/lib/python3.8/site-packages/airflow/example_dags/example_skip_dag.py took 0.100 seconds
[2024-03-26T06:12:02.555+0000] {processor.py:157} INFO - Started process (PID=896) to work on /home/airflow/.local/lib/python3.8/site-packages/airflow/example_dags/example_skip_dag.py
[2024-03-26T06:12:02.556+0000] {processor.py:829} INFO - Processing file /home/airflow/.local/lib/python3.8/site-packages/airflow/example_dags/example_skip_dag.py for tasks to queue
[2024-03-26T06:12:02.559+0000] {logging_mixin.py:151} INFO - [2024-03-26T06:12:02.559+0000] {dagbag.py:539} INFO - Filling up the DagBag from /home/airflow/.local/lib/python3.8/site-packages/airflow/example_dags/example_skip_dag.py
[2024-03-26T06:12:02.568+0000] {processor.py:839} INFO - DAG(s) dict_keys(['example_skip_dag']) retrieved from /home/airflow/.local/lib/python3.8/site-packages/airflow/example_dags/example_skip_dag.py
[2024-03-26T06:12:02.598+0000] {logging_mixin.py:151} INFO - [2024-03-26T06:12:02.598+0000] {dag.py:2915} INFO - Sync 1 DAGs
[2024-03-26T06:12:02.626+0000] {logging_mixin.py:151} INFO - [2024-03-26T06:12:02.626+0000] {dag.py:3696} INFO - Setting next_dagrun for example_skip_dag to 2024-03-25T06:12:02.625836+00:00, run_after=2024-03-26T06:12:02.625836+00:00
[2024-03-26T06:12:02.650+0000] {processor.py:179} INFO - Processing /home/airflow/.local/lib/python3.8/site-packages/airflow/example_dags/example_skip_dag.py took 0.099 seconds
[2024-03-26T06:12:33.252+0000] {processor.py:157} INFO - Started process (PID=950) to work on /home/airflow/.local/lib/python3.8/site-packages/airflow/example_dags/example_skip_dag.py
[2024-03-26T06:12:33.254+0000] {processor.py:829} INFO - Processing file /home/airflow/.local/lib/python3.8/site-packages/airflow/example_dags/example_skip_dag.py for tasks to queue
[2024-03-26T06:12:33.256+0000] {logging_mixin.py:151} INFO - [2024-03-26T06:12:33.256+0000] {dagbag.py:539} INFO - Filling up the DagBag from /home/airflow/.local/lib/python3.8/site-packages/airflow/example_dags/example_skip_dag.py
[2024-03-26T06:12:33.263+0000] {processor.py:839} INFO - DAG(s) dict_keys(['example_skip_dag']) retrieved from /home/airflow/.local/lib/python3.8/site-packages/airflow/example_dags/example_skip_dag.py
[2024-03-26T06:12:33.288+0000] {logging_mixin.py:151} INFO - [2024-03-26T06:12:33.287+0000] {dag.py:2915} INFO - Sync 1 DAGs
[2024-03-26T06:12:33.312+0000] {logging_mixin.py:151} INFO - [2024-03-26T06:12:33.312+0000] {dag.py:3696} INFO - Setting next_dagrun for example_skip_dag to 2024-03-25T06:12:33.311681+00:00, run_after=2024-03-26T06:12:33.311681+00:00
[2024-03-26T06:12:33.334+0000] {processor.py:179} INFO - Processing /home/airflow/.local/lib/python3.8/site-packages/airflow/example_dags/example_skip_dag.py took 0.086 seconds
[2024-03-26T06:19:10.801+0000] {processor.py:157} INFO - Started process (PID=1028) to work on /home/airflow/.local/lib/python3.8/site-packages/airflow/example_dags/example_skip_dag.py
[2024-03-26T06:19:10.804+0000] {processor.py:829} INFO - Processing file /home/airflow/.local/lib/python3.8/site-packages/airflow/example_dags/example_skip_dag.py for tasks to queue
[2024-03-26T06:19:10.808+0000] {logging_mixin.py:151} INFO - [2024-03-26T06:19:10.808+0000] {dagbag.py:539} INFO - Filling up the DagBag from /home/airflow/.local/lib/python3.8/site-packages/airflow/example_dags/example_skip_dag.py
[2024-03-26T06:19:10.818+0000] {processor.py:839} INFO - DAG(s) dict_keys(['example_skip_dag']) retrieved from /home/airflow/.local/lib/python3.8/site-packages/airflow/example_dags/example_skip_dag.py
[2024-03-26T06:19:10.854+0000] {logging_mixin.py:151} INFO - [2024-03-26T06:19:10.854+0000] {dag.py:2915} INFO - Sync 1 DAGs
[2024-03-26T06:19:10.883+0000] {logging_mixin.py:151} INFO - [2024-03-26T06:19:10.883+0000] {dag.py:3696} INFO - Setting next_dagrun for example_skip_dag to 2024-03-25T06:19:10.882814+00:00, run_after=2024-03-26T06:19:10.882814+00:00
[2024-03-26T06:19:10.918+0000] {processor.py:179} INFO - Processing /home/airflow/.local/lib/python3.8/site-packages/airflow/example_dags/example_skip_dag.py took 0.122 seconds
[2024-03-26T06:19:41.207+0000] {processor.py:157} INFO - Started process (PID=1082) to work on /home/airflow/.local/lib/python3.8/site-packages/airflow/example_dags/example_skip_dag.py
[2024-03-26T06:19:41.209+0000] {processor.py:829} INFO - Processing file /home/airflow/.local/lib/python3.8/site-packages/airflow/example_dags/example_skip_dag.py for tasks to queue
[2024-03-26T06:19:41.213+0000] {logging_mixin.py:151} INFO - [2024-03-26T06:19:41.213+0000] {dagbag.py:539} INFO - Filling up the DagBag from /home/airflow/.local/lib/python3.8/site-packages/airflow/example_dags/example_skip_dag.py
[2024-03-26T06:19:41.223+0000] {processor.py:839} INFO - DAG(s) dict_keys(['example_skip_dag']) retrieved from /home/airflow/.local/lib/python3.8/site-packages/airflow/example_dags/example_skip_dag.py
[2024-03-26T06:19:41.254+0000] {logging_mixin.py:151} INFO - [2024-03-26T06:19:41.254+0000] {dag.py:2915} INFO - Sync 1 DAGs
[2024-03-26T06:19:41.290+0000] {logging_mixin.py:151} INFO - [2024-03-26T06:19:41.290+0000] {dag.py:3696} INFO - Setting next_dagrun for example_skip_dag to 2024-03-25T06:19:41.290345+00:00, run_after=2024-03-26T06:19:41.290345+00:00
[2024-03-26T06:19:41.325+0000] {processor.py:179} INFO - Processing /home/airflow/.local/lib/python3.8/site-packages/airflow/example_dags/example_skip_dag.py took 0.123 seconds
[2024-03-26T06:20:11.905+0000] {processor.py:157} INFO - Started process (PID=1136) to work on /home/airflow/.local/lib/python3.8/site-packages/airflow/example_dags/example_skip_dag.py
[2024-03-26T06:20:11.906+0000] {processor.py:829} INFO - Processing file /home/airflow/.local/lib/python3.8/site-packages/airflow/example_dags/example_skip_dag.py for tasks to queue
[2024-03-26T06:20:11.909+0000] {logging_mixin.py:151} INFO - [2024-03-26T06:20:11.909+0000] {dagbag.py:539} INFO - Filling up the DagBag from /home/airflow/.local/lib/python3.8/site-packages/airflow/example_dags/example_skip_dag.py
[2024-03-26T06:20:11.919+0000] {processor.py:839} INFO - DAG(s) dict_keys(['example_skip_dag']) retrieved from /home/airflow/.local/lib/python3.8/site-packages/airflow/example_dags/example_skip_dag.py
[2024-03-26T06:20:11.948+0000] {logging_mixin.py:151} INFO - [2024-03-26T06:20:11.948+0000] {dag.py:2915} INFO - Sync 1 DAGs
[2024-03-26T06:20:11.980+0000] {logging_mixin.py:151} INFO - [2024-03-26T06:20:11.980+0000] {dag.py:3696} INFO - Setting next_dagrun for example_skip_dag to 2024-03-25T06:20:11.979665+00:00, run_after=2024-03-26T06:20:11.979665+00:00
[2024-03-26T06:20:12.005+0000] {processor.py:179} INFO - Processing /home/airflow/.local/lib/python3.8/site-packages/airflow/example_dags/example_skip_dag.py took 0.105 seconds
[2024-03-26T06:20:42.667+0000] {processor.py:157} INFO - Started process (PID=1190) to work on /home/airflow/.local/lib/python3.8/site-packages/airflow/example_dags/example_skip_dag.py
[2024-03-26T06:20:42.669+0000] {processor.py:829} INFO - Processing file /home/airflow/.local/lib/python3.8/site-packages/airflow/example_dags/example_skip_dag.py for tasks to queue
[2024-03-26T06:20:42.672+0000] {logging_mixin.py:151} INFO - [2024-03-26T06:20:42.671+0000] {dagbag.py:539} INFO - Filling up the DagBag from /home/airflow/.local/lib/python3.8/site-packages/airflow/example_dags/example_skip_dag.py
[2024-03-26T06:20:42.679+0000] {processor.py:839} INFO - DAG(s) dict_keys(['example_skip_dag']) retrieved from /home/airflow/.local/lib/python3.8/site-packages/airflow/example_dags/example_skip_dag.py
[2024-03-26T06:20:42.705+0000] {logging_mixin.py:151} INFO - [2024-03-26T06:20:42.704+0000] {dag.py:2915} INFO - Sync 1 DAGs
[2024-03-26T06:20:42.729+0000] {logging_mixin.py:151} INFO - [2024-03-26T06:20:42.729+0000] {dag.py:3696} INFO - Setting next_dagrun for example_skip_dag to 2024-03-25T06:20:42.729276+00:00, run_after=2024-03-26T06:20:42.729276+00:00
[2024-03-26T06:20:42.769+0000] {processor.py:179} INFO - Processing /home/airflow/.local/lib/python3.8/site-packages/airflow/example_dags/example_skip_dag.py took 0.107 seconds
[2024-03-26T06:21:12.935+0000] {processor.py:157} INFO - Started process (PID=1244) to work on /home/airflow/.local/lib/python3.8/site-packages/airflow/example_dags/example_skip_dag.py
[2024-03-26T06:21:12.937+0000] {processor.py:829} INFO - Processing file /home/airflow/.local/lib/python3.8/site-packages/airflow/example_dags/example_skip_dag.py for tasks to queue
[2024-03-26T06:21:12.940+0000] {logging_mixin.py:151} INFO - [2024-03-26T06:21:12.939+0000] {dagbag.py:539} INFO - Filling up the DagBag from /home/airflow/.local/lib/python3.8/site-packages/airflow/example_dags/example_skip_dag.py
[2024-03-26T06:21:12.950+0000] {processor.py:839} INFO - DAG(s) dict_keys(['example_skip_dag']) retrieved from /home/airflow/.local/lib/python3.8/site-packages/airflow/example_dags/example_skip_dag.py
[2024-03-26T06:21:12.982+0000] {logging_mixin.py:151} INFO - [2024-03-26T06:21:12.982+0000] {dag.py:2915} INFO - Sync 1 DAGs
[2024-03-26T06:21:13.009+0000] {logging_mixin.py:151} INFO - [2024-03-26T06:21:13.009+0000] {dag.py:3696} INFO - Setting next_dagrun for example_skip_dag to 2024-03-25T06:21:13.008851+00:00, run_after=2024-03-26T06:21:13.008851+00:00
[2024-03-26T06:21:13.030+0000] {processor.py:179} INFO - Processing /home/airflow/.local/lib/python3.8/site-packages/airflow/example_dags/example_skip_dag.py took 0.099 seconds
[2024-03-26T06:21:43.888+0000] {processor.py:157} INFO - Started process (PID=1298) to work on /home/airflow/.local/lib/python3.8/site-packages/airflow/example_dags/example_skip_dag.py
[2024-03-26T06:21:43.890+0000] {processor.py:829} INFO - Processing file /home/airflow/.local/lib/python3.8/site-packages/airflow/example_dags/example_skip_dag.py for tasks to queue
[2024-03-26T06:21:43.893+0000] {logging_mixin.py:151} INFO - [2024-03-26T06:21:43.892+0000] {dagbag.py:539} INFO - Filling up the DagBag from /home/airflow/.local/lib/python3.8/site-packages/airflow/example_dags/example_skip_dag.py
[2024-03-26T06:21:43.904+0000] {processor.py:839} INFO - DAG(s) dict_keys(['example_skip_dag']) retrieved from /home/airflow/.local/lib/python3.8/site-packages/airflow/example_dags/example_skip_dag.py
[2024-03-26T06:21:43.932+0000] {logging_mixin.py:151} INFO - [2024-03-26T06:21:43.931+0000] {dag.py:2915} INFO - Sync 1 DAGs
[2024-03-26T06:21:43.968+0000] {logging_mixin.py:151} INFO - [2024-03-26T06:21:43.968+0000] {dag.py:3696} INFO - Setting next_dagrun for example_skip_dag to 2024-03-25T06:21:43.967744+00:00, run_after=2024-03-26T06:21:43.967744+00:00
[2024-03-26T06:21:44.001+0000] {processor.py:179} INFO - Processing /home/airflow/.local/lib/python3.8/site-packages/airflow/example_dags/example_skip_dag.py took 0.117 seconds
[2024-03-26T06:22:14.359+0000] {processor.py:157} INFO - Started process (PID=1352) to work on /home/airflow/.local/lib/python3.8/site-packages/airflow/example_dags/example_skip_dag.py
[2024-03-26T06:22:14.360+0000] {processor.py:829} INFO - Processing file /home/airflow/.local/lib/python3.8/site-packages/airflow/example_dags/example_skip_dag.py for tasks to queue
[2024-03-26T06:22:14.363+0000] {logging_mixin.py:151} INFO - [2024-03-26T06:22:14.362+0000] {dagbag.py:539} INFO - Filling up the DagBag from /home/airflow/.local/lib/python3.8/site-packages/airflow/example_dags/example_skip_dag.py
[2024-03-26T06:22:14.370+0000] {processor.py:839} INFO - DAG(s) dict_keys(['example_skip_dag']) retrieved from /home/airflow/.local/lib/python3.8/site-packages/airflow/example_dags/example_skip_dag.py
[2024-03-26T06:22:14.397+0000] {logging_mixin.py:151} INFO - [2024-03-26T06:22:14.397+0000] {dag.py:2915} INFO - Sync 1 DAGs
[2024-03-26T06:22:14.426+0000] {logging_mixin.py:151} INFO - [2024-03-26T06:22:14.426+0000] {dag.py:3696} INFO - Setting next_dagrun for example_skip_dag to 2024-03-25T06:22:14.426053+00:00, run_after=2024-03-26T06:22:14.426053+00:00
[2024-03-26T06:22:14.449+0000] {processor.py:179} INFO - Processing /home/airflow/.local/lib/python3.8/site-packages/airflow/example_dags/example_skip_dag.py took 0.093 seconds
[2024-03-26T06:22:45.081+0000] {processor.py:157} INFO - Started process (PID=1406) to work on /home/airflow/.local/lib/python3.8/site-packages/airflow/example_dags/example_skip_dag.py
[2024-03-26T06:22:45.082+0000] {processor.py:829} INFO - Processing file /home/airflow/.local/lib/python3.8/site-packages/airflow/example_dags/example_skip_dag.py for tasks to queue
[2024-03-26T06:22:45.086+0000] {logging_mixin.py:151} INFO - [2024-03-26T06:22:45.085+0000] {dagbag.py:539} INFO - Filling up the DagBag from /home/airflow/.local/lib/python3.8/site-packages/airflow/example_dags/example_skip_dag.py
[2024-03-26T06:22:45.094+0000] {processor.py:839} INFO - DAG(s) dict_keys(['example_skip_dag']) retrieved from /home/airflow/.local/lib/python3.8/site-packages/airflow/example_dags/example_skip_dag.py
[2024-03-26T06:22:45.122+0000] {logging_mixin.py:151} INFO - [2024-03-26T06:22:45.122+0000] {dag.py:2915} INFO - Sync 1 DAGs
[2024-03-26T06:22:45.155+0000] {logging_mixin.py:151} INFO - [2024-03-26T06:22:45.155+0000] {dag.py:3696} INFO - Setting next_dagrun for example_skip_dag to 2024-03-25T06:22:45.153436+00:00, run_after=2024-03-26T06:22:45.153436+00:00
[2024-03-26T06:22:45.185+0000] {processor.py:179} INFO - Processing /home/airflow/.local/lib/python3.8/site-packages/airflow/example_dags/example_skip_dag.py took 0.108 seconds
[2024-03-26T06:23:15.632+0000] {processor.py:157} INFO - Started process (PID=1460) to work on /home/airflow/.local/lib/python3.8/site-packages/airflow/example_dags/example_skip_dag.py
[2024-03-26T06:23:15.634+0000] {processor.py:829} INFO - Processing file /home/airflow/.local/lib/python3.8/site-packages/airflow/example_dags/example_skip_dag.py for tasks to queue
[2024-03-26T06:23:15.637+0000] {logging_mixin.py:151} INFO - [2024-03-26T06:23:15.637+0000] {dagbag.py:539} INFO - Filling up the DagBag from /home/airflow/.local/lib/python3.8/site-packages/airflow/example_dags/example_skip_dag.py
[2024-03-26T06:23:15.644+0000] {processor.py:839} INFO - DAG(s) dict_keys(['example_skip_dag']) retrieved from /home/airflow/.local/lib/python3.8/site-packages/airflow/example_dags/example_skip_dag.py
[2024-03-26T06:23:15.674+0000] {logging_mixin.py:151} INFO - [2024-03-26T06:23:15.673+0000] {dag.py:2915} INFO - Sync 1 DAGs
[2024-03-26T06:23:15.706+0000] {logging_mixin.py:151} INFO - [2024-03-26T06:23:15.706+0000] {dag.py:3696} INFO - Setting next_dagrun for example_skip_dag to 2024-03-25T06:23:15.705517+00:00, run_after=2024-03-26T06:23:15.705517+00:00
[2024-03-26T06:23:15.733+0000] {processor.py:179} INFO - Processing /home/airflow/.local/lib/python3.8/site-packages/airflow/example_dags/example_skip_dag.py took 0.106 seconds
[2024-03-26T06:23:46.356+0000] {processor.py:157} INFO - Started process (PID=1514) to work on /home/airflow/.local/lib/python3.8/site-packages/airflow/example_dags/example_skip_dag.py
[2024-03-26T06:23:46.357+0000] {processor.py:829} INFO - Processing file /home/airflow/.local/lib/python3.8/site-packages/airflow/example_dags/example_skip_dag.py for tasks to queue
[2024-03-26T06:23:46.360+0000] {logging_mixin.py:151} INFO - [2024-03-26T06:23:46.360+0000] {dagbag.py:539} INFO - Filling up the DagBag from /home/airflow/.local/lib/python3.8/site-packages/airflow/example_dags/example_skip_dag.py
[2024-03-26T06:23:46.369+0000] {processor.py:839} INFO - DAG(s) dict_keys(['example_skip_dag']) retrieved from /home/airflow/.local/lib/python3.8/site-packages/airflow/example_dags/example_skip_dag.py
[2024-03-26T06:23:46.398+0000] {logging_mixin.py:151} INFO - [2024-03-26T06:23:46.398+0000] {dag.py:2915} INFO - Sync 1 DAGs
[2024-03-26T06:23:46.425+0000] {logging_mixin.py:151} INFO - [2024-03-26T06:23:46.425+0000] {dag.py:3696} INFO - Setting next_dagrun for example_skip_dag to 2024-03-25T06:23:46.424841+00:00, run_after=2024-03-26T06:23:46.424841+00:00
[2024-03-26T06:23:46.447+0000] {processor.py:179} INFO - Processing /home/airflow/.local/lib/python3.8/site-packages/airflow/example_dags/example_skip_dag.py took 0.095 seconds
[2024-03-26T06:24:16.940+0000] {processor.py:157} INFO - Started process (PID=1568) to work on /home/airflow/.local/lib/python3.8/site-packages/airflow/example_dags/example_skip_dag.py
[2024-03-26T06:24:16.942+0000] {processor.py:829} INFO - Processing file /home/airflow/.local/lib/python3.8/site-packages/airflow/example_dags/example_skip_dag.py for tasks to queue
[2024-03-26T06:24:16.946+0000] {logging_mixin.py:151} INFO - [2024-03-26T06:24:16.945+0000] {dagbag.py:539} INFO - Filling up the DagBag from /home/airflow/.local/lib/python3.8/site-packages/airflow/example_dags/example_skip_dag.py
[2024-03-26T06:24:16.956+0000] {processor.py:839} INFO - DAG(s) dict_keys(['example_skip_dag']) retrieved from /home/airflow/.local/lib/python3.8/site-packages/airflow/example_dags/example_skip_dag.py
[2024-03-26T06:24:16.982+0000] {logging_mixin.py:151} INFO - [2024-03-26T06:24:16.982+0000] {dag.py:2915} INFO - Sync 1 DAGs
[2024-03-26T06:24:17.007+0000] {logging_mixin.py:151} INFO - [2024-03-26T06:24:17.006+0000] {dag.py:3696} INFO - Setting next_dagrun for example_skip_dag to 2024-03-25T06:24:17.006634+00:00, run_after=2024-03-26T06:24:17.006634+00:00
[2024-03-26T06:24:17.032+0000] {processor.py:179} INFO - Processing /home/airflow/.local/lib/python3.8/site-packages/airflow/example_dags/example_skip_dag.py took 0.096 seconds
[2024-03-26T06:24:47.575+0000] {processor.py:157} INFO - Started process (PID=1622) to work on /home/airflow/.local/lib/python3.8/site-packages/airflow/example_dags/example_skip_dag.py
[2024-03-26T06:24:47.577+0000] {processor.py:829} INFO - Processing file /home/airflow/.local/lib/python3.8/site-packages/airflow/example_dags/example_skip_dag.py for tasks to queue
[2024-03-26T06:24:47.580+0000] {logging_mixin.py:151} INFO - [2024-03-26T06:24:47.580+0000] {dagbag.py:539} INFO - Filling up the DagBag from /home/airflow/.local/lib/python3.8/site-packages/airflow/example_dags/example_skip_dag.py
[2024-03-26T06:24:47.588+0000] {processor.py:839} INFO - DAG(s) dict_keys(['example_skip_dag']) retrieved from /home/airflow/.local/lib/python3.8/site-packages/airflow/example_dags/example_skip_dag.py
[2024-03-26T06:24:47.614+0000] {logging_mixin.py:151} INFO - [2024-03-26T06:24:47.613+0000] {dag.py:2915} INFO - Sync 1 DAGs
[2024-03-26T06:24:47.639+0000] {logging_mixin.py:151} INFO - [2024-03-26T06:24:47.638+0000] {dag.py:3696} INFO - Setting next_dagrun for example_skip_dag to 2024-03-25T06:24:47.638629+00:00, run_after=2024-03-26T06:24:47.638629+00:00
[2024-03-26T06:24:47.671+0000] {processor.py:179} INFO - Processing /home/airflow/.local/lib/python3.8/site-packages/airflow/example_dags/example_skip_dag.py took 0.100 seconds
[2024-03-26T06:25:18.106+0000] {processor.py:157} INFO - Started process (PID=1676) to work on /home/airflow/.local/lib/python3.8/site-packages/airflow/example_dags/example_skip_dag.py
[2024-03-26T06:25:18.108+0000] {processor.py:829} INFO - Processing file /home/airflow/.local/lib/python3.8/site-packages/airflow/example_dags/example_skip_dag.py for tasks to queue
[2024-03-26T06:25:18.112+0000] {logging_mixin.py:151} INFO - [2024-03-26T06:25:18.111+0000] {dagbag.py:539} INFO - Filling up the DagBag from /home/airflow/.local/lib/python3.8/site-packages/airflow/example_dags/example_skip_dag.py
[2024-03-26T06:25:18.119+0000] {processor.py:839} INFO - DAG(s) dict_keys(['example_skip_dag']) retrieved from /home/airflow/.local/lib/python3.8/site-packages/airflow/example_dags/example_skip_dag.py
[2024-03-26T06:25:18.155+0000] {logging_mixin.py:151} INFO - [2024-03-26T06:25:18.155+0000] {dag.py:2915} INFO - Sync 1 DAGs
[2024-03-26T06:25:18.197+0000] {logging_mixin.py:151} INFO - [2024-03-26T06:25:18.197+0000] {dag.py:3696} INFO - Setting next_dagrun for example_skip_dag to 2024-03-25T06:25:18.197082+00:00, run_after=2024-03-26T06:25:18.197082+00:00
[2024-03-26T06:25:18.223+0000] {processor.py:179} INFO - Processing /home/airflow/.local/lib/python3.8/site-packages/airflow/example_dags/example_skip_dag.py took 0.121 seconds
[2024-03-26T06:25:48.567+0000] {processor.py:157} INFO - Started process (PID=1730) to work on /home/airflow/.local/lib/python3.8/site-packages/airflow/example_dags/example_skip_dag.py
[2024-03-26T06:25:48.569+0000] {processor.py:829} INFO - Processing file /home/airflow/.local/lib/python3.8/site-packages/airflow/example_dags/example_skip_dag.py for tasks to queue
[2024-03-26T06:25:48.572+0000] {logging_mixin.py:151} INFO - [2024-03-26T06:25:48.572+0000] {dagbag.py:539} INFO - Filling up the DagBag from /home/airflow/.local/lib/python3.8/site-packages/airflow/example_dags/example_skip_dag.py
[2024-03-26T06:25:48.580+0000] {processor.py:839} INFO - DAG(s) dict_keys(['example_skip_dag']) retrieved from /home/airflow/.local/lib/python3.8/site-packages/airflow/example_dags/example_skip_dag.py
[2024-03-26T06:25:48.606+0000] {logging_mixin.py:151} INFO - [2024-03-26T06:25:48.606+0000] {dag.py:2915} INFO - Sync 1 DAGs
[2024-03-26T06:25:48.631+0000] {logging_mixin.py:151} INFO - [2024-03-26T06:25:48.631+0000] {dag.py:3696} INFO - Setting next_dagrun for example_skip_dag to 2024-03-25T06:25:48.630941+00:00, run_after=2024-03-26T06:25:48.630941+00:00
[2024-03-26T06:25:48.654+0000] {processor.py:179} INFO - Processing /home/airflow/.local/lib/python3.8/site-packages/airflow/example_dags/example_skip_dag.py took 0.091 seconds
[2024-03-26T06:26:19.181+0000] {processor.py:157} INFO - Started process (PID=1784) to work on /home/airflow/.local/lib/python3.8/site-packages/airflow/example_dags/example_skip_dag.py
[2024-03-26T06:26:19.182+0000] {processor.py:829} INFO - Processing file /home/airflow/.local/lib/python3.8/site-packages/airflow/example_dags/example_skip_dag.py for tasks to queue
[2024-03-26T06:26:19.186+0000] {logging_mixin.py:151} INFO - [2024-03-26T06:26:19.185+0000] {dagbag.py:539} INFO - Filling up the DagBag from /home/airflow/.local/lib/python3.8/site-packages/airflow/example_dags/example_skip_dag.py
[2024-03-26T06:26:19.193+0000] {processor.py:839} INFO - DAG(s) dict_keys(['example_skip_dag']) retrieved from /home/airflow/.local/lib/python3.8/site-packages/airflow/example_dags/example_skip_dag.py
[2024-03-26T06:26:19.218+0000] {logging_mixin.py:151} INFO - [2024-03-26T06:26:19.218+0000] {dag.py:2915} INFO - Sync 1 DAGs
[2024-03-26T06:26:19.242+0000] {logging_mixin.py:151} INFO - [2024-03-26T06:26:19.242+0000] {dag.py:3696} INFO - Setting next_dagrun for example_skip_dag to 2024-03-25T06:26:19.242199+00:00, run_after=2024-03-26T06:26:19.242199+00:00
[2024-03-26T06:26:19.266+0000] {processor.py:179} INFO - Processing /home/airflow/.local/lib/python3.8/site-packages/airflow/example_dags/example_skip_dag.py took 0.089 seconds
[2024-03-26T06:26:49.631+0000] {processor.py:157} INFO - Started process (PID=1838) to work on /home/airflow/.local/lib/python3.8/site-packages/airflow/example_dags/example_skip_dag.py
[2024-03-26T06:26:49.633+0000] {processor.py:829} INFO - Processing file /home/airflow/.local/lib/python3.8/site-packages/airflow/example_dags/example_skip_dag.py for tasks to queue
[2024-03-26T06:26:49.636+0000] {logging_mixin.py:151} INFO - [2024-03-26T06:26:49.636+0000] {dagbag.py:539} INFO - Filling up the DagBag from /home/airflow/.local/lib/python3.8/site-packages/airflow/example_dags/example_skip_dag.py
[2024-03-26T06:26:49.644+0000] {processor.py:839} INFO - DAG(s) dict_keys(['example_skip_dag']) retrieved from /home/airflow/.local/lib/python3.8/site-packages/airflow/example_dags/example_skip_dag.py
[2024-03-26T06:26:49.670+0000] {logging_mixin.py:151} INFO - [2024-03-26T06:26:49.669+0000] {dag.py:2915} INFO - Sync 1 DAGs
[2024-03-26T06:26:49.700+0000] {logging_mixin.py:151} INFO - [2024-03-26T06:26:49.700+0000] {dag.py:3696} INFO - Setting next_dagrun for example_skip_dag to 2024-03-25T06:26:49.699929+00:00, run_after=2024-03-26T06:26:49.699929+00:00
[2024-03-26T06:26:49.728+0000] {processor.py:179} INFO - Processing /home/airflow/.local/lib/python3.8/site-packages/airflow/example_dags/example_skip_dag.py took 0.101 seconds
[2024-03-26T06:27:20.143+0000] {processor.py:157} INFO - Started process (PID=1892) to work on /home/airflow/.local/lib/python3.8/site-packages/airflow/example_dags/example_skip_dag.py
[2024-03-26T06:27:20.145+0000] {processor.py:829} INFO - Processing file /home/airflow/.local/lib/python3.8/site-packages/airflow/example_dags/example_skip_dag.py for tasks to queue
[2024-03-26T06:27:20.148+0000] {logging_mixin.py:151} INFO - [2024-03-26T06:27:20.148+0000] {dagbag.py:539} INFO - Filling up the DagBag from /home/airflow/.local/lib/python3.8/site-packages/airflow/example_dags/example_skip_dag.py
[2024-03-26T06:27:20.158+0000] {processor.py:839} INFO - DAG(s) dict_keys(['example_skip_dag']) retrieved from /home/airflow/.local/lib/python3.8/site-packages/airflow/example_dags/example_skip_dag.py
[2024-03-26T06:27:20.186+0000] {logging_mixin.py:151} INFO - [2024-03-26T06:27:20.186+0000] {dag.py:2915} INFO - Sync 1 DAGs
[2024-03-26T06:27:20.214+0000] {logging_mixin.py:151} INFO - [2024-03-26T06:27:20.214+0000] {dag.py:3696} INFO - Setting next_dagrun for example_skip_dag to 2024-03-25T06:27:20.214119+00:00, run_after=2024-03-26T06:27:20.214119+00:00
[2024-03-26T06:27:20.239+0000] {processor.py:179} INFO - Processing /home/airflow/.local/lib/python3.8/site-packages/airflow/example_dags/example_skip_dag.py took 0.100 seconds
[2024-03-26T06:27:51.580+0000] {processor.py:157} INFO - Started process (PID=1946) to work on /home/airflow/.local/lib/python3.8/site-packages/airflow/example_dags/example_skip_dag.py
[2024-03-26T06:27:51.581+0000] {processor.py:829} INFO - Processing file /home/airflow/.local/lib/python3.8/site-packages/airflow/example_dags/example_skip_dag.py for tasks to queue
[2024-03-26T06:27:51.585+0000] {logging_mixin.py:151} INFO - [2024-03-26T06:27:51.584+0000] {dagbag.py:539} INFO - Filling up the DagBag from /home/airflow/.local/lib/python3.8/site-packages/airflow/example_dags/example_skip_dag.py
[2024-03-26T06:27:51.595+0000] {processor.py:839} INFO - DAG(s) dict_keys(['example_skip_dag']) retrieved from /home/airflow/.local/lib/python3.8/site-packages/airflow/example_dags/example_skip_dag.py
[2024-03-26T06:27:51.622+0000] {logging_mixin.py:151} INFO - [2024-03-26T06:27:51.621+0000] {dag.py:2915} INFO - Sync 1 DAGs
[2024-03-26T06:27:51.650+0000] {logging_mixin.py:151} INFO - [2024-03-26T06:27:51.650+0000] {dag.py:3696} INFO - Setting next_dagrun for example_skip_dag to 2024-03-25T06:27:51.649817+00:00, run_after=2024-03-26T06:27:51.649817+00:00
[2024-03-26T06:27:51.692+0000] {processor.py:179} INFO - Processing /home/airflow/.local/lib/python3.8/site-packages/airflow/example_dags/example_skip_dag.py took 0.116 seconds
[2024-03-26T06:28:21.932+0000] {processor.py:157} INFO - Started process (PID=2000) to work on /home/airflow/.local/lib/python3.8/site-packages/airflow/example_dags/example_skip_dag.py
[2024-03-26T06:28:21.934+0000] {processor.py:829} INFO - Processing file /home/airflow/.local/lib/python3.8/site-packages/airflow/example_dags/example_skip_dag.py for tasks to queue
[2024-03-26T06:28:21.939+0000] {logging_mixin.py:151} INFO - [2024-03-26T06:28:21.938+0000] {dagbag.py:539} INFO - Filling up the DagBag from /home/airflow/.local/lib/python3.8/site-packages/airflow/example_dags/example_skip_dag.py
[2024-03-26T06:28:21.952+0000] {processor.py:839} INFO - DAG(s) dict_keys(['example_skip_dag']) retrieved from /home/airflow/.local/lib/python3.8/site-packages/airflow/example_dags/example_skip_dag.py
[2024-03-26T06:28:21.984+0000] {logging_mixin.py:151} INFO - [2024-03-26T06:28:21.984+0000] {dag.py:2915} INFO - Sync 1 DAGs
[2024-03-26T06:28:22.014+0000] {logging_mixin.py:151} INFO - [2024-03-26T06:28:22.014+0000] {dag.py:3696} INFO - Setting next_dagrun for example_skip_dag to 2024-03-25T06:28:22.013748+00:00, run_after=2024-03-26T06:28:22.013748+00:00
[2024-03-26T06:28:22.056+0000] {processor.py:179} INFO - Processing /home/airflow/.local/lib/python3.8/site-packages/airflow/example_dags/example_skip_dag.py took 0.129 seconds
[2024-03-26T06:28:52.240+0000] {processor.py:157} INFO - Started process (PID=2054) to work on /home/airflow/.local/lib/python3.8/site-packages/airflow/example_dags/example_skip_dag.py
[2024-03-26T06:28:52.241+0000] {processor.py:829} INFO - Processing file /home/airflow/.local/lib/python3.8/site-packages/airflow/example_dags/example_skip_dag.py for tasks to queue
[2024-03-26T06:28:52.244+0000] {logging_mixin.py:151} INFO - [2024-03-26T06:28:52.244+0000] {dagbag.py:539} INFO - Filling up the DagBag from /home/airflow/.local/lib/python3.8/site-packages/airflow/example_dags/example_skip_dag.py
[2024-03-26T06:28:52.252+0000] {processor.py:839} INFO - DAG(s) dict_keys(['example_skip_dag']) retrieved from /home/airflow/.local/lib/python3.8/site-packages/airflow/example_dags/example_skip_dag.py
[2024-03-26T06:28:52.277+0000] {logging_mixin.py:151} INFO - [2024-03-26T06:28:52.276+0000] {dag.py:2915} INFO - Sync 1 DAGs
[2024-03-26T06:28:52.301+0000] {logging_mixin.py:151} INFO - [2024-03-26T06:28:52.301+0000] {dag.py:3696} INFO - Setting next_dagrun for example_skip_dag to 2024-03-25T06:28:52.300955+00:00, run_after=2024-03-26T06:28:52.300955+00:00
[2024-03-26T06:28:52.328+0000] {processor.py:179} INFO - Processing /home/airflow/.local/lib/python3.8/site-packages/airflow/example_dags/example_skip_dag.py took 0.092 seconds
[2024-03-26T06:29:23.220+0000] {processor.py:157} INFO - Started process (PID=2108) to work on /home/airflow/.local/lib/python3.8/site-packages/airflow/example_dags/example_skip_dag.py
[2024-03-26T06:29:23.222+0000] {processor.py:829} INFO - Processing file /home/airflow/.local/lib/python3.8/site-packages/airflow/example_dags/example_skip_dag.py for tasks to queue
[2024-03-26T06:29:23.225+0000] {logging_mixin.py:151} INFO - [2024-03-26T06:29:23.225+0000] {dagbag.py:539} INFO - Filling up the DagBag from /home/airflow/.local/lib/python3.8/site-packages/airflow/example_dags/example_skip_dag.py
[2024-03-26T06:29:23.232+0000] {processor.py:839} INFO - DAG(s) dict_keys(['example_skip_dag']) retrieved from /home/airflow/.local/lib/python3.8/site-packages/airflow/example_dags/example_skip_dag.py
[2024-03-26T06:29:23.261+0000] {logging_mixin.py:151} INFO - [2024-03-26T06:29:23.261+0000] {dag.py:2915} INFO - Sync 1 DAGs
[2024-03-26T06:29:23.289+0000] {logging_mixin.py:151} INFO - [2024-03-26T06:29:23.289+0000] {dag.py:3696} INFO - Setting next_dagrun for example_skip_dag to 2024-03-25T06:29:23.288977+00:00, run_after=2024-03-26T06:29:23.288977+00:00
[2024-03-26T06:29:23.314+0000] {processor.py:179} INFO - Processing /home/airflow/.local/lib/python3.8/site-packages/airflow/example_dags/example_skip_dag.py took 0.098 seconds
[2024-03-26T06:29:54.380+0000] {processor.py:157} INFO - Started process (PID=2162) to work on /home/airflow/.local/lib/python3.8/site-packages/airflow/example_dags/example_skip_dag.py
[2024-03-26T06:29:54.382+0000] {processor.py:829} INFO - Processing file /home/airflow/.local/lib/python3.8/site-packages/airflow/example_dags/example_skip_dag.py for tasks to queue
[2024-03-26T06:29:54.386+0000] {logging_mixin.py:151} INFO - [2024-03-26T06:29:54.385+0000] {dagbag.py:539} INFO - Filling up the DagBag from /home/airflow/.local/lib/python3.8/site-packages/airflow/example_dags/example_skip_dag.py
[2024-03-26T06:29:54.399+0000] {processor.py:839} INFO - DAG(s) dict_keys(['example_skip_dag']) retrieved from /home/airflow/.local/lib/python3.8/site-packages/airflow/example_dags/example_skip_dag.py
[2024-03-26T06:29:54.430+0000] {logging_mixin.py:151} INFO - [2024-03-26T06:29:54.430+0000] {dag.py:2915} INFO - Sync 1 DAGs
[2024-03-26T06:29:54.459+0000] {logging_mixin.py:151} INFO - [2024-03-26T06:29:54.459+0000] {dag.py:3696} INFO - Setting next_dagrun for example_skip_dag to 2024-03-25T06:29:54.458884+00:00, run_after=2024-03-26T06:29:54.458884+00:00
[2024-03-26T06:29:54.484+0000] {processor.py:179} INFO - Processing /home/airflow/.local/lib/python3.8/site-packages/airflow/example_dags/example_skip_dag.py took 0.108 seconds
[2024-03-26T06:30:24.851+0000] {processor.py:157} INFO - Started process (PID=2216) to work on /home/airflow/.local/lib/python3.8/site-packages/airflow/example_dags/example_skip_dag.py
[2024-03-26T06:30:24.852+0000] {processor.py:829} INFO - Processing file /home/airflow/.local/lib/python3.8/site-packages/airflow/example_dags/example_skip_dag.py for tasks to queue
[2024-03-26T06:30:24.855+0000] {logging_mixin.py:151} INFO - [2024-03-26T06:30:24.855+0000] {dagbag.py:539} INFO - Filling up the DagBag from /home/airflow/.local/lib/python3.8/site-packages/airflow/example_dags/example_skip_dag.py
[2024-03-26T06:30:24.863+0000] {processor.py:839} INFO - DAG(s) dict_keys(['example_skip_dag']) retrieved from /home/airflow/.local/lib/python3.8/site-packages/airflow/example_dags/example_skip_dag.py
[2024-03-26T06:30:24.891+0000] {logging_mixin.py:151} INFO - [2024-03-26T06:30:24.891+0000] {dag.py:2915} INFO - Sync 1 DAGs
[2024-03-26T06:30:24.918+0000] {logging_mixin.py:151} INFO - [2024-03-26T06:30:24.918+0000] {dag.py:3696} INFO - Setting next_dagrun for example_skip_dag to 2024-03-25T06:30:24.917944+00:00, run_after=2024-03-26T06:30:24.917944+00:00
[2024-03-26T06:30:24.952+0000] {processor.py:179} INFO - Processing /home/airflow/.local/lib/python3.8/site-packages/airflow/example_dags/example_skip_dag.py took 0.105 seconds
[2024-03-26T06:30:55.191+0000] {processor.py:157} INFO - Started process (PID=2270) to work on /home/airflow/.local/lib/python3.8/site-packages/airflow/example_dags/example_skip_dag.py
[2024-03-26T06:30:55.192+0000] {processor.py:829} INFO - Processing file /home/airflow/.local/lib/python3.8/site-packages/airflow/example_dags/example_skip_dag.py for tasks to queue
[2024-03-26T06:30:55.195+0000] {logging_mixin.py:151} INFO - [2024-03-26T06:30:55.195+0000] {dagbag.py:539} INFO - Filling up the DagBag from /home/airflow/.local/lib/python3.8/site-packages/airflow/example_dags/example_skip_dag.py
[2024-03-26T06:30:55.205+0000] {processor.py:839} INFO - DAG(s) dict_keys(['example_skip_dag']) retrieved from /home/airflow/.local/lib/python3.8/site-packages/airflow/example_dags/example_skip_dag.py
[2024-03-26T06:30:55.233+0000] {logging_mixin.py:151} INFO - [2024-03-26T06:30:55.232+0000] {dag.py:2915} INFO - Sync 1 DAGs
[2024-03-26T06:30:55.262+0000] {logging_mixin.py:151} INFO - [2024-03-26T06:30:55.262+0000] {dag.py:3696} INFO - Setting next_dagrun for example_skip_dag to 2024-03-25T06:30:55.261682+00:00, run_after=2024-03-26T06:30:55.261682+00:00
[2024-03-26T06:30:55.304+0000] {processor.py:179} INFO - Processing /home/airflow/.local/lib/python3.8/site-packages/airflow/example_dags/example_skip_dag.py took 0.118 seconds
[2024-03-26T06:31:26.145+0000] {processor.py:157} INFO - Started process (PID=2324) to work on /home/airflow/.local/lib/python3.8/site-packages/airflow/example_dags/example_skip_dag.py
[2024-03-26T06:31:26.146+0000] {processor.py:829} INFO - Processing file /home/airflow/.local/lib/python3.8/site-packages/airflow/example_dags/example_skip_dag.py for tasks to queue
[2024-03-26T06:31:26.150+0000] {logging_mixin.py:151} INFO - [2024-03-26T06:31:26.150+0000] {dagbag.py:539} INFO - Filling up the DagBag from /home/airflow/.local/lib/python3.8/site-packages/airflow/example_dags/example_skip_dag.py
[2024-03-26T06:31:26.160+0000] {processor.py:839} INFO - DAG(s) dict_keys(['example_skip_dag']) retrieved from /home/airflow/.local/lib/python3.8/site-packages/airflow/example_dags/example_skip_dag.py
[2024-03-26T06:31:26.190+0000] {logging_mixin.py:151} INFO - [2024-03-26T06:31:26.189+0000] {dag.py:2915} INFO - Sync 1 DAGs
[2024-03-26T06:31:26.220+0000] {logging_mixin.py:151} INFO - [2024-03-26T06:31:26.219+0000] {dag.py:3696} INFO - Setting next_dagrun for example_skip_dag to 2024-03-25T06:31:26.219491+00:00, run_after=2024-03-26T06:31:26.219491+00:00
[2024-03-26T06:31:26.254+0000] {processor.py:179} INFO - Processing /home/airflow/.local/lib/python3.8/site-packages/airflow/example_dags/example_skip_dag.py took 0.113 seconds
[2024-03-26T06:31:56.920+0000] {processor.py:157} INFO - Started process (PID=2378) to work on /home/airflow/.local/lib/python3.8/site-packages/airflow/example_dags/example_skip_dag.py
[2024-03-26T06:31:56.921+0000] {processor.py:829} INFO - Processing file /home/airflow/.local/lib/python3.8/site-packages/airflow/example_dags/example_skip_dag.py for tasks to queue
[2024-03-26T06:31:56.924+0000] {logging_mixin.py:151} INFO - [2024-03-26T06:31:56.923+0000] {dagbag.py:539} INFO - Filling up the DagBag from /home/airflow/.local/lib/python3.8/site-packages/airflow/example_dags/example_skip_dag.py
[2024-03-26T06:31:56.931+0000] {processor.py:839} INFO - DAG(s) dict_keys(['example_skip_dag']) retrieved from /home/airflow/.local/lib/python3.8/site-packages/airflow/example_dags/example_skip_dag.py
[2024-03-26T06:31:56.956+0000] {logging_mixin.py:151} INFO - [2024-03-26T06:31:56.956+0000] {dag.py:2915} INFO - Sync 1 DAGs
[2024-03-26T06:31:56.983+0000] {logging_mixin.py:151} INFO - [2024-03-26T06:31:56.982+0000] {dag.py:3696} INFO - Setting next_dagrun for example_skip_dag to 2024-03-25T06:31:56.982288+00:00, run_after=2024-03-26T06:31:56.982288+00:00
[2024-03-26T06:31:57.005+0000] {processor.py:179} INFO - Processing /home/airflow/.local/lib/python3.8/site-packages/airflow/example_dags/example_skip_dag.py took 0.089 seconds
[2024-03-26T06:32:27.285+0000] {processor.py:157} INFO - Started process (PID=2432) to work on /home/airflow/.local/lib/python3.8/site-packages/airflow/example_dags/example_skip_dag.py
[2024-03-26T06:32:27.287+0000] {processor.py:829} INFO - Processing file /home/airflow/.local/lib/python3.8/site-packages/airflow/example_dags/example_skip_dag.py for tasks to queue
[2024-03-26T06:32:27.292+0000] {logging_mixin.py:151} INFO - [2024-03-26T06:32:27.291+0000] {dagbag.py:539} INFO - Filling up the DagBag from /home/airflow/.local/lib/python3.8/site-packages/airflow/example_dags/example_skip_dag.py
[2024-03-26T06:32:27.301+0000] {processor.py:839} INFO - DAG(s) dict_keys(['example_skip_dag']) retrieved from /home/airflow/.local/lib/python3.8/site-packages/airflow/example_dags/example_skip_dag.py
[2024-03-26T06:32:27.330+0000] {logging_mixin.py:151} INFO - [2024-03-26T06:32:27.330+0000] {dag.py:2915} INFO - Sync 1 DAGs
[2024-03-26T06:32:27.363+0000] {logging_mixin.py:151} INFO - [2024-03-26T06:32:27.362+0000] {dag.py:3696} INFO - Setting next_dagrun for example_skip_dag to 2024-03-25T06:32:27.362579+00:00, run_after=2024-03-26T06:32:27.362579+00:00
[2024-03-26T06:32:27.388+0000] {processor.py:179} INFO - Processing /home/airflow/.local/lib/python3.8/site-packages/airflow/example_dags/example_skip_dag.py took 0.108 seconds
[2024-03-26T06:32:57.540+0000] {processor.py:157} INFO - Started process (PID=2486) to work on /home/airflow/.local/lib/python3.8/site-packages/airflow/example_dags/example_skip_dag.py
[2024-03-26T06:32:57.542+0000] {processor.py:829} INFO - Processing file /home/airflow/.local/lib/python3.8/site-packages/airflow/example_dags/example_skip_dag.py for tasks to queue
[2024-03-26T06:32:57.546+0000] {logging_mixin.py:151} INFO - [2024-03-26T06:32:57.546+0000] {dagbag.py:539} INFO - Filling up the DagBag from /home/airflow/.local/lib/python3.8/site-packages/airflow/example_dags/example_skip_dag.py
[2024-03-26T06:32:57.557+0000] {processor.py:839} INFO - DAG(s) dict_keys(['example_skip_dag']) retrieved from /home/airflow/.local/lib/python3.8/site-packages/airflow/example_dags/example_skip_dag.py
[2024-03-26T06:32:57.590+0000] {logging_mixin.py:151} INFO - [2024-03-26T06:32:57.589+0000] {dag.py:2915} INFO - Sync 1 DAGs
[2024-03-26T06:32:57.618+0000] {logging_mixin.py:151} INFO - [2024-03-26T06:32:57.617+0000] {dag.py:3696} INFO - Setting next_dagrun for example_skip_dag to 2024-03-25T06:32:57.617521+00:00, run_after=2024-03-26T06:32:57.617521+00:00
[2024-03-26T06:32:57.649+0000] {processor.py:179} INFO - Processing /home/airflow/.local/lib/python3.8/site-packages/airflow/example_dags/example_skip_dag.py took 0.114 seconds
[2024-03-26T06:33:28.145+0000] {processor.py:157} INFO - Started process (PID=2539) to work on /home/airflow/.local/lib/python3.8/site-packages/airflow/example_dags/example_skip_dag.py
[2024-03-26T06:33:28.147+0000] {processor.py:829} INFO - Processing file /home/airflow/.local/lib/python3.8/site-packages/airflow/example_dags/example_skip_dag.py for tasks to queue
[2024-03-26T06:33:28.152+0000] {logging_mixin.py:151} INFO - [2024-03-26T06:33:28.151+0000] {dagbag.py:539} INFO - Filling up the DagBag from /home/airflow/.local/lib/python3.8/site-packages/airflow/example_dags/example_skip_dag.py
[2024-03-26T06:33:28.163+0000] {processor.py:839} INFO - DAG(s) dict_keys(['example_skip_dag']) retrieved from /home/airflow/.local/lib/python3.8/site-packages/airflow/example_dags/example_skip_dag.py
[2024-03-26T06:33:28.193+0000] {logging_mixin.py:151} INFO - [2024-03-26T06:33:28.193+0000] {dag.py:2915} INFO - Sync 1 DAGs
[2024-03-26T06:33:28.231+0000] {logging_mixin.py:151} INFO - [2024-03-26T06:33:28.230+0000] {dag.py:3696} INFO - Setting next_dagrun for example_skip_dag to 2024-03-25T06:33:28.230051+00:00, run_after=2024-03-26T06:33:28.230051+00:00
[2024-03-26T06:33:28.259+0000] {processor.py:179} INFO - Processing /home/airflow/.local/lib/python3.8/site-packages/airflow/example_dags/example_skip_dag.py took 0.119 seconds
[2024-03-26T06:33:59.330+0000] {processor.py:157} INFO - Started process (PID=2601) to work on /home/airflow/.local/lib/python3.8/site-packages/airflow/example_dags/example_skip_dag.py
[2024-03-26T06:33:59.331+0000] {processor.py:829} INFO - Processing file /home/airflow/.local/lib/python3.8/site-packages/airflow/example_dags/example_skip_dag.py for tasks to queue
[2024-03-26T06:33:59.334+0000] {logging_mixin.py:151} INFO - [2024-03-26T06:33:59.334+0000] {dagbag.py:539} INFO - Filling up the DagBag from /home/airflow/.local/lib/python3.8/site-packages/airflow/example_dags/example_skip_dag.py
[2024-03-26T06:33:59.342+0000] {processor.py:839} INFO - DAG(s) dict_keys(['example_skip_dag']) retrieved from /home/airflow/.local/lib/python3.8/site-packages/airflow/example_dags/example_skip_dag.py
[2024-03-26T06:33:59.367+0000] {logging_mixin.py:151} INFO - [2024-03-26T06:33:59.366+0000] {dag.py:2915} INFO - Sync 1 DAGs
[2024-03-26T06:33:59.395+0000] {logging_mixin.py:151} INFO - [2024-03-26T06:33:59.394+0000] {dag.py:3696} INFO - Setting next_dagrun for example_skip_dag to 2024-03-25T06:33:59.394412+00:00, run_after=2024-03-26T06:33:59.394412+00:00
[2024-03-26T06:33:59.420+0000] {processor.py:179} INFO - Processing /home/airflow/.local/lib/python3.8/site-packages/airflow/example_dags/example_skip_dag.py took 0.094 seconds
