[2024-03-26T06:04:14.626+0000] {processor.py:157} INFO - Started process (PID=80) to work on /home/airflow/.local/lib/python3.8/site-packages/airflow/example_dags/example_python_operator.py
[2024-03-26T06:04:14.628+0000] {processor.py:829} INFO - Processing file /home/airflow/.local/lib/python3.8/site-packages/airflow/example_dags/example_python_operator.py for tasks to queue
[2024-03-26T06:04:14.633+0000] {logging_mixin.py:151} INFO - [2024-03-26T06:04:14.632+0000] {dagbag.py:539} INFO - Filling up the DagBag from /home/airflow/.local/lib/python3.8/site-packages/airflow/example_dags/example_python_operator.py
[2024-03-26T06:04:14.660+0000] {processor.py:839} INFO - DAG(s) dict_keys(['example_python_operator']) retrieved from /home/airflow/.local/lib/python3.8/site-packages/airflow/example_dags/example_python_operator.py
[2024-03-26T06:04:14.924+0000] {logging_mixin.py:151} INFO - [2024-03-26T06:04:14.924+0000] {manager.py:499} INFO - Created Permission View: %s
[2024-03-26T06:04:14.963+0000] {logging_mixin.py:151} INFO - [2024-03-26T06:04:14.963+0000] {manager.py:499} INFO - Created Permission View: %s
[2024-03-26T06:04:14.990+0000] {logging_mixin.py:151} INFO - [2024-03-26T06:04:14.989+0000] {manager.py:499} INFO - Created Permission View: %s
[2024-03-26T06:04:14.991+0000] {logging_mixin.py:151} INFO - [2024-03-26T06:04:14.990+0000] {security.py:708} INFO - Not syncing DAG-level permissions for DAG 'DAG:example_python_operator' as access control is unset.
[2024-03-26T06:04:14.992+0000] {logging_mixin.py:151} INFO - [2024-03-26T06:04:14.992+0000] {dag.py:2915} INFO - Sync 1 DAGs
[2024-03-26T06:04:15.028+0000] {logging_mixin.py:151} INFO - [2024-03-26T06:04:15.027+0000] {dag.py:2937} INFO - Creating ORM DAG for example_python_operator
[2024-03-26T06:04:15.030+0000] {logging_mixin.py:151} INFO - [2024-03-26T06:04:15.030+0000] {dag.py:3696} INFO - Setting next_dagrun for example_python_operator to None, run_after=None
[2024-03-26T06:04:15.102+0000] {processor.py:179} INFO - Processing /home/airflow/.local/lib/python3.8/site-packages/airflow/example_dags/example_python_operator.py took 0.481 seconds
[2024-03-26T06:04:45.168+0000] {processor.py:157} INFO - Started process (PID=134) to work on /home/airflow/.local/lib/python3.8/site-packages/airflow/example_dags/example_python_operator.py
[2024-03-26T06:04:45.170+0000] {processor.py:829} INFO - Processing file /home/airflow/.local/lib/python3.8/site-packages/airflow/example_dags/example_python_operator.py for tasks to queue
[2024-03-26T06:04:45.174+0000] {logging_mixin.py:151} INFO - [2024-03-26T06:04:45.174+0000] {dagbag.py:539} INFO - Filling up the DagBag from /home/airflow/.local/lib/python3.8/site-packages/airflow/example_dags/example_python_operator.py
[2024-03-26T06:04:45.188+0000] {processor.py:839} INFO - DAG(s) dict_keys(['example_python_operator']) retrieved from /home/airflow/.local/lib/python3.8/site-packages/airflow/example_dags/example_python_operator.py
[2024-03-26T06:04:45.224+0000] {logging_mixin.py:151} INFO - [2024-03-26T06:04:45.224+0000] {dag.py:2915} INFO - Sync 1 DAGs
[2024-03-26T06:04:45.245+0000] {logging_mixin.py:151} INFO - [2024-03-26T06:04:45.245+0000] {dag.py:3696} INFO - Setting next_dagrun for example_python_operator to None, run_after=None
[2024-03-26T06:04:45.284+0000] {processor.py:179} INFO - Processing /home/airflow/.local/lib/python3.8/site-packages/airflow/example_dags/example_python_operator.py took 0.122 seconds
[2024-03-26T06:05:16.709+0000] {processor.py:157} INFO - Started process (PID=188) to work on /home/airflow/.local/lib/python3.8/site-packages/airflow/example_dags/example_python_operator.py
[2024-03-26T06:05:16.711+0000] {processor.py:829} INFO - Processing file /home/airflow/.local/lib/python3.8/site-packages/airflow/example_dags/example_python_operator.py for tasks to queue
[2024-03-26T06:05:16.714+0000] {logging_mixin.py:151} INFO - [2024-03-26T06:05:16.714+0000] {dagbag.py:539} INFO - Filling up the DagBag from /home/airflow/.local/lib/python3.8/site-packages/airflow/example_dags/example_python_operator.py
[2024-03-26T06:05:16.728+0000] {processor.py:839} INFO - DAG(s) dict_keys(['example_python_operator']) retrieved from /home/airflow/.local/lib/python3.8/site-packages/airflow/example_dags/example_python_operator.py
[2024-03-26T06:05:16.764+0000] {logging_mixin.py:151} INFO - [2024-03-26T06:05:16.764+0000] {dag.py:2915} INFO - Sync 1 DAGs
[2024-03-26T06:05:16.792+0000] {logging_mixin.py:151} INFO - [2024-03-26T06:05:16.791+0000] {dag.py:3696} INFO - Setting next_dagrun for example_python_operator to None, run_after=None
[2024-03-26T06:05:16.824+0000] {processor.py:179} INFO - Processing /home/airflow/.local/lib/python3.8/site-packages/airflow/example_dags/example_python_operator.py took 0.119 seconds
[2024-03-26T06:05:49.041+0000] {processor.py:157} INFO - Started process (PID=249) to work on /home/airflow/.local/lib/python3.8/site-packages/airflow/example_dags/example_python_operator.py
[2024-03-26T06:05:49.042+0000] {processor.py:829} INFO - Processing file /home/airflow/.local/lib/python3.8/site-packages/airflow/example_dags/example_python_operator.py for tasks to queue
[2024-03-26T06:05:49.052+0000] {logging_mixin.py:151} INFO - [2024-03-26T06:05:49.051+0000] {dagbag.py:539} INFO - Filling up the DagBag from /home/airflow/.local/lib/python3.8/site-packages/airflow/example_dags/example_python_operator.py
[2024-03-26T06:05:49.072+0000] {processor.py:839} INFO - DAG(s) dict_keys(['example_python_operator']) retrieved from /home/airflow/.local/lib/python3.8/site-packages/airflow/example_dags/example_python_operator.py
[2024-03-26T06:05:49.103+0000] {logging_mixin.py:151} INFO - [2024-03-26T06:05:49.103+0000] {dag.py:2915} INFO - Sync 1 DAGs
[2024-03-26T06:05:49.119+0000] {logging_mixin.py:151} INFO - [2024-03-26T06:05:49.118+0000] {dag.py:3696} INFO - Setting next_dagrun for example_python_operator to None, run_after=None
[2024-03-26T06:05:49.215+0000] {processor.py:179} INFO - Processing /home/airflow/.local/lib/python3.8/site-packages/airflow/example_dags/example_python_operator.py took 0.179 seconds
[2024-03-26T06:06:21.919+0000] {processor.py:157} INFO - Started process (PID=303) to work on /home/airflow/.local/lib/python3.8/site-packages/airflow/example_dags/example_python_operator.py
[2024-03-26T06:06:21.936+0000] {processor.py:829} INFO - Processing file /home/airflow/.local/lib/python3.8/site-packages/airflow/example_dags/example_python_operator.py for tasks to queue
[2024-03-26T06:06:21.940+0000] {logging_mixin.py:151} INFO - [2024-03-26T06:06:21.939+0000] {dagbag.py:539} INFO - Filling up the DagBag from /home/airflow/.local/lib/python3.8/site-packages/airflow/example_dags/example_python_operator.py
[2024-03-26T06:06:22.031+0000] {processor.py:839} INFO - DAG(s) dict_keys(['example_python_operator']) retrieved from /home/airflow/.local/lib/python3.8/site-packages/airflow/example_dags/example_python_operator.py
[2024-03-26T06:06:22.120+0000] {logging_mixin.py:151} INFO - [2024-03-26T06:06:22.120+0000] {dag.py:2915} INFO - Sync 1 DAGs
[2024-03-26T06:06:22.248+0000] {logging_mixin.py:151} INFO - [2024-03-26T06:06:22.247+0000] {dag.py:3696} INFO - Setting next_dagrun for example_python_operator to None, run_after=None
[2024-03-26T06:06:22.420+0000] {processor.py:179} INFO - Processing /home/airflow/.local/lib/python3.8/site-packages/airflow/example_dags/example_python_operator.py took 0.505 seconds
[2024-03-26T06:06:54.128+0000] {processor.py:157} INFO - Started process (PID=357) to work on /home/airflow/.local/lib/python3.8/site-packages/airflow/example_dags/example_python_operator.py
[2024-03-26T06:06:54.142+0000] {processor.py:829} INFO - Processing file /home/airflow/.local/lib/python3.8/site-packages/airflow/example_dags/example_python_operator.py for tasks to queue
[2024-03-26T06:06:54.145+0000] {logging_mixin.py:151} INFO - [2024-03-26T06:06:54.144+0000] {dagbag.py:539} INFO - Filling up the DagBag from /home/airflow/.local/lib/python3.8/site-packages/airflow/example_dags/example_python_operator.py
[2024-03-26T06:06:54.165+0000] {processor.py:839} INFO - DAG(s) dict_keys(['example_python_operator']) retrieved from /home/airflow/.local/lib/python3.8/site-packages/airflow/example_dags/example_python_operator.py
[2024-03-26T06:06:54.209+0000] {logging_mixin.py:151} INFO - [2024-03-26T06:06:54.208+0000] {dag.py:2915} INFO - Sync 1 DAGs
[2024-03-26T06:06:54.230+0000] {logging_mixin.py:151} INFO - [2024-03-26T06:06:54.229+0000] {dag.py:3696} INFO - Setting next_dagrun for example_python_operator to None, run_after=None
[2024-03-26T06:06:54.271+0000] {processor.py:179} INFO - Processing /home/airflow/.local/lib/python3.8/site-packages/airflow/example_dags/example_python_operator.py took 0.150 seconds
[2024-03-26T06:07:26.012+0000] {processor.py:157} INFO - Started process (PID=411) to work on /home/airflow/.local/lib/python3.8/site-packages/airflow/example_dags/example_python_operator.py
[2024-03-26T06:07:26.015+0000] {processor.py:829} INFO - Processing file /home/airflow/.local/lib/python3.8/site-packages/airflow/example_dags/example_python_operator.py for tasks to queue
[2024-03-26T06:07:26.021+0000] {logging_mixin.py:151} INFO - [2024-03-26T06:07:26.020+0000] {dagbag.py:539} INFO - Filling up the DagBag from /home/airflow/.local/lib/python3.8/site-packages/airflow/example_dags/example_python_operator.py
[2024-03-26T06:07:26.036+0000] {processor.py:839} INFO - DAG(s) dict_keys(['example_python_operator']) retrieved from /home/airflow/.local/lib/python3.8/site-packages/airflow/example_dags/example_python_operator.py
[2024-03-26T06:07:26.068+0000] {logging_mixin.py:151} INFO - [2024-03-26T06:07:26.068+0000] {dag.py:2915} INFO - Sync 1 DAGs
[2024-03-26T06:07:26.087+0000] {logging_mixin.py:151} INFO - [2024-03-26T06:07:26.087+0000] {dag.py:3696} INFO - Setting next_dagrun for example_python_operator to None, run_after=None
[2024-03-26T06:07:26.115+0000] {processor.py:179} INFO - Processing /home/airflow/.local/lib/python3.8/site-packages/airflow/example_dags/example_python_operator.py took 0.109 seconds
[2024-03-26T06:07:56.544+0000] {processor.py:157} INFO - Started process (PID=465) to work on /home/airflow/.local/lib/python3.8/site-packages/airflow/example_dags/example_python_operator.py
[2024-03-26T06:07:56.545+0000] {processor.py:829} INFO - Processing file /home/airflow/.local/lib/python3.8/site-packages/airflow/example_dags/example_python_operator.py for tasks to queue
[2024-03-26T06:07:56.547+0000] {logging_mixin.py:151} INFO - [2024-03-26T06:07:56.547+0000] {dagbag.py:539} INFO - Filling up the DagBag from /home/airflow/.local/lib/python3.8/site-packages/airflow/example_dags/example_python_operator.py
[2024-03-26T06:07:56.561+0000] {processor.py:839} INFO - DAG(s) dict_keys(['example_python_operator']) retrieved from /home/airflow/.local/lib/python3.8/site-packages/airflow/example_dags/example_python_operator.py
[2024-03-26T06:07:56.588+0000] {logging_mixin.py:151} INFO - [2024-03-26T06:07:56.588+0000] {dag.py:2915} INFO - Sync 1 DAGs
[2024-03-26T06:07:56.604+0000] {logging_mixin.py:151} INFO - [2024-03-26T06:07:56.604+0000] {dag.py:3696} INFO - Setting next_dagrun for example_python_operator to None, run_after=None
[2024-03-26T06:07:56.628+0000] {processor.py:179} INFO - Processing /home/airflow/.local/lib/python3.8/site-packages/airflow/example_dags/example_python_operator.py took 0.090 seconds
[2024-03-26T06:08:27.481+0000] {processor.py:157} INFO - Started process (PID=519) to work on /home/airflow/.local/lib/python3.8/site-packages/airflow/example_dags/example_python_operator.py
[2024-03-26T06:08:27.483+0000] {processor.py:829} INFO - Processing file /home/airflow/.local/lib/python3.8/site-packages/airflow/example_dags/example_python_operator.py for tasks to queue
[2024-03-26T06:08:27.486+0000] {logging_mixin.py:151} INFO - [2024-03-26T06:08:27.486+0000] {dagbag.py:539} INFO - Filling up the DagBag from /home/airflow/.local/lib/python3.8/site-packages/airflow/example_dags/example_python_operator.py
[2024-03-26T06:08:27.500+0000] {processor.py:839} INFO - DAG(s) dict_keys(['example_python_operator']) retrieved from /home/airflow/.local/lib/python3.8/site-packages/airflow/example_dags/example_python_operator.py
[2024-03-26T06:08:27.531+0000] {logging_mixin.py:151} INFO - [2024-03-26T06:08:27.531+0000] {dag.py:2915} INFO - Sync 1 DAGs
[2024-03-26T06:08:27.547+0000] {logging_mixin.py:151} INFO - [2024-03-26T06:08:27.546+0000] {dag.py:3696} INFO - Setting next_dagrun for example_python_operator to None, run_after=None
[2024-03-26T06:08:27.574+0000] {processor.py:179} INFO - Processing /home/airflow/.local/lib/python3.8/site-packages/airflow/example_dags/example_python_operator.py took 0.097 seconds
[2024-03-26T06:08:57.977+0000] {processor.py:157} INFO - Started process (PID=573) to work on /home/airflow/.local/lib/python3.8/site-packages/airflow/example_dags/example_python_operator.py
[2024-03-26T06:08:57.979+0000] {processor.py:829} INFO - Processing file /home/airflow/.local/lib/python3.8/site-packages/airflow/example_dags/example_python_operator.py for tasks to queue
[2024-03-26T06:08:57.982+0000] {logging_mixin.py:151} INFO - [2024-03-26T06:08:57.981+0000] {dagbag.py:539} INFO - Filling up the DagBag from /home/airflow/.local/lib/python3.8/site-packages/airflow/example_dags/example_python_operator.py
[2024-03-26T06:08:57.994+0000] {processor.py:839} INFO - DAG(s) dict_keys(['example_python_operator']) retrieved from /home/airflow/.local/lib/python3.8/site-packages/airflow/example_dags/example_python_operator.py
[2024-03-26T06:08:58.022+0000] {logging_mixin.py:151} INFO - [2024-03-26T06:08:58.022+0000] {dag.py:2915} INFO - Sync 1 DAGs
[2024-03-26T06:08:58.036+0000] {logging_mixin.py:151} INFO - [2024-03-26T06:08:58.036+0000] {dag.py:3696} INFO - Setting next_dagrun for example_python_operator to None, run_after=None
[2024-03-26T06:08:58.091+0000] {processor.py:179} INFO - Processing /home/airflow/.local/lib/python3.8/site-packages/airflow/example_dags/example_python_operator.py took 0.118 seconds
[2024-03-26T06:09:28.969+0000] {processor.py:157} INFO - Started process (PID=627) to work on /home/airflow/.local/lib/python3.8/site-packages/airflow/example_dags/example_python_operator.py
[2024-03-26T06:09:28.970+0000] {processor.py:829} INFO - Processing file /home/airflow/.local/lib/python3.8/site-packages/airflow/example_dags/example_python_operator.py for tasks to queue
[2024-03-26T06:09:28.973+0000] {logging_mixin.py:151} INFO - [2024-03-26T06:09:28.973+0000] {dagbag.py:539} INFO - Filling up the DagBag from /home/airflow/.local/lib/python3.8/site-packages/airflow/example_dags/example_python_operator.py
[2024-03-26T06:09:28.988+0000] {processor.py:839} INFO - DAG(s) dict_keys(['example_python_operator']) retrieved from /home/airflow/.local/lib/python3.8/site-packages/airflow/example_dags/example_python_operator.py
[2024-03-26T06:09:29.019+0000] {logging_mixin.py:151} INFO - [2024-03-26T06:09:29.019+0000] {dag.py:2915} INFO - Sync 1 DAGs
[2024-03-26T06:09:29.036+0000] {logging_mixin.py:151} INFO - [2024-03-26T06:09:29.036+0000] {dag.py:3696} INFO - Setting next_dagrun for example_python_operator to None, run_after=None
[2024-03-26T06:09:29.059+0000] {processor.py:179} INFO - Processing /home/airflow/.local/lib/python3.8/site-packages/airflow/example_dags/example_python_operator.py took 0.094 seconds
[2024-03-26T06:09:59.691+0000] {processor.py:157} INFO - Started process (PID=681) to work on /home/airflow/.local/lib/python3.8/site-packages/airflow/example_dags/example_python_operator.py
[2024-03-26T06:09:59.692+0000] {processor.py:829} INFO - Processing file /home/airflow/.local/lib/python3.8/site-packages/airflow/example_dags/example_python_operator.py for tasks to queue
[2024-03-26T06:09:59.695+0000] {logging_mixin.py:151} INFO - [2024-03-26T06:09:59.695+0000] {dagbag.py:539} INFO - Filling up the DagBag from /home/airflow/.local/lib/python3.8/site-packages/airflow/example_dags/example_python_operator.py
[2024-03-26T06:09:59.707+0000] {processor.py:839} INFO - DAG(s) dict_keys(['example_python_operator']) retrieved from /home/airflow/.local/lib/python3.8/site-packages/airflow/example_dags/example_python_operator.py
[2024-03-26T06:09:59.736+0000] {logging_mixin.py:151} INFO - [2024-03-26T06:09:59.736+0000] {dag.py:2915} INFO - Sync 1 DAGs
[2024-03-26T06:09:59.751+0000] {logging_mixin.py:151} INFO - [2024-03-26T06:09:59.750+0000] {dag.py:3696} INFO - Setting next_dagrun for example_python_operator to None, run_after=None
[2024-03-26T06:09:59.774+0000] {processor.py:179} INFO - Processing /home/airflow/.local/lib/python3.8/site-packages/airflow/example_dags/example_python_operator.py took 0.087 seconds
[2024-03-26T06:10:30.335+0000] {processor.py:157} INFO - Started process (PID=735) to work on /home/airflow/.local/lib/python3.8/site-packages/airflow/example_dags/example_python_operator.py
[2024-03-26T06:10:30.337+0000] {processor.py:829} INFO - Processing file /home/airflow/.local/lib/python3.8/site-packages/airflow/example_dags/example_python_operator.py for tasks to queue
[2024-03-26T06:10:30.341+0000] {logging_mixin.py:151} INFO - [2024-03-26T06:10:30.340+0000] {dagbag.py:539} INFO - Filling up the DagBag from /home/airflow/.local/lib/python3.8/site-packages/airflow/example_dags/example_python_operator.py
[2024-03-26T06:10:30.355+0000] {processor.py:839} INFO - DAG(s) dict_keys(['example_python_operator']) retrieved from /home/airflow/.local/lib/python3.8/site-packages/airflow/example_dags/example_python_operator.py
[2024-03-26T06:10:30.383+0000] {logging_mixin.py:151} INFO - [2024-03-26T06:10:30.383+0000] {dag.py:2915} INFO - Sync 1 DAGs
[2024-03-26T06:10:30.397+0000] {logging_mixin.py:151} INFO - [2024-03-26T06:10:30.397+0000] {dag.py:3696} INFO - Setting next_dagrun for example_python_operator to None, run_after=None
[2024-03-26T06:10:30.422+0000] {processor.py:179} INFO - Processing /home/airflow/.local/lib/python3.8/site-packages/airflow/example_dags/example_python_operator.py took 0.091 seconds
[2024-03-26T06:11:00.768+0000] {processor.py:157} INFO - Started process (PID=789) to work on /home/airflow/.local/lib/python3.8/site-packages/airflow/example_dags/example_python_operator.py
[2024-03-26T06:11:00.769+0000] {processor.py:829} INFO - Processing file /home/airflow/.local/lib/python3.8/site-packages/airflow/example_dags/example_python_operator.py for tasks to queue
[2024-03-26T06:11:00.772+0000] {logging_mixin.py:151} INFO - [2024-03-26T06:11:00.772+0000] {dagbag.py:539} INFO - Filling up the DagBag from /home/airflow/.local/lib/python3.8/site-packages/airflow/example_dags/example_python_operator.py
[2024-03-26T06:11:00.783+0000] {processor.py:839} INFO - DAG(s) dict_keys(['example_python_operator']) retrieved from /home/airflow/.local/lib/python3.8/site-packages/airflow/example_dags/example_python_operator.py
[2024-03-26T06:11:00.811+0000] {logging_mixin.py:151} INFO - [2024-03-26T06:11:00.811+0000] {dag.py:2915} INFO - Sync 1 DAGs
[2024-03-26T06:11:00.827+0000] {logging_mixin.py:151} INFO - [2024-03-26T06:11:00.827+0000] {dag.py:3696} INFO - Setting next_dagrun for example_python_operator to None, run_after=None
[2024-03-26T06:11:00.853+0000] {processor.py:179} INFO - Processing /home/airflow/.local/lib/python3.8/site-packages/airflow/example_dags/example_python_operator.py took 0.089 seconds
[2024-03-26T06:11:31.712+0000] {processor.py:157} INFO - Started process (PID=843) to work on /home/airflow/.local/lib/python3.8/site-packages/airflow/example_dags/example_python_operator.py
[2024-03-26T06:11:31.714+0000] {processor.py:829} INFO - Processing file /home/airflow/.local/lib/python3.8/site-packages/airflow/example_dags/example_python_operator.py for tasks to queue
[2024-03-26T06:11:31.716+0000] {logging_mixin.py:151} INFO - [2024-03-26T06:11:31.716+0000] {dagbag.py:539} INFO - Filling up the DagBag from /home/airflow/.local/lib/python3.8/site-packages/airflow/example_dags/example_python_operator.py
[2024-03-26T06:11:31.727+0000] {processor.py:839} INFO - DAG(s) dict_keys(['example_python_operator']) retrieved from /home/airflow/.local/lib/python3.8/site-packages/airflow/example_dags/example_python_operator.py
[2024-03-26T06:11:31.752+0000] {logging_mixin.py:151} INFO - [2024-03-26T06:11:31.752+0000] {dag.py:2915} INFO - Sync 1 DAGs
[2024-03-26T06:11:31.766+0000] {logging_mixin.py:151} INFO - [2024-03-26T06:11:31.766+0000] {dag.py:3696} INFO - Setting next_dagrun for example_python_operator to None, run_after=None
[2024-03-26T06:11:31.786+0000] {processor.py:179} INFO - Processing /home/airflow/.local/lib/python3.8/site-packages/airflow/example_dags/example_python_operator.py took 0.077 seconds
[2024-03-26T06:12:02.591+0000] {processor.py:157} INFO - Started process (PID=897) to work on /home/airflow/.local/lib/python3.8/site-packages/airflow/example_dags/example_python_operator.py
[2024-03-26T06:12:02.592+0000] {processor.py:829} INFO - Processing file /home/airflow/.local/lib/python3.8/site-packages/airflow/example_dags/example_python_operator.py for tasks to queue
[2024-03-26T06:12:02.596+0000] {logging_mixin.py:151} INFO - [2024-03-26T06:12:02.595+0000] {dagbag.py:539} INFO - Filling up the DagBag from /home/airflow/.local/lib/python3.8/site-packages/airflow/example_dags/example_python_operator.py
[2024-03-26T06:12:02.609+0000] {processor.py:839} INFO - DAG(s) dict_keys(['example_python_operator']) retrieved from /home/airflow/.local/lib/python3.8/site-packages/airflow/example_dags/example_python_operator.py
[2024-03-26T06:12:02.639+0000] {logging_mixin.py:151} INFO - [2024-03-26T06:12:02.639+0000] {dag.py:2915} INFO - Sync 1 DAGs
[2024-03-26T06:12:02.657+0000] {logging_mixin.py:151} INFO - [2024-03-26T06:12:02.657+0000] {dag.py:3696} INFO - Setting next_dagrun for example_python_operator to None, run_after=None
[2024-03-26T06:12:02.687+0000] {processor.py:179} INFO - Processing /home/airflow/.local/lib/python3.8/site-packages/airflow/example_dags/example_python_operator.py took 0.100 seconds
[2024-03-26T06:12:33.275+0000] {processor.py:157} INFO - Started process (PID=951) to work on /home/airflow/.local/lib/python3.8/site-packages/airflow/example_dags/example_python_operator.py
[2024-03-26T06:12:33.276+0000] {processor.py:829} INFO - Processing file /home/airflow/.local/lib/python3.8/site-packages/airflow/example_dags/example_python_operator.py for tasks to queue
[2024-03-26T06:12:33.279+0000] {logging_mixin.py:151} INFO - [2024-03-26T06:12:33.279+0000] {dagbag.py:539} INFO - Filling up the DagBag from /home/airflow/.local/lib/python3.8/site-packages/airflow/example_dags/example_python_operator.py
[2024-03-26T06:12:33.290+0000] {processor.py:839} INFO - DAG(s) dict_keys(['example_python_operator']) retrieved from /home/airflow/.local/lib/python3.8/site-packages/airflow/example_dags/example_python_operator.py
[2024-03-26T06:12:33.316+0000] {logging_mixin.py:151} INFO - [2024-03-26T06:12:33.316+0000] {dag.py:2915} INFO - Sync 1 DAGs
[2024-03-26T06:12:33.330+0000] {logging_mixin.py:151} INFO - [2024-03-26T06:12:33.330+0000] {dag.py:3696} INFO - Setting next_dagrun for example_python_operator to None, run_after=None
[2024-03-26T06:12:33.356+0000] {processor.py:179} INFO - Processing /home/airflow/.local/lib/python3.8/site-packages/airflow/example_dags/example_python_operator.py took 0.085 seconds
[2024-03-26T06:19:10.947+0000] {processor.py:157} INFO - Started process (PID=1029) to work on /home/airflow/.local/lib/python3.8/site-packages/airflow/example_dags/example_python_operator.py
[2024-03-26T06:19:10.949+0000] {processor.py:829} INFO - Processing file /home/airflow/.local/lib/python3.8/site-packages/airflow/example_dags/example_python_operator.py for tasks to queue
[2024-03-26T06:19:10.954+0000] {logging_mixin.py:151} INFO - [2024-03-26T06:19:10.954+0000] {dagbag.py:539} INFO - Filling up the DagBag from /home/airflow/.local/lib/python3.8/site-packages/airflow/example_dags/example_python_operator.py
[2024-03-26T06:19:10.969+0000] {processor.py:839} INFO - DAG(s) dict_keys(['example_python_operator']) retrieved from /home/airflow/.local/lib/python3.8/site-packages/airflow/example_dags/example_python_operator.py
[2024-03-26T06:19:11.005+0000] {logging_mixin.py:151} INFO - [2024-03-26T06:19:11.005+0000] {dag.py:2915} INFO - Sync 1 DAGs
[2024-03-26T06:19:11.023+0000] {logging_mixin.py:151} INFO - [2024-03-26T06:19:11.022+0000] {dag.py:3696} INFO - Setting next_dagrun for example_python_operator to None, run_after=None
[2024-03-26T06:19:11.053+0000] {processor.py:179} INFO - Processing /home/airflow/.local/lib/python3.8/site-packages/airflow/example_dags/example_python_operator.py took 0.110 seconds
[2024-03-26T06:19:41.315+0000] {processor.py:157} INFO - Started process (PID=1083) to work on /home/airflow/.local/lib/python3.8/site-packages/airflow/example_dags/example_python_operator.py
[2024-03-26T06:19:41.316+0000] {processor.py:829} INFO - Processing file /home/airflow/.local/lib/python3.8/site-packages/airflow/example_dags/example_python_operator.py for tasks to queue
[2024-03-26T06:19:41.320+0000] {logging_mixin.py:151} INFO - [2024-03-26T06:19:41.320+0000] {dagbag.py:539} INFO - Filling up the DagBag from /home/airflow/.local/lib/python3.8/site-packages/airflow/example_dags/example_python_operator.py
[2024-03-26T06:19:41.335+0000] {processor.py:839} INFO - DAG(s) dict_keys(['example_python_operator']) retrieved from /home/airflow/.local/lib/python3.8/site-packages/airflow/example_dags/example_python_operator.py
[2024-03-26T06:19:41.369+0000] {logging_mixin.py:151} INFO - [2024-03-26T06:19:41.368+0000] {dag.py:2915} INFO - Sync 1 DAGs
[2024-03-26T06:19:41.389+0000] {logging_mixin.py:151} INFO - [2024-03-26T06:19:41.388+0000] {dag.py:3696} INFO - Setting next_dagrun for example_python_operator to None, run_after=None
[2024-03-26T06:19:41.428+0000] {processor.py:179} INFO - Processing /home/airflow/.local/lib/python3.8/site-packages/airflow/example_dags/example_python_operator.py took 0.118 seconds
[2024-03-26T06:20:11.946+0000] {processor.py:157} INFO - Started process (PID=1137) to work on /home/airflow/.local/lib/python3.8/site-packages/airflow/example_dags/example_python_operator.py
[2024-03-26T06:20:11.948+0000] {processor.py:829} INFO - Processing file /home/airflow/.local/lib/python3.8/site-packages/airflow/example_dags/example_python_operator.py for tasks to queue
[2024-03-26T06:20:11.951+0000] {logging_mixin.py:151} INFO - [2024-03-26T06:20:11.951+0000] {dagbag.py:539} INFO - Filling up the DagBag from /home/airflow/.local/lib/python3.8/site-packages/airflow/example_dags/example_python_operator.py
[2024-03-26T06:20:11.966+0000] {processor.py:839} INFO - DAG(s) dict_keys(['example_python_operator']) retrieved from /home/airflow/.local/lib/python3.8/site-packages/airflow/example_dags/example_python_operator.py
[2024-03-26T06:20:11.998+0000] {logging_mixin.py:151} INFO - [2024-03-26T06:20:11.997+0000] {dag.py:2915} INFO - Sync 1 DAGs
[2024-03-26T06:20:12.015+0000] {logging_mixin.py:151} INFO - [2024-03-26T06:20:12.014+0000] {dag.py:3696} INFO - Setting next_dagrun for example_python_operator to None, run_after=None
[2024-03-26T06:20:12.041+0000] {processor.py:179} INFO - Processing /home/airflow/.local/lib/python3.8/site-packages/airflow/example_dags/example_python_operator.py took 0.100 seconds
[2024-03-26T06:20:42.820+0000] {processor.py:157} INFO - Started process (PID=1191) to work on /home/airflow/.local/lib/python3.8/site-packages/airflow/example_dags/example_python_operator.py
[2024-03-26T06:20:42.821+0000] {processor.py:829} INFO - Processing file /home/airflow/.local/lib/python3.8/site-packages/airflow/example_dags/example_python_operator.py for tasks to queue
[2024-03-26T06:20:42.824+0000] {logging_mixin.py:151} INFO - [2024-03-26T06:20:42.824+0000] {dagbag.py:539} INFO - Filling up the DagBag from /home/airflow/.local/lib/python3.8/site-packages/airflow/example_dags/example_python_operator.py
[2024-03-26T06:20:42.838+0000] {processor.py:839} INFO - DAG(s) dict_keys(['example_python_operator']) retrieved from /home/airflow/.local/lib/python3.8/site-packages/airflow/example_dags/example_python_operator.py
[2024-03-26T06:20:42.865+0000] {logging_mixin.py:151} INFO - [2024-03-26T06:20:42.865+0000] {dag.py:2915} INFO - Sync 1 DAGs
[2024-03-26T06:20:42.879+0000] {logging_mixin.py:151} INFO - [2024-03-26T06:20:42.879+0000] {dag.py:3696} INFO - Setting next_dagrun for example_python_operator to None, run_after=None
[2024-03-26T06:20:42.911+0000] {processor.py:179} INFO - Processing /home/airflow/.local/lib/python3.8/site-packages/airflow/example_dags/example_python_operator.py took 0.094 seconds
[2024-03-26T06:21:12.974+0000] {processor.py:157} INFO - Started process (PID=1245) to work on /home/airflow/.local/lib/python3.8/site-packages/airflow/example_dags/example_python_operator.py
[2024-03-26T06:21:12.976+0000] {processor.py:829} INFO - Processing file /home/airflow/.local/lib/python3.8/site-packages/airflow/example_dags/example_python_operator.py for tasks to queue
[2024-03-26T06:21:12.979+0000] {logging_mixin.py:151} INFO - [2024-03-26T06:21:12.978+0000] {dagbag.py:539} INFO - Filling up the DagBag from /home/airflow/.local/lib/python3.8/site-packages/airflow/example_dags/example_python_operator.py
[2024-03-26T06:21:12.993+0000] {processor.py:839} INFO - DAG(s) dict_keys(['example_python_operator']) retrieved from /home/airflow/.local/lib/python3.8/site-packages/airflow/example_dags/example_python_operator.py
[2024-03-26T06:21:13.022+0000] {logging_mixin.py:151} INFO - [2024-03-26T06:21:13.022+0000] {dag.py:2915} INFO - Sync 1 DAGs
[2024-03-26T06:21:13.037+0000] {logging_mixin.py:151} INFO - [2024-03-26T06:21:13.037+0000] {dag.py:3696} INFO - Setting next_dagrun for example_python_operator to None, run_after=None
[2024-03-26T06:21:13.060+0000] {processor.py:179} INFO - Processing /home/airflow/.local/lib/python3.8/site-packages/airflow/example_dags/example_python_operator.py took 0.092 seconds
[2024-03-26T06:21:43.915+0000] {processor.py:157} INFO - Started process (PID=1299) to work on /home/airflow/.local/lib/python3.8/site-packages/airflow/example_dags/example_python_operator.py
[2024-03-26T06:21:43.916+0000] {processor.py:829} INFO - Processing file /home/airflow/.local/lib/python3.8/site-packages/airflow/example_dags/example_python_operator.py for tasks to queue
[2024-03-26T06:21:43.919+0000] {logging_mixin.py:151} INFO - [2024-03-26T06:21:43.919+0000] {dagbag.py:539} INFO - Filling up the DagBag from /home/airflow/.local/lib/python3.8/site-packages/airflow/example_dags/example_python_operator.py
[2024-03-26T06:21:43.934+0000] {processor.py:839} INFO - DAG(s) dict_keys(['example_python_operator']) retrieved from /home/airflow/.local/lib/python3.8/site-packages/airflow/example_dags/example_python_operator.py
[2024-03-26T06:21:43.970+0000] {logging_mixin.py:151} INFO - [2024-03-26T06:21:43.969+0000] {dag.py:2915} INFO - Sync 1 DAGs
[2024-03-26T06:21:43.985+0000] {logging_mixin.py:151} INFO - [2024-03-26T06:21:43.985+0000] {dag.py:3696} INFO - Setting next_dagrun for example_python_operator to None, run_after=None
[2024-03-26T06:21:44.008+0000] {processor.py:179} INFO - Processing /home/airflow/.local/lib/python3.8/site-packages/airflow/example_dags/example_python_operator.py took 0.097 seconds
[2024-03-26T06:22:14.424+0000] {processor.py:157} INFO - Started process (PID=1353) to work on /home/airflow/.local/lib/python3.8/site-packages/airflow/example_dags/example_python_operator.py
[2024-03-26T06:22:14.425+0000] {processor.py:829} INFO - Processing file /home/airflow/.local/lib/python3.8/site-packages/airflow/example_dags/example_python_operator.py for tasks to queue
[2024-03-26T06:22:14.428+0000] {logging_mixin.py:151} INFO - [2024-03-26T06:22:14.428+0000] {dagbag.py:539} INFO - Filling up the DagBag from /home/airflow/.local/lib/python3.8/site-packages/airflow/example_dags/example_python_operator.py
[2024-03-26T06:22:14.440+0000] {processor.py:839} INFO - DAG(s) dict_keys(['example_python_operator']) retrieved from /home/airflow/.local/lib/python3.8/site-packages/airflow/example_dags/example_python_operator.py
[2024-03-26T06:22:14.471+0000] {logging_mixin.py:151} INFO - [2024-03-26T06:22:14.470+0000] {dag.py:2915} INFO - Sync 1 DAGs
[2024-03-26T06:22:14.486+0000] {logging_mixin.py:151} INFO - [2024-03-26T06:22:14.486+0000] {dag.py:3696} INFO - Setting next_dagrun for example_python_operator to None, run_after=None
[2024-03-26T06:22:14.510+0000] {processor.py:179} INFO - Processing /home/airflow/.local/lib/python3.8/site-packages/airflow/example_dags/example_python_operator.py took 0.089 seconds
[2024-03-26T06:22:45.159+0000] {processor.py:157} INFO - Started process (PID=1407) to work on /home/airflow/.local/lib/python3.8/site-packages/airflow/example_dags/example_python_operator.py
[2024-03-26T06:22:45.161+0000] {processor.py:829} INFO - Processing file /home/airflow/.local/lib/python3.8/site-packages/airflow/example_dags/example_python_operator.py for tasks to queue
[2024-03-26T06:22:45.164+0000] {logging_mixin.py:151} INFO - [2024-03-26T06:22:45.164+0000] {dagbag.py:539} INFO - Filling up the DagBag from /home/airflow/.local/lib/python3.8/site-packages/airflow/example_dags/example_python_operator.py
[2024-03-26T06:22:45.186+0000] {processor.py:839} INFO - DAG(s) dict_keys(['example_python_operator']) retrieved from /home/airflow/.local/lib/python3.8/site-packages/airflow/example_dags/example_python_operator.py
[2024-03-26T06:22:45.230+0000] {logging_mixin.py:151} INFO - [2024-03-26T06:22:45.230+0000] {dag.py:2915} INFO - Sync 1 DAGs
[2024-03-26T06:22:45.249+0000] {logging_mixin.py:151} INFO - [2024-03-26T06:22:45.249+0000] {dag.py:3696} INFO - Setting next_dagrun for example_python_operator to None, run_after=None
[2024-03-26T06:22:45.274+0000] {processor.py:179} INFO - Processing /home/airflow/.local/lib/python3.8/site-packages/airflow/example_dags/example_python_operator.py took 0.122 seconds
[2024-03-26T06:23:15.715+0000] {processor.py:157} INFO - Started process (PID=1461) to work on /home/airflow/.local/lib/python3.8/site-packages/airflow/example_dags/example_python_operator.py
[2024-03-26T06:23:15.717+0000] {processor.py:829} INFO - Processing file /home/airflow/.local/lib/python3.8/site-packages/airflow/example_dags/example_python_operator.py for tasks to queue
[2024-03-26T06:23:15.720+0000] {logging_mixin.py:151} INFO - [2024-03-26T06:23:15.720+0000] {dagbag.py:539} INFO - Filling up the DagBag from /home/airflow/.local/lib/python3.8/site-packages/airflow/example_dags/example_python_operator.py
[2024-03-26T06:23:15.736+0000] {processor.py:839} INFO - DAG(s) dict_keys(['example_python_operator']) retrieved from /home/airflow/.local/lib/python3.8/site-packages/airflow/example_dags/example_python_operator.py
[2024-03-26T06:23:15.772+0000] {logging_mixin.py:151} INFO - [2024-03-26T06:23:15.772+0000] {dag.py:2915} INFO - Sync 1 DAGs
[2024-03-26T06:23:15.789+0000] {logging_mixin.py:151} INFO - [2024-03-26T06:23:15.788+0000] {dag.py:3696} INFO - Setting next_dagrun for example_python_operator to None, run_after=None
[2024-03-26T06:23:15.815+0000] {processor.py:179} INFO - Processing /home/airflow/.local/lib/python3.8/site-packages/airflow/example_dags/example_python_operator.py took 0.107 seconds
[2024-03-26T06:23:46.431+0000] {processor.py:157} INFO - Started process (PID=1515) to work on /home/airflow/.local/lib/python3.8/site-packages/airflow/example_dags/example_python_operator.py
[2024-03-26T06:23:46.432+0000] {processor.py:829} INFO - Processing file /home/airflow/.local/lib/python3.8/site-packages/airflow/example_dags/example_python_operator.py for tasks to queue
[2024-03-26T06:23:46.436+0000] {logging_mixin.py:151} INFO - [2024-03-26T06:23:46.435+0000] {dagbag.py:539} INFO - Filling up the DagBag from /home/airflow/.local/lib/python3.8/site-packages/airflow/example_dags/example_python_operator.py
[2024-03-26T06:23:46.449+0000] {processor.py:839} INFO - DAG(s) dict_keys(['example_python_operator']) retrieved from /home/airflow/.local/lib/python3.8/site-packages/airflow/example_dags/example_python_operator.py
[2024-03-26T06:23:46.477+0000] {logging_mixin.py:151} INFO - [2024-03-26T06:23:46.477+0000] {dag.py:2915} INFO - Sync 1 DAGs
[2024-03-26T06:23:46.494+0000] {logging_mixin.py:151} INFO - [2024-03-26T06:23:46.494+0000] {dag.py:3696} INFO - Setting next_dagrun for example_python_operator to None, run_after=None
[2024-03-26T06:23:46.518+0000] {processor.py:179} INFO - Processing /home/airflow/.local/lib/python3.8/site-packages/airflow/example_dags/example_python_operator.py took 0.091 seconds
[2024-03-26T06:24:17.068+0000] {processor.py:157} INFO - Started process (PID=1569) to work on /home/airflow/.local/lib/python3.8/site-packages/airflow/example_dags/example_python_operator.py
[2024-03-26T06:24:17.070+0000] {processor.py:829} INFO - Processing file /home/airflow/.local/lib/python3.8/site-packages/airflow/example_dags/example_python_operator.py for tasks to queue
[2024-03-26T06:24:17.072+0000] {logging_mixin.py:151} INFO - [2024-03-26T06:24:17.072+0000] {dagbag.py:539} INFO - Filling up the DagBag from /home/airflow/.local/lib/python3.8/site-packages/airflow/example_dags/example_python_operator.py
[2024-03-26T06:24:17.084+0000] {processor.py:839} INFO - DAG(s) dict_keys(['example_python_operator']) retrieved from /home/airflow/.local/lib/python3.8/site-packages/airflow/example_dags/example_python_operator.py
[2024-03-26T06:24:17.109+0000] {logging_mixin.py:151} INFO - [2024-03-26T06:24:17.108+0000] {dag.py:2915} INFO - Sync 1 DAGs
[2024-03-26T06:24:17.123+0000] {logging_mixin.py:151} INFO - [2024-03-26T06:24:17.122+0000] {dag.py:3696} INFO - Setting next_dagrun for example_python_operator to None, run_after=None
[2024-03-26T06:24:17.145+0000] {processor.py:179} INFO - Processing /home/airflow/.local/lib/python3.8/site-packages/airflow/example_dags/example_python_operator.py took 0.080 seconds
[2024-03-26T06:24:47.718+0000] {processor.py:157} INFO - Started process (PID=1623) to work on /home/airflow/.local/lib/python3.8/site-packages/airflow/example_dags/example_python_operator.py
[2024-03-26T06:24:47.719+0000] {processor.py:829} INFO - Processing file /home/airflow/.local/lib/python3.8/site-packages/airflow/example_dags/example_python_operator.py for tasks to queue
[2024-03-26T06:24:47.722+0000] {logging_mixin.py:151} INFO - [2024-03-26T06:24:47.721+0000] {dagbag.py:539} INFO - Filling up the DagBag from /home/airflow/.local/lib/python3.8/site-packages/airflow/example_dags/example_python_operator.py
[2024-03-26T06:24:47.732+0000] {processor.py:839} INFO - DAG(s) dict_keys(['example_python_operator']) retrieved from /home/airflow/.local/lib/python3.8/site-packages/airflow/example_dags/example_python_operator.py
[2024-03-26T06:24:47.759+0000] {logging_mixin.py:151} INFO - [2024-03-26T06:24:47.759+0000] {dag.py:2915} INFO - Sync 1 DAGs
[2024-03-26T06:24:47.773+0000] {logging_mixin.py:151} INFO - [2024-03-26T06:24:47.773+0000] {dag.py:3696} INFO - Setting next_dagrun for example_python_operator to None, run_after=None
[2024-03-26T06:24:47.798+0000] {processor.py:179} INFO - Processing /home/airflow/.local/lib/python3.8/site-packages/airflow/example_dags/example_python_operator.py took 0.084 seconds
[2024-03-26T06:25:18.211+0000] {processor.py:157} INFO - Started process (PID=1677) to work on /home/airflow/.local/lib/python3.8/site-packages/airflow/example_dags/example_python_operator.py
[2024-03-26T06:25:18.212+0000] {processor.py:829} INFO - Processing file /home/airflow/.local/lib/python3.8/site-packages/airflow/example_dags/example_python_operator.py for tasks to queue
[2024-03-26T06:25:18.216+0000] {logging_mixin.py:151} INFO - [2024-03-26T06:25:18.215+0000] {dagbag.py:539} INFO - Filling up the DagBag from /home/airflow/.local/lib/python3.8/site-packages/airflow/example_dags/example_python_operator.py
[2024-03-26T06:25:18.230+0000] {processor.py:839} INFO - DAG(s) dict_keys(['example_python_operator']) retrieved from /home/airflow/.local/lib/python3.8/site-packages/airflow/example_dags/example_python_operator.py
[2024-03-26T06:25:18.260+0000] {logging_mixin.py:151} INFO - [2024-03-26T06:25:18.260+0000] {dag.py:2915} INFO - Sync 1 DAGs
[2024-03-26T06:25:18.275+0000] {logging_mixin.py:151} INFO - [2024-03-26T06:25:18.275+0000] {dag.py:3696} INFO - Setting next_dagrun for example_python_operator to None, run_after=None
[2024-03-26T06:25:18.300+0000] {processor.py:179} INFO - Processing /home/airflow/.local/lib/python3.8/site-packages/airflow/example_dags/example_python_operator.py took 0.093 seconds
[2024-03-26T06:25:48.600+0000] {processor.py:157} INFO - Started process (PID=1731) to work on /home/airflow/.local/lib/python3.8/site-packages/airflow/example_dags/example_python_operator.py
[2024-03-26T06:25:48.602+0000] {processor.py:829} INFO - Processing file /home/airflow/.local/lib/python3.8/site-packages/airflow/example_dags/example_python_operator.py for tasks to queue
[2024-03-26T06:25:48.605+0000] {logging_mixin.py:151} INFO - [2024-03-26T06:25:48.605+0000] {dagbag.py:539} INFO - Filling up the DagBag from /home/airflow/.local/lib/python3.8/site-packages/airflow/example_dags/example_python_operator.py
[2024-03-26T06:25:48.616+0000] {processor.py:839} INFO - DAG(s) dict_keys(['example_python_operator']) retrieved from /home/airflow/.local/lib/python3.8/site-packages/airflow/example_dags/example_python_operator.py
[2024-03-26T06:25:48.646+0000] {logging_mixin.py:151} INFO - [2024-03-26T06:25:48.646+0000] {dag.py:2915} INFO - Sync 1 DAGs
[2024-03-26T06:25:48.660+0000] {logging_mixin.py:151} INFO - [2024-03-26T06:25:48.660+0000] {dag.py:3696} INFO - Setting next_dagrun for example_python_operator to None, run_after=None
[2024-03-26T06:25:48.685+0000] {processor.py:179} INFO - Processing /home/airflow/.local/lib/python3.8/site-packages/airflow/example_dags/example_python_operator.py took 0.088 seconds
[2024-03-26T06:26:19.285+0000] {processor.py:157} INFO - Started process (PID=1785) to work on /home/airflow/.local/lib/python3.8/site-packages/airflow/example_dags/example_python_operator.py
[2024-03-26T06:26:19.286+0000] {processor.py:829} INFO - Processing file /home/airflow/.local/lib/python3.8/site-packages/airflow/example_dags/example_python_operator.py for tasks to queue
[2024-03-26T06:26:19.290+0000] {logging_mixin.py:151} INFO - [2024-03-26T06:26:19.289+0000] {dagbag.py:539} INFO - Filling up the DagBag from /home/airflow/.local/lib/python3.8/site-packages/airflow/example_dags/example_python_operator.py
[2024-03-26T06:26:19.302+0000] {processor.py:839} INFO - DAG(s) dict_keys(['example_python_operator']) retrieved from /home/airflow/.local/lib/python3.8/site-packages/airflow/example_dags/example_python_operator.py
[2024-03-26T06:26:19.331+0000] {logging_mixin.py:151} INFO - [2024-03-26T06:26:19.331+0000] {dag.py:2915} INFO - Sync 1 DAGs
[2024-03-26T06:26:19.346+0000] {logging_mixin.py:151} INFO - [2024-03-26T06:26:19.346+0000] {dag.py:3696} INFO - Setting next_dagrun for example_python_operator to None, run_after=None
[2024-03-26T06:26:19.368+0000] {processor.py:179} INFO - Processing /home/airflow/.local/lib/python3.8/site-packages/airflow/example_dags/example_python_operator.py took 0.088 seconds
[2024-03-26T06:26:49.690+0000] {processor.py:157} INFO - Started process (PID=1839) to work on /home/airflow/.local/lib/python3.8/site-packages/airflow/example_dags/example_python_operator.py
[2024-03-26T06:26:49.691+0000] {processor.py:829} INFO - Processing file /home/airflow/.local/lib/python3.8/site-packages/airflow/example_dags/example_python_operator.py for tasks to queue
[2024-03-26T06:26:49.694+0000] {logging_mixin.py:151} INFO - [2024-03-26T06:26:49.694+0000] {dagbag.py:539} INFO - Filling up the DagBag from /home/airflow/.local/lib/python3.8/site-packages/airflow/example_dags/example_python_operator.py
[2024-03-26T06:26:49.709+0000] {processor.py:839} INFO - DAG(s) dict_keys(['example_python_operator']) retrieved from /home/airflow/.local/lib/python3.8/site-packages/airflow/example_dags/example_python_operator.py
[2024-03-26T06:26:49.743+0000] {logging_mixin.py:151} INFO - [2024-03-26T06:26:49.743+0000] {dag.py:2915} INFO - Sync 1 DAGs
[2024-03-26T06:26:49.763+0000] {logging_mixin.py:151} INFO - [2024-03-26T06:26:49.763+0000] {dag.py:3696} INFO - Setting next_dagrun for example_python_operator to None, run_after=None
[2024-03-26T06:26:49.792+0000] {processor.py:179} INFO - Processing /home/airflow/.local/lib/python3.8/site-packages/airflow/example_dags/example_python_operator.py took 0.106 seconds
[2024-03-26T06:27:20.178+0000] {processor.py:157} INFO - Started process (PID=1893) to work on /home/airflow/.local/lib/python3.8/site-packages/airflow/example_dags/example_python_operator.py
[2024-03-26T06:27:20.180+0000] {processor.py:829} INFO - Processing file /home/airflow/.local/lib/python3.8/site-packages/airflow/example_dags/example_python_operator.py for tasks to queue
[2024-03-26T06:27:20.183+0000] {logging_mixin.py:151} INFO - [2024-03-26T06:27:20.183+0000] {dagbag.py:539} INFO - Filling up the DagBag from /home/airflow/.local/lib/python3.8/site-packages/airflow/example_dags/example_python_operator.py
[2024-03-26T06:27:20.195+0000] {processor.py:839} INFO - DAG(s) dict_keys(['example_python_operator']) retrieved from /home/airflow/.local/lib/python3.8/site-packages/airflow/example_dags/example_python_operator.py
[2024-03-26T06:27:20.226+0000] {logging_mixin.py:151} INFO - [2024-03-26T06:27:20.226+0000] {dag.py:2915} INFO - Sync 1 DAGs
[2024-03-26T06:27:20.243+0000] {logging_mixin.py:151} INFO - [2024-03-26T06:27:20.243+0000] {dag.py:3696} INFO - Setting next_dagrun for example_python_operator to None, run_after=None
[2024-03-26T06:27:20.272+0000] {processor.py:179} INFO - Processing /home/airflow/.local/lib/python3.8/site-packages/airflow/example_dags/example_python_operator.py took 0.099 seconds
[2024-03-26T06:27:51.743+0000] {processor.py:157} INFO - Started process (PID=1947) to work on /home/airflow/.local/lib/python3.8/site-packages/airflow/example_dags/example_python_operator.py
[2024-03-26T06:27:51.745+0000] {processor.py:829} INFO - Processing file /home/airflow/.local/lib/python3.8/site-packages/airflow/example_dags/example_python_operator.py for tasks to queue
[2024-03-26T06:27:51.750+0000] {logging_mixin.py:151} INFO - [2024-03-26T06:27:51.749+0000] {dagbag.py:539} INFO - Filling up the DagBag from /home/airflow/.local/lib/python3.8/site-packages/airflow/example_dags/example_python_operator.py
[2024-03-26T06:27:51.766+0000] {processor.py:839} INFO - DAG(s) dict_keys(['example_python_operator']) retrieved from /home/airflow/.local/lib/python3.8/site-packages/airflow/example_dags/example_python_operator.py
[2024-03-26T06:27:51.797+0000] {logging_mixin.py:151} INFO - [2024-03-26T06:27:51.797+0000] {dag.py:2915} INFO - Sync 1 DAGs
[2024-03-26T06:27:51.817+0000] {logging_mixin.py:151} INFO - [2024-03-26T06:27:51.817+0000] {dag.py:3696} INFO - Setting next_dagrun for example_python_operator to None, run_after=None
[2024-03-26T06:27:51.845+0000] {processor.py:179} INFO - Processing /home/airflow/.local/lib/python3.8/site-packages/airflow/example_dags/example_python_operator.py took 0.109 seconds
[2024-03-26T06:28:21.933+0000] {processor.py:157} INFO - Started process (PID=2001) to work on /home/airflow/.local/lib/python3.8/site-packages/airflow/example_dags/example_python_operator.py
[2024-03-26T06:28:21.935+0000] {processor.py:829} INFO - Processing file /home/airflow/.local/lib/python3.8/site-packages/airflow/example_dags/example_python_operator.py for tasks to queue
[2024-03-26T06:28:21.941+0000] {logging_mixin.py:151} INFO - [2024-03-26T06:28:21.939+0000] {dagbag.py:539} INFO - Filling up the DagBag from /home/airflow/.local/lib/python3.8/site-packages/airflow/example_dags/example_python_operator.py
[2024-03-26T06:28:21.959+0000] {processor.py:839} INFO - DAG(s) dict_keys(['example_python_operator']) retrieved from /home/airflow/.local/lib/python3.8/site-packages/airflow/example_dags/example_python_operator.py
[2024-03-26T06:28:21.998+0000] {logging_mixin.py:151} INFO - [2024-03-26T06:28:21.998+0000] {dag.py:2915} INFO - Sync 1 DAGs
[2024-03-26T06:28:22.014+0000] {logging_mixin.py:151} INFO - [2024-03-26T06:28:22.014+0000] {dag.py:3696} INFO - Setting next_dagrun for example_python_operator to None, run_after=None
[2024-03-26T06:28:22.051+0000] {processor.py:179} INFO - Processing /home/airflow/.local/lib/python3.8/site-packages/airflow/example_dags/example_python_operator.py took 0.123 seconds
[2024-03-26T06:28:52.249+0000] {processor.py:157} INFO - Started process (PID=2055) to work on /home/airflow/.local/lib/python3.8/site-packages/airflow/example_dags/example_python_operator.py
[2024-03-26T06:28:52.250+0000] {processor.py:829} INFO - Processing file /home/airflow/.local/lib/python3.8/site-packages/airflow/example_dags/example_python_operator.py for tasks to queue
[2024-03-26T06:28:52.253+0000] {logging_mixin.py:151} INFO - [2024-03-26T06:28:52.252+0000] {dagbag.py:539} INFO - Filling up the DagBag from /home/airflow/.local/lib/python3.8/site-packages/airflow/example_dags/example_python_operator.py
[2024-03-26T06:28:52.266+0000] {processor.py:839} INFO - DAG(s) dict_keys(['example_python_operator']) retrieved from /home/airflow/.local/lib/python3.8/site-packages/airflow/example_dags/example_python_operator.py
[2024-03-26T06:28:52.293+0000] {logging_mixin.py:151} INFO - [2024-03-26T06:28:52.293+0000] {dag.py:2915} INFO - Sync 1 DAGs
[2024-03-26T06:28:52.307+0000] {logging_mixin.py:151} INFO - [2024-03-26T06:28:52.307+0000] {dag.py:3696} INFO - Setting next_dagrun for example_python_operator to None, run_after=None
[2024-03-26T06:28:52.330+0000] {processor.py:179} INFO - Processing /home/airflow/.local/lib/python3.8/site-packages/airflow/example_dags/example_python_operator.py took 0.086 seconds
[2024-03-26T06:29:23.316+0000] {processor.py:157} INFO - Started process (PID=2109) to work on /home/airflow/.local/lib/python3.8/site-packages/airflow/example_dags/example_python_operator.py
[2024-03-26T06:29:23.318+0000] {processor.py:829} INFO - Processing file /home/airflow/.local/lib/python3.8/site-packages/airflow/example_dags/example_python_operator.py for tasks to queue
[2024-03-26T06:29:23.322+0000] {logging_mixin.py:151} INFO - [2024-03-26T06:29:23.321+0000] {dagbag.py:539} INFO - Filling up the DagBag from /home/airflow/.local/lib/python3.8/site-packages/airflow/example_dags/example_python_operator.py
[2024-03-26T06:29:23.336+0000] {processor.py:839} INFO - DAG(s) dict_keys(['example_python_operator']) retrieved from /home/airflow/.local/lib/python3.8/site-packages/airflow/example_dags/example_python_operator.py
[2024-03-26T06:29:23.366+0000] {logging_mixin.py:151} INFO - [2024-03-26T06:29:23.366+0000] {dag.py:2915} INFO - Sync 1 DAGs
[2024-03-26T06:29:23.384+0000] {logging_mixin.py:151} INFO - [2024-03-26T06:29:23.384+0000] {dag.py:3696} INFO - Setting next_dagrun for example_python_operator to None, run_after=None
[2024-03-26T06:29:23.406+0000] {processor.py:179} INFO - Processing /home/airflow/.local/lib/python3.8/site-packages/airflow/example_dags/example_python_operator.py took 0.094 seconds
[2024-03-26T06:29:54.422+0000] {processor.py:157} INFO - Started process (PID=2163) to work on /home/airflow/.local/lib/python3.8/site-packages/airflow/example_dags/example_python_operator.py
[2024-03-26T06:29:54.423+0000] {processor.py:829} INFO - Processing file /home/airflow/.local/lib/python3.8/site-packages/airflow/example_dags/example_python_operator.py for tasks to queue
[2024-03-26T06:29:54.426+0000] {logging_mixin.py:151} INFO - [2024-03-26T06:29:54.425+0000] {dagbag.py:539} INFO - Filling up the DagBag from /home/airflow/.local/lib/python3.8/site-packages/airflow/example_dags/example_python_operator.py
[2024-03-26T06:29:54.438+0000] {processor.py:839} INFO - DAG(s) dict_keys(['example_python_operator']) retrieved from /home/airflow/.local/lib/python3.8/site-packages/airflow/example_dags/example_python_operator.py
[2024-03-26T06:29:54.466+0000] {logging_mixin.py:151} INFO - [2024-03-26T06:29:54.466+0000] {dag.py:2915} INFO - Sync 1 DAGs
[2024-03-26T06:29:54.481+0000] {logging_mixin.py:151} INFO - [2024-03-26T06:29:54.480+0000] {dag.py:3696} INFO - Setting next_dagrun for example_python_operator to None, run_after=None
[2024-03-26T06:29:54.510+0000] {processor.py:179} INFO - Processing /home/airflow/.local/lib/python3.8/site-packages/airflow/example_dags/example_python_operator.py took 0.093 seconds
[2024-03-26T06:30:24.995+0000] {processor.py:157} INFO - Started process (PID=2217) to work on /home/airflow/.local/lib/python3.8/site-packages/airflow/example_dags/example_python_operator.py
[2024-03-26T06:30:24.996+0000] {processor.py:829} INFO - Processing file /home/airflow/.local/lib/python3.8/site-packages/airflow/example_dags/example_python_operator.py for tasks to queue
[2024-03-26T06:30:24.999+0000] {logging_mixin.py:151} INFO - [2024-03-26T06:30:24.999+0000] {dagbag.py:539} INFO - Filling up the DagBag from /home/airflow/.local/lib/python3.8/site-packages/airflow/example_dags/example_python_operator.py
[2024-03-26T06:30:25.012+0000] {processor.py:839} INFO - DAG(s) dict_keys(['example_python_operator']) retrieved from /home/airflow/.local/lib/python3.8/site-packages/airflow/example_dags/example_python_operator.py
[2024-03-26T06:30:25.039+0000] {logging_mixin.py:151} INFO - [2024-03-26T06:30:25.038+0000] {dag.py:2915} INFO - Sync 1 DAGs
[2024-03-26T06:30:25.053+0000] {logging_mixin.py:151} INFO - [2024-03-26T06:30:25.053+0000] {dag.py:3696} INFO - Setting next_dagrun for example_python_operator to None, run_after=None
[2024-03-26T06:30:25.079+0000] {processor.py:179} INFO - Processing /home/airflow/.local/lib/python3.8/site-packages/airflow/example_dags/example_python_operator.py took 0.088 seconds
[2024-03-26T06:30:55.217+0000] {processor.py:157} INFO - Started process (PID=2271) to work on /home/airflow/.local/lib/python3.8/site-packages/airflow/example_dags/example_python_operator.py
[2024-03-26T06:30:55.219+0000] {processor.py:829} INFO - Processing file /home/airflow/.local/lib/python3.8/site-packages/airflow/example_dags/example_python_operator.py for tasks to queue
[2024-03-26T06:30:55.222+0000] {logging_mixin.py:151} INFO - [2024-03-26T06:30:55.222+0000] {dagbag.py:539} INFO - Filling up the DagBag from /home/airflow/.local/lib/python3.8/site-packages/airflow/example_dags/example_python_operator.py
[2024-03-26T06:30:55.237+0000] {processor.py:839} INFO - DAG(s) dict_keys(['example_python_operator']) retrieved from /home/airflow/.local/lib/python3.8/site-packages/airflow/example_dags/example_python_operator.py
[2024-03-26T06:30:55.269+0000] {logging_mixin.py:151} INFO - [2024-03-26T06:30:55.269+0000] {dag.py:2915} INFO - Sync 1 DAGs
[2024-03-26T06:30:55.288+0000] {logging_mixin.py:151} INFO - [2024-03-26T06:30:55.288+0000] {dag.py:3696} INFO - Setting next_dagrun for example_python_operator to None, run_after=None
[2024-03-26T06:30:55.321+0000] {processor.py:179} INFO - Processing /home/airflow/.local/lib/python3.8/site-packages/airflow/example_dags/example_python_operator.py took 0.108 seconds
[2024-03-26T06:31:26.277+0000] {processor.py:157} INFO - Started process (PID=2325) to work on /home/airflow/.local/lib/python3.8/site-packages/airflow/example_dags/example_python_operator.py
[2024-03-26T06:31:26.279+0000] {processor.py:829} INFO - Processing file /home/airflow/.local/lib/python3.8/site-packages/airflow/example_dags/example_python_operator.py for tasks to queue
[2024-03-26T06:31:26.282+0000] {logging_mixin.py:151} INFO - [2024-03-26T06:31:26.282+0000] {dagbag.py:539} INFO - Filling up the DagBag from /home/airflow/.local/lib/python3.8/site-packages/airflow/example_dags/example_python_operator.py
[2024-03-26T06:31:26.296+0000] {processor.py:839} INFO - DAG(s) dict_keys(['example_python_operator']) retrieved from /home/airflow/.local/lib/python3.8/site-packages/airflow/example_dags/example_python_operator.py
[2024-03-26T06:31:26.324+0000] {logging_mixin.py:151} INFO - [2024-03-26T06:31:26.324+0000] {dag.py:2915} INFO - Sync 1 DAGs
[2024-03-26T06:31:26.339+0000] {logging_mixin.py:151} INFO - [2024-03-26T06:31:26.339+0000] {dag.py:3696} INFO - Setting next_dagrun for example_python_operator to None, run_after=None
[2024-03-26T06:31:26.364+0000] {processor.py:179} INFO - Processing /home/airflow/.local/lib/python3.8/site-packages/airflow/example_dags/example_python_operator.py took 0.090 seconds
[2024-03-26T06:31:57.013+0000] {processor.py:157} INFO - Started process (PID=2379) to work on /home/airflow/.local/lib/python3.8/site-packages/airflow/example_dags/example_python_operator.py
[2024-03-26T06:31:57.015+0000] {processor.py:829} INFO - Processing file /home/airflow/.local/lib/python3.8/site-packages/airflow/example_dags/example_python_operator.py for tasks to queue
[2024-03-26T06:31:57.018+0000] {logging_mixin.py:151} INFO - [2024-03-26T06:31:57.017+0000] {dagbag.py:539} INFO - Filling up the DagBag from /home/airflow/.local/lib/python3.8/site-packages/airflow/example_dags/example_python_operator.py
[2024-03-26T06:31:57.035+0000] {processor.py:839} INFO - DAG(s) dict_keys(['example_python_operator']) retrieved from /home/airflow/.local/lib/python3.8/site-packages/airflow/example_dags/example_python_operator.py
[2024-03-26T06:31:57.063+0000] {logging_mixin.py:151} INFO - [2024-03-26T06:31:57.063+0000] {dag.py:2915} INFO - Sync 1 DAGs
[2024-03-26T06:31:57.080+0000] {logging_mixin.py:151} INFO - [2024-03-26T06:31:57.079+0000] {dag.py:3696} INFO - Setting next_dagrun for example_python_operator to None, run_after=None
[2024-03-26T06:31:57.104+0000] {processor.py:179} INFO - Processing /home/airflow/.local/lib/python3.8/site-packages/airflow/example_dags/example_python_operator.py took 0.095 seconds
[2024-03-26T06:32:27.446+0000] {processor.py:157} INFO - Started process (PID=2433) to work on /home/airflow/.local/lib/python3.8/site-packages/airflow/example_dags/example_python_operator.py
[2024-03-26T06:32:27.448+0000] {processor.py:829} INFO - Processing file /home/airflow/.local/lib/python3.8/site-packages/airflow/example_dags/example_python_operator.py for tasks to queue
[2024-03-26T06:32:27.452+0000] {logging_mixin.py:151} INFO - [2024-03-26T06:32:27.452+0000] {dagbag.py:539} INFO - Filling up the DagBag from /home/airflow/.local/lib/python3.8/site-packages/airflow/example_dags/example_python_operator.py
[2024-03-26T06:32:27.465+0000] {processor.py:839} INFO - DAG(s) dict_keys(['example_python_operator']) retrieved from /home/airflow/.local/lib/python3.8/site-packages/airflow/example_dags/example_python_operator.py
[2024-03-26T06:32:27.491+0000] {logging_mixin.py:151} INFO - [2024-03-26T06:32:27.491+0000] {dag.py:2915} INFO - Sync 1 DAGs
[2024-03-26T06:32:27.506+0000] {logging_mixin.py:151} INFO - [2024-03-26T06:32:27.506+0000] {dag.py:3696} INFO - Setting next_dagrun for example_python_operator to None, run_after=None
[2024-03-26T06:32:27.528+0000] {processor.py:179} INFO - Processing /home/airflow/.local/lib/python3.8/site-packages/airflow/example_dags/example_python_operator.py took 0.087 seconds
[2024-03-26T06:32:57.681+0000] {processor.py:157} INFO - Started process (PID=2487) to work on /home/airflow/.local/lib/python3.8/site-packages/airflow/example_dags/example_python_operator.py
[2024-03-26T06:32:57.682+0000] {processor.py:829} INFO - Processing file /home/airflow/.local/lib/python3.8/site-packages/airflow/example_dags/example_python_operator.py for tasks to queue
[2024-03-26T06:32:57.685+0000] {logging_mixin.py:151} INFO - [2024-03-26T06:32:57.684+0000] {dagbag.py:539} INFO - Filling up the DagBag from /home/airflow/.local/lib/python3.8/site-packages/airflow/example_dags/example_python_operator.py
[2024-03-26T06:32:57.697+0000] {processor.py:839} INFO - DAG(s) dict_keys(['example_python_operator']) retrieved from /home/airflow/.local/lib/python3.8/site-packages/airflow/example_dags/example_python_operator.py
[2024-03-26T06:32:57.727+0000] {logging_mixin.py:151} INFO - [2024-03-26T06:32:57.727+0000] {dag.py:2915} INFO - Sync 1 DAGs
[2024-03-26T06:32:57.745+0000] {logging_mixin.py:151} INFO - [2024-03-26T06:32:57.745+0000] {dag.py:3696} INFO - Setting next_dagrun for example_python_operator to None, run_after=None
[2024-03-26T06:32:57.781+0000] {processor.py:179} INFO - Processing /home/airflow/.local/lib/python3.8/site-packages/airflow/example_dags/example_python_operator.py took 0.104 seconds
[2024-03-26T06:33:28.305+0000] {processor.py:157} INFO - Started process (PID=2541) to work on /home/airflow/.local/lib/python3.8/site-packages/airflow/example_dags/example_python_operator.py
[2024-03-26T06:33:28.306+0000] {processor.py:829} INFO - Processing file /home/airflow/.local/lib/python3.8/site-packages/airflow/example_dags/example_python_operator.py for tasks to queue
[2024-03-26T06:33:28.310+0000] {logging_mixin.py:151} INFO - [2024-03-26T06:33:28.309+0000] {dagbag.py:539} INFO - Filling up the DagBag from /home/airflow/.local/lib/python3.8/site-packages/airflow/example_dags/example_python_operator.py
[2024-03-26T06:33:28.328+0000] {processor.py:839} INFO - DAG(s) dict_keys(['example_python_operator']) retrieved from /home/airflow/.local/lib/python3.8/site-packages/airflow/example_dags/example_python_operator.py
[2024-03-26T06:33:28.358+0000] {logging_mixin.py:151} INFO - [2024-03-26T06:33:28.358+0000] {dag.py:2915} INFO - Sync 1 DAGs
[2024-03-26T06:33:28.378+0000] {logging_mixin.py:151} INFO - [2024-03-26T06:33:28.378+0000] {dag.py:3696} INFO - Setting next_dagrun for example_python_operator to None, run_after=None
[2024-03-26T06:33:28.416+0000] {processor.py:179} INFO - Processing /home/airflow/.local/lib/python3.8/site-packages/airflow/example_dags/example_python_operator.py took 0.116 seconds
[2024-03-26T06:33:59.453+0000] {processor.py:157} INFO - Started process (PID=2602) to work on /home/airflow/.local/lib/python3.8/site-packages/airflow/example_dags/example_python_operator.py
[2024-03-26T06:33:59.455+0000] {processor.py:829} INFO - Processing file /home/airflow/.local/lib/python3.8/site-packages/airflow/example_dags/example_python_operator.py for tasks to queue
[2024-03-26T06:33:59.457+0000] {logging_mixin.py:151} INFO - [2024-03-26T06:33:59.457+0000] {dagbag.py:539} INFO - Filling up the DagBag from /home/airflow/.local/lib/python3.8/site-packages/airflow/example_dags/example_python_operator.py
[2024-03-26T06:33:59.469+0000] {processor.py:839} INFO - DAG(s) dict_keys(['example_python_operator']) retrieved from /home/airflow/.local/lib/python3.8/site-packages/airflow/example_dags/example_python_operator.py
[2024-03-26T06:33:59.496+0000] {logging_mixin.py:151} INFO - [2024-03-26T06:33:59.496+0000] {dag.py:2915} INFO - Sync 1 DAGs
[2024-03-26T06:33:59.513+0000] {logging_mixin.py:151} INFO - [2024-03-26T06:33:59.512+0000] {dag.py:3696} INFO - Setting next_dagrun for example_python_operator to None, run_after=None
[2024-03-26T06:33:59.536+0000] {processor.py:179} INFO - Processing /home/airflow/.local/lib/python3.8/site-packages/airflow/example_dags/example_python_operator.py took 0.087 seconds
