[2024-03-26T06:04:00.832+0000] {processor.py:157} INFO - Started process (PID=49) to work on /home/airflow/.local/lib/python3.8/site-packages/airflow/example_dags/example_sensors.py
[2024-03-26T06:04:00.834+0000] {processor.py:829} INFO - Processing file /home/airflow/.local/lib/python3.8/site-packages/airflow/example_dags/example_sensors.py for tasks to queue
[2024-03-26T06:04:00.838+0000] {logging_mixin.py:151} INFO - [2024-03-26T06:04:00.838+0000] {dagbag.py:539} INFO - Filling up the DagBag from /home/airflow/.local/lib/python3.8/site-packages/airflow/example_dags/example_sensors.py
[2024-03-26T06:04:00.883+0000] {processor.py:839} INFO - DAG(s) dict_keys(['example_sensors']) retrieved from /home/airflow/.local/lib/python3.8/site-packages/airflow/example_dags/example_sensors.py
[2024-03-26T06:04:01.197+0000] {logging_mixin.py:151} INFO - [2024-03-26T06:04:01.197+0000] {manager.py:499} INFO - Created Permission View: %s
[2024-03-26T06:04:01.252+0000] {logging_mixin.py:151} INFO - [2024-03-26T06:04:01.252+0000] {manager.py:499} INFO - Created Permission View: %s
[2024-03-26T06:04:01.271+0000] {logging_mixin.py:151} INFO - [2024-03-26T06:04:01.271+0000] {manager.py:499} INFO - Created Permission View: %s
[2024-03-26T06:04:01.273+0000] {logging_mixin.py:151} INFO - [2024-03-26T06:04:01.273+0000] {security.py:708} INFO - Not syncing DAG-level permissions for DAG 'DAG:example_sensors' as access control is unset.
[2024-03-26T06:04:01.275+0000] {logging_mixin.py:151} INFO - [2024-03-26T06:04:01.274+0000] {dag.py:2915} INFO - Sync 1 DAGs
[2024-03-26T06:04:01.324+0000] {logging_mixin.py:151} INFO - [2024-03-26T06:04:01.324+0000] {dag.py:2937} INFO - Creating ORM DAG for example_sensors
[2024-03-26T06:04:01.326+0000] {logging_mixin.py:151} INFO - [2024-03-26T06:04:01.325+0000] {dag.py:3696} INFO - Setting next_dagrun for example_sensors to None, run_after=None
[2024-03-26T06:04:01.409+0000] {processor.py:179} INFO - Processing /home/airflow/.local/lib/python3.8/site-packages/airflow/example_dags/example_sensors.py took 0.581 seconds
[2024-03-26T06:04:33.131+0000] {processor.py:157} INFO - Started process (PID=103) to work on /home/airflow/.local/lib/python3.8/site-packages/airflow/example_dags/example_sensors.py
[2024-03-26T06:04:33.166+0000] {processor.py:829} INFO - Processing file /home/airflow/.local/lib/python3.8/site-packages/airflow/example_dags/example_sensors.py for tasks to queue
[2024-03-26T06:04:33.170+0000] {logging_mixin.py:151} INFO - [2024-03-26T06:04:33.169+0000] {dagbag.py:539} INFO - Filling up the DagBag from /home/airflow/.local/lib/python3.8/site-packages/airflow/example_dags/example_sensors.py
[2024-03-26T06:04:33.216+0000] {processor.py:839} INFO - DAG(s) dict_keys(['example_sensors']) retrieved from /home/airflow/.local/lib/python3.8/site-packages/airflow/example_dags/example_sensors.py
[2024-03-26T06:04:33.254+0000] {logging_mixin.py:151} INFO - [2024-03-26T06:04:33.253+0000] {dag.py:2915} INFO - Sync 1 DAGs
[2024-03-26T06:04:33.280+0000] {logging_mixin.py:151} INFO - [2024-03-26T06:04:33.280+0000] {dag.py:3696} INFO - Setting next_dagrun for example_sensors to None, run_after=None
[2024-03-26T06:04:33.326+0000] {processor.py:179} INFO - Processing /home/airflow/.local/lib/python3.8/site-packages/airflow/example_dags/example_sensors.py took 0.201 seconds
[2024-03-26T06:05:03.405+0000] {processor.py:157} INFO - Started process (PID=157) to work on /home/airflow/.local/lib/python3.8/site-packages/airflow/example_dags/example_sensors.py
[2024-03-26T06:05:03.407+0000] {processor.py:829} INFO - Processing file /home/airflow/.local/lib/python3.8/site-packages/airflow/example_dags/example_sensors.py for tasks to queue
[2024-03-26T06:05:03.411+0000] {logging_mixin.py:151} INFO - [2024-03-26T06:05:03.410+0000] {dagbag.py:539} INFO - Filling up the DagBag from /home/airflow/.local/lib/python3.8/site-packages/airflow/example_dags/example_sensors.py
[2024-03-26T06:05:03.424+0000] {processor.py:839} INFO - DAG(s) dict_keys(['example_sensors']) retrieved from /home/airflow/.local/lib/python3.8/site-packages/airflow/example_dags/example_sensors.py
[2024-03-26T06:05:03.462+0000] {logging_mixin.py:151} INFO - [2024-03-26T06:05:03.462+0000] {dag.py:2915} INFO - Sync 1 DAGs
[2024-03-26T06:05:03.481+0000] {logging_mixin.py:151} INFO - [2024-03-26T06:05:03.481+0000] {dag.py:3696} INFO - Setting next_dagrun for example_sensors to None, run_after=None
[2024-03-26T06:05:03.510+0000] {processor.py:179} INFO - Processing /home/airflow/.local/lib/python3.8/site-packages/airflow/example_dags/example_sensors.py took 0.110 seconds
[2024-03-26T06:05:34.360+0000] {processor.py:157} INFO - Started process (PID=211) to work on /home/airflow/.local/lib/python3.8/site-packages/airflow/example_dags/example_sensors.py
[2024-03-26T06:05:34.472+0000] {processor.py:829} INFO - Processing file /home/airflow/.local/lib/python3.8/site-packages/airflow/example_dags/example_sensors.py for tasks to queue
[2024-03-26T06:05:34.475+0000] {logging_mixin.py:151} INFO - [2024-03-26T06:05:34.475+0000] {dagbag.py:539} INFO - Filling up the DagBag from /home/airflow/.local/lib/python3.8/site-packages/airflow/example_dags/example_sensors.py
[2024-03-26T06:05:34.521+0000] {processor.py:839} INFO - DAG(s) dict_keys(['example_sensors']) retrieved from /home/airflow/.local/lib/python3.8/site-packages/airflow/example_dags/example_sensors.py
[2024-03-26T06:05:34.555+0000] {logging_mixin.py:151} INFO - [2024-03-26T06:05:34.554+0000] {dag.py:2915} INFO - Sync 1 DAGs
[2024-03-26T06:05:34.576+0000] {logging_mixin.py:151} INFO - [2024-03-26T06:05:34.575+0000] {dag.py:3696} INFO - Setting next_dagrun for example_sensors to None, run_after=None
[2024-03-26T06:05:34.614+0000] {processor.py:179} INFO - Processing /home/airflow/.local/lib/python3.8/site-packages/airflow/example_dags/example_sensors.py took 0.258 seconds
[2024-03-26T06:06:05.037+0000] {processor.py:157} INFO - Started process (PID=265) to work on /home/airflow/.local/lib/python3.8/site-packages/airflow/example_dags/example_sensors.py
[2024-03-26T06:06:05.040+0000] {processor.py:829} INFO - Processing file /home/airflow/.local/lib/python3.8/site-packages/airflow/example_dags/example_sensors.py for tasks to queue
[2024-03-26T06:06:05.047+0000] {logging_mixin.py:151} INFO - [2024-03-26T06:06:05.046+0000] {dagbag.py:539} INFO - Filling up the DagBag from /home/airflow/.local/lib/python3.8/site-packages/airflow/example_dags/example_sensors.py
[2024-03-26T06:06:05.082+0000] {processor.py:839} INFO - DAG(s) dict_keys(['example_sensors']) retrieved from /home/airflow/.local/lib/python3.8/site-packages/airflow/example_dags/example_sensors.py
[2024-03-26T06:06:05.178+0000] {logging_mixin.py:151} INFO - [2024-03-26T06:06:05.177+0000] {dag.py:2915} INFO - Sync 1 DAGs
[2024-03-26T06:06:05.215+0000] {logging_mixin.py:151} INFO - [2024-03-26T06:06:05.215+0000] {dag.py:3696} INFO - Setting next_dagrun for example_sensors to None, run_after=None
[2024-03-26T06:06:05.269+0000] {processor.py:179} INFO - Processing /home/airflow/.local/lib/python3.8/site-packages/airflow/example_dags/example_sensors.py took 0.250 seconds
[2024-03-26T06:06:37.337+0000] {processor.py:157} INFO - Started process (PID=319) to work on /home/airflow/.local/lib/python3.8/site-packages/airflow/example_dags/example_sensors.py
[2024-03-26T06:06:37.339+0000] {processor.py:829} INFO - Processing file /home/airflow/.local/lib/python3.8/site-packages/airflow/example_dags/example_sensors.py for tasks to queue
[2024-03-26T06:06:37.343+0000] {logging_mixin.py:151} INFO - [2024-03-26T06:06:37.343+0000] {dagbag.py:539} INFO - Filling up the DagBag from /home/airflow/.local/lib/python3.8/site-packages/airflow/example_dags/example_sensors.py
[2024-03-26T06:06:37.407+0000] {processor.py:839} INFO - DAG(s) dict_keys(['example_sensors']) retrieved from /home/airflow/.local/lib/python3.8/site-packages/airflow/example_dags/example_sensors.py
[2024-03-26T06:06:37.583+0000] {logging_mixin.py:151} INFO - [2024-03-26T06:06:37.583+0000] {dag.py:2915} INFO - Sync 1 DAGs
[2024-03-26T06:06:37.738+0000] {logging_mixin.py:151} INFO - [2024-03-26T06:06:37.737+0000] {dag.py:3696} INFO - Setting next_dagrun for example_sensors to None, run_after=None
[2024-03-26T06:06:37.870+0000] {processor.py:179} INFO - Processing /home/airflow/.local/lib/python3.8/site-packages/airflow/example_dags/example_sensors.py took 0.538 seconds
[2024-03-26T06:07:08.402+0000] {processor.py:157} INFO - Started process (PID=373) to work on /home/airflow/.local/lib/python3.8/site-packages/airflow/example_dags/example_sensors.py
[2024-03-26T06:07:08.404+0000] {processor.py:829} INFO - Processing file /home/airflow/.local/lib/python3.8/site-packages/airflow/example_dags/example_sensors.py for tasks to queue
[2024-03-26T06:07:08.408+0000] {logging_mixin.py:151} INFO - [2024-03-26T06:07:08.407+0000] {dagbag.py:539} INFO - Filling up the DagBag from /home/airflow/.local/lib/python3.8/site-packages/airflow/example_dags/example_sensors.py
[2024-03-26T06:07:08.424+0000] {processor.py:839} INFO - DAG(s) dict_keys(['example_sensors']) retrieved from /home/airflow/.local/lib/python3.8/site-packages/airflow/example_dags/example_sensors.py
[2024-03-26T06:07:08.465+0000] {logging_mixin.py:151} INFO - [2024-03-26T06:07:08.464+0000] {dag.py:2915} INFO - Sync 1 DAGs
[2024-03-26T06:07:08.482+0000] {logging_mixin.py:151} INFO - [2024-03-26T06:07:08.481+0000] {dag.py:3696} INFO - Setting next_dagrun for example_sensors to None, run_after=None
[2024-03-26T06:07:08.511+0000] {processor.py:179} INFO - Processing /home/airflow/.local/lib/python3.8/site-packages/airflow/example_dags/example_sensors.py took 0.114 seconds
[2024-03-26T06:07:39.022+0000] {processor.py:157} INFO - Started process (PID=427) to work on /home/airflow/.local/lib/python3.8/site-packages/airflow/example_dags/example_sensors.py
[2024-03-26T06:07:39.023+0000] {processor.py:829} INFO - Processing file /home/airflow/.local/lib/python3.8/site-packages/airflow/example_dags/example_sensors.py for tasks to queue
[2024-03-26T06:07:39.026+0000] {logging_mixin.py:151} INFO - [2024-03-26T06:07:39.026+0000] {dagbag.py:539} INFO - Filling up the DagBag from /home/airflow/.local/lib/python3.8/site-packages/airflow/example_dags/example_sensors.py
[2024-03-26T06:07:39.040+0000] {processor.py:839} INFO - DAG(s) dict_keys(['example_sensors']) retrieved from /home/airflow/.local/lib/python3.8/site-packages/airflow/example_dags/example_sensors.py
[2024-03-26T06:07:39.077+0000] {logging_mixin.py:151} INFO - [2024-03-26T06:07:39.077+0000] {dag.py:2915} INFO - Sync 1 DAGs
[2024-03-26T06:07:39.101+0000] {logging_mixin.py:151} INFO - [2024-03-26T06:07:39.101+0000] {dag.py:3696} INFO - Setting next_dagrun for example_sensors to None, run_after=None
[2024-03-26T06:07:39.134+0000] {processor.py:179} INFO - Processing /home/airflow/.local/lib/python3.8/site-packages/airflow/example_dags/example_sensors.py took 0.117 seconds
[2024-03-26T06:08:09.729+0000] {processor.py:157} INFO - Started process (PID=481) to work on /home/airflow/.local/lib/python3.8/site-packages/airflow/example_dags/example_sensors.py
[2024-03-26T06:08:09.731+0000] {processor.py:829} INFO - Processing file /home/airflow/.local/lib/python3.8/site-packages/airflow/example_dags/example_sensors.py for tasks to queue
[2024-03-26T06:08:09.736+0000] {logging_mixin.py:151} INFO - [2024-03-26T06:08:09.735+0000] {dagbag.py:539} INFO - Filling up the DagBag from /home/airflow/.local/lib/python3.8/site-packages/airflow/example_dags/example_sensors.py
[2024-03-26T06:08:09.751+0000] {processor.py:839} INFO - DAG(s) dict_keys(['example_sensors']) retrieved from /home/airflow/.local/lib/python3.8/site-packages/airflow/example_dags/example_sensors.py
[2024-03-26T06:08:09.790+0000] {logging_mixin.py:151} INFO - [2024-03-26T06:08:09.789+0000] {dag.py:2915} INFO - Sync 1 DAGs
[2024-03-26T06:08:09.806+0000] {logging_mixin.py:151} INFO - [2024-03-26T06:08:09.806+0000] {dag.py:3696} INFO - Setting next_dagrun for example_sensors to None, run_after=None
[2024-03-26T06:08:09.833+0000] {processor.py:179} INFO - Processing /home/airflow/.local/lib/python3.8/site-packages/airflow/example_dags/example_sensors.py took 0.108 seconds
[2024-03-26T06:08:40.024+0000] {processor.py:157} INFO - Started process (PID=535) to work on /home/airflow/.local/lib/python3.8/site-packages/airflow/example_dags/example_sensors.py
[2024-03-26T06:08:40.026+0000] {processor.py:829} INFO - Processing file /home/airflow/.local/lib/python3.8/site-packages/airflow/example_dags/example_sensors.py for tasks to queue
[2024-03-26T06:08:40.029+0000] {logging_mixin.py:151} INFO - [2024-03-26T06:08:40.029+0000] {dagbag.py:539} INFO - Filling up the DagBag from /home/airflow/.local/lib/python3.8/site-packages/airflow/example_dags/example_sensors.py
[2024-03-26T06:08:40.040+0000] {processor.py:839} INFO - DAG(s) dict_keys(['example_sensors']) retrieved from /home/airflow/.local/lib/python3.8/site-packages/airflow/example_dags/example_sensors.py
[2024-03-26T06:08:40.075+0000] {logging_mixin.py:151} INFO - [2024-03-26T06:08:40.075+0000] {dag.py:2915} INFO - Sync 1 DAGs
[2024-03-26T06:08:40.091+0000] {logging_mixin.py:151} INFO - [2024-03-26T06:08:40.091+0000] {dag.py:3696} INFO - Setting next_dagrun for example_sensors to None, run_after=None
[2024-03-26T06:08:40.113+0000] {processor.py:179} INFO - Processing /home/airflow/.local/lib/python3.8/site-packages/airflow/example_dags/example_sensors.py took 0.093 seconds
[2024-03-26T06:09:10.353+0000] {processor.py:157} INFO - Started process (PID=589) to work on /home/airflow/.local/lib/python3.8/site-packages/airflow/example_dags/example_sensors.py
[2024-03-26T06:09:10.354+0000] {processor.py:829} INFO - Processing file /home/airflow/.local/lib/python3.8/site-packages/airflow/example_dags/example_sensors.py for tasks to queue
[2024-03-26T06:09:10.357+0000] {logging_mixin.py:151} INFO - [2024-03-26T06:09:10.357+0000] {dagbag.py:539} INFO - Filling up the DagBag from /home/airflow/.local/lib/python3.8/site-packages/airflow/example_dags/example_sensors.py
[2024-03-26T06:09:10.368+0000] {processor.py:839} INFO - DAG(s) dict_keys(['example_sensors']) retrieved from /home/airflow/.local/lib/python3.8/site-packages/airflow/example_dags/example_sensors.py
[2024-03-26T06:09:10.397+0000] {logging_mixin.py:151} INFO - [2024-03-26T06:09:10.397+0000] {dag.py:2915} INFO - Sync 1 DAGs
[2024-03-26T06:09:10.411+0000] {logging_mixin.py:151} INFO - [2024-03-26T06:09:10.411+0000] {dag.py:3696} INFO - Setting next_dagrun for example_sensors to None, run_after=None
[2024-03-26T06:09:10.448+0000] {processor.py:179} INFO - Processing /home/airflow/.local/lib/python3.8/site-packages/airflow/example_dags/example_sensors.py took 0.099 seconds
[2024-03-26T06:09:41.073+0000] {processor.py:157} INFO - Started process (PID=643) to work on /home/airflow/.local/lib/python3.8/site-packages/airflow/example_dags/example_sensors.py
[2024-03-26T06:09:41.074+0000] {processor.py:829} INFO - Processing file /home/airflow/.local/lib/python3.8/site-packages/airflow/example_dags/example_sensors.py for tasks to queue
[2024-03-26T06:09:41.077+0000] {logging_mixin.py:151} INFO - [2024-03-26T06:09:41.077+0000] {dagbag.py:539} INFO - Filling up the DagBag from /home/airflow/.local/lib/python3.8/site-packages/airflow/example_dags/example_sensors.py
[2024-03-26T06:09:41.089+0000] {processor.py:839} INFO - DAG(s) dict_keys(['example_sensors']) retrieved from /home/airflow/.local/lib/python3.8/site-packages/airflow/example_dags/example_sensors.py
[2024-03-26T06:09:41.120+0000] {logging_mixin.py:151} INFO - [2024-03-26T06:09:41.119+0000] {dag.py:2915} INFO - Sync 1 DAGs
[2024-03-26T06:09:41.134+0000] {logging_mixin.py:151} INFO - [2024-03-26T06:09:41.134+0000] {dag.py:3696} INFO - Setting next_dagrun for example_sensors to None, run_after=None
[2024-03-26T06:09:41.166+0000] {processor.py:179} INFO - Processing /home/airflow/.local/lib/python3.8/site-packages/airflow/example_dags/example_sensors.py took 0.097 seconds
[2024-03-26T06:10:12.640+0000] {processor.py:157} INFO - Started process (PID=697) to work on /home/airflow/.local/lib/python3.8/site-packages/airflow/example_dags/example_sensors.py
[2024-03-26T06:10:12.642+0000] {processor.py:829} INFO - Processing file /home/airflow/.local/lib/python3.8/site-packages/airflow/example_dags/example_sensors.py for tasks to queue
[2024-03-26T06:10:12.646+0000] {logging_mixin.py:151} INFO - [2024-03-26T06:10:12.645+0000] {dagbag.py:539} INFO - Filling up the DagBag from /home/airflow/.local/lib/python3.8/site-packages/airflow/example_dags/example_sensors.py
[2024-03-26T06:10:12.656+0000] {processor.py:839} INFO - DAG(s) dict_keys(['example_sensors']) retrieved from /home/airflow/.local/lib/python3.8/site-packages/airflow/example_dags/example_sensors.py
[2024-03-26T06:10:12.689+0000] {logging_mixin.py:151} INFO - [2024-03-26T06:10:12.689+0000] {dag.py:2915} INFO - Sync 1 DAGs
[2024-03-26T06:10:12.705+0000] {logging_mixin.py:151} INFO - [2024-03-26T06:10:12.705+0000] {dag.py:3696} INFO - Setting next_dagrun for example_sensors to None, run_after=None
[2024-03-26T06:10:12.731+0000] {processor.py:179} INFO - Processing /home/airflow/.local/lib/python3.8/site-packages/airflow/example_dags/example_sensors.py took 0.096 seconds
[2024-03-26T06:10:43.290+0000] {processor.py:157} INFO - Started process (PID=751) to work on /home/airflow/.local/lib/python3.8/site-packages/airflow/example_dags/example_sensors.py
[2024-03-26T06:10:43.292+0000] {processor.py:829} INFO - Processing file /home/airflow/.local/lib/python3.8/site-packages/airflow/example_dags/example_sensors.py for tasks to queue
[2024-03-26T06:10:43.295+0000] {logging_mixin.py:151} INFO - [2024-03-26T06:10:43.295+0000] {dagbag.py:539} INFO - Filling up the DagBag from /home/airflow/.local/lib/python3.8/site-packages/airflow/example_dags/example_sensors.py
[2024-03-26T06:10:43.305+0000] {processor.py:839} INFO - DAG(s) dict_keys(['example_sensors']) retrieved from /home/airflow/.local/lib/python3.8/site-packages/airflow/example_dags/example_sensors.py
[2024-03-26T06:10:43.332+0000] {logging_mixin.py:151} INFO - [2024-03-26T06:10:43.331+0000] {dag.py:2915} INFO - Sync 1 DAGs
[2024-03-26T06:10:43.348+0000] {logging_mixin.py:151} INFO - [2024-03-26T06:10:43.348+0000] {dag.py:3696} INFO - Setting next_dagrun for example_sensors to None, run_after=None
[2024-03-26T06:10:43.380+0000] {processor.py:179} INFO - Processing /home/airflow/.local/lib/python3.8/site-packages/airflow/example_dags/example_sensors.py took 0.096 seconds
[2024-03-26T06:11:13.914+0000] {processor.py:157} INFO - Started process (PID=805) to work on /home/airflow/.local/lib/python3.8/site-packages/airflow/example_dags/example_sensors.py
[2024-03-26T06:11:13.916+0000] {processor.py:829} INFO - Processing file /home/airflow/.local/lib/python3.8/site-packages/airflow/example_dags/example_sensors.py for tasks to queue
[2024-03-26T06:11:13.919+0000] {logging_mixin.py:151} INFO - [2024-03-26T06:11:13.918+0000] {dagbag.py:539} INFO - Filling up the DagBag from /home/airflow/.local/lib/python3.8/site-packages/airflow/example_dags/example_sensors.py
[2024-03-26T06:11:13.931+0000] {processor.py:839} INFO - DAG(s) dict_keys(['example_sensors']) retrieved from /home/airflow/.local/lib/python3.8/site-packages/airflow/example_dags/example_sensors.py
[2024-03-26T06:11:13.959+0000] {logging_mixin.py:151} INFO - [2024-03-26T06:11:13.958+0000] {dag.py:2915} INFO - Sync 1 DAGs
[2024-03-26T06:11:13.974+0000] {logging_mixin.py:151} INFO - [2024-03-26T06:11:13.974+0000] {dag.py:3696} INFO - Setting next_dagrun for example_sensors to None, run_after=None
[2024-03-26T06:11:13.997+0000] {processor.py:179} INFO - Processing /home/airflow/.local/lib/python3.8/site-packages/airflow/example_dags/example_sensors.py took 0.088 seconds
[2024-03-26T06:11:44.132+0000] {processor.py:157} INFO - Started process (PID=859) to work on /home/airflow/.local/lib/python3.8/site-packages/airflow/example_dags/example_sensors.py
[2024-03-26T06:11:44.134+0000] {processor.py:829} INFO - Processing file /home/airflow/.local/lib/python3.8/site-packages/airflow/example_dags/example_sensors.py for tasks to queue
[2024-03-26T06:11:44.137+0000] {logging_mixin.py:151} INFO - [2024-03-26T06:11:44.137+0000] {dagbag.py:539} INFO - Filling up the DagBag from /home/airflow/.local/lib/python3.8/site-packages/airflow/example_dags/example_sensors.py
[2024-03-26T06:11:44.147+0000] {processor.py:839} INFO - DAG(s) dict_keys(['example_sensors']) retrieved from /home/airflow/.local/lib/python3.8/site-packages/airflow/example_dags/example_sensors.py
[2024-03-26T06:11:44.179+0000] {logging_mixin.py:151} INFO - [2024-03-26T06:11:44.179+0000] {dag.py:2915} INFO - Sync 1 DAGs
[2024-03-26T06:11:44.192+0000] {logging_mixin.py:151} INFO - [2024-03-26T06:11:44.192+0000] {dag.py:3696} INFO - Setting next_dagrun for example_sensors to None, run_after=None
[2024-03-26T06:11:44.218+0000] {processor.py:179} INFO - Processing /home/airflow/.local/lib/python3.8/site-packages/airflow/example_dags/example_sensors.py took 0.090 seconds
[2024-03-26T06:12:14.652+0000] {processor.py:157} INFO - Started process (PID=913) to work on /home/airflow/.local/lib/python3.8/site-packages/airflow/example_dags/example_sensors.py
[2024-03-26T06:12:14.654+0000] {processor.py:829} INFO - Processing file /home/airflow/.local/lib/python3.8/site-packages/airflow/example_dags/example_sensors.py for tasks to queue
[2024-03-26T06:12:14.657+0000] {logging_mixin.py:151} INFO - [2024-03-26T06:12:14.656+0000] {dagbag.py:539} INFO - Filling up the DagBag from /home/airflow/.local/lib/python3.8/site-packages/airflow/example_dags/example_sensors.py
[2024-03-26T06:12:14.668+0000] {processor.py:839} INFO - DAG(s) dict_keys(['example_sensors']) retrieved from /home/airflow/.local/lib/python3.8/site-packages/airflow/example_dags/example_sensors.py
[2024-03-26T06:12:14.705+0000] {logging_mixin.py:151} INFO - [2024-03-26T06:12:14.705+0000] {dag.py:2915} INFO - Sync 1 DAGs
[2024-03-26T06:12:14.721+0000] {logging_mixin.py:151} INFO - [2024-03-26T06:12:14.721+0000] {dag.py:3696} INFO - Setting next_dagrun for example_sensors to None, run_after=None
[2024-03-26T06:12:14.744+0000] {processor.py:179} INFO - Processing /home/airflow/.local/lib/python3.8/site-packages/airflow/example_dags/example_sensors.py took 0.097 seconds
[2024-03-26T06:12:45.203+0000] {processor.py:157} INFO - Started process (PID=967) to work on /home/airflow/.local/lib/python3.8/site-packages/airflow/example_dags/example_sensors.py
[2024-03-26T06:12:45.204+0000] {processor.py:829} INFO - Processing file /home/airflow/.local/lib/python3.8/site-packages/airflow/example_dags/example_sensors.py for tasks to queue
[2024-03-26T06:12:45.206+0000] {logging_mixin.py:151} INFO - [2024-03-26T06:12:45.206+0000] {dagbag.py:539} INFO - Filling up the DagBag from /home/airflow/.local/lib/python3.8/site-packages/airflow/example_dags/example_sensors.py
[2024-03-26T06:12:45.214+0000] {processor.py:839} INFO - DAG(s) dict_keys(['example_sensors']) retrieved from /home/airflow/.local/lib/python3.8/site-packages/airflow/example_dags/example_sensors.py
[2024-03-26T06:12:45.239+0000] {logging_mixin.py:151} INFO - [2024-03-26T06:12:45.239+0000] {dag.py:2915} INFO - Sync 1 DAGs
[2024-03-26T06:12:45.251+0000] {logging_mixin.py:151} INFO - [2024-03-26T06:12:45.250+0000] {dag.py:3696} INFO - Setting next_dagrun for example_sensors to None, run_after=None
[2024-03-26T06:12:45.269+0000] {processor.py:179} INFO - Processing /home/airflow/.local/lib/python3.8/site-packages/airflow/example_dags/example_sensors.py took 0.069 seconds
[2024-03-26T06:19:05.887+0000] {processor.py:157} INFO - Started process (PID=998) to work on /home/airflow/.local/lib/python3.8/site-packages/airflow/example_dags/example_sensors.py
[2024-03-26T06:19:05.890+0000] {processor.py:829} INFO - Processing file /home/airflow/.local/lib/python3.8/site-packages/airflow/example_dags/example_sensors.py for tasks to queue
[2024-03-26T06:19:05.893+0000] {logging_mixin.py:151} INFO - [2024-03-26T06:19:05.893+0000] {dagbag.py:539} INFO - Filling up the DagBag from /home/airflow/.local/lib/python3.8/site-packages/airflow/example_dags/example_sensors.py
[2024-03-26T06:19:05.916+0000] {processor.py:839} INFO - DAG(s) dict_keys(['example_sensors']) retrieved from /home/airflow/.local/lib/python3.8/site-packages/airflow/example_dags/example_sensors.py
[2024-03-26T06:19:05.975+0000] {logging_mixin.py:151} INFO - [2024-03-26T06:19:05.975+0000] {dag.py:2915} INFO - Sync 1 DAGs
[2024-03-26T06:19:06.004+0000] {logging_mixin.py:151} INFO - [2024-03-26T06:19:06.004+0000] {dag.py:3696} INFO - Setting next_dagrun for example_sensors to None, run_after=None
[2024-03-26T06:19:06.075+0000] {processor.py:179} INFO - Processing /home/airflow/.local/lib/python3.8/site-packages/airflow/example_dags/example_sensors.py took 0.195 seconds
[2024-03-26T06:19:36.415+0000] {processor.py:157} INFO - Started process (PID=1052) to work on /home/airflow/.local/lib/python3.8/site-packages/airflow/example_dags/example_sensors.py
[2024-03-26T06:19:36.417+0000] {processor.py:829} INFO - Processing file /home/airflow/.local/lib/python3.8/site-packages/airflow/example_dags/example_sensors.py for tasks to queue
[2024-03-26T06:19:36.420+0000] {logging_mixin.py:151} INFO - [2024-03-26T06:19:36.419+0000] {dagbag.py:539} INFO - Filling up the DagBag from /home/airflow/.local/lib/python3.8/site-packages/airflow/example_dags/example_sensors.py
[2024-03-26T06:19:36.431+0000] {processor.py:839} INFO - DAG(s) dict_keys(['example_sensors']) retrieved from /home/airflow/.local/lib/python3.8/site-packages/airflow/example_dags/example_sensors.py
[2024-03-26T06:19:36.467+0000] {logging_mixin.py:151} INFO - [2024-03-26T06:19:36.466+0000] {dag.py:2915} INFO - Sync 1 DAGs
[2024-03-26T06:19:36.483+0000] {logging_mixin.py:151} INFO - [2024-03-26T06:19:36.483+0000] {dag.py:3696} INFO - Setting next_dagrun for example_sensors to None, run_after=None
[2024-03-26T06:19:36.512+0000] {processor.py:179} INFO - Processing /home/airflow/.local/lib/python3.8/site-packages/airflow/example_dags/example_sensors.py took 0.101 seconds
[2024-03-26T06:20:06.605+0000] {processor.py:157} INFO - Started process (PID=1106) to work on /home/airflow/.local/lib/python3.8/site-packages/airflow/example_dags/example_sensors.py
[2024-03-26T06:20:06.606+0000] {processor.py:829} INFO - Processing file /home/airflow/.local/lib/python3.8/site-packages/airflow/example_dags/example_sensors.py for tasks to queue
[2024-03-26T06:20:06.609+0000] {logging_mixin.py:151} INFO - [2024-03-26T06:20:06.609+0000] {dagbag.py:539} INFO - Filling up the DagBag from /home/airflow/.local/lib/python3.8/site-packages/airflow/example_dags/example_sensors.py
[2024-03-26T06:20:06.619+0000] {processor.py:839} INFO - DAG(s) dict_keys(['example_sensors']) retrieved from /home/airflow/.local/lib/python3.8/site-packages/airflow/example_dags/example_sensors.py
[2024-03-26T06:20:06.645+0000] {logging_mixin.py:151} INFO - [2024-03-26T06:20:06.645+0000] {dag.py:2915} INFO - Sync 1 DAGs
[2024-03-26T06:20:06.658+0000] {logging_mixin.py:151} INFO - [2024-03-26T06:20:06.658+0000] {dag.py:3696} INFO - Setting next_dagrun for example_sensors to None, run_after=None
[2024-03-26T06:20:06.678+0000] {processor.py:179} INFO - Processing /home/airflow/.local/lib/python3.8/site-packages/airflow/example_dags/example_sensors.py took 0.077 seconds
[2024-03-26T06:20:37.039+0000] {processor.py:157} INFO - Started process (PID=1160) to work on /home/airflow/.local/lib/python3.8/site-packages/airflow/example_dags/example_sensors.py
[2024-03-26T06:20:37.040+0000] {processor.py:829} INFO - Processing file /home/airflow/.local/lib/python3.8/site-packages/airflow/example_dags/example_sensors.py for tasks to queue
[2024-03-26T06:20:37.043+0000] {logging_mixin.py:151} INFO - [2024-03-26T06:20:37.042+0000] {dagbag.py:539} INFO - Filling up the DagBag from /home/airflow/.local/lib/python3.8/site-packages/airflow/example_dags/example_sensors.py
[2024-03-26T06:20:37.053+0000] {processor.py:839} INFO - DAG(s) dict_keys(['example_sensors']) retrieved from /home/airflow/.local/lib/python3.8/site-packages/airflow/example_dags/example_sensors.py
[2024-03-26T06:20:37.082+0000] {logging_mixin.py:151} INFO - [2024-03-26T06:20:37.081+0000] {dag.py:2915} INFO - Sync 1 DAGs
[2024-03-26T06:20:37.099+0000] {logging_mixin.py:151} INFO - [2024-03-26T06:20:37.098+0000] {dag.py:3696} INFO - Setting next_dagrun for example_sensors to None, run_after=None
[2024-03-26T06:20:37.124+0000] {processor.py:179} INFO - Processing /home/airflow/.local/lib/python3.8/site-packages/airflow/example_dags/example_sensors.py took 0.089 seconds
[2024-03-26T06:21:07.474+0000] {processor.py:157} INFO - Started process (PID=1214) to work on /home/airflow/.local/lib/python3.8/site-packages/airflow/example_dags/example_sensors.py
[2024-03-26T06:21:07.475+0000] {processor.py:829} INFO - Processing file /home/airflow/.local/lib/python3.8/site-packages/airflow/example_dags/example_sensors.py for tasks to queue
[2024-03-26T06:21:07.479+0000] {logging_mixin.py:151} INFO - [2024-03-26T06:21:07.478+0000] {dagbag.py:539} INFO - Filling up the DagBag from /home/airflow/.local/lib/python3.8/site-packages/airflow/example_dags/example_sensors.py
[2024-03-26T06:21:07.488+0000] {processor.py:839} INFO - DAG(s) dict_keys(['example_sensors']) retrieved from /home/airflow/.local/lib/python3.8/site-packages/airflow/example_dags/example_sensors.py
[2024-03-26T06:21:07.517+0000] {logging_mixin.py:151} INFO - [2024-03-26T06:21:07.516+0000] {dag.py:2915} INFO - Sync 1 DAGs
[2024-03-26T06:21:07.534+0000] {logging_mixin.py:151} INFO - [2024-03-26T06:21:07.533+0000] {dag.py:3696} INFO - Setting next_dagrun for example_sensors to None, run_after=None
[2024-03-26T06:21:07.556+0000] {processor.py:179} INFO - Processing /home/airflow/.local/lib/python3.8/site-packages/airflow/example_dags/example_sensors.py took 0.086 seconds
[2024-03-26T06:21:38.407+0000] {processor.py:157} INFO - Started process (PID=1268) to work on /home/airflow/.local/lib/python3.8/site-packages/airflow/example_dags/example_sensors.py
[2024-03-26T06:21:38.409+0000] {processor.py:829} INFO - Processing file /home/airflow/.local/lib/python3.8/site-packages/airflow/example_dags/example_sensors.py for tasks to queue
[2024-03-26T06:21:38.415+0000] {logging_mixin.py:151} INFO - [2024-03-26T06:21:38.414+0000] {dagbag.py:539} INFO - Filling up the DagBag from /home/airflow/.local/lib/python3.8/site-packages/airflow/example_dags/example_sensors.py
[2024-03-26T06:21:38.425+0000] {processor.py:839} INFO - DAG(s) dict_keys(['example_sensors']) retrieved from /home/airflow/.local/lib/python3.8/site-packages/airflow/example_dags/example_sensors.py
[2024-03-26T06:21:38.459+0000] {logging_mixin.py:151} INFO - [2024-03-26T06:21:38.458+0000] {dag.py:2915} INFO - Sync 1 DAGs
[2024-03-26T06:21:38.477+0000] {logging_mixin.py:151} INFO - [2024-03-26T06:21:38.476+0000] {dag.py:3696} INFO - Setting next_dagrun for example_sensors to None, run_after=None
[2024-03-26T06:21:38.499+0000] {processor.py:179} INFO - Processing /home/airflow/.local/lib/python3.8/site-packages/airflow/example_dags/example_sensors.py took 0.095 seconds
[2024-03-26T06:22:09.127+0000] {processor.py:157} INFO - Started process (PID=1322) to work on /home/airflow/.local/lib/python3.8/site-packages/airflow/example_dags/example_sensors.py
[2024-03-26T06:22:09.129+0000] {processor.py:829} INFO - Processing file /home/airflow/.local/lib/python3.8/site-packages/airflow/example_dags/example_sensors.py for tasks to queue
[2024-03-26T06:22:09.132+0000] {logging_mixin.py:151} INFO - [2024-03-26T06:22:09.131+0000] {dagbag.py:539} INFO - Filling up the DagBag from /home/airflow/.local/lib/python3.8/site-packages/airflow/example_dags/example_sensors.py
[2024-03-26T06:22:09.145+0000] {processor.py:839} INFO - DAG(s) dict_keys(['example_sensors']) retrieved from /home/airflow/.local/lib/python3.8/site-packages/airflow/example_dags/example_sensors.py
[2024-03-26T06:22:09.177+0000] {logging_mixin.py:151} INFO - [2024-03-26T06:22:09.177+0000] {dag.py:2915} INFO - Sync 1 DAGs
[2024-03-26T06:22:09.192+0000] {logging_mixin.py:151} INFO - [2024-03-26T06:22:09.191+0000] {dag.py:3696} INFO - Setting next_dagrun for example_sensors to None, run_after=None
[2024-03-26T06:22:09.221+0000] {processor.py:179} INFO - Processing /home/airflow/.local/lib/python3.8/site-packages/airflow/example_dags/example_sensors.py took 0.100 seconds
[2024-03-26T06:22:39.644+0000] {processor.py:157} INFO - Started process (PID=1376) to work on /home/airflow/.local/lib/python3.8/site-packages/airflow/example_dags/example_sensors.py
[2024-03-26T06:22:39.645+0000] {processor.py:829} INFO - Processing file /home/airflow/.local/lib/python3.8/site-packages/airflow/example_dags/example_sensors.py for tasks to queue
[2024-03-26T06:22:39.648+0000] {logging_mixin.py:151} INFO - [2024-03-26T06:22:39.647+0000] {dagbag.py:539} INFO - Filling up the DagBag from /home/airflow/.local/lib/python3.8/site-packages/airflow/example_dags/example_sensors.py
[2024-03-26T06:22:39.659+0000] {processor.py:839} INFO - DAG(s) dict_keys(['example_sensors']) retrieved from /home/airflow/.local/lib/python3.8/site-packages/airflow/example_dags/example_sensors.py
[2024-03-26T06:22:39.692+0000] {logging_mixin.py:151} INFO - [2024-03-26T06:22:39.691+0000] {dag.py:2915} INFO - Sync 1 DAGs
[2024-03-26T06:22:39.705+0000] {logging_mixin.py:151} INFO - [2024-03-26T06:22:39.705+0000] {dag.py:3696} INFO - Setting next_dagrun for example_sensors to None, run_after=None
[2024-03-26T06:22:39.726+0000] {processor.py:179} INFO - Processing /home/airflow/.local/lib/python3.8/site-packages/airflow/example_dags/example_sensors.py took 0.087 seconds
[2024-03-26T06:23:10.255+0000] {processor.py:157} INFO - Started process (PID=1430) to work on /home/airflow/.local/lib/python3.8/site-packages/airflow/example_dags/example_sensors.py
[2024-03-26T06:23:10.257+0000] {processor.py:829} INFO - Processing file /home/airflow/.local/lib/python3.8/site-packages/airflow/example_dags/example_sensors.py for tasks to queue
[2024-03-26T06:23:10.260+0000] {logging_mixin.py:151} INFO - [2024-03-26T06:23:10.260+0000] {dagbag.py:539} INFO - Filling up the DagBag from /home/airflow/.local/lib/python3.8/site-packages/airflow/example_dags/example_sensors.py
[2024-03-26T06:23:10.274+0000] {processor.py:839} INFO - DAG(s) dict_keys(['example_sensors']) retrieved from /home/airflow/.local/lib/python3.8/site-packages/airflow/example_dags/example_sensors.py
[2024-03-26T06:23:10.307+0000] {logging_mixin.py:151} INFO - [2024-03-26T06:23:10.307+0000] {dag.py:2915} INFO - Sync 1 DAGs
[2024-03-26T06:23:10.327+0000] {logging_mixin.py:151} INFO - [2024-03-26T06:23:10.326+0000] {dag.py:3696} INFO - Setting next_dagrun for example_sensors to None, run_after=None
[2024-03-26T06:23:10.348+0000] {processor.py:179} INFO - Processing /home/airflow/.local/lib/python3.8/site-packages/airflow/example_dags/example_sensors.py took 0.098 seconds
[2024-03-26T06:23:40.813+0000] {processor.py:157} INFO - Started process (PID=1484) to work on /home/airflow/.local/lib/python3.8/site-packages/airflow/example_dags/example_sensors.py
[2024-03-26T06:23:40.815+0000] {processor.py:829} INFO - Processing file /home/airflow/.local/lib/python3.8/site-packages/airflow/example_dags/example_sensors.py for tasks to queue
[2024-03-26T06:23:40.818+0000] {logging_mixin.py:151} INFO - [2024-03-26T06:23:40.818+0000] {dagbag.py:539} INFO - Filling up the DagBag from /home/airflow/.local/lib/python3.8/site-packages/airflow/example_dags/example_sensors.py
[2024-03-26T06:23:40.830+0000] {processor.py:839} INFO - DAG(s) dict_keys(['example_sensors']) retrieved from /home/airflow/.local/lib/python3.8/site-packages/airflow/example_dags/example_sensors.py
[2024-03-26T06:23:40.861+0000] {logging_mixin.py:151} INFO - [2024-03-26T06:23:40.861+0000] {dag.py:2915} INFO - Sync 1 DAGs
[2024-03-26T06:23:40.874+0000] {logging_mixin.py:151} INFO - [2024-03-26T06:23:40.874+0000] {dag.py:3696} INFO - Setting next_dagrun for example_sensors to None, run_after=None
[2024-03-26T06:23:40.897+0000] {processor.py:179} INFO - Processing /home/airflow/.local/lib/python3.8/site-packages/airflow/example_dags/example_sensors.py took 0.088 seconds
[2024-03-26T06:24:11.500+0000] {processor.py:157} INFO - Started process (PID=1538) to work on /home/airflow/.local/lib/python3.8/site-packages/airflow/example_dags/example_sensors.py
[2024-03-26T06:24:11.501+0000] {processor.py:829} INFO - Processing file /home/airflow/.local/lib/python3.8/site-packages/airflow/example_dags/example_sensors.py for tasks to queue
[2024-03-26T06:24:11.504+0000] {logging_mixin.py:151} INFO - [2024-03-26T06:24:11.504+0000] {dagbag.py:539} INFO - Filling up the DagBag from /home/airflow/.local/lib/python3.8/site-packages/airflow/example_dags/example_sensors.py
[2024-03-26T06:24:11.516+0000] {processor.py:839} INFO - DAG(s) dict_keys(['example_sensors']) retrieved from /home/airflow/.local/lib/python3.8/site-packages/airflow/example_dags/example_sensors.py
[2024-03-26T06:24:11.550+0000] {logging_mixin.py:151} INFO - [2024-03-26T06:24:11.550+0000] {dag.py:2915} INFO - Sync 1 DAGs
[2024-03-26T06:24:11.566+0000] {logging_mixin.py:151} INFO - [2024-03-26T06:24:11.565+0000] {dag.py:3696} INFO - Setting next_dagrun for example_sensors to None, run_after=None
[2024-03-26T06:24:11.589+0000] {processor.py:179} INFO - Processing /home/airflow/.local/lib/python3.8/site-packages/airflow/example_dags/example_sensors.py took 0.092 seconds
[2024-03-26T06:24:42.210+0000] {processor.py:157} INFO - Started process (PID=1592) to work on /home/airflow/.local/lib/python3.8/site-packages/airflow/example_dags/example_sensors.py
[2024-03-26T06:24:42.211+0000] {processor.py:829} INFO - Processing file /home/airflow/.local/lib/python3.8/site-packages/airflow/example_dags/example_sensors.py for tasks to queue
[2024-03-26T06:24:42.214+0000] {logging_mixin.py:151} INFO - [2024-03-26T06:24:42.214+0000] {dagbag.py:539} INFO - Filling up the DagBag from /home/airflow/.local/lib/python3.8/site-packages/airflow/example_dags/example_sensors.py
[2024-03-26T06:24:42.224+0000] {processor.py:839} INFO - DAG(s) dict_keys(['example_sensors']) retrieved from /home/airflow/.local/lib/python3.8/site-packages/airflow/example_dags/example_sensors.py
[2024-03-26T06:24:42.255+0000] {logging_mixin.py:151} INFO - [2024-03-26T06:24:42.255+0000] {dag.py:2915} INFO - Sync 1 DAGs
[2024-03-26T06:24:42.270+0000] {logging_mixin.py:151} INFO - [2024-03-26T06:24:42.270+0000] {dag.py:3696} INFO - Setting next_dagrun for example_sensors to None, run_after=None
[2024-03-26T06:24:42.289+0000] {processor.py:179} INFO - Processing /home/airflow/.local/lib/python3.8/site-packages/airflow/example_dags/example_sensors.py took 0.083 seconds
[2024-03-26T06:25:12.850+0000] {processor.py:157} INFO - Started process (PID=1646) to work on /home/airflow/.local/lib/python3.8/site-packages/airflow/example_dags/example_sensors.py
[2024-03-26T06:25:12.851+0000] {processor.py:829} INFO - Processing file /home/airflow/.local/lib/python3.8/site-packages/airflow/example_dags/example_sensors.py for tasks to queue
[2024-03-26T06:25:12.854+0000] {logging_mixin.py:151} INFO - [2024-03-26T06:25:12.854+0000] {dagbag.py:539} INFO - Filling up the DagBag from /home/airflow/.local/lib/python3.8/site-packages/airflow/example_dags/example_sensors.py
[2024-03-26T06:25:12.866+0000] {processor.py:839} INFO - DAG(s) dict_keys(['example_sensors']) retrieved from /home/airflow/.local/lib/python3.8/site-packages/airflow/example_dags/example_sensors.py
[2024-03-26T06:25:12.895+0000] {logging_mixin.py:151} INFO - [2024-03-26T06:25:12.894+0000] {dag.py:2915} INFO - Sync 1 DAGs
[2024-03-26T06:25:12.910+0000] {logging_mixin.py:151} INFO - [2024-03-26T06:25:12.910+0000] {dag.py:3696} INFO - Setting next_dagrun for example_sensors to None, run_after=None
[2024-03-26T06:25:12.930+0000] {processor.py:179} INFO - Processing /home/airflow/.local/lib/python3.8/site-packages/airflow/example_dags/example_sensors.py took 0.084 seconds
[2024-03-26T06:25:43.306+0000] {processor.py:157} INFO - Started process (PID=1700) to work on /home/airflow/.local/lib/python3.8/site-packages/airflow/example_dags/example_sensors.py
[2024-03-26T06:25:43.308+0000] {processor.py:829} INFO - Processing file /home/airflow/.local/lib/python3.8/site-packages/airflow/example_dags/example_sensors.py for tasks to queue
[2024-03-26T06:25:43.311+0000] {logging_mixin.py:151} INFO - [2024-03-26T06:25:43.310+0000] {dagbag.py:539} INFO - Filling up the DagBag from /home/airflow/.local/lib/python3.8/site-packages/airflow/example_dags/example_sensors.py
[2024-03-26T06:25:43.323+0000] {processor.py:839} INFO - DAG(s) dict_keys(['example_sensors']) retrieved from /home/airflow/.local/lib/python3.8/site-packages/airflow/example_dags/example_sensors.py
[2024-03-26T06:25:43.352+0000] {logging_mixin.py:151} INFO - [2024-03-26T06:25:43.352+0000] {dag.py:2915} INFO - Sync 1 DAGs
[2024-03-26T06:25:43.368+0000] {logging_mixin.py:151} INFO - [2024-03-26T06:25:43.368+0000] {dag.py:3696} INFO - Setting next_dagrun for example_sensors to None, run_after=None
[2024-03-26T06:25:43.391+0000] {processor.py:179} INFO - Processing /home/airflow/.local/lib/python3.8/site-packages/airflow/example_dags/example_sensors.py took 0.088 seconds
[2024-03-26T06:26:13.680+0000] {processor.py:157} INFO - Started process (PID=1754) to work on /home/airflow/.local/lib/python3.8/site-packages/airflow/example_dags/example_sensors.py
[2024-03-26T06:26:13.681+0000] {processor.py:829} INFO - Processing file /home/airflow/.local/lib/python3.8/site-packages/airflow/example_dags/example_sensors.py for tasks to queue
[2024-03-26T06:26:13.685+0000] {logging_mixin.py:151} INFO - [2024-03-26T06:26:13.684+0000] {dagbag.py:539} INFO - Filling up the DagBag from /home/airflow/.local/lib/python3.8/site-packages/airflow/example_dags/example_sensors.py
[2024-03-26T06:26:13.694+0000] {processor.py:839} INFO - DAG(s) dict_keys(['example_sensors']) retrieved from /home/airflow/.local/lib/python3.8/site-packages/airflow/example_dags/example_sensors.py
[2024-03-26T06:26:13.726+0000] {logging_mixin.py:151} INFO - [2024-03-26T06:26:13.726+0000] {dag.py:2915} INFO - Sync 1 DAGs
[2024-03-26T06:26:13.742+0000] {logging_mixin.py:151} INFO - [2024-03-26T06:26:13.742+0000] {dag.py:3696} INFO - Setting next_dagrun for example_sensors to None, run_after=None
[2024-03-26T06:26:13.767+0000] {processor.py:179} INFO - Processing /home/airflow/.local/lib/python3.8/site-packages/airflow/example_dags/example_sensors.py took 0.091 seconds
[2024-03-26T06:26:44.366+0000] {processor.py:157} INFO - Started process (PID=1808) to work on /home/airflow/.local/lib/python3.8/site-packages/airflow/example_dags/example_sensors.py
[2024-03-26T06:26:44.368+0000] {processor.py:829} INFO - Processing file /home/airflow/.local/lib/python3.8/site-packages/airflow/example_dags/example_sensors.py for tasks to queue
[2024-03-26T06:26:44.371+0000] {logging_mixin.py:151} INFO - [2024-03-26T06:26:44.370+0000] {dagbag.py:539} INFO - Filling up the DagBag from /home/airflow/.local/lib/python3.8/site-packages/airflow/example_dags/example_sensors.py
[2024-03-26T06:26:44.383+0000] {processor.py:839} INFO - DAG(s) dict_keys(['example_sensors']) retrieved from /home/airflow/.local/lib/python3.8/site-packages/airflow/example_dags/example_sensors.py
[2024-03-26T06:26:44.414+0000] {logging_mixin.py:151} INFO - [2024-03-26T06:26:44.413+0000] {dag.py:2915} INFO - Sync 1 DAGs
[2024-03-26T06:26:44.430+0000] {logging_mixin.py:151} INFO - [2024-03-26T06:26:44.429+0000] {dag.py:3696} INFO - Setting next_dagrun for example_sensors to None, run_after=None
[2024-03-26T06:26:44.450+0000] {processor.py:179} INFO - Processing /home/airflow/.local/lib/python3.8/site-packages/airflow/example_dags/example_sensors.py took 0.087 seconds
[2024-03-26T06:27:14.751+0000] {processor.py:157} INFO - Started process (PID=1862) to work on /home/airflow/.local/lib/python3.8/site-packages/airflow/example_dags/example_sensors.py
[2024-03-26T06:27:14.752+0000] {processor.py:829} INFO - Processing file /home/airflow/.local/lib/python3.8/site-packages/airflow/example_dags/example_sensors.py for tasks to queue
[2024-03-26T06:27:14.756+0000] {logging_mixin.py:151} INFO - [2024-03-26T06:27:14.755+0000] {dagbag.py:539} INFO - Filling up the DagBag from /home/airflow/.local/lib/python3.8/site-packages/airflow/example_dags/example_sensors.py
[2024-03-26T06:27:14.767+0000] {processor.py:839} INFO - DAG(s) dict_keys(['example_sensors']) retrieved from /home/airflow/.local/lib/python3.8/site-packages/airflow/example_dags/example_sensors.py
[2024-03-26T06:27:14.796+0000] {logging_mixin.py:151} INFO - [2024-03-26T06:27:14.796+0000] {dag.py:2915} INFO - Sync 1 DAGs
[2024-03-26T06:27:14.810+0000] {logging_mixin.py:151} INFO - [2024-03-26T06:27:14.810+0000] {dag.py:3696} INFO - Setting next_dagrun for example_sensors to None, run_after=None
[2024-03-26T06:27:14.835+0000] {processor.py:179} INFO - Processing /home/airflow/.local/lib/python3.8/site-packages/airflow/example_dags/example_sensors.py took 0.088 seconds
[2024-03-26T06:27:45.278+0000] {processor.py:157} INFO - Started process (PID=1916) to work on /home/airflow/.local/lib/python3.8/site-packages/airflow/example_dags/example_sensors.py
[2024-03-26T06:27:45.279+0000] {processor.py:829} INFO - Processing file /home/airflow/.local/lib/python3.8/site-packages/airflow/example_dags/example_sensors.py for tasks to queue
[2024-03-26T06:27:45.282+0000] {logging_mixin.py:151} INFO - [2024-03-26T06:27:45.282+0000] {dagbag.py:539} INFO - Filling up the DagBag from /home/airflow/.local/lib/python3.8/site-packages/airflow/example_dags/example_sensors.py
[2024-03-26T06:27:45.294+0000] {processor.py:839} INFO - DAG(s) dict_keys(['example_sensors']) retrieved from /home/airflow/.local/lib/python3.8/site-packages/airflow/example_dags/example_sensors.py
[2024-03-26T06:27:45.326+0000] {logging_mixin.py:151} INFO - [2024-03-26T06:27:45.325+0000] {dag.py:2915} INFO - Sync 1 DAGs
[2024-03-26T06:27:45.342+0000] {logging_mixin.py:151} INFO - [2024-03-26T06:27:45.342+0000] {dag.py:3696} INFO - Setting next_dagrun for example_sensors to None, run_after=None
[2024-03-26T06:27:45.364+0000] {processor.py:179} INFO - Processing /home/airflow/.local/lib/python3.8/site-packages/airflow/example_dags/example_sensors.py took 0.089 seconds
[2024-03-26T06:28:15.964+0000] {processor.py:157} INFO - Started process (PID=1970) to work on /home/airflow/.local/lib/python3.8/site-packages/airflow/example_dags/example_sensors.py
[2024-03-26T06:28:15.966+0000] {processor.py:829} INFO - Processing file /home/airflow/.local/lib/python3.8/site-packages/airflow/example_dags/example_sensors.py for tasks to queue
[2024-03-26T06:28:15.969+0000] {logging_mixin.py:151} INFO - [2024-03-26T06:28:15.968+0000] {dagbag.py:539} INFO - Filling up the DagBag from /home/airflow/.local/lib/python3.8/site-packages/airflow/example_dags/example_sensors.py
[2024-03-26T06:28:15.979+0000] {processor.py:839} INFO - DAG(s) dict_keys(['example_sensors']) retrieved from /home/airflow/.local/lib/python3.8/site-packages/airflow/example_dags/example_sensors.py
[2024-03-26T06:28:16.007+0000] {logging_mixin.py:151} INFO - [2024-03-26T06:28:16.007+0000] {dag.py:2915} INFO - Sync 1 DAGs
[2024-03-26T06:28:16.025+0000] {logging_mixin.py:151} INFO - [2024-03-26T06:28:16.025+0000] {dag.py:3696} INFO - Setting next_dagrun for example_sensors to None, run_after=None
[2024-03-26T06:28:16.051+0000] {processor.py:179} INFO - Processing /home/airflow/.local/lib/python3.8/site-packages/airflow/example_dags/example_sensors.py took 0.092 seconds
[2024-03-26T06:28:46.273+0000] {processor.py:157} INFO - Started process (PID=2024) to work on /home/airflow/.local/lib/python3.8/site-packages/airflow/example_dags/example_sensors.py
[2024-03-26T06:28:46.274+0000] {processor.py:829} INFO - Processing file /home/airflow/.local/lib/python3.8/site-packages/airflow/example_dags/example_sensors.py for tasks to queue
[2024-03-26T06:28:46.277+0000] {logging_mixin.py:151} INFO - [2024-03-26T06:28:46.277+0000] {dagbag.py:539} INFO - Filling up the DagBag from /home/airflow/.local/lib/python3.8/site-packages/airflow/example_dags/example_sensors.py
[2024-03-26T06:28:46.287+0000] {processor.py:839} INFO - DAG(s) dict_keys(['example_sensors']) retrieved from /home/airflow/.local/lib/python3.8/site-packages/airflow/example_dags/example_sensors.py
[2024-03-26T06:28:46.318+0000] {logging_mixin.py:151} INFO - [2024-03-26T06:28:46.318+0000] {dag.py:2915} INFO - Sync 1 DAGs
[2024-03-26T06:28:46.332+0000] {logging_mixin.py:151} INFO - [2024-03-26T06:28:46.332+0000] {dag.py:3696} INFO - Setting next_dagrun for example_sensors to None, run_after=None
[2024-03-26T06:28:46.356+0000] {processor.py:179} INFO - Processing /home/airflow/.local/lib/python3.8/site-packages/airflow/example_dags/example_sensors.py took 0.088 seconds
[2024-03-26T06:29:16.608+0000] {processor.py:157} INFO - Started process (PID=2078) to work on /home/airflow/.local/lib/python3.8/site-packages/airflow/example_dags/example_sensors.py
[2024-03-26T06:29:16.610+0000] {processor.py:829} INFO - Processing file /home/airflow/.local/lib/python3.8/site-packages/airflow/example_dags/example_sensors.py for tasks to queue
[2024-03-26T06:29:16.613+0000] {logging_mixin.py:151} INFO - [2024-03-26T06:29:16.612+0000] {dagbag.py:539} INFO - Filling up the DagBag from /home/airflow/.local/lib/python3.8/site-packages/airflow/example_dags/example_sensors.py
[2024-03-26T06:29:16.623+0000] {processor.py:839} INFO - DAG(s) dict_keys(['example_sensors']) retrieved from /home/airflow/.local/lib/python3.8/site-packages/airflow/example_dags/example_sensors.py
[2024-03-26T06:29:16.656+0000] {logging_mixin.py:151} INFO - [2024-03-26T06:29:16.655+0000] {dag.py:2915} INFO - Sync 1 DAGs
[2024-03-26T06:29:16.676+0000] {logging_mixin.py:151} INFO - [2024-03-26T06:29:16.675+0000] {dag.py:3696} INFO - Setting next_dagrun for example_sensors to None, run_after=None
[2024-03-26T06:29:16.704+0000] {processor.py:179} INFO - Processing /home/airflow/.local/lib/python3.8/site-packages/airflow/example_dags/example_sensors.py took 0.100 seconds
[2024-03-26T06:29:47.609+0000] {processor.py:157} INFO - Started process (PID=2132) to work on /home/airflow/.local/lib/python3.8/site-packages/airflow/example_dags/example_sensors.py
[2024-03-26T06:29:47.611+0000] {processor.py:829} INFO - Processing file /home/airflow/.local/lib/python3.8/site-packages/airflow/example_dags/example_sensors.py for tasks to queue
[2024-03-26T06:29:47.614+0000] {logging_mixin.py:151} INFO - [2024-03-26T06:29:47.613+0000] {dagbag.py:539} INFO - Filling up the DagBag from /home/airflow/.local/lib/python3.8/site-packages/airflow/example_dags/example_sensors.py
[2024-03-26T06:29:47.623+0000] {processor.py:839} INFO - DAG(s) dict_keys(['example_sensors']) retrieved from /home/airflow/.local/lib/python3.8/site-packages/airflow/example_dags/example_sensors.py
[2024-03-26T06:29:47.652+0000] {logging_mixin.py:151} INFO - [2024-03-26T06:29:47.652+0000] {dag.py:2915} INFO - Sync 1 DAGs
[2024-03-26T06:29:47.667+0000] {logging_mixin.py:151} INFO - [2024-03-26T06:29:47.667+0000] {dag.py:3696} INFO - Setting next_dagrun for example_sensors to None, run_after=None
[2024-03-26T06:29:47.701+0000] {processor.py:179} INFO - Processing /home/airflow/.local/lib/python3.8/site-packages/airflow/example_dags/example_sensors.py took 0.096 seconds
[2024-03-26T06:30:17.843+0000] {processor.py:157} INFO - Started process (PID=2186) to work on /home/airflow/.local/lib/python3.8/site-packages/airflow/example_dags/example_sensors.py
[2024-03-26T06:30:17.844+0000] {processor.py:829} INFO - Processing file /home/airflow/.local/lib/python3.8/site-packages/airflow/example_dags/example_sensors.py for tasks to queue
[2024-03-26T06:30:17.847+0000] {logging_mixin.py:151} INFO - [2024-03-26T06:30:17.847+0000] {dagbag.py:539} INFO - Filling up the DagBag from /home/airflow/.local/lib/python3.8/site-packages/airflow/example_dags/example_sensors.py
[2024-03-26T06:30:17.859+0000] {processor.py:839} INFO - DAG(s) dict_keys(['example_sensors']) retrieved from /home/airflow/.local/lib/python3.8/site-packages/airflow/example_dags/example_sensors.py
[2024-03-26T06:30:17.891+0000] {logging_mixin.py:151} INFO - [2024-03-26T06:30:17.890+0000] {dag.py:2915} INFO - Sync 1 DAGs
[2024-03-26T06:30:17.907+0000] {logging_mixin.py:151} INFO - [2024-03-26T06:30:17.907+0000] {dag.py:3696} INFO - Setting next_dagrun for example_sensors to None, run_after=None
[2024-03-26T06:30:17.931+0000] {processor.py:179} INFO - Processing /home/airflow/.local/lib/python3.8/site-packages/airflow/example_dags/example_sensors.py took 0.092 seconds
[2024-03-26T06:30:48.077+0000] {processor.py:157} INFO - Started process (PID=2239) to work on /home/airflow/.local/lib/python3.8/site-packages/airflow/example_dags/example_sensors.py
[2024-03-26T06:30:48.079+0000] {processor.py:829} INFO - Processing file /home/airflow/.local/lib/python3.8/site-packages/airflow/example_dags/example_sensors.py for tasks to queue
[2024-03-26T06:30:48.082+0000] {logging_mixin.py:151} INFO - [2024-03-26T06:30:48.081+0000] {dagbag.py:539} INFO - Filling up the DagBag from /home/airflow/.local/lib/python3.8/site-packages/airflow/example_dags/example_sensors.py
[2024-03-26T06:30:48.094+0000] {processor.py:839} INFO - DAG(s) dict_keys(['example_sensors']) retrieved from /home/airflow/.local/lib/python3.8/site-packages/airflow/example_dags/example_sensors.py
[2024-03-26T06:30:48.127+0000] {logging_mixin.py:151} INFO - [2024-03-26T06:30:48.126+0000] {dag.py:2915} INFO - Sync 1 DAGs
[2024-03-26T06:30:48.142+0000] {logging_mixin.py:151} INFO - [2024-03-26T06:30:48.141+0000] {dag.py:3696} INFO - Setting next_dagrun for example_sensors to None, run_after=None
[2024-03-26T06:30:48.163+0000] {processor.py:179} INFO - Processing /home/airflow/.local/lib/python3.8/site-packages/airflow/example_dags/example_sensors.py took 0.090 seconds
[2024-03-26T06:31:18.262+0000] {processor.py:157} INFO - Started process (PID=2293) to work on /home/airflow/.local/lib/python3.8/site-packages/airflow/example_dags/example_sensors.py
[2024-03-26T06:31:18.264+0000] {processor.py:829} INFO - Processing file /home/airflow/.local/lib/python3.8/site-packages/airflow/example_dags/example_sensors.py for tasks to queue
[2024-03-26T06:31:18.267+0000] {logging_mixin.py:151} INFO - [2024-03-26T06:31:18.267+0000] {dagbag.py:539} INFO - Filling up the DagBag from /home/airflow/.local/lib/python3.8/site-packages/airflow/example_dags/example_sensors.py
[2024-03-26T06:31:18.279+0000] {processor.py:839} INFO - DAG(s) dict_keys(['example_sensors']) retrieved from /home/airflow/.local/lib/python3.8/site-packages/airflow/example_dags/example_sensors.py
[2024-03-26T06:31:18.309+0000] {logging_mixin.py:151} INFO - [2024-03-26T06:31:18.309+0000] {dag.py:2915} INFO - Sync 1 DAGs
[2024-03-26T06:31:18.323+0000] {logging_mixin.py:151} INFO - [2024-03-26T06:31:18.322+0000] {dag.py:3696} INFO - Setting next_dagrun for example_sensors to None, run_after=None
[2024-03-26T06:31:18.355+0000] {processor.py:179} INFO - Processing /home/airflow/.local/lib/python3.8/site-packages/airflow/example_dags/example_sensors.py took 0.098 seconds
[2024-03-26T06:31:48.508+0000] {processor.py:157} INFO - Started process (PID=2347) to work on /home/airflow/.local/lib/python3.8/site-packages/airflow/example_dags/example_sensors.py
[2024-03-26T06:31:48.510+0000] {processor.py:829} INFO - Processing file /home/airflow/.local/lib/python3.8/site-packages/airflow/example_dags/example_sensors.py for tasks to queue
[2024-03-26T06:31:48.513+0000] {logging_mixin.py:151} INFO - [2024-03-26T06:31:48.512+0000] {dagbag.py:539} INFO - Filling up the DagBag from /home/airflow/.local/lib/python3.8/site-packages/airflow/example_dags/example_sensors.py
[2024-03-26T06:31:48.525+0000] {processor.py:839} INFO - DAG(s) dict_keys(['example_sensors']) retrieved from /home/airflow/.local/lib/python3.8/site-packages/airflow/example_dags/example_sensors.py
[2024-03-26T06:31:48.560+0000] {logging_mixin.py:151} INFO - [2024-03-26T06:31:48.560+0000] {dag.py:2915} INFO - Sync 1 DAGs
[2024-03-26T06:31:48.577+0000] {logging_mixin.py:151} INFO - [2024-03-26T06:31:48.577+0000] {dag.py:3696} INFO - Setting next_dagrun for example_sensors to None, run_after=None
[2024-03-26T06:31:48.609+0000] {processor.py:179} INFO - Processing /home/airflow/.local/lib/python3.8/site-packages/airflow/example_dags/example_sensors.py took 0.105 seconds
[2024-03-26T06:32:18.834+0000] {processor.py:157} INFO - Started process (PID=2401) to work on /home/airflow/.local/lib/python3.8/site-packages/airflow/example_dags/example_sensors.py
[2024-03-26T06:32:18.836+0000] {processor.py:829} INFO - Processing file /home/airflow/.local/lib/python3.8/site-packages/airflow/example_dags/example_sensors.py for tasks to queue
[2024-03-26T06:32:18.839+0000] {logging_mixin.py:151} INFO - [2024-03-26T06:32:18.838+0000] {dagbag.py:539} INFO - Filling up the DagBag from /home/airflow/.local/lib/python3.8/site-packages/airflow/example_dags/example_sensors.py
[2024-03-26T06:32:18.851+0000] {processor.py:839} INFO - DAG(s) dict_keys(['example_sensors']) retrieved from /home/airflow/.local/lib/python3.8/site-packages/airflow/example_dags/example_sensors.py
[2024-03-26T06:32:18.883+0000] {logging_mixin.py:151} INFO - [2024-03-26T06:32:18.883+0000] {dag.py:2915} INFO - Sync 1 DAGs
[2024-03-26T06:32:18.901+0000] {logging_mixin.py:151} INFO - [2024-03-26T06:32:18.901+0000] {dag.py:3696} INFO - Setting next_dagrun for example_sensors to None, run_after=None
[2024-03-26T06:32:18.938+0000] {processor.py:179} INFO - Processing /home/airflow/.local/lib/python3.8/site-packages/airflow/example_dags/example_sensors.py took 0.107 seconds
[2024-03-26T06:32:49.320+0000] {processor.py:157} INFO - Started process (PID=2455) to work on /home/airflow/.local/lib/python3.8/site-packages/airflow/example_dags/example_sensors.py
[2024-03-26T06:32:49.322+0000] {processor.py:829} INFO - Processing file /home/airflow/.local/lib/python3.8/site-packages/airflow/example_dags/example_sensors.py for tasks to queue
[2024-03-26T06:32:49.326+0000] {logging_mixin.py:151} INFO - [2024-03-26T06:32:49.325+0000] {dagbag.py:539} INFO - Filling up the DagBag from /home/airflow/.local/lib/python3.8/site-packages/airflow/example_dags/example_sensors.py
[2024-03-26T06:32:49.336+0000] {processor.py:839} INFO - DAG(s) dict_keys(['example_sensors']) retrieved from /home/airflow/.local/lib/python3.8/site-packages/airflow/example_dags/example_sensors.py
[2024-03-26T06:32:49.368+0000] {logging_mixin.py:151} INFO - [2024-03-26T06:32:49.367+0000] {dag.py:2915} INFO - Sync 1 DAGs
[2024-03-26T06:32:49.381+0000] {logging_mixin.py:151} INFO - [2024-03-26T06:32:49.381+0000] {dag.py:3696} INFO - Setting next_dagrun for example_sensors to None, run_after=None
[2024-03-26T06:32:49.416+0000] {processor.py:179} INFO - Processing /home/airflow/.local/lib/python3.8/site-packages/airflow/example_dags/example_sensors.py took 0.099 seconds
[2024-03-26T06:33:19.701+0000] {processor.py:157} INFO - Started process (PID=2509) to work on /home/airflow/.local/lib/python3.8/site-packages/airflow/example_dags/example_sensors.py
[2024-03-26T06:33:19.703+0000] {processor.py:829} INFO - Processing file /home/airflow/.local/lib/python3.8/site-packages/airflow/example_dags/example_sensors.py for tasks to queue
[2024-03-26T06:33:19.705+0000] {logging_mixin.py:151} INFO - [2024-03-26T06:33:19.705+0000] {dagbag.py:539} INFO - Filling up the DagBag from /home/airflow/.local/lib/python3.8/site-packages/airflow/example_dags/example_sensors.py
[2024-03-26T06:33:19.715+0000] {processor.py:839} INFO - DAG(s) dict_keys(['example_sensors']) retrieved from /home/airflow/.local/lib/python3.8/site-packages/airflow/example_dags/example_sensors.py
[2024-03-26T06:33:19.747+0000] {logging_mixin.py:151} INFO - [2024-03-26T06:33:19.747+0000] {dag.py:2915} INFO - Sync 1 DAGs
[2024-03-26T06:33:19.762+0000] {logging_mixin.py:151} INFO - [2024-03-26T06:33:19.762+0000] {dag.py:3696} INFO - Setting next_dagrun for example_sensors to None, run_after=None
[2024-03-26T06:33:19.797+0000] {processor.py:179} INFO - Processing /home/airflow/.local/lib/python3.8/site-packages/airflow/example_dags/example_sensors.py took 0.100 seconds
[2024-03-26T06:33:50.479+0000] {processor.py:157} INFO - Started process (PID=2563) to work on /home/airflow/.local/lib/python3.8/site-packages/airflow/example_dags/example_sensors.py
[2024-03-26T06:33:50.481+0000] {processor.py:829} INFO - Processing file /home/airflow/.local/lib/python3.8/site-packages/airflow/example_dags/example_sensors.py for tasks to queue
[2024-03-26T06:33:50.485+0000] {logging_mixin.py:151} INFO - [2024-03-26T06:33:50.484+0000] {dagbag.py:539} INFO - Filling up the DagBag from /home/airflow/.local/lib/python3.8/site-packages/airflow/example_dags/example_sensors.py
[2024-03-26T06:33:50.501+0000] {processor.py:839} INFO - DAG(s) dict_keys(['example_sensors']) retrieved from /home/airflow/.local/lib/python3.8/site-packages/airflow/example_dags/example_sensors.py
[2024-03-26T06:33:50.540+0000] {logging_mixin.py:151} INFO - [2024-03-26T06:33:50.539+0000] {dag.py:2915} INFO - Sync 1 DAGs
[2024-03-26T06:33:50.559+0000] {logging_mixin.py:151} INFO - [2024-03-26T06:33:50.558+0000] {dag.py:3696} INFO - Setting next_dagrun for example_sensors to None, run_after=None
[2024-03-26T06:33:50.589+0000] {processor.py:179} INFO - Processing /home/airflow/.local/lib/python3.8/site-packages/airflow/example_dags/example_sensors.py took 0.116 seconds
