[2024-03-26T06:04:13.100+0000] {processor.py:157} INFO - Started process (PID=73) to work on /home/airflow/.local/lib/python3.8/site-packages/airflow/example_dags/example_branch_labels.py
[2024-03-26T06:04:13.102+0000] {processor.py:829} INFO - Processing file /home/airflow/.local/lib/python3.8/site-packages/airflow/example_dags/example_branch_labels.py for tasks to queue
[2024-03-26T06:04:13.107+0000] {logging_mixin.py:151} INFO - [2024-03-26T06:04:13.106+0000] {dagbag.py:539} INFO - Filling up the DagBag from /home/airflow/.local/lib/python3.8/site-packages/airflow/example_dags/example_branch_labels.py
[2024-03-26T06:04:13.118+0000] {processor.py:839} INFO - DAG(s) dict_keys(['example_branch_labels']) retrieved from /home/airflow/.local/lib/python3.8/site-packages/airflow/example_dags/example_branch_labels.py
[2024-03-26T06:04:13.284+0000] {logging_mixin.py:151} INFO - [2024-03-26T06:04:13.283+0000] {manager.py:499} INFO - Created Permission View: %s
[2024-03-26T06:04:13.302+0000] {logging_mixin.py:151} INFO - [2024-03-26T06:04:13.302+0000] {manager.py:499} INFO - Created Permission View: %s
[2024-03-26T06:04:13.321+0000] {logging_mixin.py:151} INFO - [2024-03-26T06:04:13.321+0000] {manager.py:499} INFO - Created Permission View: %s
[2024-03-26T06:04:13.322+0000] {logging_mixin.py:151} INFO - [2024-03-26T06:04:13.322+0000] {security.py:708} INFO - Not syncing DAG-level permissions for DAG 'DAG:example_branch_labels' as access control is unset.
[2024-03-26T06:04:13.323+0000] {logging_mixin.py:151} INFO - [2024-03-26T06:04:13.323+0000] {dag.py:2915} INFO - Sync 1 DAGs
[2024-03-26T06:04:13.340+0000] {logging_mixin.py:151} INFO - [2024-03-26T06:04:13.340+0000] {dag.py:2937} INFO - Creating ORM DAG for example_branch_labels
[2024-03-26T06:04:13.363+0000] {logging_mixin.py:151} INFO - [2024-03-26T06:04:13.363+0000] {dag.py:3696} INFO - Setting next_dagrun for example_branch_labels to 2024-03-25T00:00:00+00:00, run_after=2024-03-26T00:00:00+00:00
[2024-03-26T06:04:13.395+0000] {processor.py:179} INFO - Processing /home/airflow/.local/lib/python3.8/site-packages/airflow/example_dags/example_branch_labels.py took 0.300 seconds
[2024-03-26T06:04:44.514+0000] {processor.py:157} INFO - Started process (PID=127) to work on /home/airflow/.local/lib/python3.8/site-packages/airflow/example_dags/example_branch_labels.py
[2024-03-26T06:04:44.517+0000] {processor.py:829} INFO - Processing file /home/airflow/.local/lib/python3.8/site-packages/airflow/example_dags/example_branch_labels.py for tasks to queue
[2024-03-26T06:04:44.520+0000] {logging_mixin.py:151} INFO - [2024-03-26T06:04:44.519+0000] {dagbag.py:539} INFO - Filling up the DagBag from /home/airflow/.local/lib/python3.8/site-packages/airflow/example_dags/example_branch_labels.py
[2024-03-26T06:04:44.529+0000] {processor.py:839} INFO - DAG(s) dict_keys(['example_branch_labels']) retrieved from /home/airflow/.local/lib/python3.8/site-packages/airflow/example_dags/example_branch_labels.py
[2024-03-26T06:04:44.567+0000] {logging_mixin.py:151} INFO - [2024-03-26T06:04:44.567+0000] {dag.py:2915} INFO - Sync 1 DAGs
[2024-03-26T06:04:44.605+0000] {logging_mixin.py:151} INFO - [2024-03-26T06:04:44.605+0000] {dag.py:3696} INFO - Setting next_dagrun for example_branch_labels to 2024-03-25T00:00:00+00:00, run_after=2024-03-26T00:00:00+00:00
[2024-03-26T06:04:44.636+0000] {processor.py:179} INFO - Processing /home/airflow/.local/lib/python3.8/site-packages/airflow/example_dags/example_branch_labels.py took 0.125 seconds
[2024-03-26T06:05:15.955+0000] {processor.py:157} INFO - Started process (PID=181) to work on /home/airflow/.local/lib/python3.8/site-packages/airflow/example_dags/example_branch_labels.py
[2024-03-26T06:05:15.980+0000] {processor.py:829} INFO - Processing file /home/airflow/.local/lib/python3.8/site-packages/airflow/example_dags/example_branch_labels.py for tasks to queue
[2024-03-26T06:05:15.984+0000] {logging_mixin.py:151} INFO - [2024-03-26T06:05:15.984+0000] {dagbag.py:539} INFO - Filling up the DagBag from /home/airflow/.local/lib/python3.8/site-packages/airflow/example_dags/example_branch_labels.py
[2024-03-26T06:05:16.008+0000] {processor.py:839} INFO - DAG(s) dict_keys(['example_branch_labels']) retrieved from /home/airflow/.local/lib/python3.8/site-packages/airflow/example_dags/example_branch_labels.py
[2024-03-26T06:05:16.059+0000] {logging_mixin.py:151} INFO - [2024-03-26T06:05:16.059+0000] {dag.py:2915} INFO - Sync 1 DAGs
[2024-03-26T06:05:16.105+0000] {logging_mixin.py:151} INFO - [2024-03-26T06:05:16.105+0000] {dag.py:3696} INFO - Setting next_dagrun for example_branch_labels to 2024-03-25T00:00:00+00:00, run_after=2024-03-26T00:00:00+00:00
[2024-03-26T06:05:16.148+0000] {processor.py:179} INFO - Processing /home/airflow/.local/lib/python3.8/site-packages/airflow/example_dags/example_branch_labels.py took 0.204 seconds
[2024-03-26T06:05:48.175+0000] {processor.py:157} INFO - Started process (PID=235) to work on /home/airflow/.local/lib/python3.8/site-packages/airflow/example_dags/example_branch_labels.py
[2024-03-26T06:05:48.177+0000] {processor.py:829} INFO - Processing file /home/airflow/.local/lib/python3.8/site-packages/airflow/example_dags/example_branch_labels.py for tasks to queue
[2024-03-26T06:05:48.183+0000] {logging_mixin.py:151} INFO - [2024-03-26T06:05:48.182+0000] {dagbag.py:539} INFO - Filling up the DagBag from /home/airflow/.local/lib/python3.8/site-packages/airflow/example_dags/example_branch_labels.py
[2024-03-26T06:05:48.196+0000] {processor.py:839} INFO - DAG(s) dict_keys(['example_branch_labels']) retrieved from /home/airflow/.local/lib/python3.8/site-packages/airflow/example_dags/example_branch_labels.py
[2024-03-26T06:05:48.231+0000] {logging_mixin.py:151} INFO - [2024-03-26T06:05:48.230+0000] {dag.py:2915} INFO - Sync 1 DAGs
[2024-03-26T06:05:48.266+0000] {logging_mixin.py:151} INFO - [2024-03-26T06:05:48.266+0000] {dag.py:3696} INFO - Setting next_dagrun for example_branch_labels to 2024-03-25T00:00:00+00:00, run_after=2024-03-26T00:00:00+00:00
[2024-03-26T06:05:48.299+0000] {processor.py:179} INFO - Processing /home/airflow/.local/lib/python3.8/site-packages/airflow/example_dags/example_branch_labels.py took 0.129 seconds
[2024-03-26T06:06:20.616+0000] {processor.py:157} INFO - Started process (PID=296) to work on /home/airflow/.local/lib/python3.8/site-packages/airflow/example_dags/example_branch_labels.py
[2024-03-26T06:06:20.618+0000] {processor.py:829} INFO - Processing file /home/airflow/.local/lib/python3.8/site-packages/airflow/example_dags/example_branch_labels.py for tasks to queue
[2024-03-26T06:06:20.622+0000] {logging_mixin.py:151} INFO - [2024-03-26T06:06:20.621+0000] {dagbag.py:539} INFO - Filling up the DagBag from /home/airflow/.local/lib/python3.8/site-packages/airflow/example_dags/example_branch_labels.py
[2024-03-26T06:06:20.636+0000] {processor.py:839} INFO - DAG(s) dict_keys(['example_branch_labels']) retrieved from /home/airflow/.local/lib/python3.8/site-packages/airflow/example_dags/example_branch_labels.py
[2024-03-26T06:06:20.693+0000] {logging_mixin.py:151} INFO - [2024-03-26T06:06:20.693+0000] {dag.py:2915} INFO - Sync 1 DAGs
[2024-03-26T06:06:20.752+0000] {logging_mixin.py:151} INFO - [2024-03-26T06:06:20.752+0000] {dag.py:3696} INFO - Setting next_dagrun for example_branch_labels to 2024-03-25T00:00:00+00:00, run_after=2024-03-26T00:00:00+00:00
[2024-03-26T06:06:20.792+0000] {processor.py:179} INFO - Processing /home/airflow/.local/lib/python3.8/site-packages/airflow/example_dags/example_branch_labels.py took 0.181 seconds
[2024-03-26T06:06:53.323+0000] {processor.py:157} INFO - Started process (PID=350) to work on /home/airflow/.local/lib/python3.8/site-packages/airflow/example_dags/example_branch_labels.py
[2024-03-26T06:06:53.325+0000] {processor.py:829} INFO - Processing file /home/airflow/.local/lib/python3.8/site-packages/airflow/example_dags/example_branch_labels.py for tasks to queue
[2024-03-26T06:06:53.332+0000] {logging_mixin.py:151} INFO - [2024-03-26T06:06:53.331+0000] {dagbag.py:539} INFO - Filling up the DagBag from /home/airflow/.local/lib/python3.8/site-packages/airflow/example_dags/example_branch_labels.py
[2024-03-26T06:06:53.347+0000] {processor.py:839} INFO - DAG(s) dict_keys(['example_branch_labels']) retrieved from /home/airflow/.local/lib/python3.8/site-packages/airflow/example_dags/example_branch_labels.py
[2024-03-26T06:06:53.383+0000] {logging_mixin.py:151} INFO - [2024-03-26T06:06:53.383+0000] {dag.py:2915} INFO - Sync 1 DAGs
[2024-03-26T06:06:53.427+0000] {logging_mixin.py:151} INFO - [2024-03-26T06:06:53.427+0000] {dag.py:3696} INFO - Setting next_dagrun for example_branch_labels to 2024-03-25T00:00:00+00:00, run_after=2024-03-26T00:00:00+00:00
[2024-03-26T06:06:53.461+0000] {processor.py:179} INFO - Processing /home/airflow/.local/lib/python3.8/site-packages/airflow/example_dags/example_branch_labels.py took 0.142 seconds
[2024-03-26T06:07:25.402+0000] {processor.py:157} INFO - Started process (PID=404) to work on /home/airflow/.local/lib/python3.8/site-packages/airflow/example_dags/example_branch_labels.py
[2024-03-26T06:07:25.404+0000] {processor.py:829} INFO - Processing file /home/airflow/.local/lib/python3.8/site-packages/airflow/example_dags/example_branch_labels.py for tasks to queue
[2024-03-26T06:07:25.408+0000] {logging_mixin.py:151} INFO - [2024-03-26T06:07:25.408+0000] {dagbag.py:539} INFO - Filling up the DagBag from /home/airflow/.local/lib/python3.8/site-packages/airflow/example_dags/example_branch_labels.py
[2024-03-26T06:07:25.420+0000] {processor.py:839} INFO - DAG(s) dict_keys(['example_branch_labels']) retrieved from /home/airflow/.local/lib/python3.8/site-packages/airflow/example_dags/example_branch_labels.py
[2024-03-26T06:07:25.448+0000] {logging_mixin.py:151} INFO - [2024-03-26T06:07:25.448+0000] {dag.py:2915} INFO - Sync 1 DAGs
[2024-03-26T06:07:25.483+0000] {logging_mixin.py:151} INFO - [2024-03-26T06:07:25.483+0000] {dag.py:3696} INFO - Setting next_dagrun for example_branch_labels to 2024-03-25T00:00:00+00:00, run_after=2024-03-26T00:00:00+00:00
[2024-03-26T06:07:25.513+0000] {processor.py:179} INFO - Processing /home/airflow/.local/lib/python3.8/site-packages/airflow/example_dags/example_branch_labels.py took 0.114 seconds
[2024-03-26T06:07:56.044+0000] {processor.py:157} INFO - Started process (PID=458) to work on /home/airflow/.local/lib/python3.8/site-packages/airflow/example_dags/example_branch_labels.py
[2024-03-26T06:07:56.045+0000] {processor.py:829} INFO - Processing file /home/airflow/.local/lib/python3.8/site-packages/airflow/example_dags/example_branch_labels.py for tasks to queue
[2024-03-26T06:07:56.048+0000] {logging_mixin.py:151} INFO - [2024-03-26T06:07:56.048+0000] {dagbag.py:539} INFO - Filling up the DagBag from /home/airflow/.local/lib/python3.8/site-packages/airflow/example_dags/example_branch_labels.py
[2024-03-26T06:07:56.060+0000] {processor.py:839} INFO - DAG(s) dict_keys(['example_branch_labels']) retrieved from /home/airflow/.local/lib/python3.8/site-packages/airflow/example_dags/example_branch_labels.py
[2024-03-26T06:07:56.087+0000] {logging_mixin.py:151} INFO - [2024-03-26T06:07:56.087+0000] {dag.py:2915} INFO - Sync 1 DAGs
[2024-03-26T06:07:56.116+0000] {logging_mixin.py:151} INFO - [2024-03-26T06:07:56.116+0000] {dag.py:3696} INFO - Setting next_dagrun for example_branch_labels to 2024-03-25T00:00:00+00:00, run_after=2024-03-26T00:00:00+00:00
[2024-03-26T06:07:56.140+0000] {processor.py:179} INFO - Processing /home/airflow/.local/lib/python3.8/site-packages/airflow/example_dags/example_branch_labels.py took 0.100 seconds
[2024-03-26T06:08:26.896+0000] {processor.py:157} INFO - Started process (PID=512) to work on /home/airflow/.local/lib/python3.8/site-packages/airflow/example_dags/example_branch_labels.py
[2024-03-26T06:08:26.898+0000] {processor.py:829} INFO - Processing file /home/airflow/.local/lib/python3.8/site-packages/airflow/example_dags/example_branch_labels.py for tasks to queue
[2024-03-26T06:08:26.903+0000] {logging_mixin.py:151} INFO - [2024-03-26T06:08:26.902+0000] {dagbag.py:539} INFO - Filling up the DagBag from /home/airflow/.local/lib/python3.8/site-packages/airflow/example_dags/example_branch_labels.py
[2024-03-26T06:08:26.915+0000] {processor.py:839} INFO - DAG(s) dict_keys(['example_branch_labels']) retrieved from /home/airflow/.local/lib/python3.8/site-packages/airflow/example_dags/example_branch_labels.py
[2024-03-26T06:08:26.947+0000] {logging_mixin.py:151} INFO - [2024-03-26T06:08:26.947+0000] {dag.py:2915} INFO - Sync 1 DAGs
[2024-03-26T06:08:26.981+0000] {logging_mixin.py:151} INFO - [2024-03-26T06:08:26.981+0000] {dag.py:3696} INFO - Setting next_dagrun for example_branch_labels to 2024-03-25T00:00:00+00:00, run_after=2024-03-26T00:00:00+00:00
[2024-03-26T06:08:27.009+0000] {processor.py:179} INFO - Processing /home/airflow/.local/lib/python3.8/site-packages/airflow/example_dags/example_branch_labels.py took 0.117 seconds
[2024-03-26T06:08:57.298+0000] {processor.py:157} INFO - Started process (PID=566) to work on /home/airflow/.local/lib/python3.8/site-packages/airflow/example_dags/example_branch_labels.py
[2024-03-26T06:08:57.299+0000] {processor.py:829} INFO - Processing file /home/airflow/.local/lib/python3.8/site-packages/airflow/example_dags/example_branch_labels.py for tasks to queue
[2024-03-26T06:08:57.302+0000] {logging_mixin.py:151} INFO - [2024-03-26T06:08:57.302+0000] {dagbag.py:539} INFO - Filling up the DagBag from /home/airflow/.local/lib/python3.8/site-packages/airflow/example_dags/example_branch_labels.py
[2024-03-26T06:08:57.312+0000] {processor.py:839} INFO - DAG(s) dict_keys(['example_branch_labels']) retrieved from /home/airflow/.local/lib/python3.8/site-packages/airflow/example_dags/example_branch_labels.py
[2024-03-26T06:08:57.336+0000] {logging_mixin.py:151} INFO - [2024-03-26T06:08:57.335+0000] {dag.py:2915} INFO - Sync 1 DAGs
[2024-03-26T06:08:57.364+0000] {logging_mixin.py:151} INFO - [2024-03-26T06:08:57.364+0000] {dag.py:3696} INFO - Setting next_dagrun for example_branch_labels to 2024-03-25T00:00:00+00:00, run_after=2024-03-26T00:00:00+00:00
[2024-03-26T06:08:57.385+0000] {processor.py:179} INFO - Processing /home/airflow/.local/lib/python3.8/site-packages/airflow/example_dags/example_branch_labels.py took 0.090 seconds
[2024-03-26T06:09:28.487+0000] {processor.py:157} INFO - Started process (PID=620) to work on /home/airflow/.local/lib/python3.8/site-packages/airflow/example_dags/example_branch_labels.py
[2024-03-26T06:09:28.488+0000] {processor.py:829} INFO - Processing file /home/airflow/.local/lib/python3.8/site-packages/airflow/example_dags/example_branch_labels.py for tasks to queue
[2024-03-26T06:09:28.492+0000] {logging_mixin.py:151} INFO - [2024-03-26T06:09:28.491+0000] {dagbag.py:539} INFO - Filling up the DagBag from /home/airflow/.local/lib/python3.8/site-packages/airflow/example_dags/example_branch_labels.py
[2024-03-26T06:09:28.504+0000] {processor.py:839} INFO - DAG(s) dict_keys(['example_branch_labels']) retrieved from /home/airflow/.local/lib/python3.8/site-packages/airflow/example_dags/example_branch_labels.py
[2024-03-26T06:09:28.535+0000] {logging_mixin.py:151} INFO - [2024-03-26T06:09:28.535+0000] {dag.py:2915} INFO - Sync 1 DAGs
[2024-03-26T06:09:28.569+0000] {logging_mixin.py:151} INFO - [2024-03-26T06:09:28.569+0000] {dag.py:3696} INFO - Setting next_dagrun for example_branch_labels to 2024-03-25T00:00:00+00:00, run_after=2024-03-26T00:00:00+00:00
[2024-03-26T06:09:28.597+0000] {processor.py:179} INFO - Processing /home/airflow/.local/lib/python3.8/site-packages/airflow/example_dags/example_branch_labels.py took 0.115 seconds
[2024-03-26T06:09:59.278+0000] {processor.py:157} INFO - Started process (PID=674) to work on /home/airflow/.local/lib/python3.8/site-packages/airflow/example_dags/example_branch_labels.py
[2024-03-26T06:09:59.279+0000] {processor.py:829} INFO - Processing file /home/airflow/.local/lib/python3.8/site-packages/airflow/example_dags/example_branch_labels.py for tasks to queue
[2024-03-26T06:09:59.283+0000] {logging_mixin.py:151} INFO - [2024-03-26T06:09:59.282+0000] {dagbag.py:539} INFO - Filling up the DagBag from /home/airflow/.local/lib/python3.8/site-packages/airflow/example_dags/example_branch_labels.py
[2024-03-26T06:09:59.292+0000] {processor.py:839} INFO - DAG(s) dict_keys(['example_branch_labels']) retrieved from /home/airflow/.local/lib/python3.8/site-packages/airflow/example_dags/example_branch_labels.py
[2024-03-26T06:09:59.321+0000] {logging_mixin.py:151} INFO - [2024-03-26T06:09:59.321+0000] {dag.py:2915} INFO - Sync 1 DAGs
[2024-03-26T06:09:59.350+0000] {logging_mixin.py:151} INFO - [2024-03-26T06:09:59.350+0000] {dag.py:3696} INFO - Setting next_dagrun for example_branch_labels to 2024-03-25T00:00:00+00:00, run_after=2024-03-26T00:00:00+00:00
[2024-03-26T06:09:59.379+0000] {processor.py:179} INFO - Processing /home/airflow/.local/lib/python3.8/site-packages/airflow/example_dags/example_branch_labels.py took 0.105 seconds
[2024-03-26T06:10:29.830+0000] {processor.py:157} INFO - Started process (PID=728) to work on /home/airflow/.local/lib/python3.8/site-packages/airflow/example_dags/example_branch_labels.py
[2024-03-26T06:10:29.832+0000] {processor.py:829} INFO - Processing file /home/airflow/.local/lib/python3.8/site-packages/airflow/example_dags/example_branch_labels.py for tasks to queue
[2024-03-26T06:10:29.836+0000] {logging_mixin.py:151} INFO - [2024-03-26T06:10:29.836+0000] {dagbag.py:539} INFO - Filling up the DagBag from /home/airflow/.local/lib/python3.8/site-packages/airflow/example_dags/example_branch_labels.py
[2024-03-26T06:10:29.845+0000] {processor.py:839} INFO - DAG(s) dict_keys(['example_branch_labels']) retrieved from /home/airflow/.local/lib/python3.8/site-packages/airflow/example_dags/example_branch_labels.py
[2024-03-26T06:10:29.871+0000] {logging_mixin.py:151} INFO - [2024-03-26T06:10:29.870+0000] {dag.py:2915} INFO - Sync 1 DAGs
[2024-03-26T06:10:29.899+0000] {logging_mixin.py:151} INFO - [2024-03-26T06:10:29.898+0000] {dag.py:3696} INFO - Setting next_dagrun for example_branch_labels to 2024-03-25T00:00:00+00:00, run_after=2024-03-26T00:00:00+00:00
[2024-03-26T06:10:29.921+0000] {processor.py:179} INFO - Processing /home/airflow/.local/lib/python3.8/site-packages/airflow/example_dags/example_branch_labels.py took 0.095 seconds
[2024-03-26T06:11:00.325+0000] {processor.py:157} INFO - Started process (PID=782) to work on /home/airflow/.local/lib/python3.8/site-packages/airflow/example_dags/example_branch_labels.py
[2024-03-26T06:11:00.327+0000] {processor.py:829} INFO - Processing file /home/airflow/.local/lib/python3.8/site-packages/airflow/example_dags/example_branch_labels.py for tasks to queue
[2024-03-26T06:11:00.330+0000] {logging_mixin.py:151} INFO - [2024-03-26T06:11:00.329+0000] {dagbag.py:539} INFO - Filling up the DagBag from /home/airflow/.local/lib/python3.8/site-packages/airflow/example_dags/example_branch_labels.py
[2024-03-26T06:11:00.340+0000] {processor.py:839} INFO - DAG(s) dict_keys(['example_branch_labels']) retrieved from /home/airflow/.local/lib/python3.8/site-packages/airflow/example_dags/example_branch_labels.py
[2024-03-26T06:11:00.366+0000] {logging_mixin.py:151} INFO - [2024-03-26T06:11:00.366+0000] {dag.py:2915} INFO - Sync 1 DAGs
[2024-03-26T06:11:00.393+0000] {logging_mixin.py:151} INFO - [2024-03-26T06:11:00.393+0000] {dag.py:3696} INFO - Setting next_dagrun for example_branch_labels to 2024-03-25T00:00:00+00:00, run_after=2024-03-26T00:00:00+00:00
[2024-03-26T06:11:00.415+0000] {processor.py:179} INFO - Processing /home/airflow/.local/lib/python3.8/site-packages/airflow/example_dags/example_branch_labels.py took 0.093 seconds
[2024-03-26T06:11:31.155+0000] {processor.py:157} INFO - Started process (PID=836) to work on /home/airflow/.local/lib/python3.8/site-packages/airflow/example_dags/example_branch_labels.py
[2024-03-26T06:11:31.157+0000] {processor.py:829} INFO - Processing file /home/airflow/.local/lib/python3.8/site-packages/airflow/example_dags/example_branch_labels.py for tasks to queue
[2024-03-26T06:11:31.161+0000] {logging_mixin.py:151} INFO - [2024-03-26T06:11:31.160+0000] {dagbag.py:539} INFO - Filling up the DagBag from /home/airflow/.local/lib/python3.8/site-packages/airflow/example_dags/example_branch_labels.py
[2024-03-26T06:11:31.170+0000] {processor.py:839} INFO - DAG(s) dict_keys(['example_branch_labels']) retrieved from /home/airflow/.local/lib/python3.8/site-packages/airflow/example_dags/example_branch_labels.py
[2024-03-26T06:11:31.197+0000] {logging_mixin.py:151} INFO - [2024-03-26T06:11:31.197+0000] {dag.py:2915} INFO - Sync 1 DAGs
[2024-03-26T06:11:31.223+0000] {logging_mixin.py:151} INFO - [2024-03-26T06:11:31.223+0000] {dag.py:3696} INFO - Setting next_dagrun for example_branch_labels to 2024-03-25T00:00:00+00:00, run_after=2024-03-26T00:00:00+00:00
[2024-03-26T06:11:31.244+0000] {processor.py:179} INFO - Processing /home/airflow/.local/lib/python3.8/site-packages/airflow/example_dags/example_branch_labels.py took 0.092 seconds
[2024-03-26T06:12:02.171+0000] {processor.py:157} INFO - Started process (PID=890) to work on /home/airflow/.local/lib/python3.8/site-packages/airflow/example_dags/example_branch_labels.py
[2024-03-26T06:12:02.173+0000] {processor.py:829} INFO - Processing file /home/airflow/.local/lib/python3.8/site-packages/airflow/example_dags/example_branch_labels.py for tasks to queue
[2024-03-26T06:12:02.176+0000] {logging_mixin.py:151} INFO - [2024-03-26T06:12:02.175+0000] {dagbag.py:539} INFO - Filling up the DagBag from /home/airflow/.local/lib/python3.8/site-packages/airflow/example_dags/example_branch_labels.py
[2024-03-26T06:12:02.186+0000] {processor.py:839} INFO - DAG(s) dict_keys(['example_branch_labels']) retrieved from /home/airflow/.local/lib/python3.8/site-packages/airflow/example_dags/example_branch_labels.py
[2024-03-26T06:12:02.213+0000] {logging_mixin.py:151} INFO - [2024-03-26T06:12:02.212+0000] {dag.py:2915} INFO - Sync 1 DAGs
[2024-03-26T06:12:02.240+0000] {logging_mixin.py:151} INFO - [2024-03-26T06:12:02.240+0000] {dag.py:3696} INFO - Setting next_dagrun for example_branch_labels to 2024-03-25T00:00:00+00:00, run_after=2024-03-26T00:00:00+00:00
[2024-03-26T06:12:02.262+0000] {processor.py:179} INFO - Processing /home/airflow/.local/lib/python3.8/site-packages/airflow/example_dags/example_branch_labels.py took 0.095 seconds
[2024-03-26T06:12:32.843+0000] {processor.py:157} INFO - Started process (PID=944) to work on /home/airflow/.local/lib/python3.8/site-packages/airflow/example_dags/example_branch_labels.py
[2024-03-26T06:12:32.844+0000] {processor.py:829} INFO - Processing file /home/airflow/.local/lib/python3.8/site-packages/airflow/example_dags/example_branch_labels.py for tasks to queue
[2024-03-26T06:12:32.847+0000] {logging_mixin.py:151} INFO - [2024-03-26T06:12:32.847+0000] {dagbag.py:539} INFO - Filling up the DagBag from /home/airflow/.local/lib/python3.8/site-packages/airflow/example_dags/example_branch_labels.py
[2024-03-26T06:12:32.855+0000] {processor.py:839} INFO - DAG(s) dict_keys(['example_branch_labels']) retrieved from /home/airflow/.local/lib/python3.8/site-packages/airflow/example_dags/example_branch_labels.py
[2024-03-26T06:12:32.882+0000] {logging_mixin.py:151} INFO - [2024-03-26T06:12:32.881+0000] {dag.py:2915} INFO - Sync 1 DAGs
[2024-03-26T06:12:32.912+0000] {logging_mixin.py:151} INFO - [2024-03-26T06:12:32.912+0000] {dag.py:3696} INFO - Setting next_dagrun for example_branch_labels to 2024-03-25T00:00:00+00:00, run_after=2024-03-26T00:00:00+00:00
[2024-03-26T06:12:32.938+0000] {processor.py:179} INFO - Processing /home/airflow/.local/lib/python3.8/site-packages/airflow/example_dags/example_branch_labels.py took 0.100 seconds
[2024-03-26T06:19:10.251+0000] {processor.py:157} INFO - Started process (PID=1022) to work on /home/airflow/.local/lib/python3.8/site-packages/airflow/example_dags/example_branch_labels.py
[2024-03-26T06:19:10.254+0000] {processor.py:829} INFO - Processing file /home/airflow/.local/lib/python3.8/site-packages/airflow/example_dags/example_branch_labels.py for tasks to queue
[2024-03-26T06:19:10.261+0000] {logging_mixin.py:151} INFO - [2024-03-26T06:19:10.260+0000] {dagbag.py:539} INFO - Filling up the DagBag from /home/airflow/.local/lib/python3.8/site-packages/airflow/example_dags/example_branch_labels.py
[2024-03-26T06:19:10.279+0000] {processor.py:839} INFO - DAG(s) dict_keys(['example_branch_labels']) retrieved from /home/airflow/.local/lib/python3.8/site-packages/airflow/example_dags/example_branch_labels.py
[2024-03-26T06:19:10.317+0000] {logging_mixin.py:151} INFO - [2024-03-26T06:19:10.317+0000] {dag.py:2915} INFO - Sync 1 DAGs
[2024-03-26T06:19:10.366+0000] {logging_mixin.py:151} INFO - [2024-03-26T06:19:10.365+0000] {dag.py:3696} INFO - Setting next_dagrun for example_branch_labels to 2024-03-25T00:00:00+00:00, run_after=2024-03-26T00:00:00+00:00
[2024-03-26T06:19:10.401+0000] {processor.py:179} INFO - Processing /home/airflow/.local/lib/python3.8/site-packages/airflow/example_dags/example_branch_labels.py took 0.155 seconds
[2024-03-26T06:19:40.728+0000] {processor.py:157} INFO - Started process (PID=1076) to work on /home/airflow/.local/lib/python3.8/site-packages/airflow/example_dags/example_branch_labels.py
[2024-03-26T06:19:40.730+0000] {processor.py:829} INFO - Processing file /home/airflow/.local/lib/python3.8/site-packages/airflow/example_dags/example_branch_labels.py for tasks to queue
[2024-03-26T06:19:40.734+0000] {logging_mixin.py:151} INFO - [2024-03-26T06:19:40.733+0000] {dagbag.py:539} INFO - Filling up the DagBag from /home/airflow/.local/lib/python3.8/site-packages/airflow/example_dags/example_branch_labels.py
[2024-03-26T06:19:40.745+0000] {processor.py:839} INFO - DAG(s) dict_keys(['example_branch_labels']) retrieved from /home/airflow/.local/lib/python3.8/site-packages/airflow/example_dags/example_branch_labels.py
[2024-03-26T06:19:40.775+0000] {logging_mixin.py:151} INFO - [2024-03-26T06:19:40.775+0000] {dag.py:2915} INFO - Sync 1 DAGs
[2024-03-26T06:19:40.803+0000] {logging_mixin.py:151} INFO - [2024-03-26T06:19:40.803+0000] {dag.py:3696} INFO - Setting next_dagrun for example_branch_labels to 2024-03-25T00:00:00+00:00, run_after=2024-03-26T00:00:00+00:00
[2024-03-26T06:19:40.829+0000] {processor.py:179} INFO - Processing /home/airflow/.local/lib/python3.8/site-packages/airflow/example_dags/example_branch_labels.py took 0.105 seconds
[2024-03-26T06:20:11.496+0000] {processor.py:157} INFO - Started process (PID=1130) to work on /home/airflow/.local/lib/python3.8/site-packages/airflow/example_dags/example_branch_labels.py
[2024-03-26T06:20:11.498+0000] {processor.py:829} INFO - Processing file /home/airflow/.local/lib/python3.8/site-packages/airflow/example_dags/example_branch_labels.py for tasks to queue
[2024-03-26T06:20:11.500+0000] {logging_mixin.py:151} INFO - [2024-03-26T06:20:11.500+0000] {dagbag.py:539} INFO - Filling up the DagBag from /home/airflow/.local/lib/python3.8/site-packages/airflow/example_dags/example_branch_labels.py
[2024-03-26T06:20:11.510+0000] {processor.py:839} INFO - DAG(s) dict_keys(['example_branch_labels']) retrieved from /home/airflow/.local/lib/python3.8/site-packages/airflow/example_dags/example_branch_labels.py
[2024-03-26T06:20:11.539+0000] {logging_mixin.py:151} INFO - [2024-03-26T06:20:11.539+0000] {dag.py:2915} INFO - Sync 1 DAGs
[2024-03-26T06:20:11.572+0000] {logging_mixin.py:151} INFO - [2024-03-26T06:20:11.571+0000] {dag.py:3696} INFO - Setting next_dagrun for example_branch_labels to 2024-03-25T00:00:00+00:00, run_after=2024-03-26T00:00:00+00:00
[2024-03-26T06:20:11.594+0000] {processor.py:179} INFO - Processing /home/airflow/.local/lib/python3.8/site-packages/airflow/example_dags/example_branch_labels.py took 0.102 seconds
[2024-03-26T06:20:41.968+0000] {processor.py:157} INFO - Started process (PID=1184) to work on /home/airflow/.local/lib/python3.8/site-packages/airflow/example_dags/example_branch_labels.py
[2024-03-26T06:20:41.969+0000] {processor.py:829} INFO - Processing file /home/airflow/.local/lib/python3.8/site-packages/airflow/example_dags/example_branch_labels.py for tasks to queue
[2024-03-26T06:20:41.972+0000] {logging_mixin.py:151} INFO - [2024-03-26T06:20:41.972+0000] {dagbag.py:539} INFO - Filling up the DagBag from /home/airflow/.local/lib/python3.8/site-packages/airflow/example_dags/example_branch_labels.py
[2024-03-26T06:20:41.980+0000] {processor.py:839} INFO - DAG(s) dict_keys(['example_branch_labels']) retrieved from /home/airflow/.local/lib/python3.8/site-packages/airflow/example_dags/example_branch_labels.py
[2024-03-26T06:20:42.009+0000] {logging_mixin.py:151} INFO - [2024-03-26T06:20:42.009+0000] {dag.py:2915} INFO - Sync 1 DAGs
[2024-03-26T06:20:42.038+0000] {logging_mixin.py:151} INFO - [2024-03-26T06:20:42.037+0000] {dag.py:3696} INFO - Setting next_dagrun for example_branch_labels to 2024-03-25T00:00:00+00:00, run_after=2024-03-26T00:00:00+00:00
[2024-03-26T06:20:42.060+0000] {processor.py:179} INFO - Processing /home/airflow/.local/lib/python3.8/site-packages/airflow/example_dags/example_branch_labels.py took 0.096 seconds
[2024-03-26T06:21:12.289+0000] {processor.py:157} INFO - Started process (PID=1237) to work on /home/airflow/.local/lib/python3.8/site-packages/airflow/example_dags/example_branch_labels.py
[2024-03-26T06:21:12.291+0000] {processor.py:829} INFO - Processing file /home/airflow/.local/lib/python3.8/site-packages/airflow/example_dags/example_branch_labels.py for tasks to queue
[2024-03-26T06:21:12.295+0000] {logging_mixin.py:151} INFO - [2024-03-26T06:21:12.295+0000] {dagbag.py:539} INFO - Filling up the DagBag from /home/airflow/.local/lib/python3.8/site-packages/airflow/example_dags/example_branch_labels.py
[2024-03-26T06:21:12.304+0000] {processor.py:839} INFO - DAG(s) dict_keys(['example_branch_labels']) retrieved from /home/airflow/.local/lib/python3.8/site-packages/airflow/example_dags/example_branch_labels.py
[2024-03-26T06:21:12.330+0000] {logging_mixin.py:151} INFO - [2024-03-26T06:21:12.330+0000] {dag.py:2915} INFO - Sync 1 DAGs
[2024-03-26T06:21:12.358+0000] {logging_mixin.py:151} INFO - [2024-03-26T06:21:12.358+0000] {dag.py:3696} INFO - Setting next_dagrun for example_branch_labels to 2024-03-25T00:00:00+00:00, run_after=2024-03-26T00:00:00+00:00
[2024-03-26T06:21:12.380+0000] {processor.py:179} INFO - Processing /home/airflow/.local/lib/python3.8/site-packages/airflow/example_dags/example_branch_labels.py took 0.093 seconds
[2024-03-26T06:21:43.306+0000] {processor.py:157} INFO - Started process (PID=1292) to work on /home/airflow/.local/lib/python3.8/site-packages/airflow/example_dags/example_branch_labels.py
[2024-03-26T06:21:43.308+0000] {processor.py:829} INFO - Processing file /home/airflow/.local/lib/python3.8/site-packages/airflow/example_dags/example_branch_labels.py for tasks to queue
[2024-03-26T06:21:43.310+0000] {logging_mixin.py:151} INFO - [2024-03-26T06:21:43.310+0000] {dagbag.py:539} INFO - Filling up the DagBag from /home/airflow/.local/lib/python3.8/site-packages/airflow/example_dags/example_branch_labels.py
[2024-03-26T06:21:43.320+0000] {processor.py:839} INFO - DAG(s) dict_keys(['example_branch_labels']) retrieved from /home/airflow/.local/lib/python3.8/site-packages/airflow/example_dags/example_branch_labels.py
[2024-03-26T06:21:43.345+0000] {logging_mixin.py:151} INFO - [2024-03-26T06:21:43.345+0000] {dag.py:2915} INFO - Sync 1 DAGs
[2024-03-26T06:21:43.374+0000] {logging_mixin.py:151} INFO - [2024-03-26T06:21:43.374+0000] {dag.py:3696} INFO - Setting next_dagrun for example_branch_labels to 2024-03-25T00:00:00+00:00, run_after=2024-03-26T00:00:00+00:00
[2024-03-26T06:21:43.402+0000] {processor.py:179} INFO - Processing /home/airflow/.local/lib/python3.8/site-packages/airflow/example_dags/example_branch_labels.py took 0.099 seconds
[2024-03-26T06:22:13.944+0000] {processor.py:157} INFO - Started process (PID=1346) to work on /home/airflow/.local/lib/python3.8/site-packages/airflow/example_dags/example_branch_labels.py
[2024-03-26T06:22:13.946+0000] {processor.py:829} INFO - Processing file /home/airflow/.local/lib/python3.8/site-packages/airflow/example_dags/example_branch_labels.py for tasks to queue
[2024-03-26T06:22:13.949+0000] {logging_mixin.py:151} INFO - [2024-03-26T06:22:13.949+0000] {dagbag.py:539} INFO - Filling up the DagBag from /home/airflow/.local/lib/python3.8/site-packages/airflow/example_dags/example_branch_labels.py
[2024-03-26T06:22:13.961+0000] {processor.py:839} INFO - DAG(s) dict_keys(['example_branch_labels']) retrieved from /home/airflow/.local/lib/python3.8/site-packages/airflow/example_dags/example_branch_labels.py
[2024-03-26T06:22:13.988+0000] {logging_mixin.py:151} INFO - [2024-03-26T06:22:13.988+0000] {dag.py:2915} INFO - Sync 1 DAGs
[2024-03-26T06:22:14.018+0000] {logging_mixin.py:151} INFO - [2024-03-26T06:22:14.018+0000] {dag.py:3696} INFO - Setting next_dagrun for example_branch_labels to 2024-03-25T00:00:00+00:00, run_after=2024-03-26T00:00:00+00:00
[2024-03-26T06:22:14.044+0000] {processor.py:179} INFO - Processing /home/airflow/.local/lib/python3.8/site-packages/airflow/example_dags/example_branch_labels.py took 0.103 seconds
[2024-03-26T06:22:44.681+0000] {processor.py:157} INFO - Started process (PID=1400) to work on /home/airflow/.local/lib/python3.8/site-packages/airflow/example_dags/example_branch_labels.py
[2024-03-26T06:22:44.683+0000] {processor.py:829} INFO - Processing file /home/airflow/.local/lib/python3.8/site-packages/airflow/example_dags/example_branch_labels.py for tasks to queue
[2024-03-26T06:22:44.685+0000] {logging_mixin.py:151} INFO - [2024-03-26T06:22:44.685+0000] {dagbag.py:539} INFO - Filling up the DagBag from /home/airflow/.local/lib/python3.8/site-packages/airflow/example_dags/example_branch_labels.py
[2024-03-26T06:22:44.695+0000] {processor.py:839} INFO - DAG(s) dict_keys(['example_branch_labels']) retrieved from /home/airflow/.local/lib/python3.8/site-packages/airflow/example_dags/example_branch_labels.py
[2024-03-26T06:22:44.722+0000] {logging_mixin.py:151} INFO - [2024-03-26T06:22:44.721+0000] {dag.py:2915} INFO - Sync 1 DAGs
[2024-03-26T06:22:44.751+0000] {logging_mixin.py:151} INFO - [2024-03-26T06:22:44.751+0000] {dag.py:3696} INFO - Setting next_dagrun for example_branch_labels to 2024-03-25T00:00:00+00:00, run_after=2024-03-26T00:00:00+00:00
[2024-03-26T06:22:44.775+0000] {processor.py:179} INFO - Processing /home/airflow/.local/lib/python3.8/site-packages/airflow/example_dags/example_branch_labels.py took 0.099 seconds
[2024-03-26T06:23:15.198+0000] {processor.py:157} INFO - Started process (PID=1454) to work on /home/airflow/.local/lib/python3.8/site-packages/airflow/example_dags/example_branch_labels.py
[2024-03-26T06:23:15.200+0000] {processor.py:829} INFO - Processing file /home/airflow/.local/lib/python3.8/site-packages/airflow/example_dags/example_branch_labels.py for tasks to queue
[2024-03-26T06:23:15.203+0000] {logging_mixin.py:151} INFO - [2024-03-26T06:23:15.203+0000] {dagbag.py:539} INFO - Filling up the DagBag from /home/airflow/.local/lib/python3.8/site-packages/airflow/example_dags/example_branch_labels.py
[2024-03-26T06:23:15.214+0000] {processor.py:839} INFO - DAG(s) dict_keys(['example_branch_labels']) retrieved from /home/airflow/.local/lib/python3.8/site-packages/airflow/example_dags/example_branch_labels.py
[2024-03-26T06:23:15.239+0000] {logging_mixin.py:151} INFO - [2024-03-26T06:23:15.239+0000] {dag.py:2915} INFO - Sync 1 DAGs
[2024-03-26T06:23:15.266+0000] {logging_mixin.py:151} INFO - [2024-03-26T06:23:15.266+0000] {dag.py:3696} INFO - Setting next_dagrun for example_branch_labels to 2024-03-25T00:00:00+00:00, run_after=2024-03-26T00:00:00+00:00
[2024-03-26T06:23:15.290+0000] {processor.py:179} INFO - Processing /home/airflow/.local/lib/python3.8/site-packages/airflow/example_dags/example_branch_labels.py took 0.096 seconds
[2024-03-26T06:23:45.922+0000] {processor.py:157} INFO - Started process (PID=1508) to work on /home/airflow/.local/lib/python3.8/site-packages/airflow/example_dags/example_branch_labels.py
[2024-03-26T06:23:45.923+0000] {processor.py:829} INFO - Processing file /home/airflow/.local/lib/python3.8/site-packages/airflow/example_dags/example_branch_labels.py for tasks to queue
[2024-03-26T06:23:45.926+0000] {logging_mixin.py:151} INFO - [2024-03-26T06:23:45.926+0000] {dagbag.py:539} INFO - Filling up the DagBag from /home/airflow/.local/lib/python3.8/site-packages/airflow/example_dags/example_branch_labels.py
[2024-03-26T06:23:45.937+0000] {processor.py:839} INFO - DAG(s) dict_keys(['example_branch_labels']) retrieved from /home/airflow/.local/lib/python3.8/site-packages/airflow/example_dags/example_branch_labels.py
[2024-03-26T06:23:45.966+0000] {logging_mixin.py:151} INFO - [2024-03-26T06:23:45.966+0000] {dag.py:2915} INFO - Sync 1 DAGs
[2024-03-26T06:23:45.998+0000] {logging_mixin.py:151} INFO - [2024-03-26T06:23:45.998+0000] {dag.py:3696} INFO - Setting next_dagrun for example_branch_labels to 2024-03-25T00:00:00+00:00, run_after=2024-03-26T00:00:00+00:00
[2024-03-26T06:23:46.030+0000] {processor.py:179} INFO - Processing /home/airflow/.local/lib/python3.8/site-packages/airflow/example_dags/example_branch_labels.py took 0.113 seconds
[2024-03-26T06:24:16.351+0000] {processor.py:157} INFO - Started process (PID=1562) to work on /home/airflow/.local/lib/python3.8/site-packages/airflow/example_dags/example_branch_labels.py
[2024-03-26T06:24:16.353+0000] {processor.py:829} INFO - Processing file /home/airflow/.local/lib/python3.8/site-packages/airflow/example_dags/example_branch_labels.py for tasks to queue
[2024-03-26T06:24:16.355+0000] {logging_mixin.py:151} INFO - [2024-03-26T06:24:16.355+0000] {dagbag.py:539} INFO - Filling up the DagBag from /home/airflow/.local/lib/python3.8/site-packages/airflow/example_dags/example_branch_labels.py
[2024-03-26T06:24:16.365+0000] {processor.py:839} INFO - DAG(s) dict_keys(['example_branch_labels']) retrieved from /home/airflow/.local/lib/python3.8/site-packages/airflow/example_dags/example_branch_labels.py
[2024-03-26T06:24:16.392+0000] {logging_mixin.py:151} INFO - [2024-03-26T06:24:16.392+0000] {dag.py:2915} INFO - Sync 1 DAGs
[2024-03-26T06:24:16.424+0000] {logging_mixin.py:151} INFO - [2024-03-26T06:24:16.424+0000] {dag.py:3696} INFO - Setting next_dagrun for example_branch_labels to 2024-03-25T00:00:00+00:00, run_after=2024-03-26T00:00:00+00:00
[2024-03-26T06:24:16.448+0000] {processor.py:179} INFO - Processing /home/airflow/.local/lib/python3.8/site-packages/airflow/example_dags/example_branch_labels.py took 0.101 seconds
[2024-03-26T06:24:47.003+0000] {processor.py:157} INFO - Started process (PID=1616) to work on /home/airflow/.local/lib/python3.8/site-packages/airflow/example_dags/example_branch_labels.py
[2024-03-26T06:24:47.004+0000] {processor.py:829} INFO - Processing file /home/airflow/.local/lib/python3.8/site-packages/airflow/example_dags/example_branch_labels.py for tasks to queue
[2024-03-26T06:24:47.008+0000] {logging_mixin.py:151} INFO - [2024-03-26T06:24:47.008+0000] {dagbag.py:539} INFO - Filling up the DagBag from /home/airflow/.local/lib/python3.8/site-packages/airflow/example_dags/example_branch_labels.py
[2024-03-26T06:24:47.019+0000] {processor.py:839} INFO - DAG(s) dict_keys(['example_branch_labels']) retrieved from /home/airflow/.local/lib/python3.8/site-packages/airflow/example_dags/example_branch_labels.py
[2024-03-26T06:24:47.045+0000] {logging_mixin.py:151} INFO - [2024-03-26T06:24:47.045+0000] {dag.py:2915} INFO - Sync 1 DAGs
[2024-03-26T06:24:47.075+0000] {logging_mixin.py:151} INFO - [2024-03-26T06:24:47.075+0000] {dag.py:3696} INFO - Setting next_dagrun for example_branch_labels to 2024-03-25T00:00:00+00:00, run_after=2024-03-26T00:00:00+00:00
[2024-03-26T06:24:47.109+0000] {processor.py:179} INFO - Processing /home/airflow/.local/lib/python3.8/site-packages/airflow/example_dags/example_branch_labels.py took 0.110 seconds
[2024-03-26T06:25:17.715+0000] {processor.py:157} INFO - Started process (PID=1670) to work on /home/airflow/.local/lib/python3.8/site-packages/airflow/example_dags/example_branch_labels.py
[2024-03-26T06:25:17.717+0000] {processor.py:829} INFO - Processing file /home/airflow/.local/lib/python3.8/site-packages/airflow/example_dags/example_branch_labels.py for tasks to queue
[2024-03-26T06:25:17.720+0000] {logging_mixin.py:151} INFO - [2024-03-26T06:25:17.720+0000] {dagbag.py:539} INFO - Filling up the DagBag from /home/airflow/.local/lib/python3.8/site-packages/airflow/example_dags/example_branch_labels.py
[2024-03-26T06:25:17.729+0000] {processor.py:839} INFO - DAG(s) dict_keys(['example_branch_labels']) retrieved from /home/airflow/.local/lib/python3.8/site-packages/airflow/example_dags/example_branch_labels.py
[2024-03-26T06:25:17.758+0000] {logging_mixin.py:151} INFO - [2024-03-26T06:25:17.758+0000] {dag.py:2915} INFO - Sync 1 DAGs
[2024-03-26T06:25:17.784+0000] {logging_mixin.py:151} INFO - [2024-03-26T06:25:17.784+0000] {dag.py:3696} INFO - Setting next_dagrun for example_branch_labels to 2024-03-25T00:00:00+00:00, run_after=2024-03-26T00:00:00+00:00
[2024-03-26T06:25:17.806+0000] {processor.py:179} INFO - Processing /home/airflow/.local/lib/python3.8/site-packages/airflow/example_dags/example_branch_labels.py took 0.095 seconds
[2024-03-26T06:25:48.169+0000] {processor.py:157} INFO - Started process (PID=1724) to work on /home/airflow/.local/lib/python3.8/site-packages/airflow/example_dags/example_branch_labels.py
[2024-03-26T06:25:48.171+0000] {processor.py:829} INFO - Processing file /home/airflow/.local/lib/python3.8/site-packages/airflow/example_dags/example_branch_labels.py for tasks to queue
[2024-03-26T06:25:48.173+0000] {logging_mixin.py:151} INFO - [2024-03-26T06:25:48.173+0000] {dagbag.py:539} INFO - Filling up the DagBag from /home/airflow/.local/lib/python3.8/site-packages/airflow/example_dags/example_branch_labels.py
[2024-03-26T06:25:48.183+0000] {processor.py:839} INFO - DAG(s) dict_keys(['example_branch_labels']) retrieved from /home/airflow/.local/lib/python3.8/site-packages/airflow/example_dags/example_branch_labels.py
[2024-03-26T06:25:48.208+0000] {logging_mixin.py:151} INFO - [2024-03-26T06:25:48.208+0000] {dag.py:2915} INFO - Sync 1 DAGs
[2024-03-26T06:25:48.238+0000] {logging_mixin.py:151} INFO - [2024-03-26T06:25:48.238+0000] {dag.py:3696} INFO - Setting next_dagrun for example_branch_labels to 2024-03-25T00:00:00+00:00, run_after=2024-03-26T00:00:00+00:00
[2024-03-26T06:25:48.261+0000] {processor.py:179} INFO - Processing /home/airflow/.local/lib/python3.8/site-packages/airflow/example_dags/example_branch_labels.py took 0.096 seconds
[2024-03-26T06:26:18.777+0000] {processor.py:157} INFO - Started process (PID=1778) to work on /home/airflow/.local/lib/python3.8/site-packages/airflow/example_dags/example_branch_labels.py
[2024-03-26T06:26:18.778+0000] {processor.py:829} INFO - Processing file /home/airflow/.local/lib/python3.8/site-packages/airflow/example_dags/example_branch_labels.py for tasks to queue
[2024-03-26T06:26:18.782+0000] {logging_mixin.py:151} INFO - [2024-03-26T06:26:18.781+0000] {dagbag.py:539} INFO - Filling up the DagBag from /home/airflow/.local/lib/python3.8/site-packages/airflow/example_dags/example_branch_labels.py
[2024-03-26T06:26:18.795+0000] {processor.py:839} INFO - DAG(s) dict_keys(['example_branch_labels']) retrieved from /home/airflow/.local/lib/python3.8/site-packages/airflow/example_dags/example_branch_labels.py
[2024-03-26T06:26:18.821+0000] {logging_mixin.py:151} INFO - [2024-03-26T06:26:18.821+0000] {dag.py:2915} INFO - Sync 1 DAGs
[2024-03-26T06:26:18.853+0000] {logging_mixin.py:151} INFO - [2024-03-26T06:26:18.852+0000] {dag.py:3696} INFO - Setting next_dagrun for example_branch_labels to 2024-03-25T00:00:00+00:00, run_after=2024-03-26T00:00:00+00:00
[2024-03-26T06:26:18.877+0000] {processor.py:179} INFO - Processing /home/airflow/.local/lib/python3.8/site-packages/airflow/example_dags/example_branch_labels.py took 0.105 seconds
[2024-03-26T06:26:49.226+0000] {processor.py:157} INFO - Started process (PID=1832) to work on /home/airflow/.local/lib/python3.8/site-packages/airflow/example_dags/example_branch_labels.py
[2024-03-26T06:26:49.227+0000] {processor.py:829} INFO - Processing file /home/airflow/.local/lib/python3.8/site-packages/airflow/example_dags/example_branch_labels.py for tasks to queue
[2024-03-26T06:26:49.230+0000] {logging_mixin.py:151} INFO - [2024-03-26T06:26:49.229+0000] {dagbag.py:539} INFO - Filling up the DagBag from /home/airflow/.local/lib/python3.8/site-packages/airflow/example_dags/example_branch_labels.py
[2024-03-26T06:26:49.239+0000] {processor.py:839} INFO - DAG(s) dict_keys(['example_branch_labels']) retrieved from /home/airflow/.local/lib/python3.8/site-packages/airflow/example_dags/example_branch_labels.py
[2024-03-26T06:26:49.265+0000] {logging_mixin.py:151} INFO - [2024-03-26T06:26:49.264+0000] {dag.py:2915} INFO - Sync 1 DAGs
[2024-03-26T06:26:49.295+0000] {logging_mixin.py:151} INFO - [2024-03-26T06:26:49.295+0000] {dag.py:3696} INFO - Setting next_dagrun for example_branch_labels to 2024-03-25T00:00:00+00:00, run_after=2024-03-26T00:00:00+00:00
[2024-03-26T06:26:49.318+0000] {processor.py:179} INFO - Processing /home/airflow/.local/lib/python3.8/site-packages/airflow/example_dags/example_branch_labels.py took 0.096 seconds
[2024-03-26T06:27:19.749+0000] {processor.py:157} INFO - Started process (PID=1886) to work on /home/airflow/.local/lib/python3.8/site-packages/airflow/example_dags/example_branch_labels.py
[2024-03-26T06:27:19.751+0000] {processor.py:829} INFO - Processing file /home/airflow/.local/lib/python3.8/site-packages/airflow/example_dags/example_branch_labels.py for tasks to queue
[2024-03-26T06:27:19.754+0000] {logging_mixin.py:151} INFO - [2024-03-26T06:27:19.753+0000] {dagbag.py:539} INFO - Filling up the DagBag from /home/airflow/.local/lib/python3.8/site-packages/airflow/example_dags/example_branch_labels.py
[2024-03-26T06:27:19.763+0000] {processor.py:839} INFO - DAG(s) dict_keys(['example_branch_labels']) retrieved from /home/airflow/.local/lib/python3.8/site-packages/airflow/example_dags/example_branch_labels.py
[2024-03-26T06:27:19.791+0000] {logging_mixin.py:151} INFO - [2024-03-26T06:27:19.791+0000] {dag.py:2915} INFO - Sync 1 DAGs
[2024-03-26T06:27:19.819+0000] {logging_mixin.py:151} INFO - [2024-03-26T06:27:19.819+0000] {dag.py:3696} INFO - Setting next_dagrun for example_branch_labels to 2024-03-25T00:00:00+00:00, run_after=2024-03-26T00:00:00+00:00
[2024-03-26T06:27:19.841+0000] {processor.py:179} INFO - Processing /home/airflow/.local/lib/python3.8/site-packages/airflow/example_dags/example_branch_labels.py took 0.095 seconds
[2024-03-26T06:27:50.854+0000] {processor.py:157} INFO - Started process (PID=1940) to work on /home/airflow/.local/lib/python3.8/site-packages/airflow/example_dags/example_branch_labels.py
[2024-03-26T06:27:50.856+0000] {processor.py:829} INFO - Processing file /home/airflow/.local/lib/python3.8/site-packages/airflow/example_dags/example_branch_labels.py for tasks to queue
[2024-03-26T06:27:50.859+0000] {logging_mixin.py:151} INFO - [2024-03-26T06:27:50.858+0000] {dagbag.py:539} INFO - Filling up the DagBag from /home/airflow/.local/lib/python3.8/site-packages/airflow/example_dags/example_branch_labels.py
[2024-03-26T06:27:50.869+0000] {processor.py:839} INFO - DAG(s) dict_keys(['example_branch_labels']) retrieved from /home/airflow/.local/lib/python3.8/site-packages/airflow/example_dags/example_branch_labels.py
[2024-03-26T06:27:50.895+0000] {logging_mixin.py:151} INFO - [2024-03-26T06:27:50.895+0000] {dag.py:2915} INFO - Sync 1 DAGs
[2024-03-26T06:27:50.927+0000] {logging_mixin.py:151} INFO - [2024-03-26T06:27:50.927+0000] {dag.py:3696} INFO - Setting next_dagrun for example_branch_labels to 2024-03-25T00:00:00+00:00, run_after=2024-03-26T00:00:00+00:00
[2024-03-26T06:27:50.954+0000] {processor.py:179} INFO - Processing /home/airflow/.local/lib/python3.8/site-packages/airflow/example_dags/example_branch_labels.py took 0.103 seconds
[2024-03-26T06:28:21.148+0000] {processor.py:157} INFO - Started process (PID=1994) to work on /home/airflow/.local/lib/python3.8/site-packages/airflow/example_dags/example_branch_labels.py
[2024-03-26T06:28:21.150+0000] {processor.py:829} INFO - Processing file /home/airflow/.local/lib/python3.8/site-packages/airflow/example_dags/example_branch_labels.py for tasks to queue
[2024-03-26T06:28:21.153+0000] {logging_mixin.py:151} INFO - [2024-03-26T06:28:21.153+0000] {dagbag.py:539} INFO - Filling up the DagBag from /home/airflow/.local/lib/python3.8/site-packages/airflow/example_dags/example_branch_labels.py
[2024-03-26T06:28:21.163+0000] {processor.py:839} INFO - DAG(s) dict_keys(['example_branch_labels']) retrieved from /home/airflow/.local/lib/python3.8/site-packages/airflow/example_dags/example_branch_labels.py
[2024-03-26T06:28:21.189+0000] {logging_mixin.py:151} INFO - [2024-03-26T06:28:21.189+0000] {dag.py:2915} INFO - Sync 1 DAGs
[2024-03-26T06:28:21.218+0000] {logging_mixin.py:151} INFO - [2024-03-26T06:28:21.218+0000] {dag.py:3696} INFO - Setting next_dagrun for example_branch_labels to 2024-03-25T00:00:00+00:00, run_after=2024-03-26T00:00:00+00:00
[2024-03-26T06:28:21.251+0000] {processor.py:179} INFO - Processing /home/airflow/.local/lib/python3.8/site-packages/airflow/example_dags/example_branch_labels.py took 0.106 seconds
[2024-03-26T06:28:51.697+0000] {processor.py:157} INFO - Started process (PID=2048) to work on /home/airflow/.local/lib/python3.8/site-packages/airflow/example_dags/example_branch_labels.py
[2024-03-26T06:28:51.698+0000] {processor.py:829} INFO - Processing file /home/airflow/.local/lib/python3.8/site-packages/airflow/example_dags/example_branch_labels.py for tasks to queue
[2024-03-26T06:28:51.701+0000] {logging_mixin.py:151} INFO - [2024-03-26T06:28:51.701+0000] {dagbag.py:539} INFO - Filling up the DagBag from /home/airflow/.local/lib/python3.8/site-packages/airflow/example_dags/example_branch_labels.py
[2024-03-26T06:28:51.710+0000] {processor.py:839} INFO - DAG(s) dict_keys(['example_branch_labels']) retrieved from /home/airflow/.local/lib/python3.8/site-packages/airflow/example_dags/example_branch_labels.py
[2024-03-26T06:28:51.733+0000] {logging_mixin.py:151} INFO - [2024-03-26T06:28:51.733+0000] {dag.py:2915} INFO - Sync 1 DAGs
[2024-03-26T06:28:51.757+0000] {logging_mixin.py:151} INFO - [2024-03-26T06:28:51.757+0000] {dag.py:3696} INFO - Setting next_dagrun for example_branch_labels to 2024-03-25T00:00:00+00:00, run_after=2024-03-26T00:00:00+00:00
[2024-03-26T06:28:51.792+0000] {processor.py:179} INFO - Processing /home/airflow/.local/lib/python3.8/site-packages/airflow/example_dags/example_branch_labels.py took 0.098 seconds
[2024-03-26T06:29:22.733+0000] {processor.py:157} INFO - Started process (PID=2102) to work on /home/airflow/.local/lib/python3.8/site-packages/airflow/example_dags/example_branch_labels.py
[2024-03-26T06:29:22.734+0000] {processor.py:829} INFO - Processing file /home/airflow/.local/lib/python3.8/site-packages/airflow/example_dags/example_branch_labels.py for tasks to queue
[2024-03-26T06:29:22.738+0000] {logging_mixin.py:151} INFO - [2024-03-26T06:29:22.738+0000] {dagbag.py:539} INFO - Filling up the DagBag from /home/airflow/.local/lib/python3.8/site-packages/airflow/example_dags/example_branch_labels.py
[2024-03-26T06:29:22.748+0000] {processor.py:839} INFO - DAG(s) dict_keys(['example_branch_labels']) retrieved from /home/airflow/.local/lib/python3.8/site-packages/airflow/example_dags/example_branch_labels.py
[2024-03-26T06:29:22.774+0000] {logging_mixin.py:151} INFO - [2024-03-26T06:29:22.774+0000] {dag.py:2915} INFO - Sync 1 DAGs
[2024-03-26T06:29:22.803+0000] {logging_mixin.py:151} INFO - [2024-03-26T06:29:22.803+0000] {dag.py:3696} INFO - Setting next_dagrun for example_branch_labels to 2024-03-25T00:00:00+00:00, run_after=2024-03-26T00:00:00+00:00
[2024-03-26T06:29:22.826+0000] {processor.py:179} INFO - Processing /home/airflow/.local/lib/python3.8/site-packages/airflow/example_dags/example_branch_labels.py took 0.097 seconds
[2024-03-26T06:29:53.803+0000] {processor.py:157} INFO - Started process (PID=2156) to work on /home/airflow/.local/lib/python3.8/site-packages/airflow/example_dags/example_branch_labels.py
[2024-03-26T06:29:53.805+0000] {processor.py:829} INFO - Processing file /home/airflow/.local/lib/python3.8/site-packages/airflow/example_dags/example_branch_labels.py for tasks to queue
[2024-03-26T06:29:53.808+0000] {logging_mixin.py:151} INFO - [2024-03-26T06:29:53.807+0000] {dagbag.py:539} INFO - Filling up the DagBag from /home/airflow/.local/lib/python3.8/site-packages/airflow/example_dags/example_branch_labels.py
[2024-03-26T06:29:53.826+0000] {processor.py:839} INFO - DAG(s) dict_keys(['example_branch_labels']) retrieved from /home/airflow/.local/lib/python3.8/site-packages/airflow/example_dags/example_branch_labels.py
[2024-03-26T06:29:53.855+0000] {logging_mixin.py:151} INFO - [2024-03-26T06:29:53.855+0000] {dag.py:2915} INFO - Sync 1 DAGs
[2024-03-26T06:29:53.884+0000] {logging_mixin.py:151} INFO - [2024-03-26T06:29:53.884+0000] {dag.py:3696} INFO - Setting next_dagrun for example_branch_labels to 2024-03-25T00:00:00+00:00, run_after=2024-03-26T00:00:00+00:00
[2024-03-26T06:29:53.918+0000] {processor.py:179} INFO - Processing /home/airflow/.local/lib/python3.8/site-packages/airflow/example_dags/example_branch_labels.py took 0.127 seconds
[2024-03-26T06:30:24.062+0000] {processor.py:157} INFO - Started process (PID=2209) to work on /home/airflow/.local/lib/python3.8/site-packages/airflow/example_dags/example_branch_labels.py
[2024-03-26T06:30:24.064+0000] {processor.py:829} INFO - Processing file /home/airflow/.local/lib/python3.8/site-packages/airflow/example_dags/example_branch_labels.py for tasks to queue
[2024-03-26T06:30:24.066+0000] {logging_mixin.py:151} INFO - [2024-03-26T06:30:24.066+0000] {dagbag.py:539} INFO - Filling up the DagBag from /home/airflow/.local/lib/python3.8/site-packages/airflow/example_dags/example_branch_labels.py
[2024-03-26T06:30:24.074+0000] {processor.py:839} INFO - DAG(s) dict_keys(['example_branch_labels']) retrieved from /home/airflow/.local/lib/python3.8/site-packages/airflow/example_dags/example_branch_labels.py
[2024-03-26T06:30:24.100+0000] {logging_mixin.py:151} INFO - [2024-03-26T06:30:24.100+0000] {dag.py:2915} INFO - Sync 1 DAGs
[2024-03-26T06:30:24.134+0000] {logging_mixin.py:151} INFO - [2024-03-26T06:30:24.134+0000] {dag.py:3696} INFO - Setting next_dagrun for example_branch_labels to 2024-03-25T00:00:00+00:00, run_after=2024-03-26T00:00:00+00:00
[2024-03-26T06:30:24.158+0000] {processor.py:179} INFO - Processing /home/airflow/.local/lib/python3.8/site-packages/airflow/example_dags/example_branch_labels.py took 0.101 seconds
[2024-03-26T06:30:54.295+0000] {processor.py:157} INFO - Started process (PID=2263) to work on /home/airflow/.local/lib/python3.8/site-packages/airflow/example_dags/example_branch_labels.py
[2024-03-26T06:30:54.297+0000] {processor.py:829} INFO - Processing file /home/airflow/.local/lib/python3.8/site-packages/airflow/example_dags/example_branch_labels.py for tasks to queue
[2024-03-26T06:30:54.300+0000] {logging_mixin.py:151} INFO - [2024-03-26T06:30:54.300+0000] {dagbag.py:539} INFO - Filling up the DagBag from /home/airflow/.local/lib/python3.8/site-packages/airflow/example_dags/example_branch_labels.py
[2024-03-26T06:30:54.310+0000] {processor.py:839} INFO - DAG(s) dict_keys(['example_branch_labels']) retrieved from /home/airflow/.local/lib/python3.8/site-packages/airflow/example_dags/example_branch_labels.py
[2024-03-26T06:30:54.336+0000] {logging_mixin.py:151} INFO - [2024-03-26T06:30:54.336+0000] {dag.py:2915} INFO - Sync 1 DAGs
[2024-03-26T06:30:54.360+0000] {logging_mixin.py:151} INFO - [2024-03-26T06:30:54.360+0000] {dag.py:3696} INFO - Setting next_dagrun for example_branch_labels to 2024-03-25T00:00:00+00:00, run_after=2024-03-26T00:00:00+00:00
[2024-03-26T06:30:54.383+0000] {processor.py:179} INFO - Processing /home/airflow/.local/lib/python3.8/site-packages/airflow/example_dags/example_branch_labels.py took 0.091 seconds
[2024-03-26T06:31:24.469+0000] {processor.py:157} INFO - Started process (PID=2317) to work on /home/airflow/.local/lib/python3.8/site-packages/airflow/example_dags/example_branch_labels.py
[2024-03-26T06:31:24.471+0000] {processor.py:829} INFO - Processing file /home/airflow/.local/lib/python3.8/site-packages/airflow/example_dags/example_branch_labels.py for tasks to queue
[2024-03-26T06:31:24.474+0000] {logging_mixin.py:151} INFO - [2024-03-26T06:31:24.474+0000] {dagbag.py:539} INFO - Filling up the DagBag from /home/airflow/.local/lib/python3.8/site-packages/airflow/example_dags/example_branch_labels.py
[2024-03-26T06:31:24.484+0000] {processor.py:839} INFO - DAG(s) dict_keys(['example_branch_labels']) retrieved from /home/airflow/.local/lib/python3.8/site-packages/airflow/example_dags/example_branch_labels.py
[2024-03-26T06:31:24.508+0000] {logging_mixin.py:151} INFO - [2024-03-26T06:31:24.508+0000] {dag.py:2915} INFO - Sync 1 DAGs
[2024-03-26T06:31:24.538+0000] {logging_mixin.py:151} INFO - [2024-03-26T06:31:24.537+0000] {dag.py:3696} INFO - Setting next_dagrun for example_branch_labels to 2024-03-25T00:00:00+00:00, run_after=2024-03-26T00:00:00+00:00
[2024-03-26T06:31:24.562+0000] {processor.py:179} INFO - Processing /home/airflow/.local/lib/python3.8/site-packages/airflow/example_dags/example_branch_labels.py took 0.097 seconds
[2024-03-26T06:31:55.342+0000] {processor.py:157} INFO - Started process (PID=2371) to work on /home/airflow/.local/lib/python3.8/site-packages/airflow/example_dags/example_branch_labels.py
[2024-03-26T06:31:55.344+0000] {processor.py:829} INFO - Processing file /home/airflow/.local/lib/python3.8/site-packages/airflow/example_dags/example_branch_labels.py for tasks to queue
[2024-03-26T06:31:55.346+0000] {logging_mixin.py:151} INFO - [2024-03-26T06:31:55.346+0000] {dagbag.py:539} INFO - Filling up the DagBag from /home/airflow/.local/lib/python3.8/site-packages/airflow/example_dags/example_branch_labels.py
[2024-03-26T06:31:55.355+0000] {processor.py:839} INFO - DAG(s) dict_keys(['example_branch_labels']) retrieved from /home/airflow/.local/lib/python3.8/site-packages/airflow/example_dags/example_branch_labels.py
[2024-03-26T06:31:55.379+0000] {logging_mixin.py:151} INFO - [2024-03-26T06:31:55.378+0000] {dag.py:2915} INFO - Sync 1 DAGs
[2024-03-26T06:31:55.411+0000] {logging_mixin.py:151} INFO - [2024-03-26T06:31:55.411+0000] {dag.py:3696} INFO - Setting next_dagrun for example_branch_labels to 2024-03-25T00:00:00+00:00, run_after=2024-03-26T00:00:00+00:00
[2024-03-26T06:31:55.436+0000] {processor.py:179} INFO - Processing /home/airflow/.local/lib/python3.8/site-packages/airflow/example_dags/example_branch_labels.py took 0.097 seconds
[2024-03-26T06:32:25.570+0000] {processor.py:157} INFO - Started process (PID=2424) to work on /home/airflow/.local/lib/python3.8/site-packages/airflow/example_dags/example_branch_labels.py
[2024-03-26T06:32:25.571+0000] {processor.py:829} INFO - Processing file /home/airflow/.local/lib/python3.8/site-packages/airflow/example_dags/example_branch_labels.py for tasks to queue
[2024-03-26T06:32:25.575+0000] {logging_mixin.py:151} INFO - [2024-03-26T06:32:25.574+0000] {dagbag.py:539} INFO - Filling up the DagBag from /home/airflow/.local/lib/python3.8/site-packages/airflow/example_dags/example_branch_labels.py
[2024-03-26T06:32:25.583+0000] {processor.py:839} INFO - DAG(s) dict_keys(['example_branch_labels']) retrieved from /home/airflow/.local/lib/python3.8/site-packages/airflow/example_dags/example_branch_labels.py
[2024-03-26T06:32:25.610+0000] {logging_mixin.py:151} INFO - [2024-03-26T06:32:25.610+0000] {dag.py:2915} INFO - Sync 1 DAGs
[2024-03-26T06:32:25.640+0000] {logging_mixin.py:151} INFO - [2024-03-26T06:32:25.640+0000] {dag.py:3696} INFO - Setting next_dagrun for example_branch_labels to 2024-03-25T00:00:00+00:00, run_after=2024-03-26T00:00:00+00:00
[2024-03-26T06:32:25.660+0000] {processor.py:179} INFO - Processing /home/airflow/.local/lib/python3.8/site-packages/airflow/example_dags/example_branch_labels.py took 0.095 seconds
[2024-03-26T06:32:55.952+0000] {processor.py:157} INFO - Started process (PID=2478) to work on /home/airflow/.local/lib/python3.8/site-packages/airflow/example_dags/example_branch_labels.py
[2024-03-26T06:32:55.953+0000] {processor.py:829} INFO - Processing file /home/airflow/.local/lib/python3.8/site-packages/airflow/example_dags/example_branch_labels.py for tasks to queue
[2024-03-26T06:32:55.956+0000] {logging_mixin.py:151} INFO - [2024-03-26T06:32:55.956+0000] {dagbag.py:539} INFO - Filling up the DagBag from /home/airflow/.local/lib/python3.8/site-packages/airflow/example_dags/example_branch_labels.py
[2024-03-26T06:32:55.968+0000] {processor.py:839} INFO - DAG(s) dict_keys(['example_branch_labels']) retrieved from /home/airflow/.local/lib/python3.8/site-packages/airflow/example_dags/example_branch_labels.py
[2024-03-26T06:32:55.998+0000] {logging_mixin.py:151} INFO - [2024-03-26T06:32:55.998+0000] {dag.py:2915} INFO - Sync 1 DAGs
[2024-03-26T06:32:56.029+0000] {logging_mixin.py:151} INFO - [2024-03-26T06:32:56.029+0000] {dag.py:3696} INFO - Setting next_dagrun for example_branch_labels to 2024-03-25T00:00:00+00:00, run_after=2024-03-26T00:00:00+00:00
[2024-03-26T06:32:56.057+0000] {processor.py:179} INFO - Processing /home/airflow/.local/lib/python3.8/site-packages/airflow/example_dags/example_branch_labels.py took 0.109 seconds
[2024-03-26T06:33:26.459+0000] {processor.py:157} INFO - Started process (PID=2532) to work on /home/airflow/.local/lib/python3.8/site-packages/airflow/example_dags/example_branch_labels.py
[2024-03-26T06:33:26.460+0000] {processor.py:829} INFO - Processing file /home/airflow/.local/lib/python3.8/site-packages/airflow/example_dags/example_branch_labels.py for tasks to queue
[2024-03-26T06:33:26.464+0000] {logging_mixin.py:151} INFO - [2024-03-26T06:33:26.463+0000] {dagbag.py:539} INFO - Filling up the DagBag from /home/airflow/.local/lib/python3.8/site-packages/airflow/example_dags/example_branch_labels.py
[2024-03-26T06:33:26.476+0000] {processor.py:839} INFO - DAG(s) dict_keys(['example_branch_labels']) retrieved from /home/airflow/.local/lib/python3.8/site-packages/airflow/example_dags/example_branch_labels.py
[2024-03-26T06:33:26.506+0000] {logging_mixin.py:151} INFO - [2024-03-26T06:33:26.506+0000] {dag.py:2915} INFO - Sync 1 DAGs
[2024-03-26T06:33:26.536+0000] {logging_mixin.py:151} INFO - [2024-03-26T06:33:26.535+0000] {dag.py:3696} INFO - Setting next_dagrun for example_branch_labels to 2024-03-25T00:00:00+00:00, run_after=2024-03-26T00:00:00+00:00
[2024-03-26T06:33:26.572+0000] {processor.py:179} INFO - Processing /home/airflow/.local/lib/python3.8/site-packages/airflow/example_dags/example_branch_labels.py took 0.116 seconds
[2024-03-26T06:33:57.589+0000] {processor.py:157} INFO - Started process (PID=2587) to work on /home/airflow/.local/lib/python3.8/site-packages/airflow/example_dags/example_branch_labels.py
[2024-03-26T06:33:57.591+0000] {processor.py:829} INFO - Processing file /home/airflow/.local/lib/python3.8/site-packages/airflow/example_dags/example_branch_labels.py for tasks to queue
[2024-03-26T06:33:57.594+0000] {logging_mixin.py:151} INFO - [2024-03-26T06:33:57.594+0000] {dagbag.py:539} INFO - Filling up the DagBag from /home/airflow/.local/lib/python3.8/site-packages/airflow/example_dags/example_branch_labels.py
[2024-03-26T06:33:57.606+0000] {processor.py:839} INFO - DAG(s) dict_keys(['example_branch_labels']) retrieved from /home/airflow/.local/lib/python3.8/site-packages/airflow/example_dags/example_branch_labels.py
[2024-03-26T06:33:57.639+0000] {logging_mixin.py:151} INFO - [2024-03-26T06:33:57.638+0000] {dag.py:2915} INFO - Sync 1 DAGs
[2024-03-26T06:33:57.674+0000] {logging_mixin.py:151} INFO - [2024-03-26T06:33:57.673+0000] {dag.py:3696} INFO - Setting next_dagrun for example_branch_labels to 2024-03-25T00:00:00+00:00, run_after=2024-03-26T00:00:00+00:00
[2024-03-26T06:33:57.702+0000] {processor.py:179} INFO - Processing /home/airflow/.local/lib/python3.8/site-packages/airflow/example_dags/example_branch_labels.py took 0.117 seconds
