[2024-03-26T06:04:11.247+0000] {processor.py:157} INFO - Started process (PID=68) to work on /home/airflow/.local/lib/python3.8/site-packages/airflow/example_dags/example_branch_python_dop_operator_3.py
[2024-03-26T06:04:11.249+0000] {processor.py:829} INFO - Processing file /home/airflow/.local/lib/python3.8/site-packages/airflow/example_dags/example_branch_python_dop_operator_3.py for tasks to queue
[2024-03-26T06:04:11.253+0000] {logging_mixin.py:151} INFO - [2024-03-26T06:04:11.252+0000] {dagbag.py:539} INFO - Filling up the DagBag from /home/airflow/.local/lib/python3.8/site-packages/airflow/example_dags/example_branch_python_dop_operator_3.py
[2024-03-26T06:04:11.269+0000] {processor.py:839} INFO - DAG(s) dict_keys(['example_branch_dop_operator_v3']) retrieved from /home/airflow/.local/lib/python3.8/site-packages/airflow/example_dags/example_branch_python_dop_operator_3.py
[2024-03-26T06:04:11.434+0000] {logging_mixin.py:151} INFO - [2024-03-26T06:04:11.434+0000] {manager.py:499} INFO - Created Permission View: %s
[2024-03-26T06:04:11.457+0000] {logging_mixin.py:151} INFO - [2024-03-26T06:04:11.457+0000] {manager.py:499} INFO - Created Permission View: %s
[2024-03-26T06:04:11.472+0000] {logging_mixin.py:151} INFO - [2024-03-26T06:04:11.472+0000] {manager.py:499} INFO - Created Permission View: %s
[2024-03-26T06:04:11.473+0000] {logging_mixin.py:151} INFO - [2024-03-26T06:04:11.473+0000] {security.py:708} INFO - Not syncing DAG-level permissions for DAG 'DAG:example_branch_dop_operator_v3' as access control is unset.
[2024-03-26T06:04:11.474+0000] {logging_mixin.py:151} INFO - [2024-03-26T06:04:11.474+0000] {dag.py:2915} INFO - Sync 1 DAGs
[2024-03-26T06:04:11.496+0000] {logging_mixin.py:151} INFO - [2024-03-26T06:04:11.495+0000] {dag.py:2937} INFO - Creating ORM DAG for example_branch_dop_operator_v3
[2024-03-26T06:04:11.513+0000] {logging_mixin.py:151} INFO - [2024-03-26T06:04:11.513+0000] {dag.py:3696} INFO - Setting next_dagrun for example_branch_dop_operator_v3 to 2024-03-26T06:03:00+00:00, run_after=2024-03-26T06:04:00+00:00
[2024-03-26T06:04:11.559+0000] {processor.py:179} INFO - Processing /home/airflow/.local/lib/python3.8/site-packages/airflow/example_dags/example_branch_python_dop_operator_3.py took 0.319 seconds
[2024-03-26T06:04:44.046+0000] {processor.py:157} INFO - Started process (PID=122) to work on /home/airflow/.local/lib/python3.8/site-packages/airflow/example_dags/example_branch_python_dop_operator_3.py
[2024-03-26T06:04:44.048+0000] {processor.py:829} INFO - Processing file /home/airflow/.local/lib/python3.8/site-packages/airflow/example_dags/example_branch_python_dop_operator_3.py for tasks to queue
[2024-03-26T06:04:44.052+0000] {logging_mixin.py:151} INFO - [2024-03-26T06:04:44.052+0000] {dagbag.py:539} INFO - Filling up the DagBag from /home/airflow/.local/lib/python3.8/site-packages/airflow/example_dags/example_branch_python_dop_operator_3.py
[2024-03-26T06:04:44.067+0000] {processor.py:839} INFO - DAG(s) dict_keys(['example_branch_dop_operator_v3']) retrieved from /home/airflow/.local/lib/python3.8/site-packages/airflow/example_dags/example_branch_python_dop_operator_3.py
[2024-03-26T06:04:44.102+0000] {logging_mixin.py:151} INFO - [2024-03-26T06:04:44.101+0000] {dag.py:2915} INFO - Sync 1 DAGs
[2024-03-26T06:04:44.138+0000] {logging_mixin.py:151} INFO - [2024-03-26T06:04:44.138+0000] {dag.py:3696} INFO - Setting next_dagrun for example_branch_dop_operator_v3 to 2024-03-26T06:03:00+00:00, run_after=2024-03-26T06:04:00+00:00
[2024-03-26T06:04:44.172+0000] {processor.py:179} INFO - Processing /home/airflow/.local/lib/python3.8/site-packages/airflow/example_dags/example_branch_python_dop_operator_3.py took 0.130 seconds
[2024-03-26T06:05:14.747+0000] {processor.py:157} INFO - Started process (PID=176) to work on /home/airflow/.local/lib/python3.8/site-packages/airflow/example_dags/example_branch_python_dop_operator_3.py
[2024-03-26T06:05:14.749+0000] {processor.py:829} INFO - Processing file /home/airflow/.local/lib/python3.8/site-packages/airflow/example_dags/example_branch_python_dop_operator_3.py for tasks to queue
[2024-03-26T06:05:14.753+0000] {logging_mixin.py:151} INFO - [2024-03-26T06:05:14.753+0000] {dagbag.py:539} INFO - Filling up the DagBag from /home/airflow/.local/lib/python3.8/site-packages/airflow/example_dags/example_branch_python_dop_operator_3.py
[2024-03-26T06:05:14.770+0000] {processor.py:839} INFO - DAG(s) dict_keys(['example_branch_dop_operator_v3']) retrieved from /home/airflow/.local/lib/python3.8/site-packages/airflow/example_dags/example_branch_python_dop_operator_3.py
[2024-03-26T06:05:14.815+0000] {logging_mixin.py:151} INFO - [2024-03-26T06:05:14.815+0000] {dag.py:2915} INFO - Sync 1 DAGs
[2024-03-26T06:05:14.930+0000] {logging_mixin.py:151} INFO - [2024-03-26T06:05:14.929+0000] {dag.py:3696} INFO - Setting next_dagrun for example_branch_dop_operator_v3 to 2024-03-26T06:04:00+00:00, run_after=2024-03-26T06:05:00+00:00
[2024-03-26T06:05:14.974+0000] {processor.py:179} INFO - Processing /home/airflow/.local/lib/python3.8/site-packages/airflow/example_dags/example_branch_python_dop_operator_3.py took 0.232 seconds
[2024-03-26T06:05:47.694+0000] {processor.py:157} INFO - Started process (PID=230) to work on /home/airflow/.local/lib/python3.8/site-packages/airflow/example_dags/example_branch_python_dop_operator_3.py
[2024-03-26T06:05:47.696+0000] {processor.py:829} INFO - Processing file /home/airflow/.local/lib/python3.8/site-packages/airflow/example_dags/example_branch_python_dop_operator_3.py for tasks to queue
[2024-03-26T06:05:47.699+0000] {logging_mixin.py:151} INFO - [2024-03-26T06:05:47.699+0000] {dagbag.py:539} INFO - Filling up the DagBag from /home/airflow/.local/lib/python3.8/site-packages/airflow/example_dags/example_branch_python_dop_operator_3.py
[2024-03-26T06:05:47.714+0000] {processor.py:839} INFO - DAG(s) dict_keys(['example_branch_dop_operator_v3']) retrieved from /home/airflow/.local/lib/python3.8/site-packages/airflow/example_dags/example_branch_python_dop_operator_3.py
[2024-03-26T06:05:47.753+0000] {logging_mixin.py:151} INFO - [2024-03-26T06:05:47.752+0000] {dag.py:2915} INFO - Sync 1 DAGs
[2024-03-26T06:05:47.800+0000] {logging_mixin.py:151} INFO - [2024-03-26T06:05:47.800+0000] {dag.py:3696} INFO - Setting next_dagrun for example_branch_dop_operator_v3 to 2024-03-26T06:04:00+00:00, run_after=2024-03-26T06:05:00+00:00
[2024-03-26T06:05:47.833+0000] {processor.py:179} INFO - Processing /home/airflow/.local/lib/python3.8/site-packages/airflow/example_dags/example_branch_python_dop_operator_3.py took 0.145 seconds
[2024-03-26T06:06:19.651+0000] {processor.py:157} INFO - Started process (PID=291) to work on /home/airflow/.local/lib/python3.8/site-packages/airflow/example_dags/example_branch_python_dop_operator_3.py
[2024-03-26T06:06:19.654+0000] {processor.py:829} INFO - Processing file /home/airflow/.local/lib/python3.8/site-packages/airflow/example_dags/example_branch_python_dop_operator_3.py for tasks to queue
[2024-03-26T06:06:19.665+0000] {logging_mixin.py:151} INFO - [2024-03-26T06:06:19.664+0000] {dagbag.py:539} INFO - Filling up the DagBag from /home/airflow/.local/lib/python3.8/site-packages/airflow/example_dags/example_branch_python_dop_operator_3.py
[2024-03-26T06:06:19.686+0000] {processor.py:839} INFO - DAG(s) dict_keys(['example_branch_dop_operator_v3']) retrieved from /home/airflow/.local/lib/python3.8/site-packages/airflow/example_dags/example_branch_python_dop_operator_3.py
[2024-03-26T06:06:19.745+0000] {logging_mixin.py:151} INFO - [2024-03-26T06:06:19.745+0000] {dag.py:2915} INFO - Sync 1 DAGs
[2024-03-26T06:06:19.813+0000] {logging_mixin.py:151} INFO - [2024-03-26T06:06:19.813+0000] {dag.py:3696} INFO - Setting next_dagrun for example_branch_dop_operator_v3 to 2024-03-26T06:05:00+00:00, run_after=2024-03-26T06:06:00+00:00
[2024-03-26T06:06:19.857+0000] {processor.py:179} INFO - Processing /home/airflow/.local/lib/python3.8/site-packages/airflow/example_dags/example_branch_python_dop_operator_3.py took 0.210 seconds
[2024-03-26T06:06:52.848+0000] {processor.py:157} INFO - Started process (PID=345) to work on /home/airflow/.local/lib/python3.8/site-packages/airflow/example_dags/example_branch_python_dop_operator_3.py
[2024-03-26T06:06:52.851+0000] {processor.py:829} INFO - Processing file /home/airflow/.local/lib/python3.8/site-packages/airflow/example_dags/example_branch_python_dop_operator_3.py for tasks to queue
[2024-03-26T06:06:52.859+0000] {logging_mixin.py:151} INFO - [2024-03-26T06:06:52.858+0000] {dagbag.py:539} INFO - Filling up the DagBag from /home/airflow/.local/lib/python3.8/site-packages/airflow/example_dags/example_branch_python_dop_operator_3.py
[2024-03-26T06:06:52.879+0000] {processor.py:839} INFO - DAG(s) dict_keys(['example_branch_dop_operator_v3']) retrieved from /home/airflow/.local/lib/python3.8/site-packages/airflow/example_dags/example_branch_python_dop_operator_3.py
[2024-03-26T06:06:52.930+0000] {logging_mixin.py:151} INFO - [2024-03-26T06:06:52.930+0000] {dag.py:2915} INFO - Sync 1 DAGs
[2024-03-26T06:06:52.992+0000] {logging_mixin.py:151} INFO - [2024-03-26T06:06:52.991+0000] {dag.py:3696} INFO - Setting next_dagrun for example_branch_dop_operator_v3 to 2024-03-26T06:05:00+00:00, run_after=2024-03-26T06:06:00+00:00
[2024-03-26T06:06:53.027+0000] {processor.py:179} INFO - Processing /home/airflow/.local/lib/python3.8/site-packages/airflow/example_dags/example_branch_python_dop_operator_3.py took 0.189 seconds
[2024-03-26T06:07:24.924+0000] {processor.py:157} INFO - Started process (PID=399) to work on /home/airflow/.local/lib/python3.8/site-packages/airflow/example_dags/example_branch_python_dop_operator_3.py
[2024-03-26T06:07:24.928+0000] {processor.py:829} INFO - Processing file /home/airflow/.local/lib/python3.8/site-packages/airflow/example_dags/example_branch_python_dop_operator_3.py for tasks to queue
[2024-03-26T06:07:24.933+0000] {logging_mixin.py:151} INFO - [2024-03-26T06:07:24.933+0000] {dagbag.py:539} INFO - Filling up the DagBag from /home/airflow/.local/lib/python3.8/site-packages/airflow/example_dags/example_branch_python_dop_operator_3.py
[2024-03-26T06:07:24.947+0000] {processor.py:839} INFO - DAG(s) dict_keys(['example_branch_dop_operator_v3']) retrieved from /home/airflow/.local/lib/python3.8/site-packages/airflow/example_dags/example_branch_python_dop_operator_3.py
[2024-03-26T06:07:24.978+0000] {logging_mixin.py:151} INFO - [2024-03-26T06:07:24.977+0000] {dag.py:2915} INFO - Sync 1 DAGs
[2024-03-26T06:07:25.025+0000] {logging_mixin.py:151} INFO - [2024-03-26T06:07:25.025+0000] {dag.py:3696} INFO - Setting next_dagrun for example_branch_dop_operator_v3 to 2024-03-26T06:06:00+00:00, run_after=2024-03-26T06:07:00+00:00
[2024-03-26T06:07:25.060+0000] {processor.py:179} INFO - Processing /home/airflow/.local/lib/python3.8/site-packages/airflow/example_dags/example_branch_python_dop_operator_3.py took 0.142 seconds
[2024-03-26T06:07:55.705+0000] {processor.py:157} INFO - Started process (PID=453) to work on /home/airflow/.local/lib/python3.8/site-packages/airflow/example_dags/example_branch_python_dop_operator_3.py
[2024-03-26T06:07:55.707+0000] {processor.py:829} INFO - Processing file /home/airflow/.local/lib/python3.8/site-packages/airflow/example_dags/example_branch_python_dop_operator_3.py for tasks to queue
[2024-03-26T06:07:55.710+0000] {logging_mixin.py:151} INFO - [2024-03-26T06:07:55.709+0000] {dagbag.py:539} INFO - Filling up the DagBag from /home/airflow/.local/lib/python3.8/site-packages/airflow/example_dags/example_branch_python_dop_operator_3.py
[2024-03-26T06:07:55.722+0000] {processor.py:839} INFO - DAG(s) dict_keys(['example_branch_dop_operator_v3']) retrieved from /home/airflow/.local/lib/python3.8/site-packages/airflow/example_dags/example_branch_python_dop_operator_3.py
[2024-03-26T06:07:55.751+0000] {logging_mixin.py:151} INFO - [2024-03-26T06:07:55.751+0000] {dag.py:2915} INFO - Sync 1 DAGs
[2024-03-26T06:07:55.789+0000] {logging_mixin.py:151} INFO - [2024-03-26T06:07:55.788+0000] {dag.py:3696} INFO - Setting next_dagrun for example_branch_dop_operator_v3 to 2024-03-26T06:06:00+00:00, run_after=2024-03-26T06:07:00+00:00
[2024-03-26T06:07:55.814+0000] {processor.py:179} INFO - Processing /home/airflow/.local/lib/python3.8/site-packages/airflow/example_dags/example_branch_python_dop_operator_3.py took 0.113 seconds
[2024-03-26T06:08:26.399+0000] {processor.py:157} INFO - Started process (PID=507) to work on /home/airflow/.local/lib/python3.8/site-packages/airflow/example_dags/example_branch_python_dop_operator_3.py
[2024-03-26T06:08:26.405+0000] {processor.py:829} INFO - Processing file /home/airflow/.local/lib/python3.8/site-packages/airflow/example_dags/example_branch_python_dop_operator_3.py for tasks to queue
[2024-03-26T06:08:26.413+0000] {logging_mixin.py:151} INFO - [2024-03-26T06:08:26.412+0000] {dagbag.py:539} INFO - Filling up the DagBag from /home/airflow/.local/lib/python3.8/site-packages/airflow/example_dags/example_branch_python_dop_operator_3.py
[2024-03-26T06:08:26.432+0000] {processor.py:839} INFO - DAG(s) dict_keys(['example_branch_dop_operator_v3']) retrieved from /home/airflow/.local/lib/python3.8/site-packages/airflow/example_dags/example_branch_python_dop_operator_3.py
[2024-03-26T06:08:26.464+0000] {logging_mixin.py:151} INFO - [2024-03-26T06:08:26.464+0000] {dag.py:2915} INFO - Sync 1 DAGs
[2024-03-26T06:08:26.503+0000] {logging_mixin.py:151} INFO - [2024-03-26T06:08:26.502+0000] {dag.py:3696} INFO - Setting next_dagrun for example_branch_dop_operator_v3 to 2024-03-26T06:07:00+00:00, run_after=2024-03-26T06:08:00+00:00
[2024-03-26T06:08:26.535+0000] {processor.py:179} INFO - Processing /home/airflow/.local/lib/python3.8/site-packages/airflow/example_dags/example_branch_python_dop_operator_3.py took 0.142 seconds
[2024-03-26T06:08:56.905+0000] {processor.py:157} INFO - Started process (PID=561) to work on /home/airflow/.local/lib/python3.8/site-packages/airflow/example_dags/example_branch_python_dop_operator_3.py
[2024-03-26T06:08:56.906+0000] {processor.py:829} INFO - Processing file /home/airflow/.local/lib/python3.8/site-packages/airflow/example_dags/example_branch_python_dop_operator_3.py for tasks to queue
[2024-03-26T06:08:56.909+0000] {logging_mixin.py:151} INFO - [2024-03-26T06:08:56.909+0000] {dagbag.py:539} INFO - Filling up the DagBag from /home/airflow/.local/lib/python3.8/site-packages/airflow/example_dags/example_branch_python_dop_operator_3.py
[2024-03-26T06:08:56.919+0000] {processor.py:839} INFO - DAG(s) dict_keys(['example_branch_dop_operator_v3']) retrieved from /home/airflow/.local/lib/python3.8/site-packages/airflow/example_dags/example_branch_python_dop_operator_3.py
[2024-03-26T06:08:56.942+0000] {logging_mixin.py:151} INFO - [2024-03-26T06:08:56.942+0000] {dag.py:2915} INFO - Sync 1 DAGs
[2024-03-26T06:08:56.976+0000] {logging_mixin.py:151} INFO - [2024-03-26T06:08:56.975+0000] {dag.py:3696} INFO - Setting next_dagrun for example_branch_dop_operator_v3 to 2024-03-26T06:07:00+00:00, run_after=2024-03-26T06:08:00+00:00
[2024-03-26T06:08:57.004+0000] {processor.py:179} INFO - Processing /home/airflow/.local/lib/python3.8/site-packages/airflow/example_dags/example_branch_python_dop_operator_3.py took 0.103 seconds
[2024-03-26T06:09:28.141+0000] {processor.py:157} INFO - Started process (PID=615) to work on /home/airflow/.local/lib/python3.8/site-packages/airflow/example_dags/example_branch_python_dop_operator_3.py
[2024-03-26T06:09:28.142+0000] {processor.py:829} INFO - Processing file /home/airflow/.local/lib/python3.8/site-packages/airflow/example_dags/example_branch_python_dop_operator_3.py for tasks to queue
[2024-03-26T06:09:28.145+0000] {logging_mixin.py:151} INFO - [2024-03-26T06:09:28.144+0000] {dagbag.py:539} INFO - Filling up the DagBag from /home/airflow/.local/lib/python3.8/site-packages/airflow/example_dags/example_branch_python_dop_operator_3.py
[2024-03-26T06:09:28.155+0000] {processor.py:839} INFO - DAG(s) dict_keys(['example_branch_dop_operator_v3']) retrieved from /home/airflow/.local/lib/python3.8/site-packages/airflow/example_dags/example_branch_python_dop_operator_3.py
[2024-03-26T06:09:28.180+0000] {logging_mixin.py:151} INFO - [2024-03-26T06:09:28.179+0000] {dag.py:2915} INFO - Sync 1 DAGs
[2024-03-26T06:09:28.217+0000] {logging_mixin.py:151} INFO - [2024-03-26T06:09:28.217+0000] {dag.py:3696} INFO - Setting next_dagrun for example_branch_dop_operator_v3 to 2024-03-26T06:08:00+00:00, run_after=2024-03-26T06:09:00+00:00
[2024-03-26T06:09:28.239+0000] {processor.py:179} INFO - Processing /home/airflow/.local/lib/python3.8/site-packages/airflow/example_dags/example_branch_python_dop_operator_3.py took 0.102 seconds
[2024-03-26T06:09:58.728+0000] {processor.py:157} INFO - Started process (PID=669) to work on /home/airflow/.local/lib/python3.8/site-packages/airflow/example_dags/example_branch_python_dop_operator_3.py
[2024-03-26T06:09:58.729+0000] {processor.py:829} INFO - Processing file /home/airflow/.local/lib/python3.8/site-packages/airflow/example_dags/example_branch_python_dop_operator_3.py for tasks to queue
[2024-03-26T06:09:58.732+0000] {logging_mixin.py:151} INFO - [2024-03-26T06:09:58.732+0000] {dagbag.py:539} INFO - Filling up the DagBag from /home/airflow/.local/lib/python3.8/site-packages/airflow/example_dags/example_branch_python_dop_operator_3.py
[2024-03-26T06:09:58.742+0000] {processor.py:839} INFO - DAG(s) dict_keys(['example_branch_dop_operator_v3']) retrieved from /home/airflow/.local/lib/python3.8/site-packages/airflow/example_dags/example_branch_python_dop_operator_3.py
[2024-03-26T06:09:58.764+0000] {logging_mixin.py:151} INFO - [2024-03-26T06:09:58.764+0000] {dag.py:2915} INFO - Sync 1 DAGs
[2024-03-26T06:09:58.794+0000] {logging_mixin.py:151} INFO - [2024-03-26T06:09:58.794+0000] {dag.py:3696} INFO - Setting next_dagrun for example_branch_dop_operator_v3 to 2024-03-26T06:08:00+00:00, run_after=2024-03-26T06:09:00+00:00
[2024-03-26T06:09:58.824+0000] {processor.py:179} INFO - Processing /home/airflow/.local/lib/python3.8/site-packages/airflow/example_dags/example_branch_python_dop_operator_3.py took 0.100 seconds
[2024-03-26T06:10:29.416+0000] {processor.py:157} INFO - Started process (PID=723) to work on /home/airflow/.local/lib/python3.8/site-packages/airflow/example_dags/example_branch_python_dop_operator_3.py
[2024-03-26T06:10:29.418+0000] {processor.py:829} INFO - Processing file /home/airflow/.local/lib/python3.8/site-packages/airflow/example_dags/example_branch_python_dop_operator_3.py for tasks to queue
[2024-03-26T06:10:29.421+0000] {logging_mixin.py:151} INFO - [2024-03-26T06:10:29.421+0000] {dagbag.py:539} INFO - Filling up the DagBag from /home/airflow/.local/lib/python3.8/site-packages/airflow/example_dags/example_branch_python_dop_operator_3.py
[2024-03-26T06:10:29.432+0000] {processor.py:839} INFO - DAG(s) dict_keys(['example_branch_dop_operator_v3']) retrieved from /home/airflow/.local/lib/python3.8/site-packages/airflow/example_dags/example_branch_python_dop_operator_3.py
[2024-03-26T06:10:29.460+0000] {logging_mixin.py:151} INFO - [2024-03-26T06:10:29.459+0000] {dag.py:2915} INFO - Sync 1 DAGs
[2024-03-26T06:10:29.495+0000] {logging_mixin.py:151} INFO - [2024-03-26T06:10:29.495+0000] {dag.py:3696} INFO - Setting next_dagrun for example_branch_dop_operator_v3 to 2024-03-26T06:09:00+00:00, run_after=2024-03-26T06:10:00+00:00
[2024-03-26T06:10:29.519+0000] {processor.py:179} INFO - Processing /home/airflow/.local/lib/python3.8/site-packages/airflow/example_dags/example_branch_python_dop_operator_3.py took 0.108 seconds
[2024-03-26T06:10:59.802+0000] {processor.py:157} INFO - Started process (PID=777) to work on /home/airflow/.local/lib/python3.8/site-packages/airflow/example_dags/example_branch_python_dop_operator_3.py
[2024-03-26T06:10:59.803+0000] {processor.py:829} INFO - Processing file /home/airflow/.local/lib/python3.8/site-packages/airflow/example_dags/example_branch_python_dop_operator_3.py for tasks to queue
[2024-03-26T06:10:59.806+0000] {logging_mixin.py:151} INFO - [2024-03-26T06:10:59.806+0000] {dagbag.py:539} INFO - Filling up the DagBag from /home/airflow/.local/lib/python3.8/site-packages/airflow/example_dags/example_branch_python_dop_operator_3.py
[2024-03-26T06:10:59.818+0000] {processor.py:839} INFO - DAG(s) dict_keys(['example_branch_dop_operator_v3']) retrieved from /home/airflow/.local/lib/python3.8/site-packages/airflow/example_dags/example_branch_python_dop_operator_3.py
[2024-03-26T06:10:59.844+0000] {logging_mixin.py:151} INFO - [2024-03-26T06:10:59.843+0000] {dag.py:2915} INFO - Sync 1 DAGs
[2024-03-26T06:10:59.875+0000] {logging_mixin.py:151} INFO - [2024-03-26T06:10:59.874+0000] {dag.py:3696} INFO - Setting next_dagrun for example_branch_dop_operator_v3 to 2024-03-26T06:09:00+00:00, run_after=2024-03-26T06:10:00+00:00
[2024-03-26T06:10:59.898+0000] {processor.py:179} INFO - Processing /home/airflow/.local/lib/python3.8/site-packages/airflow/example_dags/example_branch_python_dop_operator_3.py took 0.100 seconds
[2024-03-26T06:11:30.757+0000] {processor.py:157} INFO - Started process (PID=831) to work on /home/airflow/.local/lib/python3.8/site-packages/airflow/example_dags/example_branch_python_dop_operator_3.py
[2024-03-26T06:11:30.759+0000] {processor.py:829} INFO - Processing file /home/airflow/.local/lib/python3.8/site-packages/airflow/example_dags/example_branch_python_dop_operator_3.py for tasks to queue
[2024-03-26T06:11:30.762+0000] {logging_mixin.py:151} INFO - [2024-03-26T06:11:30.762+0000] {dagbag.py:539} INFO - Filling up the DagBag from /home/airflow/.local/lib/python3.8/site-packages/airflow/example_dags/example_branch_python_dop_operator_3.py
[2024-03-26T06:11:30.772+0000] {processor.py:839} INFO - DAG(s) dict_keys(['example_branch_dop_operator_v3']) retrieved from /home/airflow/.local/lib/python3.8/site-packages/airflow/example_dags/example_branch_python_dop_operator_3.py
[2024-03-26T06:11:30.799+0000] {logging_mixin.py:151} INFO - [2024-03-26T06:11:30.799+0000] {dag.py:2915} INFO - Sync 1 DAGs
[2024-03-26T06:11:30.832+0000] {logging_mixin.py:151} INFO - [2024-03-26T06:11:30.832+0000] {dag.py:3696} INFO - Setting next_dagrun for example_branch_dop_operator_v3 to 2024-03-26T06:10:00+00:00, run_after=2024-03-26T06:11:00+00:00
[2024-03-26T06:11:30.856+0000] {processor.py:179} INFO - Processing /home/airflow/.local/lib/python3.8/site-packages/airflow/example_dags/example_branch_python_dop_operator_3.py took 0.102 seconds
[2024-03-26T06:12:01.823+0000] {processor.py:157} INFO - Started process (PID=885) to work on /home/airflow/.local/lib/python3.8/site-packages/airflow/example_dags/example_branch_python_dop_operator_3.py
[2024-03-26T06:12:01.825+0000] {processor.py:829} INFO - Processing file /home/airflow/.local/lib/python3.8/site-packages/airflow/example_dags/example_branch_python_dop_operator_3.py for tasks to queue
[2024-03-26T06:12:01.828+0000] {logging_mixin.py:151} INFO - [2024-03-26T06:12:01.827+0000] {dagbag.py:539} INFO - Filling up the DagBag from /home/airflow/.local/lib/python3.8/site-packages/airflow/example_dags/example_branch_python_dop_operator_3.py
[2024-03-26T06:12:01.841+0000] {processor.py:839} INFO - DAG(s) dict_keys(['example_branch_dop_operator_v3']) retrieved from /home/airflow/.local/lib/python3.8/site-packages/airflow/example_dags/example_branch_python_dop_operator_3.py
[2024-03-26T06:12:01.866+0000] {logging_mixin.py:151} INFO - [2024-03-26T06:12:01.865+0000] {dag.py:2915} INFO - Sync 1 DAGs
[2024-03-26T06:12:01.897+0000] {logging_mixin.py:151} INFO - [2024-03-26T06:12:01.897+0000] {dag.py:3696} INFO - Setting next_dagrun for example_branch_dop_operator_v3 to 2024-03-26T06:11:00+00:00, run_after=2024-03-26T06:12:00+00:00
[2024-03-26T06:12:01.922+0000] {processor.py:179} INFO - Processing /home/airflow/.local/lib/python3.8/site-packages/airflow/example_dags/example_branch_python_dop_operator_3.py took 0.103 seconds
[2024-03-26T06:12:32.273+0000] {processor.py:157} INFO - Started process (PID=939) to work on /home/airflow/.local/lib/python3.8/site-packages/airflow/example_dags/example_branch_python_dop_operator_3.py
[2024-03-26T06:12:32.274+0000] {processor.py:829} INFO - Processing file /home/airflow/.local/lib/python3.8/site-packages/airflow/example_dags/example_branch_python_dop_operator_3.py for tasks to queue
[2024-03-26T06:12:32.277+0000] {logging_mixin.py:151} INFO - [2024-03-26T06:12:32.277+0000] {dagbag.py:539} INFO - Filling up the DagBag from /home/airflow/.local/lib/python3.8/site-packages/airflow/example_dags/example_branch_python_dop_operator_3.py
[2024-03-26T06:12:32.288+0000] {processor.py:839} INFO - DAG(s) dict_keys(['example_branch_dop_operator_v3']) retrieved from /home/airflow/.local/lib/python3.8/site-packages/airflow/example_dags/example_branch_python_dop_operator_3.py
[2024-03-26T06:12:32.312+0000] {logging_mixin.py:151} INFO - [2024-03-26T06:12:32.312+0000] {dag.py:2915} INFO - Sync 1 DAGs
[2024-03-26T06:12:32.345+0000] {logging_mixin.py:151} INFO - [2024-03-26T06:12:32.345+0000] {dag.py:3696} INFO - Setting next_dagrun for example_branch_dop_operator_v3 to 2024-03-26T06:11:00+00:00, run_after=2024-03-26T06:12:00+00:00
[2024-03-26T06:12:32.371+0000] {processor.py:179} INFO - Processing /home/airflow/.local/lib/python3.8/site-packages/airflow/example_dags/example_branch_python_dop_operator_3.py took 0.103 seconds
[2024-03-26T06:19:09.519+0000] {processor.py:157} INFO - Started process (PID=1017) to work on /home/airflow/.local/lib/python3.8/site-packages/airflow/example_dags/example_branch_python_dop_operator_3.py
[2024-03-26T06:19:09.521+0000] {processor.py:829} INFO - Processing file /home/airflow/.local/lib/python3.8/site-packages/airflow/example_dags/example_branch_python_dop_operator_3.py for tasks to queue
[2024-03-26T06:19:09.528+0000] {logging_mixin.py:151} INFO - [2024-03-26T06:19:09.528+0000] {dagbag.py:539} INFO - Filling up the DagBag from /home/airflow/.local/lib/python3.8/site-packages/airflow/example_dags/example_branch_python_dop_operator_3.py
[2024-03-26T06:19:09.550+0000] {processor.py:839} INFO - DAG(s) dict_keys(['example_branch_dop_operator_v3']) retrieved from /home/airflow/.local/lib/python3.8/site-packages/airflow/example_dags/example_branch_python_dop_operator_3.py
[2024-03-26T06:19:09.589+0000] {logging_mixin.py:151} INFO - [2024-03-26T06:19:09.589+0000] {dag.py:2915} INFO - Sync 1 DAGs
[2024-03-26T06:19:09.656+0000] {logging_mixin.py:151} INFO - [2024-03-26T06:19:09.655+0000] {dag.py:3696} INFO - Setting next_dagrun for example_branch_dop_operator_v3 to 2024-03-26T06:18:00+00:00, run_after=2024-03-26T06:19:00+00:00
[2024-03-26T06:19:09.721+0000] {processor.py:179} INFO - Processing /home/airflow/.local/lib/python3.8/site-packages/airflow/example_dags/example_branch_python_dop_operator_3.py took 0.207 seconds
[2024-03-26T06:19:40.197+0000] {processor.py:157} INFO - Started process (PID=1071) to work on /home/airflow/.local/lib/python3.8/site-packages/airflow/example_dags/example_branch_python_dop_operator_3.py
[2024-03-26T06:19:40.199+0000] {processor.py:829} INFO - Processing file /home/airflow/.local/lib/python3.8/site-packages/airflow/example_dags/example_branch_python_dop_operator_3.py for tasks to queue
[2024-03-26T06:19:40.203+0000] {logging_mixin.py:151} INFO - [2024-03-26T06:19:40.202+0000] {dagbag.py:539} INFO - Filling up the DagBag from /home/airflow/.local/lib/python3.8/site-packages/airflow/example_dags/example_branch_python_dop_operator_3.py
[2024-03-26T06:19:40.216+0000] {processor.py:839} INFO - DAG(s) dict_keys(['example_branch_dop_operator_v3']) retrieved from /home/airflow/.local/lib/python3.8/site-packages/airflow/example_dags/example_branch_python_dop_operator_3.py
[2024-03-26T06:19:40.246+0000] {logging_mixin.py:151} INFO - [2024-03-26T06:19:40.246+0000] {dag.py:2915} INFO - Sync 1 DAGs
[2024-03-26T06:19:40.279+0000] {logging_mixin.py:151} INFO - [2024-03-26T06:19:40.279+0000] {dag.py:3696} INFO - Setting next_dagrun for example_branch_dop_operator_v3 to 2024-03-26T06:18:00+00:00, run_after=2024-03-26T06:19:00+00:00
[2024-03-26T06:19:40.305+0000] {processor.py:179} INFO - Processing /home/airflow/.local/lib/python3.8/site-packages/airflow/example_dags/example_branch_python_dop_operator_3.py took 0.111 seconds
[2024-03-26T06:20:10.937+0000] {processor.py:157} INFO - Started process (PID=1124) to work on /home/airflow/.local/lib/python3.8/site-packages/airflow/example_dags/example_branch_python_dop_operator_3.py
[2024-03-26T06:20:10.939+0000] {processor.py:829} INFO - Processing file /home/airflow/.local/lib/python3.8/site-packages/airflow/example_dags/example_branch_python_dop_operator_3.py for tasks to queue
[2024-03-26T06:20:10.945+0000] {logging_mixin.py:151} INFO - [2024-03-26T06:20:10.944+0000] {dagbag.py:539} INFO - Filling up the DagBag from /home/airflow/.local/lib/python3.8/site-packages/airflow/example_dags/example_branch_python_dop_operator_3.py
[2024-03-26T06:20:10.956+0000] {processor.py:839} INFO - DAG(s) dict_keys(['example_branch_dop_operator_v3']) retrieved from /home/airflow/.local/lib/python3.8/site-packages/airflow/example_dags/example_branch_python_dop_operator_3.py
[2024-03-26T06:20:10.987+0000] {logging_mixin.py:151} INFO - [2024-03-26T06:20:10.987+0000] {dag.py:2915} INFO - Sync 1 DAGs
[2024-03-26T06:20:11.024+0000] {logging_mixin.py:151} INFO - [2024-03-26T06:20:11.024+0000] {dag.py:3696} INFO - Setting next_dagrun for example_branch_dop_operator_v3 to 2024-03-26T06:19:00+00:00, run_after=2024-03-26T06:20:00+00:00
[2024-03-26T06:20:11.051+0000] {processor.py:179} INFO - Processing /home/airflow/.local/lib/python3.8/site-packages/airflow/example_dags/example_branch_python_dop_operator_3.py took 0.119 seconds
[2024-03-26T06:20:41.278+0000] {processor.py:157} INFO - Started process (PID=1178) to work on /home/airflow/.local/lib/python3.8/site-packages/airflow/example_dags/example_branch_python_dop_operator_3.py
[2024-03-26T06:20:41.279+0000] {processor.py:829} INFO - Processing file /home/airflow/.local/lib/python3.8/site-packages/airflow/example_dags/example_branch_python_dop_operator_3.py for tasks to queue
[2024-03-26T06:20:41.283+0000] {logging_mixin.py:151} INFO - [2024-03-26T06:20:41.283+0000] {dagbag.py:539} INFO - Filling up the DagBag from /home/airflow/.local/lib/python3.8/site-packages/airflow/example_dags/example_branch_python_dop_operator_3.py
[2024-03-26T06:20:41.292+0000] {processor.py:839} INFO - DAG(s) dict_keys(['example_branch_dop_operator_v3']) retrieved from /home/airflow/.local/lib/python3.8/site-packages/airflow/example_dags/example_branch_python_dop_operator_3.py
[2024-03-26T06:20:41.317+0000] {logging_mixin.py:151} INFO - [2024-03-26T06:20:41.317+0000] {dag.py:2915} INFO - Sync 1 DAGs
[2024-03-26T06:20:41.345+0000] {logging_mixin.py:151} INFO - [2024-03-26T06:20:41.345+0000] {dag.py:3696} INFO - Setting next_dagrun for example_branch_dop_operator_v3 to 2024-03-26T06:19:00+00:00, run_after=2024-03-26T06:20:00+00:00
[2024-03-26T06:20:41.379+0000] {processor.py:179} INFO - Processing /home/airflow/.local/lib/python3.8/site-packages/airflow/example_dags/example_branch_python_dop_operator_3.py took 0.104 seconds
[2024-03-26T06:21:11.757+0000] {processor.py:157} INFO - Started process (PID=1232) to work on /home/airflow/.local/lib/python3.8/site-packages/airflow/example_dags/example_branch_python_dop_operator_3.py
[2024-03-26T06:21:11.758+0000] {processor.py:829} INFO - Processing file /home/airflow/.local/lib/python3.8/site-packages/airflow/example_dags/example_branch_python_dop_operator_3.py for tasks to queue
[2024-03-26T06:21:11.762+0000] {logging_mixin.py:151} INFO - [2024-03-26T06:21:11.762+0000] {dagbag.py:539} INFO - Filling up the DagBag from /home/airflow/.local/lib/python3.8/site-packages/airflow/example_dags/example_branch_python_dop_operator_3.py
[2024-03-26T06:21:11.771+0000] {processor.py:839} INFO - DAG(s) dict_keys(['example_branch_dop_operator_v3']) retrieved from /home/airflow/.local/lib/python3.8/site-packages/airflow/example_dags/example_branch_python_dop_operator_3.py
[2024-03-26T06:21:11.796+0000] {logging_mixin.py:151} INFO - [2024-03-26T06:21:11.796+0000] {dag.py:2915} INFO - Sync 1 DAGs
[2024-03-26T06:21:11.825+0000] {logging_mixin.py:151} INFO - [2024-03-26T06:21:11.824+0000] {dag.py:3696} INFO - Setting next_dagrun for example_branch_dop_operator_v3 to 2024-03-26T06:20:00+00:00, run_after=2024-03-26T06:21:00+00:00
[2024-03-26T06:21:11.857+0000] {processor.py:179} INFO - Processing /home/airflow/.local/lib/python3.8/site-packages/airflow/example_dags/example_branch_python_dop_operator_3.py took 0.104 seconds
[2024-03-26T06:21:42.762+0000] {processor.py:157} INFO - Started process (PID=1286) to work on /home/airflow/.local/lib/python3.8/site-packages/airflow/example_dags/example_branch_python_dop_operator_3.py
[2024-03-26T06:21:42.764+0000] {processor.py:829} INFO - Processing file /home/airflow/.local/lib/python3.8/site-packages/airflow/example_dags/example_branch_python_dop_operator_3.py for tasks to queue
[2024-03-26T06:21:42.767+0000] {logging_mixin.py:151} INFO - [2024-03-26T06:21:42.767+0000] {dagbag.py:539} INFO - Filling up the DagBag from /home/airflow/.local/lib/python3.8/site-packages/airflow/example_dags/example_branch_python_dop_operator_3.py
[2024-03-26T06:21:42.778+0000] {processor.py:839} INFO - DAG(s) dict_keys(['example_branch_dop_operator_v3']) retrieved from /home/airflow/.local/lib/python3.8/site-packages/airflow/example_dags/example_branch_python_dop_operator_3.py
[2024-03-26T06:21:42.802+0000] {logging_mixin.py:151} INFO - [2024-03-26T06:21:42.802+0000] {dag.py:2915} INFO - Sync 1 DAGs
[2024-03-26T06:21:42.836+0000] {logging_mixin.py:151} INFO - [2024-03-26T06:21:42.835+0000] {dag.py:3696} INFO - Setting next_dagrun for example_branch_dop_operator_v3 to 2024-03-26T06:20:00+00:00, run_after=2024-03-26T06:21:00+00:00
[2024-03-26T06:21:42.860+0000] {processor.py:179} INFO - Processing /home/airflow/.local/lib/python3.8/site-packages/airflow/example_dags/example_branch_python_dop_operator_3.py took 0.102 seconds
[2024-03-26T06:22:13.407+0000] {processor.py:157} INFO - Started process (PID=1340) to work on /home/airflow/.local/lib/python3.8/site-packages/airflow/example_dags/example_branch_python_dop_operator_3.py
[2024-03-26T06:22:13.409+0000] {processor.py:829} INFO - Processing file /home/airflow/.local/lib/python3.8/site-packages/airflow/example_dags/example_branch_python_dop_operator_3.py for tasks to queue
[2024-03-26T06:22:13.413+0000] {logging_mixin.py:151} INFO - [2024-03-26T06:22:13.412+0000] {dagbag.py:539} INFO - Filling up the DagBag from /home/airflow/.local/lib/python3.8/site-packages/airflow/example_dags/example_branch_python_dop_operator_3.py
[2024-03-26T06:22:13.422+0000] {processor.py:839} INFO - DAG(s) dict_keys(['example_branch_dop_operator_v3']) retrieved from /home/airflow/.local/lib/python3.8/site-packages/airflow/example_dags/example_branch_python_dop_operator_3.py
[2024-03-26T06:22:13.445+0000] {logging_mixin.py:151} INFO - [2024-03-26T06:22:13.445+0000] {dag.py:2915} INFO - Sync 1 DAGs
[2024-03-26T06:22:13.476+0000] {logging_mixin.py:151} INFO - [2024-03-26T06:22:13.476+0000] {dag.py:3696} INFO - Setting next_dagrun for example_branch_dop_operator_v3 to 2024-03-26T06:21:00+00:00, run_after=2024-03-26T06:22:00+00:00
[2024-03-26T06:22:13.499+0000] {processor.py:179} INFO - Processing /home/airflow/.local/lib/python3.8/site-packages/airflow/example_dags/example_branch_python_dop_operator_3.py took 0.096 seconds
[2024-03-26T06:22:44.112+0000] {processor.py:157} INFO - Started process (PID=1394) to work on /home/airflow/.local/lib/python3.8/site-packages/airflow/example_dags/example_branch_python_dop_operator_3.py
[2024-03-26T06:22:44.114+0000] {processor.py:829} INFO - Processing file /home/airflow/.local/lib/python3.8/site-packages/airflow/example_dags/example_branch_python_dop_operator_3.py for tasks to queue
[2024-03-26T06:22:44.117+0000] {logging_mixin.py:151} INFO - [2024-03-26T06:22:44.117+0000] {dagbag.py:539} INFO - Filling up the DagBag from /home/airflow/.local/lib/python3.8/site-packages/airflow/example_dags/example_branch_python_dop_operator_3.py
[2024-03-26T06:22:44.126+0000] {processor.py:839} INFO - DAG(s) dict_keys(['example_branch_dop_operator_v3']) retrieved from /home/airflow/.local/lib/python3.8/site-packages/airflow/example_dags/example_branch_python_dop_operator_3.py
[2024-03-26T06:22:44.149+0000] {logging_mixin.py:151} INFO - [2024-03-26T06:22:44.149+0000] {dag.py:2915} INFO - Sync 1 DAGs
[2024-03-26T06:22:44.176+0000] {logging_mixin.py:151} INFO - [2024-03-26T06:22:44.176+0000] {dag.py:3696} INFO - Setting next_dagrun for example_branch_dop_operator_v3 to 2024-03-26T06:21:00+00:00, run_after=2024-03-26T06:22:00+00:00
[2024-03-26T06:22:44.208+0000] {processor.py:179} INFO - Processing /home/airflow/.local/lib/python3.8/site-packages/airflow/example_dags/example_branch_python_dop_operator_3.py took 0.099 seconds
[2024-03-26T06:23:14.707+0000] {processor.py:157} INFO - Started process (PID=1449) to work on /home/airflow/.local/lib/python3.8/site-packages/airflow/example_dags/example_branch_python_dop_operator_3.py
[2024-03-26T06:23:14.709+0000] {processor.py:829} INFO - Processing file /home/airflow/.local/lib/python3.8/site-packages/airflow/example_dags/example_branch_python_dop_operator_3.py for tasks to queue
[2024-03-26T06:23:14.712+0000] {logging_mixin.py:151} INFO - [2024-03-26T06:23:14.712+0000] {dagbag.py:539} INFO - Filling up the DagBag from /home/airflow/.local/lib/python3.8/site-packages/airflow/example_dags/example_branch_python_dop_operator_3.py
[2024-03-26T06:23:14.725+0000] {processor.py:839} INFO - DAG(s) dict_keys(['example_branch_dop_operator_v3']) retrieved from /home/airflow/.local/lib/python3.8/site-packages/airflow/example_dags/example_branch_python_dop_operator_3.py
[2024-03-26T06:23:14.754+0000] {logging_mixin.py:151} INFO - [2024-03-26T06:23:14.753+0000] {dag.py:2915} INFO - Sync 1 DAGs
[2024-03-26T06:23:14.785+0000] {logging_mixin.py:151} INFO - [2024-03-26T06:23:14.785+0000] {dag.py:3696} INFO - Setting next_dagrun for example_branch_dop_operator_v3 to 2024-03-26T06:22:00+00:00, run_after=2024-03-26T06:23:00+00:00
[2024-03-26T06:23:14.809+0000] {processor.py:179} INFO - Processing /home/airflow/.local/lib/python3.8/site-packages/airflow/example_dags/example_branch_python_dop_operator_3.py took 0.107 seconds
[2024-03-26T06:23:45.462+0000] {processor.py:157} INFO - Started process (PID=1503) to work on /home/airflow/.local/lib/python3.8/site-packages/airflow/example_dags/example_branch_python_dop_operator_3.py
[2024-03-26T06:23:45.463+0000] {processor.py:829} INFO - Processing file /home/airflow/.local/lib/python3.8/site-packages/airflow/example_dags/example_branch_python_dop_operator_3.py for tasks to queue
[2024-03-26T06:23:45.466+0000] {logging_mixin.py:151} INFO - [2024-03-26T06:23:45.466+0000] {dagbag.py:539} INFO - Filling up the DagBag from /home/airflow/.local/lib/python3.8/site-packages/airflow/example_dags/example_branch_python_dop_operator_3.py
[2024-03-26T06:23:45.479+0000] {processor.py:839} INFO - DAG(s) dict_keys(['example_branch_dop_operator_v3']) retrieved from /home/airflow/.local/lib/python3.8/site-packages/airflow/example_dags/example_branch_python_dop_operator_3.py
[2024-03-26T06:23:45.507+0000] {logging_mixin.py:151} INFO - [2024-03-26T06:23:45.506+0000] {dag.py:2915} INFO - Sync 1 DAGs
[2024-03-26T06:23:45.540+0000] {logging_mixin.py:151} INFO - [2024-03-26T06:23:45.540+0000] {dag.py:3696} INFO - Setting next_dagrun for example_branch_dop_operator_v3 to 2024-03-26T06:22:00+00:00, run_after=2024-03-26T06:23:00+00:00
[2024-03-26T06:23:45.565+0000] {processor.py:179} INFO - Processing /home/airflow/.local/lib/python3.8/site-packages/airflow/example_dags/example_branch_python_dop_operator_3.py took 0.107 seconds
[2024-03-26T06:24:15.959+0000] {processor.py:157} INFO - Started process (PID=1557) to work on /home/airflow/.local/lib/python3.8/site-packages/airflow/example_dags/example_branch_python_dop_operator_3.py
[2024-03-26T06:24:15.961+0000] {processor.py:829} INFO - Processing file /home/airflow/.local/lib/python3.8/site-packages/airflow/example_dags/example_branch_python_dop_operator_3.py for tasks to queue
[2024-03-26T06:24:15.965+0000] {logging_mixin.py:151} INFO - [2024-03-26T06:24:15.964+0000] {dagbag.py:539} INFO - Filling up the DagBag from /home/airflow/.local/lib/python3.8/site-packages/airflow/example_dags/example_branch_python_dop_operator_3.py
[2024-03-26T06:24:15.975+0000] {processor.py:839} INFO - DAG(s) dict_keys(['example_branch_dop_operator_v3']) retrieved from /home/airflow/.local/lib/python3.8/site-packages/airflow/example_dags/example_branch_python_dop_operator_3.py
[2024-03-26T06:24:15.998+0000] {logging_mixin.py:151} INFO - [2024-03-26T06:24:15.998+0000] {dag.py:2915} INFO - Sync 1 DAGs
[2024-03-26T06:24:16.032+0000] {logging_mixin.py:151} INFO - [2024-03-26T06:24:16.032+0000] {dag.py:3696} INFO - Setting next_dagrun for example_branch_dop_operator_v3 to 2024-03-26T06:23:00+00:00, run_after=2024-03-26T06:24:00+00:00
[2024-03-26T06:24:16.054+0000] {processor.py:179} INFO - Processing /home/airflow/.local/lib/python3.8/site-packages/airflow/example_dags/example_branch_python_dop_operator_3.py took 0.098 seconds
[2024-03-26T06:24:46.596+0000] {processor.py:157} INFO - Started process (PID=1611) to work on /home/airflow/.local/lib/python3.8/site-packages/airflow/example_dags/example_branch_python_dop_operator_3.py
[2024-03-26T06:24:46.612+0000] {processor.py:829} INFO - Processing file /home/airflow/.local/lib/python3.8/site-packages/airflow/example_dags/example_branch_python_dop_operator_3.py for tasks to queue
[2024-03-26T06:24:46.619+0000] {logging_mixin.py:151} INFO - [2024-03-26T06:24:46.619+0000] {dagbag.py:539} INFO - Filling up the DagBag from /home/airflow/.local/lib/python3.8/site-packages/airflow/example_dags/example_branch_python_dop_operator_3.py
[2024-03-26T06:24:46.630+0000] {processor.py:839} INFO - DAG(s) dict_keys(['example_branch_dop_operator_v3']) retrieved from /home/airflow/.local/lib/python3.8/site-packages/airflow/example_dags/example_branch_python_dop_operator_3.py
[2024-03-26T06:24:46.653+0000] {logging_mixin.py:151} INFO - [2024-03-26T06:24:46.653+0000] {dag.py:2915} INFO - Sync 1 DAGs
[2024-03-26T06:24:46.681+0000] {logging_mixin.py:151} INFO - [2024-03-26T06:24:46.681+0000] {dag.py:3696} INFO - Setting next_dagrun for example_branch_dop_operator_v3 to 2024-03-26T06:23:00+00:00, run_after=2024-03-26T06:24:00+00:00
[2024-03-26T06:24:46.703+0000] {processor.py:179} INFO - Processing /home/airflow/.local/lib/python3.8/site-packages/airflow/example_dags/example_branch_python_dop_operator_3.py took 0.112 seconds
[2024-03-26T06:25:17.198+0000] {processor.py:157} INFO - Started process (PID=1665) to work on /home/airflow/.local/lib/python3.8/site-packages/airflow/example_dags/example_branch_python_dop_operator_3.py
[2024-03-26T06:25:17.200+0000] {processor.py:829} INFO - Processing file /home/airflow/.local/lib/python3.8/site-packages/airflow/example_dags/example_branch_python_dop_operator_3.py for tasks to queue
[2024-03-26T06:25:17.204+0000] {logging_mixin.py:151} INFO - [2024-03-26T06:25:17.203+0000] {dagbag.py:539} INFO - Filling up the DagBag from /home/airflow/.local/lib/python3.8/site-packages/airflow/example_dags/example_branch_python_dop_operator_3.py
[2024-03-26T06:25:17.216+0000] {processor.py:839} INFO - DAG(s) dict_keys(['example_branch_dop_operator_v3']) retrieved from /home/airflow/.local/lib/python3.8/site-packages/airflow/example_dags/example_branch_python_dop_operator_3.py
[2024-03-26T06:25:17.242+0000] {logging_mixin.py:151} INFO - [2024-03-26T06:25:17.242+0000] {dag.py:2915} INFO - Sync 1 DAGs
[2024-03-26T06:25:17.275+0000] {logging_mixin.py:151} INFO - [2024-03-26T06:25:17.274+0000] {dag.py:3696} INFO - Setting next_dagrun for example_branch_dop_operator_v3 to 2024-03-26T06:24:00+00:00, run_after=2024-03-26T06:25:00+00:00
[2024-03-26T06:25:17.312+0000] {processor.py:179} INFO - Processing /home/airflow/.local/lib/python3.8/site-packages/airflow/example_dags/example_branch_python_dop_operator_3.py took 0.118 seconds
[2024-03-26T06:25:47.542+0000] {processor.py:157} INFO - Started process (PID=1718) to work on /home/airflow/.local/lib/python3.8/site-packages/airflow/example_dags/example_branch_python_dop_operator_3.py
[2024-03-26T06:25:47.543+0000] {processor.py:829} INFO - Processing file /home/airflow/.local/lib/python3.8/site-packages/airflow/example_dags/example_branch_python_dop_operator_3.py for tasks to queue
[2024-03-26T06:25:47.546+0000] {logging_mixin.py:151} INFO - [2024-03-26T06:25:47.546+0000] {dagbag.py:539} INFO - Filling up the DagBag from /home/airflow/.local/lib/python3.8/site-packages/airflow/example_dags/example_branch_python_dop_operator_3.py
[2024-03-26T06:25:47.556+0000] {processor.py:839} INFO - DAG(s) dict_keys(['example_branch_dop_operator_v3']) retrieved from /home/airflow/.local/lib/python3.8/site-packages/airflow/example_dags/example_branch_python_dop_operator_3.py
[2024-03-26T06:25:47.580+0000] {logging_mixin.py:151} INFO - [2024-03-26T06:25:47.580+0000] {dag.py:2915} INFO - Sync 1 DAGs
[2024-03-26T06:25:47.613+0000] {logging_mixin.py:151} INFO - [2024-03-26T06:25:47.613+0000] {dag.py:3696} INFO - Setting next_dagrun for example_branch_dop_operator_v3 to 2024-03-26T06:24:00+00:00, run_after=2024-03-26T06:25:00+00:00
[2024-03-26T06:25:47.640+0000] {processor.py:179} INFO - Processing /home/airflow/.local/lib/python3.8/site-packages/airflow/example_dags/example_branch_python_dop_operator_3.py took 0.102 seconds
[2024-03-26T06:26:18.379+0000] {processor.py:157} INFO - Started process (PID=1773) to work on /home/airflow/.local/lib/python3.8/site-packages/airflow/example_dags/example_branch_python_dop_operator_3.py
[2024-03-26T06:26:18.380+0000] {processor.py:829} INFO - Processing file /home/airflow/.local/lib/python3.8/site-packages/airflow/example_dags/example_branch_python_dop_operator_3.py for tasks to queue
[2024-03-26T06:26:18.383+0000] {logging_mixin.py:151} INFO - [2024-03-26T06:26:18.383+0000] {dagbag.py:539} INFO - Filling up the DagBag from /home/airflow/.local/lib/python3.8/site-packages/airflow/example_dags/example_branch_python_dop_operator_3.py
[2024-03-26T06:26:18.394+0000] {processor.py:839} INFO - DAG(s) dict_keys(['example_branch_dop_operator_v3']) retrieved from /home/airflow/.local/lib/python3.8/site-packages/airflow/example_dags/example_branch_python_dop_operator_3.py
[2024-03-26T06:26:18.419+0000] {logging_mixin.py:151} INFO - [2024-03-26T06:26:18.419+0000] {dag.py:2915} INFO - Sync 1 DAGs
[2024-03-26T06:26:18.450+0000] {logging_mixin.py:151} INFO - [2024-03-26T06:26:18.450+0000] {dag.py:3696} INFO - Setting next_dagrun for example_branch_dop_operator_v3 to 2024-03-26T06:25:00+00:00, run_after=2024-03-26T06:26:00+00:00
[2024-03-26T06:26:18.473+0000] {processor.py:179} INFO - Processing /home/airflow/.local/lib/python3.8/site-packages/airflow/example_dags/example_branch_python_dop_operator_3.py took 0.098 seconds
[2024-03-26T06:26:48.737+0000] {processor.py:157} INFO - Started process (PID=1827) to work on /home/airflow/.local/lib/python3.8/site-packages/airflow/example_dags/example_branch_python_dop_operator_3.py
[2024-03-26T06:26:48.738+0000] {processor.py:829} INFO - Processing file /home/airflow/.local/lib/python3.8/site-packages/airflow/example_dags/example_branch_python_dop_operator_3.py for tasks to queue
[2024-03-26T06:26:48.741+0000] {logging_mixin.py:151} INFO - [2024-03-26T06:26:48.741+0000] {dagbag.py:539} INFO - Filling up the DagBag from /home/airflow/.local/lib/python3.8/site-packages/airflow/example_dags/example_branch_python_dop_operator_3.py
[2024-03-26T06:26:48.751+0000] {processor.py:839} INFO - DAG(s) dict_keys(['example_branch_dop_operator_v3']) retrieved from /home/airflow/.local/lib/python3.8/site-packages/airflow/example_dags/example_branch_python_dop_operator_3.py
[2024-03-26T06:26:48.775+0000] {logging_mixin.py:151} INFO - [2024-03-26T06:26:48.775+0000] {dag.py:2915} INFO - Sync 1 DAGs
[2024-03-26T06:26:48.807+0000] {logging_mixin.py:151} INFO - [2024-03-26T06:26:48.807+0000] {dag.py:3696} INFO - Setting next_dagrun for example_branch_dop_operator_v3 to 2024-03-26T06:25:00+00:00, run_after=2024-03-26T06:26:00+00:00
[2024-03-26T06:26:48.829+0000] {processor.py:179} INFO - Processing /home/airflow/.local/lib/python3.8/site-packages/airflow/example_dags/example_branch_python_dop_operator_3.py took 0.096 seconds
[2024-03-26T06:27:19.196+0000] {processor.py:157} INFO - Started process (PID=1880) to work on /home/airflow/.local/lib/python3.8/site-packages/airflow/example_dags/example_branch_python_dop_operator_3.py
[2024-03-26T06:27:19.197+0000] {processor.py:829} INFO - Processing file /home/airflow/.local/lib/python3.8/site-packages/airflow/example_dags/example_branch_python_dop_operator_3.py for tasks to queue
[2024-03-26T06:27:19.201+0000] {logging_mixin.py:151} INFO - [2024-03-26T06:27:19.201+0000] {dagbag.py:539} INFO - Filling up the DagBag from /home/airflow/.local/lib/python3.8/site-packages/airflow/example_dags/example_branch_python_dop_operator_3.py
[2024-03-26T06:27:19.212+0000] {processor.py:839} INFO - DAG(s) dict_keys(['example_branch_dop_operator_v3']) retrieved from /home/airflow/.local/lib/python3.8/site-packages/airflow/example_dags/example_branch_python_dop_operator_3.py
[2024-03-26T06:27:19.240+0000] {logging_mixin.py:151} INFO - [2024-03-26T06:27:19.240+0000] {dag.py:2915} INFO - Sync 1 DAGs
[2024-03-26T06:27:19.274+0000] {logging_mixin.py:151} INFO - [2024-03-26T06:27:19.274+0000] {dag.py:3696} INFO - Setting next_dagrun for example_branch_dop_operator_v3 to 2024-03-26T06:26:00+00:00, run_after=2024-03-26T06:27:00+00:00
[2024-03-26T06:27:19.301+0000] {processor.py:179} INFO - Processing /home/airflow/.local/lib/python3.8/site-packages/airflow/example_dags/example_branch_python_dop_operator_3.py took 0.109 seconds
[2024-03-26T06:27:49.985+0000] {processor.py:157} INFO - Started process (PID=1934) to work on /home/airflow/.local/lib/python3.8/site-packages/airflow/example_dags/example_branch_python_dop_operator_3.py
[2024-03-26T06:27:49.986+0000] {processor.py:829} INFO - Processing file /home/airflow/.local/lib/python3.8/site-packages/airflow/example_dags/example_branch_python_dop_operator_3.py for tasks to queue
[2024-03-26T06:27:49.990+0000] {logging_mixin.py:151} INFO - [2024-03-26T06:27:49.990+0000] {dagbag.py:539} INFO - Filling up the DagBag from /home/airflow/.local/lib/python3.8/site-packages/airflow/example_dags/example_branch_python_dop_operator_3.py
[2024-03-26T06:27:50.002+0000] {processor.py:839} INFO - DAG(s) dict_keys(['example_branch_dop_operator_v3']) retrieved from /home/airflow/.local/lib/python3.8/site-packages/airflow/example_dags/example_branch_python_dop_operator_3.py
[2024-03-26T06:27:50.030+0000] {logging_mixin.py:151} INFO - [2024-03-26T06:27:50.030+0000] {dag.py:2915} INFO - Sync 1 DAGs
[2024-03-26T06:27:50.066+0000] {logging_mixin.py:151} INFO - [2024-03-26T06:27:50.065+0000] {dag.py:3696} INFO - Setting next_dagrun for example_branch_dop_operator_v3 to 2024-03-26T06:26:00+00:00, run_after=2024-03-26T06:27:00+00:00
[2024-03-26T06:27:50.090+0000] {processor.py:179} INFO - Processing /home/airflow/.local/lib/python3.8/site-packages/airflow/example_dags/example_branch_python_dop_operator_3.py took 0.111 seconds
[2024-03-26T06:28:20.441+0000] {processor.py:157} INFO - Started process (PID=1988) to work on /home/airflow/.local/lib/python3.8/site-packages/airflow/example_dags/example_branch_python_dop_operator_3.py
[2024-03-26T06:28:20.443+0000] {processor.py:829} INFO - Processing file /home/airflow/.local/lib/python3.8/site-packages/airflow/example_dags/example_branch_python_dop_operator_3.py for tasks to queue
[2024-03-26T06:28:20.446+0000] {logging_mixin.py:151} INFO - [2024-03-26T06:28:20.446+0000] {dagbag.py:539} INFO - Filling up the DagBag from /home/airflow/.local/lib/python3.8/site-packages/airflow/example_dags/example_branch_python_dop_operator_3.py
[2024-03-26T06:28:20.455+0000] {processor.py:839} INFO - DAG(s) dict_keys(['example_branch_dop_operator_v3']) retrieved from /home/airflow/.local/lib/python3.8/site-packages/airflow/example_dags/example_branch_python_dop_operator_3.py
[2024-03-26T06:28:20.482+0000] {logging_mixin.py:151} INFO - [2024-03-26T06:28:20.482+0000] {dag.py:2915} INFO - Sync 1 DAGs
[2024-03-26T06:28:20.513+0000] {logging_mixin.py:151} INFO - [2024-03-26T06:28:20.513+0000] {dag.py:3696} INFO - Setting next_dagrun for example_branch_dop_operator_v3 to 2024-03-26T06:27:00+00:00, run_after=2024-03-26T06:28:00+00:00
[2024-03-26T06:28:20.543+0000] {processor.py:179} INFO - Processing /home/airflow/.local/lib/python3.8/site-packages/airflow/example_dags/example_branch_python_dop_operator_3.py took 0.107 seconds
[2024-03-26T06:28:50.950+0000] {processor.py:157} INFO - Started process (PID=2042) to work on /home/airflow/.local/lib/python3.8/site-packages/airflow/example_dags/example_branch_python_dop_operator_3.py
[2024-03-26T06:28:50.952+0000] {processor.py:829} INFO - Processing file /home/airflow/.local/lib/python3.8/site-packages/airflow/example_dags/example_branch_python_dop_operator_3.py for tasks to queue
[2024-03-26T06:28:50.955+0000] {logging_mixin.py:151} INFO - [2024-03-26T06:28:50.955+0000] {dagbag.py:539} INFO - Filling up the DagBag from /home/airflow/.local/lib/python3.8/site-packages/airflow/example_dags/example_branch_python_dop_operator_3.py
[2024-03-26T06:28:50.966+0000] {processor.py:839} INFO - DAG(s) dict_keys(['example_branch_dop_operator_v3']) retrieved from /home/airflow/.local/lib/python3.8/site-packages/airflow/example_dags/example_branch_python_dop_operator_3.py
[2024-03-26T06:28:50.998+0000] {logging_mixin.py:151} INFO - [2024-03-26T06:28:50.998+0000] {dag.py:2915} INFO - Sync 1 DAGs
[2024-03-26T06:28:51.033+0000] {logging_mixin.py:151} INFO - [2024-03-26T06:28:51.033+0000] {dag.py:3696} INFO - Setting next_dagrun for example_branch_dop_operator_v3 to 2024-03-26T06:27:00+00:00, run_after=2024-03-26T06:28:00+00:00
[2024-03-26T06:28:51.060+0000] {processor.py:179} INFO - Processing /home/airflow/.local/lib/python3.8/site-packages/airflow/example_dags/example_branch_python_dop_operator_3.py took 0.114 seconds
[2024-03-26T06:29:21.904+0000] {processor.py:157} INFO - Started process (PID=2096) to work on /home/airflow/.local/lib/python3.8/site-packages/airflow/example_dags/example_branch_python_dop_operator_3.py
[2024-03-26T06:29:21.905+0000] {processor.py:829} INFO - Processing file /home/airflow/.local/lib/python3.8/site-packages/airflow/example_dags/example_branch_python_dop_operator_3.py for tasks to queue
[2024-03-26T06:29:21.909+0000] {logging_mixin.py:151} INFO - [2024-03-26T06:29:21.909+0000] {dagbag.py:539} INFO - Filling up the DagBag from /home/airflow/.local/lib/python3.8/site-packages/airflow/example_dags/example_branch_python_dop_operator_3.py
[2024-03-26T06:29:21.919+0000] {processor.py:839} INFO - DAG(s) dict_keys(['example_branch_dop_operator_v3']) retrieved from /home/airflow/.local/lib/python3.8/site-packages/airflow/example_dags/example_branch_python_dop_operator_3.py
[2024-03-26T06:29:21.949+0000] {logging_mixin.py:151} INFO - [2024-03-26T06:29:21.949+0000] {dag.py:2915} INFO - Sync 1 DAGs
[2024-03-26T06:29:21.985+0000] {logging_mixin.py:151} INFO - [2024-03-26T06:29:21.985+0000] {dag.py:3696} INFO - Setting next_dagrun for example_branch_dop_operator_v3 to 2024-03-26T06:28:00+00:00, run_after=2024-03-26T06:29:00+00:00
[2024-03-26T06:29:22.012+0000] {processor.py:179} INFO - Processing /home/airflow/.local/lib/python3.8/site-packages/airflow/example_dags/example_branch_python_dop_operator_3.py took 0.113 seconds
[2024-03-26T06:29:52.124+0000] {processor.py:157} INFO - Started process (PID=2150) to work on /home/airflow/.local/lib/python3.8/site-packages/airflow/example_dags/example_branch_python_dop_operator_3.py
[2024-03-26T06:29:52.126+0000] {processor.py:829} INFO - Processing file /home/airflow/.local/lib/python3.8/site-packages/airflow/example_dags/example_branch_python_dop_operator_3.py for tasks to queue
[2024-03-26T06:29:52.132+0000] {logging_mixin.py:151} INFO - [2024-03-26T06:29:52.131+0000] {dagbag.py:539} INFO - Filling up the DagBag from /home/airflow/.local/lib/python3.8/site-packages/airflow/example_dags/example_branch_python_dop_operator_3.py
[2024-03-26T06:29:52.143+0000] {processor.py:839} INFO - DAG(s) dict_keys(['example_branch_dop_operator_v3']) retrieved from /home/airflow/.local/lib/python3.8/site-packages/airflow/example_dags/example_branch_python_dop_operator_3.py
[2024-03-26T06:29:52.169+0000] {logging_mixin.py:151} INFO - [2024-03-26T06:29:52.169+0000] {dag.py:2915} INFO - Sync 1 DAGs
[2024-03-26T06:29:52.206+0000] {logging_mixin.py:151} INFO - [2024-03-26T06:29:52.205+0000] {dag.py:3696} INFO - Setting next_dagrun for example_branch_dop_operator_v3 to 2024-03-26T06:28:00+00:00, run_after=2024-03-26T06:29:00+00:00
[2024-03-26T06:29:52.231+0000] {processor.py:179} INFO - Processing /home/airflow/.local/lib/python3.8/site-packages/airflow/example_dags/example_branch_python_dop_operator_3.py took 0.111 seconds
[2024-03-26T06:30:22.366+0000] {processor.py:157} INFO - Started process (PID=2203) to work on /home/airflow/.local/lib/python3.8/site-packages/airflow/example_dags/example_branch_python_dop_operator_3.py
[2024-03-26T06:30:22.368+0000] {processor.py:829} INFO - Processing file /home/airflow/.local/lib/python3.8/site-packages/airflow/example_dags/example_branch_python_dop_operator_3.py for tasks to queue
[2024-03-26T06:30:22.371+0000] {logging_mixin.py:151} INFO - [2024-03-26T06:30:22.371+0000] {dagbag.py:539} INFO - Filling up the DagBag from /home/airflow/.local/lib/python3.8/site-packages/airflow/example_dags/example_branch_python_dop_operator_3.py
[2024-03-26T06:30:22.383+0000] {processor.py:839} INFO - DAG(s) dict_keys(['example_branch_dop_operator_v3']) retrieved from /home/airflow/.local/lib/python3.8/site-packages/airflow/example_dags/example_branch_python_dop_operator_3.py
[2024-03-26T06:30:22.407+0000] {logging_mixin.py:151} INFO - [2024-03-26T06:30:22.407+0000] {dag.py:2915} INFO - Sync 1 DAGs
[2024-03-26T06:30:22.437+0000] {logging_mixin.py:151} INFO - [2024-03-26T06:30:22.437+0000] {dag.py:3696} INFO - Setting next_dagrun for example_branch_dop_operator_v3 to 2024-03-26T06:29:00+00:00, run_after=2024-03-26T06:30:00+00:00
[2024-03-26T06:30:22.463+0000] {processor.py:179} INFO - Processing /home/airflow/.local/lib/python3.8/site-packages/airflow/example_dags/example_branch_python_dop_operator_3.py took 0.101 seconds
[2024-03-26T06:30:52.604+0000] {processor.py:157} INFO - Started process (PID=2257) to work on /home/airflow/.local/lib/python3.8/site-packages/airflow/example_dags/example_branch_python_dop_operator_3.py
[2024-03-26T06:30:52.606+0000] {processor.py:829} INFO - Processing file /home/airflow/.local/lib/python3.8/site-packages/airflow/example_dags/example_branch_python_dop_operator_3.py for tasks to queue
[2024-03-26T06:30:52.609+0000] {logging_mixin.py:151} INFO - [2024-03-26T06:30:52.609+0000] {dagbag.py:539} INFO - Filling up the DagBag from /home/airflow/.local/lib/python3.8/site-packages/airflow/example_dags/example_branch_python_dop_operator_3.py
[2024-03-26T06:30:52.619+0000] {processor.py:839} INFO - DAG(s) dict_keys(['example_branch_dop_operator_v3']) retrieved from /home/airflow/.local/lib/python3.8/site-packages/airflow/example_dags/example_branch_python_dop_operator_3.py
[2024-03-26T06:30:52.644+0000] {logging_mixin.py:151} INFO - [2024-03-26T06:30:52.644+0000] {dag.py:2915} INFO - Sync 1 DAGs
[2024-03-26T06:30:52.676+0000] {logging_mixin.py:151} INFO - [2024-03-26T06:30:52.676+0000] {dag.py:3696} INFO - Setting next_dagrun for example_branch_dop_operator_v3 to 2024-03-26T06:29:00+00:00, run_after=2024-03-26T06:30:00+00:00
[2024-03-26T06:30:52.714+0000] {processor.py:179} INFO - Processing /home/airflow/.local/lib/python3.8/site-packages/airflow/example_dags/example_branch_python_dop_operator_3.py took 0.113 seconds
[2024-03-26T06:31:22.844+0000] {processor.py:157} INFO - Started process (PID=2311) to work on /home/airflow/.local/lib/python3.8/site-packages/airflow/example_dags/example_branch_python_dop_operator_3.py
[2024-03-26T06:31:22.846+0000] {processor.py:829} INFO - Processing file /home/airflow/.local/lib/python3.8/site-packages/airflow/example_dags/example_branch_python_dop_operator_3.py for tasks to queue
[2024-03-26T06:31:22.850+0000] {logging_mixin.py:151} INFO - [2024-03-26T06:31:22.850+0000] {dagbag.py:539} INFO - Filling up the DagBag from /home/airflow/.local/lib/python3.8/site-packages/airflow/example_dags/example_branch_python_dop_operator_3.py
[2024-03-26T06:31:22.863+0000] {processor.py:839} INFO - DAG(s) dict_keys(['example_branch_dop_operator_v3']) retrieved from /home/airflow/.local/lib/python3.8/site-packages/airflow/example_dags/example_branch_python_dop_operator_3.py
[2024-03-26T06:31:22.892+0000] {logging_mixin.py:151} INFO - [2024-03-26T06:31:22.892+0000] {dag.py:2915} INFO - Sync 1 DAGs
[2024-03-26T06:31:22.928+0000] {logging_mixin.py:151} INFO - [2024-03-26T06:31:22.927+0000] {dag.py:3696} INFO - Setting next_dagrun for example_branch_dop_operator_v3 to 2024-03-26T06:30:00+00:00, run_after=2024-03-26T06:31:00+00:00
[2024-03-26T06:31:22.964+0000] {processor.py:179} INFO - Processing /home/airflow/.local/lib/python3.8/site-packages/airflow/example_dags/example_branch_python_dop_operator_3.py took 0.124 seconds
[2024-03-26T06:31:53.022+0000] {processor.py:157} INFO - Started process (PID=2365) to work on /home/airflow/.local/lib/python3.8/site-packages/airflow/example_dags/example_branch_python_dop_operator_3.py
[2024-03-26T06:31:53.024+0000] {processor.py:829} INFO - Processing file /home/airflow/.local/lib/python3.8/site-packages/airflow/example_dags/example_branch_python_dop_operator_3.py for tasks to queue
[2024-03-26T06:31:53.028+0000] {logging_mixin.py:151} INFO - [2024-03-26T06:31:53.027+0000] {dagbag.py:539} INFO - Filling up the DagBag from /home/airflow/.local/lib/python3.8/site-packages/airflow/example_dags/example_branch_python_dop_operator_3.py
[2024-03-26T06:31:53.037+0000] {processor.py:839} INFO - DAG(s) dict_keys(['example_branch_dop_operator_v3']) retrieved from /home/airflow/.local/lib/python3.8/site-packages/airflow/example_dags/example_branch_python_dop_operator_3.py
[2024-03-26T06:31:53.060+0000] {logging_mixin.py:151} INFO - [2024-03-26T06:31:53.060+0000] {dag.py:2915} INFO - Sync 1 DAGs
[2024-03-26T06:31:53.088+0000] {logging_mixin.py:151} INFO - [2024-03-26T06:31:53.088+0000] {dag.py:3696} INFO - Setting next_dagrun for example_branch_dop_operator_v3 to 2024-03-26T06:30:00+00:00, run_after=2024-03-26T06:31:00+00:00
[2024-03-26T06:31:53.107+0000] {processor.py:179} INFO - Processing /home/airflow/.local/lib/python3.8/site-packages/airflow/example_dags/example_branch_python_dop_operator_3.py took 0.090 seconds
[2024-03-26T06:32:23.290+0000] {processor.py:157} INFO - Started process (PID=2419) to work on /home/airflow/.local/lib/python3.8/site-packages/airflow/example_dags/example_branch_python_dop_operator_3.py
[2024-03-26T06:32:23.291+0000] {processor.py:829} INFO - Processing file /home/airflow/.local/lib/python3.8/site-packages/airflow/example_dags/example_branch_python_dop_operator_3.py for tasks to queue
[2024-03-26T06:32:23.295+0000] {logging_mixin.py:151} INFO - [2024-03-26T06:32:23.294+0000] {dagbag.py:539} INFO - Filling up the DagBag from /home/airflow/.local/lib/python3.8/site-packages/airflow/example_dags/example_branch_python_dop_operator_3.py
[2024-03-26T06:32:23.305+0000] {processor.py:839} INFO - DAG(s) dict_keys(['example_branch_dop_operator_v3']) retrieved from /home/airflow/.local/lib/python3.8/site-packages/airflow/example_dags/example_branch_python_dop_operator_3.py
[2024-03-26T06:32:23.332+0000] {logging_mixin.py:151} INFO - [2024-03-26T06:32:23.332+0000] {dag.py:2915} INFO - Sync 1 DAGs
[2024-03-26T06:32:23.363+0000] {logging_mixin.py:151} INFO - [2024-03-26T06:32:23.363+0000] {dag.py:3696} INFO - Setting next_dagrun for example_branch_dop_operator_v3 to 2024-03-26T06:31:00+00:00, run_after=2024-03-26T06:32:00+00:00
[2024-03-26T06:32:23.393+0000] {processor.py:179} INFO - Processing /home/airflow/.local/lib/python3.8/site-packages/airflow/example_dags/example_branch_python_dop_operator_3.py took 0.107 seconds
[2024-03-26T06:32:53.753+0000] {processor.py:157} INFO - Started process (PID=2473) to work on /home/airflow/.local/lib/python3.8/site-packages/airflow/example_dags/example_branch_python_dop_operator_3.py
[2024-03-26T06:32:53.754+0000] {processor.py:829} INFO - Processing file /home/airflow/.local/lib/python3.8/site-packages/airflow/example_dags/example_branch_python_dop_operator_3.py for tasks to queue
[2024-03-26T06:32:53.757+0000] {logging_mixin.py:151} INFO - [2024-03-26T06:32:53.757+0000] {dagbag.py:539} INFO - Filling up the DagBag from /home/airflow/.local/lib/python3.8/site-packages/airflow/example_dags/example_branch_python_dop_operator_3.py
[2024-03-26T06:32:53.767+0000] {processor.py:839} INFO - DAG(s) dict_keys(['example_branch_dop_operator_v3']) retrieved from /home/airflow/.local/lib/python3.8/site-packages/airflow/example_dags/example_branch_python_dop_operator_3.py
[2024-03-26T06:32:53.791+0000] {logging_mixin.py:151} INFO - [2024-03-26T06:32:53.791+0000] {dag.py:2915} INFO - Sync 1 DAGs
[2024-03-26T06:32:53.823+0000] {logging_mixin.py:151} INFO - [2024-03-26T06:32:53.822+0000] {dag.py:3696} INFO - Setting next_dagrun for example_branch_dop_operator_v3 to 2024-03-26T06:31:00+00:00, run_after=2024-03-26T06:32:00+00:00
[2024-03-26T06:32:53.866+0000] {processor.py:179} INFO - Processing /home/airflow/.local/lib/python3.8/site-packages/airflow/example_dags/example_branch_python_dop_operator_3.py took 0.118 seconds
[2024-03-26T06:33:24.251+0000] {processor.py:157} INFO - Started process (PID=2527) to work on /home/airflow/.local/lib/python3.8/site-packages/airflow/example_dags/example_branch_python_dop_operator_3.py
[2024-03-26T06:33:24.252+0000] {processor.py:829} INFO - Processing file /home/airflow/.local/lib/python3.8/site-packages/airflow/example_dags/example_branch_python_dop_operator_3.py for tasks to queue
[2024-03-26T06:33:24.255+0000] {logging_mixin.py:151} INFO - [2024-03-26T06:33:24.255+0000] {dagbag.py:539} INFO - Filling up the DagBag from /home/airflow/.local/lib/python3.8/site-packages/airflow/example_dags/example_branch_python_dop_operator_3.py
[2024-03-26T06:33:24.265+0000] {processor.py:839} INFO - DAG(s) dict_keys(['example_branch_dop_operator_v3']) retrieved from /home/airflow/.local/lib/python3.8/site-packages/airflow/example_dags/example_branch_python_dop_operator_3.py
[2024-03-26T06:33:24.287+0000] {logging_mixin.py:151} INFO - [2024-03-26T06:33:24.287+0000] {dag.py:2915} INFO - Sync 1 DAGs
[2024-03-26T06:33:24.317+0000] {logging_mixin.py:151} INFO - [2024-03-26T06:33:24.316+0000] {dag.py:3696} INFO - Setting next_dagrun for example_branch_dop_operator_v3 to 2024-03-26T06:32:00+00:00, run_after=2024-03-26T06:33:00+00:00
[2024-03-26T06:33:24.343+0000] {processor.py:179} INFO - Processing /home/airflow/.local/lib/python3.8/site-packages/airflow/example_dags/example_branch_python_dop_operator_3.py took 0.095 seconds
[2024-03-26T06:33:55.142+0000] {processor.py:157} INFO - Started process (PID=2581) to work on /home/airflow/.local/lib/python3.8/site-packages/airflow/example_dags/example_branch_python_dop_operator_3.py
[2024-03-26T06:33:55.144+0000] {processor.py:829} INFO - Processing file /home/airflow/.local/lib/python3.8/site-packages/airflow/example_dags/example_branch_python_dop_operator_3.py for tasks to queue
[2024-03-26T06:33:55.149+0000] {logging_mixin.py:151} INFO - [2024-03-26T06:33:55.148+0000] {dagbag.py:539} INFO - Filling up the DagBag from /home/airflow/.local/lib/python3.8/site-packages/airflow/example_dags/example_branch_python_dop_operator_3.py
[2024-03-26T06:33:55.163+0000] {processor.py:839} INFO - DAG(s) dict_keys(['example_branch_dop_operator_v3']) retrieved from /home/airflow/.local/lib/python3.8/site-packages/airflow/example_dags/example_branch_python_dop_operator_3.py
[2024-03-26T06:33:55.192+0000] {logging_mixin.py:151} INFO - [2024-03-26T06:33:55.192+0000] {dag.py:2915} INFO - Sync 1 DAGs
[2024-03-26T06:33:55.235+0000] {logging_mixin.py:151} INFO - [2024-03-26T06:33:55.235+0000] {dag.py:3696} INFO - Setting next_dagrun for example_branch_dop_operator_v3 to 2024-03-26T06:32:00+00:00, run_after=2024-03-26T06:33:00+00:00
[2024-03-26T06:33:55.260+0000] {processor.py:179} INFO - Processing /home/airflow/.local/lib/python3.8/site-packages/airflow/example_dags/example_branch_python_dop_operator_3.py took 0.122 seconds
