[2024-03-26T06:04:11.625+0000] {processor.py:157} INFO - Started process (PID=69) to work on /home/airflow/.local/lib/python3.8/site-packages/airflow/example_dags/example_setup_teardown_taskflow.py
[2024-03-26T06:04:11.627+0000] {processor.py:829} INFO - Processing file /home/airflow/.local/lib/python3.8/site-packages/airflow/example_dags/example_setup_teardown_taskflow.py for tasks to queue
[2024-03-26T06:04:11.630+0000] {logging_mixin.py:151} INFO - [2024-03-26T06:04:11.629+0000] {dagbag.py:539} INFO - Filling up the DagBag from /home/airflow/.local/lib/python3.8/site-packages/airflow/example_dags/example_setup_teardown_taskflow.py
[2024-03-26T06:04:11.668+0000] {processor.py:839} INFO - DAG(s) dict_keys(['example_setup_teardown_taskflow']) retrieved from /home/airflow/.local/lib/python3.8/site-packages/airflow/example_dags/example_setup_teardown_taskflow.py
[2024-03-26T06:04:11.878+0000] {logging_mixin.py:151} INFO - [2024-03-26T06:04:11.878+0000] {manager.py:499} INFO - Created Permission View: %s
[2024-03-26T06:04:11.901+0000] {logging_mixin.py:151} INFO - [2024-03-26T06:04:11.900+0000] {manager.py:499} INFO - Created Permission View: %s
[2024-03-26T06:04:11.927+0000] {logging_mixin.py:151} INFO - [2024-03-26T06:04:11.926+0000] {manager.py:499} INFO - Created Permission View: %s
[2024-03-26T06:04:11.928+0000] {logging_mixin.py:151} INFO - [2024-03-26T06:04:11.927+0000] {security.py:708} INFO - Not syncing DAG-level permissions for DAG 'DAG:example_setup_teardown_taskflow' as access control is unset.
[2024-03-26T06:04:11.928+0000] {logging_mixin.py:151} INFO - [2024-03-26T06:04:11.928+0000] {dag.py:2915} INFO - Sync 1 DAGs
[2024-03-26T06:04:11.945+0000] {logging_mixin.py:151} INFO - [2024-03-26T06:04:11.945+0000] {dag.py:2937} INFO - Creating ORM DAG for example_setup_teardown_taskflow
[2024-03-26T06:04:11.958+0000] {logging_mixin.py:151} INFO - [2024-03-26T06:04:11.958+0000] {dag.py:3696} INFO - Setting next_dagrun for example_setup_teardown_taskflow to 2024-03-25T06:04:11.957937+00:00, run_after=2024-03-26T06:04:11.957937+00:00
[2024-03-26T06:04:12.013+0000] {processor.py:179} INFO - Processing /home/airflow/.local/lib/python3.8/site-packages/airflow/example_dags/example_setup_teardown_taskflow.py took 0.393 seconds
[2024-03-26T06:04:44.175+0000] {processor.py:157} INFO - Started process (PID=123) to work on /home/airflow/.local/lib/python3.8/site-packages/airflow/example_dags/example_setup_teardown_taskflow.py
[2024-03-26T06:04:44.177+0000] {processor.py:829} INFO - Processing file /home/airflow/.local/lib/python3.8/site-packages/airflow/example_dags/example_setup_teardown_taskflow.py for tasks to queue
[2024-03-26T06:04:44.181+0000] {logging_mixin.py:151} INFO - [2024-03-26T06:04:44.181+0000] {dagbag.py:539} INFO - Filling up the DagBag from /home/airflow/.local/lib/python3.8/site-packages/airflow/example_dags/example_setup_teardown_taskflow.py
[2024-03-26T06:04:44.205+0000] {processor.py:839} INFO - DAG(s) dict_keys(['example_setup_teardown_taskflow']) retrieved from /home/airflow/.local/lib/python3.8/site-packages/airflow/example_dags/example_setup_teardown_taskflow.py
[2024-03-26T06:04:44.238+0000] {logging_mixin.py:151} INFO - [2024-03-26T06:04:44.238+0000] {dag.py:2915} INFO - Sync 1 DAGs
[2024-03-26T06:04:44.272+0000] {logging_mixin.py:151} INFO - [2024-03-26T06:04:44.271+0000] {dag.py:3696} INFO - Setting next_dagrun for example_setup_teardown_taskflow to 2024-03-25T06:04:44.271329+00:00, run_after=2024-03-26T06:04:44.271329+00:00
[2024-03-26T06:04:44.305+0000] {processor.py:179} INFO - Processing /home/airflow/.local/lib/python3.8/site-packages/airflow/example_dags/example_setup_teardown_taskflow.py took 0.135 seconds
[2024-03-26T06:05:15.015+0000] {processor.py:157} INFO - Started process (PID=177) to work on /home/airflow/.local/lib/python3.8/site-packages/airflow/example_dags/example_setup_teardown_taskflow.py
[2024-03-26T06:05:15.018+0000] {processor.py:829} INFO - Processing file /home/airflow/.local/lib/python3.8/site-packages/airflow/example_dags/example_setup_teardown_taskflow.py for tasks to queue
[2024-03-26T06:05:15.027+0000] {logging_mixin.py:151} INFO - [2024-03-26T06:05:15.027+0000] {dagbag.py:539} INFO - Filling up the DagBag from /home/airflow/.local/lib/python3.8/site-packages/airflow/example_dags/example_setup_teardown_taskflow.py
[2024-03-26T06:05:15.057+0000] {processor.py:839} INFO - DAG(s) dict_keys(['example_setup_teardown_taskflow']) retrieved from /home/airflow/.local/lib/python3.8/site-packages/airflow/example_dags/example_setup_teardown_taskflow.py
[2024-03-26T06:05:15.146+0000] {logging_mixin.py:151} INFO - [2024-03-26T06:05:15.146+0000] {dag.py:2915} INFO - Sync 1 DAGs
[2024-03-26T06:05:15.220+0000] {logging_mixin.py:151} INFO - [2024-03-26T06:05:15.220+0000] {dag.py:3696} INFO - Setting next_dagrun for example_setup_teardown_taskflow to 2024-03-25T06:05:15.220015+00:00, run_after=2024-03-26T06:05:15.220015+00:00
[2024-03-26T06:05:15.256+0000] {processor.py:179} INFO - Processing /home/airflow/.local/lib/python3.8/site-packages/airflow/example_dags/example_setup_teardown_taskflow.py took 0.247 seconds
[2024-03-26T06:05:47.695+0000] {processor.py:157} INFO - Started process (PID=231) to work on /home/airflow/.local/lib/python3.8/site-packages/airflow/example_dags/example_setup_teardown_taskflow.py
[2024-03-26T06:05:47.696+0000] {processor.py:829} INFO - Processing file /home/airflow/.local/lib/python3.8/site-packages/airflow/example_dags/example_setup_teardown_taskflow.py for tasks to queue
[2024-03-26T06:05:47.701+0000] {logging_mixin.py:151} INFO - [2024-03-26T06:05:47.700+0000] {dagbag.py:539} INFO - Filling up the DagBag from /home/airflow/.local/lib/python3.8/site-packages/airflow/example_dags/example_setup_teardown_taskflow.py
[2024-03-26T06:05:47.719+0000] {processor.py:839} INFO - DAG(s) dict_keys(['example_setup_teardown_taskflow']) retrieved from /home/airflow/.local/lib/python3.8/site-packages/airflow/example_dags/example_setup_teardown_taskflow.py
[2024-03-26T06:05:47.765+0000] {logging_mixin.py:151} INFO - [2024-03-26T06:05:47.765+0000] {dag.py:2915} INFO - Sync 1 DAGs
[2024-03-26T06:05:47.799+0000] {logging_mixin.py:151} INFO - [2024-03-26T06:05:47.799+0000] {dag.py:3696} INFO - Setting next_dagrun for example_setup_teardown_taskflow to 2024-03-25T06:05:47.798981+00:00, run_after=2024-03-26T06:05:47.798981+00:00
[2024-03-26T06:05:47.830+0000] {processor.py:179} INFO - Processing /home/airflow/.local/lib/python3.8/site-packages/airflow/example_dags/example_setup_teardown_taskflow.py took 0.140 seconds
[2024-03-26T06:06:19.892+0000] {processor.py:157} INFO - Started process (PID=292) to work on /home/airflow/.local/lib/python3.8/site-packages/airflow/example_dags/example_setup_teardown_taskflow.py
[2024-03-26T06:06:19.894+0000] {processor.py:829} INFO - Processing file /home/airflow/.local/lib/python3.8/site-packages/airflow/example_dags/example_setup_teardown_taskflow.py for tasks to queue
[2024-03-26T06:06:19.897+0000] {logging_mixin.py:151} INFO - [2024-03-26T06:06:19.897+0000] {dagbag.py:539} INFO - Filling up the DagBag from /home/airflow/.local/lib/python3.8/site-packages/airflow/example_dags/example_setup_teardown_taskflow.py
[2024-03-26T06:06:19.919+0000] {processor.py:839} INFO - DAG(s) dict_keys(['example_setup_teardown_taskflow']) retrieved from /home/airflow/.local/lib/python3.8/site-packages/airflow/example_dags/example_setup_teardown_taskflow.py
[2024-03-26T06:06:19.959+0000] {logging_mixin.py:151} INFO - [2024-03-26T06:06:19.959+0000] {dag.py:2915} INFO - Sync 1 DAGs
[2024-03-26T06:06:20.014+0000] {logging_mixin.py:151} INFO - [2024-03-26T06:06:20.012+0000] {dag.py:3696} INFO - Setting next_dagrun for example_setup_teardown_taskflow to 2024-03-25T06:06:20.010610+00:00, run_after=2024-03-26T06:06:20.010610+00:00
[2024-03-26T06:06:20.058+0000] {processor.py:179} INFO - Processing /home/airflow/.local/lib/python3.8/site-packages/airflow/example_dags/example_setup_teardown_taskflow.py took 0.170 seconds
[2024-03-26T06:06:52.990+0000] {processor.py:157} INFO - Started process (PID=346) to work on /home/airflow/.local/lib/python3.8/site-packages/airflow/example_dags/example_setup_teardown_taskflow.py
[2024-03-26T06:06:52.993+0000] {processor.py:829} INFO - Processing file /home/airflow/.local/lib/python3.8/site-packages/airflow/example_dags/example_setup_teardown_taskflow.py for tasks to queue
[2024-03-26T06:06:52.997+0000] {logging_mixin.py:151} INFO - [2024-03-26T06:06:52.997+0000] {dagbag.py:539} INFO - Filling up the DagBag from /home/airflow/.local/lib/python3.8/site-packages/airflow/example_dags/example_setup_teardown_taskflow.py
[2024-03-26T06:06:53.014+0000] {processor.py:839} INFO - DAG(s) dict_keys(['example_setup_teardown_taskflow']) retrieved from /home/airflow/.local/lib/python3.8/site-packages/airflow/example_dags/example_setup_teardown_taskflow.py
[2024-03-26T06:06:53.050+0000] {logging_mixin.py:151} INFO - [2024-03-26T06:06:53.050+0000] {dag.py:2915} INFO - Sync 1 DAGs
[2024-03-26T06:06:53.088+0000] {logging_mixin.py:151} INFO - [2024-03-26T06:06:53.088+0000] {dag.py:3696} INFO - Setting next_dagrun for example_setup_teardown_taskflow to 2024-03-25T06:06:53.087862+00:00, run_after=2024-03-26T06:06:53.087862+00:00
[2024-03-26T06:06:53.121+0000] {processor.py:179} INFO - Processing /home/airflow/.local/lib/python3.8/site-packages/airflow/example_dags/example_setup_teardown_taskflow.py took 0.136 seconds
[2024-03-26T06:07:24.928+0000] {processor.py:157} INFO - Started process (PID=400) to work on /home/airflow/.local/lib/python3.8/site-packages/airflow/example_dags/example_setup_teardown_taskflow.py
[2024-03-26T06:07:24.931+0000] {processor.py:829} INFO - Processing file /home/airflow/.local/lib/python3.8/site-packages/airflow/example_dags/example_setup_teardown_taskflow.py for tasks to queue
[2024-03-26T06:07:24.935+0000] {logging_mixin.py:151} INFO - [2024-03-26T06:07:24.935+0000] {dagbag.py:539} INFO - Filling up the DagBag from /home/airflow/.local/lib/python3.8/site-packages/airflow/example_dags/example_setup_teardown_taskflow.py
[2024-03-26T06:07:24.949+0000] {processor.py:839} INFO - DAG(s) dict_keys(['example_setup_teardown_taskflow']) retrieved from /home/airflow/.local/lib/python3.8/site-packages/airflow/example_dags/example_setup_teardown_taskflow.py
[2024-03-26T06:07:24.988+0000] {logging_mixin.py:151} INFO - [2024-03-26T06:07:24.987+0000] {dag.py:2915} INFO - Sync 1 DAGs
[2024-03-26T06:07:25.026+0000] {logging_mixin.py:151} INFO - [2024-03-26T06:07:25.026+0000] {dag.py:3696} INFO - Setting next_dagrun for example_setup_teardown_taskflow to 2024-03-25T06:07:25.026151+00:00, run_after=2024-03-26T06:07:25.026151+00:00
[2024-03-26T06:07:25.062+0000] {processor.py:179} INFO - Processing /home/airflow/.local/lib/python3.8/site-packages/airflow/example_dags/example_setup_teardown_taskflow.py took 0.141 seconds
[2024-03-26T06:07:55.803+0000] {processor.py:157} INFO - Started process (PID=454) to work on /home/airflow/.local/lib/python3.8/site-packages/airflow/example_dags/example_setup_teardown_taskflow.py
[2024-03-26T06:07:55.805+0000] {processor.py:829} INFO - Processing file /home/airflow/.local/lib/python3.8/site-packages/airflow/example_dags/example_setup_teardown_taskflow.py for tasks to queue
[2024-03-26T06:07:55.808+0000] {logging_mixin.py:151} INFO - [2024-03-26T06:07:55.807+0000] {dagbag.py:539} INFO - Filling up the DagBag from /home/airflow/.local/lib/python3.8/site-packages/airflow/example_dags/example_setup_teardown_taskflow.py
[2024-03-26T06:07:55.820+0000] {processor.py:839} INFO - DAG(s) dict_keys(['example_setup_teardown_taskflow']) retrieved from /home/airflow/.local/lib/python3.8/site-packages/airflow/example_dags/example_setup_teardown_taskflow.py
[2024-03-26T06:07:55.847+0000] {logging_mixin.py:151} INFO - [2024-03-26T06:07:55.846+0000] {dag.py:2915} INFO - Sync 1 DAGs
[2024-03-26T06:07:55.872+0000] {logging_mixin.py:151} INFO - [2024-03-26T06:07:55.872+0000] {dag.py:3696} INFO - Setting next_dagrun for example_setup_teardown_taskflow to 2024-03-25T06:07:55.871987+00:00, run_after=2024-03-26T06:07:55.871987+00:00
[2024-03-26T06:07:55.898+0000] {processor.py:179} INFO - Processing /home/airflow/.local/lib/python3.8/site-packages/airflow/example_dags/example_setup_teardown_taskflow.py took 0.098 seconds
[2024-03-26T06:08:26.572+0000] {processor.py:157} INFO - Started process (PID=508) to work on /home/airflow/.local/lib/python3.8/site-packages/airflow/example_dags/example_setup_teardown_taskflow.py
[2024-03-26T06:08:26.574+0000] {processor.py:829} INFO - Processing file /home/airflow/.local/lib/python3.8/site-packages/airflow/example_dags/example_setup_teardown_taskflow.py for tasks to queue
[2024-03-26T06:08:26.577+0000] {logging_mixin.py:151} INFO - [2024-03-26T06:08:26.577+0000] {dagbag.py:539} INFO - Filling up the DagBag from /home/airflow/.local/lib/python3.8/site-packages/airflow/example_dags/example_setup_teardown_taskflow.py
[2024-03-26T06:08:26.593+0000] {processor.py:839} INFO - DAG(s) dict_keys(['example_setup_teardown_taskflow']) retrieved from /home/airflow/.local/lib/python3.8/site-packages/airflow/example_dags/example_setup_teardown_taskflow.py
[2024-03-26T06:08:26.627+0000] {logging_mixin.py:151} INFO - [2024-03-26T06:08:26.627+0000] {dag.py:2915} INFO - Sync 1 DAGs
[2024-03-26T06:08:26.657+0000] {logging_mixin.py:151} INFO - [2024-03-26T06:08:26.656+0000] {dag.py:3696} INFO - Setting next_dagrun for example_setup_teardown_taskflow to 2024-03-25T06:08:26.656269+00:00, run_after=2024-03-26T06:08:26.656269+00:00
[2024-03-26T06:08:26.704+0000] {processor.py:179} INFO - Processing /home/airflow/.local/lib/python3.8/site-packages/airflow/example_dags/example_setup_teardown_taskflow.py took 0.137 seconds
[2024-03-26T06:08:57.036+0000] {processor.py:157} INFO - Started process (PID=562) to work on /home/airflow/.local/lib/python3.8/site-packages/airflow/example_dags/example_setup_teardown_taskflow.py
[2024-03-26T06:08:57.037+0000] {processor.py:829} INFO - Processing file /home/airflow/.local/lib/python3.8/site-packages/airflow/example_dags/example_setup_teardown_taskflow.py for tasks to queue
[2024-03-26T06:08:57.040+0000] {logging_mixin.py:151} INFO - [2024-03-26T06:08:57.040+0000] {dagbag.py:539} INFO - Filling up the DagBag from /home/airflow/.local/lib/python3.8/site-packages/airflow/example_dags/example_setup_teardown_taskflow.py
[2024-03-26T06:08:57.053+0000] {processor.py:839} INFO - DAG(s) dict_keys(['example_setup_teardown_taskflow']) retrieved from /home/airflow/.local/lib/python3.8/site-packages/airflow/example_dags/example_setup_teardown_taskflow.py
[2024-03-26T06:08:57.082+0000] {logging_mixin.py:151} INFO - [2024-03-26T06:08:57.081+0000] {dag.py:2915} INFO - Sync 1 DAGs
[2024-03-26T06:08:57.106+0000] {logging_mixin.py:151} INFO - [2024-03-26T06:08:57.106+0000] {dag.py:3696} INFO - Setting next_dagrun for example_setup_teardown_taskflow to 2024-03-25T06:08:57.105965+00:00, run_after=2024-03-26T06:08:57.105965+00:00
[2024-03-26T06:08:57.131+0000] {processor.py:179} INFO - Processing /home/airflow/.local/lib/python3.8/site-packages/airflow/example_dags/example_setup_teardown_taskflow.py took 0.099 seconds
[2024-03-26T06:09:28.233+0000] {processor.py:157} INFO - Started process (PID=616) to work on /home/airflow/.local/lib/python3.8/site-packages/airflow/example_dags/example_setup_teardown_taskflow.py
[2024-03-26T06:09:28.235+0000] {processor.py:829} INFO - Processing file /home/airflow/.local/lib/python3.8/site-packages/airflow/example_dags/example_setup_teardown_taskflow.py for tasks to queue
[2024-03-26T06:09:28.238+0000] {logging_mixin.py:151} INFO - [2024-03-26T06:09:28.237+0000] {dagbag.py:539} INFO - Filling up the DagBag from /home/airflow/.local/lib/python3.8/site-packages/airflow/example_dags/example_setup_teardown_taskflow.py
[2024-03-26T06:09:28.249+0000] {processor.py:839} INFO - DAG(s) dict_keys(['example_setup_teardown_taskflow']) retrieved from /home/airflow/.local/lib/python3.8/site-packages/airflow/example_dags/example_setup_teardown_taskflow.py
[2024-03-26T06:09:28.275+0000] {logging_mixin.py:151} INFO - [2024-03-26T06:09:28.275+0000] {dag.py:2915} INFO - Sync 1 DAGs
[2024-03-26T06:09:28.300+0000] {logging_mixin.py:151} INFO - [2024-03-26T06:09:28.299+0000] {dag.py:3696} INFO - Setting next_dagrun for example_setup_teardown_taskflow to 2024-03-25T06:09:28.299536+00:00, run_after=2024-03-26T06:09:28.299536+00:00
[2024-03-26T06:09:28.321+0000] {processor.py:179} INFO - Processing /home/airflow/.local/lib/python3.8/site-packages/airflow/example_dags/example_setup_teardown_taskflow.py took 0.092 seconds
[2024-03-26T06:09:58.870+0000] {processor.py:157} INFO - Started process (PID=670) to work on /home/airflow/.local/lib/python3.8/site-packages/airflow/example_dags/example_setup_teardown_taskflow.py
[2024-03-26T06:09:58.872+0000] {processor.py:829} INFO - Processing file /home/airflow/.local/lib/python3.8/site-packages/airflow/example_dags/example_setup_teardown_taskflow.py for tasks to queue
[2024-03-26T06:09:58.875+0000] {logging_mixin.py:151} INFO - [2024-03-26T06:09:58.875+0000] {dagbag.py:539} INFO - Filling up the DagBag from /home/airflow/.local/lib/python3.8/site-packages/airflow/example_dags/example_setup_teardown_taskflow.py
[2024-03-26T06:09:58.885+0000] {processor.py:839} INFO - DAG(s) dict_keys(['example_setup_teardown_taskflow']) retrieved from /home/airflow/.local/lib/python3.8/site-packages/airflow/example_dags/example_setup_teardown_taskflow.py
[2024-03-26T06:09:58.907+0000] {logging_mixin.py:151} INFO - [2024-03-26T06:09:58.907+0000] {dag.py:2915} INFO - Sync 1 DAGs
[2024-03-26T06:09:58.930+0000] {logging_mixin.py:151} INFO - [2024-03-26T06:09:58.930+0000] {dag.py:3696} INFO - Setting next_dagrun for example_setup_teardown_taskflow to 2024-03-25T06:09:58.930444+00:00, run_after=2024-03-26T06:09:58.930444+00:00
[2024-03-26T06:09:58.952+0000] {processor.py:179} INFO - Processing /home/airflow/.local/lib/python3.8/site-packages/airflow/example_dags/example_setup_teardown_taskflow.py took 0.086 seconds
[2024-03-26T06:10:29.569+0000] {processor.py:157} INFO - Started process (PID=724) to work on /home/airflow/.local/lib/python3.8/site-packages/airflow/example_dags/example_setup_teardown_taskflow.py
[2024-03-26T06:10:29.570+0000] {processor.py:829} INFO - Processing file /home/airflow/.local/lib/python3.8/site-packages/airflow/example_dags/example_setup_teardown_taskflow.py for tasks to queue
[2024-03-26T06:10:29.574+0000] {logging_mixin.py:151} INFO - [2024-03-26T06:10:29.573+0000] {dagbag.py:539} INFO - Filling up the DagBag from /home/airflow/.local/lib/python3.8/site-packages/airflow/example_dags/example_setup_teardown_taskflow.py
[2024-03-26T06:10:29.584+0000] {processor.py:839} INFO - DAG(s) dict_keys(['example_setup_teardown_taskflow']) retrieved from /home/airflow/.local/lib/python3.8/site-packages/airflow/example_dags/example_setup_teardown_taskflow.py
[2024-03-26T06:10:29.608+0000] {logging_mixin.py:151} INFO - [2024-03-26T06:10:29.608+0000] {dag.py:2915} INFO - Sync 1 DAGs
[2024-03-26T06:10:29.633+0000] {logging_mixin.py:151} INFO - [2024-03-26T06:10:29.632+0000] {dag.py:3696} INFO - Setting next_dagrun for example_setup_teardown_taskflow to 2024-03-25T06:10:29.632560+00:00, run_after=2024-03-26T06:10:29.632560+00:00
[2024-03-26T06:10:29.656+0000] {processor.py:179} INFO - Processing /home/airflow/.local/lib/python3.8/site-packages/airflow/example_dags/example_setup_teardown_taskflow.py took 0.090 seconds
[2024-03-26T06:10:59.939+0000] {processor.py:157} INFO - Started process (PID=778) to work on /home/airflow/.local/lib/python3.8/site-packages/airflow/example_dags/example_setup_teardown_taskflow.py
[2024-03-26T06:10:59.941+0000] {processor.py:829} INFO - Processing file /home/airflow/.local/lib/python3.8/site-packages/airflow/example_dags/example_setup_teardown_taskflow.py for tasks to queue
[2024-03-26T06:10:59.944+0000] {logging_mixin.py:151} INFO - [2024-03-26T06:10:59.943+0000] {dagbag.py:539} INFO - Filling up the DagBag from /home/airflow/.local/lib/python3.8/site-packages/airflow/example_dags/example_setup_teardown_taskflow.py
[2024-03-26T06:10:59.954+0000] {processor.py:839} INFO - DAG(s) dict_keys(['example_setup_teardown_taskflow']) retrieved from /home/airflow/.local/lib/python3.8/site-packages/airflow/example_dags/example_setup_teardown_taskflow.py
[2024-03-26T06:10:59.976+0000] {logging_mixin.py:151} INFO - [2024-03-26T06:10:59.976+0000] {dag.py:2915} INFO - Sync 1 DAGs
[2024-03-26T06:11:00.000+0000] {logging_mixin.py:151} INFO - [2024-03-26T06:11:00.000+0000] {dag.py:3696} INFO - Setting next_dagrun for example_setup_teardown_taskflow to 2024-03-25T06:10:59.999755+00:00, run_after=2024-03-26T06:10:59.999755+00:00
[2024-03-26T06:11:00.025+0000] {processor.py:179} INFO - Processing /home/airflow/.local/lib/python3.8/site-packages/airflow/example_dags/example_setup_teardown_taskflow.py took 0.089 seconds
[2024-03-26T06:11:30.757+0000] {processor.py:157} INFO - Started process (PID=832) to work on /home/airflow/.local/lib/python3.8/site-packages/airflow/example_dags/example_setup_teardown_taskflow.py
[2024-03-26T06:11:30.759+0000] {processor.py:829} INFO - Processing file /home/airflow/.local/lib/python3.8/site-packages/airflow/example_dags/example_setup_teardown_taskflow.py for tasks to queue
[2024-03-26T06:11:30.762+0000] {logging_mixin.py:151} INFO - [2024-03-26T06:11:30.762+0000] {dagbag.py:539} INFO - Filling up the DagBag from /home/airflow/.local/lib/python3.8/site-packages/airflow/example_dags/example_setup_teardown_taskflow.py
[2024-03-26T06:11:30.773+0000] {processor.py:839} INFO - DAG(s) dict_keys(['example_setup_teardown_taskflow']) retrieved from /home/airflow/.local/lib/python3.8/site-packages/airflow/example_dags/example_setup_teardown_taskflow.py
[2024-03-26T06:11:30.802+0000] {logging_mixin.py:151} INFO - [2024-03-26T06:11:30.802+0000] {dag.py:2915} INFO - Sync 1 DAGs
[2024-03-26T06:11:30.829+0000] {logging_mixin.py:151} INFO - [2024-03-26T06:11:30.829+0000] {dag.py:3696} INFO - Setting next_dagrun for example_setup_teardown_taskflow to 2024-03-25T06:11:30.829155+00:00, run_after=2024-03-26T06:11:30.829155+00:00
[2024-03-26T06:11:30.853+0000] {processor.py:179} INFO - Processing /home/airflow/.local/lib/python3.8/site-packages/airflow/example_dags/example_setup_teardown_taskflow.py took 0.100 seconds
[2024-03-26T06:12:01.926+0000] {processor.py:157} INFO - Started process (PID=886) to work on /home/airflow/.local/lib/python3.8/site-packages/airflow/example_dags/example_setup_teardown_taskflow.py
[2024-03-26T06:12:01.927+0000] {processor.py:829} INFO - Processing file /home/airflow/.local/lib/python3.8/site-packages/airflow/example_dags/example_setup_teardown_taskflow.py for tasks to queue
[2024-03-26T06:12:01.931+0000] {logging_mixin.py:151} INFO - [2024-03-26T06:12:01.930+0000] {dagbag.py:539} INFO - Filling up the DagBag from /home/airflow/.local/lib/python3.8/site-packages/airflow/example_dags/example_setup_teardown_taskflow.py
[2024-03-26T06:12:01.944+0000] {processor.py:839} INFO - DAG(s) dict_keys(['example_setup_teardown_taskflow']) retrieved from /home/airflow/.local/lib/python3.8/site-packages/airflow/example_dags/example_setup_teardown_taskflow.py
[2024-03-26T06:12:01.969+0000] {logging_mixin.py:151} INFO - [2024-03-26T06:12:01.968+0000] {dag.py:2915} INFO - Sync 1 DAGs
[2024-03-26T06:12:01.996+0000] {logging_mixin.py:151} INFO - [2024-03-26T06:12:01.996+0000] {dag.py:3696} INFO - Setting next_dagrun for example_setup_teardown_taskflow to 2024-03-25T06:12:01.996373+00:00, run_after=2024-03-26T06:12:01.996373+00:00
[2024-03-26T06:12:02.017+0000] {processor.py:179} INFO - Processing /home/airflow/.local/lib/python3.8/site-packages/airflow/example_dags/example_setup_teardown_taskflow.py took 0.096 seconds
[2024-03-26T06:12:32.415+0000] {processor.py:157} INFO - Started process (PID=940) to work on /home/airflow/.local/lib/python3.8/site-packages/airflow/example_dags/example_setup_teardown_taskflow.py
[2024-03-26T06:12:32.416+0000] {processor.py:829} INFO - Processing file /home/airflow/.local/lib/python3.8/site-packages/airflow/example_dags/example_setup_teardown_taskflow.py for tasks to queue
[2024-03-26T06:12:32.419+0000] {logging_mixin.py:151} INFO - [2024-03-26T06:12:32.418+0000] {dagbag.py:539} INFO - Filling up the DagBag from /home/airflow/.local/lib/python3.8/site-packages/airflow/example_dags/example_setup_teardown_taskflow.py
[2024-03-26T06:12:32.430+0000] {processor.py:839} INFO - DAG(s) dict_keys(['example_setup_teardown_taskflow']) retrieved from /home/airflow/.local/lib/python3.8/site-packages/airflow/example_dags/example_setup_teardown_taskflow.py
[2024-03-26T06:12:32.455+0000] {logging_mixin.py:151} INFO - [2024-03-26T06:12:32.455+0000] {dag.py:2915} INFO - Sync 1 DAGs
[2024-03-26T06:12:32.480+0000] {logging_mixin.py:151} INFO - [2024-03-26T06:12:32.479+0000] {dag.py:3696} INFO - Setting next_dagrun for example_setup_teardown_taskflow to 2024-03-25T06:12:32.479616+00:00, run_after=2024-03-26T06:12:32.479616+00:00
[2024-03-26T06:12:32.513+0000] {processor.py:179} INFO - Processing /home/airflow/.local/lib/python3.8/site-packages/airflow/example_dags/example_setup_teardown_taskflow.py took 0.102 seconds
[2024-03-26T06:19:09.779+0000] {processor.py:157} INFO - Started process (PID=1018) to work on /home/airflow/.local/lib/python3.8/site-packages/airflow/example_dags/example_setup_teardown_taskflow.py
[2024-03-26T06:19:09.787+0000] {processor.py:829} INFO - Processing file /home/airflow/.local/lib/python3.8/site-packages/airflow/example_dags/example_setup_teardown_taskflow.py for tasks to queue
[2024-03-26T06:19:09.791+0000] {logging_mixin.py:151} INFO - [2024-03-26T06:19:09.791+0000] {dagbag.py:539} INFO - Filling up the DagBag from /home/airflow/.local/lib/python3.8/site-packages/airflow/example_dags/example_setup_teardown_taskflow.py
[2024-03-26T06:19:09.806+0000] {processor.py:839} INFO - DAG(s) dict_keys(['example_setup_teardown_taskflow']) retrieved from /home/airflow/.local/lib/python3.8/site-packages/airflow/example_dags/example_setup_teardown_taskflow.py
[2024-03-26T06:19:09.851+0000] {logging_mixin.py:151} INFO - [2024-03-26T06:19:09.851+0000] {dag.py:2915} INFO - Sync 1 DAGs
[2024-03-26T06:19:09.889+0000] {logging_mixin.py:151} INFO - [2024-03-26T06:19:09.888+0000] {dag.py:3696} INFO - Setting next_dagrun for example_setup_teardown_taskflow to 2024-03-25T06:19:09.888493+00:00, run_after=2024-03-26T06:19:09.888493+00:00
[2024-03-26T06:19:09.930+0000] {processor.py:179} INFO - Processing /home/airflow/.local/lib/python3.8/site-packages/airflow/example_dags/example_setup_teardown_taskflow.py took 0.156 seconds
[2024-03-26T06:19:40.340+0000] {processor.py:157} INFO - Started process (PID=1072) to work on /home/airflow/.local/lib/python3.8/site-packages/airflow/example_dags/example_setup_teardown_taskflow.py
[2024-03-26T06:19:40.342+0000] {processor.py:829} INFO - Processing file /home/airflow/.local/lib/python3.8/site-packages/airflow/example_dags/example_setup_teardown_taskflow.py for tasks to queue
[2024-03-26T06:19:40.345+0000] {logging_mixin.py:151} INFO - [2024-03-26T06:19:40.345+0000] {dagbag.py:539} INFO - Filling up the DagBag from /home/airflow/.local/lib/python3.8/site-packages/airflow/example_dags/example_setup_teardown_taskflow.py
[2024-03-26T06:19:40.359+0000] {processor.py:839} INFO - DAG(s) dict_keys(['example_setup_teardown_taskflow']) retrieved from /home/airflow/.local/lib/python3.8/site-packages/airflow/example_dags/example_setup_teardown_taskflow.py
[2024-03-26T06:19:40.387+0000] {logging_mixin.py:151} INFO - [2024-03-26T06:19:40.387+0000] {dag.py:2915} INFO - Sync 1 DAGs
[2024-03-26T06:19:40.411+0000] {logging_mixin.py:151} INFO - [2024-03-26T06:19:40.411+0000] {dag.py:3696} INFO - Setting next_dagrun for example_setup_teardown_taskflow to 2024-03-25T06:19:40.411041+00:00, run_after=2024-03-26T06:19:40.411041+00:00
[2024-03-26T06:19:40.440+0000] {processor.py:179} INFO - Processing /home/airflow/.local/lib/python3.8/site-packages/airflow/example_dags/example_setup_teardown_taskflow.py took 0.104 seconds
[2024-03-26T06:20:11.045+0000] {processor.py:157} INFO - Started process (PID=1125) to work on /home/airflow/.local/lib/python3.8/site-packages/airflow/example_dags/example_setup_teardown_taskflow.py
[2024-03-26T06:20:11.046+0000] {processor.py:829} INFO - Processing file /home/airflow/.local/lib/python3.8/site-packages/airflow/example_dags/example_setup_teardown_taskflow.py for tasks to queue
[2024-03-26T06:20:11.051+0000] {logging_mixin.py:151} INFO - [2024-03-26T06:20:11.050+0000] {dagbag.py:539} INFO - Filling up the DagBag from /home/airflow/.local/lib/python3.8/site-packages/airflow/example_dags/example_setup_teardown_taskflow.py
[2024-03-26T06:20:11.065+0000] {processor.py:839} INFO - DAG(s) dict_keys(['example_setup_teardown_taskflow']) retrieved from /home/airflow/.local/lib/python3.8/site-packages/airflow/example_dags/example_setup_teardown_taskflow.py
[2024-03-26T06:20:11.096+0000] {logging_mixin.py:151} INFO - [2024-03-26T06:20:11.096+0000] {dag.py:2915} INFO - Sync 1 DAGs
[2024-03-26T06:20:11.123+0000] {logging_mixin.py:151} INFO - [2024-03-26T06:20:11.123+0000] {dag.py:3696} INFO - Setting next_dagrun for example_setup_teardown_taskflow to 2024-03-25T06:20:11.122591+00:00, run_after=2024-03-26T06:20:11.122591+00:00
[2024-03-26T06:20:11.147+0000] {processor.py:179} INFO - Processing /home/airflow/.local/lib/python3.8/site-packages/airflow/example_dags/example_setup_teardown_taskflow.py took 0.107 seconds
[2024-03-26T06:20:41.413+0000] {processor.py:157} INFO - Started process (PID=1179) to work on /home/airflow/.local/lib/python3.8/site-packages/airflow/example_dags/example_setup_teardown_taskflow.py
[2024-03-26T06:20:41.414+0000] {processor.py:829} INFO - Processing file /home/airflow/.local/lib/python3.8/site-packages/airflow/example_dags/example_setup_teardown_taskflow.py for tasks to queue
[2024-03-26T06:20:41.417+0000] {logging_mixin.py:151} INFO - [2024-03-26T06:20:41.417+0000] {dagbag.py:539} INFO - Filling up the DagBag from /home/airflow/.local/lib/python3.8/site-packages/airflow/example_dags/example_setup_teardown_taskflow.py
[2024-03-26T06:20:41.429+0000] {processor.py:839} INFO - DAG(s) dict_keys(['example_setup_teardown_taskflow']) retrieved from /home/airflow/.local/lib/python3.8/site-packages/airflow/example_dags/example_setup_teardown_taskflow.py
[2024-03-26T06:20:41.454+0000] {logging_mixin.py:151} INFO - [2024-03-26T06:20:41.454+0000] {dag.py:2915} INFO - Sync 1 DAGs
[2024-03-26T06:20:41.481+0000] {logging_mixin.py:151} INFO - [2024-03-26T06:20:41.480+0000] {dag.py:3696} INFO - Setting next_dagrun for example_setup_teardown_taskflow to 2024-03-25T06:20:41.480479+00:00, run_after=2024-03-26T06:20:41.480479+00:00
[2024-03-26T06:20:41.507+0000] {processor.py:179} INFO - Processing /home/airflow/.local/lib/python3.8/site-packages/airflow/example_dags/example_setup_teardown_taskflow.py took 0.098 seconds
[2024-03-26T06:21:11.892+0000] {processor.py:157} INFO - Started process (PID=1233) to work on /home/airflow/.local/lib/python3.8/site-packages/airflow/example_dags/example_setup_teardown_taskflow.py
[2024-03-26T06:21:11.894+0000] {processor.py:829} INFO - Processing file /home/airflow/.local/lib/python3.8/site-packages/airflow/example_dags/example_setup_teardown_taskflow.py for tasks to queue
[2024-03-26T06:21:11.897+0000] {logging_mixin.py:151} INFO - [2024-03-26T06:21:11.897+0000] {dagbag.py:539} INFO - Filling up the DagBag from /home/airflow/.local/lib/python3.8/site-packages/airflow/example_dags/example_setup_teardown_taskflow.py
[2024-03-26T06:21:11.907+0000] {processor.py:839} INFO - DAG(s) dict_keys(['example_setup_teardown_taskflow']) retrieved from /home/airflow/.local/lib/python3.8/site-packages/airflow/example_dags/example_setup_teardown_taskflow.py
[2024-03-26T06:21:11.936+0000] {logging_mixin.py:151} INFO - [2024-03-26T06:21:11.935+0000] {dag.py:2915} INFO - Sync 1 DAGs
[2024-03-26T06:21:11.960+0000] {logging_mixin.py:151} INFO - [2024-03-26T06:21:11.960+0000] {dag.py:3696} INFO - Setting next_dagrun for example_setup_teardown_taskflow to 2024-03-25T06:21:11.960001+00:00, run_after=2024-03-26T06:21:11.960001+00:00
[2024-03-26T06:21:11.996+0000] {processor.py:179} INFO - Processing /home/airflow/.local/lib/python3.8/site-packages/airflow/example_dags/example_setup_teardown_taskflow.py took 0.107 seconds
[2024-03-26T06:21:42.762+0000] {processor.py:157} INFO - Started process (PID=1287) to work on /home/airflow/.local/lib/python3.8/site-packages/airflow/example_dags/example_setup_teardown_taskflow.py
[2024-03-26T06:21:42.764+0000] {processor.py:829} INFO - Processing file /home/airflow/.local/lib/python3.8/site-packages/airflow/example_dags/example_setup_teardown_taskflow.py for tasks to queue
[2024-03-26T06:21:42.767+0000] {logging_mixin.py:151} INFO - [2024-03-26T06:21:42.767+0000] {dagbag.py:539} INFO - Filling up the DagBag from /home/airflow/.local/lib/python3.8/site-packages/airflow/example_dags/example_setup_teardown_taskflow.py
[2024-03-26T06:21:42.779+0000] {processor.py:839} INFO - DAG(s) dict_keys(['example_setup_teardown_taskflow']) retrieved from /home/airflow/.local/lib/python3.8/site-packages/airflow/example_dags/example_setup_teardown_taskflow.py
[2024-03-26T06:21:42.804+0000] {logging_mixin.py:151} INFO - [2024-03-26T06:21:42.804+0000] {dag.py:2915} INFO - Sync 1 DAGs
[2024-03-26T06:21:42.830+0000] {logging_mixin.py:151} INFO - [2024-03-26T06:21:42.830+0000] {dag.py:3696} INFO - Setting next_dagrun for example_setup_teardown_taskflow to 2024-03-25T06:21:42.830201+00:00, run_after=2024-03-26T06:21:42.830201+00:00
[2024-03-26T06:21:42.854+0000] {processor.py:179} INFO - Processing /home/airflow/.local/lib/python3.8/site-packages/airflow/example_dags/example_setup_teardown_taskflow.py took 0.096 seconds
[2024-03-26T06:22:13.501+0000] {processor.py:157} INFO - Started process (PID=1341) to work on /home/airflow/.local/lib/python3.8/site-packages/airflow/example_dags/example_setup_teardown_taskflow.py
[2024-03-26T06:22:13.502+0000] {processor.py:829} INFO - Processing file /home/airflow/.local/lib/python3.8/site-packages/airflow/example_dags/example_setup_teardown_taskflow.py for tasks to queue
[2024-03-26T06:22:13.505+0000] {logging_mixin.py:151} INFO - [2024-03-26T06:22:13.504+0000] {dagbag.py:539} INFO - Filling up the DagBag from /home/airflow/.local/lib/python3.8/site-packages/airflow/example_dags/example_setup_teardown_taskflow.py
[2024-03-26T06:22:13.519+0000] {processor.py:839} INFO - DAG(s) dict_keys(['example_setup_teardown_taskflow']) retrieved from /home/airflow/.local/lib/python3.8/site-packages/airflow/example_dags/example_setup_teardown_taskflow.py
[2024-03-26T06:22:13.545+0000] {logging_mixin.py:151} INFO - [2024-03-26T06:22:13.545+0000] {dag.py:2915} INFO - Sync 1 DAGs
[2024-03-26T06:22:13.573+0000] {logging_mixin.py:151} INFO - [2024-03-26T06:22:13.573+0000] {dag.py:3696} INFO - Setting next_dagrun for example_setup_teardown_taskflow to 2024-03-25T06:22:13.573055+00:00, run_after=2024-03-26T06:22:13.573055+00:00
[2024-03-26T06:22:13.595+0000] {processor.py:179} INFO - Processing /home/airflow/.local/lib/python3.8/site-packages/airflow/example_dags/example_setup_teardown_taskflow.py took 0.099 seconds
[2024-03-26T06:22:44.253+0000] {processor.py:157} INFO - Started process (PID=1396) to work on /home/airflow/.local/lib/python3.8/site-packages/airflow/example_dags/example_setup_teardown_taskflow.py
[2024-03-26T06:22:44.254+0000] {processor.py:829} INFO - Processing file /home/airflow/.local/lib/python3.8/site-packages/airflow/example_dags/example_setup_teardown_taskflow.py for tasks to queue
[2024-03-26T06:22:44.258+0000] {logging_mixin.py:151} INFO - [2024-03-26T06:22:44.257+0000] {dagbag.py:539} INFO - Filling up the DagBag from /home/airflow/.local/lib/python3.8/site-packages/airflow/example_dags/example_setup_teardown_taskflow.py
[2024-03-26T06:22:44.271+0000] {processor.py:839} INFO - DAG(s) dict_keys(['example_setup_teardown_taskflow']) retrieved from /home/airflow/.local/lib/python3.8/site-packages/airflow/example_dags/example_setup_teardown_taskflow.py
[2024-03-26T06:22:44.298+0000] {logging_mixin.py:151} INFO - [2024-03-26T06:22:44.298+0000] {dag.py:2915} INFO - Sync 1 DAGs
[2024-03-26T06:22:44.322+0000] {logging_mixin.py:151} INFO - [2024-03-26T06:22:44.322+0000] {dag.py:3696} INFO - Setting next_dagrun for example_setup_teardown_taskflow to 2024-03-25T06:22:44.321743+00:00, run_after=2024-03-26T06:22:44.321743+00:00
[2024-03-26T06:22:44.347+0000] {processor.py:179} INFO - Processing /home/airflow/.local/lib/python3.8/site-packages/airflow/example_dags/example_setup_teardown_taskflow.py took 0.098 seconds
[2024-03-26T06:23:14.843+0000] {processor.py:157} INFO - Started process (PID=1450) to work on /home/airflow/.local/lib/python3.8/site-packages/airflow/example_dags/example_setup_teardown_taskflow.py
[2024-03-26T06:23:14.844+0000] {processor.py:829} INFO - Processing file /home/airflow/.local/lib/python3.8/site-packages/airflow/example_dags/example_setup_teardown_taskflow.py for tasks to queue
[2024-03-26T06:23:14.847+0000] {logging_mixin.py:151} INFO - [2024-03-26T06:23:14.846+0000] {dagbag.py:539} INFO - Filling up the DagBag from /home/airflow/.local/lib/python3.8/site-packages/airflow/example_dags/example_setup_teardown_taskflow.py
[2024-03-26T06:23:14.857+0000] {processor.py:839} INFO - DAG(s) dict_keys(['example_setup_teardown_taskflow']) retrieved from /home/airflow/.local/lib/python3.8/site-packages/airflow/example_dags/example_setup_teardown_taskflow.py
[2024-03-26T06:23:14.880+0000] {logging_mixin.py:151} INFO - [2024-03-26T06:23:14.880+0000] {dag.py:2915} INFO - Sync 1 DAGs
[2024-03-26T06:23:14.903+0000] {logging_mixin.py:151} INFO - [2024-03-26T06:23:14.903+0000] {dag.py:3696} INFO - Setting next_dagrun for example_setup_teardown_taskflow to 2024-03-25T06:23:14.903042+00:00, run_after=2024-03-26T06:23:14.903042+00:00
[2024-03-26T06:23:14.930+0000] {processor.py:179} INFO - Processing /home/airflow/.local/lib/python3.8/site-packages/airflow/example_dags/example_setup_teardown_taskflow.py took 0.092 seconds
[2024-03-26T06:23:45.597+0000] {processor.py:157} INFO - Started process (PID=1504) to work on /home/airflow/.local/lib/python3.8/site-packages/airflow/example_dags/example_setup_teardown_taskflow.py
[2024-03-26T06:23:45.598+0000] {processor.py:829} INFO - Processing file /home/airflow/.local/lib/python3.8/site-packages/airflow/example_dags/example_setup_teardown_taskflow.py for tasks to queue
[2024-03-26T06:23:45.601+0000] {logging_mixin.py:151} INFO - [2024-03-26T06:23:45.601+0000] {dagbag.py:539} INFO - Filling up the DagBag from /home/airflow/.local/lib/python3.8/site-packages/airflow/example_dags/example_setup_teardown_taskflow.py
[2024-03-26T06:23:45.614+0000] {processor.py:839} INFO - DAG(s) dict_keys(['example_setup_teardown_taskflow']) retrieved from /home/airflow/.local/lib/python3.8/site-packages/airflow/example_dags/example_setup_teardown_taskflow.py
[2024-03-26T06:23:45.640+0000] {logging_mixin.py:151} INFO - [2024-03-26T06:23:45.640+0000] {dag.py:2915} INFO - Sync 1 DAGs
[2024-03-26T06:23:45.667+0000] {logging_mixin.py:151} INFO - [2024-03-26T06:23:45.667+0000] {dag.py:3696} INFO - Setting next_dagrun for example_setup_teardown_taskflow to 2024-03-25T06:23:45.666782+00:00, run_after=2024-03-26T06:23:45.666782+00:00
[2024-03-26T06:23:45.691+0000] {processor.py:179} INFO - Processing /home/airflow/.local/lib/python3.8/site-packages/airflow/example_dags/example_setup_teardown_taskflow.py took 0.098 seconds
[2024-03-26T06:24:16.087+0000] {processor.py:157} INFO - Started process (PID=1558) to work on /home/airflow/.local/lib/python3.8/site-packages/airflow/example_dags/example_setup_teardown_taskflow.py
[2024-03-26T06:24:16.088+0000] {processor.py:829} INFO - Processing file /home/airflow/.local/lib/python3.8/site-packages/airflow/example_dags/example_setup_teardown_taskflow.py for tasks to queue
[2024-03-26T06:24:16.091+0000] {logging_mixin.py:151} INFO - [2024-03-26T06:24:16.091+0000] {dagbag.py:539} INFO - Filling up the DagBag from /home/airflow/.local/lib/python3.8/site-packages/airflow/example_dags/example_setup_teardown_taskflow.py
[2024-03-26T06:24:16.103+0000] {processor.py:839} INFO - DAG(s) dict_keys(['example_setup_teardown_taskflow']) retrieved from /home/airflow/.local/lib/python3.8/site-packages/airflow/example_dags/example_setup_teardown_taskflow.py
[2024-03-26T06:24:16.128+0000] {logging_mixin.py:151} INFO - [2024-03-26T06:24:16.128+0000] {dag.py:2915} INFO - Sync 1 DAGs
[2024-03-26T06:24:16.155+0000] {logging_mixin.py:151} INFO - [2024-03-26T06:24:16.154+0000] {dag.py:3696} INFO - Setting next_dagrun for example_setup_teardown_taskflow to 2024-03-25T06:24:16.154700+00:00, run_after=2024-03-26T06:24:16.154700+00:00
[2024-03-26T06:24:16.179+0000] {processor.py:179} INFO - Processing /home/airflow/.local/lib/python3.8/site-packages/airflow/example_dags/example_setup_teardown_taskflow.py took 0.095 seconds
[2024-03-26T06:24:46.734+0000] {processor.py:157} INFO - Started process (PID=1612) to work on /home/airflow/.local/lib/python3.8/site-packages/airflow/example_dags/example_setup_teardown_taskflow.py
[2024-03-26T06:24:46.736+0000] {processor.py:829} INFO - Processing file /home/airflow/.local/lib/python3.8/site-packages/airflow/example_dags/example_setup_teardown_taskflow.py for tasks to queue
[2024-03-26T06:24:46.740+0000] {logging_mixin.py:151} INFO - [2024-03-26T06:24:46.739+0000] {dagbag.py:539} INFO - Filling up the DagBag from /home/airflow/.local/lib/python3.8/site-packages/airflow/example_dags/example_setup_teardown_taskflow.py
[2024-03-26T06:24:46.751+0000] {processor.py:839} INFO - DAG(s) dict_keys(['example_setup_teardown_taskflow']) retrieved from /home/airflow/.local/lib/python3.8/site-packages/airflow/example_dags/example_setup_teardown_taskflow.py
[2024-03-26T06:24:46.778+0000] {logging_mixin.py:151} INFO - [2024-03-26T06:24:46.778+0000] {dag.py:2915} INFO - Sync 1 DAGs
[2024-03-26T06:24:46.807+0000] {logging_mixin.py:151} INFO - [2024-03-26T06:24:46.807+0000] {dag.py:3696} INFO - Setting next_dagrun for example_setup_teardown_taskflow to 2024-03-25T06:24:46.806870+00:00, run_after=2024-03-26T06:24:46.806870+00:00
[2024-03-26T06:24:46.830+0000] {processor.py:179} INFO - Processing /home/airflow/.local/lib/python3.8/site-packages/airflow/example_dags/example_setup_teardown_taskflow.py took 0.100 seconds
[2024-03-26T06:25:17.352+0000] {processor.py:157} INFO - Started process (PID=1666) to work on /home/airflow/.local/lib/python3.8/site-packages/airflow/example_dags/example_setup_teardown_taskflow.py
[2024-03-26T06:25:17.353+0000] {processor.py:829} INFO - Processing file /home/airflow/.local/lib/python3.8/site-packages/airflow/example_dags/example_setup_teardown_taskflow.py for tasks to queue
[2024-03-26T06:25:17.356+0000] {logging_mixin.py:151} INFO - [2024-03-26T06:25:17.355+0000] {dagbag.py:539} INFO - Filling up the DagBag from /home/airflow/.local/lib/python3.8/site-packages/airflow/example_dags/example_setup_teardown_taskflow.py
[2024-03-26T06:25:17.368+0000] {processor.py:839} INFO - DAG(s) dict_keys(['example_setup_teardown_taskflow']) retrieved from /home/airflow/.local/lib/python3.8/site-packages/airflow/example_dags/example_setup_teardown_taskflow.py
[2024-03-26T06:25:17.396+0000] {logging_mixin.py:151} INFO - [2024-03-26T06:25:17.396+0000] {dag.py:2915} INFO - Sync 1 DAGs
[2024-03-26T06:25:17.426+0000] {logging_mixin.py:151} INFO - [2024-03-26T06:25:17.426+0000] {dag.py:3696} INFO - Setting next_dagrun for example_setup_teardown_taskflow to 2024-03-25T06:25:17.425833+00:00, run_after=2024-03-26T06:25:17.425833+00:00
[2024-03-26T06:25:17.451+0000] {processor.py:179} INFO - Processing /home/airflow/.local/lib/python3.8/site-packages/airflow/example_dags/example_setup_teardown_taskflow.py took 0.104 seconds
[2024-03-26T06:25:47.680+0000] {processor.py:157} INFO - Started process (PID=1719) to work on /home/airflow/.local/lib/python3.8/site-packages/airflow/example_dags/example_setup_teardown_taskflow.py
[2024-03-26T06:25:47.681+0000] {processor.py:829} INFO - Processing file /home/airflow/.local/lib/python3.8/site-packages/airflow/example_dags/example_setup_teardown_taskflow.py for tasks to queue
[2024-03-26T06:25:47.684+0000] {logging_mixin.py:151} INFO - [2024-03-26T06:25:47.683+0000] {dagbag.py:539} INFO - Filling up the DagBag from /home/airflow/.local/lib/python3.8/site-packages/airflow/example_dags/example_setup_teardown_taskflow.py
[2024-03-26T06:25:47.693+0000] {processor.py:839} INFO - DAG(s) dict_keys(['example_setup_teardown_taskflow']) retrieved from /home/airflow/.local/lib/python3.8/site-packages/airflow/example_dags/example_setup_teardown_taskflow.py
[2024-03-26T06:25:47.717+0000] {logging_mixin.py:151} INFO - [2024-03-26T06:25:47.717+0000] {dag.py:2915} INFO - Sync 1 DAGs
[2024-03-26T06:25:47.741+0000] {logging_mixin.py:151} INFO - [2024-03-26T06:25:47.741+0000] {dag.py:3696} INFO - Setting next_dagrun for example_setup_teardown_taskflow to 2024-03-25T06:25:47.741071+00:00, run_after=2024-03-26T06:25:47.741071+00:00
[2024-03-26T06:25:47.763+0000] {processor.py:179} INFO - Processing /home/airflow/.local/lib/python3.8/site-packages/airflow/example_dags/example_setup_teardown_taskflow.py took 0.087 seconds
[2024-03-26T06:26:18.506+0000] {processor.py:157} INFO - Started process (PID=1774) to work on /home/airflow/.local/lib/python3.8/site-packages/airflow/example_dags/example_setup_teardown_taskflow.py
[2024-03-26T06:26:18.507+0000] {processor.py:829} INFO - Processing file /home/airflow/.local/lib/python3.8/site-packages/airflow/example_dags/example_setup_teardown_taskflow.py for tasks to queue
[2024-03-26T06:26:18.510+0000] {logging_mixin.py:151} INFO - [2024-03-26T06:26:18.509+0000] {dagbag.py:539} INFO - Filling up the DagBag from /home/airflow/.local/lib/python3.8/site-packages/airflow/example_dags/example_setup_teardown_taskflow.py
[2024-03-26T06:26:18.521+0000] {processor.py:839} INFO - DAG(s) dict_keys(['example_setup_teardown_taskflow']) retrieved from /home/airflow/.local/lib/python3.8/site-packages/airflow/example_dags/example_setup_teardown_taskflow.py
[2024-03-26T06:26:18.547+0000] {logging_mixin.py:151} INFO - [2024-03-26T06:26:18.547+0000] {dag.py:2915} INFO - Sync 1 DAGs
[2024-03-26T06:26:18.571+0000] {logging_mixin.py:151} INFO - [2024-03-26T06:26:18.571+0000] {dag.py:3696} INFO - Setting next_dagrun for example_setup_teardown_taskflow to 2024-03-25T06:26:18.571402+00:00, run_after=2024-03-26T06:26:18.571402+00:00
[2024-03-26T06:26:18.593+0000] {processor.py:179} INFO - Processing /home/airflow/.local/lib/python3.8/site-packages/airflow/example_dags/example_setup_teardown_taskflow.py took 0.091 seconds
[2024-03-26T06:26:48.865+0000] {processor.py:157} INFO - Started process (PID=1828) to work on /home/airflow/.local/lib/python3.8/site-packages/airflow/example_dags/example_setup_teardown_taskflow.py
[2024-03-26T06:26:48.866+0000] {processor.py:829} INFO - Processing file /home/airflow/.local/lib/python3.8/site-packages/airflow/example_dags/example_setup_teardown_taskflow.py for tasks to queue
[2024-03-26T06:26:48.870+0000] {logging_mixin.py:151} INFO - [2024-03-26T06:26:48.869+0000] {dagbag.py:539} INFO - Filling up the DagBag from /home/airflow/.local/lib/python3.8/site-packages/airflow/example_dags/example_setup_teardown_taskflow.py
[2024-03-26T06:26:48.883+0000] {processor.py:839} INFO - DAG(s) dict_keys(['example_setup_teardown_taskflow']) retrieved from /home/airflow/.local/lib/python3.8/site-packages/airflow/example_dags/example_setup_teardown_taskflow.py
[2024-03-26T06:26:48.911+0000] {logging_mixin.py:151} INFO - [2024-03-26T06:26:48.910+0000] {dag.py:2915} INFO - Sync 1 DAGs
[2024-03-26T06:26:48.937+0000] {logging_mixin.py:151} INFO - [2024-03-26T06:26:48.937+0000] {dag.py:3696} INFO - Setting next_dagrun for example_setup_teardown_taskflow to 2024-03-25T06:26:48.937343+00:00, run_after=2024-03-26T06:26:48.937343+00:00
[2024-03-26T06:26:48.961+0000] {processor.py:179} INFO - Processing /home/airflow/.local/lib/python3.8/site-packages/airflow/example_dags/example_setup_teardown_taskflow.py took 0.099 seconds
[2024-03-26T06:27:19.196+0000] {processor.py:157} INFO - Started process (PID=1881) to work on /home/airflow/.local/lib/python3.8/site-packages/airflow/example_dags/example_setup_teardown_taskflow.py
[2024-03-26T06:27:19.197+0000] {processor.py:829} INFO - Processing file /home/airflow/.local/lib/python3.8/site-packages/airflow/example_dags/example_setup_teardown_taskflow.py for tasks to queue
[2024-03-26T06:27:19.201+0000] {logging_mixin.py:151} INFO - [2024-03-26T06:27:19.200+0000] {dagbag.py:539} INFO - Filling up the DagBag from /home/airflow/.local/lib/python3.8/site-packages/airflow/example_dags/example_setup_teardown_taskflow.py
[2024-03-26T06:27:19.213+0000] {processor.py:839} INFO - DAG(s) dict_keys(['example_setup_teardown_taskflow']) retrieved from /home/airflow/.local/lib/python3.8/site-packages/airflow/example_dags/example_setup_teardown_taskflow.py
[2024-03-26T06:27:19.242+0000] {logging_mixin.py:151} INFO - [2024-03-26T06:27:19.242+0000] {dag.py:2915} INFO - Sync 1 DAGs
[2024-03-26T06:27:19.267+0000] {logging_mixin.py:151} INFO - [2024-03-26T06:27:19.267+0000] {dag.py:3696} INFO - Setting next_dagrun for example_setup_teardown_taskflow to 2024-03-25T06:27:19.267246+00:00, run_after=2024-03-26T06:27:19.267246+00:00
[2024-03-26T06:27:19.301+0000] {processor.py:179} INFO - Processing /home/airflow/.local/lib/python3.8/site-packages/airflow/example_dags/example_setup_teardown_taskflow.py took 0.109 seconds
[2024-03-26T06:27:49.985+0000] {processor.py:157} INFO - Started process (PID=1935) to work on /home/airflow/.local/lib/python3.8/site-packages/airflow/example_dags/example_setup_teardown_taskflow.py
[2024-03-26T06:27:49.987+0000] {processor.py:829} INFO - Processing file /home/airflow/.local/lib/python3.8/site-packages/airflow/example_dags/example_setup_teardown_taskflow.py for tasks to queue
[2024-03-26T06:27:49.990+0000] {logging_mixin.py:151} INFO - [2024-03-26T06:27:49.989+0000] {dagbag.py:539} INFO - Filling up the DagBag from /home/airflow/.local/lib/python3.8/site-packages/airflow/example_dags/example_setup_teardown_taskflow.py
[2024-03-26T06:27:50.002+0000] {processor.py:839} INFO - DAG(s) dict_keys(['example_setup_teardown_taskflow']) retrieved from /home/airflow/.local/lib/python3.8/site-packages/airflow/example_dags/example_setup_teardown_taskflow.py
[2024-03-26T06:27:50.031+0000] {logging_mixin.py:151} INFO - [2024-03-26T06:27:50.031+0000] {dag.py:2915} INFO - Sync 1 DAGs
[2024-03-26T06:27:50.061+0000] {logging_mixin.py:151} INFO - [2024-03-26T06:27:50.060+0000] {dag.py:3696} INFO - Setting next_dagrun for example_setup_teardown_taskflow to 2024-03-25T06:27:50.060664+00:00, run_after=2024-03-26T06:27:50.060664+00:00
[2024-03-26T06:27:50.088+0000] {processor.py:179} INFO - Processing /home/airflow/.local/lib/python3.8/site-packages/airflow/example_dags/example_setup_teardown_taskflow.py took 0.108 seconds
[2024-03-26T06:28:20.441+0000] {processor.py:157} INFO - Started process (PID=1989) to work on /home/airflow/.local/lib/python3.8/site-packages/airflow/example_dags/example_setup_teardown_taskflow.py
[2024-03-26T06:28:20.443+0000] {processor.py:829} INFO - Processing file /home/airflow/.local/lib/python3.8/site-packages/airflow/example_dags/example_setup_teardown_taskflow.py for tasks to queue
[2024-03-26T06:28:20.446+0000] {logging_mixin.py:151} INFO - [2024-03-26T06:28:20.445+0000] {dagbag.py:539} INFO - Filling up the DagBag from /home/airflow/.local/lib/python3.8/site-packages/airflow/example_dags/example_setup_teardown_taskflow.py
[2024-03-26T06:28:20.456+0000] {processor.py:839} INFO - DAG(s) dict_keys(['example_setup_teardown_taskflow']) retrieved from /home/airflow/.local/lib/python3.8/site-packages/airflow/example_dags/example_setup_teardown_taskflow.py
[2024-03-26T06:28:20.483+0000] {logging_mixin.py:151} INFO - [2024-03-26T06:28:20.483+0000] {dag.py:2915} INFO - Sync 1 DAGs
[2024-03-26T06:28:20.509+0000] {logging_mixin.py:151} INFO - [2024-03-26T06:28:20.509+0000] {dag.py:3696} INFO - Setting next_dagrun for example_setup_teardown_taskflow to 2024-03-25T06:28:20.509288+00:00, run_after=2024-03-26T06:28:20.509288+00:00
[2024-03-26T06:28:20.543+0000] {processor.py:179} INFO - Processing /home/airflow/.local/lib/python3.8/site-packages/airflow/example_dags/example_setup_teardown_taskflow.py took 0.107 seconds
[2024-03-26T06:28:51.096+0000] {processor.py:157} INFO - Started process (PID=2043) to work on /home/airflow/.local/lib/python3.8/site-packages/airflow/example_dags/example_setup_teardown_taskflow.py
[2024-03-26T06:28:51.097+0000] {processor.py:829} INFO - Processing file /home/airflow/.local/lib/python3.8/site-packages/airflow/example_dags/example_setup_teardown_taskflow.py for tasks to queue
[2024-03-26T06:28:51.100+0000] {logging_mixin.py:151} INFO - [2024-03-26T06:28:51.100+0000] {dagbag.py:539} INFO - Filling up the DagBag from /home/airflow/.local/lib/python3.8/site-packages/airflow/example_dags/example_setup_teardown_taskflow.py
[2024-03-26T06:28:51.113+0000] {processor.py:839} INFO - DAG(s) dict_keys(['example_setup_teardown_taskflow']) retrieved from /home/airflow/.local/lib/python3.8/site-packages/airflow/example_dags/example_setup_teardown_taskflow.py
[2024-03-26T06:28:51.141+0000] {logging_mixin.py:151} INFO - [2024-03-26T06:28:51.141+0000] {dag.py:2915} INFO - Sync 1 DAGs
[2024-03-26T06:28:51.170+0000] {logging_mixin.py:151} INFO - [2024-03-26T06:28:51.170+0000] {dag.py:3696} INFO - Setting next_dagrun for example_setup_teardown_taskflow to 2024-03-25T06:28:51.170092+00:00, run_after=2024-03-26T06:28:51.170092+00:00
[2024-03-26T06:28:51.203+0000] {processor.py:179} INFO - Processing /home/airflow/.local/lib/python3.8/site-packages/airflow/example_dags/example_setup_teardown_taskflow.py took 0.112 seconds
[2024-03-26T06:29:22.044+0000] {processor.py:157} INFO - Started process (PID=2097) to work on /home/airflow/.local/lib/python3.8/site-packages/airflow/example_dags/example_setup_teardown_taskflow.py
[2024-03-26T06:29:22.045+0000] {processor.py:829} INFO - Processing file /home/airflow/.local/lib/python3.8/site-packages/airflow/example_dags/example_setup_teardown_taskflow.py for tasks to queue
[2024-03-26T06:29:22.047+0000] {logging_mixin.py:151} INFO - [2024-03-26T06:29:22.047+0000] {dagbag.py:539} INFO - Filling up the DagBag from /home/airflow/.local/lib/python3.8/site-packages/airflow/example_dags/example_setup_teardown_taskflow.py
[2024-03-26T06:29:22.058+0000] {processor.py:839} INFO - DAG(s) dict_keys(['example_setup_teardown_taskflow']) retrieved from /home/airflow/.local/lib/python3.8/site-packages/airflow/example_dags/example_setup_teardown_taskflow.py
[2024-03-26T06:29:22.083+0000] {logging_mixin.py:151} INFO - [2024-03-26T06:29:22.083+0000] {dag.py:2915} INFO - Sync 1 DAGs
[2024-03-26T06:29:22.107+0000] {logging_mixin.py:151} INFO - [2024-03-26T06:29:22.107+0000] {dag.py:3696} INFO - Setting next_dagrun for example_setup_teardown_taskflow to 2024-03-25T06:29:22.107345+00:00, run_after=2024-03-26T06:29:22.107345+00:00
[2024-03-26T06:29:22.132+0000] {processor.py:179} INFO - Processing /home/airflow/.local/lib/python3.8/site-packages/airflow/example_dags/example_setup_teardown_taskflow.py took 0.092 seconds
[2024-03-26T06:29:52.275+0000] {processor.py:157} INFO - Started process (PID=2151) to work on /home/airflow/.local/lib/python3.8/site-packages/airflow/example_dags/example_setup_teardown_taskflow.py
[2024-03-26T06:29:52.277+0000] {processor.py:829} INFO - Processing file /home/airflow/.local/lib/python3.8/site-packages/airflow/example_dags/example_setup_teardown_taskflow.py for tasks to queue
[2024-03-26T06:29:52.281+0000] {logging_mixin.py:151} INFO - [2024-03-26T06:29:52.281+0000] {dagbag.py:539} INFO - Filling up the DagBag from /home/airflow/.local/lib/python3.8/site-packages/airflow/example_dags/example_setup_teardown_taskflow.py
[2024-03-26T06:29:52.296+0000] {processor.py:839} INFO - DAG(s) dict_keys(['example_setup_teardown_taskflow']) retrieved from /home/airflow/.local/lib/python3.8/site-packages/airflow/example_dags/example_setup_teardown_taskflow.py
[2024-03-26T06:29:52.327+0000] {logging_mixin.py:151} INFO - [2024-03-26T06:29:52.326+0000] {dag.py:2915} INFO - Sync 1 DAGs
[2024-03-26T06:29:52.357+0000] {logging_mixin.py:151} INFO - [2024-03-26T06:29:52.356+0000] {dag.py:3696} INFO - Setting next_dagrun for example_setup_teardown_taskflow to 2024-03-25T06:29:52.356611+00:00, run_after=2024-03-26T06:29:52.356611+00:00
[2024-03-26T06:29:52.384+0000] {processor.py:179} INFO - Processing /home/airflow/.local/lib/python3.8/site-packages/airflow/example_dags/example_setup_teardown_taskflow.py took 0.114 seconds
[2024-03-26T06:30:22.518+0000] {processor.py:157} INFO - Started process (PID=2204) to work on /home/airflow/.local/lib/python3.8/site-packages/airflow/example_dags/example_setup_teardown_taskflow.py
[2024-03-26T06:30:22.520+0000] {processor.py:829} INFO - Processing file /home/airflow/.local/lib/python3.8/site-packages/airflow/example_dags/example_setup_teardown_taskflow.py for tasks to queue
[2024-03-26T06:30:22.523+0000] {logging_mixin.py:151} INFO - [2024-03-26T06:30:22.523+0000] {dagbag.py:539} INFO - Filling up the DagBag from /home/airflow/.local/lib/python3.8/site-packages/airflow/example_dags/example_setup_teardown_taskflow.py
[2024-03-26T06:30:22.534+0000] {processor.py:839} INFO - DAG(s) dict_keys(['example_setup_teardown_taskflow']) retrieved from /home/airflow/.local/lib/python3.8/site-packages/airflow/example_dags/example_setup_teardown_taskflow.py
[2024-03-26T06:30:22.561+0000] {logging_mixin.py:151} INFO - [2024-03-26T06:30:22.561+0000] {dag.py:2915} INFO - Sync 1 DAGs
[2024-03-26T06:30:22.585+0000] {logging_mixin.py:151} INFO - [2024-03-26T06:30:22.585+0000] {dag.py:3696} INFO - Setting next_dagrun for example_setup_teardown_taskflow to 2024-03-25T06:30:22.585294+00:00, run_after=2024-03-26T06:30:22.585294+00:00
[2024-03-26T06:30:22.619+0000] {processor.py:179} INFO - Processing /home/airflow/.local/lib/python3.8/site-packages/airflow/example_dags/example_setup_teardown_taskflow.py took 0.104 seconds
[2024-03-26T06:30:52.786+0000] {processor.py:157} INFO - Started process (PID=2258) to work on /home/airflow/.local/lib/python3.8/site-packages/airflow/example_dags/example_setup_teardown_taskflow.py
[2024-03-26T06:30:52.787+0000] {processor.py:829} INFO - Processing file /home/airflow/.local/lib/python3.8/site-packages/airflow/example_dags/example_setup_teardown_taskflow.py for tasks to queue
[2024-03-26T06:30:52.790+0000] {logging_mixin.py:151} INFO - [2024-03-26T06:30:52.790+0000] {dagbag.py:539} INFO - Filling up the DagBag from /home/airflow/.local/lib/python3.8/site-packages/airflow/example_dags/example_setup_teardown_taskflow.py
[2024-03-26T06:30:52.801+0000] {processor.py:839} INFO - DAG(s) dict_keys(['example_setup_teardown_taskflow']) retrieved from /home/airflow/.local/lib/python3.8/site-packages/airflow/example_dags/example_setup_teardown_taskflow.py
[2024-03-26T06:30:52.830+0000] {logging_mixin.py:151} INFO - [2024-03-26T06:30:52.830+0000] {dag.py:2915} INFO - Sync 1 DAGs
[2024-03-26T06:30:52.855+0000] {logging_mixin.py:151} INFO - [2024-03-26T06:30:52.855+0000] {dag.py:3696} INFO - Setting next_dagrun for example_setup_teardown_taskflow to 2024-03-25T06:30:52.855222+00:00, run_after=2024-03-26T06:30:52.855222+00:00
[2024-03-26T06:30:52.891+0000] {processor.py:179} INFO - Processing /home/airflow/.local/lib/python3.8/site-packages/airflow/example_dags/example_setup_teardown_taskflow.py took 0.109 seconds
[2024-03-26T06:31:23.012+0000] {processor.py:157} INFO - Started process (PID=2312) to work on /home/airflow/.local/lib/python3.8/site-packages/airflow/example_dags/example_setup_teardown_taskflow.py
[2024-03-26T06:31:23.014+0000] {processor.py:829} INFO - Processing file /home/airflow/.local/lib/python3.8/site-packages/airflow/example_dags/example_setup_teardown_taskflow.py for tasks to queue
[2024-03-26T06:31:23.017+0000] {logging_mixin.py:151} INFO - [2024-03-26T06:31:23.017+0000] {dagbag.py:539} INFO - Filling up the DagBag from /home/airflow/.local/lib/python3.8/site-packages/airflow/example_dags/example_setup_teardown_taskflow.py
[2024-03-26T06:31:23.032+0000] {processor.py:839} INFO - DAG(s) dict_keys(['example_setup_teardown_taskflow']) retrieved from /home/airflow/.local/lib/python3.8/site-packages/airflow/example_dags/example_setup_teardown_taskflow.py
[2024-03-26T06:31:23.060+0000] {logging_mixin.py:151} INFO - [2024-03-26T06:31:23.060+0000] {dag.py:2915} INFO - Sync 1 DAGs
[2024-03-26T06:31:23.087+0000] {logging_mixin.py:151} INFO - [2024-03-26T06:31:23.087+0000] {dag.py:3696} INFO - Setting next_dagrun for example_setup_teardown_taskflow to 2024-03-25T06:31:23.086796+00:00, run_after=2024-03-26T06:31:23.086796+00:00
[2024-03-26T06:31:23.121+0000] {processor.py:179} INFO - Processing /home/airflow/.local/lib/python3.8/site-packages/airflow/example_dags/example_setup_teardown_taskflow.py took 0.114 seconds
[2024-03-26T06:31:54.048+0000] {processor.py:157} INFO - Started process (PID=2366) to work on /home/airflow/.local/lib/python3.8/site-packages/airflow/example_dags/example_setup_teardown_taskflow.py
[2024-03-26T06:31:54.050+0000] {processor.py:829} INFO - Processing file /home/airflow/.local/lib/python3.8/site-packages/airflow/example_dags/example_setup_teardown_taskflow.py for tasks to queue
[2024-03-26T06:31:54.053+0000] {logging_mixin.py:151} INFO - [2024-03-26T06:31:54.053+0000] {dagbag.py:539} INFO - Filling up the DagBag from /home/airflow/.local/lib/python3.8/site-packages/airflow/example_dags/example_setup_teardown_taskflow.py
[2024-03-26T06:31:54.063+0000] {processor.py:839} INFO - DAG(s) dict_keys(['example_setup_teardown_taskflow']) retrieved from /home/airflow/.local/lib/python3.8/site-packages/airflow/example_dags/example_setup_teardown_taskflow.py
[2024-03-26T06:31:54.090+0000] {logging_mixin.py:151} INFO - [2024-03-26T06:31:54.090+0000] {dag.py:2915} INFO - Sync 1 DAGs
[2024-03-26T06:31:54.117+0000] {logging_mixin.py:151} INFO - [2024-03-26T06:31:54.116+0000] {dag.py:3696} INFO - Setting next_dagrun for example_setup_teardown_taskflow to 2024-03-25T06:31:54.116389+00:00, run_after=2024-03-26T06:31:54.116389+00:00
[2024-03-26T06:31:54.142+0000] {processor.py:179} INFO - Processing /home/airflow/.local/lib/python3.8/site-packages/airflow/example_dags/example_setup_teardown_taskflow.py took 0.098 seconds
[2024-03-26T06:32:24.300+0000] {processor.py:157} INFO - Started process (PID=2420) to work on /home/airflow/.local/lib/python3.8/site-packages/airflow/example_dags/example_setup_teardown_taskflow.py
[2024-03-26T06:32:24.302+0000] {processor.py:829} INFO - Processing file /home/airflow/.local/lib/python3.8/site-packages/airflow/example_dags/example_setup_teardown_taskflow.py for tasks to queue
[2024-03-26T06:32:24.304+0000] {logging_mixin.py:151} INFO - [2024-03-26T06:32:24.304+0000] {dagbag.py:539} INFO - Filling up the DagBag from /home/airflow/.local/lib/python3.8/site-packages/airflow/example_dags/example_setup_teardown_taskflow.py
[2024-03-26T06:32:24.318+0000] {processor.py:839} INFO - DAG(s) dict_keys(['example_setup_teardown_taskflow']) retrieved from /home/airflow/.local/lib/python3.8/site-packages/airflow/example_dags/example_setup_teardown_taskflow.py
[2024-03-26T06:32:24.343+0000] {logging_mixin.py:151} INFO - [2024-03-26T06:32:24.343+0000] {dag.py:2915} INFO - Sync 1 DAGs
[2024-03-26T06:32:24.370+0000] {logging_mixin.py:151} INFO - [2024-03-26T06:32:24.370+0000] {dag.py:3696} INFO - Setting next_dagrun for example_setup_teardown_taskflow to 2024-03-25T06:32:24.370208+00:00, run_after=2024-03-26T06:32:24.370208+00:00
[2024-03-26T06:32:24.398+0000] {processor.py:179} INFO - Processing /home/airflow/.local/lib/python3.8/site-packages/airflow/example_dags/example_setup_teardown_taskflow.py took 0.102 seconds
[2024-03-26T06:32:54.798+0000] {processor.py:157} INFO - Started process (PID=2474) to work on /home/airflow/.local/lib/python3.8/site-packages/airflow/example_dags/example_setup_teardown_taskflow.py
[2024-03-26T06:32:54.800+0000] {processor.py:829} INFO - Processing file /home/airflow/.local/lib/python3.8/site-packages/airflow/example_dags/example_setup_teardown_taskflow.py for tasks to queue
[2024-03-26T06:32:54.803+0000] {logging_mixin.py:151} INFO - [2024-03-26T06:32:54.803+0000] {dagbag.py:539} INFO - Filling up the DagBag from /home/airflow/.local/lib/python3.8/site-packages/airflow/example_dags/example_setup_teardown_taskflow.py
[2024-03-26T06:32:54.815+0000] {processor.py:839} INFO - DAG(s) dict_keys(['example_setup_teardown_taskflow']) retrieved from /home/airflow/.local/lib/python3.8/site-packages/airflow/example_dags/example_setup_teardown_taskflow.py
[2024-03-26T06:32:54.842+0000] {logging_mixin.py:151} INFO - [2024-03-26T06:32:54.842+0000] {dag.py:2915} INFO - Sync 1 DAGs
[2024-03-26T06:32:54.869+0000] {logging_mixin.py:151} INFO - [2024-03-26T06:32:54.869+0000] {dag.py:3696} INFO - Setting next_dagrun for example_setup_teardown_taskflow to 2024-03-25T06:32:54.869156+00:00, run_after=2024-03-26T06:32:54.869156+00:00
[2024-03-26T06:32:54.897+0000] {processor.py:179} INFO - Processing /home/airflow/.local/lib/python3.8/site-packages/airflow/example_dags/example_setup_teardown_taskflow.py took 0.103 seconds
[2024-03-26T06:33:25.277+0000] {processor.py:157} INFO - Started process (PID=2528) to work on /home/airflow/.local/lib/python3.8/site-packages/airflow/example_dags/example_setup_teardown_taskflow.py
[2024-03-26T06:33:25.278+0000] {processor.py:829} INFO - Processing file /home/airflow/.local/lib/python3.8/site-packages/airflow/example_dags/example_setup_teardown_taskflow.py for tasks to queue
[2024-03-26T06:33:25.282+0000] {logging_mixin.py:151} INFO - [2024-03-26T06:33:25.281+0000] {dagbag.py:539} INFO - Filling up the DagBag from /home/airflow/.local/lib/python3.8/site-packages/airflow/example_dags/example_setup_teardown_taskflow.py
[2024-03-26T06:33:25.293+0000] {processor.py:839} INFO - DAG(s) dict_keys(['example_setup_teardown_taskflow']) retrieved from /home/airflow/.local/lib/python3.8/site-packages/airflow/example_dags/example_setup_teardown_taskflow.py
[2024-03-26T06:33:25.323+0000] {logging_mixin.py:151} INFO - [2024-03-26T06:33:25.323+0000] {dag.py:2915} INFO - Sync 1 DAGs
[2024-03-26T06:33:25.351+0000] {logging_mixin.py:151} INFO - [2024-03-26T06:33:25.351+0000] {dag.py:3696} INFO - Setting next_dagrun for example_setup_teardown_taskflow to 2024-03-25T06:33:25.351243+00:00, run_after=2024-03-26T06:33:25.351243+00:00
[2024-03-26T06:33:25.396+0000] {processor.py:179} INFO - Processing /home/airflow/.local/lib/python3.8/site-packages/airflow/example_dags/example_setup_teardown_taskflow.py took 0.123 seconds
[2024-03-26T06:33:56.196+0000] {processor.py:157} INFO - Started process (PID=2582) to work on /home/airflow/.local/lib/python3.8/site-packages/airflow/example_dags/example_setup_teardown_taskflow.py
[2024-03-26T06:33:56.198+0000] {processor.py:829} INFO - Processing file /home/airflow/.local/lib/python3.8/site-packages/airflow/example_dags/example_setup_teardown_taskflow.py for tasks to queue
[2024-03-26T06:33:56.201+0000] {logging_mixin.py:151} INFO - [2024-03-26T06:33:56.200+0000] {dagbag.py:539} INFO - Filling up the DagBag from /home/airflow/.local/lib/python3.8/site-packages/airflow/example_dags/example_setup_teardown_taskflow.py
[2024-03-26T06:33:56.213+0000] {processor.py:839} INFO - DAG(s) dict_keys(['example_setup_teardown_taskflow']) retrieved from /home/airflow/.local/lib/python3.8/site-packages/airflow/example_dags/example_setup_teardown_taskflow.py
[2024-03-26T06:33:56.240+0000] {logging_mixin.py:151} INFO - [2024-03-26T06:33:56.240+0000] {dag.py:2915} INFO - Sync 1 DAGs
[2024-03-26T06:33:56.273+0000] {logging_mixin.py:151} INFO - [2024-03-26T06:33:56.273+0000] {dag.py:3696} INFO - Setting next_dagrun for example_setup_teardown_taskflow to 2024-03-25T06:33:56.273097+00:00, run_after=2024-03-26T06:33:56.273097+00:00
[2024-03-26T06:33:56.306+0000] {processor.py:179} INFO - Processing /home/airflow/.local/lib/python3.8/site-packages/airflow/example_dags/example_setup_teardown_taskflow.py took 0.114 seconds
