[2024-03-26T06:04:01.686+0000] {processor.py:157} INFO - Started process (PID=52) to work on /home/airflow/.local/lib/python3.8/site-packages/airflow/example_dags/example_params_trigger_ui.py
[2024-03-26T06:04:01.690+0000] {processor.py:829} INFO - Processing file /home/airflow/.local/lib/python3.8/site-packages/airflow/example_dags/example_params_trigger_ui.py for tasks to queue
[2024-03-26T06:04:01.697+0000] {logging_mixin.py:151} INFO - [2024-03-26T06:04:01.696+0000] {dagbag.py:539} INFO - Filling up the DagBag from /home/airflow/.local/lib/python3.8/site-packages/airflow/example_dags/example_params_trigger_ui.py
[2024-03-26T06:04:01.780+0000] {processor.py:839} INFO - DAG(s) dict_keys(['example_params_trigger_ui']) retrieved from /home/airflow/.local/lib/python3.8/site-packages/airflow/example_dags/example_params_trigger_ui.py
[2024-03-26T06:04:02.111+0000] {logging_mixin.py:151} INFO - [2024-03-26T06:04:02.110+0000] {manager.py:499} INFO - Created Permission View: %s
[2024-03-26T06:04:02.168+0000] {logging_mixin.py:151} INFO - [2024-03-26T06:04:02.167+0000] {manager.py:499} INFO - Created Permission View: %s
[2024-03-26T06:04:02.233+0000] {logging_mixin.py:151} INFO - [2024-03-26T06:04:02.232+0000] {manager.py:499} INFO - Created Permission View: %s
[2024-03-26T06:04:02.234+0000] {logging_mixin.py:151} INFO - [2024-03-26T06:04:02.234+0000] {security.py:708} INFO - Not syncing DAG-level permissions for DAG 'DAG:example_params_trigger_ui' as access control is unset.
[2024-03-26T06:04:02.235+0000] {logging_mixin.py:151} INFO - [2024-03-26T06:04:02.235+0000] {dag.py:2915} INFO - Sync 1 DAGs
[2024-03-26T06:04:02.272+0000] {logging_mixin.py:151} INFO - [2024-03-26T06:04:02.270+0000] {dag.py:2937} INFO - Creating ORM DAG for example_params_trigger_ui
[2024-03-26T06:04:02.276+0000] {logging_mixin.py:151} INFO - [2024-03-26T06:04:02.276+0000] {dag.py:3696} INFO - Setting next_dagrun for example_params_trigger_ui to None, run_after=None
[2024-03-26T06:04:02.345+0000] {processor.py:179} INFO - Processing /home/airflow/.local/lib/python3.8/site-packages/airflow/example_dags/example_params_trigger_ui.py took 0.700 seconds
[2024-03-26T06:04:33.495+0000] {processor.py:157} INFO - Started process (PID=106) to work on /home/airflow/.local/lib/python3.8/site-packages/airflow/example_dags/example_params_trigger_ui.py
[2024-03-26T06:04:33.502+0000] {processor.py:829} INFO - Processing file /home/airflow/.local/lib/python3.8/site-packages/airflow/example_dags/example_params_trigger_ui.py for tasks to queue
[2024-03-26T06:04:33.506+0000] {logging_mixin.py:151} INFO - [2024-03-26T06:04:33.505+0000] {dagbag.py:539} INFO - Filling up the DagBag from /home/airflow/.local/lib/python3.8/site-packages/airflow/example_dags/example_params_trigger_ui.py
[2024-03-26T06:04:33.544+0000] {processor.py:839} INFO - DAG(s) dict_keys(['example_params_trigger_ui']) retrieved from /home/airflow/.local/lib/python3.8/site-packages/airflow/example_dags/example_params_trigger_ui.py
[2024-03-26T06:04:33.637+0000] {logging_mixin.py:151} INFO - [2024-03-26T06:04:33.637+0000] {dag.py:2915} INFO - Sync 1 DAGs
[2024-03-26T06:04:33.667+0000] {logging_mixin.py:151} INFO - [2024-03-26T06:04:33.667+0000] {dag.py:3696} INFO - Setting next_dagrun for example_params_trigger_ui to None, run_after=None
[2024-03-26T06:04:33.717+0000] {processor.py:179} INFO - Processing /home/airflow/.local/lib/python3.8/site-packages/airflow/example_dags/example_params_trigger_ui.py took 0.226 seconds
[2024-03-26T06:05:03.994+0000] {processor.py:157} INFO - Started process (PID=160) to work on /home/airflow/.local/lib/python3.8/site-packages/airflow/example_dags/example_params_trigger_ui.py
[2024-03-26T06:05:03.996+0000] {processor.py:829} INFO - Processing file /home/airflow/.local/lib/python3.8/site-packages/airflow/example_dags/example_params_trigger_ui.py for tasks to queue
[2024-03-26T06:05:04.000+0000] {logging_mixin.py:151} INFO - [2024-03-26T06:05:04.000+0000] {dagbag.py:539} INFO - Filling up the DagBag from /home/airflow/.local/lib/python3.8/site-packages/airflow/example_dags/example_params_trigger_ui.py
[2024-03-26T06:05:04.027+0000] {processor.py:839} INFO - DAG(s) dict_keys(['example_params_trigger_ui']) retrieved from /home/airflow/.local/lib/python3.8/site-packages/airflow/example_dags/example_params_trigger_ui.py
[2024-03-26T06:05:04.093+0000] {logging_mixin.py:151} INFO - [2024-03-26T06:05:04.093+0000] {dag.py:2915} INFO - Sync 1 DAGs
[2024-03-26T06:05:04.112+0000] {logging_mixin.py:151} INFO - [2024-03-26T06:05:04.112+0000] {dag.py:3696} INFO - Setting next_dagrun for example_params_trigger_ui to None, run_after=None
[2024-03-26T06:05:04.144+0000] {processor.py:179} INFO - Processing /home/airflow/.local/lib/python3.8/site-packages/airflow/example_dags/example_params_trigger_ui.py took 0.154 seconds
[2024-03-26T06:05:34.678+0000] {processor.py:157} INFO - Started process (PID=214) to work on /home/airflow/.local/lib/python3.8/site-packages/airflow/example_dags/example_params_trigger_ui.py
[2024-03-26T06:05:34.680+0000] {processor.py:829} INFO - Processing file /home/airflow/.local/lib/python3.8/site-packages/airflow/example_dags/example_params_trigger_ui.py for tasks to queue
[2024-03-26T06:05:34.683+0000] {logging_mixin.py:151} INFO - [2024-03-26T06:05:34.683+0000] {dagbag.py:539} INFO - Filling up the DagBag from /home/airflow/.local/lib/python3.8/site-packages/airflow/example_dags/example_params_trigger_ui.py
[2024-03-26T06:05:34.711+0000] {processor.py:839} INFO - DAG(s) dict_keys(['example_params_trigger_ui']) retrieved from /home/airflow/.local/lib/python3.8/site-packages/airflow/example_dags/example_params_trigger_ui.py
[2024-03-26T06:05:34.794+0000] {logging_mixin.py:151} INFO - [2024-03-26T06:05:34.794+0000] {dag.py:2915} INFO - Sync 1 DAGs
[2024-03-26T06:05:34.814+0000] {logging_mixin.py:151} INFO - [2024-03-26T06:05:34.813+0000] {dag.py:3696} INFO - Setting next_dagrun for example_params_trigger_ui to None, run_after=None
[2024-03-26T06:05:34.853+0000] {processor.py:179} INFO - Processing /home/airflow/.local/lib/python3.8/site-packages/airflow/example_dags/example_params_trigger_ui.py took 0.179 seconds
[2024-03-26T06:06:05.460+0000] {processor.py:157} INFO - Started process (PID=268) to work on /home/airflow/.local/lib/python3.8/site-packages/airflow/example_dags/example_params_trigger_ui.py
[2024-03-26T06:06:05.504+0000] {processor.py:829} INFO - Processing file /home/airflow/.local/lib/python3.8/site-packages/airflow/example_dags/example_params_trigger_ui.py for tasks to queue
[2024-03-26T06:06:05.509+0000] {logging_mixin.py:151} INFO - [2024-03-26T06:06:05.509+0000] {dagbag.py:539} INFO - Filling up the DagBag from /home/airflow/.local/lib/python3.8/site-packages/airflow/example_dags/example_params_trigger_ui.py
[2024-03-26T06:06:05.577+0000] {processor.py:839} INFO - DAG(s) dict_keys(['example_params_trigger_ui']) retrieved from /home/airflow/.local/lib/python3.8/site-packages/airflow/example_dags/example_params_trigger_ui.py
[2024-03-26T06:06:05.673+0000] {logging_mixin.py:151} INFO - [2024-03-26T06:06:05.672+0000] {dag.py:2915} INFO - Sync 1 DAGs
[2024-03-26T06:06:05.700+0000] {logging_mixin.py:151} INFO - [2024-03-26T06:06:05.699+0000] {dag.py:3696} INFO - Setting next_dagrun for example_params_trigger_ui to None, run_after=None
[2024-03-26T06:06:05.868+0000] {processor.py:179} INFO - Processing /home/airflow/.local/lib/python3.8/site-packages/airflow/example_dags/example_params_trigger_ui.py took 0.416 seconds
[2024-03-26T06:06:38.417+0000] {processor.py:157} INFO - Started process (PID=322) to work on /home/airflow/.local/lib/python3.8/site-packages/airflow/example_dags/example_params_trigger_ui.py
[2024-03-26T06:06:38.420+0000] {processor.py:829} INFO - Processing file /home/airflow/.local/lib/python3.8/site-packages/airflow/example_dags/example_params_trigger_ui.py for tasks to queue
[2024-03-26T06:06:38.476+0000] {logging_mixin.py:151} INFO - [2024-03-26T06:06:38.472+0000] {dagbag.py:539} INFO - Filling up the DagBag from /home/airflow/.local/lib/python3.8/site-packages/airflow/example_dags/example_params_trigger_ui.py
[2024-03-26T06:06:38.607+0000] {processor.py:839} INFO - DAG(s) dict_keys(['example_params_trigger_ui']) retrieved from /home/airflow/.local/lib/python3.8/site-packages/airflow/example_dags/example_params_trigger_ui.py
[2024-03-26T06:06:38.806+0000] {logging_mixin.py:151} INFO - [2024-03-26T06:06:38.805+0000] {dag.py:2915} INFO - Sync 1 DAGs
[2024-03-26T06:06:38.986+0000] {logging_mixin.py:151} INFO - [2024-03-26T06:06:38.985+0000] {dag.py:3696} INFO - Setting next_dagrun for example_params_trigger_ui to None, run_after=None
[2024-03-26T06:06:39.182+0000] {processor.py:179} INFO - Processing /home/airflow/.local/lib/python3.8/site-packages/airflow/example_dags/example_params_trigger_ui.py took 0.770 seconds
[2024-03-26T06:07:09.780+0000] {processor.py:157} INFO - Started process (PID=376) to work on /home/airflow/.local/lib/python3.8/site-packages/airflow/example_dags/example_params_trigger_ui.py
[2024-03-26T06:07:09.782+0000] {processor.py:829} INFO - Processing file /home/airflow/.local/lib/python3.8/site-packages/airflow/example_dags/example_params_trigger_ui.py for tasks to queue
[2024-03-26T06:07:09.785+0000] {logging_mixin.py:151} INFO - [2024-03-26T06:07:09.785+0000] {dagbag.py:539} INFO - Filling up the DagBag from /home/airflow/.local/lib/python3.8/site-packages/airflow/example_dags/example_params_trigger_ui.py
[2024-03-26T06:07:09.827+0000] {processor.py:839} INFO - DAG(s) dict_keys(['example_params_trigger_ui']) retrieved from /home/airflow/.local/lib/python3.8/site-packages/airflow/example_dags/example_params_trigger_ui.py
[2024-03-26T06:07:09.915+0000] {logging_mixin.py:151} INFO - [2024-03-26T06:07:09.914+0000] {dag.py:2915} INFO - Sync 1 DAGs
[2024-03-26T06:07:09.938+0000] {logging_mixin.py:151} INFO - [2024-03-26T06:07:09.938+0000] {dag.py:3696} INFO - Setting next_dagrun for example_params_trigger_ui to None, run_after=None
[2024-03-26T06:07:09.981+0000] {processor.py:179} INFO - Processing /home/airflow/.local/lib/python3.8/site-packages/airflow/example_dags/example_params_trigger_ui.py took 0.206 seconds
[2024-03-26T06:07:40.230+0000] {processor.py:157} INFO - Started process (PID=430) to work on /home/airflow/.local/lib/python3.8/site-packages/airflow/example_dags/example_params_trigger_ui.py
[2024-03-26T06:07:40.231+0000] {processor.py:829} INFO - Processing file /home/airflow/.local/lib/python3.8/site-packages/airflow/example_dags/example_params_trigger_ui.py for tasks to queue
[2024-03-26T06:07:40.234+0000] {logging_mixin.py:151} INFO - [2024-03-26T06:07:40.234+0000] {dagbag.py:539} INFO - Filling up the DagBag from /home/airflow/.local/lib/python3.8/site-packages/airflow/example_dags/example_params_trigger_ui.py
[2024-03-26T06:07:40.253+0000] {processor.py:839} INFO - DAG(s) dict_keys(['example_params_trigger_ui']) retrieved from /home/airflow/.local/lib/python3.8/site-packages/airflow/example_dags/example_params_trigger_ui.py
[2024-03-26T06:07:40.312+0000] {logging_mixin.py:151} INFO - [2024-03-26T06:07:40.311+0000] {dag.py:2915} INFO - Sync 1 DAGs
[2024-03-26T06:07:40.327+0000] {logging_mixin.py:151} INFO - [2024-03-26T06:07:40.327+0000] {dag.py:3696} INFO - Setting next_dagrun for example_params_trigger_ui to None, run_after=None
[2024-03-26T06:07:40.351+0000] {processor.py:179} INFO - Processing /home/airflow/.local/lib/python3.8/site-packages/airflow/example_dags/example_params_trigger_ui.py took 0.125 seconds
[2024-03-26T06:08:10.907+0000] {processor.py:157} INFO - Started process (PID=484) to work on /home/airflow/.local/lib/python3.8/site-packages/airflow/example_dags/example_params_trigger_ui.py
[2024-03-26T06:08:10.909+0000] {processor.py:829} INFO - Processing file /home/airflow/.local/lib/python3.8/site-packages/airflow/example_dags/example_params_trigger_ui.py for tasks to queue
[2024-03-26T06:08:10.911+0000] {logging_mixin.py:151} INFO - [2024-03-26T06:08:10.911+0000] {dagbag.py:539} INFO - Filling up the DagBag from /home/airflow/.local/lib/python3.8/site-packages/airflow/example_dags/example_params_trigger_ui.py
[2024-03-26T06:08:10.934+0000] {processor.py:839} INFO - DAG(s) dict_keys(['example_params_trigger_ui']) retrieved from /home/airflow/.local/lib/python3.8/site-packages/airflow/example_dags/example_params_trigger_ui.py
[2024-03-26T06:08:11.014+0000] {logging_mixin.py:151} INFO - [2024-03-26T06:08:11.014+0000] {dag.py:2915} INFO - Sync 1 DAGs
[2024-03-26T06:08:11.031+0000] {logging_mixin.py:151} INFO - [2024-03-26T06:08:11.030+0000] {dag.py:3696} INFO - Setting next_dagrun for example_params_trigger_ui to None, run_after=None
[2024-03-26T06:08:11.071+0000] {processor.py:179} INFO - Processing /home/airflow/.local/lib/python3.8/site-packages/airflow/example_dags/example_params_trigger_ui.py took 0.168 seconds
[2024-03-26T06:08:41.184+0000] {processor.py:157} INFO - Started process (PID=538) to work on /home/airflow/.local/lib/python3.8/site-packages/airflow/example_dags/example_params_trigger_ui.py
[2024-03-26T06:08:41.186+0000] {processor.py:829} INFO - Processing file /home/airflow/.local/lib/python3.8/site-packages/airflow/example_dags/example_params_trigger_ui.py for tasks to queue
[2024-03-26T06:08:41.189+0000] {logging_mixin.py:151} INFO - [2024-03-26T06:08:41.189+0000] {dagbag.py:539} INFO - Filling up the DagBag from /home/airflow/.local/lib/python3.8/site-packages/airflow/example_dags/example_params_trigger_ui.py
[2024-03-26T06:08:41.209+0000] {processor.py:839} INFO - DAG(s) dict_keys(['example_params_trigger_ui']) retrieved from /home/airflow/.local/lib/python3.8/site-packages/airflow/example_dags/example_params_trigger_ui.py
[2024-03-26T06:08:41.265+0000] {logging_mixin.py:151} INFO - [2024-03-26T06:08:41.264+0000] {dag.py:2915} INFO - Sync 1 DAGs
[2024-03-26T06:08:41.282+0000] {logging_mixin.py:151} INFO - [2024-03-26T06:08:41.281+0000] {dag.py:3696} INFO - Setting next_dagrun for example_params_trigger_ui to None, run_after=None
[2024-03-26T06:08:41.309+0000] {processor.py:179} INFO - Processing /home/airflow/.local/lib/python3.8/site-packages/airflow/example_dags/example_params_trigger_ui.py took 0.129 seconds
[2024-03-26T06:09:11.653+0000] {processor.py:157} INFO - Started process (PID=592) to work on /home/airflow/.local/lib/python3.8/site-packages/airflow/example_dags/example_params_trigger_ui.py
[2024-03-26T06:09:11.655+0000] {processor.py:829} INFO - Processing file /home/airflow/.local/lib/python3.8/site-packages/airflow/example_dags/example_params_trigger_ui.py for tasks to queue
[2024-03-26T06:09:11.658+0000] {logging_mixin.py:151} INFO - [2024-03-26T06:09:11.658+0000] {dagbag.py:539} INFO - Filling up the DagBag from /home/airflow/.local/lib/python3.8/site-packages/airflow/example_dags/example_params_trigger_ui.py
[2024-03-26T06:09:11.681+0000] {processor.py:839} INFO - DAG(s) dict_keys(['example_params_trigger_ui']) retrieved from /home/airflow/.local/lib/python3.8/site-packages/airflow/example_dags/example_params_trigger_ui.py
[2024-03-26T06:09:11.742+0000] {logging_mixin.py:151} INFO - [2024-03-26T06:09:11.742+0000] {dag.py:2915} INFO - Sync 1 DAGs
[2024-03-26T06:09:11.757+0000] {logging_mixin.py:151} INFO - [2024-03-26T06:09:11.757+0000] {dag.py:3696} INFO - Setting next_dagrun for example_params_trigger_ui to None, run_after=None
[2024-03-26T06:09:11.781+0000] {processor.py:179} INFO - Processing /home/airflow/.local/lib/python3.8/site-packages/airflow/example_dags/example_params_trigger_ui.py took 0.131 seconds
[2024-03-26T06:09:42.250+0000] {processor.py:157} INFO - Started process (PID=646) to work on /home/airflow/.local/lib/python3.8/site-packages/airflow/example_dags/example_params_trigger_ui.py
[2024-03-26T06:09:42.251+0000] {processor.py:829} INFO - Processing file /home/airflow/.local/lib/python3.8/site-packages/airflow/example_dags/example_params_trigger_ui.py for tasks to queue
[2024-03-26T06:09:42.254+0000] {logging_mixin.py:151} INFO - [2024-03-26T06:09:42.254+0000] {dagbag.py:539} INFO - Filling up the DagBag from /home/airflow/.local/lib/python3.8/site-packages/airflow/example_dags/example_params_trigger_ui.py
[2024-03-26T06:09:42.274+0000] {processor.py:839} INFO - DAG(s) dict_keys(['example_params_trigger_ui']) retrieved from /home/airflow/.local/lib/python3.8/site-packages/airflow/example_dags/example_params_trigger_ui.py
[2024-03-26T06:09:42.332+0000] {logging_mixin.py:151} INFO - [2024-03-26T06:09:42.332+0000] {dag.py:2915} INFO - Sync 1 DAGs
[2024-03-26T06:09:42.346+0000] {logging_mixin.py:151} INFO - [2024-03-26T06:09:42.345+0000] {dag.py:3696} INFO - Setting next_dagrun for example_params_trigger_ui to None, run_after=None
[2024-03-26T06:09:42.372+0000] {processor.py:179} INFO - Processing /home/airflow/.local/lib/python3.8/site-packages/airflow/example_dags/example_params_trigger_ui.py took 0.126 seconds
[2024-03-26T06:10:12.939+0000] {processor.py:157} INFO - Started process (PID=700) to work on /home/airflow/.local/lib/python3.8/site-packages/airflow/example_dags/example_params_trigger_ui.py
[2024-03-26T06:10:12.941+0000] {processor.py:829} INFO - Processing file /home/airflow/.local/lib/python3.8/site-packages/airflow/example_dags/example_params_trigger_ui.py for tasks to queue
[2024-03-26T06:10:12.944+0000] {logging_mixin.py:151} INFO - [2024-03-26T06:10:12.944+0000] {dagbag.py:539} INFO - Filling up the DagBag from /home/airflow/.local/lib/python3.8/site-packages/airflow/example_dags/example_params_trigger_ui.py
[2024-03-26T06:10:12.963+0000] {processor.py:839} INFO - DAG(s) dict_keys(['example_params_trigger_ui']) retrieved from /home/airflow/.local/lib/python3.8/site-packages/airflow/example_dags/example_params_trigger_ui.py
[2024-03-26T06:10:13.016+0000] {logging_mixin.py:151} INFO - [2024-03-26T06:10:13.016+0000] {dag.py:2915} INFO - Sync 1 DAGs
[2024-03-26T06:10:13.030+0000] {logging_mixin.py:151} INFO - [2024-03-26T06:10:13.029+0000] {dag.py:3696} INFO - Setting next_dagrun for example_params_trigger_ui to None, run_after=None
[2024-03-26T06:10:13.067+0000] {processor.py:179} INFO - Processing /home/airflow/.local/lib/python3.8/site-packages/airflow/example_dags/example_params_trigger_ui.py took 0.133 seconds
[2024-03-26T06:10:43.605+0000] {processor.py:157} INFO - Started process (PID=754) to work on /home/airflow/.local/lib/python3.8/site-packages/airflow/example_dags/example_params_trigger_ui.py
[2024-03-26T06:10:43.607+0000] {processor.py:829} INFO - Processing file /home/airflow/.local/lib/python3.8/site-packages/airflow/example_dags/example_params_trigger_ui.py for tasks to queue
[2024-03-26T06:10:43.609+0000] {logging_mixin.py:151} INFO - [2024-03-26T06:10:43.609+0000] {dagbag.py:539} INFO - Filling up the DagBag from /home/airflow/.local/lib/python3.8/site-packages/airflow/example_dags/example_params_trigger_ui.py
[2024-03-26T06:10:43.632+0000] {processor.py:839} INFO - DAG(s) dict_keys(['example_params_trigger_ui']) retrieved from /home/airflow/.local/lib/python3.8/site-packages/airflow/example_dags/example_params_trigger_ui.py
[2024-03-26T06:10:43.690+0000] {logging_mixin.py:151} INFO - [2024-03-26T06:10:43.690+0000] {dag.py:2915} INFO - Sync 1 DAGs
[2024-03-26T06:10:43.704+0000] {logging_mixin.py:151} INFO - [2024-03-26T06:10:43.704+0000] {dag.py:3696} INFO - Setting next_dagrun for example_params_trigger_ui to None, run_after=None
[2024-03-26T06:10:43.727+0000] {processor.py:179} INFO - Processing /home/airflow/.local/lib/python3.8/site-packages/airflow/example_dags/example_params_trigger_ui.py took 0.126 seconds
[2024-03-26T06:11:14.054+0000] {processor.py:157} INFO - Started process (PID=808) to work on /home/airflow/.local/lib/python3.8/site-packages/airflow/example_dags/example_params_trigger_ui.py
[2024-03-26T06:11:14.055+0000] {processor.py:829} INFO - Processing file /home/airflow/.local/lib/python3.8/site-packages/airflow/example_dags/example_params_trigger_ui.py for tasks to queue
[2024-03-26T06:11:14.059+0000] {logging_mixin.py:151} INFO - [2024-03-26T06:11:14.058+0000] {dagbag.py:539} INFO - Filling up the DagBag from /home/airflow/.local/lib/python3.8/site-packages/airflow/example_dags/example_params_trigger_ui.py
[2024-03-26T06:11:14.082+0000] {processor.py:839} INFO - DAG(s) dict_keys(['example_params_trigger_ui']) retrieved from /home/airflow/.local/lib/python3.8/site-packages/airflow/example_dags/example_params_trigger_ui.py
[2024-03-26T06:11:14.163+0000] {logging_mixin.py:151} INFO - [2024-03-26T06:11:14.163+0000] {dag.py:2915} INFO - Sync 1 DAGs
[2024-03-26T06:11:14.183+0000] {logging_mixin.py:151} INFO - [2024-03-26T06:11:14.182+0000] {dag.py:3696} INFO - Setting next_dagrun for example_params_trigger_ui to None, run_after=None
[2024-03-26T06:11:14.207+0000] {processor.py:179} INFO - Processing /home/airflow/.local/lib/python3.8/site-packages/airflow/example_dags/example_params_trigger_ui.py took 0.158 seconds
[2024-03-26T06:11:44.424+0000] {processor.py:157} INFO - Started process (PID=862) to work on /home/airflow/.local/lib/python3.8/site-packages/airflow/example_dags/example_params_trigger_ui.py
[2024-03-26T06:11:44.426+0000] {processor.py:829} INFO - Processing file /home/airflow/.local/lib/python3.8/site-packages/airflow/example_dags/example_params_trigger_ui.py for tasks to queue
[2024-03-26T06:11:44.429+0000] {logging_mixin.py:151} INFO - [2024-03-26T06:11:44.429+0000] {dagbag.py:539} INFO - Filling up the DagBag from /home/airflow/.local/lib/python3.8/site-packages/airflow/example_dags/example_params_trigger_ui.py
[2024-03-26T06:11:44.447+0000] {processor.py:839} INFO - DAG(s) dict_keys(['example_params_trigger_ui']) retrieved from /home/airflow/.local/lib/python3.8/site-packages/airflow/example_dags/example_params_trigger_ui.py
[2024-03-26T06:11:44.506+0000] {logging_mixin.py:151} INFO - [2024-03-26T06:11:44.506+0000] {dag.py:2915} INFO - Sync 1 DAGs
[2024-03-26T06:11:44.521+0000] {logging_mixin.py:151} INFO - [2024-03-26T06:11:44.521+0000] {dag.py:3696} INFO - Setting next_dagrun for example_params_trigger_ui to None, run_after=None
[2024-03-26T06:11:44.546+0000] {processor.py:179} INFO - Processing /home/airflow/.local/lib/python3.8/site-packages/airflow/example_dags/example_params_trigger_ui.py took 0.126 seconds
[2024-03-26T06:12:14.924+0000] {processor.py:157} INFO - Started process (PID=916) to work on /home/airflow/.local/lib/python3.8/site-packages/airflow/example_dags/example_params_trigger_ui.py
[2024-03-26T06:12:14.925+0000] {processor.py:829} INFO - Processing file /home/airflow/.local/lib/python3.8/site-packages/airflow/example_dags/example_params_trigger_ui.py for tasks to queue
[2024-03-26T06:12:14.928+0000] {logging_mixin.py:151} INFO - [2024-03-26T06:12:14.928+0000] {dagbag.py:539} INFO - Filling up the DagBag from /home/airflow/.local/lib/python3.8/site-packages/airflow/example_dags/example_params_trigger_ui.py
[2024-03-26T06:12:14.947+0000] {processor.py:839} INFO - DAG(s) dict_keys(['example_params_trigger_ui']) retrieved from /home/airflow/.local/lib/python3.8/site-packages/airflow/example_dags/example_params_trigger_ui.py
[2024-03-26T06:12:15.001+0000] {logging_mixin.py:151} INFO - [2024-03-26T06:12:15.001+0000] {dag.py:2915} INFO - Sync 1 DAGs
[2024-03-26T06:12:15.014+0000] {logging_mixin.py:151} INFO - [2024-03-26T06:12:15.014+0000] {dag.py:3696} INFO - Setting next_dagrun for example_params_trigger_ui to None, run_after=None
[2024-03-26T06:12:15.037+0000] {processor.py:179} INFO - Processing /home/airflow/.local/lib/python3.8/site-packages/airflow/example_dags/example_params_trigger_ui.py took 0.116 seconds
[2024-03-26T06:12:45.314+0000] {processor.py:157} INFO - Started process (PID=970) to work on /home/airflow/.local/lib/python3.8/site-packages/airflow/example_dags/example_params_trigger_ui.py
[2024-03-26T06:12:45.316+0000] {processor.py:829} INFO - Processing file /home/airflow/.local/lib/python3.8/site-packages/airflow/example_dags/example_params_trigger_ui.py for tasks to queue
[2024-03-26T06:12:45.319+0000] {logging_mixin.py:151} INFO - [2024-03-26T06:12:45.318+0000] {dagbag.py:539} INFO - Filling up the DagBag from /home/airflow/.local/lib/python3.8/site-packages/airflow/example_dags/example_params_trigger_ui.py
[2024-03-26T06:12:45.339+0000] {processor.py:839} INFO - DAG(s) dict_keys(['example_params_trigger_ui']) retrieved from /home/airflow/.local/lib/python3.8/site-packages/airflow/example_dags/example_params_trigger_ui.py
[2024-03-26T06:12:45.389+0000] {logging_mixin.py:151} INFO - [2024-03-26T06:12:45.389+0000] {dag.py:2915} INFO - Sync 1 DAGs
[2024-03-26T06:12:45.405+0000] {logging_mixin.py:151} INFO - [2024-03-26T06:12:45.405+0000] {dag.py:3696} INFO - Setting next_dagrun for example_params_trigger_ui to None, run_after=None
[2024-03-26T06:12:45.428+0000] {processor.py:179} INFO - Processing /home/airflow/.local/lib/python3.8/site-packages/airflow/example_dags/example_params_trigger_ui.py took 0.117 seconds
[2024-03-26T06:19:06.357+0000] {processor.py:157} INFO - Started process (PID=1001) to work on /home/airflow/.local/lib/python3.8/site-packages/airflow/example_dags/example_params_trigger_ui.py
[2024-03-26T06:19:06.360+0000] {processor.py:829} INFO - Processing file /home/airflow/.local/lib/python3.8/site-packages/airflow/example_dags/example_params_trigger_ui.py for tasks to queue
[2024-03-26T06:19:06.373+0000] {logging_mixin.py:151} INFO - [2024-03-26T06:19:06.372+0000] {dagbag.py:539} INFO - Filling up the DagBag from /home/airflow/.local/lib/python3.8/site-packages/airflow/example_dags/example_params_trigger_ui.py
[2024-03-26T06:19:06.461+0000] {processor.py:839} INFO - DAG(s) dict_keys(['example_params_trigger_ui']) retrieved from /home/airflow/.local/lib/python3.8/site-packages/airflow/example_dags/example_params_trigger_ui.py
[2024-03-26T06:19:06.766+0000] {logging_mixin.py:151} INFO - [2024-03-26T06:19:06.766+0000] {dag.py:2915} INFO - Sync 1 DAGs
[2024-03-26T06:19:06.879+0000] {logging_mixin.py:151} INFO - [2024-03-26T06:19:06.879+0000] {dag.py:3696} INFO - Setting next_dagrun for example_params_trigger_ui to None, run_after=None
[2024-03-26T06:19:07.003+0000] {processor.py:179} INFO - Processing /home/airflow/.local/lib/python3.8/site-packages/airflow/example_dags/example_params_trigger_ui.py took 0.652 seconds
[2024-03-26T06:19:37.870+0000] {processor.py:157} INFO - Started process (PID=1055) to work on /home/airflow/.local/lib/python3.8/site-packages/airflow/example_dags/example_params_trigger_ui.py
[2024-03-26T06:19:37.871+0000] {processor.py:829} INFO - Processing file /home/airflow/.local/lib/python3.8/site-packages/airflow/example_dags/example_params_trigger_ui.py for tasks to queue
[2024-03-26T06:19:37.875+0000] {logging_mixin.py:151} INFO - [2024-03-26T06:19:37.874+0000] {dagbag.py:539} INFO - Filling up the DagBag from /home/airflow/.local/lib/python3.8/site-packages/airflow/example_dags/example_params_trigger_ui.py
[2024-03-26T06:19:37.904+0000] {processor.py:839} INFO - DAG(s) dict_keys(['example_params_trigger_ui']) retrieved from /home/airflow/.local/lib/python3.8/site-packages/airflow/example_dags/example_params_trigger_ui.py
[2024-03-26T06:19:38.002+0000] {logging_mixin.py:151} INFO - [2024-03-26T06:19:38.002+0000] {dag.py:2915} INFO - Sync 1 DAGs
[2024-03-26T06:19:38.019+0000] {logging_mixin.py:151} INFO - [2024-03-26T06:19:38.019+0000] {dag.py:3696} INFO - Setting next_dagrun for example_params_trigger_ui to None, run_after=None
[2024-03-26T06:19:38.047+0000] {processor.py:179} INFO - Processing /home/airflow/.local/lib/python3.8/site-packages/airflow/example_dags/example_params_trigger_ui.py took 0.182 seconds
[2024-03-26T06:20:08.834+0000] {processor.py:157} INFO - Started process (PID=1109) to work on /home/airflow/.local/lib/python3.8/site-packages/airflow/example_dags/example_params_trigger_ui.py
[2024-03-26T06:20:08.836+0000] {processor.py:829} INFO - Processing file /home/airflow/.local/lib/python3.8/site-packages/airflow/example_dags/example_params_trigger_ui.py for tasks to queue
[2024-03-26T06:20:08.839+0000] {logging_mixin.py:151} INFO - [2024-03-26T06:20:08.839+0000] {dagbag.py:539} INFO - Filling up the DagBag from /home/airflow/.local/lib/python3.8/site-packages/airflow/example_dags/example_params_trigger_ui.py
[2024-03-26T06:20:08.857+0000] {processor.py:839} INFO - DAG(s) dict_keys(['example_params_trigger_ui']) retrieved from /home/airflow/.local/lib/python3.8/site-packages/airflow/example_dags/example_params_trigger_ui.py
[2024-03-26T06:20:08.919+0000] {logging_mixin.py:151} INFO - [2024-03-26T06:20:08.919+0000] {dag.py:2915} INFO - Sync 1 DAGs
[2024-03-26T06:20:08.934+0000] {logging_mixin.py:151} INFO - [2024-03-26T06:20:08.934+0000] {dag.py:3696} INFO - Setting next_dagrun for example_params_trigger_ui to None, run_after=None
[2024-03-26T06:20:08.971+0000] {processor.py:179} INFO - Processing /home/airflow/.local/lib/python3.8/site-packages/airflow/example_dags/example_params_trigger_ui.py took 0.142 seconds
[2024-03-26T06:20:39.199+0000] {processor.py:157} INFO - Started process (PID=1163) to work on /home/airflow/.local/lib/python3.8/site-packages/airflow/example_dags/example_params_trigger_ui.py
[2024-03-26T06:20:39.201+0000] {processor.py:829} INFO - Processing file /home/airflow/.local/lib/python3.8/site-packages/airflow/example_dags/example_params_trigger_ui.py for tasks to queue
[2024-03-26T06:20:39.204+0000] {logging_mixin.py:151} INFO - [2024-03-26T06:20:39.204+0000] {dagbag.py:539} INFO - Filling up the DagBag from /home/airflow/.local/lib/python3.8/site-packages/airflow/example_dags/example_params_trigger_ui.py
[2024-03-26T06:20:39.225+0000] {processor.py:839} INFO - DAG(s) dict_keys(['example_params_trigger_ui']) retrieved from /home/airflow/.local/lib/python3.8/site-packages/airflow/example_dags/example_params_trigger_ui.py
[2024-03-26T06:20:39.290+0000] {logging_mixin.py:151} INFO - [2024-03-26T06:20:39.290+0000] {dag.py:2915} INFO - Sync 1 DAGs
[2024-03-26T06:20:39.305+0000] {logging_mixin.py:151} INFO - [2024-03-26T06:20:39.304+0000] {dag.py:3696} INFO - Setting next_dagrun for example_params_trigger_ui to None, run_after=None
[2024-03-26T06:20:39.328+0000] {processor.py:179} INFO - Processing /home/airflow/.local/lib/python3.8/site-packages/airflow/example_dags/example_params_trigger_ui.py took 0.133 seconds
[2024-03-26T06:21:09.626+0000] {processor.py:157} INFO - Started process (PID=1217) to work on /home/airflow/.local/lib/python3.8/site-packages/airflow/example_dags/example_params_trigger_ui.py
[2024-03-26T06:21:09.627+0000] {processor.py:829} INFO - Processing file /home/airflow/.local/lib/python3.8/site-packages/airflow/example_dags/example_params_trigger_ui.py for tasks to queue
[2024-03-26T06:21:09.630+0000] {logging_mixin.py:151} INFO - [2024-03-26T06:21:09.630+0000] {dagbag.py:539} INFO - Filling up the DagBag from /home/airflow/.local/lib/python3.8/site-packages/airflow/example_dags/example_params_trigger_ui.py
[2024-03-26T06:21:09.648+0000] {processor.py:839} INFO - DAG(s) dict_keys(['example_params_trigger_ui']) retrieved from /home/airflow/.local/lib/python3.8/site-packages/airflow/example_dags/example_params_trigger_ui.py
[2024-03-26T06:21:09.705+0000] {logging_mixin.py:151} INFO - [2024-03-26T06:21:09.705+0000] {dag.py:2915} INFO - Sync 1 DAGs
[2024-03-26T06:21:09.719+0000] {logging_mixin.py:151} INFO - [2024-03-26T06:21:09.719+0000] {dag.py:3696} INFO - Setting next_dagrun for example_params_trigger_ui to None, run_after=None
[2024-03-26T06:21:09.752+0000] {processor.py:179} INFO - Processing /home/airflow/.local/lib/python3.8/site-packages/airflow/example_dags/example_params_trigger_ui.py took 0.130 seconds
[2024-03-26T06:21:40.557+0000] {processor.py:157} INFO - Started process (PID=1271) to work on /home/airflow/.local/lib/python3.8/site-packages/airflow/example_dags/example_params_trigger_ui.py
[2024-03-26T06:21:40.559+0000] {processor.py:829} INFO - Processing file /home/airflow/.local/lib/python3.8/site-packages/airflow/example_dags/example_params_trigger_ui.py for tasks to queue
[2024-03-26T06:21:40.562+0000] {logging_mixin.py:151} INFO - [2024-03-26T06:21:40.561+0000] {dagbag.py:539} INFO - Filling up the DagBag from /home/airflow/.local/lib/python3.8/site-packages/airflow/example_dags/example_params_trigger_ui.py
[2024-03-26T06:21:40.582+0000] {processor.py:839} INFO - DAG(s) dict_keys(['example_params_trigger_ui']) retrieved from /home/airflow/.local/lib/python3.8/site-packages/airflow/example_dags/example_params_trigger_ui.py
[2024-03-26T06:21:40.644+0000] {logging_mixin.py:151} INFO - [2024-03-26T06:21:40.644+0000] {dag.py:2915} INFO - Sync 1 DAGs
[2024-03-26T06:21:40.660+0000] {logging_mixin.py:151} INFO - [2024-03-26T06:21:40.659+0000] {dag.py:3696} INFO - Setting next_dagrun for example_params_trigger_ui to None, run_after=None
[2024-03-26T06:21:40.684+0000] {processor.py:179} INFO - Processing /home/airflow/.local/lib/python3.8/site-packages/airflow/example_dags/example_params_trigger_ui.py took 0.131 seconds
[2024-03-26T06:22:11.296+0000] {processor.py:157} INFO - Started process (PID=1325) to work on /home/airflow/.local/lib/python3.8/site-packages/airflow/example_dags/example_params_trigger_ui.py
[2024-03-26T06:22:11.298+0000] {processor.py:829} INFO - Processing file /home/airflow/.local/lib/python3.8/site-packages/airflow/example_dags/example_params_trigger_ui.py for tasks to queue
[2024-03-26T06:22:11.301+0000] {logging_mixin.py:151} INFO - [2024-03-26T06:22:11.301+0000] {dagbag.py:539} INFO - Filling up the DagBag from /home/airflow/.local/lib/python3.8/site-packages/airflow/example_dags/example_params_trigger_ui.py
[2024-03-26T06:22:11.320+0000] {processor.py:839} INFO - DAG(s) dict_keys(['example_params_trigger_ui']) retrieved from /home/airflow/.local/lib/python3.8/site-packages/airflow/example_dags/example_params_trigger_ui.py
[2024-03-26T06:22:11.379+0000] {logging_mixin.py:151} INFO - [2024-03-26T06:22:11.379+0000] {dag.py:2915} INFO - Sync 1 DAGs
[2024-03-26T06:22:11.392+0000] {logging_mixin.py:151} INFO - [2024-03-26T06:22:11.392+0000] {dag.py:3696} INFO - Setting next_dagrun for example_params_trigger_ui to None, run_after=None
[2024-03-26T06:22:11.425+0000] {processor.py:179} INFO - Processing /home/airflow/.local/lib/python3.8/site-packages/airflow/example_dags/example_params_trigger_ui.py took 0.134 seconds
[2024-03-26T06:22:41.890+0000] {processor.py:157} INFO - Started process (PID=1379) to work on /home/airflow/.local/lib/python3.8/site-packages/airflow/example_dags/example_params_trigger_ui.py
[2024-03-26T06:22:41.892+0000] {processor.py:829} INFO - Processing file /home/airflow/.local/lib/python3.8/site-packages/airflow/example_dags/example_params_trigger_ui.py for tasks to queue
[2024-03-26T06:22:41.894+0000] {logging_mixin.py:151} INFO - [2024-03-26T06:22:41.894+0000] {dagbag.py:539} INFO - Filling up the DagBag from /home/airflow/.local/lib/python3.8/site-packages/airflow/example_dags/example_params_trigger_ui.py
[2024-03-26T06:22:41.914+0000] {processor.py:839} INFO - DAG(s) dict_keys(['example_params_trigger_ui']) retrieved from /home/airflow/.local/lib/python3.8/site-packages/airflow/example_dags/example_params_trigger_ui.py
[2024-03-26T06:22:41.977+0000] {logging_mixin.py:151} INFO - [2024-03-26T06:22:41.977+0000] {dag.py:2915} INFO - Sync 1 DAGs
[2024-03-26T06:22:41.993+0000] {logging_mixin.py:151} INFO - [2024-03-26T06:22:41.993+0000] {dag.py:3696} INFO - Setting next_dagrun for example_params_trigger_ui to None, run_after=None
[2024-03-26T06:22:42.023+0000] {processor.py:179} INFO - Processing /home/airflow/.local/lib/python3.8/site-packages/airflow/example_dags/example_params_trigger_ui.py took 0.136 seconds
[2024-03-26T06:23:12.422+0000] {processor.py:157} INFO - Started process (PID=1433) to work on /home/airflow/.local/lib/python3.8/site-packages/airflow/example_dags/example_params_trigger_ui.py
[2024-03-26T06:23:12.424+0000] {processor.py:829} INFO - Processing file /home/airflow/.local/lib/python3.8/site-packages/airflow/example_dags/example_params_trigger_ui.py for tasks to queue
[2024-03-26T06:23:12.427+0000] {logging_mixin.py:151} INFO - [2024-03-26T06:23:12.427+0000] {dagbag.py:539} INFO - Filling up the DagBag from /home/airflow/.local/lib/python3.8/site-packages/airflow/example_dags/example_params_trigger_ui.py
[2024-03-26T06:23:12.446+0000] {processor.py:839} INFO - DAG(s) dict_keys(['example_params_trigger_ui']) retrieved from /home/airflow/.local/lib/python3.8/site-packages/airflow/example_dags/example_params_trigger_ui.py
[2024-03-26T06:23:12.505+0000] {logging_mixin.py:151} INFO - [2024-03-26T06:23:12.505+0000] {dag.py:2915} INFO - Sync 1 DAGs
[2024-03-26T06:23:12.518+0000] {logging_mixin.py:151} INFO - [2024-03-26T06:23:12.518+0000] {dag.py:3696} INFO - Setting next_dagrun for example_params_trigger_ui to None, run_after=None
[2024-03-26T06:23:12.552+0000] {processor.py:179} INFO - Processing /home/airflow/.local/lib/python3.8/site-packages/airflow/example_dags/example_params_trigger_ui.py took 0.133 seconds
[2024-03-26T06:23:43.068+0000] {processor.py:157} INFO - Started process (PID=1487) to work on /home/airflow/.local/lib/python3.8/site-packages/airflow/example_dags/example_params_trigger_ui.py
[2024-03-26T06:23:43.070+0000] {processor.py:829} INFO - Processing file /home/airflow/.local/lib/python3.8/site-packages/airflow/example_dags/example_params_trigger_ui.py for tasks to queue
[2024-03-26T06:23:43.073+0000] {logging_mixin.py:151} INFO - [2024-03-26T06:23:43.073+0000] {dagbag.py:539} INFO - Filling up the DagBag from /home/airflow/.local/lib/python3.8/site-packages/airflow/example_dags/example_params_trigger_ui.py
[2024-03-26T06:23:43.094+0000] {processor.py:839} INFO - DAG(s) dict_keys(['example_params_trigger_ui']) retrieved from /home/airflow/.local/lib/python3.8/site-packages/airflow/example_dags/example_params_trigger_ui.py
[2024-03-26T06:23:43.149+0000] {logging_mixin.py:151} INFO - [2024-03-26T06:23:43.149+0000] {dag.py:2915} INFO - Sync 1 DAGs
[2024-03-26T06:23:43.164+0000] {logging_mixin.py:151} INFO - [2024-03-26T06:23:43.163+0000] {dag.py:3696} INFO - Setting next_dagrun for example_params_trigger_ui to None, run_after=None
[2024-03-26T06:23:43.186+0000] {processor.py:179} INFO - Processing /home/airflow/.local/lib/python3.8/site-packages/airflow/example_dags/example_params_trigger_ui.py took 0.123 seconds
[2024-03-26T06:24:13.750+0000] {processor.py:157} INFO - Started process (PID=1541) to work on /home/airflow/.local/lib/python3.8/site-packages/airflow/example_dags/example_params_trigger_ui.py
[2024-03-26T06:24:13.751+0000] {processor.py:829} INFO - Processing file /home/airflow/.local/lib/python3.8/site-packages/airflow/example_dags/example_params_trigger_ui.py for tasks to queue
[2024-03-26T06:24:13.754+0000] {logging_mixin.py:151} INFO - [2024-03-26T06:24:13.754+0000] {dagbag.py:539} INFO - Filling up the DagBag from /home/airflow/.local/lib/python3.8/site-packages/airflow/example_dags/example_params_trigger_ui.py
[2024-03-26T06:24:13.773+0000] {processor.py:839} INFO - DAG(s) dict_keys(['example_params_trigger_ui']) retrieved from /home/airflow/.local/lib/python3.8/site-packages/airflow/example_dags/example_params_trigger_ui.py
[2024-03-26T06:24:13.832+0000] {logging_mixin.py:151} INFO - [2024-03-26T06:24:13.831+0000] {dag.py:2915} INFO - Sync 1 DAGs
[2024-03-26T06:24:13.845+0000] {logging_mixin.py:151} INFO - [2024-03-26T06:24:13.845+0000] {dag.py:3696} INFO - Setting next_dagrun for example_params_trigger_ui to None, run_after=None
[2024-03-26T06:24:13.881+0000] {processor.py:179} INFO - Processing /home/airflow/.local/lib/python3.8/site-packages/airflow/example_dags/example_params_trigger_ui.py took 0.134 seconds
[2024-03-26T06:24:44.348+0000] {processor.py:157} INFO - Started process (PID=1595) to work on /home/airflow/.local/lib/python3.8/site-packages/airflow/example_dags/example_params_trigger_ui.py
[2024-03-26T06:24:44.349+0000] {processor.py:829} INFO - Processing file /home/airflow/.local/lib/python3.8/site-packages/airflow/example_dags/example_params_trigger_ui.py for tasks to queue
[2024-03-26T06:24:44.353+0000] {logging_mixin.py:151} INFO - [2024-03-26T06:24:44.352+0000] {dagbag.py:539} INFO - Filling up the DagBag from /home/airflow/.local/lib/python3.8/site-packages/airflow/example_dags/example_params_trigger_ui.py
[2024-03-26T06:24:44.371+0000] {processor.py:839} INFO - DAG(s) dict_keys(['example_params_trigger_ui']) retrieved from /home/airflow/.local/lib/python3.8/site-packages/airflow/example_dags/example_params_trigger_ui.py
[2024-03-26T06:24:44.432+0000] {logging_mixin.py:151} INFO - [2024-03-26T06:24:44.432+0000] {dag.py:2915} INFO - Sync 1 DAGs
[2024-03-26T06:24:44.445+0000] {logging_mixin.py:151} INFO - [2024-03-26T06:24:44.445+0000] {dag.py:3696} INFO - Setting next_dagrun for example_params_trigger_ui to None, run_after=None
[2024-03-26T06:24:44.477+0000] {processor.py:179} INFO - Processing /home/airflow/.local/lib/python3.8/site-packages/airflow/example_dags/example_params_trigger_ui.py took 0.133 seconds
[2024-03-26T06:25:15.003+0000] {processor.py:157} INFO - Started process (PID=1649) to work on /home/airflow/.local/lib/python3.8/site-packages/airflow/example_dags/example_params_trigger_ui.py
[2024-03-26T06:25:15.005+0000] {processor.py:829} INFO - Processing file /home/airflow/.local/lib/python3.8/site-packages/airflow/example_dags/example_params_trigger_ui.py for tasks to queue
[2024-03-26T06:25:15.008+0000] {logging_mixin.py:151} INFO - [2024-03-26T06:25:15.007+0000] {dagbag.py:539} INFO - Filling up the DagBag from /home/airflow/.local/lib/python3.8/site-packages/airflow/example_dags/example_params_trigger_ui.py
[2024-03-26T06:25:15.025+0000] {processor.py:839} INFO - DAG(s) dict_keys(['example_params_trigger_ui']) retrieved from /home/airflow/.local/lib/python3.8/site-packages/airflow/example_dags/example_params_trigger_ui.py
[2024-03-26T06:25:15.088+0000] {logging_mixin.py:151} INFO - [2024-03-26T06:25:15.087+0000] {dag.py:2915} INFO - Sync 1 DAGs
[2024-03-26T06:25:15.103+0000] {logging_mixin.py:151} INFO - [2024-03-26T06:25:15.103+0000] {dag.py:3696} INFO - Setting next_dagrun for example_params_trigger_ui to None, run_after=None
[2024-03-26T06:25:15.127+0000] {processor.py:179} INFO - Processing /home/airflow/.local/lib/python3.8/site-packages/airflow/example_dags/example_params_trigger_ui.py took 0.129 seconds
[2024-03-26T06:25:45.460+0000] {processor.py:157} INFO - Started process (PID=1703) to work on /home/airflow/.local/lib/python3.8/site-packages/airflow/example_dags/example_params_trigger_ui.py
[2024-03-26T06:25:45.461+0000] {processor.py:829} INFO - Processing file /home/airflow/.local/lib/python3.8/site-packages/airflow/example_dags/example_params_trigger_ui.py for tasks to queue
[2024-03-26T06:25:45.464+0000] {logging_mixin.py:151} INFO - [2024-03-26T06:25:45.464+0000] {dagbag.py:539} INFO - Filling up the DagBag from /home/airflow/.local/lib/python3.8/site-packages/airflow/example_dags/example_params_trigger_ui.py
[2024-03-26T06:25:45.482+0000] {processor.py:839} INFO - DAG(s) dict_keys(['example_params_trigger_ui']) retrieved from /home/airflow/.local/lib/python3.8/site-packages/airflow/example_dags/example_params_trigger_ui.py
[2024-03-26T06:25:45.546+0000] {logging_mixin.py:151} INFO - [2024-03-26T06:25:45.546+0000] {dag.py:2915} INFO - Sync 1 DAGs
[2024-03-26T06:25:45.560+0000] {logging_mixin.py:151} INFO - [2024-03-26T06:25:45.560+0000] {dag.py:3696} INFO - Setting next_dagrun for example_params_trigger_ui to None, run_after=None
[2024-03-26T06:25:45.593+0000] {processor.py:179} INFO - Processing /home/airflow/.local/lib/python3.8/site-packages/airflow/example_dags/example_params_trigger_ui.py took 0.137 seconds
[2024-03-26T06:26:15.836+0000] {processor.py:157} INFO - Started process (PID=1757) to work on /home/airflow/.local/lib/python3.8/site-packages/airflow/example_dags/example_params_trigger_ui.py
[2024-03-26T06:26:15.838+0000] {processor.py:829} INFO - Processing file /home/airflow/.local/lib/python3.8/site-packages/airflow/example_dags/example_params_trigger_ui.py for tasks to queue
[2024-03-26T06:26:15.841+0000] {logging_mixin.py:151} INFO - [2024-03-26T06:26:15.841+0000] {dagbag.py:539} INFO - Filling up the DagBag from /home/airflow/.local/lib/python3.8/site-packages/airflow/example_dags/example_params_trigger_ui.py
[2024-03-26T06:26:15.859+0000] {processor.py:839} INFO - DAG(s) dict_keys(['example_params_trigger_ui']) retrieved from /home/airflow/.local/lib/python3.8/site-packages/airflow/example_dags/example_params_trigger_ui.py
[2024-03-26T06:26:15.920+0000] {logging_mixin.py:151} INFO - [2024-03-26T06:26:15.920+0000] {dag.py:2915} INFO - Sync 1 DAGs
[2024-03-26T06:26:15.934+0000] {logging_mixin.py:151} INFO - [2024-03-26T06:26:15.934+0000] {dag.py:3696} INFO - Setting next_dagrun for example_params_trigger_ui to None, run_after=None
[2024-03-26T06:26:15.966+0000] {processor.py:179} INFO - Processing /home/airflow/.local/lib/python3.8/site-packages/airflow/example_dags/example_params_trigger_ui.py took 0.133 seconds
[2024-03-26T06:26:46.514+0000] {processor.py:157} INFO - Started process (PID=1811) to work on /home/airflow/.local/lib/python3.8/site-packages/airflow/example_dags/example_params_trigger_ui.py
[2024-03-26T06:26:46.516+0000] {processor.py:829} INFO - Processing file /home/airflow/.local/lib/python3.8/site-packages/airflow/example_dags/example_params_trigger_ui.py for tasks to queue
[2024-03-26T06:26:46.519+0000] {logging_mixin.py:151} INFO - [2024-03-26T06:26:46.519+0000] {dagbag.py:539} INFO - Filling up the DagBag from /home/airflow/.local/lib/python3.8/site-packages/airflow/example_dags/example_params_trigger_ui.py
[2024-03-26T06:26:46.542+0000] {processor.py:839} INFO - DAG(s) dict_keys(['example_params_trigger_ui']) retrieved from /home/airflow/.local/lib/python3.8/site-packages/airflow/example_dags/example_params_trigger_ui.py
[2024-03-26T06:26:46.617+0000] {logging_mixin.py:151} INFO - [2024-03-26T06:26:46.617+0000] {dag.py:2915} INFO - Sync 1 DAGs
[2024-03-26T06:26:46.633+0000] {logging_mixin.py:151} INFO - [2024-03-26T06:26:46.633+0000] {dag.py:3696} INFO - Setting next_dagrun for example_params_trigger_ui to None, run_after=None
[2024-03-26T06:26:46.660+0000] {processor.py:179} INFO - Processing /home/airflow/.local/lib/python3.8/site-packages/airflow/example_dags/example_params_trigger_ui.py took 0.151 seconds
[2024-03-26T06:27:16.915+0000] {processor.py:157} INFO - Started process (PID=1865) to work on /home/airflow/.local/lib/python3.8/site-packages/airflow/example_dags/example_params_trigger_ui.py
[2024-03-26T06:27:16.917+0000] {processor.py:829} INFO - Processing file /home/airflow/.local/lib/python3.8/site-packages/airflow/example_dags/example_params_trigger_ui.py for tasks to queue
[2024-03-26T06:27:16.920+0000] {logging_mixin.py:151} INFO - [2024-03-26T06:27:16.919+0000] {dagbag.py:539} INFO - Filling up the DagBag from /home/airflow/.local/lib/python3.8/site-packages/airflow/example_dags/example_params_trigger_ui.py
[2024-03-26T06:27:16.943+0000] {processor.py:839} INFO - DAG(s) dict_keys(['example_params_trigger_ui']) retrieved from /home/airflow/.local/lib/python3.8/site-packages/airflow/example_dags/example_params_trigger_ui.py
[2024-03-26T06:27:17.018+0000] {logging_mixin.py:151} INFO - [2024-03-26T06:27:17.018+0000] {dag.py:2915} INFO - Sync 1 DAGs
[2024-03-26T06:27:17.035+0000] {logging_mixin.py:151} INFO - [2024-03-26T06:27:17.034+0000] {dag.py:3696} INFO - Setting next_dagrun for example_params_trigger_ui to None, run_after=None
[2024-03-26T06:27:17.074+0000] {processor.py:179} INFO - Processing /home/airflow/.local/lib/python3.8/site-packages/airflow/example_dags/example_params_trigger_ui.py took 0.163 seconds
[2024-03-26T06:27:47.545+0000] {processor.py:157} INFO - Started process (PID=1919) to work on /home/airflow/.local/lib/python3.8/site-packages/airflow/example_dags/example_params_trigger_ui.py
[2024-03-26T06:27:47.547+0000] {processor.py:829} INFO - Processing file /home/airflow/.local/lib/python3.8/site-packages/airflow/example_dags/example_params_trigger_ui.py for tasks to queue
[2024-03-26T06:27:47.550+0000] {logging_mixin.py:151} INFO - [2024-03-26T06:27:47.550+0000] {dagbag.py:539} INFO - Filling up the DagBag from /home/airflow/.local/lib/python3.8/site-packages/airflow/example_dags/example_params_trigger_ui.py
[2024-03-26T06:27:47.574+0000] {processor.py:839} INFO - DAG(s) dict_keys(['example_params_trigger_ui']) retrieved from /home/airflow/.local/lib/python3.8/site-packages/airflow/example_dags/example_params_trigger_ui.py
[2024-03-26T06:27:47.644+0000] {logging_mixin.py:151} INFO - [2024-03-26T06:27:47.644+0000] {dag.py:2915} INFO - Sync 1 DAGs
[2024-03-26T06:27:47.663+0000] {logging_mixin.py:151} INFO - [2024-03-26T06:27:47.662+0000] {dag.py:3696} INFO - Setting next_dagrun for example_params_trigger_ui to None, run_after=None
[2024-03-26T06:27:47.689+0000] {processor.py:179} INFO - Processing /home/airflow/.local/lib/python3.8/site-packages/airflow/example_dags/example_params_trigger_ui.py took 0.149 seconds
[2024-03-26T06:28:18.114+0000] {processor.py:157} INFO - Started process (PID=1973) to work on /home/airflow/.local/lib/python3.8/site-packages/airflow/example_dags/example_params_trigger_ui.py
[2024-03-26T06:28:18.116+0000] {processor.py:829} INFO - Processing file /home/airflow/.local/lib/python3.8/site-packages/airflow/example_dags/example_params_trigger_ui.py for tasks to queue
[2024-03-26T06:28:18.120+0000] {logging_mixin.py:151} INFO - [2024-03-26T06:28:18.120+0000] {dagbag.py:539} INFO - Filling up the DagBag from /home/airflow/.local/lib/python3.8/site-packages/airflow/example_dags/example_params_trigger_ui.py
[2024-03-26T06:28:18.146+0000] {processor.py:839} INFO - DAG(s) dict_keys(['example_params_trigger_ui']) retrieved from /home/airflow/.local/lib/python3.8/site-packages/airflow/example_dags/example_params_trigger_ui.py
[2024-03-26T06:28:18.211+0000] {logging_mixin.py:151} INFO - [2024-03-26T06:28:18.210+0000] {dag.py:2915} INFO - Sync 1 DAGs
[2024-03-26T06:28:18.227+0000] {logging_mixin.py:151} INFO - [2024-03-26T06:28:18.226+0000] {dag.py:3696} INFO - Setting next_dagrun for example_params_trigger_ui to None, run_after=None
[2024-03-26T06:28:18.265+0000] {processor.py:179} INFO - Processing /home/airflow/.local/lib/python3.8/site-packages/airflow/example_dags/example_params_trigger_ui.py took 0.157 seconds
[2024-03-26T06:28:48.421+0000] {processor.py:157} INFO - Started process (PID=2027) to work on /home/airflow/.local/lib/python3.8/site-packages/airflow/example_dags/example_params_trigger_ui.py
[2024-03-26T06:28:48.424+0000] {processor.py:829} INFO - Processing file /home/airflow/.local/lib/python3.8/site-packages/airflow/example_dags/example_params_trigger_ui.py for tasks to queue
[2024-03-26T06:28:48.427+0000] {logging_mixin.py:151} INFO - [2024-03-26T06:28:48.427+0000] {dagbag.py:539} INFO - Filling up the DagBag from /home/airflow/.local/lib/python3.8/site-packages/airflow/example_dags/example_params_trigger_ui.py
[2024-03-26T06:28:48.458+0000] {processor.py:839} INFO - DAG(s) dict_keys(['example_params_trigger_ui']) retrieved from /home/airflow/.local/lib/python3.8/site-packages/airflow/example_dags/example_params_trigger_ui.py
[2024-03-26T06:28:48.529+0000] {logging_mixin.py:151} INFO - [2024-03-26T06:28:48.528+0000] {dag.py:2915} INFO - Sync 1 DAGs
[2024-03-26T06:28:48.547+0000] {logging_mixin.py:151} INFO - [2024-03-26T06:28:48.547+0000] {dag.py:3696} INFO - Setting next_dagrun for example_params_trigger_ui to None, run_after=None
[2024-03-26T06:28:48.579+0000] {processor.py:179} INFO - Processing /home/airflow/.local/lib/python3.8/site-packages/airflow/example_dags/example_params_trigger_ui.py took 0.164 seconds
[2024-03-26T06:29:18.767+0000] {processor.py:157} INFO - Started process (PID=2081) to work on /home/airflow/.local/lib/python3.8/site-packages/airflow/example_dags/example_params_trigger_ui.py
[2024-03-26T06:29:18.769+0000] {processor.py:829} INFO - Processing file /home/airflow/.local/lib/python3.8/site-packages/airflow/example_dags/example_params_trigger_ui.py for tasks to queue
[2024-03-26T06:29:18.771+0000] {logging_mixin.py:151} INFO - [2024-03-26T06:29:18.771+0000] {dagbag.py:539} INFO - Filling up the DagBag from /home/airflow/.local/lib/python3.8/site-packages/airflow/example_dags/example_params_trigger_ui.py
[2024-03-26T06:29:18.788+0000] {processor.py:839} INFO - DAG(s) dict_keys(['example_params_trigger_ui']) retrieved from /home/airflow/.local/lib/python3.8/site-packages/airflow/example_dags/example_params_trigger_ui.py
[2024-03-26T06:29:18.850+0000] {logging_mixin.py:151} INFO - [2024-03-26T06:29:18.850+0000] {dag.py:2915} INFO - Sync 1 DAGs
[2024-03-26T06:29:18.864+0000] {logging_mixin.py:151} INFO - [2024-03-26T06:29:18.864+0000] {dag.py:3696} INFO - Setting next_dagrun for example_params_trigger_ui to None, run_after=None
[2024-03-26T06:29:18.898+0000] {processor.py:179} INFO - Processing /home/airflow/.local/lib/python3.8/site-packages/airflow/example_dags/example_params_trigger_ui.py took 0.134 seconds
[2024-03-26T06:29:49.921+0000] {processor.py:157} INFO - Started process (PID=2135) to work on /home/airflow/.local/lib/python3.8/site-packages/airflow/example_dags/example_params_trigger_ui.py
[2024-03-26T06:29:49.922+0000] {processor.py:829} INFO - Processing file /home/airflow/.local/lib/python3.8/site-packages/airflow/example_dags/example_params_trigger_ui.py for tasks to queue
[2024-03-26T06:29:49.926+0000] {logging_mixin.py:151} INFO - [2024-03-26T06:29:49.926+0000] {dagbag.py:539} INFO - Filling up the DagBag from /home/airflow/.local/lib/python3.8/site-packages/airflow/example_dags/example_params_trigger_ui.py
[2024-03-26T06:29:49.951+0000] {processor.py:839} INFO - DAG(s) dict_keys(['example_params_trigger_ui']) retrieved from /home/airflow/.local/lib/python3.8/site-packages/airflow/example_dags/example_params_trigger_ui.py
[2024-03-26T06:29:50.013+0000] {logging_mixin.py:151} INFO - [2024-03-26T06:29:50.013+0000] {dag.py:2915} INFO - Sync 1 DAGs
[2024-03-26T06:29:50.028+0000] {logging_mixin.py:151} INFO - [2024-03-26T06:29:50.028+0000] {dag.py:3696} INFO - Setting next_dagrun for example_params_trigger_ui to None, run_after=None
[2024-03-26T06:29:50.054+0000] {processor.py:179} INFO - Processing /home/airflow/.local/lib/python3.8/site-packages/airflow/example_dags/example_params_trigger_ui.py took 0.138 seconds
[2024-03-26T06:30:20.139+0000] {processor.py:157} INFO - Started process (PID=2189) to work on /home/airflow/.local/lib/python3.8/site-packages/airflow/example_dags/example_params_trigger_ui.py
[2024-03-26T06:30:20.141+0000] {processor.py:829} INFO - Processing file /home/airflow/.local/lib/python3.8/site-packages/airflow/example_dags/example_params_trigger_ui.py for tasks to queue
[2024-03-26T06:30:20.144+0000] {logging_mixin.py:151} INFO - [2024-03-26T06:30:20.144+0000] {dagbag.py:539} INFO - Filling up the DagBag from /home/airflow/.local/lib/python3.8/site-packages/airflow/example_dags/example_params_trigger_ui.py
[2024-03-26T06:30:20.166+0000] {processor.py:839} INFO - DAG(s) dict_keys(['example_params_trigger_ui']) retrieved from /home/airflow/.local/lib/python3.8/site-packages/airflow/example_dags/example_params_trigger_ui.py
[2024-03-26T06:30:20.240+0000] {logging_mixin.py:151} INFO - [2024-03-26T06:30:20.240+0000] {dag.py:2915} INFO - Sync 1 DAGs
[2024-03-26T06:30:20.256+0000] {logging_mixin.py:151} INFO - [2024-03-26T06:30:20.256+0000] {dag.py:3696} INFO - Setting next_dagrun for example_params_trigger_ui to None, run_after=None
[2024-03-26T06:30:20.300+0000] {processor.py:179} INFO - Processing /home/airflow/.local/lib/python3.8/site-packages/airflow/example_dags/example_params_trigger_ui.py took 0.164 seconds
[2024-03-26T06:30:50.384+0000] {processor.py:157} INFO - Started process (PID=2243) to work on /home/airflow/.local/lib/python3.8/site-packages/airflow/example_dags/example_params_trigger_ui.py
[2024-03-26T06:30:50.386+0000] {processor.py:829} INFO - Processing file /home/airflow/.local/lib/python3.8/site-packages/airflow/example_dags/example_params_trigger_ui.py for tasks to queue
[2024-03-26T06:30:50.390+0000] {logging_mixin.py:151} INFO - [2024-03-26T06:30:50.389+0000] {dagbag.py:539} INFO - Filling up the DagBag from /home/airflow/.local/lib/python3.8/site-packages/airflow/example_dags/example_params_trigger_ui.py
[2024-03-26T06:30:50.415+0000] {processor.py:839} INFO - DAG(s) dict_keys(['example_params_trigger_ui']) retrieved from /home/airflow/.local/lib/python3.8/site-packages/airflow/example_dags/example_params_trigger_ui.py
[2024-03-26T06:30:50.482+0000] {logging_mixin.py:151} INFO - [2024-03-26T06:30:50.482+0000] {dag.py:2915} INFO - Sync 1 DAGs
[2024-03-26T06:30:50.498+0000] {logging_mixin.py:151} INFO - [2024-03-26T06:30:50.498+0000] {dag.py:3696} INFO - Setting next_dagrun for example_params_trigger_ui to None, run_after=None
[2024-03-26T06:30:50.529+0000] {processor.py:179} INFO - Processing /home/airflow/.local/lib/python3.8/site-packages/airflow/example_dags/example_params_trigger_ui.py took 0.151 seconds
[2024-03-26T06:31:20.677+0000] {processor.py:157} INFO - Started process (PID=2297) to work on /home/airflow/.local/lib/python3.8/site-packages/airflow/example_dags/example_params_trigger_ui.py
[2024-03-26T06:31:20.679+0000] {processor.py:829} INFO - Processing file /home/airflow/.local/lib/python3.8/site-packages/airflow/example_dags/example_params_trigger_ui.py for tasks to queue
[2024-03-26T06:31:20.681+0000] {logging_mixin.py:151} INFO - [2024-03-26T06:31:20.681+0000] {dagbag.py:539} INFO - Filling up the DagBag from /home/airflow/.local/lib/python3.8/site-packages/airflow/example_dags/example_params_trigger_ui.py
[2024-03-26T06:31:20.709+0000] {processor.py:839} INFO - DAG(s) dict_keys(['example_params_trigger_ui']) retrieved from /home/airflow/.local/lib/python3.8/site-packages/airflow/example_dags/example_params_trigger_ui.py
[2024-03-26T06:31:20.781+0000] {logging_mixin.py:151} INFO - [2024-03-26T06:31:20.781+0000] {dag.py:2915} INFO - Sync 1 DAGs
[2024-03-26T06:31:20.797+0000] {logging_mixin.py:151} INFO - [2024-03-26T06:31:20.796+0000] {dag.py:3696} INFO - Setting next_dagrun for example_params_trigger_ui to None, run_after=None
[2024-03-26T06:31:20.833+0000] {processor.py:179} INFO - Processing /home/airflow/.local/lib/python3.8/site-packages/airflow/example_dags/example_params_trigger_ui.py took 0.160 seconds
[2024-03-26T06:31:50.954+0000] {processor.py:157} INFO - Started process (PID=2351) to work on /home/airflow/.local/lib/python3.8/site-packages/airflow/example_dags/example_params_trigger_ui.py
[2024-03-26T06:31:50.956+0000] {processor.py:829} INFO - Processing file /home/airflow/.local/lib/python3.8/site-packages/airflow/example_dags/example_params_trigger_ui.py for tasks to queue
[2024-03-26T06:31:50.958+0000] {logging_mixin.py:151} INFO - [2024-03-26T06:31:50.958+0000] {dagbag.py:539} INFO - Filling up the DagBag from /home/airflow/.local/lib/python3.8/site-packages/airflow/example_dags/example_params_trigger_ui.py
[2024-03-26T06:31:50.981+0000] {processor.py:839} INFO - DAG(s) dict_keys(['example_params_trigger_ui']) retrieved from /home/airflow/.local/lib/python3.8/site-packages/airflow/example_dags/example_params_trigger_ui.py
[2024-03-26T06:31:51.050+0000] {logging_mixin.py:151} INFO - [2024-03-26T06:31:51.049+0000] {dag.py:2915} INFO - Sync 1 DAGs
[2024-03-26T06:31:51.064+0000] {logging_mixin.py:151} INFO - [2024-03-26T06:31:51.064+0000] {dag.py:3696} INFO - Setting next_dagrun for example_params_trigger_ui to None, run_after=None
[2024-03-26T06:31:51.095+0000] {processor.py:179} INFO - Processing /home/airflow/.local/lib/python3.8/site-packages/airflow/example_dags/example_params_trigger_ui.py took 0.145 seconds
[2024-03-26T06:32:21.172+0000] {processor.py:157} INFO - Started process (PID=2405) to work on /home/airflow/.local/lib/python3.8/site-packages/airflow/example_dags/example_params_trigger_ui.py
[2024-03-26T06:32:21.173+0000] {processor.py:829} INFO - Processing file /home/airflow/.local/lib/python3.8/site-packages/airflow/example_dags/example_params_trigger_ui.py for tasks to queue
[2024-03-26T06:32:21.176+0000] {logging_mixin.py:151} INFO - [2024-03-26T06:32:21.176+0000] {dagbag.py:539} INFO - Filling up the DagBag from /home/airflow/.local/lib/python3.8/site-packages/airflow/example_dags/example_params_trigger_ui.py
[2024-03-26T06:32:21.196+0000] {processor.py:839} INFO - DAG(s) dict_keys(['example_params_trigger_ui']) retrieved from /home/airflow/.local/lib/python3.8/site-packages/airflow/example_dags/example_params_trigger_ui.py
[2024-03-26T06:32:21.256+0000] {logging_mixin.py:151} INFO - [2024-03-26T06:32:21.256+0000] {dag.py:2915} INFO - Sync 1 DAGs
[2024-03-26T06:32:21.270+0000] {logging_mixin.py:151} INFO - [2024-03-26T06:32:21.270+0000] {dag.py:3696} INFO - Setting next_dagrun for example_params_trigger_ui to None, run_after=None
[2024-03-26T06:32:21.307+0000] {processor.py:179} INFO - Processing /home/airflow/.local/lib/python3.8/site-packages/airflow/example_dags/example_params_trigger_ui.py took 0.139 seconds
[2024-03-26T06:32:51.756+0000] {processor.py:157} INFO - Started process (PID=2459) to work on /home/airflow/.local/lib/python3.8/site-packages/airflow/example_dags/example_params_trigger_ui.py
[2024-03-26T06:32:51.758+0000] {processor.py:829} INFO - Processing file /home/airflow/.local/lib/python3.8/site-packages/airflow/example_dags/example_params_trigger_ui.py for tasks to queue
[2024-03-26T06:32:51.762+0000] {logging_mixin.py:151} INFO - [2024-03-26T06:32:51.761+0000] {dagbag.py:539} INFO - Filling up the DagBag from /home/airflow/.local/lib/python3.8/site-packages/airflow/example_dags/example_params_trigger_ui.py
[2024-03-26T06:32:51.786+0000] {processor.py:839} INFO - DAG(s) dict_keys(['example_params_trigger_ui']) retrieved from /home/airflow/.local/lib/python3.8/site-packages/airflow/example_dags/example_params_trigger_ui.py
[2024-03-26T06:32:51.854+0000] {logging_mixin.py:151} INFO - [2024-03-26T06:32:51.854+0000] {dag.py:2915} INFO - Sync 1 DAGs
[2024-03-26T06:32:51.873+0000] {logging_mixin.py:151} INFO - [2024-03-26T06:32:51.872+0000] {dag.py:3696} INFO - Setting next_dagrun for example_params_trigger_ui to None, run_after=None
[2024-03-26T06:32:51.910+0000] {processor.py:179} INFO - Processing /home/airflow/.local/lib/python3.8/site-packages/airflow/example_dags/example_params_trigger_ui.py took 0.158 seconds
[2024-03-26T06:33:22.078+0000] {processor.py:157} INFO - Started process (PID=2513) to work on /home/airflow/.local/lib/python3.8/site-packages/airflow/example_dags/example_params_trigger_ui.py
[2024-03-26T06:33:22.080+0000] {processor.py:829} INFO - Processing file /home/airflow/.local/lib/python3.8/site-packages/airflow/example_dags/example_params_trigger_ui.py for tasks to queue
[2024-03-26T06:33:22.084+0000] {logging_mixin.py:151} INFO - [2024-03-26T06:33:22.083+0000] {dagbag.py:539} INFO - Filling up the DagBag from /home/airflow/.local/lib/python3.8/site-packages/airflow/example_dags/example_params_trigger_ui.py
[2024-03-26T06:33:22.108+0000] {processor.py:839} INFO - DAG(s) dict_keys(['example_params_trigger_ui']) retrieved from /home/airflow/.local/lib/python3.8/site-packages/airflow/example_dags/example_params_trigger_ui.py
[2024-03-26T06:33:22.175+0000] {logging_mixin.py:151} INFO - [2024-03-26T06:33:22.175+0000] {dag.py:2915} INFO - Sync 1 DAGs
[2024-03-26T06:33:22.193+0000] {logging_mixin.py:151} INFO - [2024-03-26T06:33:22.193+0000] {dag.py:3696} INFO - Setting next_dagrun for example_params_trigger_ui to None, run_after=None
[2024-03-26T06:33:22.232+0000] {processor.py:179} INFO - Processing /home/airflow/.local/lib/python3.8/site-packages/airflow/example_dags/example_params_trigger_ui.py took 0.158 seconds
[2024-03-26T06:33:52.949+0000] {processor.py:157} INFO - Started process (PID=2567) to work on /home/airflow/.local/lib/python3.8/site-packages/airflow/example_dags/example_params_trigger_ui.py
[2024-03-26T06:33:52.951+0000] {processor.py:829} INFO - Processing file /home/airflow/.local/lib/python3.8/site-packages/airflow/example_dags/example_params_trigger_ui.py for tasks to queue
[2024-03-26T06:33:52.955+0000] {logging_mixin.py:151} INFO - [2024-03-26T06:33:52.954+0000] {dagbag.py:539} INFO - Filling up the DagBag from /home/airflow/.local/lib/python3.8/site-packages/airflow/example_dags/example_params_trigger_ui.py
[2024-03-26T06:33:52.978+0000] {processor.py:839} INFO - DAG(s) dict_keys(['example_params_trigger_ui']) retrieved from /home/airflow/.local/lib/python3.8/site-packages/airflow/example_dags/example_params_trigger_ui.py
[2024-03-26T06:33:53.049+0000] {logging_mixin.py:151} INFO - [2024-03-26T06:33:53.049+0000] {dag.py:2915} INFO - Sync 1 DAGs
[2024-03-26T06:33:53.067+0000] {logging_mixin.py:151} INFO - [2024-03-26T06:33:53.067+0000] {dag.py:3696} INFO - Setting next_dagrun for example_params_trigger_ui to None, run_after=None
[2024-03-26T06:33:53.095+0000] {processor.py:179} INFO - Processing /home/airflow/.local/lib/python3.8/site-packages/airflow/example_dags/example_params_trigger_ui.py took 0.151 seconds
