[2024-03-26T06:04:05.572+0000] {processor.py:157} INFO - Started process (PID=62) to work on /home/airflow/.local/lib/python3.8/site-packages/airflow/example_dags/example_local_kubernetes_executor.py
[2024-03-26T06:04:05.576+0000] {processor.py:829} INFO - Processing file /home/airflow/.local/lib/python3.8/site-packages/airflow/example_dags/example_local_kubernetes_executor.py for tasks to queue
[2024-03-26T06:04:05.581+0000] {logging_mixin.py:151} INFO - [2024-03-26T06:04:05.580+0000] {dagbag.py:539} INFO - Filling up the DagBag from /home/airflow/.local/lib/python3.8/site-packages/airflow/example_dags/example_local_kubernetes_executor.py
[2024-03-26T06:04:10.066+0000] {processor.py:839} INFO - DAG(s) dict_keys(['example_local_kubernetes_executor']) retrieved from /home/airflow/.local/lib/python3.8/site-packages/airflow/example_dags/example_local_kubernetes_executor.py
[2024-03-26T06:04:10.972+0000] {logging_mixin.py:151} INFO - [2024-03-26T06:04:10.971+0000] {manager.py:499} INFO - Created Permission View: %s
[2024-03-26T06:04:11.030+0000] {logging_mixin.py:151} INFO - [2024-03-26T06:04:11.030+0000] {manager.py:499} INFO - Created Permission View: %s
[2024-03-26T06:04:11.054+0000] {logging_mixin.py:151} INFO - [2024-03-26T06:04:11.053+0000] {manager.py:499} INFO - Created Permission View: %s
[2024-03-26T06:04:11.057+0000] {logging_mixin.py:151} INFO - [2024-03-26T06:04:11.055+0000] {security.py:708} INFO - Not syncing DAG-level permissions for DAG 'DAG:example_local_kubernetes_executor' as access control is unset.
[2024-03-26T06:04:11.059+0000] {logging_mixin.py:151} INFO - [2024-03-26T06:04:11.058+0000] {dag.py:2915} INFO - Sync 1 DAGs
[2024-03-26T06:04:11.093+0000] {logging_mixin.py:151} INFO - [2024-03-26T06:04:11.093+0000] {dag.py:2937} INFO - Creating ORM DAG for example_local_kubernetes_executor
[2024-03-26T06:04:11.095+0000] {logging_mixin.py:151} INFO - [2024-03-26T06:04:11.095+0000] {dag.py:3696} INFO - Setting next_dagrun for example_local_kubernetes_executor to None, run_after=None
[2024-03-26T06:04:11.157+0000] {processor.py:179} INFO - Processing /home/airflow/.local/lib/python3.8/site-packages/airflow/example_dags/example_local_kubernetes_executor.py took 5.592 seconds
[2024-03-26T06:04:42.156+0000] {processor.py:157} INFO - Started process (PID=119) to work on /home/airflow/.local/lib/python3.8/site-packages/airflow/example_dags/example_local_kubernetes_executor.py
[2024-03-26T06:04:42.196+0000] {processor.py:829} INFO - Processing file /home/airflow/.local/lib/python3.8/site-packages/airflow/example_dags/example_local_kubernetes_executor.py for tasks to queue
[2024-03-26T06:04:42.201+0000] {logging_mixin.py:151} INFO - [2024-03-26T06:04:42.200+0000] {dagbag.py:539} INFO - Filling up the DagBag from /home/airflow/.local/lib/python3.8/site-packages/airflow/example_dags/example_local_kubernetes_executor.py
[2024-03-26T06:04:43.724+0000] {processor.py:839} INFO - DAG(s) dict_keys(['example_local_kubernetes_executor']) retrieved from /home/airflow/.local/lib/python3.8/site-packages/airflow/example_dags/example_local_kubernetes_executor.py
[2024-03-26T06:04:43.809+0000] {logging_mixin.py:151} INFO - [2024-03-26T06:04:43.807+0000] {dag.py:2915} INFO - Sync 1 DAGs
[2024-03-26T06:04:43.837+0000] {logging_mixin.py:151} INFO - [2024-03-26T06:04:43.837+0000] {dag.py:3696} INFO - Setting next_dagrun for example_local_kubernetes_executor to None, run_after=None
[2024-03-26T06:04:43.970+0000] {processor.py:179} INFO - Processing /home/airflow/.local/lib/python3.8/site-packages/airflow/example_dags/example_local_kubernetes_executor.py took 1.819 seconds
[2024-03-26T06:05:14.053+0000] {processor.py:157} INFO - Started process (PID=173) to work on /home/airflow/.local/lib/python3.8/site-packages/airflow/example_dags/example_local_kubernetes_executor.py
[2024-03-26T06:05:14.055+0000] {processor.py:829} INFO - Processing file /home/airflow/.local/lib/python3.8/site-packages/airflow/example_dags/example_local_kubernetes_executor.py for tasks to queue
[2024-03-26T06:05:14.059+0000] {logging_mixin.py:151} INFO - [2024-03-26T06:05:14.058+0000] {dagbag.py:539} INFO - Filling up the DagBag from /home/airflow/.local/lib/python3.8/site-packages/airflow/example_dags/example_local_kubernetes_executor.py
[2024-03-26T06:05:14.414+0000] {processor.py:839} INFO - DAG(s) dict_keys(['example_local_kubernetes_executor']) retrieved from /home/airflow/.local/lib/python3.8/site-packages/airflow/example_dags/example_local_kubernetes_executor.py
[2024-03-26T06:05:14.457+0000] {logging_mixin.py:151} INFO - [2024-03-26T06:05:14.457+0000] {dag.py:2915} INFO - Sync 1 DAGs
[2024-03-26T06:05:14.475+0000] {logging_mixin.py:151} INFO - [2024-03-26T06:05:14.474+0000] {dag.py:3696} INFO - Setting next_dagrun for example_local_kubernetes_executor to None, run_after=None
[2024-03-26T06:05:14.505+0000] {processor.py:179} INFO - Processing /home/airflow/.local/lib/python3.8/site-packages/airflow/example_dags/example_local_kubernetes_executor.py took 0.457 seconds
[2024-03-26T06:05:45.444+0000] {processor.py:157} INFO - Started process (PID=227) to work on /home/airflow/.local/lib/python3.8/site-packages/airflow/example_dags/example_local_kubernetes_executor.py
[2024-03-26T06:05:45.446+0000] {processor.py:829} INFO - Processing file /home/airflow/.local/lib/python3.8/site-packages/airflow/example_dags/example_local_kubernetes_executor.py for tasks to queue
[2024-03-26T06:05:45.451+0000] {logging_mixin.py:151} INFO - [2024-03-26T06:05:45.450+0000] {dagbag.py:539} INFO - Filling up the DagBag from /home/airflow/.local/lib/python3.8/site-packages/airflow/example_dags/example_local_kubernetes_executor.py
[2024-03-26T06:05:47.323+0000] {processor.py:839} INFO - DAG(s) dict_keys(['example_local_kubernetes_executor']) retrieved from /home/airflow/.local/lib/python3.8/site-packages/airflow/example_dags/example_local_kubernetes_executor.py
[2024-03-26T06:05:47.392+0000] {logging_mixin.py:151} INFO - [2024-03-26T06:05:47.391+0000] {dag.py:2915} INFO - Sync 1 DAGs
[2024-03-26T06:05:47.419+0000] {logging_mixin.py:151} INFO - [2024-03-26T06:05:47.419+0000] {dag.py:3696} INFO - Setting next_dagrun for example_local_kubernetes_executor to None, run_after=None
[2024-03-26T06:05:47.472+0000] {processor.py:179} INFO - Processing /home/airflow/.local/lib/python3.8/site-packages/airflow/example_dags/example_local_kubernetes_executor.py took 2.034 seconds
[2024-03-26T06:06:18.295+0000] {processor.py:157} INFO - Started process (PID=281) to work on /home/airflow/.local/lib/python3.8/site-packages/airflow/example_dags/example_local_kubernetes_executor.py
[2024-03-26T06:06:18.297+0000] {processor.py:829} INFO - Processing file /home/airflow/.local/lib/python3.8/site-packages/airflow/example_dags/example_local_kubernetes_executor.py for tasks to queue
[2024-03-26T06:06:18.302+0000] {logging_mixin.py:151} INFO - [2024-03-26T06:06:18.302+0000] {dagbag.py:539} INFO - Filling up the DagBag from /home/airflow/.local/lib/python3.8/site-packages/airflow/example_dags/example_local_kubernetes_executor.py
[2024-03-26T06:06:19.353+0000] {processor.py:839} INFO - DAG(s) dict_keys(['example_local_kubernetes_executor']) retrieved from /home/airflow/.local/lib/python3.8/site-packages/airflow/example_dags/example_local_kubernetes_executor.py
[2024-03-26T06:06:19.479+0000] {logging_mixin.py:151} INFO - [2024-03-26T06:06:19.476+0000] {dag.py:2915} INFO - Sync 1 DAGs
[2024-03-26T06:06:19.548+0000] {logging_mixin.py:151} INFO - [2024-03-26T06:06:19.548+0000] {dag.py:3696} INFO - Setting next_dagrun for example_local_kubernetes_executor to None, run_after=None
[2024-03-26T06:06:19.590+0000] {processor.py:179} INFO - Processing /home/airflow/.local/lib/python3.8/site-packages/airflow/example_dags/example_local_kubernetes_executor.py took 1.303 seconds
[2024-03-26T06:06:50.184+0000] {processor.py:157} INFO - Started process (PID=342) to work on /home/airflow/.local/lib/python3.8/site-packages/airflow/example_dags/example_local_kubernetes_executor.py
[2024-03-26T06:06:50.188+0000] {processor.py:829} INFO - Processing file /home/airflow/.local/lib/python3.8/site-packages/airflow/example_dags/example_local_kubernetes_executor.py for tasks to queue
[2024-03-26T06:06:50.196+0000] {logging_mixin.py:151} INFO - [2024-03-26T06:06:50.193+0000] {dagbag.py:539} INFO - Filling up the DagBag from /home/airflow/.local/lib/python3.8/site-packages/airflow/example_dags/example_local_kubernetes_executor.py
[2024-03-26T06:06:52.242+0000] {processor.py:839} INFO - DAG(s) dict_keys(['example_local_kubernetes_executor']) retrieved from /home/airflow/.local/lib/python3.8/site-packages/airflow/example_dags/example_local_kubernetes_executor.py
[2024-03-26T06:06:52.467+0000] {logging_mixin.py:151} INFO - [2024-03-26T06:06:52.465+0000] {dag.py:2915} INFO - Sync 1 DAGs
[2024-03-26T06:06:52.599+0000] {logging_mixin.py:151} INFO - [2024-03-26T06:06:52.599+0000] {dag.py:3696} INFO - Setting next_dagrun for example_local_kubernetes_executor to None, run_after=None
[2024-03-26T06:06:52.730+0000] {processor.py:179} INFO - Processing /home/airflow/.local/lib/python3.8/site-packages/airflow/example_dags/example_local_kubernetes_executor.py took 2.551 seconds
[2024-03-26T06:07:23.451+0000] {processor.py:157} INFO - Started process (PID=396) to work on /home/airflow/.local/lib/python3.8/site-packages/airflow/example_dags/example_local_kubernetes_executor.py
[2024-03-26T06:07:23.457+0000] {processor.py:829} INFO - Processing file /home/airflow/.local/lib/python3.8/site-packages/airflow/example_dags/example_local_kubernetes_executor.py for tasks to queue
[2024-03-26T06:07:23.470+0000] {logging_mixin.py:151} INFO - [2024-03-26T06:07:23.469+0000] {dagbag.py:539} INFO - Filling up the DagBag from /home/airflow/.local/lib/python3.8/site-packages/airflow/example_dags/example_local_kubernetes_executor.py
[2024-03-26T06:07:24.501+0000] {processor.py:839} INFO - DAG(s) dict_keys(['example_local_kubernetes_executor']) retrieved from /home/airflow/.local/lib/python3.8/site-packages/airflow/example_dags/example_local_kubernetes_executor.py
[2024-03-26T06:07:24.615+0000] {logging_mixin.py:151} INFO - [2024-03-26T06:07:24.614+0000] {dag.py:2915} INFO - Sync 1 DAGs
[2024-03-26T06:07:24.657+0000] {logging_mixin.py:151} INFO - [2024-03-26T06:07:24.657+0000] {dag.py:3696} INFO - Setting next_dagrun for example_local_kubernetes_executor to None, run_after=None
[2024-03-26T06:07:24.703+0000] {processor.py:179} INFO - Processing /home/airflow/.local/lib/python3.8/site-packages/airflow/example_dags/example_local_kubernetes_executor.py took 1.266 seconds
[2024-03-26T06:07:55.289+0000] {processor.py:157} INFO - Started process (PID=450) to work on /home/airflow/.local/lib/python3.8/site-packages/airflow/example_dags/example_local_kubernetes_executor.py
[2024-03-26T06:07:55.291+0000] {processor.py:829} INFO - Processing file /home/airflow/.local/lib/python3.8/site-packages/airflow/example_dags/example_local_kubernetes_executor.py for tasks to queue
[2024-03-26T06:07:55.294+0000] {logging_mixin.py:151} INFO - [2024-03-26T06:07:55.294+0000] {dagbag.py:539} INFO - Filling up the DagBag from /home/airflow/.local/lib/python3.8/site-packages/airflow/example_dags/example_local_kubernetes_executor.py
[2024-03-26T06:07:55.564+0000] {processor.py:839} INFO - DAG(s) dict_keys(['example_local_kubernetes_executor']) retrieved from /home/airflow/.local/lib/python3.8/site-packages/airflow/example_dags/example_local_kubernetes_executor.py
[2024-03-26T06:07:55.605+0000] {logging_mixin.py:151} INFO - [2024-03-26T06:07:55.604+0000] {dag.py:2915} INFO - Sync 1 DAGs
[2024-03-26T06:07:55.619+0000] {logging_mixin.py:151} INFO - [2024-03-26T06:07:55.618+0000] {dag.py:3696} INFO - Setting next_dagrun for example_local_kubernetes_executor to None, run_after=None
[2024-03-26T06:07:55.643+0000] {processor.py:179} INFO - Processing /home/airflow/.local/lib/python3.8/site-packages/airflow/example_dags/example_local_kubernetes_executor.py took 0.362 seconds
[2024-03-26T06:08:25.860+0000] {processor.py:157} INFO - Started process (PID=504) to work on /home/airflow/.local/lib/python3.8/site-packages/airflow/example_dags/example_local_kubernetes_executor.py
[2024-03-26T06:08:25.861+0000] {processor.py:829} INFO - Processing file /home/airflow/.local/lib/python3.8/site-packages/airflow/example_dags/example_local_kubernetes_executor.py for tasks to queue
[2024-03-26T06:08:25.865+0000] {logging_mixin.py:151} INFO - [2024-03-26T06:08:25.865+0000] {dagbag.py:539} INFO - Filling up the DagBag from /home/airflow/.local/lib/python3.8/site-packages/airflow/example_dags/example_local_kubernetes_executor.py
[2024-03-26T06:08:26.180+0000] {processor.py:839} INFO - DAG(s) dict_keys(['example_local_kubernetes_executor']) retrieved from /home/airflow/.local/lib/python3.8/site-packages/airflow/example_dags/example_local_kubernetes_executor.py
[2024-03-26T06:08:26.232+0000] {logging_mixin.py:151} INFO - [2024-03-26T06:08:26.229+0000] {dag.py:2915} INFO - Sync 1 DAGs
[2024-03-26T06:08:26.256+0000] {logging_mixin.py:151} INFO - [2024-03-26T06:08:26.256+0000] {dag.py:3696} INFO - Setting next_dagrun for example_local_kubernetes_executor to None, run_after=None
[2024-03-26T06:08:26.293+0000] {processor.py:179} INFO - Processing /home/airflow/.local/lib/python3.8/site-packages/airflow/example_dags/example_local_kubernetes_executor.py took 0.437 seconds
[2024-03-26T06:08:56.355+0000] {processor.py:157} INFO - Started process (PID=558) to work on /home/airflow/.local/lib/python3.8/site-packages/airflow/example_dags/example_local_kubernetes_executor.py
[2024-03-26T06:08:56.357+0000] {processor.py:829} INFO - Processing file /home/airflow/.local/lib/python3.8/site-packages/airflow/example_dags/example_local_kubernetes_executor.py for tasks to queue
[2024-03-26T06:08:56.360+0000] {logging_mixin.py:151} INFO - [2024-03-26T06:08:56.360+0000] {dagbag.py:539} INFO - Filling up the DagBag from /home/airflow/.local/lib/python3.8/site-packages/airflow/example_dags/example_local_kubernetes_executor.py
[2024-03-26T06:08:56.648+0000] {processor.py:839} INFO - DAG(s) dict_keys(['example_local_kubernetes_executor']) retrieved from /home/airflow/.local/lib/python3.8/site-packages/airflow/example_dags/example_local_kubernetes_executor.py
[2024-03-26T06:08:56.684+0000] {logging_mixin.py:151} INFO - [2024-03-26T06:08:56.684+0000] {dag.py:2915} INFO - Sync 1 DAGs
[2024-03-26T06:08:56.698+0000] {logging_mixin.py:151} INFO - [2024-03-26T06:08:56.697+0000] {dag.py:3696} INFO - Setting next_dagrun for example_local_kubernetes_executor to None, run_after=None
[2024-03-26T06:08:56.724+0000] {processor.py:179} INFO - Processing /home/airflow/.local/lib/python3.8/site-packages/airflow/example_dags/example_local_kubernetes_executor.py took 0.372 seconds
[2024-03-26T06:09:27.693+0000] {processor.py:157} INFO - Started process (PID=612) to work on /home/airflow/.local/lib/python3.8/site-packages/airflow/example_dags/example_local_kubernetes_executor.py
[2024-03-26T06:09:27.696+0000] {processor.py:829} INFO - Processing file /home/airflow/.local/lib/python3.8/site-packages/airflow/example_dags/example_local_kubernetes_executor.py for tasks to queue
[2024-03-26T06:09:27.698+0000] {logging_mixin.py:151} INFO - [2024-03-26T06:09:27.698+0000] {dagbag.py:539} INFO - Filling up the DagBag from /home/airflow/.local/lib/python3.8/site-packages/airflow/example_dags/example_local_kubernetes_executor.py
[2024-03-26T06:09:27.979+0000] {processor.py:839} INFO - DAG(s) dict_keys(['example_local_kubernetes_executor']) retrieved from /home/airflow/.local/lib/python3.8/site-packages/airflow/example_dags/example_local_kubernetes_executor.py
[2024-03-26T06:09:28.022+0000] {logging_mixin.py:151} INFO - [2024-03-26T06:09:28.021+0000] {dag.py:2915} INFO - Sync 1 DAGs
[2024-03-26T06:09:28.043+0000] {logging_mixin.py:151} INFO - [2024-03-26T06:09:28.043+0000] {dag.py:3696} INFO - Setting next_dagrun for example_local_kubernetes_executor to None, run_after=None
[2024-03-26T06:09:28.075+0000] {processor.py:179} INFO - Processing /home/airflow/.local/lib/python3.8/site-packages/airflow/example_dags/example_local_kubernetes_executor.py took 0.387 seconds
[2024-03-26T06:09:58.342+0000] {processor.py:157} INFO - Started process (PID=666) to work on /home/airflow/.local/lib/python3.8/site-packages/airflow/example_dags/example_local_kubernetes_executor.py
[2024-03-26T06:09:58.344+0000] {processor.py:829} INFO - Processing file /home/airflow/.local/lib/python3.8/site-packages/airflow/example_dags/example_local_kubernetes_executor.py for tasks to queue
[2024-03-26T06:09:58.348+0000] {logging_mixin.py:151} INFO - [2024-03-26T06:09:58.348+0000] {dagbag.py:539} INFO - Filling up the DagBag from /home/airflow/.local/lib/python3.8/site-packages/airflow/example_dags/example_local_kubernetes_executor.py
[2024-03-26T06:09:58.598+0000] {processor.py:839} INFO - DAG(s) dict_keys(['example_local_kubernetes_executor']) retrieved from /home/airflow/.local/lib/python3.8/site-packages/airflow/example_dags/example_local_kubernetes_executor.py
[2024-03-26T06:09:58.639+0000] {logging_mixin.py:151} INFO - [2024-03-26T06:09:58.638+0000] {dag.py:2915} INFO - Sync 1 DAGs
[2024-03-26T06:09:58.652+0000] {logging_mixin.py:151} INFO - [2024-03-26T06:09:58.652+0000] {dag.py:3696} INFO - Setting next_dagrun for example_local_kubernetes_executor to None, run_after=None
[2024-03-26T06:09:58.683+0000] {processor.py:179} INFO - Processing /home/airflow/.local/lib/python3.8/site-packages/airflow/example_dags/example_local_kubernetes_executor.py took 0.344 seconds
[2024-03-26T06:10:28.856+0000] {processor.py:157} INFO - Started process (PID=720) to work on /home/airflow/.local/lib/python3.8/site-packages/airflow/example_dags/example_local_kubernetes_executor.py
[2024-03-26T06:10:28.858+0000] {processor.py:829} INFO - Processing file /home/airflow/.local/lib/python3.8/site-packages/airflow/example_dags/example_local_kubernetes_executor.py for tasks to queue
[2024-03-26T06:10:28.860+0000] {logging_mixin.py:151} INFO - [2024-03-26T06:10:28.860+0000] {dagbag.py:539} INFO - Filling up the DagBag from /home/airflow/.local/lib/python3.8/site-packages/airflow/example_dags/example_local_kubernetes_executor.py
[2024-03-26T06:10:29.128+0000] {processor.py:839} INFO - DAG(s) dict_keys(['example_local_kubernetes_executor']) retrieved from /home/airflow/.local/lib/python3.8/site-packages/airflow/example_dags/example_local_kubernetes_executor.py
[2024-03-26T06:10:29.166+0000] {logging_mixin.py:151} INFO - [2024-03-26T06:10:29.166+0000] {dag.py:2915} INFO - Sync 1 DAGs
[2024-03-26T06:10:29.181+0000] {logging_mixin.py:151} INFO - [2024-03-26T06:10:29.181+0000] {dag.py:3696} INFO - Setting next_dagrun for example_local_kubernetes_executor to None, run_after=None
[2024-03-26T06:10:29.205+0000] {processor.py:179} INFO - Processing /home/airflow/.local/lib/python3.8/site-packages/airflow/example_dags/example_local_kubernetes_executor.py took 0.355 seconds
[2024-03-26T06:10:59.419+0000] {processor.py:157} INFO - Started process (PID=774) to work on /home/airflow/.local/lib/python3.8/site-packages/airflow/example_dags/example_local_kubernetes_executor.py
[2024-03-26T06:10:59.421+0000] {processor.py:829} INFO - Processing file /home/airflow/.local/lib/python3.8/site-packages/airflow/example_dags/example_local_kubernetes_executor.py for tasks to queue
[2024-03-26T06:10:59.424+0000] {logging_mixin.py:151} INFO - [2024-03-26T06:10:59.423+0000] {dagbag.py:539} INFO - Filling up the DagBag from /home/airflow/.local/lib/python3.8/site-packages/airflow/example_dags/example_local_kubernetes_executor.py
[2024-03-26T06:10:59.684+0000] {processor.py:839} INFO - DAG(s) dict_keys(['example_local_kubernetes_executor']) retrieved from /home/airflow/.local/lib/python3.8/site-packages/airflow/example_dags/example_local_kubernetes_executor.py
[2024-03-26T06:10:59.721+0000] {logging_mixin.py:151} INFO - [2024-03-26T06:10:59.721+0000] {dag.py:2915} INFO - Sync 1 DAGs
[2024-03-26T06:10:59.736+0000] {logging_mixin.py:151} INFO - [2024-03-26T06:10:59.736+0000] {dag.py:3696} INFO - Setting next_dagrun for example_local_kubernetes_executor to None, run_after=None
[2024-03-26T06:10:59.761+0000] {processor.py:179} INFO - Processing /home/airflow/.local/lib/python3.8/site-packages/airflow/example_dags/example_local_kubernetes_executor.py took 0.345 seconds
[2024-03-26T06:11:30.209+0000] {processor.py:157} INFO - Started process (PID=828) to work on /home/airflow/.local/lib/python3.8/site-packages/airflow/example_dags/example_local_kubernetes_executor.py
[2024-03-26T06:11:30.211+0000] {processor.py:829} INFO - Processing file /home/airflow/.local/lib/python3.8/site-packages/airflow/example_dags/example_local_kubernetes_executor.py for tasks to queue
[2024-03-26T06:11:30.215+0000] {logging_mixin.py:151} INFO - [2024-03-26T06:11:30.215+0000] {dagbag.py:539} INFO - Filling up the DagBag from /home/airflow/.local/lib/python3.8/site-packages/airflow/example_dags/example_local_kubernetes_executor.py
[2024-03-26T06:11:30.473+0000] {processor.py:839} INFO - DAG(s) dict_keys(['example_local_kubernetes_executor']) retrieved from /home/airflow/.local/lib/python3.8/site-packages/airflow/example_dags/example_local_kubernetes_executor.py
[2024-03-26T06:11:30.519+0000] {logging_mixin.py:151} INFO - [2024-03-26T06:11:30.518+0000] {dag.py:2915} INFO - Sync 1 DAGs
[2024-03-26T06:11:30.536+0000] {logging_mixin.py:151} INFO - [2024-03-26T06:11:30.536+0000] {dag.py:3696} INFO - Setting next_dagrun for example_local_kubernetes_executor to None, run_after=None
[2024-03-26T06:11:30.568+0000] {processor.py:179} INFO - Processing /home/airflow/.local/lib/python3.8/site-packages/airflow/example_dags/example_local_kubernetes_executor.py took 0.364 seconds
[2024-03-26T06:12:01.412+0000] {processor.py:157} INFO - Started process (PID=882) to work on /home/airflow/.local/lib/python3.8/site-packages/airflow/example_dags/example_local_kubernetes_executor.py
[2024-03-26T06:12:01.413+0000] {processor.py:829} INFO - Processing file /home/airflow/.local/lib/python3.8/site-packages/airflow/example_dags/example_local_kubernetes_executor.py for tasks to queue
[2024-03-26T06:12:01.417+0000] {logging_mixin.py:151} INFO - [2024-03-26T06:12:01.416+0000] {dagbag.py:539} INFO - Filling up the DagBag from /home/airflow/.local/lib/python3.8/site-packages/airflow/example_dags/example_local_kubernetes_executor.py
[2024-03-26T06:12:01.690+0000] {processor.py:839} INFO - DAG(s) dict_keys(['example_local_kubernetes_executor']) retrieved from /home/airflow/.local/lib/python3.8/site-packages/airflow/example_dags/example_local_kubernetes_executor.py
[2024-03-26T06:12:01.731+0000] {logging_mixin.py:151} INFO - [2024-03-26T06:12:01.730+0000] {dag.py:2915} INFO - Sync 1 DAGs
[2024-03-26T06:12:01.744+0000] {logging_mixin.py:151} INFO - [2024-03-26T06:12:01.744+0000] {dag.py:3696} INFO - Setting next_dagrun for example_local_kubernetes_executor to None, run_after=None
[2024-03-26T06:12:01.765+0000] {processor.py:179} INFO - Processing /home/airflow/.local/lib/python3.8/site-packages/airflow/example_dags/example_local_kubernetes_executor.py took 0.357 seconds
[2024-03-26T06:12:31.876+0000] {processor.py:157} INFO - Started process (PID=936) to work on /home/airflow/.local/lib/python3.8/site-packages/airflow/example_dags/example_local_kubernetes_executor.py
[2024-03-26T06:12:31.877+0000] {processor.py:829} INFO - Processing file /home/airflow/.local/lib/python3.8/site-packages/airflow/example_dags/example_local_kubernetes_executor.py for tasks to queue
[2024-03-26T06:12:31.880+0000] {logging_mixin.py:151} INFO - [2024-03-26T06:12:31.880+0000] {dagbag.py:539} INFO - Filling up the DagBag from /home/airflow/.local/lib/python3.8/site-packages/airflow/example_dags/example_local_kubernetes_executor.py
[2024-03-26T06:12:32.133+0000] {processor.py:839} INFO - DAG(s) dict_keys(['example_local_kubernetes_executor']) retrieved from /home/airflow/.local/lib/python3.8/site-packages/airflow/example_dags/example_local_kubernetes_executor.py
[2024-03-26T06:12:32.177+0000] {logging_mixin.py:151} INFO - [2024-03-26T06:12:32.176+0000] {dag.py:2915} INFO - Sync 1 DAGs
[2024-03-26T06:12:32.192+0000] {logging_mixin.py:151} INFO - [2024-03-26T06:12:32.192+0000] {dag.py:3696} INFO - Setting next_dagrun for example_local_kubernetes_executor to None, run_after=None
[2024-03-26T06:12:32.216+0000] {processor.py:179} INFO - Processing /home/airflow/.local/lib/python3.8/site-packages/airflow/example_dags/example_local_kubernetes_executor.py took 0.345 seconds
[2024-03-26T06:19:08.432+0000] {processor.py:157} INFO - Started process (PID=1011) to work on /home/airflow/.local/lib/python3.8/site-packages/airflow/example_dags/example_local_kubernetes_executor.py
[2024-03-26T06:19:08.434+0000] {processor.py:829} INFO - Processing file /home/airflow/.local/lib/python3.8/site-packages/airflow/example_dags/example_local_kubernetes_executor.py for tasks to queue
[2024-03-26T06:19:08.439+0000] {logging_mixin.py:151} INFO - [2024-03-26T06:19:08.439+0000] {dagbag.py:539} INFO - Filling up the DagBag from /home/airflow/.local/lib/python3.8/site-packages/airflow/example_dags/example_local_kubernetes_executor.py
[2024-03-26T06:19:08.974+0000] {processor.py:839} INFO - DAG(s) dict_keys(['example_local_kubernetes_executor']) retrieved from /home/airflow/.local/lib/python3.8/site-packages/airflow/example_dags/example_local_kubernetes_executor.py
[2024-03-26T06:19:09.048+0000] {logging_mixin.py:151} INFO - [2024-03-26T06:19:09.046+0000] {dag.py:2915} INFO - Sync 1 DAGs
[2024-03-26T06:19:09.079+0000] {logging_mixin.py:151} INFO - [2024-03-26T06:19:09.079+0000] {dag.py:3696} INFO - Setting next_dagrun for example_local_kubernetes_executor to None, run_after=None
[2024-03-26T06:19:09.126+0000] {processor.py:179} INFO - Processing /home/airflow/.local/lib/python3.8/site-packages/airflow/example_dags/example_local_kubernetes_executor.py took 0.700 seconds
[2024-03-26T06:19:39.594+0000] {processor.py:157} INFO - Started process (PID=1065) to work on /home/airflow/.local/lib/python3.8/site-packages/airflow/example_dags/example_local_kubernetes_executor.py
[2024-03-26T06:19:39.596+0000] {processor.py:829} INFO - Processing file /home/airflow/.local/lib/python3.8/site-packages/airflow/example_dags/example_local_kubernetes_executor.py for tasks to queue
[2024-03-26T06:19:39.600+0000] {logging_mixin.py:151} INFO - [2024-03-26T06:19:39.600+0000] {dagbag.py:539} INFO - Filling up the DagBag from /home/airflow/.local/lib/python3.8/site-packages/airflow/example_dags/example_local_kubernetes_executor.py
[2024-03-26T06:19:39.905+0000] {processor.py:839} INFO - DAG(s) dict_keys(['example_local_kubernetes_executor']) retrieved from /home/airflow/.local/lib/python3.8/site-packages/airflow/example_dags/example_local_kubernetes_executor.py
[2024-03-26T06:19:39.951+0000] {logging_mixin.py:151} INFO - [2024-03-26T06:19:39.950+0000] {dag.py:2915} INFO - Sync 1 DAGs
[2024-03-26T06:19:39.968+0000] {logging_mixin.py:151} INFO - [2024-03-26T06:19:39.967+0000] {dag.py:3696} INFO - Setting next_dagrun for example_local_kubernetes_executor to None, run_after=None
[2024-03-26T06:19:39.998+0000] {processor.py:179} INFO - Processing /home/airflow/.local/lib/python3.8/site-packages/airflow/example_dags/example_local_kubernetes_executor.py took 0.408 seconds
[2024-03-26T06:20:10.532+0000] {processor.py:157} INFO - Started process (PID=1119) to work on /home/airflow/.local/lib/python3.8/site-packages/airflow/example_dags/example_local_kubernetes_executor.py
[2024-03-26T06:20:10.534+0000] {processor.py:829} INFO - Processing file /home/airflow/.local/lib/python3.8/site-packages/airflow/example_dags/example_local_kubernetes_executor.py for tasks to queue
[2024-03-26T06:20:10.537+0000] {logging_mixin.py:151} INFO - [2024-03-26T06:20:10.537+0000] {dagbag.py:539} INFO - Filling up the DagBag from /home/airflow/.local/lib/python3.8/site-packages/airflow/example_dags/example_local_kubernetes_executor.py
[2024-03-26T06:20:10.814+0000] {processor.py:839} INFO - DAG(s) dict_keys(['example_local_kubernetes_executor']) retrieved from /home/airflow/.local/lib/python3.8/site-packages/airflow/example_dags/example_local_kubernetes_executor.py
[2024-03-26T06:20:10.854+0000] {logging_mixin.py:151} INFO - [2024-03-26T06:20:10.853+0000] {dag.py:2915} INFO - Sync 1 DAGs
[2024-03-26T06:20:10.870+0000] {logging_mixin.py:151} INFO - [2024-03-26T06:20:10.869+0000] {dag.py:3696} INFO - Setting next_dagrun for example_local_kubernetes_executor to None, run_after=None
[2024-03-26T06:20:10.894+0000] {processor.py:179} INFO - Processing /home/airflow/.local/lib/python3.8/site-packages/airflow/example_dags/example_local_kubernetes_executor.py took 0.365 seconds
[2024-03-26T06:20:41.160+0000] {processor.py:157} INFO - Started process (PID=1176) to work on /home/airflow/.local/lib/python3.8/site-packages/airflow/example_dags/example_local_kubernetes_executor.py
[2024-03-26T06:20:41.162+0000] {processor.py:829} INFO - Processing file /home/airflow/.local/lib/python3.8/site-packages/airflow/example_dags/example_local_kubernetes_executor.py for tasks to queue
[2024-03-26T06:20:41.165+0000] {logging_mixin.py:151} INFO - [2024-03-26T06:20:41.165+0000] {dagbag.py:539} INFO - Filling up the DagBag from /home/airflow/.local/lib/python3.8/site-packages/airflow/example_dags/example_local_kubernetes_executor.py
[2024-03-26T06:20:41.436+0000] {processor.py:839} INFO - DAG(s) dict_keys(['example_local_kubernetes_executor']) retrieved from /home/airflow/.local/lib/python3.8/site-packages/airflow/example_dags/example_local_kubernetes_executor.py
[2024-03-26T06:20:41.474+0000] {logging_mixin.py:151} INFO - [2024-03-26T06:20:41.473+0000] {dag.py:2915} INFO - Sync 1 DAGs
[2024-03-26T06:20:41.490+0000] {logging_mixin.py:151} INFO - [2024-03-26T06:20:41.489+0000] {dag.py:3696} INFO - Setting next_dagrun for example_local_kubernetes_executor to None, run_after=None
[2024-03-26T06:20:41.513+0000] {processor.py:179} INFO - Processing /home/airflow/.local/lib/python3.8/site-packages/airflow/example_dags/example_local_kubernetes_executor.py took 0.356 seconds
[2024-03-26T06:21:11.757+0000] {processor.py:157} INFO - Started process (PID=1231) to work on /home/airflow/.local/lib/python3.8/site-packages/airflow/example_dags/example_local_kubernetes_executor.py
[2024-03-26T06:21:11.759+0000] {processor.py:829} INFO - Processing file /home/airflow/.local/lib/python3.8/site-packages/airflow/example_dags/example_local_kubernetes_executor.py for tasks to queue
[2024-03-26T06:21:11.762+0000] {logging_mixin.py:151} INFO - [2024-03-26T06:21:11.762+0000] {dagbag.py:539} INFO - Filling up the DagBag from /home/airflow/.local/lib/python3.8/site-packages/airflow/example_dags/example_local_kubernetes_executor.py
[2024-03-26T06:21:12.022+0000] {processor.py:839} INFO - DAG(s) dict_keys(['example_local_kubernetes_executor']) retrieved from /home/airflow/.local/lib/python3.8/site-packages/airflow/example_dags/example_local_kubernetes_executor.py
[2024-03-26T06:21:12.063+0000] {logging_mixin.py:151} INFO - [2024-03-26T06:21:12.062+0000] {dag.py:2915} INFO - Sync 1 DAGs
[2024-03-26T06:21:12.078+0000] {logging_mixin.py:151} INFO - [2024-03-26T06:21:12.078+0000] {dag.py:3696} INFO - Setting next_dagrun for example_local_kubernetes_executor to None, run_after=None
[2024-03-26T06:21:12.102+0000] {processor.py:179} INFO - Processing /home/airflow/.local/lib/python3.8/site-packages/airflow/example_dags/example_local_kubernetes_executor.py took 0.349 seconds
[2024-03-26T06:21:42.233+0000] {processor.py:157} INFO - Started process (PID=1281) to work on /home/airflow/.local/lib/python3.8/site-packages/airflow/example_dags/example_local_kubernetes_executor.py
[2024-03-26T06:21:42.234+0000] {processor.py:829} INFO - Processing file /home/airflow/.local/lib/python3.8/site-packages/airflow/example_dags/example_local_kubernetes_executor.py for tasks to queue
[2024-03-26T06:21:42.238+0000] {logging_mixin.py:151} INFO - [2024-03-26T06:21:42.237+0000] {dagbag.py:539} INFO - Filling up the DagBag from /home/airflow/.local/lib/python3.8/site-packages/airflow/example_dags/example_local_kubernetes_executor.py
[2024-03-26T06:21:42.492+0000] {processor.py:839} INFO - DAG(s) dict_keys(['example_local_kubernetes_executor']) retrieved from /home/airflow/.local/lib/python3.8/site-packages/airflow/example_dags/example_local_kubernetes_executor.py
[2024-03-26T06:21:42.533+0000] {logging_mixin.py:151} INFO - [2024-03-26T06:21:42.532+0000] {dag.py:2915} INFO - Sync 1 DAGs
[2024-03-26T06:21:42.548+0000] {logging_mixin.py:151} INFO - [2024-03-26T06:21:42.548+0000] {dag.py:3696} INFO - Setting next_dagrun for example_local_kubernetes_executor to None, run_after=None
[2024-03-26T06:21:42.580+0000] {processor.py:179} INFO - Processing /home/airflow/.local/lib/python3.8/site-packages/airflow/example_dags/example_local_kubernetes_executor.py took 0.352 seconds
[2024-03-26T06:22:12.969+0000] {processor.py:157} INFO - Started process (PID=1335) to work on /home/airflow/.local/lib/python3.8/site-packages/airflow/example_dags/example_local_kubernetes_executor.py
[2024-03-26T06:22:12.971+0000] {processor.py:829} INFO - Processing file /home/airflow/.local/lib/python3.8/site-packages/airflow/example_dags/example_local_kubernetes_executor.py for tasks to queue
[2024-03-26T06:22:12.974+0000] {logging_mixin.py:151} INFO - [2024-03-26T06:22:12.974+0000] {dagbag.py:539} INFO - Filling up the DagBag from /home/airflow/.local/lib/python3.8/site-packages/airflow/example_dags/example_local_kubernetes_executor.py
[2024-03-26T06:22:13.289+0000] {processor.py:839} INFO - DAG(s) dict_keys(['example_local_kubernetes_executor']) retrieved from /home/airflow/.local/lib/python3.8/site-packages/airflow/example_dags/example_local_kubernetes_executor.py
[2024-03-26T06:22:13.330+0000] {logging_mixin.py:151} INFO - [2024-03-26T06:22:13.329+0000] {dag.py:2915} INFO - Sync 1 DAGs
[2024-03-26T06:22:13.347+0000] {logging_mixin.py:151} INFO - [2024-03-26T06:22:13.347+0000] {dag.py:3696} INFO - Setting next_dagrun for example_local_kubernetes_executor to None, run_after=None
[2024-03-26T06:22:13.370+0000] {processor.py:179} INFO - Processing /home/airflow/.local/lib/python3.8/site-packages/airflow/example_dags/example_local_kubernetes_executor.py took 0.406 seconds
[2024-03-26T06:22:43.572+0000] {processor.py:157} INFO - Started process (PID=1389) to work on /home/airflow/.local/lib/python3.8/site-packages/airflow/example_dags/example_local_kubernetes_executor.py
[2024-03-26T06:22:43.574+0000] {processor.py:829} INFO - Processing file /home/airflow/.local/lib/python3.8/site-packages/airflow/example_dags/example_local_kubernetes_executor.py for tasks to queue
[2024-03-26T06:22:43.577+0000] {logging_mixin.py:151} INFO - [2024-03-26T06:22:43.577+0000] {dagbag.py:539} INFO - Filling up the DagBag from /home/airflow/.local/lib/python3.8/site-packages/airflow/example_dags/example_local_kubernetes_executor.py
[2024-03-26T06:22:43.849+0000] {processor.py:839} INFO - DAG(s) dict_keys(['example_local_kubernetes_executor']) retrieved from /home/airflow/.local/lib/python3.8/site-packages/airflow/example_dags/example_local_kubernetes_executor.py
[2024-03-26T06:22:43.887+0000] {logging_mixin.py:151} INFO - [2024-03-26T06:22:43.887+0000] {dag.py:2915} INFO - Sync 1 DAGs
[2024-03-26T06:22:43.902+0000] {logging_mixin.py:151} INFO - [2024-03-26T06:22:43.901+0000] {dag.py:3696} INFO - Setting next_dagrun for example_local_kubernetes_executor to None, run_after=None
[2024-03-26T06:22:43.926+0000] {processor.py:179} INFO - Processing /home/airflow/.local/lib/python3.8/site-packages/airflow/example_dags/example_local_kubernetes_executor.py took 0.359 seconds
[2024-03-26T06:23:14.146+0000] {processor.py:157} INFO - Started process (PID=1443) to work on /home/airflow/.local/lib/python3.8/site-packages/airflow/example_dags/example_local_kubernetes_executor.py
[2024-03-26T06:23:14.148+0000] {processor.py:829} INFO - Processing file /home/airflow/.local/lib/python3.8/site-packages/airflow/example_dags/example_local_kubernetes_executor.py for tasks to queue
[2024-03-26T06:23:14.152+0000] {logging_mixin.py:151} INFO - [2024-03-26T06:23:14.152+0000] {dagbag.py:539} INFO - Filling up the DagBag from /home/airflow/.local/lib/python3.8/site-packages/airflow/example_dags/example_local_kubernetes_executor.py
[2024-03-26T06:23:14.437+0000] {processor.py:839} INFO - DAG(s) dict_keys(['example_local_kubernetes_executor']) retrieved from /home/airflow/.local/lib/python3.8/site-packages/airflow/example_dags/example_local_kubernetes_executor.py
[2024-03-26T06:23:14.475+0000] {logging_mixin.py:151} INFO - [2024-03-26T06:23:14.474+0000] {dag.py:2915} INFO - Sync 1 DAGs
[2024-03-26T06:23:14.492+0000] {logging_mixin.py:151} INFO - [2024-03-26T06:23:14.492+0000] {dag.py:3696} INFO - Setting next_dagrun for example_local_kubernetes_executor to None, run_after=None
[2024-03-26T06:23:14.527+0000] {processor.py:179} INFO - Processing /home/airflow/.local/lib/python3.8/site-packages/airflow/example_dags/example_local_kubernetes_executor.py took 0.384 seconds
[2024-03-26T06:23:44.822+0000] {processor.py:157} INFO - Started process (PID=1497) to work on /home/airflow/.local/lib/python3.8/site-packages/airflow/example_dags/example_local_kubernetes_executor.py
[2024-03-26T06:23:44.824+0000] {processor.py:829} INFO - Processing file /home/airflow/.local/lib/python3.8/site-packages/airflow/example_dags/example_local_kubernetes_executor.py for tasks to queue
[2024-03-26T06:23:44.828+0000] {logging_mixin.py:151} INFO - [2024-03-26T06:23:44.828+0000] {dagbag.py:539} INFO - Filling up the DagBag from /home/airflow/.local/lib/python3.8/site-packages/airflow/example_dags/example_local_kubernetes_executor.py
[2024-03-26T06:23:45.159+0000] {processor.py:839} INFO - DAG(s) dict_keys(['example_local_kubernetes_executor']) retrieved from /home/airflow/.local/lib/python3.8/site-packages/airflow/example_dags/example_local_kubernetes_executor.py
[2024-03-26T06:23:45.201+0000] {logging_mixin.py:151} INFO - [2024-03-26T06:23:45.200+0000] {dag.py:2915} INFO - Sync 1 DAGs
[2024-03-26T06:23:45.219+0000] {logging_mixin.py:151} INFO - [2024-03-26T06:23:45.219+0000] {dag.py:3696} INFO - Setting next_dagrun for example_local_kubernetes_executor to None, run_after=None
[2024-03-26T06:23:45.256+0000] {processor.py:179} INFO - Processing /home/airflow/.local/lib/python3.8/site-packages/airflow/example_dags/example_local_kubernetes_executor.py took 0.439 seconds
[2024-03-26T06:24:15.424+0000] {processor.py:157} INFO - Started process (PID=1551) to work on /home/airflow/.local/lib/python3.8/site-packages/airflow/example_dags/example_local_kubernetes_executor.py
[2024-03-26T06:24:15.425+0000] {processor.py:829} INFO - Processing file /home/airflow/.local/lib/python3.8/site-packages/airflow/example_dags/example_local_kubernetes_executor.py for tasks to queue
[2024-03-26T06:24:15.429+0000] {logging_mixin.py:151} INFO - [2024-03-26T06:24:15.428+0000] {dagbag.py:539} INFO - Filling up the DagBag from /home/airflow/.local/lib/python3.8/site-packages/airflow/example_dags/example_local_kubernetes_executor.py
[2024-03-26T06:24:15.692+0000] {processor.py:839} INFO - DAG(s) dict_keys(['example_local_kubernetes_executor']) retrieved from /home/airflow/.local/lib/python3.8/site-packages/airflow/example_dags/example_local_kubernetes_executor.py
[2024-03-26T06:24:15.728+0000] {logging_mixin.py:151} INFO - [2024-03-26T06:24:15.728+0000] {dag.py:2915} INFO - Sync 1 DAGs
[2024-03-26T06:24:15.742+0000] {logging_mixin.py:151} INFO - [2024-03-26T06:24:15.742+0000] {dag.py:3696} INFO - Setting next_dagrun for example_local_kubernetes_executor to None, run_after=None
[2024-03-26T06:24:15.763+0000] {processor.py:179} INFO - Processing /home/airflow/.local/lib/python3.8/site-packages/airflow/example_dags/example_local_kubernetes_executor.py took 0.343 seconds
[2024-03-26T06:24:46.061+0000] {processor.py:157} INFO - Started process (PID=1605) to work on /home/airflow/.local/lib/python3.8/site-packages/airflow/example_dags/example_local_kubernetes_executor.py
[2024-03-26T06:24:46.063+0000] {processor.py:829} INFO - Processing file /home/airflow/.local/lib/python3.8/site-packages/airflow/example_dags/example_local_kubernetes_executor.py for tasks to queue
[2024-03-26T06:24:46.067+0000] {logging_mixin.py:151} INFO - [2024-03-26T06:24:46.066+0000] {dagbag.py:539} INFO - Filling up the DagBag from /home/airflow/.local/lib/python3.8/site-packages/airflow/example_dags/example_local_kubernetes_executor.py
[2024-03-26T06:24:46.328+0000] {processor.py:839} INFO - DAG(s) dict_keys(['example_local_kubernetes_executor']) retrieved from /home/airflow/.local/lib/python3.8/site-packages/airflow/example_dags/example_local_kubernetes_executor.py
[2024-03-26T06:24:46.367+0000] {logging_mixin.py:151} INFO - [2024-03-26T06:24:46.366+0000] {dag.py:2915} INFO - Sync 1 DAGs
[2024-03-26T06:24:46.380+0000] {logging_mixin.py:151} INFO - [2024-03-26T06:24:46.380+0000] {dag.py:3696} INFO - Setting next_dagrun for example_local_kubernetes_executor to None, run_after=None
[2024-03-26T06:24:46.402+0000] {processor.py:179} INFO - Processing /home/airflow/.local/lib/python3.8/site-packages/airflow/example_dags/example_local_kubernetes_executor.py took 0.345 seconds
[2024-03-26T06:25:16.656+0000] {processor.py:157} INFO - Started process (PID=1659) to work on /home/airflow/.local/lib/python3.8/site-packages/airflow/example_dags/example_local_kubernetes_executor.py
[2024-03-26T06:25:16.657+0000] {processor.py:829} INFO - Processing file /home/airflow/.local/lib/python3.8/site-packages/airflow/example_dags/example_local_kubernetes_executor.py for tasks to queue
[2024-03-26T06:25:16.661+0000] {logging_mixin.py:151} INFO - [2024-03-26T06:25:16.660+0000] {dagbag.py:539} INFO - Filling up the DagBag from /home/airflow/.local/lib/python3.8/site-packages/airflow/example_dags/example_local_kubernetes_executor.py
[2024-03-26T06:25:16.940+0000] {processor.py:839} INFO - DAG(s) dict_keys(['example_local_kubernetes_executor']) retrieved from /home/airflow/.local/lib/python3.8/site-packages/airflow/example_dags/example_local_kubernetes_executor.py
[2024-03-26T06:25:16.976+0000] {logging_mixin.py:151} INFO - [2024-03-26T06:25:16.976+0000] {dag.py:2915} INFO - Sync 1 DAGs
[2024-03-26T06:25:16.990+0000] {logging_mixin.py:151} INFO - [2024-03-26T06:25:16.990+0000] {dag.py:3696} INFO - Setting next_dagrun for example_local_kubernetes_executor to None, run_after=None
[2024-03-26T06:25:17.020+0000] {processor.py:179} INFO - Processing /home/airflow/.local/lib/python3.8/site-packages/airflow/example_dags/example_local_kubernetes_executor.py took 0.369 seconds
[2024-03-26T06:25:47.133+0000] {processor.py:157} INFO - Started process (PID=1713) to work on /home/airflow/.local/lib/python3.8/site-packages/airflow/example_dags/example_local_kubernetes_executor.py
[2024-03-26T06:25:47.135+0000] {processor.py:829} INFO - Processing file /home/airflow/.local/lib/python3.8/site-packages/airflow/example_dags/example_local_kubernetes_executor.py for tasks to queue
[2024-03-26T06:25:47.138+0000] {logging_mixin.py:151} INFO - [2024-03-26T06:25:47.138+0000] {dagbag.py:539} INFO - Filling up the DagBag from /home/airflow/.local/lib/python3.8/site-packages/airflow/example_dags/example_local_kubernetes_executor.py
[2024-03-26T06:25:47.408+0000] {processor.py:839} INFO - DAG(s) dict_keys(['example_local_kubernetes_executor']) retrieved from /home/airflow/.local/lib/python3.8/site-packages/airflow/example_dags/example_local_kubernetes_executor.py
[2024-03-26T06:25:47.456+0000] {logging_mixin.py:151} INFO - [2024-03-26T06:25:47.455+0000] {dag.py:2915} INFO - Sync 1 DAGs
[2024-03-26T06:25:47.468+0000] {logging_mixin.py:151} INFO - [2024-03-26T06:25:47.468+0000] {dag.py:3696} INFO - Setting next_dagrun for example_local_kubernetes_executor to None, run_after=None
[2024-03-26T06:25:47.489+0000] {processor.py:179} INFO - Processing /home/airflow/.local/lib/python3.8/site-packages/airflow/example_dags/example_local_kubernetes_executor.py took 0.360 seconds
[2024-03-26T06:26:17.672+0000] {processor.py:157} INFO - Started process (PID=1769) to work on /home/airflow/.local/lib/python3.8/site-packages/airflow/example_dags/example_local_kubernetes_executor.py
[2024-03-26T06:26:17.674+0000] {processor.py:829} INFO - Processing file /home/airflow/.local/lib/python3.8/site-packages/airflow/example_dags/example_local_kubernetes_executor.py for tasks to queue
[2024-03-26T06:26:17.678+0000] {logging_mixin.py:151} INFO - [2024-03-26T06:26:17.677+0000] {dagbag.py:539} INFO - Filling up the DagBag from /home/airflow/.local/lib/python3.8/site-packages/airflow/example_dags/example_local_kubernetes_executor.py
[2024-03-26T06:26:17.933+0000] {processor.py:839} INFO - DAG(s) dict_keys(['example_local_kubernetes_executor']) retrieved from /home/airflow/.local/lib/python3.8/site-packages/airflow/example_dags/example_local_kubernetes_executor.py
[2024-03-26T06:26:17.974+0000] {logging_mixin.py:151} INFO - [2024-03-26T06:26:17.974+0000] {dag.py:2915} INFO - Sync 1 DAGs
[2024-03-26T06:26:17.992+0000] {logging_mixin.py:151} INFO - [2024-03-26T06:26:17.992+0000] {dag.py:3696} INFO - Setting next_dagrun for example_local_kubernetes_executor to None, run_after=None
[2024-03-26T06:26:18.027+0000] {processor.py:179} INFO - Processing /home/airflow/.local/lib/python3.8/site-packages/airflow/example_dags/example_local_kubernetes_executor.py took 0.358 seconds
[2024-03-26T06:26:48.199+0000] {processor.py:157} INFO - Started process (PID=1821) to work on /home/airflow/.local/lib/python3.8/site-packages/airflow/example_dags/example_local_kubernetes_executor.py
[2024-03-26T06:26:48.200+0000] {processor.py:829} INFO - Processing file /home/airflow/.local/lib/python3.8/site-packages/airflow/example_dags/example_local_kubernetes_executor.py for tasks to queue
[2024-03-26T06:26:48.203+0000] {logging_mixin.py:151} INFO - [2024-03-26T06:26:48.203+0000] {dagbag.py:539} INFO - Filling up the DagBag from /home/airflow/.local/lib/python3.8/site-packages/airflow/example_dags/example_local_kubernetes_executor.py
[2024-03-26T06:26:48.466+0000] {processor.py:839} INFO - DAG(s) dict_keys(['example_local_kubernetes_executor']) retrieved from /home/airflow/.local/lib/python3.8/site-packages/airflow/example_dags/example_local_kubernetes_executor.py
[2024-03-26T06:26:48.505+0000] {logging_mixin.py:151} INFO - [2024-03-26T06:26:48.504+0000] {dag.py:2915} INFO - Sync 1 DAGs
[2024-03-26T06:26:48.522+0000] {logging_mixin.py:151} INFO - [2024-03-26T06:26:48.522+0000] {dag.py:3696} INFO - Setting next_dagrun for example_local_kubernetes_executor to None, run_after=None
[2024-03-26T06:26:48.557+0000] {processor.py:179} INFO - Processing /home/airflow/.local/lib/python3.8/site-packages/airflow/example_dags/example_local_kubernetes_executor.py took 0.362 seconds
[2024-03-26T06:27:18.650+0000] {processor.py:157} INFO - Started process (PID=1875) to work on /home/airflow/.local/lib/python3.8/site-packages/airflow/example_dags/example_local_kubernetes_executor.py
[2024-03-26T06:27:18.652+0000] {processor.py:829} INFO - Processing file /home/airflow/.local/lib/python3.8/site-packages/airflow/example_dags/example_local_kubernetes_executor.py for tasks to queue
[2024-03-26T06:27:18.656+0000] {logging_mixin.py:151} INFO - [2024-03-26T06:27:18.655+0000] {dagbag.py:539} INFO - Filling up the DagBag from /home/airflow/.local/lib/python3.8/site-packages/airflow/example_dags/example_local_kubernetes_executor.py
[2024-03-26T06:27:18.942+0000] {processor.py:839} INFO - DAG(s) dict_keys(['example_local_kubernetes_executor']) retrieved from /home/airflow/.local/lib/python3.8/site-packages/airflow/example_dags/example_local_kubernetes_executor.py
[2024-03-26T06:27:18.981+0000] {logging_mixin.py:151} INFO - [2024-03-26T06:27:18.980+0000] {dag.py:2915} INFO - Sync 1 DAGs
[2024-03-26T06:27:18.997+0000] {logging_mixin.py:151} INFO - [2024-03-26T06:27:18.997+0000] {dag.py:3696} INFO - Setting next_dagrun for example_local_kubernetes_executor to None, run_after=None
[2024-03-26T06:27:19.018+0000] {processor.py:179} INFO - Processing /home/airflow/.local/lib/python3.8/site-packages/airflow/example_dags/example_local_kubernetes_executor.py took 0.373 seconds
[2024-03-26T06:27:49.412+0000] {processor.py:157} INFO - Started process (PID=1929) to work on /home/airflow/.local/lib/python3.8/site-packages/airflow/example_dags/example_local_kubernetes_executor.py
[2024-03-26T06:27:49.413+0000] {processor.py:829} INFO - Processing file /home/airflow/.local/lib/python3.8/site-packages/airflow/example_dags/example_local_kubernetes_executor.py for tasks to queue
[2024-03-26T06:27:49.418+0000] {logging_mixin.py:151} INFO - [2024-03-26T06:27:49.417+0000] {dagbag.py:539} INFO - Filling up the DagBag from /home/airflow/.local/lib/python3.8/site-packages/airflow/example_dags/example_local_kubernetes_executor.py
[2024-03-26T06:27:49.720+0000] {processor.py:839} INFO - DAG(s) dict_keys(['example_local_kubernetes_executor']) retrieved from /home/airflow/.local/lib/python3.8/site-packages/airflow/example_dags/example_local_kubernetes_executor.py
[2024-03-26T06:27:49.764+0000] {logging_mixin.py:151} INFO - [2024-03-26T06:27:49.764+0000] {dag.py:2915} INFO - Sync 1 DAGs
[2024-03-26T06:27:49.780+0000] {logging_mixin.py:151} INFO - [2024-03-26T06:27:49.780+0000] {dag.py:3696} INFO - Setting next_dagrun for example_local_kubernetes_executor to None, run_after=None
[2024-03-26T06:27:49.806+0000] {processor.py:179} INFO - Processing /home/airflow/.local/lib/python3.8/site-packages/airflow/example_dags/example_local_kubernetes_executor.py took 0.399 seconds
[2024-03-26T06:28:19.902+0000] {processor.py:157} INFO - Started process (PID=1983) to work on /home/airflow/.local/lib/python3.8/site-packages/airflow/example_dags/example_local_kubernetes_executor.py
[2024-03-26T06:28:19.904+0000] {processor.py:829} INFO - Processing file /home/airflow/.local/lib/python3.8/site-packages/airflow/example_dags/example_local_kubernetes_executor.py for tasks to queue
[2024-03-26T06:28:19.908+0000] {logging_mixin.py:151} INFO - [2024-03-26T06:28:19.907+0000] {dagbag.py:539} INFO - Filling up the DagBag from /home/airflow/.local/lib/python3.8/site-packages/airflow/example_dags/example_local_kubernetes_executor.py
[2024-03-26T06:28:20.189+0000] {processor.py:839} INFO - DAG(s) dict_keys(['example_local_kubernetes_executor']) retrieved from /home/airflow/.local/lib/python3.8/site-packages/airflow/example_dags/example_local_kubernetes_executor.py
[2024-03-26T06:28:20.227+0000] {logging_mixin.py:151} INFO - [2024-03-26T06:28:20.226+0000] {dag.py:2915} INFO - Sync 1 DAGs
[2024-03-26T06:28:20.242+0000] {logging_mixin.py:151} INFO - [2024-03-26T06:28:20.242+0000] {dag.py:3696} INFO - Setting next_dagrun for example_local_kubernetes_executor to None, run_after=None
[2024-03-26T06:28:20.266+0000] {processor.py:179} INFO - Processing /home/airflow/.local/lib/python3.8/site-packages/airflow/example_dags/example_local_kubernetes_executor.py took 0.368 seconds
[2024-03-26T06:28:50.364+0000] {processor.py:157} INFO - Started process (PID=2039) to work on /home/airflow/.local/lib/python3.8/site-packages/airflow/example_dags/example_local_kubernetes_executor.py
[2024-03-26T06:28:50.365+0000] {processor.py:829} INFO - Processing file /home/airflow/.local/lib/python3.8/site-packages/airflow/example_dags/example_local_kubernetes_executor.py for tasks to queue
[2024-03-26T06:28:50.368+0000] {logging_mixin.py:151} INFO - [2024-03-26T06:28:50.368+0000] {dagbag.py:539} INFO - Filling up the DagBag from /home/airflow/.local/lib/python3.8/site-packages/airflow/example_dags/example_local_kubernetes_executor.py
[2024-03-26T06:28:50.651+0000] {processor.py:839} INFO - DAG(s) dict_keys(['example_local_kubernetes_executor']) retrieved from /home/airflow/.local/lib/python3.8/site-packages/airflow/example_dags/example_local_kubernetes_executor.py
[2024-03-26T06:28:50.701+0000] {logging_mixin.py:151} INFO - [2024-03-26T06:28:50.700+0000] {dag.py:2915} INFO - Sync 1 DAGs
[2024-03-26T06:28:50.716+0000] {logging_mixin.py:151} INFO - [2024-03-26T06:28:50.716+0000] {dag.py:3696} INFO - Setting next_dagrun for example_local_kubernetes_executor to None, run_after=None
[2024-03-26T06:28:50.748+0000] {processor.py:179} INFO - Processing /home/airflow/.local/lib/python3.8/site-packages/airflow/example_dags/example_local_kubernetes_executor.py took 0.388 seconds
[2024-03-26T06:29:21.607+0000] {processor.py:157} INFO - Started process (PID=2093) to work on /home/airflow/.local/lib/python3.8/site-packages/airflow/example_dags/example_local_kubernetes_executor.py
[2024-03-26T06:29:21.608+0000] {processor.py:829} INFO - Processing file /home/airflow/.local/lib/python3.8/site-packages/airflow/example_dags/example_local_kubernetes_executor.py for tasks to queue
[2024-03-26T06:29:21.613+0000] {logging_mixin.py:151} INFO - [2024-03-26T06:29:21.612+0000] {dagbag.py:539} INFO - Filling up the DagBag from /home/airflow/.local/lib/python3.8/site-packages/airflow/example_dags/example_local_kubernetes_executor.py
[2024-03-26T06:29:21.906+0000] {processor.py:839} INFO - DAG(s) dict_keys(['example_local_kubernetes_executor']) retrieved from /home/airflow/.local/lib/python3.8/site-packages/airflow/example_dags/example_local_kubernetes_executor.py
[2024-03-26T06:29:21.957+0000] {logging_mixin.py:151} INFO - [2024-03-26T06:29:21.956+0000] {dag.py:2915} INFO - Sync 1 DAGs
[2024-03-26T06:29:21.974+0000] {logging_mixin.py:151} INFO - [2024-03-26T06:29:21.974+0000] {dag.py:3696} INFO - Setting next_dagrun for example_local_kubernetes_executor to None, run_after=None
[2024-03-26T06:29:21.997+0000] {processor.py:179} INFO - Processing /home/airflow/.local/lib/python3.8/site-packages/airflow/example_dags/example_local_kubernetes_executor.py took 0.396 seconds
[2024-03-26T06:29:52.124+0000] {processor.py:157} INFO - Started process (PID=2149) to work on /home/airflow/.local/lib/python3.8/site-packages/airflow/example_dags/example_local_kubernetes_executor.py
[2024-03-26T06:29:52.128+0000] {processor.py:829} INFO - Processing file /home/airflow/.local/lib/python3.8/site-packages/airflow/example_dags/example_local_kubernetes_executor.py for tasks to queue
[2024-03-26T06:29:52.132+0000] {logging_mixin.py:151} INFO - [2024-03-26T06:29:52.132+0000] {dagbag.py:539} INFO - Filling up the DagBag from /home/airflow/.local/lib/python3.8/site-packages/airflow/example_dags/example_local_kubernetes_executor.py
[2024-03-26T06:29:52.451+0000] {processor.py:839} INFO - DAG(s) dict_keys(['example_local_kubernetes_executor']) retrieved from /home/airflow/.local/lib/python3.8/site-packages/airflow/example_dags/example_local_kubernetes_executor.py
[2024-03-26T06:29:52.499+0000] {logging_mixin.py:151} INFO - [2024-03-26T06:29:52.498+0000] {dag.py:2915} INFO - Sync 1 DAGs
[2024-03-26T06:29:52.516+0000] {logging_mixin.py:151} INFO - [2024-03-26T06:29:52.516+0000] {dag.py:3696} INFO - Setting next_dagrun for example_local_kubernetes_executor to None, run_after=None
[2024-03-26T06:29:52.547+0000] {processor.py:179} INFO - Processing /home/airflow/.local/lib/python3.8/site-packages/airflow/example_dags/example_local_kubernetes_executor.py took 0.426 seconds
[2024-03-26T06:30:22.661+0000] {processor.py:157} INFO - Started process (PID=2205) to work on /home/airflow/.local/lib/python3.8/site-packages/airflow/example_dags/example_local_kubernetes_executor.py
[2024-03-26T06:30:22.663+0000] {processor.py:829} INFO - Processing file /home/airflow/.local/lib/python3.8/site-packages/airflow/example_dags/example_local_kubernetes_executor.py for tasks to queue
[2024-03-26T06:30:22.666+0000] {logging_mixin.py:151} INFO - [2024-03-26T06:30:22.666+0000] {dagbag.py:539} INFO - Filling up the DagBag from /home/airflow/.local/lib/python3.8/site-packages/airflow/example_dags/example_local_kubernetes_executor.py
[2024-03-26T06:30:22.931+0000] {processor.py:839} INFO - DAG(s) dict_keys(['example_local_kubernetes_executor']) retrieved from /home/airflow/.local/lib/python3.8/site-packages/airflow/example_dags/example_local_kubernetes_executor.py
[2024-03-26T06:30:22.966+0000] {logging_mixin.py:151} INFO - [2024-03-26T06:30:22.965+0000] {dag.py:2915} INFO - Sync 1 DAGs
[2024-03-26T06:30:22.983+0000] {logging_mixin.py:151} INFO - [2024-03-26T06:30:22.983+0000] {dag.py:3696} INFO - Setting next_dagrun for example_local_kubernetes_executor to None, run_after=None
[2024-03-26T06:30:23.018+0000] {processor.py:179} INFO - Processing /home/airflow/.local/lib/python3.8/site-packages/airflow/example_dags/example_local_kubernetes_executor.py took 0.361 seconds
[2024-03-26T06:30:53.076+0000] {processor.py:157} INFO - Started process (PID=2261) to work on /home/airflow/.local/lib/python3.8/site-packages/airflow/example_dags/example_local_kubernetes_executor.py
[2024-03-26T06:30:53.078+0000] {processor.py:829} INFO - Processing file /home/airflow/.local/lib/python3.8/site-packages/airflow/example_dags/example_local_kubernetes_executor.py for tasks to queue
[2024-03-26T06:30:53.081+0000] {logging_mixin.py:151} INFO - [2024-03-26T06:30:53.080+0000] {dagbag.py:539} INFO - Filling up the DagBag from /home/airflow/.local/lib/python3.8/site-packages/airflow/example_dags/example_local_kubernetes_executor.py
[2024-03-26T06:30:53.328+0000] {processor.py:839} INFO - DAG(s) dict_keys(['example_local_kubernetes_executor']) retrieved from /home/airflow/.local/lib/python3.8/site-packages/airflow/example_dags/example_local_kubernetes_executor.py
[2024-03-26T06:30:53.365+0000] {logging_mixin.py:151} INFO - [2024-03-26T06:30:53.365+0000] {dag.py:2915} INFO - Sync 1 DAGs
[2024-03-26T06:30:53.379+0000] {logging_mixin.py:151} INFO - [2024-03-26T06:30:53.379+0000] {dag.py:3696} INFO - Setting next_dagrun for example_local_kubernetes_executor to None, run_after=None
[2024-03-26T06:30:53.417+0000] {processor.py:179} INFO - Processing /home/airflow/.local/lib/python3.8/site-packages/airflow/example_dags/example_local_kubernetes_executor.py took 0.344 seconds
[2024-03-26T06:31:24.229+0000] {processor.py:157} INFO - Started process (PID=2315) to work on /home/airflow/.local/lib/python3.8/site-packages/airflow/example_dags/example_local_kubernetes_executor.py
[2024-03-26T06:31:24.231+0000] {processor.py:829} INFO - Processing file /home/airflow/.local/lib/python3.8/site-packages/airflow/example_dags/example_local_kubernetes_executor.py for tasks to queue
[2024-03-26T06:31:24.234+0000] {logging_mixin.py:151} INFO - [2024-03-26T06:31:24.234+0000] {dagbag.py:539} INFO - Filling up the DagBag from /home/airflow/.local/lib/python3.8/site-packages/airflow/example_dags/example_local_kubernetes_executor.py
[2024-03-26T06:31:24.524+0000] {processor.py:839} INFO - DAG(s) dict_keys(['example_local_kubernetes_executor']) retrieved from /home/airflow/.local/lib/python3.8/site-packages/airflow/example_dags/example_local_kubernetes_executor.py
[2024-03-26T06:31:24.568+0000] {logging_mixin.py:151} INFO - [2024-03-26T06:31:24.567+0000] {dag.py:2915} INFO - Sync 1 DAGs
[2024-03-26T06:31:24.586+0000] {logging_mixin.py:151} INFO - [2024-03-26T06:31:24.585+0000] {dag.py:3696} INFO - Setting next_dagrun for example_local_kubernetes_executor to None, run_after=None
[2024-03-26T06:31:24.610+0000] {processor.py:179} INFO - Processing /home/airflow/.local/lib/python3.8/site-packages/airflow/example_dags/example_local_kubernetes_executor.py took 0.384 seconds
[2024-03-26T06:31:55.199+0000] {processor.py:157} INFO - Started process (PID=2369) to work on /home/airflow/.local/lib/python3.8/site-packages/airflow/example_dags/example_local_kubernetes_executor.py
[2024-03-26T06:31:55.201+0000] {processor.py:829} INFO - Processing file /home/airflow/.local/lib/python3.8/site-packages/airflow/example_dags/example_local_kubernetes_executor.py for tasks to queue
[2024-03-26T06:31:55.204+0000] {logging_mixin.py:151} INFO - [2024-03-26T06:31:55.203+0000] {dagbag.py:539} INFO - Filling up the DagBag from /home/airflow/.local/lib/python3.8/site-packages/airflow/example_dags/example_local_kubernetes_executor.py
[2024-03-26T06:31:55.470+0000] {processor.py:839} INFO - DAG(s) dict_keys(['example_local_kubernetes_executor']) retrieved from /home/airflow/.local/lib/python3.8/site-packages/airflow/example_dags/example_local_kubernetes_executor.py
[2024-03-26T06:31:55.515+0000] {logging_mixin.py:151} INFO - [2024-03-26T06:31:55.514+0000] {dag.py:2915} INFO - Sync 1 DAGs
[2024-03-26T06:31:55.531+0000] {logging_mixin.py:151} INFO - [2024-03-26T06:31:55.531+0000] {dag.py:3696} INFO - Setting next_dagrun for example_local_kubernetes_executor to None, run_after=None
[2024-03-26T06:31:55.568+0000] {processor.py:179} INFO - Processing /home/airflow/.local/lib/python3.8/site-packages/airflow/example_dags/example_local_kubernetes_executor.py took 0.373 seconds
[2024-03-26T06:32:25.630+0000] {processor.py:157} INFO - Started process (PID=2425) to work on /home/airflow/.local/lib/python3.8/site-packages/airflow/example_dags/example_local_kubernetes_executor.py
[2024-03-26T06:32:25.632+0000] {processor.py:829} INFO - Processing file /home/airflow/.local/lib/python3.8/site-packages/airflow/example_dags/example_local_kubernetes_executor.py for tasks to queue
[2024-03-26T06:32:25.634+0000] {logging_mixin.py:151} INFO - [2024-03-26T06:32:25.634+0000] {dagbag.py:539} INFO - Filling up the DagBag from /home/airflow/.local/lib/python3.8/site-packages/airflow/example_dags/example_local_kubernetes_executor.py
[2024-03-26T06:32:25.902+0000] {processor.py:839} INFO - DAG(s) dict_keys(['example_local_kubernetes_executor']) retrieved from /home/airflow/.local/lib/python3.8/site-packages/airflow/example_dags/example_local_kubernetes_executor.py
[2024-03-26T06:32:25.944+0000] {logging_mixin.py:151} INFO - [2024-03-26T06:32:25.943+0000] {dag.py:2915} INFO - Sync 1 DAGs
[2024-03-26T06:32:25.960+0000] {logging_mixin.py:151} INFO - [2024-03-26T06:32:25.960+0000] {dag.py:3696} INFO - Setting next_dagrun for example_local_kubernetes_executor to None, run_after=None
[2024-03-26T06:32:25.994+0000] {processor.py:179} INFO - Processing /home/airflow/.local/lib/python3.8/site-packages/airflow/example_dags/example_local_kubernetes_executor.py took 0.368 seconds
[2024-03-26T06:32:56.115+0000] {processor.py:157} INFO - Started process (PID=2480) to work on /home/airflow/.local/lib/python3.8/site-packages/airflow/example_dags/example_local_kubernetes_executor.py
[2024-03-26T06:32:56.116+0000] {processor.py:829} INFO - Processing file /home/airflow/.local/lib/python3.8/site-packages/airflow/example_dags/example_local_kubernetes_executor.py for tasks to queue
[2024-03-26T06:32:56.119+0000] {logging_mixin.py:151} INFO - [2024-03-26T06:32:56.119+0000] {dagbag.py:539} INFO - Filling up the DagBag from /home/airflow/.local/lib/python3.8/site-packages/airflow/example_dags/example_local_kubernetes_executor.py
[2024-03-26T06:32:56.397+0000] {processor.py:839} INFO - DAG(s) dict_keys(['example_local_kubernetes_executor']) retrieved from /home/airflow/.local/lib/python3.8/site-packages/airflow/example_dags/example_local_kubernetes_executor.py
[2024-03-26T06:32:56.438+0000] {logging_mixin.py:151} INFO - [2024-03-26T06:32:56.437+0000] {dag.py:2915} INFO - Sync 1 DAGs
[2024-03-26T06:32:56.455+0000] {logging_mixin.py:151} INFO - [2024-03-26T06:32:56.454+0000] {dag.py:3696} INFO - Setting next_dagrun for example_local_kubernetes_executor to None, run_after=None
[2024-03-26T06:32:56.485+0000] {processor.py:179} INFO - Processing /home/airflow/.local/lib/python3.8/site-packages/airflow/example_dags/example_local_kubernetes_executor.py took 0.375 seconds
[2024-03-26T06:33:26.810+0000] {processor.py:157} INFO - Started process (PID=2534) to work on /home/airflow/.local/lib/python3.8/site-packages/airflow/example_dags/example_local_kubernetes_executor.py
[2024-03-26T06:33:26.812+0000] {processor.py:829} INFO - Processing file /home/airflow/.local/lib/python3.8/site-packages/airflow/example_dags/example_local_kubernetes_executor.py for tasks to queue
[2024-03-26T06:33:26.816+0000] {logging_mixin.py:151} INFO - [2024-03-26T06:33:26.815+0000] {dagbag.py:539} INFO - Filling up the DagBag from /home/airflow/.local/lib/python3.8/site-packages/airflow/example_dags/example_local_kubernetes_executor.py
[2024-03-26T06:33:27.127+0000] {processor.py:839} INFO - DAG(s) dict_keys(['example_local_kubernetes_executor']) retrieved from /home/airflow/.local/lib/python3.8/site-packages/airflow/example_dags/example_local_kubernetes_executor.py
[2024-03-26T06:33:27.174+0000] {logging_mixin.py:151} INFO - [2024-03-26T06:33:27.173+0000] {dag.py:2915} INFO - Sync 1 DAGs
[2024-03-26T06:33:27.192+0000] {logging_mixin.py:151} INFO - [2024-03-26T06:33:27.191+0000] {dag.py:3696} INFO - Setting next_dagrun for example_local_kubernetes_executor to None, run_after=None
[2024-03-26T06:33:27.225+0000] {processor.py:179} INFO - Processing /home/airflow/.local/lib/python3.8/site-packages/airflow/example_dags/example_local_kubernetes_executor.py took 0.420 seconds
[2024-03-26T06:33:57.373+0000] {processor.py:157} INFO - Started process (PID=2585) to work on /home/airflow/.local/lib/python3.8/site-packages/airflow/example_dags/example_local_kubernetes_executor.py
[2024-03-26T06:33:57.375+0000] {processor.py:829} INFO - Processing file /home/airflow/.local/lib/python3.8/site-packages/airflow/example_dags/example_local_kubernetes_executor.py for tasks to queue
[2024-03-26T06:33:57.380+0000] {logging_mixin.py:151} INFO - [2024-03-26T06:33:57.379+0000] {dagbag.py:539} INFO - Filling up the DagBag from /home/airflow/.local/lib/python3.8/site-packages/airflow/example_dags/example_local_kubernetes_executor.py
[2024-03-26T06:33:57.760+0000] {processor.py:839} INFO - DAG(s) dict_keys(['example_local_kubernetes_executor']) retrieved from /home/airflow/.local/lib/python3.8/site-packages/airflow/example_dags/example_local_kubernetes_executor.py
[2024-03-26T06:33:57.811+0000] {logging_mixin.py:151} INFO - [2024-03-26T06:33:57.810+0000] {dag.py:2915} INFO - Sync 1 DAGs
[2024-03-26T06:33:57.832+0000] {logging_mixin.py:151} INFO - [2024-03-26T06:33:57.832+0000] {dag.py:3696} INFO - Setting next_dagrun for example_local_kubernetes_executor to None, run_after=None
[2024-03-26T06:33:57.866+0000] {processor.py:179} INFO - Processing /home/airflow/.local/lib/python3.8/site-packages/airflow/example_dags/example_local_kubernetes_executor.py took 0.499 seconds
