[2024-03-26T06:04:11.192+0000] {processor.py:157} INFO - Started process (PID=67) to work on /home/airflow/.local/lib/python3.8/site-packages/airflow/example_dags/example_latest_only_with_trigger.py
[2024-03-26T06:04:11.194+0000] {processor.py:829} INFO - Processing file /home/airflow/.local/lib/python3.8/site-packages/airflow/example_dags/example_latest_only_with_trigger.py for tasks to queue
[2024-03-26T06:04:11.198+0000] {logging_mixin.py:151} INFO - [2024-03-26T06:04:11.198+0000] {dagbag.py:539} INFO - Filling up the DagBag from /home/airflow/.local/lib/python3.8/site-packages/airflow/example_dags/example_latest_only_with_trigger.py
[2024-03-26T06:04:11.240+0000] {processor.py:839} INFO - DAG(s) dict_keys(['latest_only_with_trigger']) retrieved from /home/airflow/.local/lib/python3.8/site-packages/airflow/example_dags/example_latest_only_with_trigger.py
[2024-03-26T06:04:11.396+0000] {logging_mixin.py:151} INFO - [2024-03-26T06:04:11.396+0000] {manager.py:499} INFO - Created Permission View: %s
[2024-03-26T06:04:11.428+0000] {logging_mixin.py:151} INFO - [2024-03-26T06:04:11.428+0000] {manager.py:499} INFO - Created Permission View: %s
[2024-03-26T06:04:11.444+0000] {logging_mixin.py:151} INFO - [2024-03-26T06:04:11.443+0000] {manager.py:499} INFO - Created Permission View: %s
[2024-03-26T06:04:11.445+0000] {logging_mixin.py:151} INFO - [2024-03-26T06:04:11.445+0000] {security.py:708} INFO - Not syncing DAG-level permissions for DAG 'DAG:latest_only_with_trigger' as access control is unset.
[2024-03-26T06:04:11.446+0000] {logging_mixin.py:151} INFO - [2024-03-26T06:04:11.446+0000] {dag.py:2915} INFO - Sync 1 DAGs
[2024-03-26T06:04:11.462+0000] {logging_mixin.py:151} INFO - [2024-03-26T06:04:11.461+0000] {dag.py:2937} INFO - Creating ORM DAG for latest_only_with_trigger
[2024-03-26T06:04:11.481+0000] {logging_mixin.py:151} INFO - [2024-03-26T06:04:11.480+0000] {dag.py:3696} INFO - Setting next_dagrun for latest_only_with_trigger to 2024-03-26T02:04:11.480414+00:00, run_after=2024-03-26T06:04:11.480414+00:00
[2024-03-26T06:04:11.548+0000] {processor.py:179} INFO - Processing /home/airflow/.local/lib/python3.8/site-packages/airflow/example_dags/example_latest_only_with_trigger.py took 0.359 seconds
[2024-03-26T06:04:44.014+0000] {processor.py:157} INFO - Started process (PID=121) to work on /home/airflow/.local/lib/python3.8/site-packages/airflow/example_dags/example_latest_only_with_trigger.py
[2024-03-26T06:04:44.017+0000] {processor.py:829} INFO - Processing file /home/airflow/.local/lib/python3.8/site-packages/airflow/example_dags/example_latest_only_with_trigger.py for tasks to queue
[2024-03-26T06:04:44.021+0000] {logging_mixin.py:151} INFO - [2024-03-26T06:04:44.020+0000] {dagbag.py:539} INFO - Filling up the DagBag from /home/airflow/.local/lib/python3.8/site-packages/airflow/example_dags/example_latest_only_with_trigger.py
[2024-03-26T06:04:44.032+0000] {processor.py:839} INFO - DAG(s) dict_keys(['latest_only_with_trigger']) retrieved from /home/airflow/.local/lib/python3.8/site-packages/airflow/example_dags/example_latest_only_with_trigger.py
[2024-03-26T06:04:44.064+0000] {logging_mixin.py:151} INFO - [2024-03-26T06:04:44.063+0000] {dag.py:2915} INFO - Sync 1 DAGs
[2024-03-26T06:04:44.099+0000] {logging_mixin.py:151} INFO - [2024-03-26T06:04:44.099+0000] {dag.py:3696} INFO - Setting next_dagrun for latest_only_with_trigger to 2024-03-26T02:04:44.098765+00:00, run_after=2024-03-26T06:04:44.098765+00:00
[2024-03-26T06:04:44.129+0000] {processor.py:179} INFO - Processing /home/airflow/.local/lib/python3.8/site-packages/airflow/example_dags/example_latest_only_with_trigger.py took 0.119 seconds
[2024-03-26T06:05:14.568+0000] {processor.py:157} INFO - Started process (PID=175) to work on /home/airflow/.local/lib/python3.8/site-packages/airflow/example_dags/example_latest_only_with_trigger.py
[2024-03-26T06:05:14.579+0000] {processor.py:829} INFO - Processing file /home/airflow/.local/lib/python3.8/site-packages/airflow/example_dags/example_latest_only_with_trigger.py for tasks to queue
[2024-03-26T06:05:14.583+0000] {logging_mixin.py:151} INFO - [2024-03-26T06:05:14.582+0000] {dagbag.py:539} INFO - Filling up the DagBag from /home/airflow/.local/lib/python3.8/site-packages/airflow/example_dags/example_latest_only_with_trigger.py
[2024-03-26T06:05:14.592+0000] {processor.py:839} INFO - DAG(s) dict_keys(['latest_only_with_trigger']) retrieved from /home/airflow/.local/lib/python3.8/site-packages/airflow/example_dags/example_latest_only_with_trigger.py
[2024-03-26T06:05:14.623+0000] {logging_mixin.py:151} INFO - [2024-03-26T06:05:14.623+0000] {dag.py:2915} INFO - Sync 1 DAGs
[2024-03-26T06:05:14.651+0000] {logging_mixin.py:151} INFO - [2024-03-26T06:05:14.651+0000] {dag.py:3696} INFO - Setting next_dagrun for latest_only_with_trigger to 2024-03-26T02:05:14.650654+00:00, run_after=2024-03-26T06:05:14.650654+00:00
[2024-03-26T06:05:14.705+0000] {processor.py:179} INFO - Processing /home/airflow/.local/lib/python3.8/site-packages/airflow/example_dags/example_latest_only_with_trigger.py took 0.141 seconds
[2024-03-26T06:05:47.525+0000] {processor.py:157} INFO - Started process (PID=229) to work on /home/airflow/.local/lib/python3.8/site-packages/airflow/example_dags/example_latest_only_with_trigger.py
[2024-03-26T06:05:47.526+0000] {processor.py:829} INFO - Processing file /home/airflow/.local/lib/python3.8/site-packages/airflow/example_dags/example_latest_only_with_trigger.py for tasks to queue
[2024-03-26T06:05:47.531+0000] {logging_mixin.py:151} INFO - [2024-03-26T06:05:47.530+0000] {dagbag.py:539} INFO - Filling up the DagBag from /home/airflow/.local/lib/python3.8/site-packages/airflow/example_dags/example_latest_only_with_trigger.py
[2024-03-26T06:05:47.542+0000] {processor.py:839} INFO - DAG(s) dict_keys(['latest_only_with_trigger']) retrieved from /home/airflow/.local/lib/python3.8/site-packages/airflow/example_dags/example_latest_only_with_trigger.py
[2024-03-26T06:05:47.571+0000] {logging_mixin.py:151} INFO - [2024-03-26T06:05:47.570+0000] {dag.py:2915} INFO - Sync 1 DAGs
[2024-03-26T06:05:47.603+0000] {logging_mixin.py:151} INFO - [2024-03-26T06:05:47.603+0000] {dag.py:3696} INFO - Setting next_dagrun for latest_only_with_trigger to 2024-03-26T02:05:47.603049+00:00, run_after=2024-03-26T06:05:47.603049+00:00
[2024-03-26T06:05:47.640+0000] {processor.py:179} INFO - Processing /home/airflow/.local/lib/python3.8/site-packages/airflow/example_dags/example_latest_only_with_trigger.py took 0.121 seconds
[2024-03-26T06:06:19.651+0000] {processor.py:157} INFO - Started process (PID=290) to work on /home/airflow/.local/lib/python3.8/site-packages/airflow/example_dags/example_latest_only_with_trigger.py
[2024-03-26T06:06:19.655+0000] {processor.py:829} INFO - Processing file /home/airflow/.local/lib/python3.8/site-packages/airflow/example_dags/example_latest_only_with_trigger.py for tasks to queue
[2024-03-26T06:06:19.663+0000] {logging_mixin.py:151} INFO - [2024-03-26T06:06:19.660+0000] {dagbag.py:539} INFO - Filling up the DagBag from /home/airflow/.local/lib/python3.8/site-packages/airflow/example_dags/example_latest_only_with_trigger.py
[2024-03-26T06:06:19.679+0000] {processor.py:839} INFO - DAG(s) dict_keys(['latest_only_with_trigger']) retrieved from /home/airflow/.local/lib/python3.8/site-packages/airflow/example_dags/example_latest_only_with_trigger.py
[2024-03-26T06:06:19.734+0000] {logging_mixin.py:151} INFO - [2024-03-26T06:06:19.733+0000] {dag.py:2915} INFO - Sync 1 DAGs
[2024-03-26T06:06:19.784+0000] {logging_mixin.py:151} INFO - [2024-03-26T06:06:19.783+0000] {dag.py:3696} INFO - Setting next_dagrun for latest_only_with_trigger to 2024-03-26T02:06:19.781921+00:00, run_after=2024-03-26T06:06:19.781921+00:00
[2024-03-26T06:06:19.833+0000] {processor.py:179} INFO - Processing /home/airflow/.local/lib/python3.8/site-packages/airflow/example_dags/example_latest_only_with_trigger.py took 0.189 seconds
[2024-03-26T06:06:52.782+0000] {processor.py:157} INFO - Started process (PID=344) to work on /home/airflow/.local/lib/python3.8/site-packages/airflow/example_dags/example_latest_only_with_trigger.py
[2024-03-26T06:06:52.784+0000] {processor.py:829} INFO - Processing file /home/airflow/.local/lib/python3.8/site-packages/airflow/example_dags/example_latest_only_with_trigger.py for tasks to queue
[2024-03-26T06:06:52.789+0000] {logging_mixin.py:151} INFO - [2024-03-26T06:06:52.788+0000] {dagbag.py:539} INFO - Filling up the DagBag from /home/airflow/.local/lib/python3.8/site-packages/airflow/example_dags/example_latest_only_with_trigger.py
[2024-03-26T06:06:52.803+0000] {processor.py:839} INFO - DAG(s) dict_keys(['latest_only_with_trigger']) retrieved from /home/airflow/.local/lib/python3.8/site-packages/airflow/example_dags/example_latest_only_with_trigger.py
[2024-03-26T06:06:52.849+0000] {logging_mixin.py:151} INFO - [2024-03-26T06:06:52.848+0000] {dag.py:2915} INFO - Sync 1 DAGs
[2024-03-26T06:06:52.901+0000] {logging_mixin.py:151} INFO - [2024-03-26T06:06:52.901+0000] {dag.py:3696} INFO - Setting next_dagrun for latest_only_with_trigger to 2024-03-26T02:06:52.900073+00:00, run_after=2024-03-26T06:06:52.900073+00:00
[2024-03-26T06:06:52.938+0000] {processor.py:179} INFO - Processing /home/airflow/.local/lib/python3.8/site-packages/airflow/example_dags/example_latest_only_with_trigger.py took 0.162 seconds
[2024-03-26T06:07:24.764+0000] {processor.py:157} INFO - Started process (PID=398) to work on /home/airflow/.local/lib/python3.8/site-packages/airflow/example_dags/example_latest_only_with_trigger.py
[2024-03-26T06:07:24.766+0000] {processor.py:829} INFO - Processing file /home/airflow/.local/lib/python3.8/site-packages/airflow/example_dags/example_latest_only_with_trigger.py for tasks to queue
[2024-03-26T06:07:24.769+0000] {logging_mixin.py:151} INFO - [2024-03-26T06:07:24.769+0000] {dagbag.py:539} INFO - Filling up the DagBag from /home/airflow/.local/lib/python3.8/site-packages/airflow/example_dags/example_latest_only_with_trigger.py
[2024-03-26T06:07:24.778+0000] {processor.py:839} INFO - DAG(s) dict_keys(['latest_only_with_trigger']) retrieved from /home/airflow/.local/lib/python3.8/site-packages/airflow/example_dags/example_latest_only_with_trigger.py
[2024-03-26T06:07:24.810+0000] {logging_mixin.py:151} INFO - [2024-03-26T06:07:24.810+0000] {dag.py:2915} INFO - Sync 1 DAGs
[2024-03-26T06:07:24.841+0000] {logging_mixin.py:151} INFO - [2024-03-26T06:07:24.840+0000] {dag.py:3696} INFO - Setting next_dagrun for latest_only_with_trigger to 2024-03-26T02:07:24.840219+00:00, run_after=2024-03-26T06:07:24.840219+00:00
[2024-03-26T06:07:24.869+0000] {processor.py:179} INFO - Processing /home/airflow/.local/lib/python3.8/site-packages/airflow/example_dags/example_latest_only_with_trigger.py took 0.108 seconds
[2024-03-26T06:07:55.678+0000] {processor.py:157} INFO - Started process (PID=452) to work on /home/airflow/.local/lib/python3.8/site-packages/airflow/example_dags/example_latest_only_with_trigger.py
[2024-03-26T06:07:55.679+0000] {processor.py:829} INFO - Processing file /home/airflow/.local/lib/python3.8/site-packages/airflow/example_dags/example_latest_only_with_trigger.py for tasks to queue
[2024-03-26T06:07:55.682+0000] {logging_mixin.py:151} INFO - [2024-03-26T06:07:55.681+0000] {dagbag.py:539} INFO - Filling up the DagBag from /home/airflow/.local/lib/python3.8/site-packages/airflow/example_dags/example_latest_only_with_trigger.py
[2024-03-26T06:07:55.688+0000] {processor.py:839} INFO - DAG(s) dict_keys(['latest_only_with_trigger']) retrieved from /home/airflow/.local/lib/python3.8/site-packages/airflow/example_dags/example_latest_only_with_trigger.py
[2024-03-26T06:07:55.715+0000] {logging_mixin.py:151} INFO - [2024-03-26T06:07:55.715+0000] {dag.py:2915} INFO - Sync 1 DAGs
[2024-03-26T06:07:55.743+0000] {logging_mixin.py:151} INFO - [2024-03-26T06:07:55.743+0000] {dag.py:3696} INFO - Setting next_dagrun for latest_only_with_trigger to 2024-03-26T02:07:55.742805+00:00, run_after=2024-03-26T06:07:55.742805+00:00
[2024-03-26T06:07:55.769+0000] {processor.py:179} INFO - Processing /home/airflow/.local/lib/python3.8/site-packages/airflow/example_dags/example_latest_only_with_trigger.py took 0.096 seconds
[2024-03-26T06:08:26.469+0000] {processor.py:157} INFO - Started process (PID=506) to work on /home/airflow/.local/lib/python3.8/site-packages/airflow/example_dags/example_latest_only_with_trigger.py
[2024-03-26T06:08:26.471+0000] {processor.py:829} INFO - Processing file /home/airflow/.local/lib/python3.8/site-packages/airflow/example_dags/example_latest_only_with_trigger.py for tasks to queue
[2024-03-26T06:08:26.475+0000] {logging_mixin.py:151} INFO - [2024-03-26T06:08:26.474+0000] {dagbag.py:539} INFO - Filling up the DagBag from /home/airflow/.local/lib/python3.8/site-packages/airflow/example_dags/example_latest_only_with_trigger.py
[2024-03-26T06:08:26.483+0000] {processor.py:839} INFO - DAG(s) dict_keys(['latest_only_with_trigger']) retrieved from /home/airflow/.local/lib/python3.8/site-packages/airflow/example_dags/example_latest_only_with_trigger.py
[2024-03-26T06:08:26.513+0000] {logging_mixin.py:151} INFO - [2024-03-26T06:08:26.512+0000] {dag.py:2915} INFO - Sync 1 DAGs
[2024-03-26T06:08:26.545+0000] {logging_mixin.py:151} INFO - [2024-03-26T06:08:26.545+0000] {dag.py:3696} INFO - Setting next_dagrun for latest_only_with_trigger to 2024-03-26T02:08:26.545118+00:00, run_after=2024-03-26T06:08:26.545118+00:00
[2024-03-26T06:08:26.576+0000] {processor.py:179} INFO - Processing /home/airflow/.local/lib/python3.8/site-packages/airflow/example_dags/example_latest_only_with_trigger.py took 0.160 seconds
[2024-03-26T06:08:56.775+0000] {processor.py:157} INFO - Started process (PID=560) to work on /home/airflow/.local/lib/python3.8/site-packages/airflow/example_dags/example_latest_only_with_trigger.py
[2024-03-26T06:08:56.776+0000] {processor.py:829} INFO - Processing file /home/airflow/.local/lib/python3.8/site-packages/airflow/example_dags/example_latest_only_with_trigger.py for tasks to queue
[2024-03-26T06:08:56.779+0000] {logging_mixin.py:151} INFO - [2024-03-26T06:08:56.779+0000] {dagbag.py:539} INFO - Filling up the DagBag from /home/airflow/.local/lib/python3.8/site-packages/airflow/example_dags/example_latest_only_with_trigger.py
[2024-03-26T06:08:56.787+0000] {processor.py:839} INFO - DAG(s) dict_keys(['latest_only_with_trigger']) retrieved from /home/airflow/.local/lib/python3.8/site-packages/airflow/example_dags/example_latest_only_with_trigger.py
[2024-03-26T06:08:56.815+0000] {logging_mixin.py:151} INFO - [2024-03-26T06:08:56.815+0000] {dag.py:2915} INFO - Sync 1 DAGs
[2024-03-26T06:08:56.844+0000] {logging_mixin.py:151} INFO - [2024-03-26T06:08:56.843+0000] {dag.py:3696} INFO - Setting next_dagrun for latest_only_with_trigger to 2024-03-26T02:08:56.843549+00:00, run_after=2024-03-26T06:08:56.843549+00:00
[2024-03-26T06:08:56.867+0000] {processor.py:179} INFO - Processing /home/airflow/.local/lib/python3.8/site-packages/airflow/example_dags/example_latest_only_with_trigger.py took 0.096 seconds
[2024-03-26T06:09:28.110+0000] {processor.py:157} INFO - Started process (PID=614) to work on /home/airflow/.local/lib/python3.8/site-packages/airflow/example_dags/example_latest_only_with_trigger.py
[2024-03-26T06:09:28.112+0000] {processor.py:829} INFO - Processing file /home/airflow/.local/lib/python3.8/site-packages/airflow/example_dags/example_latest_only_with_trigger.py for tasks to queue
[2024-03-26T06:09:28.114+0000] {logging_mixin.py:151} INFO - [2024-03-26T06:09:28.114+0000] {dagbag.py:539} INFO - Filling up the DagBag from /home/airflow/.local/lib/python3.8/site-packages/airflow/example_dags/example_latest_only_with_trigger.py
[2024-03-26T06:09:28.122+0000] {processor.py:839} INFO - DAG(s) dict_keys(['latest_only_with_trigger']) retrieved from /home/airflow/.local/lib/python3.8/site-packages/airflow/example_dags/example_latest_only_with_trigger.py
[2024-03-26T06:09:28.146+0000] {logging_mixin.py:151} INFO - [2024-03-26T06:09:28.146+0000] {dag.py:2915} INFO - Sync 1 DAGs
[2024-03-26T06:09:28.174+0000] {logging_mixin.py:151} INFO - [2024-03-26T06:09:28.173+0000] {dag.py:3696} INFO - Setting next_dagrun for latest_only_with_trigger to 2024-03-26T02:09:28.173664+00:00, run_after=2024-03-26T06:09:28.173664+00:00
[2024-03-26T06:09:28.198+0000] {processor.py:179} INFO - Processing /home/airflow/.local/lib/python3.8/site-packages/airflow/example_dags/example_latest_only_with_trigger.py took 0.093 seconds
[2024-03-26T06:09:58.728+0000] {processor.py:157} INFO - Started process (PID=668) to work on /home/airflow/.local/lib/python3.8/site-packages/airflow/example_dags/example_latest_only_with_trigger.py
[2024-03-26T06:09:58.729+0000] {processor.py:829} INFO - Processing file /home/airflow/.local/lib/python3.8/site-packages/airflow/example_dags/example_latest_only_with_trigger.py for tasks to queue
[2024-03-26T06:09:58.732+0000] {logging_mixin.py:151} INFO - [2024-03-26T06:09:58.732+0000] {dagbag.py:539} INFO - Filling up the DagBag from /home/airflow/.local/lib/python3.8/site-packages/airflow/example_dags/example_latest_only_with_trigger.py
[2024-03-26T06:09:58.739+0000] {processor.py:839} INFO - DAG(s) dict_keys(['latest_only_with_trigger']) retrieved from /home/airflow/.local/lib/python3.8/site-packages/airflow/example_dags/example_latest_only_with_trigger.py
[2024-03-26T06:09:58.764+0000] {logging_mixin.py:151} INFO - [2024-03-26T06:09:58.763+0000] {dag.py:2915} INFO - Sync 1 DAGs
[2024-03-26T06:09:58.789+0000] {logging_mixin.py:151} INFO - [2024-03-26T06:09:58.789+0000] {dag.py:3696} INFO - Setting next_dagrun for latest_only_with_trigger to 2024-03-26T02:09:58.788646+00:00, run_after=2024-03-26T06:09:58.788646+00:00
[2024-03-26T06:09:58.824+0000] {processor.py:179} INFO - Processing /home/airflow/.local/lib/python3.8/site-packages/airflow/example_dags/example_latest_only_with_trigger.py took 0.100 seconds
[2024-03-26T06:10:29.262+0000] {processor.py:157} INFO - Started process (PID=722) to work on /home/airflow/.local/lib/python3.8/site-packages/airflow/example_dags/example_latest_only_with_trigger.py
[2024-03-26T06:10:29.264+0000] {processor.py:829} INFO - Processing file /home/airflow/.local/lib/python3.8/site-packages/airflow/example_dags/example_latest_only_with_trigger.py for tasks to queue
[2024-03-26T06:10:29.267+0000] {logging_mixin.py:151} INFO - [2024-03-26T06:10:29.266+0000] {dagbag.py:539} INFO - Filling up the DagBag from /home/airflow/.local/lib/python3.8/site-packages/airflow/example_dags/example_latest_only_with_trigger.py
[2024-03-26T06:10:29.273+0000] {processor.py:839} INFO - DAG(s) dict_keys(['latest_only_with_trigger']) retrieved from /home/airflow/.local/lib/python3.8/site-packages/airflow/example_dags/example_latest_only_with_trigger.py
[2024-03-26T06:10:29.297+0000] {logging_mixin.py:151} INFO - [2024-03-26T06:10:29.297+0000] {dag.py:2915} INFO - Sync 1 DAGs
[2024-03-26T06:10:29.321+0000] {logging_mixin.py:151} INFO - [2024-03-26T06:10:29.321+0000] {dag.py:3696} INFO - Setting next_dagrun for latest_only_with_trigger to 2024-03-26T02:10:29.320769+00:00, run_after=2024-03-26T06:10:29.320769+00:00
[2024-03-26T06:10:29.357+0000] {processor.py:179} INFO - Processing /home/airflow/.local/lib/python3.8/site-packages/airflow/example_dags/example_latest_only_with_trigger.py took 0.099 seconds
[2024-03-26T06:10:59.792+0000] {processor.py:157} INFO - Started process (PID=776) to work on /home/airflow/.local/lib/python3.8/site-packages/airflow/example_dags/example_latest_only_with_trigger.py
[2024-03-26T06:10:59.793+0000] {processor.py:829} INFO - Processing file /home/airflow/.local/lib/python3.8/site-packages/airflow/example_dags/example_latest_only_with_trigger.py for tasks to queue
[2024-03-26T06:10:59.797+0000] {logging_mixin.py:151} INFO - [2024-03-26T06:10:59.796+0000] {dagbag.py:539} INFO - Filling up the DagBag from /home/airflow/.local/lib/python3.8/site-packages/airflow/example_dags/example_latest_only_with_trigger.py
[2024-03-26T06:10:59.803+0000] {processor.py:839} INFO - DAG(s) dict_keys(['latest_only_with_trigger']) retrieved from /home/airflow/.local/lib/python3.8/site-packages/airflow/example_dags/example_latest_only_with_trigger.py
[2024-03-26T06:10:59.830+0000] {logging_mixin.py:151} INFO - [2024-03-26T06:10:59.829+0000] {dag.py:2915} INFO - Sync 1 DAGs
[2024-03-26T06:10:59.858+0000] {logging_mixin.py:151} INFO - [2024-03-26T06:10:59.858+0000] {dag.py:3696} INFO - Setting next_dagrun for latest_only_with_trigger to 2024-03-26T02:10:59.857404+00:00, run_after=2024-03-26T06:10:59.857404+00:00
[2024-03-26T06:10:59.892+0000] {processor.py:179} INFO - Processing /home/airflow/.local/lib/python3.8/site-packages/airflow/example_dags/example_latest_only_with_trigger.py took 0.104 seconds
[2024-03-26T06:11:30.617+0000] {processor.py:157} INFO - Started process (PID=830) to work on /home/airflow/.local/lib/python3.8/site-packages/airflow/example_dags/example_latest_only_with_trigger.py
[2024-03-26T06:11:30.619+0000] {processor.py:829} INFO - Processing file /home/airflow/.local/lib/python3.8/site-packages/airflow/example_dags/example_latest_only_with_trigger.py for tasks to queue
[2024-03-26T06:11:30.621+0000] {logging_mixin.py:151} INFO - [2024-03-26T06:11:30.621+0000] {dagbag.py:539} INFO - Filling up the DagBag from /home/airflow/.local/lib/python3.8/site-packages/airflow/example_dags/example_latest_only_with_trigger.py
[2024-03-26T06:11:30.629+0000] {processor.py:839} INFO - DAG(s) dict_keys(['latest_only_with_trigger']) retrieved from /home/airflow/.local/lib/python3.8/site-packages/airflow/example_dags/example_latest_only_with_trigger.py
[2024-03-26T06:11:30.658+0000] {logging_mixin.py:151} INFO - [2024-03-26T06:11:30.658+0000] {dag.py:2915} INFO - Sync 1 DAGs
[2024-03-26T06:11:30.685+0000] {logging_mixin.py:151} INFO - [2024-03-26T06:11:30.684+0000] {dag.py:3696} INFO - Setting next_dagrun for latest_only_with_trigger to 2024-03-26T02:11:30.684571+00:00, run_after=2024-03-26T06:11:30.684571+00:00
[2024-03-26T06:11:30.714+0000] {processor.py:179} INFO - Processing /home/airflow/.local/lib/python3.8/site-packages/airflow/example_dags/example_latest_only_with_trigger.py took 0.101 seconds
[2024-03-26T06:12:01.803+0000] {processor.py:157} INFO - Started process (PID=884) to work on /home/airflow/.local/lib/python3.8/site-packages/airflow/example_dags/example_latest_only_with_trigger.py
[2024-03-26T06:12:01.805+0000] {processor.py:829} INFO - Processing file /home/airflow/.local/lib/python3.8/site-packages/airflow/example_dags/example_latest_only_with_trigger.py for tasks to queue
[2024-03-26T06:12:01.808+0000] {logging_mixin.py:151} INFO - [2024-03-26T06:12:01.807+0000] {dagbag.py:539} INFO - Filling up the DagBag from /home/airflow/.local/lib/python3.8/site-packages/airflow/example_dags/example_latest_only_with_trigger.py
[2024-03-26T06:12:01.815+0000] {processor.py:839} INFO - DAG(s) dict_keys(['latest_only_with_trigger']) retrieved from /home/airflow/.local/lib/python3.8/site-packages/airflow/example_dags/example_latest_only_with_trigger.py
[2024-03-26T06:12:01.842+0000] {logging_mixin.py:151} INFO - [2024-03-26T06:12:01.842+0000] {dag.py:2915} INFO - Sync 1 DAGs
[2024-03-26T06:12:01.869+0000] {logging_mixin.py:151} INFO - [2024-03-26T06:12:01.869+0000] {dag.py:3696} INFO - Setting next_dagrun for latest_only_with_trigger to 2024-03-26T02:12:01.869132+00:00, run_after=2024-03-26T06:12:01.869132+00:00
[2024-03-26T06:12:01.891+0000] {processor.py:179} INFO - Processing /home/airflow/.local/lib/python3.8/site-packages/airflow/example_dags/example_latest_only_with_trigger.py took 0.092 seconds
[2024-03-26T06:12:32.262+0000] {processor.py:157} INFO - Started process (PID=938) to work on /home/airflow/.local/lib/python3.8/site-packages/airflow/example_dags/example_latest_only_with_trigger.py
[2024-03-26T06:12:32.263+0000] {processor.py:829} INFO - Processing file /home/airflow/.local/lib/python3.8/site-packages/airflow/example_dags/example_latest_only_with_trigger.py for tasks to queue
[2024-03-26T06:12:32.267+0000] {logging_mixin.py:151} INFO - [2024-03-26T06:12:32.267+0000] {dagbag.py:539} INFO - Filling up the DagBag from /home/airflow/.local/lib/python3.8/site-packages/airflow/example_dags/example_latest_only_with_trigger.py
[2024-03-26T06:12:32.275+0000] {processor.py:839} INFO - DAG(s) dict_keys(['latest_only_with_trigger']) retrieved from /home/airflow/.local/lib/python3.8/site-packages/airflow/example_dags/example_latest_only_with_trigger.py
[2024-03-26T06:12:32.302+0000] {logging_mixin.py:151} INFO - [2024-03-26T06:12:32.302+0000] {dag.py:2915} INFO - Sync 1 DAGs
[2024-03-26T06:12:32.332+0000] {logging_mixin.py:151} INFO - [2024-03-26T06:12:32.332+0000] {dag.py:3696} INFO - Setting next_dagrun for latest_only_with_trigger to 2024-03-26T02:12:32.331795+00:00, run_after=2024-03-26T06:12:32.331795+00:00
[2024-03-26T06:12:32.367+0000] {processor.py:179} INFO - Processing /home/airflow/.local/lib/python3.8/site-packages/airflow/example_dags/example_latest_only_with_trigger.py took 0.109 seconds
[2024-03-26T06:19:09.226+0000] {processor.py:157} INFO - Started process (PID=1016) to work on /home/airflow/.local/lib/python3.8/site-packages/airflow/example_dags/example_latest_only_with_trigger.py
[2024-03-26T06:19:09.229+0000] {processor.py:829} INFO - Processing file /home/airflow/.local/lib/python3.8/site-packages/airflow/example_dags/example_latest_only_with_trigger.py for tasks to queue
[2024-03-26T06:19:09.233+0000] {logging_mixin.py:151} INFO - [2024-03-26T06:19:09.232+0000] {dagbag.py:539} INFO - Filling up the DagBag from /home/airflow/.local/lib/python3.8/site-packages/airflow/example_dags/example_latest_only_with_trigger.py
[2024-03-26T06:19:09.253+0000] {processor.py:839} INFO - DAG(s) dict_keys(['latest_only_with_trigger']) retrieved from /home/airflow/.local/lib/python3.8/site-packages/airflow/example_dags/example_latest_only_with_trigger.py
[2024-03-26T06:19:09.324+0000] {logging_mixin.py:151} INFO - [2024-03-26T06:19:09.323+0000] {dag.py:2915} INFO - Sync 1 DAGs
[2024-03-26T06:19:09.401+0000] {logging_mixin.py:151} INFO - [2024-03-26T06:19:09.401+0000] {dag.py:3696} INFO - Setting next_dagrun for latest_only_with_trigger to 2024-03-26T02:19:09.400905+00:00, run_after=2024-03-26T06:19:09.400905+00:00
[2024-03-26T06:19:09.450+0000] {processor.py:179} INFO - Processing /home/airflow/.local/lib/python3.8/site-packages/airflow/example_dags/example_latest_only_with_trigger.py took 0.229 seconds
[2024-03-26T06:19:40.047+0000] {processor.py:157} INFO - Started process (PID=1069) to work on /home/airflow/.local/lib/python3.8/site-packages/airflow/example_dags/example_latest_only_with_trigger.py
[2024-03-26T06:19:40.049+0000] {processor.py:829} INFO - Processing file /home/airflow/.local/lib/python3.8/site-packages/airflow/example_dags/example_latest_only_with_trigger.py for tasks to queue
[2024-03-26T06:19:40.053+0000] {logging_mixin.py:151} INFO - [2024-03-26T06:19:40.052+0000] {dagbag.py:539} INFO - Filling up the DagBag from /home/airflow/.local/lib/python3.8/site-packages/airflow/example_dags/example_latest_only_with_trigger.py
[2024-03-26T06:19:40.061+0000] {processor.py:839} INFO - DAG(s) dict_keys(['latest_only_with_trigger']) retrieved from /home/airflow/.local/lib/python3.8/site-packages/airflow/example_dags/example_latest_only_with_trigger.py
[2024-03-26T06:19:40.091+0000] {logging_mixin.py:151} INFO - [2024-03-26T06:19:40.091+0000] {dag.py:2915} INFO - Sync 1 DAGs
[2024-03-26T06:19:40.121+0000] {logging_mixin.py:151} INFO - [2024-03-26T06:19:40.121+0000] {dag.py:3696} INFO - Setting next_dagrun for latest_only_with_trigger to 2024-03-26T02:19:40.120629+00:00, run_after=2024-03-26T06:19:40.120629+00:00
[2024-03-26T06:19:40.148+0000] {processor.py:179} INFO - Processing /home/airflow/.local/lib/python3.8/site-packages/airflow/example_dags/example_latest_only_with_trigger.py took 0.105 seconds
[2024-03-26T06:20:10.909+0000] {processor.py:157} INFO - Started process (PID=1123) to work on /home/airflow/.local/lib/python3.8/site-packages/airflow/example_dags/example_latest_only_with_trigger.py
[2024-03-26T06:20:10.910+0000] {processor.py:829} INFO - Processing file /home/airflow/.local/lib/python3.8/site-packages/airflow/example_dags/example_latest_only_with_trigger.py for tasks to queue
[2024-03-26T06:20:10.914+0000] {logging_mixin.py:151} INFO - [2024-03-26T06:20:10.914+0000] {dagbag.py:539} INFO - Filling up the DagBag from /home/airflow/.local/lib/python3.8/site-packages/airflow/example_dags/example_latest_only_with_trigger.py
[2024-03-26T06:20:10.921+0000] {processor.py:839} INFO - DAG(s) dict_keys(['latest_only_with_trigger']) retrieved from /home/airflow/.local/lib/python3.8/site-packages/airflow/example_dags/example_latest_only_with_trigger.py
[2024-03-26T06:20:10.952+0000] {logging_mixin.py:151} INFO - [2024-03-26T06:20:10.951+0000] {dag.py:2915} INFO - Sync 1 DAGs
[2024-03-26T06:20:10.982+0000] {logging_mixin.py:151} INFO - [2024-03-26T06:20:10.982+0000] {dag.py:3696} INFO - Setting next_dagrun for latest_only_with_trigger to 2024-03-26T02:20:10.981744+00:00, run_after=2024-03-26T06:20:10.981744+00:00
[2024-03-26T06:20:11.008+0000] {processor.py:179} INFO - Processing /home/airflow/.local/lib/python3.8/site-packages/airflow/example_dags/example_latest_only_with_trigger.py took 0.105 seconds
[2024-03-26T06:20:41.160+0000] {processor.py:157} INFO - Started process (PID=1177) to work on /home/airflow/.local/lib/python3.8/site-packages/airflow/example_dags/example_latest_only_with_trigger.py
[2024-03-26T06:20:41.162+0000] {processor.py:829} INFO - Processing file /home/airflow/.local/lib/python3.8/site-packages/airflow/example_dags/example_latest_only_with_trigger.py for tasks to queue
[2024-03-26T06:20:41.165+0000] {logging_mixin.py:151} INFO - [2024-03-26T06:20:41.165+0000] {dagbag.py:539} INFO - Filling up the DagBag from /home/airflow/.local/lib/python3.8/site-packages/airflow/example_dags/example_latest_only_with_trigger.py
[2024-03-26T06:20:41.171+0000] {processor.py:839} INFO - DAG(s) dict_keys(['latest_only_with_trigger']) retrieved from /home/airflow/.local/lib/python3.8/site-packages/airflow/example_dags/example_latest_only_with_trigger.py
[2024-03-26T06:20:41.196+0000] {logging_mixin.py:151} INFO - [2024-03-26T06:20:41.196+0000] {dag.py:2915} INFO - Sync 1 DAGs
[2024-03-26T06:20:41.222+0000] {logging_mixin.py:151} INFO - [2024-03-26T06:20:41.222+0000] {dag.py:3696} INFO - Setting next_dagrun for latest_only_with_trigger to 2024-03-26T02:20:41.221779+00:00, run_after=2024-03-26T06:20:41.221779+00:00
[2024-03-26T06:20:41.245+0000] {processor.py:179} INFO - Processing /home/airflow/.local/lib/python3.8/site-packages/airflow/example_dags/example_latest_only_with_trigger.py took 0.088 seconds
[2024-03-26T06:21:11.619+0000] {processor.py:157} INFO - Started process (PID=1230) to work on /home/airflow/.local/lib/python3.8/site-packages/airflow/example_dags/example_latest_only_with_trigger.py
[2024-03-26T06:21:11.621+0000] {processor.py:829} INFO - Processing file /home/airflow/.local/lib/python3.8/site-packages/airflow/example_dags/example_latest_only_with_trigger.py for tasks to queue
[2024-03-26T06:21:11.625+0000] {logging_mixin.py:151} INFO - [2024-03-26T06:21:11.624+0000] {dagbag.py:539} INFO - Filling up the DagBag from /home/airflow/.local/lib/python3.8/site-packages/airflow/example_dags/example_latest_only_with_trigger.py
[2024-03-26T06:21:11.632+0000] {processor.py:839} INFO - DAG(s) dict_keys(['latest_only_with_trigger']) retrieved from /home/airflow/.local/lib/python3.8/site-packages/airflow/example_dags/example_latest_only_with_trigger.py
[2024-03-26T06:21:11.659+0000] {logging_mixin.py:151} INFO - [2024-03-26T06:21:11.659+0000] {dag.py:2915} INFO - Sync 1 DAGs
[2024-03-26T06:21:11.683+0000] {logging_mixin.py:151} INFO - [2024-03-26T06:21:11.683+0000] {dag.py:3696} INFO - Setting next_dagrun for latest_only_with_trigger to 2024-03-26T02:21:11.682890+00:00, run_after=2024-03-26T06:21:11.682890+00:00
[2024-03-26T06:21:11.707+0000] {processor.py:179} INFO - Processing /home/airflow/.local/lib/python3.8/site-packages/airflow/example_dags/example_latest_only_with_trigger.py took 0.092 seconds
[2024-03-26T06:21:42.633+0000] {processor.py:157} INFO - Started process (PID=1285) to work on /home/airflow/.local/lib/python3.8/site-packages/airflow/example_dags/example_latest_only_with_trigger.py
[2024-03-26T06:21:42.634+0000] {processor.py:829} INFO - Processing file /home/airflow/.local/lib/python3.8/site-packages/airflow/example_dags/example_latest_only_with_trigger.py for tasks to queue
[2024-03-26T06:21:42.638+0000] {logging_mixin.py:151} INFO - [2024-03-26T06:21:42.637+0000] {dagbag.py:539} INFO - Filling up the DagBag from /home/airflow/.local/lib/python3.8/site-packages/airflow/example_dags/example_latest_only_with_trigger.py
[2024-03-26T06:21:42.644+0000] {processor.py:839} INFO - DAG(s) dict_keys(['latest_only_with_trigger']) retrieved from /home/airflow/.local/lib/python3.8/site-packages/airflow/example_dags/example_latest_only_with_trigger.py
[2024-03-26T06:21:42.668+0000] {logging_mixin.py:151} INFO - [2024-03-26T06:21:42.667+0000] {dag.py:2915} INFO - Sync 1 DAGs
[2024-03-26T06:21:42.691+0000] {logging_mixin.py:151} INFO - [2024-03-26T06:21:42.691+0000] {dag.py:3696} INFO - Setting next_dagrun for latest_only_with_trigger to 2024-03-26T02:21:42.691034+00:00, run_after=2024-03-26T06:21:42.691034+00:00
[2024-03-26T06:21:42.713+0000] {processor.py:179} INFO - Processing /home/airflow/.local/lib/python3.8/site-packages/airflow/example_dags/example_latest_only_with_trigger.py took 0.084 seconds
[2024-03-26T06:22:13.386+0000] {processor.py:157} INFO - Started process (PID=1339) to work on /home/airflow/.local/lib/python3.8/site-packages/airflow/example_dags/example_latest_only_with_trigger.py
[2024-03-26T06:22:13.388+0000] {processor.py:829} INFO - Processing file /home/airflow/.local/lib/python3.8/site-packages/airflow/example_dags/example_latest_only_with_trigger.py for tasks to queue
[2024-03-26T06:22:13.391+0000] {logging_mixin.py:151} INFO - [2024-03-26T06:22:13.390+0000] {dagbag.py:539} INFO - Filling up the DagBag from /home/airflow/.local/lib/python3.8/site-packages/airflow/example_dags/example_latest_only_with_trigger.py
[2024-03-26T06:22:13.398+0000] {processor.py:839} INFO - DAG(s) dict_keys(['latest_only_with_trigger']) retrieved from /home/airflow/.local/lib/python3.8/site-packages/airflow/example_dags/example_latest_only_with_trigger.py
[2024-03-26T06:22:13.421+0000] {logging_mixin.py:151} INFO - [2024-03-26T06:22:13.421+0000] {dag.py:2915} INFO - Sync 1 DAGs
[2024-03-26T06:22:13.447+0000] {logging_mixin.py:151} INFO - [2024-03-26T06:22:13.447+0000] {dag.py:3696} INFO - Setting next_dagrun for latest_only_with_trigger to 2024-03-26T02:22:13.446929+00:00, run_after=2024-03-26T06:22:13.446929+00:00
[2024-03-26T06:22:13.468+0000] {processor.py:179} INFO - Processing /home/airflow/.local/lib/python3.8/site-packages/airflow/example_dags/example_latest_only_with_trigger.py took 0.084 seconds
[2024-03-26T06:22:43.974+0000] {processor.py:157} INFO - Started process (PID=1393) to work on /home/airflow/.local/lib/python3.8/site-packages/airflow/example_dags/example_latest_only_with_trigger.py
[2024-03-26T06:22:43.976+0000] {processor.py:829} INFO - Processing file /home/airflow/.local/lib/python3.8/site-packages/airflow/example_dags/example_latest_only_with_trigger.py for tasks to queue
[2024-03-26T06:22:43.979+0000] {logging_mixin.py:151} INFO - [2024-03-26T06:22:43.979+0000] {dagbag.py:539} INFO - Filling up the DagBag from /home/airflow/.local/lib/python3.8/site-packages/airflow/example_dags/example_latest_only_with_trigger.py
[2024-03-26T06:22:43.986+0000] {processor.py:839} INFO - DAG(s) dict_keys(['latest_only_with_trigger']) retrieved from /home/airflow/.local/lib/python3.8/site-packages/airflow/example_dags/example_latest_only_with_trigger.py
[2024-03-26T06:22:44.012+0000] {logging_mixin.py:151} INFO - [2024-03-26T06:22:44.012+0000] {dag.py:2915} INFO - Sync 1 DAGs
[2024-03-26T06:22:44.038+0000] {logging_mixin.py:151} INFO - [2024-03-26T06:22:44.038+0000] {dag.py:3696} INFO - Setting next_dagrun for latest_only_with_trigger to 2024-03-26T02:22:44.037894+00:00, run_after=2024-03-26T06:22:44.037894+00:00
[2024-03-26T06:22:44.068+0000] {processor.py:179} INFO - Processing /home/airflow/.local/lib/python3.8/site-packages/airflow/example_dags/example_latest_only_with_trigger.py took 0.098 seconds
[2024-03-26T06:23:14.574+0000] {processor.py:157} INFO - Started process (PID=1447) to work on /home/airflow/.local/lib/python3.8/site-packages/airflow/example_dags/example_latest_only_with_trigger.py
[2024-03-26T06:23:14.576+0000] {processor.py:829} INFO - Processing file /home/airflow/.local/lib/python3.8/site-packages/airflow/example_dags/example_latest_only_with_trigger.py for tasks to queue
[2024-03-26T06:23:14.579+0000] {logging_mixin.py:151} INFO - [2024-03-26T06:23:14.579+0000] {dagbag.py:539} INFO - Filling up the DagBag from /home/airflow/.local/lib/python3.8/site-packages/airflow/example_dags/example_latest_only_with_trigger.py
[2024-03-26T06:23:14.586+0000] {processor.py:839} INFO - DAG(s) dict_keys(['latest_only_with_trigger']) retrieved from /home/airflow/.local/lib/python3.8/site-packages/airflow/example_dags/example_latest_only_with_trigger.py
[2024-03-26T06:23:14.610+0000] {logging_mixin.py:151} INFO - [2024-03-26T06:23:14.610+0000] {dag.py:2915} INFO - Sync 1 DAGs
[2024-03-26T06:23:14.634+0000] {logging_mixin.py:151} INFO - [2024-03-26T06:23:14.634+0000] {dag.py:3696} INFO - Setting next_dagrun for latest_only_with_trigger to 2024-03-26T02:23:14.633806+00:00, run_after=2024-03-26T06:23:14.633806+00:00
[2024-03-26T06:23:14.656+0000] {processor.py:179} INFO - Processing /home/airflow/.local/lib/python3.8/site-packages/airflow/example_dags/example_latest_only_with_trigger.py took 0.086 seconds
[2024-03-26T06:23:45.300+0000] {processor.py:157} INFO - Started process (PID=1501) to work on /home/airflow/.local/lib/python3.8/site-packages/airflow/example_dags/example_latest_only_with_trigger.py
[2024-03-26T06:23:45.301+0000] {processor.py:829} INFO - Processing file /home/airflow/.local/lib/python3.8/site-packages/airflow/example_dags/example_latest_only_with_trigger.py for tasks to queue
[2024-03-26T06:23:45.306+0000] {logging_mixin.py:151} INFO - [2024-03-26T06:23:45.305+0000] {dagbag.py:539} INFO - Filling up the DagBag from /home/airflow/.local/lib/python3.8/site-packages/airflow/example_dags/example_latest_only_with_trigger.py
[2024-03-26T06:23:45.314+0000] {processor.py:839} INFO - DAG(s) dict_keys(['latest_only_with_trigger']) retrieved from /home/airflow/.local/lib/python3.8/site-packages/airflow/example_dags/example_latest_only_with_trigger.py
[2024-03-26T06:23:45.345+0000] {logging_mixin.py:151} INFO - [2024-03-26T06:23:45.344+0000] {dag.py:2915} INFO - Sync 1 DAGs
[2024-03-26T06:23:45.382+0000] {logging_mixin.py:151} INFO - [2024-03-26T06:23:45.382+0000] {dag.py:3696} INFO - Setting next_dagrun for latest_only_with_trigger to 2024-03-26T02:23:45.382265+00:00, run_after=2024-03-26T06:23:45.382265+00:00
[2024-03-26T06:23:45.416+0000] {processor.py:179} INFO - Processing /home/airflow/.local/lib/python3.8/site-packages/airflow/example_dags/example_latest_only_with_trigger.py took 0.120 seconds
[2024-03-26T06:24:15.829+0000] {processor.py:157} INFO - Started process (PID=1556) to work on /home/airflow/.local/lib/python3.8/site-packages/airflow/example_dags/example_latest_only_with_trigger.py
[2024-03-26T06:24:15.830+0000] {processor.py:829} INFO - Processing file /home/airflow/.local/lib/python3.8/site-packages/airflow/example_dags/example_latest_only_with_trigger.py for tasks to queue
[2024-03-26T06:24:15.833+0000] {logging_mixin.py:151} INFO - [2024-03-26T06:24:15.833+0000] {dagbag.py:539} INFO - Filling up the DagBag from /home/airflow/.local/lib/python3.8/site-packages/airflow/example_dags/example_latest_only_with_trigger.py
[2024-03-26T06:24:15.839+0000] {processor.py:839} INFO - DAG(s) dict_keys(['latest_only_with_trigger']) retrieved from /home/airflow/.local/lib/python3.8/site-packages/airflow/example_dags/example_latest_only_with_trigger.py
[2024-03-26T06:24:15.870+0000] {logging_mixin.py:151} INFO - [2024-03-26T06:24:15.869+0000] {dag.py:2915} INFO - Sync 1 DAGs
[2024-03-26T06:24:15.901+0000] {logging_mixin.py:151} INFO - [2024-03-26T06:24:15.900+0000] {dag.py:3696} INFO - Setting next_dagrun for latest_only_with_trigger to 2024-03-26T02:24:15.900462+00:00, run_after=2024-03-26T06:24:15.900462+00:00
[2024-03-26T06:24:15.925+0000] {processor.py:179} INFO - Processing /home/airflow/.local/lib/python3.8/site-packages/airflow/example_dags/example_latest_only_with_trigger.py took 0.101 seconds
[2024-03-26T06:24:46.452+0000] {processor.py:157} INFO - Started process (PID=1609) to work on /home/airflow/.local/lib/python3.8/site-packages/airflow/example_dags/example_latest_only_with_trigger.py
[2024-03-26T06:24:46.454+0000] {processor.py:829} INFO - Processing file /home/airflow/.local/lib/python3.8/site-packages/airflow/example_dags/example_latest_only_with_trigger.py for tasks to queue
[2024-03-26T06:24:46.457+0000] {logging_mixin.py:151} INFO - [2024-03-26T06:24:46.456+0000] {dagbag.py:539} INFO - Filling up the DagBag from /home/airflow/.local/lib/python3.8/site-packages/airflow/example_dags/example_latest_only_with_trigger.py
[2024-03-26T06:24:46.465+0000] {processor.py:839} INFO - DAG(s) dict_keys(['latest_only_with_trigger']) retrieved from /home/airflow/.local/lib/python3.8/site-packages/airflow/example_dags/example_latest_only_with_trigger.py
[2024-03-26T06:24:46.487+0000] {logging_mixin.py:151} INFO - [2024-03-26T06:24:46.487+0000] {dag.py:2915} INFO - Sync 1 DAGs
[2024-03-26T06:24:46.511+0000] {logging_mixin.py:151} INFO - [2024-03-26T06:24:46.511+0000] {dag.py:3696} INFO - Setting next_dagrun for latest_only_with_trigger to 2024-03-26T02:24:46.511374+00:00, run_after=2024-03-26T06:24:46.511374+00:00
[2024-03-26T06:24:46.541+0000] {processor.py:179} INFO - Processing /home/airflow/.local/lib/python3.8/site-packages/airflow/example_dags/example_latest_only_with_trigger.py took 0.092 seconds
[2024-03-26T06:25:17.067+0000] {processor.py:157} INFO - Started process (PID=1663) to work on /home/airflow/.local/lib/python3.8/site-packages/airflow/example_dags/example_latest_only_with_trigger.py
[2024-03-26T06:25:17.068+0000] {processor.py:829} INFO - Processing file /home/airflow/.local/lib/python3.8/site-packages/airflow/example_dags/example_latest_only_with_trigger.py for tasks to queue
[2024-03-26T06:25:17.071+0000] {logging_mixin.py:151} INFO - [2024-03-26T06:25:17.071+0000] {dagbag.py:539} INFO - Filling up the DagBag from /home/airflow/.local/lib/python3.8/site-packages/airflow/example_dags/example_latest_only_with_trigger.py
[2024-03-26T06:25:17.079+0000] {processor.py:839} INFO - DAG(s) dict_keys(['latest_only_with_trigger']) retrieved from /home/airflow/.local/lib/python3.8/site-packages/airflow/example_dags/example_latest_only_with_trigger.py
[2024-03-26T06:25:17.105+0000] {logging_mixin.py:151} INFO - [2024-03-26T06:25:17.105+0000] {dag.py:2915} INFO - Sync 1 DAGs
[2024-03-26T06:25:17.130+0000] {logging_mixin.py:151} INFO - [2024-03-26T06:25:17.129+0000] {dag.py:3696} INFO - Setting next_dagrun for latest_only_with_trigger to 2024-03-26T02:25:17.129509+00:00, run_after=2024-03-26T06:25:17.129509+00:00
[2024-03-26T06:25:17.149+0000] {processor.py:179} INFO - Processing /home/airflow/.local/lib/python3.8/site-packages/airflow/example_dags/example_latest_only_with_trigger.py took 0.086 seconds
[2024-03-26T06:25:47.538+0000] {processor.py:157} INFO - Started process (PID=1717) to work on /home/airflow/.local/lib/python3.8/site-packages/airflow/example_dags/example_latest_only_with_trigger.py
[2024-03-26T06:25:47.539+0000] {processor.py:829} INFO - Processing file /home/airflow/.local/lib/python3.8/site-packages/airflow/example_dags/example_latest_only_with_trigger.py for tasks to queue
[2024-03-26T06:25:47.542+0000] {logging_mixin.py:151} INFO - [2024-03-26T06:25:47.542+0000] {dagbag.py:539} INFO - Filling up the DagBag from /home/airflow/.local/lib/python3.8/site-packages/airflow/example_dags/example_latest_only_with_trigger.py
[2024-03-26T06:25:47.548+0000] {processor.py:839} INFO - DAG(s) dict_keys(['latest_only_with_trigger']) retrieved from /home/airflow/.local/lib/python3.8/site-packages/airflow/example_dags/example_latest_only_with_trigger.py
[2024-03-26T06:25:47.574+0000] {logging_mixin.py:151} INFO - [2024-03-26T06:25:47.574+0000] {dag.py:2915} INFO - Sync 1 DAGs
[2024-03-26T06:25:47.602+0000] {logging_mixin.py:151} INFO - [2024-03-26T06:25:47.602+0000] {dag.py:3696} INFO - Setting next_dagrun for latest_only_with_trigger to 2024-03-26T02:25:47.601773+00:00, run_after=2024-03-26T06:25:47.601773+00:00
[2024-03-26T06:25:47.627+0000] {processor.py:179} INFO - Processing /home/airflow/.local/lib/python3.8/site-packages/airflow/example_dags/example_latest_only_with_trigger.py took 0.092 seconds
[2024-03-26T06:26:18.260+0000] {processor.py:157} INFO - Started process (PID=1772) to work on /home/airflow/.local/lib/python3.8/site-packages/airflow/example_dags/example_latest_only_with_trigger.py
[2024-03-26T06:26:18.262+0000] {processor.py:829} INFO - Processing file /home/airflow/.local/lib/python3.8/site-packages/airflow/example_dags/example_latest_only_with_trigger.py for tasks to queue
[2024-03-26T06:26:18.266+0000] {logging_mixin.py:151} INFO - [2024-03-26T06:26:18.266+0000] {dagbag.py:539} INFO - Filling up the DagBag from /home/airflow/.local/lib/python3.8/site-packages/airflow/example_dags/example_latest_only_with_trigger.py
[2024-03-26T06:26:18.275+0000] {processor.py:839} INFO - DAG(s) dict_keys(['latest_only_with_trigger']) retrieved from /home/airflow/.local/lib/python3.8/site-packages/airflow/example_dags/example_latest_only_with_trigger.py
[2024-03-26T06:26:18.299+0000] {logging_mixin.py:151} INFO - [2024-03-26T06:26:18.298+0000] {dag.py:2915} INFO - Sync 1 DAGs
[2024-03-26T06:26:18.323+0000] {logging_mixin.py:151} INFO - [2024-03-26T06:26:18.323+0000] {dag.py:3696} INFO - Setting next_dagrun for latest_only_with_trigger to 2024-03-26T02:26:18.322958+00:00, run_after=2024-03-26T06:26:18.322958+00:00
[2024-03-26T06:26:18.346+0000] {processor.py:179} INFO - Processing /home/airflow/.local/lib/python3.8/site-packages/airflow/example_dags/example_latest_only_with_trigger.py took 0.091 seconds
[2024-03-26T06:26:48.608+0000] {processor.py:157} INFO - Started process (PID=1825) to work on /home/airflow/.local/lib/python3.8/site-packages/airflow/example_dags/example_latest_only_with_trigger.py
[2024-03-26T06:26:48.610+0000] {processor.py:829} INFO - Processing file /home/airflow/.local/lib/python3.8/site-packages/airflow/example_dags/example_latest_only_with_trigger.py for tasks to queue
[2024-03-26T06:26:48.613+0000] {logging_mixin.py:151} INFO - [2024-03-26T06:26:48.613+0000] {dagbag.py:539} INFO - Filling up the DagBag from /home/airflow/.local/lib/python3.8/site-packages/airflow/example_dags/example_latest_only_with_trigger.py
[2024-03-26T06:26:48.618+0000] {processor.py:839} INFO - DAG(s) dict_keys(['latest_only_with_trigger']) retrieved from /home/airflow/.local/lib/python3.8/site-packages/airflow/example_dags/example_latest_only_with_trigger.py
[2024-03-26T06:26:48.644+0000] {logging_mixin.py:151} INFO - [2024-03-26T06:26:48.643+0000] {dag.py:2915} INFO - Sync 1 DAGs
[2024-03-26T06:26:48.669+0000] {logging_mixin.py:151} INFO - [2024-03-26T06:26:48.669+0000] {dag.py:3696} INFO - Setting next_dagrun for latest_only_with_trigger to 2024-03-26T02:26:48.668847+00:00, run_after=2024-03-26T06:26:48.668847+00:00
[2024-03-26T06:26:48.691+0000] {processor.py:179} INFO - Processing /home/airflow/.local/lib/python3.8/site-packages/airflow/example_dags/example_latest_only_with_trigger.py took 0.086 seconds
[2024-03-26T06:27:19.069+0000] {processor.py:157} INFO - Started process (PID=1879) to work on /home/airflow/.local/lib/python3.8/site-packages/airflow/example_dags/example_latest_only_with_trigger.py
[2024-03-26T06:27:19.070+0000] {processor.py:829} INFO - Processing file /home/airflow/.local/lib/python3.8/site-packages/airflow/example_dags/example_latest_only_with_trigger.py for tasks to queue
[2024-03-26T06:27:19.074+0000] {logging_mixin.py:151} INFO - [2024-03-26T06:27:19.073+0000] {dagbag.py:539} INFO - Filling up the DagBag from /home/airflow/.local/lib/python3.8/site-packages/airflow/example_dags/example_latest_only_with_trigger.py
[2024-03-26T06:27:19.080+0000] {processor.py:839} INFO - DAG(s) dict_keys(['latest_only_with_trigger']) retrieved from /home/airflow/.local/lib/python3.8/site-packages/airflow/example_dags/example_latest_only_with_trigger.py
[2024-03-26T06:27:19.104+0000] {logging_mixin.py:151} INFO - [2024-03-26T06:27:19.104+0000] {dag.py:2915} INFO - Sync 1 DAGs
[2024-03-26T06:27:19.129+0000] {logging_mixin.py:151} INFO - [2024-03-26T06:27:19.129+0000] {dag.py:3696} INFO - Setting next_dagrun for latest_only_with_trigger to 2024-03-26T02:27:19.129317+00:00, run_after=2024-03-26T06:27:19.129317+00:00
[2024-03-26T06:27:19.153+0000] {processor.py:179} INFO - Processing /home/airflow/.local/lib/python3.8/site-packages/airflow/example_dags/example_latest_only_with_trigger.py took 0.087 seconds
[2024-03-26T06:27:49.858+0000] {processor.py:157} INFO - Started process (PID=1933) to work on /home/airflow/.local/lib/python3.8/site-packages/airflow/example_dags/example_latest_only_with_trigger.py
[2024-03-26T06:27:49.860+0000] {processor.py:829} INFO - Processing file /home/airflow/.local/lib/python3.8/site-packages/airflow/example_dags/example_latest_only_with_trigger.py for tasks to queue
[2024-03-26T06:27:49.863+0000] {logging_mixin.py:151} INFO - [2024-03-26T06:27:49.863+0000] {dagbag.py:539} INFO - Filling up the DagBag from /home/airflow/.local/lib/python3.8/site-packages/airflow/example_dags/example_latest_only_with_trigger.py
[2024-03-26T06:27:49.869+0000] {processor.py:839} INFO - DAG(s) dict_keys(['latest_only_with_trigger']) retrieved from /home/airflow/.local/lib/python3.8/site-packages/airflow/example_dags/example_latest_only_with_trigger.py
[2024-03-26T06:27:49.894+0000] {logging_mixin.py:151} INFO - [2024-03-26T06:27:49.893+0000] {dag.py:2915} INFO - Sync 1 DAGs
[2024-03-26T06:27:49.916+0000] {logging_mixin.py:151} INFO - [2024-03-26T06:27:49.916+0000] {dag.py:3696} INFO - Setting next_dagrun for latest_only_with_trigger to 2024-03-26T02:27:49.916024+00:00, run_after=2024-03-26T06:27:49.916024+00:00
[2024-03-26T06:27:49.939+0000] {processor.py:179} INFO - Processing /home/airflow/.local/lib/python3.8/site-packages/airflow/example_dags/example_latest_only_with_trigger.py took 0.085 seconds
[2024-03-26T06:28:20.314+0000] {processor.py:157} INFO - Started process (PID=1987) to work on /home/airflow/.local/lib/python3.8/site-packages/airflow/example_dags/example_latest_only_with_trigger.py
[2024-03-26T06:28:20.316+0000] {processor.py:829} INFO - Processing file /home/airflow/.local/lib/python3.8/site-packages/airflow/example_dags/example_latest_only_with_trigger.py for tasks to queue
[2024-03-26T06:28:20.319+0000] {logging_mixin.py:151} INFO - [2024-03-26T06:28:20.319+0000] {dagbag.py:539} INFO - Filling up the DagBag from /home/airflow/.local/lib/python3.8/site-packages/airflow/example_dags/example_latest_only_with_trigger.py
[2024-03-26T06:28:20.325+0000] {processor.py:839} INFO - DAG(s) dict_keys(['latest_only_with_trigger']) retrieved from /home/airflow/.local/lib/python3.8/site-packages/airflow/example_dags/example_latest_only_with_trigger.py
[2024-03-26T06:28:20.348+0000] {logging_mixin.py:151} INFO - [2024-03-26T06:28:20.348+0000] {dag.py:2915} INFO - Sync 1 DAGs
[2024-03-26T06:28:20.372+0000] {logging_mixin.py:151} INFO - [2024-03-26T06:28:20.372+0000] {dag.py:3696} INFO - Setting next_dagrun for latest_only_with_trigger to 2024-03-26T02:28:20.371754+00:00, run_after=2024-03-26T06:28:20.371754+00:00
[2024-03-26T06:28:20.396+0000] {processor.py:179} INFO - Processing /home/airflow/.local/lib/python3.8/site-packages/airflow/example_dags/example_latest_only_with_trigger.py took 0.085 seconds
[2024-03-26T06:28:50.950+0000] {processor.py:157} INFO - Started process (PID=2041) to work on /home/airflow/.local/lib/python3.8/site-packages/airflow/example_dags/example_latest_only_with_trigger.py
[2024-03-26T06:28:50.952+0000] {processor.py:829} INFO - Processing file /home/airflow/.local/lib/python3.8/site-packages/airflow/example_dags/example_latest_only_with_trigger.py for tasks to queue
[2024-03-26T06:28:50.955+0000] {logging_mixin.py:151} INFO - [2024-03-26T06:28:50.955+0000] {dagbag.py:539} INFO - Filling up the DagBag from /home/airflow/.local/lib/python3.8/site-packages/airflow/example_dags/example_latest_only_with_trigger.py
[2024-03-26T06:28:50.962+0000] {processor.py:839} INFO - DAG(s) dict_keys(['latest_only_with_trigger']) retrieved from /home/airflow/.local/lib/python3.8/site-packages/airflow/example_dags/example_latest_only_with_trigger.py
[2024-03-26T06:28:50.994+0000] {logging_mixin.py:151} INFO - [2024-03-26T06:28:50.994+0000] {dag.py:2915} INFO - Sync 1 DAGs
[2024-03-26T06:28:51.022+0000] {logging_mixin.py:151} INFO - [2024-03-26T06:28:51.021+0000] {dag.py:3696} INFO - Setting next_dagrun for latest_only_with_trigger to 2024-03-26T02:28:51.021421+00:00, run_after=2024-03-26T06:28:51.021421+00:00
[2024-03-26T06:28:51.050+0000] {processor.py:179} INFO - Processing /home/airflow/.local/lib/python3.8/site-packages/airflow/example_dags/example_latest_only_with_trigger.py took 0.104 seconds
[2024-03-26T06:29:21.771+0000] {processor.py:157} INFO - Started process (PID=2095) to work on /home/airflow/.local/lib/python3.8/site-packages/airflow/example_dags/example_latest_only_with_trigger.py
[2024-03-26T06:29:21.772+0000] {processor.py:829} INFO - Processing file /home/airflow/.local/lib/python3.8/site-packages/airflow/example_dags/example_latest_only_with_trigger.py for tasks to queue
[2024-03-26T06:29:21.775+0000] {logging_mixin.py:151} INFO - [2024-03-26T06:29:21.775+0000] {dagbag.py:539} INFO - Filling up the DagBag from /home/airflow/.local/lib/python3.8/site-packages/airflow/example_dags/example_latest_only_with_trigger.py
[2024-03-26T06:29:21.782+0000] {processor.py:839} INFO - DAG(s) dict_keys(['latest_only_with_trigger']) retrieved from /home/airflow/.local/lib/python3.8/site-packages/airflow/example_dags/example_latest_only_with_trigger.py
[2024-03-26T06:29:21.806+0000] {logging_mixin.py:151} INFO - [2024-03-26T06:29:21.806+0000] {dag.py:2915} INFO - Sync 1 DAGs
[2024-03-26T06:29:21.836+0000] {logging_mixin.py:151} INFO - [2024-03-26T06:29:21.835+0000] {dag.py:3696} INFO - Setting next_dagrun for latest_only_with_trigger to 2024-03-26T02:29:21.835561+00:00, run_after=2024-03-26T06:29:21.835561+00:00
[2024-03-26T06:29:21.870+0000] {processor.py:179} INFO - Processing /home/airflow/.local/lib/python3.8/site-packages/airflow/example_dags/example_latest_only_with_trigger.py took 0.103 seconds
[2024-03-26T06:29:51.967+0000] {processor.py:157} INFO - Started process (PID=2148) to work on /home/airflow/.local/lib/python3.8/site-packages/airflow/example_dags/example_latest_only_with_trigger.py
[2024-03-26T06:29:51.969+0000] {processor.py:829} INFO - Processing file /home/airflow/.local/lib/python3.8/site-packages/airflow/example_dags/example_latest_only_with_trigger.py for tasks to queue
[2024-03-26T06:29:51.973+0000] {logging_mixin.py:151} INFO - [2024-03-26T06:29:51.972+0000] {dagbag.py:539} INFO - Filling up the DagBag from /home/airflow/.local/lib/python3.8/site-packages/airflow/example_dags/example_latest_only_with_trigger.py
[2024-03-26T06:29:51.981+0000] {processor.py:839} INFO - DAG(s) dict_keys(['latest_only_with_trigger']) retrieved from /home/airflow/.local/lib/python3.8/site-packages/airflow/example_dags/example_latest_only_with_trigger.py
[2024-03-26T06:29:52.013+0000] {logging_mixin.py:151} INFO - [2024-03-26T06:29:52.013+0000] {dag.py:2915} INFO - Sync 1 DAGs
[2024-03-26T06:29:52.042+0000] {logging_mixin.py:151} INFO - [2024-03-26T06:29:52.042+0000] {dag.py:3696} INFO - Setting next_dagrun for latest_only_with_trigger to 2024-03-26T02:29:52.041561+00:00, run_after=2024-03-26T06:29:52.041561+00:00
[2024-03-26T06:29:52.080+0000] {processor.py:179} INFO - Processing /home/airflow/.local/lib/python3.8/site-packages/airflow/example_dags/example_latest_only_with_trigger.py took 0.116 seconds
[2024-03-26T06:30:22.210+0000] {processor.py:157} INFO - Started process (PID=2202) to work on /home/airflow/.local/lib/python3.8/site-packages/airflow/example_dags/example_latest_only_with_trigger.py
[2024-03-26T06:30:22.212+0000] {processor.py:829} INFO - Processing file /home/airflow/.local/lib/python3.8/site-packages/airflow/example_dags/example_latest_only_with_trigger.py for tasks to queue
[2024-03-26T06:30:22.216+0000] {logging_mixin.py:151} INFO - [2024-03-26T06:30:22.216+0000] {dagbag.py:539} INFO - Filling up the DagBag from /home/airflow/.local/lib/python3.8/site-packages/airflow/example_dags/example_latest_only_with_trigger.py
[2024-03-26T06:30:22.224+0000] {processor.py:839} INFO - DAG(s) dict_keys(['latest_only_with_trigger']) retrieved from /home/airflow/.local/lib/python3.8/site-packages/airflow/example_dags/example_latest_only_with_trigger.py
[2024-03-26T06:30:22.252+0000] {logging_mixin.py:151} INFO - [2024-03-26T06:30:22.252+0000] {dag.py:2915} INFO - Sync 1 DAGs
[2024-03-26T06:30:22.278+0000] {logging_mixin.py:151} INFO - [2024-03-26T06:30:22.278+0000] {dag.py:3696} INFO - Setting next_dagrun for latest_only_with_trigger to 2024-03-26T02:30:22.277998+00:00, run_after=2024-03-26T06:30:22.277998+00:00
[2024-03-26T06:30:22.313+0000] {processor.py:179} INFO - Processing /home/airflow/.local/lib/python3.8/site-packages/airflow/example_dags/example_latest_only_with_trigger.py took 0.107 seconds
[2024-03-26T06:30:52.447+0000] {processor.py:157} INFO - Started process (PID=2256) to work on /home/airflow/.local/lib/python3.8/site-packages/airflow/example_dags/example_latest_only_with_trigger.py
[2024-03-26T06:30:52.449+0000] {processor.py:829} INFO - Processing file /home/airflow/.local/lib/python3.8/site-packages/airflow/example_dags/example_latest_only_with_trigger.py for tasks to queue
[2024-03-26T06:30:52.452+0000] {logging_mixin.py:151} INFO - [2024-03-26T06:30:52.452+0000] {dagbag.py:539} INFO - Filling up the DagBag from /home/airflow/.local/lib/python3.8/site-packages/airflow/example_dags/example_latest_only_with_trigger.py
[2024-03-26T06:30:52.459+0000] {processor.py:839} INFO - DAG(s) dict_keys(['latest_only_with_trigger']) retrieved from /home/airflow/.local/lib/python3.8/site-packages/airflow/example_dags/example_latest_only_with_trigger.py
[2024-03-26T06:30:52.487+0000] {logging_mixin.py:151} INFO - [2024-03-26T06:30:52.487+0000] {dag.py:2915} INFO - Sync 1 DAGs
[2024-03-26T06:30:52.513+0000] {logging_mixin.py:151} INFO - [2024-03-26T06:30:52.513+0000] {dag.py:3696} INFO - Setting next_dagrun for latest_only_with_trigger to 2024-03-26T02:30:52.512897+00:00, run_after=2024-03-26T06:30:52.512897+00:00
[2024-03-26T06:30:52.548+0000] {processor.py:179} INFO - Processing /home/airflow/.local/lib/python3.8/site-packages/airflow/example_dags/example_latest_only_with_trigger.py took 0.105 seconds
[2024-03-26T06:31:22.697+0000] {processor.py:157} INFO - Started process (PID=2310) to work on /home/airflow/.local/lib/python3.8/site-packages/airflow/example_dags/example_latest_only_with_trigger.py
[2024-03-26T06:31:22.698+0000] {processor.py:829} INFO - Processing file /home/airflow/.local/lib/python3.8/site-packages/airflow/example_dags/example_latest_only_with_trigger.py for tasks to queue
[2024-03-26T06:31:22.702+0000] {logging_mixin.py:151} INFO - [2024-03-26T06:31:22.702+0000] {dagbag.py:539} INFO - Filling up the DagBag from /home/airflow/.local/lib/python3.8/site-packages/airflow/example_dags/example_latest_only_with_trigger.py
[2024-03-26T06:31:22.710+0000] {processor.py:839} INFO - DAG(s) dict_keys(['latest_only_with_trigger']) retrieved from /home/airflow/.local/lib/python3.8/site-packages/airflow/example_dags/example_latest_only_with_trigger.py
[2024-03-26T06:31:22.745+0000] {logging_mixin.py:151} INFO - [2024-03-26T06:31:22.745+0000] {dag.py:2915} INFO - Sync 1 DAGs
[2024-03-26T06:31:22.773+0000] {logging_mixin.py:151} INFO - [2024-03-26T06:31:22.773+0000] {dag.py:3696} INFO - Setting next_dagrun for latest_only_with_trigger to 2024-03-26T02:31:22.772821+00:00, run_after=2024-03-26T06:31:22.772821+00:00
[2024-03-26T06:31:22.798+0000] {processor.py:179} INFO - Processing /home/airflow/.local/lib/python3.8/site-packages/airflow/example_dags/example_latest_only_with_trigger.py took 0.105 seconds
[2024-03-26T06:31:52.862+0000] {processor.py:157} INFO - Started process (PID=2364) to work on /home/airflow/.local/lib/python3.8/site-packages/airflow/example_dags/example_latest_only_with_trigger.py
[2024-03-26T06:31:52.864+0000] {processor.py:829} INFO - Processing file /home/airflow/.local/lib/python3.8/site-packages/airflow/example_dags/example_latest_only_with_trigger.py for tasks to queue
[2024-03-26T06:31:52.868+0000] {logging_mixin.py:151} INFO - [2024-03-26T06:31:52.868+0000] {dagbag.py:539} INFO - Filling up the DagBag from /home/airflow/.local/lib/python3.8/site-packages/airflow/example_dags/example_latest_only_with_trigger.py
[2024-03-26T06:31:52.876+0000] {processor.py:839} INFO - DAG(s) dict_keys(['latest_only_with_trigger']) retrieved from /home/airflow/.local/lib/python3.8/site-packages/airflow/example_dags/example_latest_only_with_trigger.py
[2024-03-26T06:31:52.904+0000] {logging_mixin.py:151} INFO - [2024-03-26T06:31:52.904+0000] {dag.py:2915} INFO - Sync 1 DAGs
[2024-03-26T06:31:52.933+0000] {logging_mixin.py:151} INFO - [2024-03-26T06:31:52.933+0000] {dag.py:3696} INFO - Setting next_dagrun for latest_only_with_trigger to 2024-03-26T02:31:52.933009+00:00, run_after=2024-03-26T06:31:52.933009+00:00
[2024-03-26T06:31:52.969+0000] {processor.py:179} INFO - Processing /home/airflow/.local/lib/python3.8/site-packages/airflow/example_dags/example_latest_only_with_trigger.py took 0.111 seconds
[2024-03-26T06:32:23.135+0000] {processor.py:157} INFO - Started process (PID=2418) to work on /home/airflow/.local/lib/python3.8/site-packages/airflow/example_dags/example_latest_only_with_trigger.py
[2024-03-26T06:32:23.137+0000] {processor.py:829} INFO - Processing file /home/airflow/.local/lib/python3.8/site-packages/airflow/example_dags/example_latest_only_with_trigger.py for tasks to queue
[2024-03-26T06:32:23.140+0000] {logging_mixin.py:151} INFO - [2024-03-26T06:32:23.140+0000] {dagbag.py:539} INFO - Filling up the DagBag from /home/airflow/.local/lib/python3.8/site-packages/airflow/example_dags/example_latest_only_with_trigger.py
[2024-03-26T06:32:23.148+0000] {processor.py:839} INFO - DAG(s) dict_keys(['latest_only_with_trigger']) retrieved from /home/airflow/.local/lib/python3.8/site-packages/airflow/example_dags/example_latest_only_with_trigger.py
[2024-03-26T06:32:23.175+0000] {logging_mixin.py:151} INFO - [2024-03-26T06:32:23.175+0000] {dag.py:2915} INFO - Sync 1 DAGs
[2024-03-26T06:32:23.206+0000] {logging_mixin.py:151} INFO - [2024-03-26T06:32:23.205+0000] {dag.py:3696} INFO - Setting next_dagrun for latest_only_with_trigger to 2024-03-26T02:32:23.205470+00:00, run_after=2024-03-26T06:32:23.205470+00:00
[2024-03-26T06:32:23.243+0000] {processor.py:179} INFO - Processing /home/airflow/.local/lib/python3.8/site-packages/airflow/example_dags/example_latest_only_with_trigger.py took 0.111 seconds
[2024-03-26T06:32:53.626+0000] {processor.py:157} INFO - Started process (PID=2472) to work on /home/airflow/.local/lib/python3.8/site-packages/airflow/example_dags/example_latest_only_with_trigger.py
[2024-03-26T06:32:53.628+0000] {processor.py:829} INFO - Processing file /home/airflow/.local/lib/python3.8/site-packages/airflow/example_dags/example_latest_only_with_trigger.py for tasks to queue
[2024-03-26T06:32:53.631+0000] {logging_mixin.py:151} INFO - [2024-03-26T06:32:53.630+0000] {dagbag.py:539} INFO - Filling up the DagBag from /home/airflow/.local/lib/python3.8/site-packages/airflow/example_dags/example_latest_only_with_trigger.py
[2024-03-26T06:32:53.637+0000] {processor.py:839} INFO - DAG(s) dict_keys(['latest_only_with_trigger']) retrieved from /home/airflow/.local/lib/python3.8/site-packages/airflow/example_dags/example_latest_only_with_trigger.py
[2024-03-26T06:32:53.662+0000] {logging_mixin.py:151} INFO - [2024-03-26T06:32:53.662+0000] {dag.py:2915} INFO - Sync 1 DAGs
[2024-03-26T06:32:53.688+0000] {logging_mixin.py:151} INFO - [2024-03-26T06:32:53.687+0000] {dag.py:3696} INFO - Setting next_dagrun for latest_only_with_trigger to 2024-03-26T02:32:53.687624+00:00, run_after=2024-03-26T06:32:53.687624+00:00
[2024-03-26T06:32:53.716+0000] {processor.py:179} INFO - Processing /home/airflow/.local/lib/python3.8/site-packages/airflow/example_dags/example_latest_only_with_trigger.py took 0.095 seconds
[2024-03-26T06:33:24.106+0000] {processor.py:157} INFO - Started process (PID=2526) to work on /home/airflow/.local/lib/python3.8/site-packages/airflow/example_dags/example_latest_only_with_trigger.py
[2024-03-26T06:33:24.108+0000] {processor.py:829} INFO - Processing file /home/airflow/.local/lib/python3.8/site-packages/airflow/example_dags/example_latest_only_with_trigger.py for tasks to queue
[2024-03-26T06:33:24.112+0000] {logging_mixin.py:151} INFO - [2024-03-26T06:33:24.111+0000] {dagbag.py:539} INFO - Filling up the DagBag from /home/airflow/.local/lib/python3.8/site-packages/airflow/example_dags/example_latest_only_with_trigger.py
[2024-03-26T06:33:24.119+0000] {processor.py:839} INFO - DAG(s) dict_keys(['latest_only_with_trigger']) retrieved from /home/airflow/.local/lib/python3.8/site-packages/airflow/example_dags/example_latest_only_with_trigger.py
[2024-03-26T06:33:24.147+0000] {logging_mixin.py:151} INFO - [2024-03-26T06:33:24.147+0000] {dag.py:2915} INFO - Sync 1 DAGs
[2024-03-26T06:33:24.174+0000] {logging_mixin.py:151} INFO - [2024-03-26T06:33:24.173+0000] {dag.py:3696} INFO - Setting next_dagrun for latest_only_with_trigger to 2024-03-26T02:33:24.173372+00:00, run_after=2024-03-26T06:33:24.173372+00:00
[2024-03-26T06:33:24.207+0000] {processor.py:179} INFO - Processing /home/airflow/.local/lib/python3.8/site-packages/airflow/example_dags/example_latest_only_with_trigger.py took 0.104 seconds
[2024-03-26T06:33:55.004+0000] {processor.py:157} INFO - Started process (PID=2580) to work on /home/airflow/.local/lib/python3.8/site-packages/airflow/example_dags/example_latest_only_with_trigger.py
[2024-03-26T06:33:55.006+0000] {processor.py:829} INFO - Processing file /home/airflow/.local/lib/python3.8/site-packages/airflow/example_dags/example_latest_only_with_trigger.py for tasks to queue
[2024-03-26T06:33:55.010+0000] {logging_mixin.py:151} INFO - [2024-03-26T06:33:55.010+0000] {dagbag.py:539} INFO - Filling up the DagBag from /home/airflow/.local/lib/python3.8/site-packages/airflow/example_dags/example_latest_only_with_trigger.py
[2024-03-26T06:33:55.017+0000] {processor.py:839} INFO - DAG(s) dict_keys(['latest_only_with_trigger']) retrieved from /home/airflow/.local/lib/python3.8/site-packages/airflow/example_dags/example_latest_only_with_trigger.py
[2024-03-26T06:33:55.052+0000] {logging_mixin.py:151} INFO - [2024-03-26T06:33:55.052+0000] {dag.py:2915} INFO - Sync 1 DAGs
[2024-03-26T06:33:55.082+0000] {logging_mixin.py:151} INFO - [2024-03-26T06:33:55.082+0000] {dag.py:3696} INFO - Setting next_dagrun for latest_only_with_trigger to 2024-03-26T02:33:55.081773+00:00, run_after=2024-03-26T06:33:55.081773+00:00
[2024-03-26T06:33:55.107+0000] {processor.py:179} INFO - Processing /home/airflow/.local/lib/python3.8/site-packages/airflow/example_dags/example_latest_only_with_trigger.py took 0.108 seconds
