[2024-03-26T06:04:13.102+0000] {processor.py:157} INFO - Started process (PID=74) to work on /home/airflow/.local/lib/python3.8/site-packages/airflow/example_dags/example_branch_day_of_week_operator.py
[2024-03-26T06:04:13.103+0000] {processor.py:829} INFO - Processing file /home/airflow/.local/lib/python3.8/site-packages/airflow/example_dags/example_branch_day_of_week_operator.py for tasks to queue
[2024-03-26T06:04:13.107+0000] {logging_mixin.py:151} INFO - [2024-03-26T06:04:13.107+0000] {dagbag.py:539} INFO - Filling up the DagBag from /home/airflow/.local/lib/python3.8/site-packages/airflow/example_dags/example_branch_day_of_week_operator.py
[2024-03-26T06:04:13.118+0000] {processor.py:839} INFO - DAG(s) dict_keys(['example_weekday_branch_operator']) retrieved from /home/airflow/.local/lib/python3.8/site-packages/airflow/example_dags/example_branch_day_of_week_operator.py
[2024-03-26T06:04:13.281+0000] {logging_mixin.py:151} INFO - [2024-03-26T06:04:13.281+0000] {manager.py:499} INFO - Created Permission View: %s
[2024-03-26T06:04:13.299+0000] {logging_mixin.py:151} INFO - [2024-03-26T06:04:13.299+0000] {manager.py:499} INFO - Created Permission View: %s
[2024-03-26T06:04:13.317+0000] {logging_mixin.py:151} INFO - [2024-03-26T06:04:13.317+0000] {manager.py:499} INFO - Created Permission View: %s
[2024-03-26T06:04:13.318+0000] {logging_mixin.py:151} INFO - [2024-03-26T06:04:13.318+0000] {security.py:708} INFO - Not syncing DAG-level permissions for DAG 'DAG:example_weekday_branch_operator' as access control is unset.
[2024-03-26T06:04:13.319+0000] {logging_mixin.py:151} INFO - [2024-03-26T06:04:13.319+0000] {dag.py:2915} INFO - Sync 1 DAGs
[2024-03-26T06:04:13.336+0000] {logging_mixin.py:151} INFO - [2024-03-26T06:04:13.336+0000] {dag.py:2937} INFO - Creating ORM DAG for example_weekday_branch_operator
[2024-03-26T06:04:13.358+0000] {logging_mixin.py:151} INFO - [2024-03-26T06:04:13.357+0000] {dag.py:3696} INFO - Setting next_dagrun for example_weekday_branch_operator to 2024-03-25T00:00:00+00:00, run_after=2024-03-26T00:00:00+00:00
[2024-03-26T06:04:13.390+0000] {processor.py:179} INFO - Processing /home/airflow/.local/lib/python3.8/site-packages/airflow/example_dags/example_branch_day_of_week_operator.py took 0.294 seconds
[2024-03-26T06:04:44.678+0000] {processor.py:157} INFO - Started process (PID=128) to work on /home/airflow/.local/lib/python3.8/site-packages/airflow/example_dags/example_branch_day_of_week_operator.py
[2024-03-26T06:04:44.680+0000] {processor.py:829} INFO - Processing file /home/airflow/.local/lib/python3.8/site-packages/airflow/example_dags/example_branch_day_of_week_operator.py for tasks to queue
[2024-03-26T06:04:44.683+0000] {logging_mixin.py:151} INFO - [2024-03-26T06:04:44.683+0000] {dagbag.py:539} INFO - Filling up the DagBag from /home/airflow/.local/lib/python3.8/site-packages/airflow/example_dags/example_branch_day_of_week_operator.py
[2024-03-26T06:04:44.697+0000] {processor.py:839} INFO - DAG(s) dict_keys(['example_weekday_branch_operator']) retrieved from /home/airflow/.local/lib/python3.8/site-packages/airflow/example_dags/example_branch_day_of_week_operator.py
[2024-03-26T06:04:44.727+0000] {logging_mixin.py:151} INFO - [2024-03-26T06:04:44.727+0000] {dag.py:2915} INFO - Sync 1 DAGs
[2024-03-26T06:04:44.759+0000] {logging_mixin.py:151} INFO - [2024-03-26T06:04:44.759+0000] {dag.py:3696} INFO - Setting next_dagrun for example_weekday_branch_operator to 2024-03-25T00:00:00+00:00, run_after=2024-03-26T00:00:00+00:00
[2024-03-26T06:04:44.786+0000] {processor.py:179} INFO - Processing /home/airflow/.local/lib/python3.8/site-packages/airflow/example_dags/example_branch_day_of_week_operator.py took 0.112 seconds
[2024-03-26T06:05:16.187+0000] {processor.py:157} INFO - Started process (PID=182) to work on /home/airflow/.local/lib/python3.8/site-packages/airflow/example_dags/example_branch_day_of_week_operator.py
[2024-03-26T06:05:16.190+0000] {processor.py:829} INFO - Processing file /home/airflow/.local/lib/python3.8/site-packages/airflow/example_dags/example_branch_day_of_week_operator.py for tasks to queue
[2024-03-26T06:05:16.193+0000] {logging_mixin.py:151} INFO - [2024-03-26T06:05:16.193+0000] {dagbag.py:539} INFO - Filling up the DagBag from /home/airflow/.local/lib/python3.8/site-packages/airflow/example_dags/example_branch_day_of_week_operator.py
[2024-03-26T06:05:16.205+0000] {processor.py:839} INFO - DAG(s) dict_keys(['example_weekday_branch_operator']) retrieved from /home/airflow/.local/lib/python3.8/site-packages/airflow/example_dags/example_branch_day_of_week_operator.py
[2024-03-26T06:05:16.237+0000] {logging_mixin.py:151} INFO - [2024-03-26T06:05:16.237+0000] {dag.py:2915} INFO - Sync 1 DAGs
[2024-03-26T06:05:16.283+0000] {logging_mixin.py:151} INFO - [2024-03-26T06:05:16.283+0000] {dag.py:3696} INFO - Setting next_dagrun for example_weekday_branch_operator to 2024-03-25T00:00:00+00:00, run_after=2024-03-26T00:00:00+00:00
[2024-03-26T06:05:16.351+0000] {processor.py:179} INFO - Processing /home/airflow/.local/lib/python3.8/site-packages/airflow/example_dags/example_branch_day_of_week_operator.py took 0.169 seconds
[2024-03-26T06:05:48.239+0000] {processor.py:157} INFO - Started process (PID=242) to work on /home/airflow/.local/lib/python3.8/site-packages/airflow/example_dags/example_branch_day_of_week_operator.py
[2024-03-26T06:05:48.241+0000] {processor.py:829} INFO - Processing file /home/airflow/.local/lib/python3.8/site-packages/airflow/example_dags/example_branch_day_of_week_operator.py for tasks to queue
[2024-03-26T06:05:48.244+0000] {logging_mixin.py:151} INFO - [2024-03-26T06:05:48.244+0000] {dagbag.py:539} INFO - Filling up the DagBag from /home/airflow/.local/lib/python3.8/site-packages/airflow/example_dags/example_branch_day_of_week_operator.py
[2024-03-26T06:05:48.257+0000] {processor.py:839} INFO - DAG(s) dict_keys(['example_weekday_branch_operator']) retrieved from /home/airflow/.local/lib/python3.8/site-packages/airflow/example_dags/example_branch_day_of_week_operator.py
[2024-03-26T06:05:48.290+0000] {logging_mixin.py:151} INFO - [2024-03-26T06:05:48.290+0000] {dag.py:2915} INFO - Sync 1 DAGs
[2024-03-26T06:05:48.326+0000] {logging_mixin.py:151} INFO - [2024-03-26T06:05:48.326+0000] {dag.py:3696} INFO - Setting next_dagrun for example_weekday_branch_operator to 2024-03-25T00:00:00+00:00, run_after=2024-03-26T00:00:00+00:00
[2024-03-26T06:05:48.358+0000] {processor.py:179} INFO - Processing /home/airflow/.local/lib/python3.8/site-packages/airflow/example_dags/example_branch_day_of_week_operator.py took 0.125 seconds
[2024-03-26T06:06:20.622+0000] {processor.py:157} INFO - Started process (PID=297) to work on /home/airflow/.local/lib/python3.8/site-packages/airflow/example_dags/example_branch_day_of_week_operator.py
[2024-03-26T06:06:20.626+0000] {processor.py:829} INFO - Processing file /home/airflow/.local/lib/python3.8/site-packages/airflow/example_dags/example_branch_day_of_week_operator.py for tasks to queue
[2024-03-26T06:06:20.630+0000] {logging_mixin.py:151} INFO - [2024-03-26T06:06:20.630+0000] {dagbag.py:539} INFO - Filling up the DagBag from /home/airflow/.local/lib/python3.8/site-packages/airflow/example_dags/example_branch_day_of_week_operator.py
[2024-03-26T06:06:20.645+0000] {processor.py:839} INFO - DAG(s) dict_keys(['example_weekday_branch_operator']) retrieved from /home/airflow/.local/lib/python3.8/site-packages/airflow/example_dags/example_branch_day_of_week_operator.py
[2024-03-26T06:06:20.704+0000] {logging_mixin.py:151} INFO - [2024-03-26T06:06:20.703+0000] {dag.py:2915} INFO - Sync 1 DAGs
[2024-03-26T06:06:20.767+0000] {logging_mixin.py:151} INFO - [2024-03-26T06:06:20.767+0000] {dag.py:3696} INFO - Setting next_dagrun for example_weekday_branch_operator to 2024-03-25T00:00:00+00:00, run_after=2024-03-26T00:00:00+00:00
[2024-03-26T06:06:20.811+0000] {processor.py:179} INFO - Processing /home/airflow/.local/lib/python3.8/site-packages/airflow/example_dags/example_branch_day_of_week_operator.py took 0.194 seconds
[2024-03-26T06:06:53.451+0000] {processor.py:157} INFO - Started process (PID=351) to work on /home/airflow/.local/lib/python3.8/site-packages/airflow/example_dags/example_branch_day_of_week_operator.py
[2024-03-26T06:06:53.454+0000] {processor.py:829} INFO - Processing file /home/airflow/.local/lib/python3.8/site-packages/airflow/example_dags/example_branch_day_of_week_operator.py for tasks to queue
[2024-03-26T06:06:53.459+0000] {logging_mixin.py:151} INFO - [2024-03-26T06:06:53.459+0000] {dagbag.py:539} INFO - Filling up the DagBag from /home/airflow/.local/lib/python3.8/site-packages/airflow/example_dags/example_branch_day_of_week_operator.py
[2024-03-26T06:06:53.478+0000] {processor.py:839} INFO - DAG(s) dict_keys(['example_weekday_branch_operator']) retrieved from /home/airflow/.local/lib/python3.8/site-packages/airflow/example_dags/example_branch_day_of_week_operator.py
[2024-03-26T06:06:53.516+0000] {logging_mixin.py:151} INFO - [2024-03-26T06:06:53.516+0000] {dag.py:2915} INFO - Sync 1 DAGs
[2024-03-26T06:06:53.557+0000] {logging_mixin.py:151} INFO - [2024-03-26T06:06:53.556+0000] {dag.py:3696} INFO - Setting next_dagrun for example_weekday_branch_operator to 2024-03-25T00:00:00+00:00, run_after=2024-03-26T00:00:00+00:00
[2024-03-26T06:06:53.613+0000] {processor.py:179} INFO - Processing /home/airflow/.local/lib/python3.8/site-packages/airflow/example_dags/example_branch_day_of_week_operator.py took 0.167 seconds
[2024-03-26T06:07:25.553+0000] {processor.py:157} INFO - Started process (PID=405) to work on /home/airflow/.local/lib/python3.8/site-packages/airflow/example_dags/example_branch_day_of_week_operator.py
[2024-03-26T06:07:25.555+0000] {processor.py:829} INFO - Processing file /home/airflow/.local/lib/python3.8/site-packages/airflow/example_dags/example_branch_day_of_week_operator.py for tasks to queue
[2024-03-26T06:07:25.558+0000] {logging_mixin.py:151} INFO - [2024-03-26T06:07:25.558+0000] {dagbag.py:539} INFO - Filling up the DagBag from /home/airflow/.local/lib/python3.8/site-packages/airflow/example_dags/example_branch_day_of_week_operator.py
[2024-03-26T06:07:25.570+0000] {processor.py:839} INFO - DAG(s) dict_keys(['example_weekday_branch_operator']) retrieved from /home/airflow/.local/lib/python3.8/site-packages/airflow/example_dags/example_branch_day_of_week_operator.py
[2024-03-26T06:07:25.598+0000] {logging_mixin.py:151} INFO - [2024-03-26T06:07:25.598+0000] {dag.py:2915} INFO - Sync 1 DAGs
[2024-03-26T06:07:25.630+0000] {logging_mixin.py:151} INFO - [2024-03-26T06:07:25.630+0000] {dag.py:3696} INFO - Setting next_dagrun for example_weekday_branch_operator to 2024-03-25T00:00:00+00:00, run_after=2024-03-26T00:00:00+00:00
[2024-03-26T06:07:25.657+0000] {processor.py:179} INFO - Processing /home/airflow/.local/lib/python3.8/site-packages/airflow/example_dags/example_branch_day_of_week_operator.py took 0.108 seconds
[2024-03-26T06:07:56.110+0000] {processor.py:157} INFO - Started process (PID=459) to work on /home/airflow/.local/lib/python3.8/site-packages/airflow/example_dags/example_branch_day_of_week_operator.py
[2024-03-26T06:07:56.112+0000] {processor.py:829} INFO - Processing file /home/airflow/.local/lib/python3.8/site-packages/airflow/example_dags/example_branch_day_of_week_operator.py for tasks to queue
[2024-03-26T06:07:56.115+0000] {logging_mixin.py:151} INFO - [2024-03-26T06:07:56.114+0000] {dagbag.py:539} INFO - Filling up the DagBag from /home/airflow/.local/lib/python3.8/site-packages/airflow/example_dags/example_branch_day_of_week_operator.py
[2024-03-26T06:07:56.124+0000] {processor.py:839} INFO - DAG(s) dict_keys(['example_weekday_branch_operator']) retrieved from /home/airflow/.local/lib/python3.8/site-packages/airflow/example_dags/example_branch_day_of_week_operator.py
[2024-03-26T06:07:56.150+0000] {logging_mixin.py:151} INFO - [2024-03-26T06:07:56.150+0000] {dag.py:2915} INFO - Sync 1 DAGs
[2024-03-26T06:07:56.179+0000] {logging_mixin.py:151} INFO - [2024-03-26T06:07:56.179+0000] {dag.py:3696} INFO - Setting next_dagrun for example_weekday_branch_operator to 2024-03-25T00:00:00+00:00, run_after=2024-03-26T00:00:00+00:00
[2024-03-26T06:07:56.205+0000] {processor.py:179} INFO - Processing /home/airflow/.local/lib/python3.8/site-packages/airflow/example_dags/example_branch_day_of_week_operator.py took 0.099 seconds
[2024-03-26T06:08:27.044+0000] {processor.py:157} INFO - Started process (PID=513) to work on /home/airflow/.local/lib/python3.8/site-packages/airflow/example_dags/example_branch_day_of_week_operator.py
[2024-03-26T06:08:27.046+0000] {processor.py:829} INFO - Processing file /home/airflow/.local/lib/python3.8/site-packages/airflow/example_dags/example_branch_day_of_week_operator.py for tasks to queue
[2024-03-26T06:08:27.049+0000] {logging_mixin.py:151} INFO - [2024-03-26T06:08:27.048+0000] {dagbag.py:539} INFO - Filling up the DagBag from /home/airflow/.local/lib/python3.8/site-packages/airflow/example_dags/example_branch_day_of_week_operator.py
[2024-03-26T06:08:27.059+0000] {processor.py:839} INFO - DAG(s) dict_keys(['example_weekday_branch_operator']) retrieved from /home/airflow/.local/lib/python3.8/site-packages/airflow/example_dags/example_branch_day_of_week_operator.py
[2024-03-26T06:08:27.086+0000] {logging_mixin.py:151} INFO - [2024-03-26T06:08:27.086+0000] {dag.py:2915} INFO - Sync 1 DAGs
[2024-03-26T06:08:27.116+0000] {logging_mixin.py:151} INFO - [2024-03-26T06:08:27.116+0000] {dag.py:3696} INFO - Setting next_dagrun for example_weekday_branch_operator to 2024-03-25T00:00:00+00:00, run_after=2024-03-26T00:00:00+00:00
[2024-03-26T06:08:27.156+0000] {processor.py:179} INFO - Processing /home/airflow/.local/lib/python3.8/site-packages/airflow/example_dags/example_branch_day_of_week_operator.py took 0.116 seconds
[2024-03-26T06:08:57.434+0000] {processor.py:157} INFO - Started process (PID=567) to work on /home/airflow/.local/lib/python3.8/site-packages/airflow/example_dags/example_branch_day_of_week_operator.py
[2024-03-26T06:08:57.435+0000] {processor.py:829} INFO - Processing file /home/airflow/.local/lib/python3.8/site-packages/airflow/example_dags/example_branch_day_of_week_operator.py for tasks to queue
[2024-03-26T06:08:57.438+0000] {logging_mixin.py:151} INFO - [2024-03-26T06:08:57.438+0000] {dagbag.py:539} INFO - Filling up the DagBag from /home/airflow/.local/lib/python3.8/site-packages/airflow/example_dags/example_branch_day_of_week_operator.py
[2024-03-26T06:08:57.446+0000] {processor.py:839} INFO - DAG(s) dict_keys(['example_weekday_branch_operator']) retrieved from /home/airflow/.local/lib/python3.8/site-packages/airflow/example_dags/example_branch_day_of_week_operator.py
[2024-03-26T06:08:57.469+0000] {logging_mixin.py:151} INFO - [2024-03-26T06:08:57.468+0000] {dag.py:2915} INFO - Sync 1 DAGs
[2024-03-26T06:08:57.493+0000] {logging_mixin.py:151} INFO - [2024-03-26T06:08:57.493+0000] {dag.py:3696} INFO - Setting next_dagrun for example_weekday_branch_operator to 2024-03-25T00:00:00+00:00, run_after=2024-03-26T00:00:00+00:00
[2024-03-26T06:08:57.514+0000] {processor.py:179} INFO - Processing /home/airflow/.local/lib/python3.8/site-packages/airflow/example_dags/example_branch_day_of_week_operator.py took 0.084 seconds
[2024-03-26T06:09:28.564+0000] {processor.py:157} INFO - Started process (PID=621) to work on /home/airflow/.local/lib/python3.8/site-packages/airflow/example_dags/example_branch_day_of_week_operator.py
[2024-03-26T06:09:28.566+0000] {processor.py:829} INFO - Processing file /home/airflow/.local/lib/python3.8/site-packages/airflow/example_dags/example_branch_day_of_week_operator.py for tasks to queue
[2024-03-26T06:09:28.569+0000] {logging_mixin.py:151} INFO - [2024-03-26T06:09:28.569+0000] {dagbag.py:539} INFO - Filling up the DagBag from /home/airflow/.local/lib/python3.8/site-packages/airflow/example_dags/example_branch_day_of_week_operator.py
[2024-03-26T06:09:28.581+0000] {processor.py:839} INFO - DAG(s) dict_keys(['example_weekday_branch_operator']) retrieved from /home/airflow/.local/lib/python3.8/site-packages/airflow/example_dags/example_branch_day_of_week_operator.py
[2024-03-26T06:09:28.611+0000] {logging_mixin.py:151} INFO - [2024-03-26T06:09:28.611+0000] {dag.py:2915} INFO - Sync 1 DAGs
[2024-03-26T06:09:28.642+0000] {logging_mixin.py:151} INFO - [2024-03-26T06:09:28.641+0000] {dag.py:3696} INFO - Setting next_dagrun for example_weekday_branch_operator to 2024-03-25T00:00:00+00:00, run_after=2024-03-26T00:00:00+00:00
[2024-03-26T06:09:28.668+0000] {processor.py:179} INFO - Processing /home/airflow/.local/lib/python3.8/site-packages/airflow/example_dags/example_branch_day_of_week_operator.py took 0.109 seconds
[2024-03-26T06:09:59.278+0000] {processor.py:157} INFO - Started process (PID=675) to work on /home/airflow/.local/lib/python3.8/site-packages/airflow/example_dags/example_branch_day_of_week_operator.py
[2024-03-26T06:09:59.279+0000] {processor.py:829} INFO - Processing file /home/airflow/.local/lib/python3.8/site-packages/airflow/example_dags/example_branch_day_of_week_operator.py for tasks to queue
[2024-03-26T06:09:59.283+0000] {logging_mixin.py:151} INFO - [2024-03-26T06:09:59.282+0000] {dagbag.py:539} INFO - Filling up the DagBag from /home/airflow/.local/lib/python3.8/site-packages/airflow/example_dags/example_branch_day_of_week_operator.py
[2024-03-26T06:09:59.292+0000] {processor.py:839} INFO - DAG(s) dict_keys(['example_weekday_branch_operator']) retrieved from /home/airflow/.local/lib/python3.8/site-packages/airflow/example_dags/example_branch_day_of_week_operator.py
[2024-03-26T06:09:59.318+0000] {logging_mixin.py:151} INFO - [2024-03-26T06:09:59.318+0000] {dag.py:2915} INFO - Sync 1 DAGs
[2024-03-26T06:09:59.349+0000] {logging_mixin.py:151} INFO - [2024-03-26T06:09:59.349+0000] {dag.py:3696} INFO - Setting next_dagrun for example_weekday_branch_operator to 2024-03-25T00:00:00+00:00, run_after=2024-03-26T00:00:00+00:00
[2024-03-26T06:09:59.379+0000] {processor.py:179} INFO - Processing /home/airflow/.local/lib/python3.8/site-packages/airflow/example_dags/example_branch_day_of_week_operator.py took 0.105 seconds
[2024-03-26T06:10:29.956+0000] {processor.py:157} INFO - Started process (PID=729) to work on /home/airflow/.local/lib/python3.8/site-packages/airflow/example_dags/example_branch_day_of_week_operator.py
[2024-03-26T06:10:29.957+0000] {processor.py:829} INFO - Processing file /home/airflow/.local/lib/python3.8/site-packages/airflow/example_dags/example_branch_day_of_week_operator.py for tasks to queue
[2024-03-26T06:10:29.961+0000] {logging_mixin.py:151} INFO - [2024-03-26T06:10:29.960+0000] {dagbag.py:539} INFO - Filling up the DagBag from /home/airflow/.local/lib/python3.8/site-packages/airflow/example_dags/example_branch_day_of_week_operator.py
[2024-03-26T06:10:29.972+0000] {processor.py:839} INFO - DAG(s) dict_keys(['example_weekday_branch_operator']) retrieved from /home/airflow/.local/lib/python3.8/site-packages/airflow/example_dags/example_branch_day_of_week_operator.py
[2024-03-26T06:10:29.996+0000] {logging_mixin.py:151} INFO - [2024-03-26T06:10:29.996+0000] {dag.py:2915} INFO - Sync 1 DAGs
[2024-03-26T06:10:30.027+0000] {logging_mixin.py:151} INFO - [2024-03-26T06:10:30.027+0000] {dag.py:3696} INFO - Setting next_dagrun for example_weekday_branch_operator to 2024-03-25T00:00:00+00:00, run_after=2024-03-26T00:00:00+00:00
[2024-03-26T06:10:30.051+0000] {processor.py:179} INFO - Processing /home/airflow/.local/lib/python3.8/site-packages/airflow/example_dags/example_branch_day_of_week_operator.py took 0.099 seconds
[2024-03-26T06:11:00.354+0000] {processor.py:157} INFO - Started process (PID=783) to work on /home/airflow/.local/lib/python3.8/site-packages/airflow/example_dags/example_branch_day_of_week_operator.py
[2024-03-26T06:11:00.355+0000] {processor.py:829} INFO - Processing file /home/airflow/.local/lib/python3.8/site-packages/airflow/example_dags/example_branch_day_of_week_operator.py for tasks to queue
[2024-03-26T06:11:00.359+0000] {logging_mixin.py:151} INFO - [2024-03-26T06:11:00.358+0000] {dagbag.py:539} INFO - Filling up the DagBag from /home/airflow/.local/lib/python3.8/site-packages/airflow/example_dags/example_branch_day_of_week_operator.py
[2024-03-26T06:11:00.369+0000] {processor.py:839} INFO - DAG(s) dict_keys(['example_weekday_branch_operator']) retrieved from /home/airflow/.local/lib/python3.8/site-packages/airflow/example_dags/example_branch_day_of_week_operator.py
[2024-03-26T06:11:00.394+0000] {logging_mixin.py:151} INFO - [2024-03-26T06:11:00.394+0000] {dag.py:2915} INFO - Sync 1 DAGs
[2024-03-26T06:11:00.422+0000] {logging_mixin.py:151} INFO - [2024-03-26T06:11:00.421+0000] {dag.py:3696} INFO - Setting next_dagrun for example_weekday_branch_operator to 2024-03-25T00:00:00+00:00, run_after=2024-03-26T00:00:00+00:00
[2024-03-26T06:11:00.447+0000] {processor.py:179} INFO - Processing /home/airflow/.local/lib/python3.8/site-packages/airflow/example_dags/example_branch_day_of_week_operator.py took 0.097 seconds
[2024-03-26T06:11:31.178+0000] {processor.py:157} INFO - Started process (PID=837) to work on /home/airflow/.local/lib/python3.8/site-packages/airflow/example_dags/example_branch_day_of_week_operator.py
[2024-03-26T06:11:31.180+0000] {processor.py:829} INFO - Processing file /home/airflow/.local/lib/python3.8/site-packages/airflow/example_dags/example_branch_day_of_week_operator.py for tasks to queue
[2024-03-26T06:11:31.182+0000] {logging_mixin.py:151} INFO - [2024-03-26T06:11:31.182+0000] {dagbag.py:539} INFO - Filling up the DagBag from /home/airflow/.local/lib/python3.8/site-packages/airflow/example_dags/example_branch_day_of_week_operator.py
[2024-03-26T06:11:31.193+0000] {processor.py:839} INFO - DAG(s) dict_keys(['example_weekday_branch_operator']) retrieved from /home/airflow/.local/lib/python3.8/site-packages/airflow/example_dags/example_branch_day_of_week_operator.py
[2024-03-26T06:11:31.218+0000] {logging_mixin.py:151} INFO - [2024-03-26T06:11:31.217+0000] {dag.py:2915} INFO - Sync 1 DAGs
[2024-03-26T06:11:31.245+0000] {logging_mixin.py:151} INFO - [2024-03-26T06:11:31.245+0000] {dag.py:3696} INFO - Setting next_dagrun for example_weekday_branch_operator to 2024-03-25T00:00:00+00:00, run_after=2024-03-26T00:00:00+00:00
[2024-03-26T06:11:31.268+0000] {processor.py:179} INFO - Processing /home/airflow/.local/lib/python3.8/site-packages/airflow/example_dags/example_branch_day_of_week_operator.py took 0.094 seconds
[2024-03-26T06:12:02.218+0000] {processor.py:157} INFO - Started process (PID=891) to work on /home/airflow/.local/lib/python3.8/site-packages/airflow/example_dags/example_branch_day_of_week_operator.py
[2024-03-26T06:12:02.219+0000] {processor.py:829} INFO - Processing file /home/airflow/.local/lib/python3.8/site-packages/airflow/example_dags/example_branch_day_of_week_operator.py for tasks to queue
[2024-03-26T06:12:02.222+0000] {logging_mixin.py:151} INFO - [2024-03-26T06:12:02.221+0000] {dagbag.py:539} INFO - Filling up the DagBag from /home/airflow/.local/lib/python3.8/site-packages/airflow/example_dags/example_branch_day_of_week_operator.py
[2024-03-26T06:12:02.231+0000] {processor.py:839} INFO - DAG(s) dict_keys(['example_weekday_branch_operator']) retrieved from /home/airflow/.local/lib/python3.8/site-packages/airflow/example_dags/example_branch_day_of_week_operator.py
[2024-03-26T06:12:02.255+0000] {logging_mixin.py:151} INFO - [2024-03-26T06:12:02.255+0000] {dag.py:2915} INFO - Sync 1 DAGs
[2024-03-26T06:12:02.286+0000] {logging_mixin.py:151} INFO - [2024-03-26T06:12:02.286+0000] {dag.py:3696} INFO - Setting next_dagrun for example_weekday_branch_operator to 2024-03-25T00:00:00+00:00, run_after=2024-03-26T00:00:00+00:00
[2024-03-26T06:12:02.307+0000] {processor.py:179} INFO - Processing /home/airflow/.local/lib/python3.8/site-packages/airflow/example_dags/example_branch_day_of_week_operator.py took 0.094 seconds
[2024-03-26T06:12:32.842+0000] {processor.py:157} INFO - Started process (PID=945) to work on /home/airflow/.local/lib/python3.8/site-packages/airflow/example_dags/example_branch_day_of_week_operator.py
[2024-03-26T06:12:32.843+0000] {processor.py:829} INFO - Processing file /home/airflow/.local/lib/python3.8/site-packages/airflow/example_dags/example_branch_day_of_week_operator.py for tasks to queue
[2024-03-26T06:12:32.846+0000] {logging_mixin.py:151} INFO - [2024-03-26T06:12:32.846+0000] {dagbag.py:539} INFO - Filling up the DagBag from /home/airflow/.local/lib/python3.8/site-packages/airflow/example_dags/example_branch_day_of_week_operator.py
[2024-03-26T06:12:32.854+0000] {processor.py:839} INFO - DAG(s) dict_keys(['example_weekday_branch_operator']) retrieved from /home/airflow/.local/lib/python3.8/site-packages/airflow/example_dags/example_branch_day_of_week_operator.py
[2024-03-26T06:12:32.882+0000] {logging_mixin.py:151} INFO - [2024-03-26T06:12:32.881+0000] {dag.py:2915} INFO - Sync 1 DAGs
[2024-03-26T06:12:32.912+0000] {logging_mixin.py:151} INFO - [2024-03-26T06:12:32.912+0000] {dag.py:3696} INFO - Setting next_dagrun for example_weekday_branch_operator to 2024-03-25T00:00:00+00:00, run_after=2024-03-26T00:00:00+00:00
[2024-03-26T06:12:32.940+0000] {processor.py:179} INFO - Processing /home/airflow/.local/lib/python3.8/site-packages/airflow/example_dags/example_branch_day_of_week_operator.py took 0.102 seconds
[2024-03-26T06:19:10.412+0000] {processor.py:157} INFO - Started process (PID=1023) to work on /home/airflow/.local/lib/python3.8/site-packages/airflow/example_dags/example_branch_day_of_week_operator.py
[2024-03-26T06:19:10.414+0000] {processor.py:829} INFO - Processing file /home/airflow/.local/lib/python3.8/site-packages/airflow/example_dags/example_branch_day_of_week_operator.py for tasks to queue
[2024-03-26T06:19:10.418+0000] {logging_mixin.py:151} INFO - [2024-03-26T06:19:10.418+0000] {dagbag.py:539} INFO - Filling up the DagBag from /home/airflow/.local/lib/python3.8/site-packages/airflow/example_dags/example_branch_day_of_week_operator.py
[2024-03-26T06:19:10.432+0000] {processor.py:839} INFO - DAG(s) dict_keys(['example_weekday_branch_operator']) retrieved from /home/airflow/.local/lib/python3.8/site-packages/airflow/example_dags/example_branch_day_of_week_operator.py
[2024-03-26T06:19:10.473+0000] {logging_mixin.py:151} INFO - [2024-03-26T06:19:10.473+0000] {dag.py:2915} INFO - Sync 1 DAGs
[2024-03-26T06:19:10.514+0000] {logging_mixin.py:151} INFO - [2024-03-26T06:19:10.513+0000] {dag.py:3696} INFO - Setting next_dagrun for example_weekday_branch_operator to 2024-03-25T00:00:00+00:00, run_after=2024-03-26T00:00:00+00:00
[2024-03-26T06:19:10.553+0000] {processor.py:179} INFO - Processing /home/airflow/.local/lib/python3.8/site-packages/airflow/example_dags/example_branch_day_of_week_operator.py took 0.146 seconds
[2024-03-26T06:19:40.850+0000] {processor.py:157} INFO - Started process (PID=1077) to work on /home/airflow/.local/lib/python3.8/site-packages/airflow/example_dags/example_branch_day_of_week_operator.py
[2024-03-26T06:19:40.852+0000] {processor.py:829} INFO - Processing file /home/airflow/.local/lib/python3.8/site-packages/airflow/example_dags/example_branch_day_of_week_operator.py for tasks to queue
[2024-03-26T06:19:40.855+0000] {logging_mixin.py:151} INFO - [2024-03-26T06:19:40.855+0000] {dagbag.py:539} INFO - Filling up the DagBag from /home/airflow/.local/lib/python3.8/site-packages/airflow/example_dags/example_branch_day_of_week_operator.py
[2024-03-26T06:19:40.868+0000] {processor.py:839} INFO - DAG(s) dict_keys(['example_weekday_branch_operator']) retrieved from /home/airflow/.local/lib/python3.8/site-packages/airflow/example_dags/example_branch_day_of_week_operator.py
[2024-03-26T06:19:40.898+0000] {logging_mixin.py:151} INFO - [2024-03-26T06:19:40.898+0000] {dag.py:2915} INFO - Sync 1 DAGs
[2024-03-26T06:19:40.931+0000] {logging_mixin.py:151} INFO - [2024-03-26T06:19:40.930+0000] {dag.py:3696} INFO - Setting next_dagrun for example_weekday_branch_operator to 2024-03-25T00:00:00+00:00, run_after=2024-03-26T00:00:00+00:00
[2024-03-26T06:19:40.958+0000] {processor.py:179} INFO - Processing /home/airflow/.local/lib/python3.8/site-packages/airflow/example_dags/example_branch_day_of_week_operator.py took 0.113 seconds
[2024-03-26T06:20:11.553+0000] {processor.py:157} INFO - Started process (PID=1131) to work on /home/airflow/.local/lib/python3.8/site-packages/airflow/example_dags/example_branch_day_of_week_operator.py
[2024-03-26T06:20:11.555+0000] {processor.py:829} INFO - Processing file /home/airflow/.local/lib/python3.8/site-packages/airflow/example_dags/example_branch_day_of_week_operator.py for tasks to queue
[2024-03-26T06:20:11.558+0000] {logging_mixin.py:151} INFO - [2024-03-26T06:20:11.558+0000] {dagbag.py:539} INFO - Filling up the DagBag from /home/airflow/.local/lib/python3.8/site-packages/airflow/example_dags/example_branch_day_of_week_operator.py
[2024-03-26T06:20:11.567+0000] {processor.py:839} INFO - DAG(s) dict_keys(['example_weekday_branch_operator']) retrieved from /home/airflow/.local/lib/python3.8/site-packages/airflow/example_dags/example_branch_day_of_week_operator.py
[2024-03-26T06:20:11.595+0000] {logging_mixin.py:151} INFO - [2024-03-26T06:20:11.595+0000] {dag.py:2915} INFO - Sync 1 DAGs
[2024-03-26T06:20:11.625+0000] {logging_mixin.py:151} INFO - [2024-03-26T06:20:11.625+0000] {dag.py:3696} INFO - Setting next_dagrun for example_weekday_branch_operator to 2024-03-25T00:00:00+00:00, run_after=2024-03-26T00:00:00+00:00
[2024-03-26T06:20:11.648+0000] {processor.py:179} INFO - Processing /home/airflow/.local/lib/python3.8/site-packages/airflow/example_dags/example_branch_day_of_week_operator.py took 0.099 seconds
[2024-03-26T06:20:42.095+0000] {processor.py:157} INFO - Started process (PID=1185) to work on /home/airflow/.local/lib/python3.8/site-packages/airflow/example_dags/example_branch_day_of_week_operator.py
[2024-03-26T06:20:42.097+0000] {processor.py:829} INFO - Processing file /home/airflow/.local/lib/python3.8/site-packages/airflow/example_dags/example_branch_day_of_week_operator.py for tasks to queue
[2024-03-26T06:20:42.099+0000] {logging_mixin.py:151} INFO - [2024-03-26T06:20:42.099+0000] {dagbag.py:539} INFO - Filling up the DagBag from /home/airflow/.local/lib/python3.8/site-packages/airflow/example_dags/example_branch_day_of_week_operator.py
[2024-03-26T06:20:42.109+0000] {processor.py:839} INFO - DAG(s) dict_keys(['example_weekday_branch_operator']) retrieved from /home/airflow/.local/lib/python3.8/site-packages/airflow/example_dags/example_branch_day_of_week_operator.py
[2024-03-26T06:20:42.135+0000] {logging_mixin.py:151} INFO - [2024-03-26T06:20:42.135+0000] {dag.py:2915} INFO - Sync 1 DAGs
[2024-03-26T06:20:42.160+0000] {logging_mixin.py:151} INFO - [2024-03-26T06:20:42.160+0000] {dag.py:3696} INFO - Setting next_dagrun for example_weekday_branch_operator to 2024-03-25T00:00:00+00:00, run_after=2024-03-26T00:00:00+00:00
[2024-03-26T06:20:42.183+0000] {processor.py:179} INFO - Processing /home/airflow/.local/lib/python3.8/site-packages/airflow/example_dags/example_branch_day_of_week_operator.py took 0.092 seconds
[2024-03-26T06:21:12.444+0000] {processor.py:157} INFO - Started process (PID=1239) to work on /home/airflow/.local/lib/python3.8/site-packages/airflow/example_dags/example_branch_day_of_week_operator.py
[2024-03-26T06:21:12.445+0000] {processor.py:829} INFO - Processing file /home/airflow/.local/lib/python3.8/site-packages/airflow/example_dags/example_branch_day_of_week_operator.py for tasks to queue
[2024-03-26T06:21:12.448+0000] {logging_mixin.py:151} INFO - [2024-03-26T06:21:12.447+0000] {dagbag.py:539} INFO - Filling up the DagBag from /home/airflow/.local/lib/python3.8/site-packages/airflow/example_dags/example_branch_day_of_week_operator.py
[2024-03-26T06:21:12.457+0000] {processor.py:839} INFO - DAG(s) dict_keys(['example_weekday_branch_operator']) retrieved from /home/airflow/.local/lib/python3.8/site-packages/airflow/example_dags/example_branch_day_of_week_operator.py
[2024-03-26T06:21:12.481+0000] {logging_mixin.py:151} INFO - [2024-03-26T06:21:12.480+0000] {dag.py:2915} INFO - Sync 1 DAGs
[2024-03-26T06:21:12.509+0000] {logging_mixin.py:151} INFO - [2024-03-26T06:21:12.509+0000] {dag.py:3696} INFO - Setting next_dagrun for example_weekday_branch_operator to 2024-03-25T00:00:00+00:00, run_after=2024-03-26T00:00:00+00:00
[2024-03-26T06:21:12.532+0000] {processor.py:179} INFO - Processing /home/airflow/.local/lib/python3.8/site-packages/airflow/example_dags/example_branch_day_of_week_operator.py took 0.092 seconds
[2024-03-26T06:21:43.447+0000] {processor.py:157} INFO - Started process (PID=1293) to work on /home/airflow/.local/lib/python3.8/site-packages/airflow/example_dags/example_branch_day_of_week_operator.py
[2024-03-26T06:21:43.449+0000] {processor.py:829} INFO - Processing file /home/airflow/.local/lib/python3.8/site-packages/airflow/example_dags/example_branch_day_of_week_operator.py for tasks to queue
[2024-03-26T06:21:43.451+0000] {logging_mixin.py:151} INFO - [2024-03-26T06:21:43.451+0000] {dagbag.py:539} INFO - Filling up the DagBag from /home/airflow/.local/lib/python3.8/site-packages/airflow/example_dags/example_branch_day_of_week_operator.py
[2024-03-26T06:21:43.461+0000] {processor.py:839} INFO - DAG(s) dict_keys(['example_weekday_branch_operator']) retrieved from /home/airflow/.local/lib/python3.8/site-packages/airflow/example_dags/example_branch_day_of_week_operator.py
[2024-03-26T06:21:43.486+0000] {logging_mixin.py:151} INFO - [2024-03-26T06:21:43.486+0000] {dag.py:2915} INFO - Sync 1 DAGs
[2024-03-26T06:21:43.517+0000] {logging_mixin.py:151} INFO - [2024-03-26T06:21:43.517+0000] {dag.py:3696} INFO - Setting next_dagrun for example_weekday_branch_operator to 2024-03-25T00:00:00+00:00, run_after=2024-03-26T00:00:00+00:00
[2024-03-26T06:21:43.561+0000] {processor.py:179} INFO - Processing /home/airflow/.local/lib/python3.8/site-packages/airflow/example_dags/example_branch_day_of_week_operator.py took 0.117 seconds
[2024-03-26T06:22:14.030+0000] {processor.py:157} INFO - Started process (PID=1347) to work on /home/airflow/.local/lib/python3.8/site-packages/airflow/example_dags/example_branch_day_of_week_operator.py
[2024-03-26T06:22:14.032+0000] {processor.py:829} INFO - Processing file /home/airflow/.local/lib/python3.8/site-packages/airflow/example_dags/example_branch_day_of_week_operator.py for tasks to queue
[2024-03-26T06:22:14.036+0000] {logging_mixin.py:151} INFO - [2024-03-26T06:22:14.036+0000] {dagbag.py:539} INFO - Filling up the DagBag from /home/airflow/.local/lib/python3.8/site-packages/airflow/example_dags/example_branch_day_of_week_operator.py
[2024-03-26T06:22:14.047+0000] {processor.py:839} INFO - DAG(s) dict_keys(['example_weekday_branch_operator']) retrieved from /home/airflow/.local/lib/python3.8/site-packages/airflow/example_dags/example_branch_day_of_week_operator.py
[2024-03-26T06:22:14.075+0000] {logging_mixin.py:151} INFO - [2024-03-26T06:22:14.074+0000] {dag.py:2915} INFO - Sync 1 DAGs
[2024-03-26T06:22:14.104+0000] {logging_mixin.py:151} INFO - [2024-03-26T06:22:14.103+0000] {dag.py:3696} INFO - Setting next_dagrun for example_weekday_branch_operator to 2024-03-25T00:00:00+00:00, run_after=2024-03-26T00:00:00+00:00
[2024-03-26T06:22:14.128+0000] {processor.py:179} INFO - Processing /home/airflow/.local/lib/python3.8/site-packages/airflow/example_dags/example_branch_day_of_week_operator.py took 0.102 seconds
[2024-03-26T06:22:44.752+0000] {processor.py:157} INFO - Started process (PID=1401) to work on /home/airflow/.local/lib/python3.8/site-packages/airflow/example_dags/example_branch_day_of_week_operator.py
[2024-03-26T06:22:44.754+0000] {processor.py:829} INFO - Processing file /home/airflow/.local/lib/python3.8/site-packages/airflow/example_dags/example_branch_day_of_week_operator.py for tasks to queue
[2024-03-26T06:22:44.757+0000] {logging_mixin.py:151} INFO - [2024-03-26T06:22:44.756+0000] {dagbag.py:539} INFO - Filling up the DagBag from /home/airflow/.local/lib/python3.8/site-packages/airflow/example_dags/example_branch_day_of_week_operator.py
[2024-03-26T06:22:44.767+0000] {processor.py:839} INFO - DAG(s) dict_keys(['example_weekday_branch_operator']) retrieved from /home/airflow/.local/lib/python3.8/site-packages/airflow/example_dags/example_branch_day_of_week_operator.py
[2024-03-26T06:22:44.795+0000] {logging_mixin.py:151} INFO - [2024-03-26T06:22:44.795+0000] {dag.py:2915} INFO - Sync 1 DAGs
[2024-03-26T06:22:44.823+0000] {logging_mixin.py:151} INFO - [2024-03-26T06:22:44.823+0000] {dag.py:3696} INFO - Setting next_dagrun for example_weekday_branch_operator to 2024-03-25T00:00:00+00:00, run_after=2024-03-26T00:00:00+00:00
[2024-03-26T06:22:44.849+0000] {processor.py:179} INFO - Processing /home/airflow/.local/lib/python3.8/site-packages/airflow/example_dags/example_branch_day_of_week_operator.py took 0.101 seconds
[2024-03-26T06:23:15.284+0000] {processor.py:157} INFO - Started process (PID=1455) to work on /home/airflow/.local/lib/python3.8/site-packages/airflow/example_dags/example_branch_day_of_week_operator.py
[2024-03-26T06:23:15.285+0000] {processor.py:829} INFO - Processing file /home/airflow/.local/lib/python3.8/site-packages/airflow/example_dags/example_branch_day_of_week_operator.py for tasks to queue
[2024-03-26T06:23:15.288+0000] {logging_mixin.py:151} INFO - [2024-03-26T06:23:15.288+0000] {dagbag.py:539} INFO - Filling up the DagBag from /home/airflow/.local/lib/python3.8/site-packages/airflow/example_dags/example_branch_day_of_week_operator.py
[2024-03-26T06:23:15.299+0000] {processor.py:839} INFO - DAG(s) dict_keys(['example_weekday_branch_operator']) retrieved from /home/airflow/.local/lib/python3.8/site-packages/airflow/example_dags/example_branch_day_of_week_operator.py
[2024-03-26T06:23:15.324+0000] {logging_mixin.py:151} INFO - [2024-03-26T06:23:15.323+0000] {dag.py:2915} INFO - Sync 1 DAGs
[2024-03-26T06:23:15.354+0000] {logging_mixin.py:151} INFO - [2024-03-26T06:23:15.353+0000] {dag.py:3696} INFO - Setting next_dagrun for example_weekday_branch_operator to 2024-03-25T00:00:00+00:00, run_after=2024-03-26T00:00:00+00:00
[2024-03-26T06:23:15.381+0000] {processor.py:179} INFO - Processing /home/airflow/.local/lib/python3.8/site-packages/airflow/example_dags/example_branch_day_of_week_operator.py took 0.101 seconds
[2024-03-26T06:23:46.013+0000] {processor.py:157} INFO - Started process (PID=1509) to work on /home/airflow/.local/lib/python3.8/site-packages/airflow/example_dags/example_branch_day_of_week_operator.py
[2024-03-26T06:23:46.015+0000] {processor.py:829} INFO - Processing file /home/airflow/.local/lib/python3.8/site-packages/airflow/example_dags/example_branch_day_of_week_operator.py for tasks to queue
[2024-03-26T06:23:46.018+0000] {logging_mixin.py:151} INFO - [2024-03-26T06:23:46.017+0000] {dagbag.py:539} INFO - Filling up the DagBag from /home/airflow/.local/lib/python3.8/site-packages/airflow/example_dags/example_branch_day_of_week_operator.py
[2024-03-26T06:23:46.031+0000] {processor.py:839} INFO - DAG(s) dict_keys(['example_weekday_branch_operator']) retrieved from /home/airflow/.local/lib/python3.8/site-packages/airflow/example_dags/example_branch_day_of_week_operator.py
[2024-03-26T06:23:46.059+0000] {logging_mixin.py:151} INFO - [2024-03-26T06:23:46.059+0000] {dag.py:2915} INFO - Sync 1 DAGs
[2024-03-26T06:23:46.089+0000] {logging_mixin.py:151} INFO - [2024-03-26T06:23:46.088+0000] {dag.py:3696} INFO - Setting next_dagrun for example_weekday_branch_operator to 2024-03-25T00:00:00+00:00, run_after=2024-03-26T00:00:00+00:00
[2024-03-26T06:23:46.112+0000] {processor.py:179} INFO - Processing /home/airflow/.local/lib/python3.8/site-packages/airflow/example_dags/example_branch_day_of_week_operator.py took 0.104 seconds
[2024-03-26T06:24:16.485+0000] {processor.py:157} INFO - Started process (PID=1563) to work on /home/airflow/.local/lib/python3.8/site-packages/airflow/example_dags/example_branch_day_of_week_operator.py
[2024-03-26T06:24:16.486+0000] {processor.py:829} INFO - Processing file /home/airflow/.local/lib/python3.8/site-packages/airflow/example_dags/example_branch_day_of_week_operator.py for tasks to queue
[2024-03-26T06:24:16.489+0000] {logging_mixin.py:151} INFO - [2024-03-26T06:24:16.489+0000] {dagbag.py:539} INFO - Filling up the DagBag from /home/airflow/.local/lib/python3.8/site-packages/airflow/example_dags/example_branch_day_of_week_operator.py
[2024-03-26T06:24:16.498+0000] {processor.py:839} INFO - DAG(s) dict_keys(['example_weekday_branch_operator']) retrieved from /home/airflow/.local/lib/python3.8/site-packages/airflow/example_dags/example_branch_day_of_week_operator.py
[2024-03-26T06:24:16.521+0000] {logging_mixin.py:151} INFO - [2024-03-26T06:24:16.521+0000] {dag.py:2915} INFO - Sync 1 DAGs
[2024-03-26T06:24:16.546+0000] {logging_mixin.py:151} INFO - [2024-03-26T06:24:16.546+0000] {dag.py:3696} INFO - Setting next_dagrun for example_weekday_branch_operator to 2024-03-25T00:00:00+00:00, run_after=2024-03-26T00:00:00+00:00
[2024-03-26T06:24:16.579+0000] {processor.py:179} INFO - Processing /home/airflow/.local/lib/python3.8/site-packages/airflow/example_dags/example_branch_day_of_week_operator.py took 0.098 seconds
[2024-03-26T06:24:47.156+0000] {processor.py:157} INFO - Started process (PID=1617) to work on /home/airflow/.local/lib/python3.8/site-packages/airflow/example_dags/example_branch_day_of_week_operator.py
[2024-03-26T06:24:47.157+0000] {processor.py:829} INFO - Processing file /home/airflow/.local/lib/python3.8/site-packages/airflow/example_dags/example_branch_day_of_week_operator.py for tasks to queue
[2024-03-26T06:24:47.160+0000] {logging_mixin.py:151} INFO - [2024-03-26T06:24:47.160+0000] {dagbag.py:539} INFO - Filling up the DagBag from /home/airflow/.local/lib/python3.8/site-packages/airflow/example_dags/example_branch_day_of_week_operator.py
[2024-03-26T06:24:47.169+0000] {processor.py:839} INFO - DAG(s) dict_keys(['example_weekday_branch_operator']) retrieved from /home/airflow/.local/lib/python3.8/site-packages/airflow/example_dags/example_branch_day_of_week_operator.py
[2024-03-26T06:24:47.198+0000] {logging_mixin.py:151} INFO - [2024-03-26T06:24:47.197+0000] {dag.py:2915} INFO - Sync 1 DAGs
[2024-03-26T06:24:47.224+0000] {logging_mixin.py:151} INFO - [2024-03-26T06:24:47.224+0000] {dag.py:3696} INFO - Setting next_dagrun for example_weekday_branch_operator to 2024-03-25T00:00:00+00:00, run_after=2024-03-26T00:00:00+00:00
[2024-03-26T06:24:47.246+0000] {processor.py:179} INFO - Processing /home/airflow/.local/lib/python3.8/site-packages/airflow/example_dags/example_branch_day_of_week_operator.py took 0.094 seconds
[2024-03-26T06:25:17.800+0000] {processor.py:157} INFO - Started process (PID=1671) to work on /home/airflow/.local/lib/python3.8/site-packages/airflow/example_dags/example_branch_day_of_week_operator.py
[2024-03-26T06:25:17.801+0000] {processor.py:829} INFO - Processing file /home/airflow/.local/lib/python3.8/site-packages/airflow/example_dags/example_branch_day_of_week_operator.py for tasks to queue
[2024-03-26T06:25:17.804+0000] {logging_mixin.py:151} INFO - [2024-03-26T06:25:17.804+0000] {dagbag.py:539} INFO - Filling up the DagBag from /home/airflow/.local/lib/python3.8/site-packages/airflow/example_dags/example_branch_day_of_week_operator.py
[2024-03-26T06:25:17.813+0000] {processor.py:839} INFO - DAG(s) dict_keys(['example_weekday_branch_operator']) retrieved from /home/airflow/.local/lib/python3.8/site-packages/airflow/example_dags/example_branch_day_of_week_operator.py
[2024-03-26T06:25:17.841+0000] {logging_mixin.py:151} INFO - [2024-03-26T06:25:17.840+0000] {dag.py:2915} INFO - Sync 1 DAGs
[2024-03-26T06:25:17.869+0000] {logging_mixin.py:151} INFO - [2024-03-26T06:25:17.869+0000] {dag.py:3696} INFO - Setting next_dagrun for example_weekday_branch_operator to 2024-03-25T00:00:00+00:00, run_after=2024-03-26T00:00:00+00:00
[2024-03-26T06:25:17.891+0000] {processor.py:179} INFO - Processing /home/airflow/.local/lib/python3.8/site-packages/airflow/example_dags/example_branch_day_of_week_operator.py took 0.095 seconds
[2024-03-26T06:25:48.207+0000] {processor.py:157} INFO - Started process (PID=1725) to work on /home/airflow/.local/lib/python3.8/site-packages/airflow/example_dags/example_branch_day_of_week_operator.py
[2024-03-26T06:25:48.208+0000] {processor.py:829} INFO - Processing file /home/airflow/.local/lib/python3.8/site-packages/airflow/example_dags/example_branch_day_of_week_operator.py for tasks to queue
[2024-03-26T06:25:48.211+0000] {logging_mixin.py:151} INFO - [2024-03-26T06:25:48.210+0000] {dagbag.py:539} INFO - Filling up the DagBag from /home/airflow/.local/lib/python3.8/site-packages/airflow/example_dags/example_branch_day_of_week_operator.py
[2024-03-26T06:25:48.220+0000] {processor.py:839} INFO - DAG(s) dict_keys(['example_weekday_branch_operator']) retrieved from /home/airflow/.local/lib/python3.8/site-packages/airflow/example_dags/example_branch_day_of_week_operator.py
[2024-03-26T06:25:48.247+0000] {logging_mixin.py:151} INFO - [2024-03-26T06:25:48.246+0000] {dag.py:2915} INFO - Sync 1 DAGs
[2024-03-26T06:25:48.277+0000] {logging_mixin.py:151} INFO - [2024-03-26T06:25:48.277+0000] {dag.py:3696} INFO - Setting next_dagrun for example_weekday_branch_operator to 2024-03-25T00:00:00+00:00, run_after=2024-03-26T00:00:00+00:00
[2024-03-26T06:25:48.300+0000] {processor.py:179} INFO - Processing /home/airflow/.local/lib/python3.8/site-packages/airflow/example_dags/example_branch_day_of_week_operator.py took 0.097 seconds
[2024-03-26T06:26:18.909+0000] {processor.py:157} INFO - Started process (PID=1779) to work on /home/airflow/.local/lib/python3.8/site-packages/airflow/example_dags/example_branch_day_of_week_operator.py
[2024-03-26T06:26:18.910+0000] {processor.py:829} INFO - Processing file /home/airflow/.local/lib/python3.8/site-packages/airflow/example_dags/example_branch_day_of_week_operator.py for tasks to queue
[2024-03-26T06:26:18.913+0000] {logging_mixin.py:151} INFO - [2024-03-26T06:26:18.913+0000] {dagbag.py:539} INFO - Filling up the DagBag from /home/airflow/.local/lib/python3.8/site-packages/airflow/example_dags/example_branch_day_of_week_operator.py
[2024-03-26T06:26:18.923+0000] {processor.py:839} INFO - DAG(s) dict_keys(['example_weekday_branch_operator']) retrieved from /home/airflow/.local/lib/python3.8/site-packages/airflow/example_dags/example_branch_day_of_week_operator.py
[2024-03-26T06:26:18.948+0000] {logging_mixin.py:151} INFO - [2024-03-26T06:26:18.948+0000] {dag.py:2915} INFO - Sync 1 DAGs
[2024-03-26T06:26:18.974+0000] {logging_mixin.py:151} INFO - [2024-03-26T06:26:18.973+0000] {dag.py:3696} INFO - Setting next_dagrun for example_weekday_branch_operator to 2024-03-25T00:00:00+00:00, run_after=2024-03-26T00:00:00+00:00
[2024-03-26T06:26:19.005+0000] {processor.py:179} INFO - Processing /home/airflow/.local/lib/python3.8/site-packages/airflow/example_dags/example_branch_day_of_week_operator.py took 0.100 seconds
[2024-03-26T06:26:49.294+0000] {processor.py:157} INFO - Started process (PID=1833) to work on /home/airflow/.local/lib/python3.8/site-packages/airflow/example_dags/example_branch_day_of_week_operator.py
[2024-03-26T06:26:49.296+0000] {processor.py:829} INFO - Processing file /home/airflow/.local/lib/python3.8/site-packages/airflow/example_dags/example_branch_day_of_week_operator.py for tasks to queue
[2024-03-26T06:26:49.299+0000] {logging_mixin.py:151} INFO - [2024-03-26T06:26:49.299+0000] {dagbag.py:539} INFO - Filling up the DagBag from /home/airflow/.local/lib/python3.8/site-packages/airflow/example_dags/example_branch_day_of_week_operator.py
[2024-03-26T06:26:49.309+0000] {processor.py:839} INFO - DAG(s) dict_keys(['example_weekday_branch_operator']) retrieved from /home/airflow/.local/lib/python3.8/site-packages/airflow/example_dags/example_branch_day_of_week_operator.py
[2024-03-26T06:26:49.335+0000] {logging_mixin.py:151} INFO - [2024-03-26T06:26:49.335+0000] {dag.py:2915} INFO - Sync 1 DAGs
[2024-03-26T06:26:49.368+0000] {logging_mixin.py:151} INFO - [2024-03-26T06:26:49.368+0000] {dag.py:3696} INFO - Setting next_dagrun for example_weekday_branch_operator to 2024-03-25T00:00:00+00:00, run_after=2024-03-26T00:00:00+00:00
[2024-03-26T06:26:49.396+0000] {processor.py:179} INFO - Processing /home/airflow/.local/lib/python3.8/site-packages/airflow/example_dags/example_branch_day_of_week_operator.py took 0.105 seconds
[2024-03-26T06:27:19.797+0000] {processor.py:157} INFO - Started process (PID=1887) to work on /home/airflow/.local/lib/python3.8/site-packages/airflow/example_dags/example_branch_day_of_week_operator.py
[2024-03-26T06:27:19.798+0000] {processor.py:829} INFO - Processing file /home/airflow/.local/lib/python3.8/site-packages/airflow/example_dags/example_branch_day_of_week_operator.py for tasks to queue
[2024-03-26T06:27:19.801+0000] {logging_mixin.py:151} INFO - [2024-03-26T06:27:19.801+0000] {dagbag.py:539} INFO - Filling up the DagBag from /home/airflow/.local/lib/python3.8/site-packages/airflow/example_dags/example_branch_day_of_week_operator.py
[2024-03-26T06:27:19.811+0000] {processor.py:839} INFO - DAG(s) dict_keys(['example_weekday_branch_operator']) retrieved from /home/airflow/.local/lib/python3.8/site-packages/airflow/example_dags/example_branch_day_of_week_operator.py
[2024-03-26T06:27:19.836+0000] {logging_mixin.py:151} INFO - [2024-03-26T06:27:19.836+0000] {dag.py:2915} INFO - Sync 1 DAGs
[2024-03-26T06:27:19.863+0000] {logging_mixin.py:151} INFO - [2024-03-26T06:27:19.863+0000] {dag.py:3696} INFO - Setting next_dagrun for example_weekday_branch_operator to 2024-03-25T00:00:00+00:00, run_after=2024-03-26T00:00:00+00:00
[2024-03-26T06:27:19.887+0000] {processor.py:179} INFO - Processing /home/airflow/.local/lib/python3.8/site-packages/airflow/example_dags/example_branch_day_of_week_operator.py took 0.094 seconds
[2024-03-26T06:27:50.854+0000] {processor.py:157} INFO - Started process (PID=1941) to work on /home/airflow/.local/lib/python3.8/site-packages/airflow/example_dags/example_branch_day_of_week_operator.py
[2024-03-26T06:27:50.855+0000] {processor.py:829} INFO - Processing file /home/airflow/.local/lib/python3.8/site-packages/airflow/example_dags/example_branch_day_of_week_operator.py for tasks to queue
[2024-03-26T06:27:50.859+0000] {logging_mixin.py:151} INFO - [2024-03-26T06:27:50.858+0000] {dagbag.py:539} INFO - Filling up the DagBag from /home/airflow/.local/lib/python3.8/site-packages/airflow/example_dags/example_branch_day_of_week_operator.py
[2024-03-26T06:27:50.868+0000] {processor.py:839} INFO - DAG(s) dict_keys(['example_weekday_branch_operator']) retrieved from /home/airflow/.local/lib/python3.8/site-packages/airflow/example_dags/example_branch_day_of_week_operator.py
[2024-03-26T06:27:50.895+0000] {logging_mixin.py:151} INFO - [2024-03-26T06:27:50.895+0000] {dag.py:2915} INFO - Sync 1 DAGs
[2024-03-26T06:27:50.926+0000] {logging_mixin.py:151} INFO - [2024-03-26T06:27:50.926+0000] {dag.py:3696} INFO - Setting next_dagrun for example_weekday_branch_operator to 2024-03-25T00:00:00+00:00, run_after=2024-03-26T00:00:00+00:00
[2024-03-26T06:27:50.959+0000] {processor.py:179} INFO - Processing /home/airflow/.local/lib/python3.8/site-packages/airflow/example_dags/example_branch_day_of_week_operator.py took 0.110 seconds
[2024-03-26T06:28:21.308+0000] {processor.py:157} INFO - Started process (PID=1995) to work on /home/airflow/.local/lib/python3.8/site-packages/airflow/example_dags/example_branch_day_of_week_operator.py
[2024-03-26T06:28:21.310+0000] {processor.py:829} INFO - Processing file /home/airflow/.local/lib/python3.8/site-packages/airflow/example_dags/example_branch_day_of_week_operator.py for tasks to queue
[2024-03-26T06:28:21.312+0000] {logging_mixin.py:151} INFO - [2024-03-26T06:28:21.312+0000] {dagbag.py:539} INFO - Filling up the DagBag from /home/airflow/.local/lib/python3.8/site-packages/airflow/example_dags/example_branch_day_of_week_operator.py
[2024-03-26T06:28:21.321+0000] {processor.py:839} INFO - DAG(s) dict_keys(['example_weekday_branch_operator']) retrieved from /home/airflow/.local/lib/python3.8/site-packages/airflow/example_dags/example_branch_day_of_week_operator.py
[2024-03-26T06:28:21.346+0000] {logging_mixin.py:151} INFO - [2024-03-26T06:28:21.346+0000] {dag.py:2915} INFO - Sync 1 DAGs
[2024-03-26T06:28:21.371+0000] {logging_mixin.py:151} INFO - [2024-03-26T06:28:21.371+0000] {dag.py:3696} INFO - Setting next_dagrun for example_weekday_branch_operator to 2024-03-25T00:00:00+00:00, run_after=2024-03-26T00:00:00+00:00
[2024-03-26T06:28:21.393+0000] {processor.py:179} INFO - Processing /home/airflow/.local/lib/python3.8/site-packages/airflow/example_dags/example_branch_day_of_week_operator.py took 0.089 seconds
[2024-03-26T06:28:51.841+0000] {processor.py:157} INFO - Started process (PID=2049) to work on /home/airflow/.local/lib/python3.8/site-packages/airflow/example_dags/example_branch_day_of_week_operator.py
[2024-03-26T06:28:51.842+0000] {processor.py:829} INFO - Processing file /home/airflow/.local/lib/python3.8/site-packages/airflow/example_dags/example_branch_day_of_week_operator.py for tasks to queue
[2024-03-26T06:28:51.845+0000] {logging_mixin.py:151} INFO - [2024-03-26T06:28:51.845+0000] {dagbag.py:539} INFO - Filling up the DagBag from /home/airflow/.local/lib/python3.8/site-packages/airflow/example_dags/example_branch_day_of_week_operator.py
[2024-03-26T06:28:51.855+0000] {processor.py:839} INFO - DAG(s) dict_keys(['example_weekday_branch_operator']) retrieved from /home/airflow/.local/lib/python3.8/site-packages/airflow/example_dags/example_branch_day_of_week_operator.py
[2024-03-26T06:28:51.881+0000] {logging_mixin.py:151} INFO - [2024-03-26T06:28:51.881+0000] {dag.py:2915} INFO - Sync 1 DAGs
[2024-03-26T06:28:51.912+0000] {logging_mixin.py:151} INFO - [2024-03-26T06:28:51.911+0000] {dag.py:3696} INFO - Setting next_dagrun for example_weekday_branch_operator to 2024-03-25T00:00:00+00:00, run_after=2024-03-26T00:00:00+00:00
[2024-03-26T06:28:51.936+0000] {processor.py:179} INFO - Processing /home/airflow/.local/lib/python3.8/site-packages/airflow/example_dags/example_branch_day_of_week_operator.py took 0.100 seconds
[2024-03-26T06:29:22.862+0000] {processor.py:157} INFO - Started process (PID=2103) to work on /home/airflow/.local/lib/python3.8/site-packages/airflow/example_dags/example_branch_day_of_week_operator.py
[2024-03-26T06:29:22.864+0000] {processor.py:829} INFO - Processing file /home/airflow/.local/lib/python3.8/site-packages/airflow/example_dags/example_branch_day_of_week_operator.py for tasks to queue
[2024-03-26T06:29:22.867+0000] {logging_mixin.py:151} INFO - [2024-03-26T06:29:22.867+0000] {dagbag.py:539} INFO - Filling up the DagBag from /home/airflow/.local/lib/python3.8/site-packages/airflow/example_dags/example_branch_day_of_week_operator.py
[2024-03-26T06:29:22.880+0000] {processor.py:839} INFO - DAG(s) dict_keys(['example_weekday_branch_operator']) retrieved from /home/airflow/.local/lib/python3.8/site-packages/airflow/example_dags/example_branch_day_of_week_operator.py
[2024-03-26T06:29:22.913+0000] {logging_mixin.py:151} INFO - [2024-03-26T06:29:22.913+0000] {dag.py:2915} INFO - Sync 1 DAGs
[2024-03-26T06:29:22.946+0000] {logging_mixin.py:151} INFO - [2024-03-26T06:29:22.946+0000] {dag.py:3696} INFO - Setting next_dagrun for example_weekday_branch_operator to 2024-03-25T00:00:00+00:00, run_after=2024-03-26T00:00:00+00:00
[2024-03-26T06:29:22.973+0000] {processor.py:179} INFO - Processing /home/airflow/.local/lib/python3.8/site-packages/airflow/example_dags/example_branch_day_of_week_operator.py took 0.114 seconds
[2024-03-26T06:29:53.954+0000] {processor.py:157} INFO - Started process (PID=2157) to work on /home/airflow/.local/lib/python3.8/site-packages/airflow/example_dags/example_branch_day_of_week_operator.py
[2024-03-26T06:29:53.956+0000] {processor.py:829} INFO - Processing file /home/airflow/.local/lib/python3.8/site-packages/airflow/example_dags/example_branch_day_of_week_operator.py for tasks to queue
[2024-03-26T06:29:53.960+0000] {logging_mixin.py:151} INFO - [2024-03-26T06:29:53.959+0000] {dagbag.py:539} INFO - Filling up the DagBag from /home/airflow/.local/lib/python3.8/site-packages/airflow/example_dags/example_branch_day_of_week_operator.py
[2024-03-26T06:29:53.972+0000] {processor.py:839} INFO - DAG(s) dict_keys(['example_weekday_branch_operator']) retrieved from /home/airflow/.local/lib/python3.8/site-packages/airflow/example_dags/example_branch_day_of_week_operator.py
[2024-03-26T06:29:53.999+0000] {logging_mixin.py:151} INFO - [2024-03-26T06:29:53.999+0000] {dag.py:2915} INFO - Sync 1 DAGs
[2024-03-26T06:29:54.033+0000] {logging_mixin.py:151} INFO - [2024-03-26T06:29:54.033+0000] {dag.py:3696} INFO - Setting next_dagrun for example_weekday_branch_operator to 2024-03-25T00:00:00+00:00, run_after=2024-03-26T00:00:00+00:00
[2024-03-26T06:29:54.063+0000] {processor.py:179} INFO - Processing /home/airflow/.local/lib/python3.8/site-packages/airflow/example_dags/example_branch_day_of_week_operator.py took 0.115 seconds
[2024-03-26T06:30:24.210+0000] {processor.py:157} INFO - Started process (PID=2211) to work on /home/airflow/.local/lib/python3.8/site-packages/airflow/example_dags/example_branch_day_of_week_operator.py
[2024-03-26T06:30:24.212+0000] {processor.py:829} INFO - Processing file /home/airflow/.local/lib/python3.8/site-packages/airflow/example_dags/example_branch_day_of_week_operator.py for tasks to queue
[2024-03-26T06:30:24.215+0000] {logging_mixin.py:151} INFO - [2024-03-26T06:30:24.214+0000] {dagbag.py:539} INFO - Filling up the DagBag from /home/airflow/.local/lib/python3.8/site-packages/airflow/example_dags/example_branch_day_of_week_operator.py
[2024-03-26T06:30:24.228+0000] {processor.py:839} INFO - DAG(s) dict_keys(['example_weekday_branch_operator']) retrieved from /home/airflow/.local/lib/python3.8/site-packages/airflow/example_dags/example_branch_day_of_week_operator.py
[2024-03-26T06:30:24.261+0000] {logging_mixin.py:151} INFO - [2024-03-26T06:30:24.261+0000] {dag.py:2915} INFO - Sync 1 DAGs
[2024-03-26T06:30:24.295+0000] {logging_mixin.py:151} INFO - [2024-03-26T06:30:24.295+0000] {dag.py:3696} INFO - Setting next_dagrun for example_weekday_branch_operator to 2024-03-25T00:00:00+00:00, run_after=2024-03-26T00:00:00+00:00
[2024-03-26T06:30:24.336+0000] {processor.py:179} INFO - Processing /home/airflow/.local/lib/python3.8/site-packages/airflow/example_dags/example_branch_day_of_week_operator.py took 0.133 seconds
[2024-03-26T06:30:54.447+0000] {processor.py:157} INFO - Started process (PID=2264) to work on /home/airflow/.local/lib/python3.8/site-packages/airflow/example_dags/example_branch_day_of_week_operator.py
[2024-03-26T06:30:54.449+0000] {processor.py:829} INFO - Processing file /home/airflow/.local/lib/python3.8/site-packages/airflow/example_dags/example_branch_day_of_week_operator.py for tasks to queue
[2024-03-26T06:30:54.452+0000] {logging_mixin.py:151} INFO - [2024-03-26T06:30:54.452+0000] {dagbag.py:539} INFO - Filling up the DagBag from /home/airflow/.local/lib/python3.8/site-packages/airflow/example_dags/example_branch_day_of_week_operator.py
[2024-03-26T06:30:54.461+0000] {processor.py:839} INFO - DAG(s) dict_keys(['example_weekday_branch_operator']) retrieved from /home/airflow/.local/lib/python3.8/site-packages/airflow/example_dags/example_branch_day_of_week_operator.py
[2024-03-26T06:30:54.486+0000] {logging_mixin.py:151} INFO - [2024-03-26T06:30:54.486+0000] {dag.py:2915} INFO - Sync 1 DAGs
[2024-03-26T06:30:54.517+0000] {logging_mixin.py:151} INFO - [2024-03-26T06:30:54.517+0000] {dag.py:3696} INFO - Setting next_dagrun for example_weekday_branch_operator to 2024-03-25T00:00:00+00:00, run_after=2024-03-26T00:00:00+00:00
[2024-03-26T06:30:54.553+0000] {processor.py:179} INFO - Processing /home/airflow/.local/lib/python3.8/site-packages/airflow/example_dags/example_branch_day_of_week_operator.py took 0.109 seconds
[2024-03-26T06:31:24.597+0000] {processor.py:157} INFO - Started process (PID=2318) to work on /home/airflow/.local/lib/python3.8/site-packages/airflow/example_dags/example_branch_day_of_week_operator.py
[2024-03-26T06:31:24.598+0000] {processor.py:829} INFO - Processing file /home/airflow/.local/lib/python3.8/site-packages/airflow/example_dags/example_branch_day_of_week_operator.py for tasks to queue
[2024-03-26T06:31:24.601+0000] {logging_mixin.py:151} INFO - [2024-03-26T06:31:24.601+0000] {dagbag.py:539} INFO - Filling up the DagBag from /home/airflow/.local/lib/python3.8/site-packages/airflow/example_dags/example_branch_day_of_week_operator.py
[2024-03-26T06:31:24.613+0000] {processor.py:839} INFO - DAG(s) dict_keys(['example_weekday_branch_operator']) retrieved from /home/airflow/.local/lib/python3.8/site-packages/airflow/example_dags/example_branch_day_of_week_operator.py
[2024-03-26T06:31:24.637+0000] {logging_mixin.py:151} INFO - [2024-03-26T06:31:24.637+0000] {dag.py:2915} INFO - Sync 1 DAGs
[2024-03-26T06:31:24.663+0000] {logging_mixin.py:151} INFO - [2024-03-26T06:31:24.663+0000] {dag.py:3696} INFO - Setting next_dagrun for example_weekday_branch_operator to 2024-03-25T00:00:00+00:00, run_after=2024-03-26T00:00:00+00:00
[2024-03-26T06:31:24.683+0000] {processor.py:179} INFO - Processing /home/airflow/.local/lib/python3.8/site-packages/airflow/example_dags/example_branch_day_of_week_operator.py took 0.091 seconds
[2024-03-26T06:31:55.471+0000] {processor.py:157} INFO - Started process (PID=2372) to work on /home/airflow/.local/lib/python3.8/site-packages/airflow/example_dags/example_branch_day_of_week_operator.py
[2024-03-26T06:31:55.472+0000] {processor.py:829} INFO - Processing file /home/airflow/.local/lib/python3.8/site-packages/airflow/example_dags/example_branch_day_of_week_operator.py for tasks to queue
[2024-03-26T06:31:55.476+0000] {logging_mixin.py:151} INFO - [2024-03-26T06:31:55.475+0000] {dagbag.py:539} INFO - Filling up the DagBag from /home/airflow/.local/lib/python3.8/site-packages/airflow/example_dags/example_branch_day_of_week_operator.py
[2024-03-26T06:31:55.488+0000] {processor.py:839} INFO - DAG(s) dict_keys(['example_weekday_branch_operator']) retrieved from /home/airflow/.local/lib/python3.8/site-packages/airflow/example_dags/example_branch_day_of_week_operator.py
[2024-03-26T06:31:55.519+0000] {logging_mixin.py:151} INFO - [2024-03-26T06:31:55.519+0000] {dag.py:2915} INFO - Sync 1 DAGs
[2024-03-26T06:31:55.548+0000] {logging_mixin.py:151} INFO - [2024-03-26T06:31:55.547+0000] {dag.py:3696} INFO - Setting next_dagrun for example_weekday_branch_operator to 2024-03-25T00:00:00+00:00, run_after=2024-03-26T00:00:00+00:00
[2024-03-26T06:31:55.572+0000] {processor.py:179} INFO - Processing /home/airflow/.local/lib/python3.8/site-packages/airflow/example_dags/example_branch_day_of_week_operator.py took 0.105 seconds
[2024-03-26T06:32:25.694+0000] {processor.py:157} INFO - Started process (PID=2426) to work on /home/airflow/.local/lib/python3.8/site-packages/airflow/example_dags/example_branch_day_of_week_operator.py
[2024-03-26T06:32:25.695+0000] {processor.py:829} INFO - Processing file /home/airflow/.local/lib/python3.8/site-packages/airflow/example_dags/example_branch_day_of_week_operator.py for tasks to queue
[2024-03-26T06:32:25.698+0000] {logging_mixin.py:151} INFO - [2024-03-26T06:32:25.698+0000] {dagbag.py:539} INFO - Filling up the DagBag from /home/airflow/.local/lib/python3.8/site-packages/airflow/example_dags/example_branch_day_of_week_operator.py
[2024-03-26T06:32:25.707+0000] {processor.py:839} INFO - DAG(s) dict_keys(['example_weekday_branch_operator']) retrieved from /home/airflow/.local/lib/python3.8/site-packages/airflow/example_dags/example_branch_day_of_week_operator.py
[2024-03-26T06:32:25.734+0000] {logging_mixin.py:151} INFO - [2024-03-26T06:32:25.733+0000] {dag.py:2915} INFO - Sync 1 DAGs
[2024-03-26T06:32:25.762+0000] {logging_mixin.py:151} INFO - [2024-03-26T06:32:25.761+0000] {dag.py:3696} INFO - Setting next_dagrun for example_weekday_branch_operator to 2024-03-25T00:00:00+00:00, run_after=2024-03-26T00:00:00+00:00
[2024-03-26T06:32:25.799+0000] {processor.py:179} INFO - Processing /home/airflow/.local/lib/python3.8/site-packages/airflow/example_dags/example_branch_day_of_week_operator.py took 0.109 seconds
[2024-03-26T06:32:56.093+0000] {processor.py:157} INFO - Started process (PID=2479) to work on /home/airflow/.local/lib/python3.8/site-packages/airflow/example_dags/example_branch_day_of_week_operator.py
[2024-03-26T06:32:56.094+0000] {processor.py:829} INFO - Processing file /home/airflow/.local/lib/python3.8/site-packages/airflow/example_dags/example_branch_day_of_week_operator.py for tasks to queue
[2024-03-26T06:32:56.097+0000] {logging_mixin.py:151} INFO - [2024-03-26T06:32:56.097+0000] {dagbag.py:539} INFO - Filling up the DagBag from /home/airflow/.local/lib/python3.8/site-packages/airflow/example_dags/example_branch_day_of_week_operator.py
[2024-03-26T06:32:56.107+0000] {processor.py:839} INFO - DAG(s) dict_keys(['example_weekday_branch_operator']) retrieved from /home/airflow/.local/lib/python3.8/site-packages/airflow/example_dags/example_branch_day_of_week_operator.py
[2024-03-26T06:32:56.132+0000] {logging_mixin.py:151} INFO - [2024-03-26T06:32:56.131+0000] {dag.py:2915} INFO - Sync 1 DAGs
[2024-03-26T06:32:56.159+0000] {logging_mixin.py:151} INFO - [2024-03-26T06:32:56.158+0000] {dag.py:3696} INFO - Setting next_dagrun for example_weekday_branch_operator to 2024-03-25T00:00:00+00:00, run_after=2024-03-26T00:00:00+00:00
[2024-03-26T06:32:56.188+0000] {processor.py:179} INFO - Processing /home/airflow/.local/lib/python3.8/site-packages/airflow/example_dags/example_branch_day_of_week_operator.py took 0.099 seconds
[2024-03-26T06:33:26.621+0000] {processor.py:157} INFO - Started process (PID=2533) to work on /home/airflow/.local/lib/python3.8/site-packages/airflow/example_dags/example_branch_day_of_week_operator.py
[2024-03-26T06:33:26.622+0000] {processor.py:829} INFO - Processing file /home/airflow/.local/lib/python3.8/site-packages/airflow/example_dags/example_branch_day_of_week_operator.py for tasks to queue
[2024-03-26T06:33:26.625+0000] {logging_mixin.py:151} INFO - [2024-03-26T06:33:26.625+0000] {dagbag.py:539} INFO - Filling up the DagBag from /home/airflow/.local/lib/python3.8/site-packages/airflow/example_dags/example_branch_day_of_week_operator.py
[2024-03-26T06:33:26.637+0000] {processor.py:839} INFO - DAG(s) dict_keys(['example_weekday_branch_operator']) retrieved from /home/airflow/.local/lib/python3.8/site-packages/airflow/example_dags/example_branch_day_of_week_operator.py
[2024-03-26T06:33:26.669+0000] {logging_mixin.py:151} INFO - [2024-03-26T06:33:26.669+0000] {dag.py:2915} INFO - Sync 1 DAGs
[2024-03-26T06:33:26.713+0000] {logging_mixin.py:151} INFO - [2024-03-26T06:33:26.713+0000] {dag.py:3696} INFO - Setting next_dagrun for example_weekday_branch_operator to 2024-03-25T00:00:00+00:00, run_after=2024-03-26T00:00:00+00:00
[2024-03-26T06:33:26.746+0000] {processor.py:179} INFO - Processing /home/airflow/.local/lib/python3.8/site-packages/airflow/example_dags/example_branch_day_of_week_operator.py took 0.129 seconds
[2024-03-26T06:33:57.747+0000] {processor.py:157} INFO - Started process (PID=2588) to work on /home/airflow/.local/lib/python3.8/site-packages/airflow/example_dags/example_branch_day_of_week_operator.py
[2024-03-26T06:33:57.752+0000] {processor.py:829} INFO - Processing file /home/airflow/.local/lib/python3.8/site-packages/airflow/example_dags/example_branch_day_of_week_operator.py for tasks to queue
[2024-03-26T06:33:57.757+0000] {logging_mixin.py:151} INFO - [2024-03-26T06:33:57.757+0000] {dagbag.py:539} INFO - Filling up the DagBag from /home/airflow/.local/lib/python3.8/site-packages/airflow/example_dags/example_branch_day_of_week_operator.py
[2024-03-26T06:33:57.770+0000] {processor.py:839} INFO - DAG(s) dict_keys(['example_weekday_branch_operator']) retrieved from /home/airflow/.local/lib/python3.8/site-packages/airflow/example_dags/example_branch_day_of_week_operator.py
[2024-03-26T06:33:57.802+0000] {logging_mixin.py:151} INFO - [2024-03-26T06:33:57.802+0000] {dag.py:2915} INFO - Sync 1 DAGs
[2024-03-26T06:33:57.842+0000] {logging_mixin.py:151} INFO - [2024-03-26T06:33:57.842+0000] {dag.py:3696} INFO - Setting next_dagrun for example_weekday_branch_operator to 2024-03-25T00:00:00+00:00, run_after=2024-03-26T00:00:00+00:00
[2024-03-26T06:33:57.870+0000] {processor.py:179} INFO - Processing /home/airflow/.local/lib/python3.8/site-packages/airflow/example_dags/example_branch_day_of_week_operator.py took 0.130 seconds
