[2024-03-26T06:04:02.314+0000] {processor.py:157} INFO - Started process (PID=53) to work on /home/airflow/.local/lib/python3.8/site-packages/airflow/example_dags/example_params_ui_tutorial.py
[2024-03-26T06:04:02.316+0000] {processor.py:829} INFO - Processing file /home/airflow/.local/lib/python3.8/site-packages/airflow/example_dags/example_params_ui_tutorial.py for tasks to queue
[2024-03-26T06:04:02.325+0000] {logging_mixin.py:151} INFO - [2024-03-26T06:04:02.324+0000] {dagbag.py:539} INFO - Filling up the DagBag from /home/airflow/.local/lib/python3.8/site-packages/airflow/example_dags/example_params_ui_tutorial.py
[2024-03-26T06:04:02.446+0000] {processor.py:839} INFO - DAG(s) dict_keys(['example_params_ui_tutorial']) retrieved from /home/airflow/.local/lib/python3.8/site-packages/airflow/example_dags/example_params_ui_tutorial.py
[2024-03-26T06:04:02.962+0000] {logging_mixin.py:151} INFO - [2024-03-26T06:04:02.962+0000] {manager.py:499} INFO - Created Permission View: %s
[2024-03-26T06:04:02.996+0000] {logging_mixin.py:151} INFO - [2024-03-26T06:04:02.996+0000] {manager.py:499} INFO - Created Permission View: %s
[2024-03-26T06:04:03.050+0000] {logging_mixin.py:151} INFO - [2024-03-26T06:04:03.050+0000] {manager.py:499} INFO - Created Permission View: %s
[2024-03-26T06:04:03.056+0000] {logging_mixin.py:151} INFO - [2024-03-26T06:04:03.052+0000] {security.py:708} INFO - Not syncing DAG-level permissions for DAG 'DAG:example_params_ui_tutorial' as access control is unset.
[2024-03-26T06:04:03.059+0000] {logging_mixin.py:151} INFO - [2024-03-26T06:04:03.059+0000] {dag.py:2915} INFO - Sync 1 DAGs
[2024-03-26T06:04:03.090+0000] {logging_mixin.py:151} INFO - [2024-03-26T06:04:03.090+0000] {dag.py:2937} INFO - Creating ORM DAG for example_params_ui_tutorial
[2024-03-26T06:04:03.092+0000] {logging_mixin.py:151} INFO - [2024-03-26T06:04:03.092+0000] {dag.py:3696} INFO - Setting next_dagrun for example_params_ui_tutorial to None, run_after=None
[2024-03-26T06:04:03.154+0000] {processor.py:179} INFO - Processing /home/airflow/.local/lib/python3.8/site-packages/airflow/example_dags/example_params_ui_tutorial.py took 0.850 seconds
[2024-03-26T06:04:33.611+0000] {processor.py:157} INFO - Started process (PID=107) to work on /home/airflow/.local/lib/python3.8/site-packages/airflow/example_dags/example_params_ui_tutorial.py
[2024-03-26T06:04:33.614+0000] {processor.py:829} INFO - Processing file /home/airflow/.local/lib/python3.8/site-packages/airflow/example_dags/example_params_ui_tutorial.py for tasks to queue
[2024-03-26T06:04:33.618+0000] {logging_mixin.py:151} INFO - [2024-03-26T06:04:33.617+0000] {dagbag.py:539} INFO - Filling up the DagBag from /home/airflow/.local/lib/python3.8/site-packages/airflow/example_dags/example_params_ui_tutorial.py
[2024-03-26T06:04:33.688+0000] {processor.py:839} INFO - DAG(s) dict_keys(['example_params_ui_tutorial']) retrieved from /home/airflow/.local/lib/python3.8/site-packages/airflow/example_dags/example_params_ui_tutorial.py
[2024-03-26T06:04:33.794+0000] {logging_mixin.py:151} INFO - [2024-03-26T06:04:33.794+0000] {dag.py:2915} INFO - Sync 1 DAGs
[2024-03-26T06:04:33.818+0000] {logging_mixin.py:151} INFO - [2024-03-26T06:04:33.818+0000] {dag.py:3696} INFO - Setting next_dagrun for example_params_ui_tutorial to None, run_after=None
[2024-03-26T06:04:33.906+0000] {processor.py:179} INFO - Processing /home/airflow/.local/lib/python3.8/site-packages/airflow/example_dags/example_params_ui_tutorial.py took 0.305 seconds
[2024-03-26T06:05:04.193+0000] {processor.py:157} INFO - Started process (PID=161) to work on /home/airflow/.local/lib/python3.8/site-packages/airflow/example_dags/example_params_ui_tutorial.py
[2024-03-26T06:05:04.195+0000] {processor.py:829} INFO - Processing file /home/airflow/.local/lib/python3.8/site-packages/airflow/example_dags/example_params_ui_tutorial.py for tasks to queue
[2024-03-26T06:05:04.199+0000] {logging_mixin.py:151} INFO - [2024-03-26T06:05:04.199+0000] {dagbag.py:539} INFO - Filling up the DagBag from /home/airflow/.local/lib/python3.8/site-packages/airflow/example_dags/example_params_ui_tutorial.py
[2024-03-26T06:05:04.298+0000] {processor.py:839} INFO - DAG(s) dict_keys(['example_params_ui_tutorial']) retrieved from /home/airflow/.local/lib/python3.8/site-packages/airflow/example_dags/example_params_ui_tutorial.py
[2024-03-26T06:05:04.386+0000] {logging_mixin.py:151} INFO - [2024-03-26T06:05:04.386+0000] {dag.py:2915} INFO - Sync 1 DAGs
[2024-03-26T06:05:04.407+0000] {logging_mixin.py:151} INFO - [2024-03-26T06:05:04.407+0000] {dag.py:3696} INFO - Setting next_dagrun for example_params_ui_tutorial to None, run_after=None
[2024-03-26T06:05:04.442+0000] {processor.py:179} INFO - Processing /home/airflow/.local/lib/python3.8/site-packages/airflow/example_dags/example_params_ui_tutorial.py took 0.253 seconds
[2024-03-26T06:05:34.818+0000] {processor.py:157} INFO - Started process (PID=215) to work on /home/airflow/.local/lib/python3.8/site-packages/airflow/example_dags/example_params_ui_tutorial.py
[2024-03-26T06:05:34.820+0000] {processor.py:829} INFO - Processing file /home/airflow/.local/lib/python3.8/site-packages/airflow/example_dags/example_params_ui_tutorial.py for tasks to queue
[2024-03-26T06:05:34.825+0000] {logging_mixin.py:151} INFO - [2024-03-26T06:05:34.824+0000] {dagbag.py:539} INFO - Filling up the DagBag from /home/airflow/.local/lib/python3.8/site-packages/airflow/example_dags/example_params_ui_tutorial.py
[2024-03-26T06:05:34.896+0000] {processor.py:839} INFO - DAG(s) dict_keys(['example_params_ui_tutorial']) retrieved from /home/airflow/.local/lib/python3.8/site-packages/airflow/example_dags/example_params_ui_tutorial.py
[2024-03-26T06:05:34.994+0000] {logging_mixin.py:151} INFO - [2024-03-26T06:05:34.994+0000] {dag.py:2915} INFO - Sync 1 DAGs
[2024-03-26T06:05:35.028+0000] {logging_mixin.py:151} INFO - [2024-03-26T06:05:35.028+0000] {dag.py:3696} INFO - Setting next_dagrun for example_params_ui_tutorial to None, run_after=None
[2024-03-26T06:05:35.113+0000] {processor.py:179} INFO - Processing /home/airflow/.local/lib/python3.8/site-packages/airflow/example_dags/example_params_ui_tutorial.py took 0.300 seconds
[2024-03-26T06:06:06.045+0000] {processor.py:157} INFO - Started process (PID=269) to work on /home/airflow/.local/lib/python3.8/site-packages/airflow/example_dags/example_params_ui_tutorial.py
[2024-03-26T06:06:06.060+0000] {processor.py:829} INFO - Processing file /home/airflow/.local/lib/python3.8/site-packages/airflow/example_dags/example_params_ui_tutorial.py for tasks to queue
[2024-03-26T06:06:06.066+0000] {logging_mixin.py:151} INFO - [2024-03-26T06:06:06.065+0000] {dagbag.py:539} INFO - Filling up the DagBag from /home/airflow/.local/lib/python3.8/site-packages/airflow/example_dags/example_params_ui_tutorial.py
[2024-03-26T06:06:06.176+0000] {processor.py:839} INFO - DAG(s) dict_keys(['example_params_ui_tutorial']) retrieved from /home/airflow/.local/lib/python3.8/site-packages/airflow/example_dags/example_params_ui_tutorial.py
[2024-03-26T06:06:06.267+0000] {logging_mixin.py:151} INFO - [2024-03-26T06:06:06.266+0000] {dag.py:2915} INFO - Sync 1 DAGs
[2024-03-26T06:06:06.287+0000] {logging_mixin.py:151} INFO - [2024-03-26T06:06:06.287+0000] {dag.py:3696} INFO - Setting next_dagrun for example_params_ui_tutorial to None, run_after=None
[2024-03-26T06:06:06.442+0000] {processor.py:179} INFO - Processing /home/airflow/.local/lib/python3.8/site-packages/airflow/example_dags/example_params_ui_tutorial.py took 0.401 seconds
[2024-03-26T06:06:38.657+0000] {processor.py:157} INFO - Started process (PID=323) to work on /home/airflow/.local/lib/python3.8/site-packages/airflow/example_dags/example_params_ui_tutorial.py
[2024-03-26T06:06:38.664+0000] {processor.py:829} INFO - Processing file /home/airflow/.local/lib/python3.8/site-packages/airflow/example_dags/example_params_ui_tutorial.py for tasks to queue
[2024-03-26T06:06:38.668+0000] {logging_mixin.py:151} INFO - [2024-03-26T06:06:38.668+0000] {dagbag.py:539} INFO - Filling up the DagBag from /home/airflow/.local/lib/python3.8/site-packages/airflow/example_dags/example_params_ui_tutorial.py
[2024-03-26T06:06:38.946+0000] {processor.py:839} INFO - DAG(s) dict_keys(['example_params_ui_tutorial']) retrieved from /home/airflow/.local/lib/python3.8/site-packages/airflow/example_dags/example_params_ui_tutorial.py
[2024-03-26T06:06:39.325+0000] {logging_mixin.py:151} INFO - [2024-03-26T06:06:39.325+0000] {dag.py:2915} INFO - Sync 1 DAGs
[2024-03-26T06:06:39.762+0000] {logging_mixin.py:151} INFO - [2024-03-26T06:06:39.762+0000] {dag.py:3696} INFO - Setting next_dagrun for example_params_ui_tutorial to None, run_after=None
[2024-03-26T06:06:39.958+0000] {processor.py:179} INFO - Processing /home/airflow/.local/lib/python3.8/site-packages/airflow/example_dags/example_params_ui_tutorial.py took 1.305 seconds
[2024-03-26T06:07:10.967+0000] {processor.py:157} INFO - Started process (PID=377) to work on /home/airflow/.local/lib/python3.8/site-packages/airflow/example_dags/example_params_ui_tutorial.py
[2024-03-26T06:07:10.970+0000] {processor.py:829} INFO - Processing file /home/airflow/.local/lib/python3.8/site-packages/airflow/example_dags/example_params_ui_tutorial.py for tasks to queue
[2024-03-26T06:07:10.974+0000] {logging_mixin.py:151} INFO - [2024-03-26T06:07:10.973+0000] {dagbag.py:539} INFO - Filling up the DagBag from /home/airflow/.local/lib/python3.8/site-packages/airflow/example_dags/example_params_ui_tutorial.py
[2024-03-26T06:07:11.052+0000] {processor.py:839} INFO - DAG(s) dict_keys(['example_params_ui_tutorial']) retrieved from /home/airflow/.local/lib/python3.8/site-packages/airflow/example_dags/example_params_ui_tutorial.py
[2024-03-26T06:07:11.164+0000] {logging_mixin.py:151} INFO - [2024-03-26T06:07:11.164+0000] {dag.py:2915} INFO - Sync 1 DAGs
[2024-03-26T06:07:11.184+0000] {logging_mixin.py:151} INFO - [2024-03-26T06:07:11.184+0000] {dag.py:3696} INFO - Setting next_dagrun for example_params_ui_tutorial to None, run_after=None
[2024-03-26T06:07:11.224+0000] {processor.py:179} INFO - Processing /home/airflow/.local/lib/python3.8/site-packages/airflow/example_dags/example_params_ui_tutorial.py took 0.261 seconds
[2024-03-26T06:07:41.342+0000] {processor.py:157} INFO - Started process (PID=431) to work on /home/airflow/.local/lib/python3.8/site-packages/airflow/example_dags/example_params_ui_tutorial.py
[2024-03-26T06:07:41.344+0000] {processor.py:829} INFO - Processing file /home/airflow/.local/lib/python3.8/site-packages/airflow/example_dags/example_params_ui_tutorial.py for tasks to queue
[2024-03-26T06:07:41.348+0000] {logging_mixin.py:151} INFO - [2024-03-26T06:07:41.348+0000] {dagbag.py:539} INFO - Filling up the DagBag from /home/airflow/.local/lib/python3.8/site-packages/airflow/example_dags/example_params_ui_tutorial.py
[2024-03-26T06:07:41.391+0000] {processor.py:839} INFO - DAG(s) dict_keys(['example_params_ui_tutorial']) retrieved from /home/airflow/.local/lib/python3.8/site-packages/airflow/example_dags/example_params_ui_tutorial.py
[2024-03-26T06:07:41.459+0000] {logging_mixin.py:151} INFO - [2024-03-26T06:07:41.459+0000] {dag.py:2915} INFO - Sync 1 DAGs
[2024-03-26T06:07:41.474+0000] {logging_mixin.py:151} INFO - [2024-03-26T06:07:41.474+0000] {dag.py:3696} INFO - Setting next_dagrun for example_params_ui_tutorial to None, run_after=None
[2024-03-26T06:07:41.501+0000] {processor.py:179} INFO - Processing /home/airflow/.local/lib/python3.8/site-packages/airflow/example_dags/example_params_ui_tutorial.py took 0.164 seconds
[2024-03-26T06:08:12.054+0000] {processor.py:157} INFO - Started process (PID=485) to work on /home/airflow/.local/lib/python3.8/site-packages/airflow/example_dags/example_params_ui_tutorial.py
[2024-03-26T06:08:12.056+0000] {processor.py:829} INFO - Processing file /home/airflow/.local/lib/python3.8/site-packages/airflow/example_dags/example_params_ui_tutorial.py for tasks to queue
[2024-03-26T06:08:12.059+0000] {logging_mixin.py:151} INFO - [2024-03-26T06:08:12.059+0000] {dagbag.py:539} INFO - Filling up the DagBag from /home/airflow/.local/lib/python3.8/site-packages/airflow/example_dags/example_params_ui_tutorial.py
[2024-03-26T06:08:12.100+0000] {processor.py:839} INFO - DAG(s) dict_keys(['example_params_ui_tutorial']) retrieved from /home/airflow/.local/lib/python3.8/site-packages/airflow/example_dags/example_params_ui_tutorial.py
[2024-03-26T06:08:12.179+0000] {logging_mixin.py:151} INFO - [2024-03-26T06:08:12.179+0000] {dag.py:2915} INFO - Sync 1 DAGs
[2024-03-26T06:08:12.195+0000] {logging_mixin.py:151} INFO - [2024-03-26T06:08:12.195+0000] {dag.py:3696} INFO - Setting next_dagrun for example_params_ui_tutorial to None, run_after=None
[2024-03-26T06:08:12.216+0000] {processor.py:179} INFO - Processing /home/airflow/.local/lib/python3.8/site-packages/airflow/example_dags/example_params_ui_tutorial.py took 0.166 seconds
[2024-03-26T06:08:42.305+0000] {processor.py:157} INFO - Started process (PID=539) to work on /home/airflow/.local/lib/python3.8/site-packages/airflow/example_dags/example_params_ui_tutorial.py
[2024-03-26T06:08:42.306+0000] {processor.py:829} INFO - Processing file /home/airflow/.local/lib/python3.8/site-packages/airflow/example_dags/example_params_ui_tutorial.py for tasks to queue
[2024-03-26T06:08:42.310+0000] {logging_mixin.py:151} INFO - [2024-03-26T06:08:42.310+0000] {dagbag.py:539} INFO - Filling up the DagBag from /home/airflow/.local/lib/python3.8/site-packages/airflow/example_dags/example_params_ui_tutorial.py
[2024-03-26T06:08:42.356+0000] {processor.py:839} INFO - DAG(s) dict_keys(['example_params_ui_tutorial']) retrieved from /home/airflow/.local/lib/python3.8/site-packages/airflow/example_dags/example_params_ui_tutorial.py
[2024-03-26T06:08:42.429+0000] {logging_mixin.py:151} INFO - [2024-03-26T06:08:42.429+0000] {dag.py:2915} INFO - Sync 1 DAGs
[2024-03-26T06:08:42.447+0000] {logging_mixin.py:151} INFO - [2024-03-26T06:08:42.447+0000] {dag.py:3696} INFO - Setting next_dagrun for example_params_ui_tutorial to None, run_after=None
[2024-03-26T06:08:42.479+0000] {processor.py:179} INFO - Processing /home/airflow/.local/lib/python3.8/site-packages/airflow/example_dags/example_params_ui_tutorial.py took 0.178 seconds
[2024-03-26T06:09:12.672+0000] {processor.py:157} INFO - Started process (PID=593) to work on /home/airflow/.local/lib/python3.8/site-packages/airflow/example_dags/example_params_ui_tutorial.py
[2024-03-26T06:09:12.674+0000] {processor.py:829} INFO - Processing file /home/airflow/.local/lib/python3.8/site-packages/airflow/example_dags/example_params_ui_tutorial.py for tasks to queue
[2024-03-26T06:09:12.678+0000] {logging_mixin.py:151} INFO - [2024-03-26T06:09:12.677+0000] {dagbag.py:539} INFO - Filling up the DagBag from /home/airflow/.local/lib/python3.8/site-packages/airflow/example_dags/example_params_ui_tutorial.py
[2024-03-26T06:09:12.721+0000] {processor.py:839} INFO - DAG(s) dict_keys(['example_params_ui_tutorial']) retrieved from /home/airflow/.local/lib/python3.8/site-packages/airflow/example_dags/example_params_ui_tutorial.py
[2024-03-26T06:09:12.789+0000] {logging_mixin.py:151} INFO - [2024-03-26T06:09:12.789+0000] {dag.py:2915} INFO - Sync 1 DAGs
[2024-03-26T06:09:12.803+0000] {logging_mixin.py:151} INFO - [2024-03-26T06:09:12.802+0000] {dag.py:3696} INFO - Setting next_dagrun for example_params_ui_tutorial to None, run_after=None
[2024-03-26T06:09:12.828+0000] {processor.py:179} INFO - Processing /home/airflow/.local/lib/python3.8/site-packages/airflow/example_dags/example_params_ui_tutorial.py took 0.161 seconds
[2024-03-26T06:09:43.374+0000] {processor.py:157} INFO - Started process (PID=647) to work on /home/airflow/.local/lib/python3.8/site-packages/airflow/example_dags/example_params_ui_tutorial.py
[2024-03-26T06:09:43.375+0000] {processor.py:829} INFO - Processing file /home/airflow/.local/lib/python3.8/site-packages/airflow/example_dags/example_params_ui_tutorial.py for tasks to queue
[2024-03-26T06:09:43.378+0000] {logging_mixin.py:151} INFO - [2024-03-26T06:09:43.378+0000] {dagbag.py:539} INFO - Filling up the DagBag from /home/airflow/.local/lib/python3.8/site-packages/airflow/example_dags/example_params_ui_tutorial.py
[2024-03-26T06:09:43.423+0000] {processor.py:839} INFO - DAG(s) dict_keys(['example_params_ui_tutorial']) retrieved from /home/airflow/.local/lib/python3.8/site-packages/airflow/example_dags/example_params_ui_tutorial.py
[2024-03-26T06:09:43.492+0000] {logging_mixin.py:151} INFO - [2024-03-26T06:09:43.492+0000] {dag.py:2915} INFO - Sync 1 DAGs
[2024-03-26T06:09:43.509+0000] {logging_mixin.py:151} INFO - [2024-03-26T06:09:43.509+0000] {dag.py:3696} INFO - Setting next_dagrun for example_params_ui_tutorial to None, run_after=None
[2024-03-26T06:09:43.533+0000] {processor.py:179} INFO - Processing /home/airflow/.local/lib/python3.8/site-packages/airflow/example_dags/example_params_ui_tutorial.py took 0.163 seconds
[2024-03-26T06:10:13.953+0000] {processor.py:157} INFO - Started process (PID=701) to work on /home/airflow/.local/lib/python3.8/site-packages/airflow/example_dags/example_params_ui_tutorial.py
[2024-03-26T06:10:13.955+0000] {processor.py:829} INFO - Processing file /home/airflow/.local/lib/python3.8/site-packages/airflow/example_dags/example_params_ui_tutorial.py for tasks to queue
[2024-03-26T06:10:13.958+0000] {logging_mixin.py:151} INFO - [2024-03-26T06:10:13.958+0000] {dagbag.py:539} INFO - Filling up the DagBag from /home/airflow/.local/lib/python3.8/site-packages/airflow/example_dags/example_params_ui_tutorial.py
[2024-03-26T06:10:13.999+0000] {processor.py:839} INFO - DAG(s) dict_keys(['example_params_ui_tutorial']) retrieved from /home/airflow/.local/lib/python3.8/site-packages/airflow/example_dags/example_params_ui_tutorial.py
[2024-03-26T06:10:14.065+0000] {logging_mixin.py:151} INFO - [2024-03-26T06:10:14.064+0000] {dag.py:2915} INFO - Sync 1 DAGs
[2024-03-26T06:10:14.079+0000] {logging_mixin.py:151} INFO - [2024-03-26T06:10:14.079+0000] {dag.py:3696} INFO - Setting next_dagrun for example_params_ui_tutorial to None, run_after=None
[2024-03-26T06:10:14.102+0000] {processor.py:179} INFO - Processing /home/airflow/.local/lib/python3.8/site-packages/airflow/example_dags/example_params_ui_tutorial.py took 0.153 seconds
[2024-03-26T06:10:44.596+0000] {processor.py:157} INFO - Started process (PID=755) to work on /home/airflow/.local/lib/python3.8/site-packages/airflow/example_dags/example_params_ui_tutorial.py
[2024-03-26T06:10:44.597+0000] {processor.py:829} INFO - Processing file /home/airflow/.local/lib/python3.8/site-packages/airflow/example_dags/example_params_ui_tutorial.py for tasks to queue
[2024-03-26T06:10:44.600+0000] {logging_mixin.py:151} INFO - [2024-03-26T06:10:44.600+0000] {dagbag.py:539} INFO - Filling up the DagBag from /home/airflow/.local/lib/python3.8/site-packages/airflow/example_dags/example_params_ui_tutorial.py
[2024-03-26T06:10:44.647+0000] {processor.py:839} INFO - DAG(s) dict_keys(['example_params_ui_tutorial']) retrieved from /home/airflow/.local/lib/python3.8/site-packages/airflow/example_dags/example_params_ui_tutorial.py
[2024-03-26T06:10:44.715+0000] {logging_mixin.py:151} INFO - [2024-03-26T06:10:44.715+0000] {dag.py:2915} INFO - Sync 1 DAGs
[2024-03-26T06:10:44.730+0000] {logging_mixin.py:151} INFO - [2024-03-26T06:10:44.730+0000] {dag.py:3696} INFO - Setting next_dagrun for example_params_ui_tutorial to None, run_after=None
[2024-03-26T06:10:44.752+0000] {processor.py:179} INFO - Processing /home/airflow/.local/lib/python3.8/site-packages/airflow/example_dags/example_params_ui_tutorial.py took 0.160 seconds
[2024-03-26T06:11:15.228+0000] {processor.py:157} INFO - Started process (PID=809) to work on /home/airflow/.local/lib/python3.8/site-packages/airflow/example_dags/example_params_ui_tutorial.py
[2024-03-26T06:11:15.230+0000] {processor.py:829} INFO - Processing file /home/airflow/.local/lib/python3.8/site-packages/airflow/example_dags/example_params_ui_tutorial.py for tasks to queue
[2024-03-26T06:11:15.233+0000] {logging_mixin.py:151} INFO - [2024-03-26T06:11:15.233+0000] {dagbag.py:539} INFO - Filling up the DagBag from /home/airflow/.local/lib/python3.8/site-packages/airflow/example_dags/example_params_ui_tutorial.py
[2024-03-26T06:11:15.282+0000] {processor.py:839} INFO - DAG(s) dict_keys(['example_params_ui_tutorial']) retrieved from /home/airflow/.local/lib/python3.8/site-packages/airflow/example_dags/example_params_ui_tutorial.py
[2024-03-26T06:11:15.355+0000] {logging_mixin.py:151} INFO - [2024-03-26T06:11:15.354+0000] {dag.py:2915} INFO - Sync 1 DAGs
[2024-03-26T06:11:15.371+0000] {logging_mixin.py:151} INFO - [2024-03-26T06:11:15.370+0000] {dag.py:3696} INFO - Setting next_dagrun for example_params_ui_tutorial to None, run_after=None
[2024-03-26T06:11:15.393+0000] {processor.py:179} INFO - Processing /home/airflow/.local/lib/python3.8/site-packages/airflow/example_dags/example_params_ui_tutorial.py took 0.170 seconds
[2024-03-26T06:11:45.563+0000] {processor.py:157} INFO - Started process (PID=864) to work on /home/airflow/.local/lib/python3.8/site-packages/airflow/example_dags/example_params_ui_tutorial.py
[2024-03-26T06:11:45.564+0000] {processor.py:829} INFO - Processing file /home/airflow/.local/lib/python3.8/site-packages/airflow/example_dags/example_params_ui_tutorial.py for tasks to queue
[2024-03-26T06:11:45.568+0000] {logging_mixin.py:151} INFO - [2024-03-26T06:11:45.567+0000] {dagbag.py:539} INFO - Filling up the DagBag from /home/airflow/.local/lib/python3.8/site-packages/airflow/example_dags/example_params_ui_tutorial.py
[2024-03-26T06:11:45.614+0000] {processor.py:839} INFO - DAG(s) dict_keys(['example_params_ui_tutorial']) retrieved from /home/airflow/.local/lib/python3.8/site-packages/airflow/example_dags/example_params_ui_tutorial.py
[2024-03-26T06:11:45.678+0000] {logging_mixin.py:151} INFO - [2024-03-26T06:11:45.677+0000] {dag.py:2915} INFO - Sync 1 DAGs
[2024-03-26T06:11:45.693+0000] {logging_mixin.py:151} INFO - [2024-03-26T06:11:45.693+0000] {dag.py:3696} INFO - Setting next_dagrun for example_params_ui_tutorial to None, run_after=None
[2024-03-26T06:11:45.714+0000] {processor.py:179} INFO - Processing /home/airflow/.local/lib/python3.8/site-packages/airflow/example_dags/example_params_ui_tutorial.py took 0.155 seconds
[2024-03-26T06:12:15.936+0000] {processor.py:157} INFO - Started process (PID=917) to work on /home/airflow/.local/lib/python3.8/site-packages/airflow/example_dags/example_params_ui_tutorial.py
[2024-03-26T06:12:15.938+0000] {processor.py:829} INFO - Processing file /home/airflow/.local/lib/python3.8/site-packages/airflow/example_dags/example_params_ui_tutorial.py for tasks to queue
[2024-03-26T06:12:15.940+0000] {logging_mixin.py:151} INFO - [2024-03-26T06:12:15.940+0000] {dagbag.py:539} INFO - Filling up the DagBag from /home/airflow/.local/lib/python3.8/site-packages/airflow/example_dags/example_params_ui_tutorial.py
[2024-03-26T06:12:15.996+0000] {processor.py:839} INFO - DAG(s) dict_keys(['example_params_ui_tutorial']) retrieved from /home/airflow/.local/lib/python3.8/site-packages/airflow/example_dags/example_params_ui_tutorial.py
[2024-03-26T06:12:16.070+0000] {logging_mixin.py:151} INFO - [2024-03-26T06:12:16.069+0000] {dag.py:2915} INFO - Sync 1 DAGs
[2024-03-26T06:12:16.089+0000] {logging_mixin.py:151} INFO - [2024-03-26T06:12:16.089+0000] {dag.py:3696} INFO - Setting next_dagrun for example_params_ui_tutorial to None, run_after=None
[2024-03-26T06:12:16.115+0000] {processor.py:179} INFO - Processing /home/airflow/.local/lib/python3.8/site-packages/airflow/example_dags/example_params_ui_tutorial.py took 0.184 seconds
[2024-03-26T06:12:46.437+0000] {processor.py:157} INFO - Started process (PID=971) to work on /home/airflow/.local/lib/python3.8/site-packages/airflow/example_dags/example_params_ui_tutorial.py
[2024-03-26T06:12:46.439+0000] {processor.py:829} INFO - Processing file /home/airflow/.local/lib/python3.8/site-packages/airflow/example_dags/example_params_ui_tutorial.py for tasks to queue
[2024-03-26T06:12:46.442+0000] {logging_mixin.py:151} INFO - [2024-03-26T06:12:46.442+0000] {dagbag.py:539} INFO - Filling up the DagBag from /home/airflow/.local/lib/python3.8/site-packages/airflow/example_dags/example_params_ui_tutorial.py
[2024-03-26T06:12:46.478+0000] {processor.py:839} INFO - DAG(s) dict_keys(['example_params_ui_tutorial']) retrieved from /home/airflow/.local/lib/python3.8/site-packages/airflow/example_dags/example_params_ui_tutorial.py
[2024-03-26T06:12:46.539+0000] {logging_mixin.py:151} INFO - [2024-03-26T06:12:46.539+0000] {dag.py:2915} INFO - Sync 1 DAGs
[2024-03-26T06:12:46.552+0000] {logging_mixin.py:151} INFO - [2024-03-26T06:12:46.552+0000] {dag.py:3696} INFO - Setting next_dagrun for example_params_ui_tutorial to None, run_after=None
[2024-03-26T06:12:46.573+0000] {processor.py:179} INFO - Processing /home/airflow/.local/lib/python3.8/site-packages/airflow/example_dags/example_params_ui_tutorial.py took 0.140 seconds
[2024-03-26T06:19:06.601+0000] {processor.py:157} INFO - Started process (PID=1002) to work on /home/airflow/.local/lib/python3.8/site-packages/airflow/example_dags/example_params_ui_tutorial.py
[2024-03-26T06:19:06.603+0000] {processor.py:829} INFO - Processing file /home/airflow/.local/lib/python3.8/site-packages/airflow/example_dags/example_params_ui_tutorial.py for tasks to queue
[2024-03-26T06:19:06.610+0000] {logging_mixin.py:151} INFO - [2024-03-26T06:19:06.609+0000] {dagbag.py:539} INFO - Filling up the DagBag from /home/airflow/.local/lib/python3.8/site-packages/airflow/example_dags/example_params_ui_tutorial.py
[2024-03-26T06:19:06.709+0000] {processor.py:839} INFO - DAG(s) dict_keys(['example_params_ui_tutorial']) retrieved from /home/airflow/.local/lib/python3.8/site-packages/airflow/example_dags/example_params_ui_tutorial.py
[2024-03-26T06:19:06.989+0000] {logging_mixin.py:151} INFO - [2024-03-26T06:19:06.988+0000] {dag.py:2915} INFO - Sync 1 DAGs
[2024-03-26T06:19:07.047+0000] {logging_mixin.py:151} INFO - [2024-03-26T06:19:07.047+0000] {dag.py:3696} INFO - Setting next_dagrun for example_params_ui_tutorial to None, run_after=None
[2024-03-26T06:19:07.119+0000] {processor.py:179} INFO - Processing /home/airflow/.local/lib/python3.8/site-packages/airflow/example_dags/example_params_ui_tutorial.py took 0.524 seconds
[2024-03-26T06:19:37.873+0000] {processor.py:157} INFO - Started process (PID=1056) to work on /home/airflow/.local/lib/python3.8/site-packages/airflow/example_dags/example_params_ui_tutorial.py
[2024-03-26T06:19:37.874+0000] {processor.py:829} INFO - Processing file /home/airflow/.local/lib/python3.8/site-packages/airflow/example_dags/example_params_ui_tutorial.py for tasks to queue
[2024-03-26T06:19:37.878+0000] {logging_mixin.py:151} INFO - [2024-03-26T06:19:37.877+0000] {dagbag.py:539} INFO - Filling up the DagBag from /home/airflow/.local/lib/python3.8/site-packages/airflow/example_dags/example_params_ui_tutorial.py
[2024-03-26T06:19:37.939+0000] {processor.py:839} INFO - DAG(s) dict_keys(['example_params_ui_tutorial']) retrieved from /home/airflow/.local/lib/python3.8/site-packages/airflow/example_dags/example_params_ui_tutorial.py
[2024-03-26T06:19:38.027+0000] {logging_mixin.py:151} INFO - [2024-03-26T06:19:38.027+0000] {dag.py:2915} INFO - Sync 1 DAGs
[2024-03-26T06:19:38.044+0000] {logging_mixin.py:151} INFO - [2024-03-26T06:19:38.044+0000] {dag.py:3696} INFO - Setting next_dagrun for example_params_ui_tutorial to None, run_after=None
[2024-03-26T06:19:38.075+0000] {processor.py:179} INFO - Processing /home/airflow/.local/lib/python3.8/site-packages/airflow/example_dags/example_params_ui_tutorial.py took 0.207 seconds
[2024-03-26T06:20:08.834+0000] {processor.py:157} INFO - Started process (PID=1110) to work on /home/airflow/.local/lib/python3.8/site-packages/airflow/example_dags/example_params_ui_tutorial.py
[2024-03-26T06:20:08.836+0000] {processor.py:829} INFO - Processing file /home/airflow/.local/lib/python3.8/site-packages/airflow/example_dags/example_params_ui_tutorial.py for tasks to queue
[2024-03-26T06:20:08.839+0000] {logging_mixin.py:151} INFO - [2024-03-26T06:20:08.839+0000] {dagbag.py:539} INFO - Filling up the DagBag from /home/airflow/.local/lib/python3.8/site-packages/airflow/example_dags/example_params_ui_tutorial.py
[2024-03-26T06:20:08.881+0000] {processor.py:839} INFO - DAG(s) dict_keys(['example_params_ui_tutorial']) retrieved from /home/airflow/.local/lib/python3.8/site-packages/airflow/example_dags/example_params_ui_tutorial.py
[2024-03-26T06:20:08.953+0000] {logging_mixin.py:151} INFO - [2024-03-26T06:20:08.952+0000] {dag.py:2915} INFO - Sync 1 DAGs
[2024-03-26T06:20:08.972+0000] {logging_mixin.py:151} INFO - [2024-03-26T06:20:08.971+0000] {dag.py:3696} INFO - Setting next_dagrun for example_params_ui_tutorial to None, run_after=None
[2024-03-26T06:20:08.999+0000] {processor.py:179} INFO - Processing /home/airflow/.local/lib/python3.8/site-packages/airflow/example_dags/example_params_ui_tutorial.py took 0.170 seconds
[2024-03-26T06:20:39.199+0000] {processor.py:157} INFO - Started process (PID=1164) to work on /home/airflow/.local/lib/python3.8/site-packages/airflow/example_dags/example_params_ui_tutorial.py
[2024-03-26T06:20:39.201+0000] {processor.py:829} INFO - Processing file /home/airflow/.local/lib/python3.8/site-packages/airflow/example_dags/example_params_ui_tutorial.py for tasks to queue
[2024-03-26T06:20:39.204+0000] {logging_mixin.py:151} INFO - [2024-03-26T06:20:39.204+0000] {dagbag.py:539} INFO - Filling up the DagBag from /home/airflow/.local/lib/python3.8/site-packages/airflow/example_dags/example_params_ui_tutorial.py
[2024-03-26T06:20:39.251+0000] {processor.py:839} INFO - DAG(s) dict_keys(['example_params_ui_tutorial']) retrieved from /home/airflow/.local/lib/python3.8/site-packages/airflow/example_dags/example_params_ui_tutorial.py
[2024-03-26T06:20:39.315+0000] {logging_mixin.py:151} INFO - [2024-03-26T06:20:39.315+0000] {dag.py:2915} INFO - Sync 1 DAGs
[2024-03-26T06:20:39.330+0000] {logging_mixin.py:151} INFO - [2024-03-26T06:20:39.330+0000] {dag.py:3696} INFO - Setting next_dagrun for example_params_ui_tutorial to None, run_after=None
[2024-03-26T06:20:39.353+0000] {processor.py:179} INFO - Processing /home/airflow/.local/lib/python3.8/site-packages/airflow/example_dags/example_params_ui_tutorial.py took 0.158 seconds
[2024-03-26T06:21:09.627+0000] {processor.py:157} INFO - Started process (PID=1218) to work on /home/airflow/.local/lib/python3.8/site-packages/airflow/example_dags/example_params_ui_tutorial.py
[2024-03-26T06:21:09.628+0000] {processor.py:829} INFO - Processing file /home/airflow/.local/lib/python3.8/site-packages/airflow/example_dags/example_params_ui_tutorial.py for tasks to queue
[2024-03-26T06:21:09.631+0000] {logging_mixin.py:151} INFO - [2024-03-26T06:21:09.631+0000] {dagbag.py:539} INFO - Filling up the DagBag from /home/airflow/.local/lib/python3.8/site-packages/airflow/example_dags/example_params_ui_tutorial.py
[2024-03-26T06:21:09.670+0000] {processor.py:839} INFO - DAG(s) dict_keys(['example_params_ui_tutorial']) retrieved from /home/airflow/.local/lib/python3.8/site-packages/airflow/example_dags/example_params_ui_tutorial.py
[2024-03-26T06:21:09.732+0000] {logging_mixin.py:151} INFO - [2024-03-26T06:21:09.732+0000] {dag.py:2915} INFO - Sync 1 DAGs
[2024-03-26T06:21:09.746+0000] {logging_mixin.py:151} INFO - [2024-03-26T06:21:09.746+0000] {dag.py:3696} INFO - Setting next_dagrun for example_params_ui_tutorial to None, run_after=None
[2024-03-26T06:21:09.771+0000] {processor.py:179} INFO - Processing /home/airflow/.local/lib/python3.8/site-packages/airflow/example_dags/example_params_ui_tutorial.py took 0.149 seconds
[2024-03-26T06:21:40.557+0000] {processor.py:157} INFO - Started process (PID=1272) to work on /home/airflow/.local/lib/python3.8/site-packages/airflow/example_dags/example_params_ui_tutorial.py
[2024-03-26T06:21:40.559+0000] {processor.py:829} INFO - Processing file /home/airflow/.local/lib/python3.8/site-packages/airflow/example_dags/example_params_ui_tutorial.py for tasks to queue
[2024-03-26T06:21:40.561+0000] {logging_mixin.py:151} INFO - [2024-03-26T06:21:40.561+0000] {dagbag.py:539} INFO - Filling up the DagBag from /home/airflow/.local/lib/python3.8/site-packages/airflow/example_dags/example_params_ui_tutorial.py
[2024-03-26T06:21:40.608+0000] {processor.py:839} INFO - DAG(s) dict_keys(['example_params_ui_tutorial']) retrieved from /home/airflow/.local/lib/python3.8/site-packages/airflow/example_dags/example_params_ui_tutorial.py
[2024-03-26T06:21:40.673+0000] {logging_mixin.py:151} INFO - [2024-03-26T06:21:40.673+0000] {dag.py:2915} INFO - Sync 1 DAGs
[2024-03-26T06:21:40.694+0000] {logging_mixin.py:151} INFO - [2024-03-26T06:21:40.694+0000] {dag.py:3696} INFO - Setting next_dagrun for example_params_ui_tutorial to None, run_after=None
[2024-03-26T06:21:40.718+0000] {processor.py:179} INFO - Processing /home/airflow/.local/lib/python3.8/site-packages/airflow/example_dags/example_params_ui_tutorial.py took 0.165 seconds
[2024-03-26T06:22:11.296+0000] {processor.py:157} INFO - Started process (PID=1326) to work on /home/airflow/.local/lib/python3.8/site-packages/airflow/example_dags/example_params_ui_tutorial.py
[2024-03-26T06:22:11.298+0000] {processor.py:829} INFO - Processing file /home/airflow/.local/lib/python3.8/site-packages/airflow/example_dags/example_params_ui_tutorial.py for tasks to queue
[2024-03-26T06:22:11.301+0000] {logging_mixin.py:151} INFO - [2024-03-26T06:22:11.301+0000] {dagbag.py:539} INFO - Filling up the DagBag from /home/airflow/.local/lib/python3.8/site-packages/airflow/example_dags/example_params_ui_tutorial.py
[2024-03-26T06:22:11.340+0000] {processor.py:839} INFO - DAG(s) dict_keys(['example_params_ui_tutorial']) retrieved from /home/airflow/.local/lib/python3.8/site-packages/airflow/example_dags/example_params_ui_tutorial.py
[2024-03-26T06:22:11.403+0000] {logging_mixin.py:151} INFO - [2024-03-26T06:22:11.402+0000] {dag.py:2915} INFO - Sync 1 DAGs
[2024-03-26T06:22:11.416+0000] {logging_mixin.py:151} INFO - [2024-03-26T06:22:11.416+0000] {dag.py:3696} INFO - Setting next_dagrun for example_params_ui_tutorial to None, run_after=None
[2024-03-26T06:22:11.440+0000] {processor.py:179} INFO - Processing /home/airflow/.local/lib/python3.8/site-packages/airflow/example_dags/example_params_ui_tutorial.py took 0.149 seconds
[2024-03-26T06:22:41.890+0000] {processor.py:157} INFO - Started process (PID=1380) to work on /home/airflow/.local/lib/python3.8/site-packages/airflow/example_dags/example_params_ui_tutorial.py
[2024-03-26T06:22:41.892+0000] {processor.py:829} INFO - Processing file /home/airflow/.local/lib/python3.8/site-packages/airflow/example_dags/example_params_ui_tutorial.py for tasks to queue
[2024-03-26T06:22:41.895+0000] {logging_mixin.py:151} INFO - [2024-03-26T06:22:41.894+0000] {dagbag.py:539} INFO - Filling up the DagBag from /home/airflow/.local/lib/python3.8/site-packages/airflow/example_dags/example_params_ui_tutorial.py
[2024-03-26T06:22:41.941+0000] {processor.py:839} INFO - DAG(s) dict_keys(['example_params_ui_tutorial']) retrieved from /home/airflow/.local/lib/python3.8/site-packages/airflow/example_dags/example_params_ui_tutorial.py
[2024-03-26T06:22:42.020+0000] {logging_mixin.py:151} INFO - [2024-03-26T06:22:42.020+0000] {dag.py:2915} INFO - Sync 1 DAGs
[2024-03-26T06:22:42.039+0000] {logging_mixin.py:151} INFO - [2024-03-26T06:22:42.038+0000] {dag.py:3696} INFO - Setting next_dagrun for example_params_ui_tutorial to None, run_after=None
[2024-03-26T06:22:42.064+0000] {processor.py:179} INFO - Processing /home/airflow/.local/lib/python3.8/site-packages/airflow/example_dags/example_params_ui_tutorial.py took 0.177 seconds
[2024-03-26T06:23:12.423+0000] {processor.py:157} INFO - Started process (PID=1434) to work on /home/airflow/.local/lib/python3.8/site-packages/airflow/example_dags/example_params_ui_tutorial.py
[2024-03-26T06:23:12.425+0000] {processor.py:829} INFO - Processing file /home/airflow/.local/lib/python3.8/site-packages/airflow/example_dags/example_params_ui_tutorial.py for tasks to queue
[2024-03-26T06:23:12.428+0000] {logging_mixin.py:151} INFO - [2024-03-26T06:23:12.428+0000] {dagbag.py:539} INFO - Filling up the DagBag from /home/airflow/.local/lib/python3.8/site-packages/airflow/example_dags/example_params_ui_tutorial.py
[2024-03-26T06:23:12.471+0000] {processor.py:839} INFO - DAG(s) dict_keys(['example_params_ui_tutorial']) retrieved from /home/airflow/.local/lib/python3.8/site-packages/airflow/example_dags/example_params_ui_tutorial.py
[2024-03-26T06:23:12.537+0000] {logging_mixin.py:151} INFO - [2024-03-26T06:23:12.537+0000] {dag.py:2915} INFO - Sync 1 DAGs
[2024-03-26T06:23:12.552+0000] {logging_mixin.py:151} INFO - [2024-03-26T06:23:12.552+0000] {dag.py:3696} INFO - Setting next_dagrun for example_params_ui_tutorial to None, run_after=None
[2024-03-26T06:23:12.577+0000] {processor.py:179} INFO - Processing /home/airflow/.local/lib/python3.8/site-packages/airflow/example_dags/example_params_ui_tutorial.py took 0.158 seconds
[2024-03-26T06:23:43.068+0000] {processor.py:157} INFO - Started process (PID=1488) to work on /home/airflow/.local/lib/python3.8/site-packages/airflow/example_dags/example_params_ui_tutorial.py
[2024-03-26T06:23:43.070+0000] {processor.py:829} INFO - Processing file /home/airflow/.local/lib/python3.8/site-packages/airflow/example_dags/example_params_ui_tutorial.py for tasks to queue
[2024-03-26T06:23:43.073+0000] {logging_mixin.py:151} INFO - [2024-03-26T06:23:43.073+0000] {dagbag.py:539} INFO - Filling up the DagBag from /home/airflow/.local/lib/python3.8/site-packages/airflow/example_dags/example_params_ui_tutorial.py
[2024-03-26T06:23:43.119+0000] {processor.py:839} INFO - DAG(s) dict_keys(['example_params_ui_tutorial']) retrieved from /home/airflow/.local/lib/python3.8/site-packages/airflow/example_dags/example_params_ui_tutorial.py
[2024-03-26T06:23:43.180+0000] {logging_mixin.py:151} INFO - [2024-03-26T06:23:43.180+0000] {dag.py:2915} INFO - Sync 1 DAGs
[2024-03-26T06:23:43.194+0000] {logging_mixin.py:151} INFO - [2024-03-26T06:23:43.193+0000] {dag.py:3696} INFO - Setting next_dagrun for example_params_ui_tutorial to None, run_after=None
[2024-03-26T06:23:43.217+0000] {processor.py:179} INFO - Processing /home/airflow/.local/lib/python3.8/site-packages/airflow/example_dags/example_params_ui_tutorial.py took 0.153 seconds
[2024-03-26T06:24:13.750+0000] {processor.py:157} INFO - Started process (PID=1542) to work on /home/airflow/.local/lib/python3.8/site-packages/airflow/example_dags/example_params_ui_tutorial.py
[2024-03-26T06:24:13.751+0000] {processor.py:829} INFO - Processing file /home/airflow/.local/lib/python3.8/site-packages/airflow/example_dags/example_params_ui_tutorial.py for tasks to queue
[2024-03-26T06:24:13.754+0000] {logging_mixin.py:151} INFO - [2024-03-26T06:24:13.754+0000] {dagbag.py:539} INFO - Filling up the DagBag from /home/airflow/.local/lib/python3.8/site-packages/airflow/example_dags/example_params_ui_tutorial.py
[2024-03-26T06:24:13.797+0000] {processor.py:839} INFO - DAG(s) dict_keys(['example_params_ui_tutorial']) retrieved from /home/airflow/.local/lib/python3.8/site-packages/airflow/example_dags/example_params_ui_tutorial.py
[2024-03-26T06:24:13.858+0000] {logging_mixin.py:151} INFO - [2024-03-26T06:24:13.858+0000] {dag.py:2915} INFO - Sync 1 DAGs
[2024-03-26T06:24:13.872+0000] {logging_mixin.py:151} INFO - [2024-03-26T06:24:13.871+0000] {dag.py:3696} INFO - Setting next_dagrun for example_params_ui_tutorial to None, run_after=None
[2024-03-26T06:24:13.895+0000] {processor.py:179} INFO - Processing /home/airflow/.local/lib/python3.8/site-packages/airflow/example_dags/example_params_ui_tutorial.py took 0.148 seconds
[2024-03-26T06:24:44.348+0000] {processor.py:157} INFO - Started process (PID=1596) to work on /home/airflow/.local/lib/python3.8/site-packages/airflow/example_dags/example_params_ui_tutorial.py
[2024-03-26T06:24:44.349+0000] {processor.py:829} INFO - Processing file /home/airflow/.local/lib/python3.8/site-packages/airflow/example_dags/example_params_ui_tutorial.py for tasks to queue
[2024-03-26T06:24:44.353+0000] {logging_mixin.py:151} INFO - [2024-03-26T06:24:44.352+0000] {dagbag.py:539} INFO - Filling up the DagBag from /home/airflow/.local/lib/python3.8/site-packages/airflow/example_dags/example_params_ui_tutorial.py
[2024-03-26T06:24:44.392+0000] {processor.py:839} INFO - DAG(s) dict_keys(['example_params_ui_tutorial']) retrieved from /home/airflow/.local/lib/python3.8/site-packages/airflow/example_dags/example_params_ui_tutorial.py
[2024-03-26T06:24:44.452+0000] {logging_mixin.py:151} INFO - [2024-03-26T06:24:44.452+0000] {dag.py:2915} INFO - Sync 1 DAGs
[2024-03-26T06:24:44.467+0000] {logging_mixin.py:151} INFO - [2024-03-26T06:24:44.467+0000] {dag.py:3696} INFO - Setting next_dagrun for example_params_ui_tutorial to None, run_after=None
[2024-03-26T06:24:44.491+0000] {processor.py:179} INFO - Processing /home/airflow/.local/lib/python3.8/site-packages/airflow/example_dags/example_params_ui_tutorial.py took 0.147 seconds
[2024-03-26T06:25:15.003+0000] {processor.py:157} INFO - Started process (PID=1650) to work on /home/airflow/.local/lib/python3.8/site-packages/airflow/example_dags/example_params_ui_tutorial.py
[2024-03-26T06:25:15.005+0000] {processor.py:829} INFO - Processing file /home/airflow/.local/lib/python3.8/site-packages/airflow/example_dags/example_params_ui_tutorial.py for tasks to queue
[2024-03-26T06:25:15.008+0000] {logging_mixin.py:151} INFO - [2024-03-26T06:25:15.008+0000] {dagbag.py:539} INFO - Filling up the DagBag from /home/airflow/.local/lib/python3.8/site-packages/airflow/example_dags/example_params_ui_tutorial.py
[2024-03-26T06:25:15.049+0000] {processor.py:839} INFO - DAG(s) dict_keys(['example_params_ui_tutorial']) retrieved from /home/airflow/.local/lib/python3.8/site-packages/airflow/example_dags/example_params_ui_tutorial.py
[2024-03-26T06:25:15.115+0000] {logging_mixin.py:151} INFO - [2024-03-26T06:25:15.115+0000] {dag.py:2915} INFO - Sync 1 DAGs
[2024-03-26T06:25:15.130+0000] {logging_mixin.py:151} INFO - [2024-03-26T06:25:15.130+0000] {dag.py:3696} INFO - Setting next_dagrun for example_params_ui_tutorial to None, run_after=None
[2024-03-26T06:25:15.154+0000] {processor.py:179} INFO - Processing /home/airflow/.local/lib/python3.8/site-packages/airflow/example_dags/example_params_ui_tutorial.py took 0.154 seconds
[2024-03-26T06:25:45.461+0000] {processor.py:157} INFO - Started process (PID=1704) to work on /home/airflow/.local/lib/python3.8/site-packages/airflow/example_dags/example_params_ui_tutorial.py
[2024-03-26T06:25:45.462+0000] {processor.py:829} INFO - Processing file /home/airflow/.local/lib/python3.8/site-packages/airflow/example_dags/example_params_ui_tutorial.py for tasks to queue
[2024-03-26T06:25:45.465+0000] {logging_mixin.py:151} INFO - [2024-03-26T06:25:45.464+0000] {dagbag.py:539} INFO - Filling up the DagBag from /home/airflow/.local/lib/python3.8/site-packages/airflow/example_dags/example_params_ui_tutorial.py
[2024-03-26T06:25:45.508+0000] {processor.py:839} INFO - DAG(s) dict_keys(['example_params_ui_tutorial']) retrieved from /home/airflow/.local/lib/python3.8/site-packages/airflow/example_dags/example_params_ui_tutorial.py
[2024-03-26T06:25:45.569+0000] {logging_mixin.py:151} INFO - [2024-03-26T06:25:45.569+0000] {dag.py:2915} INFO - Sync 1 DAGs
[2024-03-26T06:25:45.583+0000] {logging_mixin.py:151} INFO - [2024-03-26T06:25:45.583+0000] {dag.py:3696} INFO - Setting next_dagrun for example_params_ui_tutorial to None, run_after=None
[2024-03-26T06:25:45.607+0000] {processor.py:179} INFO - Processing /home/airflow/.local/lib/python3.8/site-packages/airflow/example_dags/example_params_ui_tutorial.py took 0.150 seconds
[2024-03-26T06:26:15.836+0000] {processor.py:157} INFO - Started process (PID=1758) to work on /home/airflow/.local/lib/python3.8/site-packages/airflow/example_dags/example_params_ui_tutorial.py
[2024-03-26T06:26:15.838+0000] {processor.py:829} INFO - Processing file /home/airflow/.local/lib/python3.8/site-packages/airflow/example_dags/example_params_ui_tutorial.py for tasks to queue
[2024-03-26T06:26:15.841+0000] {logging_mixin.py:151} INFO - [2024-03-26T06:26:15.841+0000] {dagbag.py:539} INFO - Filling up the DagBag from /home/airflow/.local/lib/python3.8/site-packages/airflow/example_dags/example_params_ui_tutorial.py
[2024-03-26T06:26:15.885+0000] {processor.py:839} INFO - DAG(s) dict_keys(['example_params_ui_tutorial']) retrieved from /home/airflow/.local/lib/python3.8/site-packages/airflow/example_dags/example_params_ui_tutorial.py
[2024-03-26T06:26:15.943+0000] {logging_mixin.py:151} INFO - [2024-03-26T06:26:15.943+0000] {dag.py:2915} INFO - Sync 1 DAGs
[2024-03-26T06:26:15.957+0000] {logging_mixin.py:151} INFO - [2024-03-26T06:26:15.957+0000] {dag.py:3696} INFO - Setting next_dagrun for example_params_ui_tutorial to None, run_after=None
[2024-03-26T06:26:15.982+0000] {processor.py:179} INFO - Processing /home/airflow/.local/lib/python3.8/site-packages/airflow/example_dags/example_params_ui_tutorial.py took 0.149 seconds
[2024-03-26T06:26:46.514+0000] {processor.py:157} INFO - Started process (PID=1812) to work on /home/airflow/.local/lib/python3.8/site-packages/airflow/example_dags/example_params_ui_tutorial.py
[2024-03-26T06:26:46.516+0000] {processor.py:829} INFO - Processing file /home/airflow/.local/lib/python3.8/site-packages/airflow/example_dags/example_params_ui_tutorial.py for tasks to queue
[2024-03-26T06:26:46.519+0000] {logging_mixin.py:151} INFO - [2024-03-26T06:26:46.519+0000] {dagbag.py:539} INFO - Filling up the DagBag from /home/airflow/.local/lib/python3.8/site-packages/airflow/example_dags/example_params_ui_tutorial.py
[2024-03-26T06:26:46.563+0000] {processor.py:839} INFO - DAG(s) dict_keys(['example_params_ui_tutorial']) retrieved from /home/airflow/.local/lib/python3.8/site-packages/airflow/example_dags/example_params_ui_tutorial.py
[2024-03-26T06:26:46.636+0000] {logging_mixin.py:151} INFO - [2024-03-26T06:26:46.636+0000] {dag.py:2915} INFO - Sync 1 DAGs
[2024-03-26T06:26:46.654+0000] {logging_mixin.py:151} INFO - [2024-03-26T06:26:46.654+0000] {dag.py:3696} INFO - Setting next_dagrun for example_params_ui_tutorial to None, run_after=None
[2024-03-26T06:26:46.682+0000] {processor.py:179} INFO - Processing /home/airflow/.local/lib/python3.8/site-packages/airflow/example_dags/example_params_ui_tutorial.py took 0.172 seconds
[2024-03-26T06:27:16.915+0000] {processor.py:157} INFO - Started process (PID=1866) to work on /home/airflow/.local/lib/python3.8/site-packages/airflow/example_dags/example_params_ui_tutorial.py
[2024-03-26T06:27:16.917+0000] {processor.py:829} INFO - Processing file /home/airflow/.local/lib/python3.8/site-packages/airflow/example_dags/example_params_ui_tutorial.py for tasks to queue
[2024-03-26T06:27:16.920+0000] {logging_mixin.py:151} INFO - [2024-03-26T06:27:16.920+0000] {dagbag.py:539} INFO - Filling up the DagBag from /home/airflow/.local/lib/python3.8/site-packages/airflow/example_dags/example_params_ui_tutorial.py
[2024-03-26T06:27:16.968+0000] {processor.py:839} INFO - DAG(s) dict_keys(['example_params_ui_tutorial']) retrieved from /home/airflow/.local/lib/python3.8/site-packages/airflow/example_dags/example_params_ui_tutorial.py
[2024-03-26T06:27:17.050+0000] {logging_mixin.py:151} INFO - [2024-03-26T06:27:17.049+0000] {dag.py:2915} INFO - Sync 1 DAGs
[2024-03-26T06:27:17.064+0000] {logging_mixin.py:151} INFO - [2024-03-26T06:27:17.064+0000] {dag.py:3696} INFO - Setting next_dagrun for example_params_ui_tutorial to None, run_after=None
[2024-03-26T06:27:17.091+0000] {processor.py:179} INFO - Processing /home/airflow/.local/lib/python3.8/site-packages/airflow/example_dags/example_params_ui_tutorial.py took 0.181 seconds
[2024-03-26T06:27:47.542+0000] {processor.py:157} INFO - Started process (PID=1920) to work on /home/airflow/.local/lib/python3.8/site-packages/airflow/example_dags/example_params_ui_tutorial.py
[2024-03-26T06:27:47.544+0000] {processor.py:829} INFO - Processing file /home/airflow/.local/lib/python3.8/site-packages/airflow/example_dags/example_params_ui_tutorial.py for tasks to queue
[2024-03-26T06:27:47.547+0000] {logging_mixin.py:151} INFO - [2024-03-26T06:27:47.547+0000] {dagbag.py:539} INFO - Filling up the DagBag from /home/airflow/.local/lib/python3.8/site-packages/airflow/example_dags/example_params_ui_tutorial.py
[2024-03-26T06:27:47.604+0000] {processor.py:839} INFO - DAG(s) dict_keys(['example_params_ui_tutorial']) retrieved from /home/airflow/.local/lib/python3.8/site-packages/airflow/example_dags/example_params_ui_tutorial.py
[2024-03-26T06:27:47.681+0000] {logging_mixin.py:151} INFO - [2024-03-26T06:27:47.680+0000] {dag.py:2915} INFO - Sync 1 DAGs
[2024-03-26T06:27:47.702+0000] {logging_mixin.py:151} INFO - [2024-03-26T06:27:47.702+0000] {dag.py:3696} INFO - Setting next_dagrun for example_params_ui_tutorial to None, run_after=None
[2024-03-26T06:27:47.732+0000] {processor.py:179} INFO - Processing /home/airflow/.local/lib/python3.8/site-packages/airflow/example_dags/example_params_ui_tutorial.py took 0.194 seconds
[2024-03-26T06:28:18.114+0000] {processor.py:157} INFO - Started process (PID=1974) to work on /home/airflow/.local/lib/python3.8/site-packages/airflow/example_dags/example_params_ui_tutorial.py
[2024-03-26T06:28:18.116+0000] {processor.py:829} INFO - Processing file /home/airflow/.local/lib/python3.8/site-packages/airflow/example_dags/example_params_ui_tutorial.py for tasks to queue
[2024-03-26T06:28:18.120+0000] {logging_mixin.py:151} INFO - [2024-03-26T06:28:18.119+0000] {dagbag.py:539} INFO - Filling up the DagBag from /home/airflow/.local/lib/python3.8/site-packages/airflow/example_dags/example_params_ui_tutorial.py
[2024-03-26T06:28:18.167+0000] {processor.py:839} INFO - DAG(s) dict_keys(['example_params_ui_tutorial']) retrieved from /home/airflow/.local/lib/python3.8/site-packages/airflow/example_dags/example_params_ui_tutorial.py
[2024-03-26T06:28:18.242+0000] {logging_mixin.py:151} INFO - [2024-03-26T06:28:18.241+0000] {dag.py:2915} INFO - Sync 1 DAGs
[2024-03-26T06:28:18.255+0000] {logging_mixin.py:151} INFO - [2024-03-26T06:28:18.255+0000] {dag.py:3696} INFO - Setting next_dagrun for example_params_ui_tutorial to None, run_after=None
[2024-03-26T06:28:18.285+0000] {processor.py:179} INFO - Processing /home/airflow/.local/lib/python3.8/site-packages/airflow/example_dags/example_params_ui_tutorial.py took 0.176 seconds
[2024-03-26T06:28:48.423+0000] {processor.py:157} INFO - Started process (PID=2028) to work on /home/airflow/.local/lib/python3.8/site-packages/airflow/example_dags/example_params_ui_tutorial.py
[2024-03-26T06:28:48.424+0000] {processor.py:829} INFO - Processing file /home/airflow/.local/lib/python3.8/site-packages/airflow/example_dags/example_params_ui_tutorial.py for tasks to queue
[2024-03-26T06:28:48.427+0000] {logging_mixin.py:151} INFO - [2024-03-26T06:28:48.427+0000] {dagbag.py:539} INFO - Filling up the DagBag from /home/airflow/.local/lib/python3.8/site-packages/airflow/example_dags/example_params_ui_tutorial.py
[2024-03-26T06:28:48.477+0000] {processor.py:839} INFO - DAG(s) dict_keys(['example_params_ui_tutorial']) retrieved from /home/airflow/.local/lib/python3.8/site-packages/airflow/example_dags/example_params_ui_tutorial.py
[2024-03-26T06:28:48.554+0000] {logging_mixin.py:151} INFO - [2024-03-26T06:28:48.554+0000] {dag.py:2915} INFO - Sync 1 DAGs
[2024-03-26T06:28:48.576+0000] {logging_mixin.py:151} INFO - [2024-03-26T06:28:48.575+0000] {dag.py:3696} INFO - Setting next_dagrun for example_params_ui_tutorial to None, run_after=None
[2024-03-26T06:28:48.609+0000] {processor.py:179} INFO - Processing /home/airflow/.local/lib/python3.8/site-packages/airflow/example_dags/example_params_ui_tutorial.py took 0.194 seconds
[2024-03-26T06:29:18.767+0000] {processor.py:157} INFO - Started process (PID=2082) to work on /home/airflow/.local/lib/python3.8/site-packages/airflow/example_dags/example_params_ui_tutorial.py
[2024-03-26T06:29:18.769+0000] {processor.py:829} INFO - Processing file /home/airflow/.local/lib/python3.8/site-packages/airflow/example_dags/example_params_ui_tutorial.py for tasks to queue
[2024-03-26T06:29:18.771+0000] {logging_mixin.py:151} INFO - [2024-03-26T06:29:18.771+0000] {dagbag.py:539} INFO - Filling up the DagBag from /home/airflow/.local/lib/python3.8/site-packages/airflow/example_dags/example_params_ui_tutorial.py
[2024-03-26T06:29:18.813+0000] {processor.py:839} INFO - DAG(s) dict_keys(['example_params_ui_tutorial']) retrieved from /home/airflow/.local/lib/python3.8/site-packages/airflow/example_dags/example_params_ui_tutorial.py
[2024-03-26T06:29:18.875+0000] {logging_mixin.py:151} INFO - [2024-03-26T06:29:18.874+0000] {dag.py:2915} INFO - Sync 1 DAGs
[2024-03-26T06:29:18.889+0000] {logging_mixin.py:151} INFO - [2024-03-26T06:29:18.888+0000] {dag.py:3696} INFO - Setting next_dagrun for example_params_ui_tutorial to None, run_after=None
[2024-03-26T06:29:18.925+0000] {processor.py:179} INFO - Processing /home/airflow/.local/lib/python3.8/site-packages/airflow/example_dags/example_params_ui_tutorial.py took 0.162 seconds
[2024-03-26T06:29:49.921+0000] {processor.py:157} INFO - Started process (PID=2136) to work on /home/airflow/.local/lib/python3.8/site-packages/airflow/example_dags/example_params_ui_tutorial.py
[2024-03-26T06:29:49.922+0000] {processor.py:829} INFO - Processing file /home/airflow/.local/lib/python3.8/site-packages/airflow/example_dags/example_params_ui_tutorial.py for tasks to queue
[2024-03-26T06:29:49.926+0000] {logging_mixin.py:151} INFO - [2024-03-26T06:29:49.926+0000] {dagbag.py:539} INFO - Filling up the DagBag from /home/airflow/.local/lib/python3.8/site-packages/airflow/example_dags/example_params_ui_tutorial.py
[2024-03-26T06:29:49.972+0000] {processor.py:839} INFO - DAG(s) dict_keys(['example_params_ui_tutorial']) retrieved from /home/airflow/.local/lib/python3.8/site-packages/airflow/example_dags/example_params_ui_tutorial.py
[2024-03-26T06:29:50.035+0000] {logging_mixin.py:151} INFO - [2024-03-26T06:29:50.035+0000] {dag.py:2915} INFO - Sync 1 DAGs
[2024-03-26T06:29:50.051+0000] {logging_mixin.py:151} INFO - [2024-03-26T06:29:50.050+0000] {dag.py:3696} INFO - Setting next_dagrun for example_params_ui_tutorial to None, run_after=None
[2024-03-26T06:29:50.076+0000] {processor.py:179} INFO - Processing /home/airflow/.local/lib/python3.8/site-packages/airflow/example_dags/example_params_ui_tutorial.py took 0.160 seconds
[2024-03-26T06:30:20.139+0000] {processor.py:157} INFO - Started process (PID=2190) to work on /home/airflow/.local/lib/python3.8/site-packages/airflow/example_dags/example_params_ui_tutorial.py
[2024-03-26T06:30:20.141+0000] {processor.py:829} INFO - Processing file /home/airflow/.local/lib/python3.8/site-packages/airflow/example_dags/example_params_ui_tutorial.py for tasks to queue
[2024-03-26T06:30:20.145+0000] {logging_mixin.py:151} INFO - [2024-03-26T06:30:20.144+0000] {dagbag.py:539} INFO - Filling up the DagBag from /home/airflow/.local/lib/python3.8/site-packages/airflow/example_dags/example_params_ui_tutorial.py
[2024-03-26T06:30:20.197+0000] {processor.py:839} INFO - DAG(s) dict_keys(['example_params_ui_tutorial']) retrieved from /home/airflow/.local/lib/python3.8/site-packages/airflow/example_dags/example_params_ui_tutorial.py
[2024-03-26T06:30:20.274+0000] {logging_mixin.py:151} INFO - [2024-03-26T06:30:20.273+0000] {dag.py:2915} INFO - Sync 1 DAGs
[2024-03-26T06:30:20.288+0000] {logging_mixin.py:151} INFO - [2024-03-26T06:30:20.288+0000] {dag.py:3696} INFO - Setting next_dagrun for example_params_ui_tutorial to None, run_after=None
[2024-03-26T06:30:20.319+0000] {processor.py:179} INFO - Processing /home/airflow/.local/lib/python3.8/site-packages/airflow/example_dags/example_params_ui_tutorial.py took 0.183 seconds
[2024-03-26T06:30:50.385+0000] {processor.py:157} INFO - Started process (PID=2244) to work on /home/airflow/.local/lib/python3.8/site-packages/airflow/example_dags/example_params_ui_tutorial.py
[2024-03-26T06:30:50.387+0000] {processor.py:829} INFO - Processing file /home/airflow/.local/lib/python3.8/site-packages/airflow/example_dags/example_params_ui_tutorial.py for tasks to queue
[2024-03-26T06:30:50.390+0000] {logging_mixin.py:151} INFO - [2024-03-26T06:30:50.390+0000] {dagbag.py:539} INFO - Filling up the DagBag from /home/airflow/.local/lib/python3.8/site-packages/airflow/example_dags/example_params_ui_tutorial.py
[2024-03-26T06:30:50.437+0000] {processor.py:839} INFO - DAG(s) dict_keys(['example_params_ui_tutorial']) retrieved from /home/airflow/.local/lib/python3.8/site-packages/airflow/example_dags/example_params_ui_tutorial.py
[2024-03-26T06:30:50.511+0000] {logging_mixin.py:151} INFO - [2024-03-26T06:30:50.510+0000] {dag.py:2915} INFO - Sync 1 DAGs
[2024-03-26T06:30:50.524+0000] {logging_mixin.py:151} INFO - [2024-03-26T06:30:50.524+0000] {dag.py:3696} INFO - Setting next_dagrun for example_params_ui_tutorial to None, run_after=None
[2024-03-26T06:30:50.558+0000] {processor.py:179} INFO - Processing /home/airflow/.local/lib/python3.8/site-packages/airflow/example_dags/example_params_ui_tutorial.py took 0.178 seconds
[2024-03-26T06:31:20.689+0000] {processor.py:157} INFO - Started process (PID=2298) to work on /home/airflow/.local/lib/python3.8/site-packages/airflow/example_dags/example_params_ui_tutorial.py
[2024-03-26T06:31:20.691+0000] {processor.py:829} INFO - Processing file /home/airflow/.local/lib/python3.8/site-packages/airflow/example_dags/example_params_ui_tutorial.py for tasks to queue
[2024-03-26T06:31:20.694+0000] {logging_mixin.py:151} INFO - [2024-03-26T06:31:20.694+0000] {dagbag.py:539} INFO - Filling up the DagBag from /home/airflow/.local/lib/python3.8/site-packages/airflow/example_dags/example_params_ui_tutorial.py
[2024-03-26T06:31:20.746+0000] {processor.py:839} INFO - DAG(s) dict_keys(['example_params_ui_tutorial']) retrieved from /home/airflow/.local/lib/python3.8/site-packages/airflow/example_dags/example_params_ui_tutorial.py
[2024-03-26T06:31:20.820+0000] {logging_mixin.py:151} INFO - [2024-03-26T06:31:20.820+0000] {dag.py:2915} INFO - Sync 1 DAGs
[2024-03-26T06:31:20.837+0000] {logging_mixin.py:151} INFO - [2024-03-26T06:31:20.837+0000] {dag.py:3696} INFO - Setting next_dagrun for example_params_ui_tutorial to None, run_after=None
[2024-03-26T06:31:20.870+0000] {processor.py:179} INFO - Processing /home/airflow/.local/lib/python3.8/site-packages/airflow/example_dags/example_params_ui_tutorial.py took 0.185 seconds
[2024-03-26T06:31:50.956+0000] {processor.py:157} INFO - Started process (PID=2352) to work on /home/airflow/.local/lib/python3.8/site-packages/airflow/example_dags/example_params_ui_tutorial.py
[2024-03-26T06:31:50.957+0000] {processor.py:829} INFO - Processing file /home/airflow/.local/lib/python3.8/site-packages/airflow/example_dags/example_params_ui_tutorial.py for tasks to queue
[2024-03-26T06:31:50.960+0000] {logging_mixin.py:151} INFO - [2024-03-26T06:31:50.960+0000] {dagbag.py:539} INFO - Filling up the DagBag from /home/airflow/.local/lib/python3.8/site-packages/airflow/example_dags/example_params_ui_tutorial.py
[2024-03-26T06:31:51.010+0000] {processor.py:839} INFO - DAG(s) dict_keys(['example_params_ui_tutorial']) retrieved from /home/airflow/.local/lib/python3.8/site-packages/airflow/example_dags/example_params_ui_tutorial.py
[2024-03-26T06:31:51.076+0000] {logging_mixin.py:151} INFO - [2024-03-26T06:31:51.075+0000] {dag.py:2915} INFO - Sync 1 DAGs
[2024-03-26T06:31:51.089+0000] {logging_mixin.py:151} INFO - [2024-03-26T06:31:51.088+0000] {dag.py:3696} INFO - Setting next_dagrun for example_params_ui_tutorial to None, run_after=None
[2024-03-26T06:31:51.114+0000] {processor.py:179} INFO - Processing /home/airflow/.local/lib/python3.8/site-packages/airflow/example_dags/example_params_ui_tutorial.py took 0.162 seconds
[2024-03-26T06:32:21.362+0000] {processor.py:157} INFO - Started process (PID=2406) to work on /home/airflow/.local/lib/python3.8/site-packages/airflow/example_dags/example_params_ui_tutorial.py
[2024-03-26T06:32:21.364+0000] {processor.py:829} INFO - Processing file /home/airflow/.local/lib/python3.8/site-packages/airflow/example_dags/example_params_ui_tutorial.py for tasks to queue
[2024-03-26T06:32:21.367+0000] {logging_mixin.py:151} INFO - [2024-03-26T06:32:21.366+0000] {dagbag.py:539} INFO - Filling up the DagBag from /home/airflow/.local/lib/python3.8/site-packages/airflow/example_dags/example_params_ui_tutorial.py
[2024-03-26T06:32:21.419+0000] {processor.py:839} INFO - DAG(s) dict_keys(['example_params_ui_tutorial']) retrieved from /home/airflow/.local/lib/python3.8/site-packages/airflow/example_dags/example_params_ui_tutorial.py
[2024-03-26T06:32:21.484+0000] {logging_mixin.py:151} INFO - [2024-03-26T06:32:21.484+0000] {dag.py:2915} INFO - Sync 1 DAGs
[2024-03-26T06:32:21.499+0000] {logging_mixin.py:151} INFO - [2024-03-26T06:32:21.499+0000] {dag.py:3696} INFO - Setting next_dagrun for example_params_ui_tutorial to None, run_after=None
[2024-03-26T06:32:21.522+0000] {processor.py:179} INFO - Processing /home/airflow/.local/lib/python3.8/site-packages/airflow/example_dags/example_params_ui_tutorial.py took 0.164 seconds
[2024-03-26T06:32:51.756+0000] {processor.py:157} INFO - Started process (PID=2460) to work on /home/airflow/.local/lib/python3.8/site-packages/airflow/example_dags/example_params_ui_tutorial.py
[2024-03-26T06:32:51.758+0000] {processor.py:829} INFO - Processing file /home/airflow/.local/lib/python3.8/site-packages/airflow/example_dags/example_params_ui_tutorial.py for tasks to queue
[2024-03-26T06:32:51.762+0000] {logging_mixin.py:151} INFO - [2024-03-26T06:32:51.762+0000] {dagbag.py:539} INFO - Filling up the DagBag from /home/airflow/.local/lib/python3.8/site-packages/airflow/example_dags/example_params_ui_tutorial.py
[2024-03-26T06:32:51.811+0000] {processor.py:839} INFO - DAG(s) dict_keys(['example_params_ui_tutorial']) retrieved from /home/airflow/.local/lib/python3.8/site-packages/airflow/example_dags/example_params_ui_tutorial.py
[2024-03-26T06:32:51.884+0000] {logging_mixin.py:151} INFO - [2024-03-26T06:32:51.884+0000] {dag.py:2915} INFO - Sync 1 DAGs
[2024-03-26T06:32:51.901+0000] {logging_mixin.py:151} INFO - [2024-03-26T06:32:51.901+0000] {dag.py:3696} INFO - Setting next_dagrun for example_params_ui_tutorial to None, run_after=None
[2024-03-26T06:32:51.930+0000] {processor.py:179} INFO - Processing /home/airflow/.local/lib/python3.8/site-packages/airflow/example_dags/example_params_ui_tutorial.py took 0.179 seconds
[2024-03-26T06:33:22.079+0000] {processor.py:157} INFO - Started process (PID=2514) to work on /home/airflow/.local/lib/python3.8/site-packages/airflow/example_dags/example_params_ui_tutorial.py
[2024-03-26T06:33:22.080+0000] {processor.py:829} INFO - Processing file /home/airflow/.local/lib/python3.8/site-packages/airflow/example_dags/example_params_ui_tutorial.py for tasks to queue
[2024-03-26T06:33:22.084+0000] {logging_mixin.py:151} INFO - [2024-03-26T06:33:22.083+0000] {dagbag.py:539} INFO - Filling up the DagBag from /home/airflow/.local/lib/python3.8/site-packages/airflow/example_dags/example_params_ui_tutorial.py
[2024-03-26T06:33:22.132+0000] {processor.py:839} INFO - DAG(s) dict_keys(['example_params_ui_tutorial']) retrieved from /home/airflow/.local/lib/python3.8/site-packages/airflow/example_dags/example_params_ui_tutorial.py
[2024-03-26T06:33:22.205+0000] {logging_mixin.py:151} INFO - [2024-03-26T06:33:22.205+0000] {dag.py:2915} INFO - Sync 1 DAGs
[2024-03-26T06:33:22.221+0000] {logging_mixin.py:151} INFO - [2024-03-26T06:33:22.220+0000] {dag.py:3696} INFO - Setting next_dagrun for example_params_ui_tutorial to None, run_after=None
[2024-03-26T06:33:22.252+0000] {processor.py:179} INFO - Processing /home/airflow/.local/lib/python3.8/site-packages/airflow/example_dags/example_params_ui_tutorial.py took 0.177 seconds
[2024-03-26T06:33:52.950+0000] {processor.py:157} INFO - Started process (PID=2568) to work on /home/airflow/.local/lib/python3.8/site-packages/airflow/example_dags/example_params_ui_tutorial.py
[2024-03-26T06:33:52.951+0000] {processor.py:829} INFO - Processing file /home/airflow/.local/lib/python3.8/site-packages/airflow/example_dags/example_params_ui_tutorial.py for tasks to queue
[2024-03-26T06:33:52.955+0000] {logging_mixin.py:151} INFO - [2024-03-26T06:33:52.954+0000] {dagbag.py:539} INFO - Filling up the DagBag from /home/airflow/.local/lib/python3.8/site-packages/airflow/example_dags/example_params_ui_tutorial.py
[2024-03-26T06:33:53.003+0000] {processor.py:839} INFO - DAG(s) dict_keys(['example_params_ui_tutorial']) retrieved from /home/airflow/.local/lib/python3.8/site-packages/airflow/example_dags/example_params_ui_tutorial.py
[2024-03-26T06:33:53.084+0000] {logging_mixin.py:151} INFO - [2024-03-26T06:33:53.084+0000] {dag.py:2915} INFO - Sync 1 DAGs
[2024-03-26T06:33:53.103+0000] {logging_mixin.py:151} INFO - [2024-03-26T06:33:53.103+0000] {dag.py:3696} INFO - Setting next_dagrun for example_params_ui_tutorial to None, run_after=None
[2024-03-26T06:33:53.138+0000] {processor.py:179} INFO - Processing /home/airflow/.local/lib/python3.8/site-packages/airflow/example_dags/example_params_ui_tutorial.py took 0.192 seconds
