[2024-03-26T06:04:13.824+0000] {processor.py:157} INFO - Started process (PID=76) to work on /home/airflow/.local/lib/python3.8/site-packages/airflow/example_dags/example_external_task_marker_dag.py
[2024-03-26T06:04:13.825+0000] {processor.py:829} INFO - Processing file /home/airflow/.local/lib/python3.8/site-packages/airflow/example_dags/example_external_task_marker_dag.py for tasks to queue
[2024-03-26T06:04:13.829+0000] {logging_mixin.py:151} INFO - [2024-03-26T06:04:13.829+0000] {dagbag.py:539} INFO - Filling up the DagBag from /home/airflow/.local/lib/python3.8/site-packages/airflow/example_dags/example_external_task_marker_dag.py
[2024-03-26T06:04:13.839+0000] {processor.py:839} INFO - DAG(s) dict_keys(['example_external_task_marker_child', 'example_external_task_marker_parent']) retrieved from /home/airflow/.local/lib/python3.8/site-packages/airflow/example_dags/example_external_task_marker_dag.py
[2024-03-26T06:04:14.028+0000] {logging_mixin.py:151} INFO - [2024-03-26T06:04:14.027+0000] {manager.py:499} INFO - Created Permission View: %s
[2024-03-26T06:04:14.052+0000] {logging_mixin.py:151} INFO - [2024-03-26T06:04:14.051+0000] {manager.py:499} INFO - Created Permission View: %s
[2024-03-26T06:04:14.073+0000] {logging_mixin.py:151} INFO - [2024-03-26T06:04:14.073+0000] {manager.py:499} INFO - Created Permission View: %s
[2024-03-26T06:04:14.074+0000] {logging_mixin.py:151} INFO - [2024-03-26T06:04:14.074+0000] {security.py:708} INFO - Not syncing DAG-level permissions for DAG 'DAG:example_external_task_marker_child' as access control is unset.
[2024-03-26T06:04:14.101+0000] {logging_mixin.py:151} INFO - [2024-03-26T06:04:14.101+0000] {manager.py:499} INFO - Created Permission View: %s
[2024-03-26T06:04:14.117+0000] {logging_mixin.py:151} INFO - [2024-03-26T06:04:14.117+0000] {manager.py:499} INFO - Created Permission View: %s
[2024-03-26T06:04:14.131+0000] {logging_mixin.py:151} INFO - [2024-03-26T06:04:14.131+0000] {manager.py:499} INFO - Created Permission View: %s
[2024-03-26T06:04:14.132+0000] {logging_mixin.py:151} INFO - [2024-03-26T06:04:14.132+0000] {security.py:708} INFO - Not syncing DAG-level permissions for DAG 'DAG:example_external_task_marker_parent' as access control is unset.
[2024-03-26T06:04:14.133+0000] {logging_mixin.py:151} INFO - [2024-03-26T06:04:14.133+0000] {dag.py:2915} INFO - Sync 2 DAGs
[2024-03-26T06:04:14.151+0000] {logging_mixin.py:151} INFO - [2024-03-26T06:04:14.151+0000] {dag.py:2937} INFO - Creating ORM DAG for example_external_task_marker_parent
[2024-03-26T06:04:14.154+0000] {logging_mixin.py:151} INFO - [2024-03-26T06:04:14.153+0000] {dag.py:2937} INFO - Creating ORM DAG for example_external_task_marker_child
[2024-03-26T06:04:14.156+0000] {logging_mixin.py:151} INFO - [2024-03-26T06:04:14.155+0000] {dag.py:3696} INFO - Setting next_dagrun for example_external_task_marker_child to None, run_after=None
[2024-03-26T06:04:14.157+0000] {logging_mixin.py:151} INFO - [2024-03-26T06:04:14.157+0000] {dag.py:3696} INFO - Setting next_dagrun for example_external_task_marker_parent to None, run_after=None
[2024-03-26T06:04:14.205+0000] {processor.py:179} INFO - Processing /home/airflow/.local/lib/python3.8/site-packages/airflow/example_dags/example_external_task_marker_dag.py took 0.385 seconds
[2024-03-26T06:04:44.863+0000] {processor.py:157} INFO - Started process (PID=131) to work on /home/airflow/.local/lib/python3.8/site-packages/airflow/example_dags/example_external_task_marker_dag.py
[2024-03-26T06:04:44.864+0000] {processor.py:829} INFO - Processing file /home/airflow/.local/lib/python3.8/site-packages/airflow/example_dags/example_external_task_marker_dag.py for tasks to queue
[2024-03-26T06:04:44.869+0000] {logging_mixin.py:151} INFO - [2024-03-26T06:04:44.869+0000] {dagbag.py:539} INFO - Filling up the DagBag from /home/airflow/.local/lib/python3.8/site-packages/airflow/example_dags/example_external_task_marker_dag.py
[2024-03-26T06:04:44.877+0000] {processor.py:839} INFO - DAG(s) dict_keys(['example_external_task_marker_parent', 'example_external_task_marker_child']) retrieved from /home/airflow/.local/lib/python3.8/site-packages/airflow/example_dags/example_external_task_marker_dag.py
[2024-03-26T06:04:44.915+0000] {logging_mixin.py:151} INFO - [2024-03-26T06:04:44.915+0000] {dag.py:2915} INFO - Sync 2 DAGs
[2024-03-26T06:04:44.935+0000] {logging_mixin.py:151} INFO - [2024-03-26T06:04:44.934+0000] {dag.py:3696} INFO - Setting next_dagrun for example_external_task_marker_child to None, run_after=None
[2024-03-26T06:04:44.942+0000] {logging_mixin.py:151} INFO - [2024-03-26T06:04:44.941+0000] {dag.py:3696} INFO - Setting next_dagrun for example_external_task_marker_parent to None, run_after=None
[2024-03-26T06:04:44.975+0000] {processor.py:179} INFO - Processing /home/airflow/.local/lib/python3.8/site-packages/airflow/example_dags/example_external_task_marker_dag.py took 0.116 seconds
[2024-03-26T06:05:16.387+0000] {processor.py:157} INFO - Started process (PID=184) to work on /home/airflow/.local/lib/python3.8/site-packages/airflow/example_dags/example_external_task_marker_dag.py
[2024-03-26T06:05:16.389+0000] {processor.py:829} INFO - Processing file /home/airflow/.local/lib/python3.8/site-packages/airflow/example_dags/example_external_task_marker_dag.py for tasks to queue
[2024-03-26T06:05:16.392+0000] {logging_mixin.py:151} INFO - [2024-03-26T06:05:16.392+0000] {dagbag.py:539} INFO - Filling up the DagBag from /home/airflow/.local/lib/python3.8/site-packages/airflow/example_dags/example_external_task_marker_dag.py
[2024-03-26T06:05:16.401+0000] {processor.py:839} INFO - DAG(s) dict_keys(['example_external_task_marker_child', 'example_external_task_marker_parent']) retrieved from /home/airflow/.local/lib/python3.8/site-packages/airflow/example_dags/example_external_task_marker_dag.py
[2024-03-26T06:05:16.438+0000] {logging_mixin.py:151} INFO - [2024-03-26T06:05:16.438+0000] {dag.py:2915} INFO - Sync 2 DAGs
[2024-03-26T06:05:16.460+0000] {logging_mixin.py:151} INFO - [2024-03-26T06:05:16.460+0000] {dag.py:3696} INFO - Setting next_dagrun for example_external_task_marker_child to None, run_after=None
[2024-03-26T06:05:16.467+0000] {logging_mixin.py:151} INFO - [2024-03-26T06:05:16.467+0000] {dag.py:3696} INFO - Setting next_dagrun for example_external_task_marker_parent to None, run_after=None
[2024-03-26T06:05:16.496+0000] {processor.py:179} INFO - Processing /home/airflow/.local/lib/python3.8/site-packages/airflow/example_dags/example_external_task_marker_dag.py took 0.115 seconds
[2024-03-26T06:05:48.405+0000] {processor.py:157} INFO - Started process (PID=245) to work on /home/airflow/.local/lib/python3.8/site-packages/airflow/example_dags/example_external_task_marker_dag.py
[2024-03-26T06:05:48.406+0000] {processor.py:829} INFO - Processing file /home/airflow/.local/lib/python3.8/site-packages/airflow/example_dags/example_external_task_marker_dag.py for tasks to queue
[2024-03-26T06:05:48.410+0000] {logging_mixin.py:151} INFO - [2024-03-26T06:05:48.410+0000] {dagbag.py:539} INFO - Filling up the DagBag from /home/airflow/.local/lib/python3.8/site-packages/airflow/example_dags/example_external_task_marker_dag.py
[2024-03-26T06:05:48.438+0000] {processor.py:839} INFO - DAG(s) dict_keys(['example_external_task_marker_parent', 'example_external_task_marker_child']) retrieved from /home/airflow/.local/lib/python3.8/site-packages/airflow/example_dags/example_external_task_marker_dag.py
[2024-03-26T06:05:48.472+0000] {logging_mixin.py:151} INFO - [2024-03-26T06:05:48.472+0000] {dag.py:2915} INFO - Sync 2 DAGs
[2024-03-26T06:05:48.488+0000] {logging_mixin.py:151} INFO - [2024-03-26T06:05:48.487+0000] {dag.py:3696} INFO - Setting next_dagrun for example_external_task_marker_child to None, run_after=None
[2024-03-26T06:05:48.492+0000] {logging_mixin.py:151} INFO - [2024-03-26T06:05:48.492+0000] {dag.py:3696} INFO - Setting next_dagrun for example_external_task_marker_parent to None, run_after=None
[2024-03-26T06:05:48.563+0000] {processor.py:179} INFO - Processing /home/airflow/.local/lib/python3.8/site-packages/airflow/example_dags/example_external_task_marker_dag.py took 0.163 seconds
[2024-03-26T06:06:20.873+0000] {processor.py:157} INFO - Started process (PID=299) to work on /home/airflow/.local/lib/python3.8/site-packages/airflow/example_dags/example_external_task_marker_dag.py
[2024-03-26T06:06:20.878+0000] {processor.py:829} INFO - Processing file /home/airflow/.local/lib/python3.8/site-packages/airflow/example_dags/example_external_task_marker_dag.py for tasks to queue
[2024-03-26T06:06:20.883+0000] {logging_mixin.py:151} INFO - [2024-03-26T06:06:20.883+0000] {dagbag.py:539} INFO - Filling up the DagBag from /home/airflow/.local/lib/python3.8/site-packages/airflow/example_dags/example_external_task_marker_dag.py
[2024-03-26T06:06:20.900+0000] {processor.py:839} INFO - DAG(s) dict_keys(['example_external_task_marker_child', 'example_external_task_marker_parent']) retrieved from /home/airflow/.local/lib/python3.8/site-packages/airflow/example_dags/example_external_task_marker_dag.py
[2024-03-26T06:06:20.985+0000] {logging_mixin.py:151} INFO - [2024-03-26T06:06:20.985+0000] {dag.py:2915} INFO - Sync 2 DAGs
[2024-03-26T06:06:21.035+0000] {logging_mixin.py:151} INFO - [2024-03-26T06:06:21.035+0000] {dag.py:3696} INFO - Setting next_dagrun for example_external_task_marker_child to None, run_after=None
[2024-03-26T06:06:21.051+0000] {logging_mixin.py:151} INFO - [2024-03-26T06:06:21.051+0000] {dag.py:3696} INFO - Setting next_dagrun for example_external_task_marker_parent to None, run_after=None
[2024-03-26T06:06:21.120+0000] {processor.py:179} INFO - Processing /home/airflow/.local/lib/python3.8/site-packages/airflow/example_dags/example_external_task_marker_dag.py took 0.255 seconds
[2024-03-26T06:06:53.675+0000] {processor.py:157} INFO - Started process (PID=353) to work on /home/airflow/.local/lib/python3.8/site-packages/airflow/example_dags/example_external_task_marker_dag.py
[2024-03-26T06:06:53.679+0000] {processor.py:829} INFO - Processing file /home/airflow/.local/lib/python3.8/site-packages/airflow/example_dags/example_external_task_marker_dag.py for tasks to queue
[2024-03-26T06:06:53.683+0000] {logging_mixin.py:151} INFO - [2024-03-26T06:06:53.682+0000] {dagbag.py:539} INFO - Filling up the DagBag from /home/airflow/.local/lib/python3.8/site-packages/airflow/example_dags/example_external_task_marker_dag.py
[2024-03-26T06:06:53.695+0000] {processor.py:839} INFO - DAG(s) dict_keys(['example_external_task_marker_parent', 'example_external_task_marker_child']) retrieved from /home/airflow/.local/lib/python3.8/site-packages/airflow/example_dags/example_external_task_marker_dag.py
[2024-03-26T06:06:53.746+0000] {logging_mixin.py:151} INFO - [2024-03-26T06:06:53.746+0000] {dag.py:2915} INFO - Sync 2 DAGs
[2024-03-26T06:06:53.766+0000] {logging_mixin.py:151} INFO - [2024-03-26T06:06:53.766+0000] {dag.py:3696} INFO - Setting next_dagrun for example_external_task_marker_child to None, run_after=None
[2024-03-26T06:06:53.775+0000] {logging_mixin.py:151} INFO - [2024-03-26T06:06:53.774+0000] {dag.py:3696} INFO - Setting next_dagrun for example_external_task_marker_parent to None, run_after=None
[2024-03-26T06:06:53.825+0000] {processor.py:179} INFO - Processing /home/airflow/.local/lib/python3.8/site-packages/airflow/example_dags/example_external_task_marker_dag.py took 0.158 seconds
[2024-03-26T06:07:25.694+0000] {processor.py:157} INFO - Started process (PID=407) to work on /home/airflow/.local/lib/python3.8/site-packages/airflow/example_dags/example_external_task_marker_dag.py
[2024-03-26T06:07:25.696+0000] {processor.py:829} INFO - Processing file /home/airflow/.local/lib/python3.8/site-packages/airflow/example_dags/example_external_task_marker_dag.py for tasks to queue
[2024-03-26T06:07:25.700+0000] {logging_mixin.py:151} INFO - [2024-03-26T06:07:25.699+0000] {dagbag.py:539} INFO - Filling up the DagBag from /home/airflow/.local/lib/python3.8/site-packages/airflow/example_dags/example_external_task_marker_dag.py
[2024-03-26T06:07:25.710+0000] {processor.py:839} INFO - DAG(s) dict_keys(['example_external_task_marker_parent', 'example_external_task_marker_child']) retrieved from /home/airflow/.local/lib/python3.8/site-packages/airflow/example_dags/example_external_task_marker_dag.py
[2024-03-26T06:07:25.750+0000] {logging_mixin.py:151} INFO - [2024-03-26T06:07:25.749+0000] {dag.py:2915} INFO - Sync 2 DAGs
[2024-03-26T06:07:25.776+0000] {logging_mixin.py:151} INFO - [2024-03-26T06:07:25.775+0000] {dag.py:3696} INFO - Setting next_dagrun for example_external_task_marker_child to None, run_after=None
[2024-03-26T06:07:25.785+0000] {logging_mixin.py:151} INFO - [2024-03-26T06:07:25.783+0000] {dag.py:3696} INFO - Setting next_dagrun for example_external_task_marker_parent to None, run_after=None
[2024-03-26T06:07:25.817+0000] {processor.py:179} INFO - Processing /home/airflow/.local/lib/python3.8/site-packages/airflow/example_dags/example_external_task_marker_dag.py took 0.127 seconds
[2024-03-26T06:07:56.243+0000] {processor.py:157} INFO - Started process (PID=461) to work on /home/airflow/.local/lib/python3.8/site-packages/airflow/example_dags/example_external_task_marker_dag.py
[2024-03-26T06:07:56.245+0000] {processor.py:829} INFO - Processing file /home/airflow/.local/lib/python3.8/site-packages/airflow/example_dags/example_external_task_marker_dag.py for tasks to queue
[2024-03-26T06:07:56.248+0000] {logging_mixin.py:151} INFO - [2024-03-26T06:07:56.248+0000] {dagbag.py:539} INFO - Filling up the DagBag from /home/airflow/.local/lib/python3.8/site-packages/airflow/example_dags/example_external_task_marker_dag.py
[2024-03-26T06:07:56.256+0000] {processor.py:839} INFO - DAG(s) dict_keys(['example_external_task_marker_child', 'example_external_task_marker_parent']) retrieved from /home/airflow/.local/lib/python3.8/site-packages/airflow/example_dags/example_external_task_marker_dag.py
[2024-03-26T06:07:56.288+0000] {logging_mixin.py:151} INFO - [2024-03-26T06:07:56.287+0000] {dag.py:2915} INFO - Sync 2 DAGs
[2024-03-26T06:07:56.304+0000] {logging_mixin.py:151} INFO - [2024-03-26T06:07:56.304+0000] {dag.py:3696} INFO - Setting next_dagrun for example_external_task_marker_child to None, run_after=None
[2024-03-26T06:07:56.310+0000] {logging_mixin.py:151} INFO - [2024-03-26T06:07:56.310+0000] {dag.py:3696} INFO - Setting next_dagrun for example_external_task_marker_parent to None, run_after=None
[2024-03-26T06:07:56.347+0000] {processor.py:179} INFO - Processing /home/airflow/.local/lib/python3.8/site-packages/airflow/example_dags/example_external_task_marker_dag.py took 0.108 seconds
[2024-03-26T06:08:27.204+0000] {processor.py:157} INFO - Started process (PID=515) to work on /home/airflow/.local/lib/python3.8/site-packages/airflow/example_dags/example_external_task_marker_dag.py
[2024-03-26T06:08:27.206+0000] {processor.py:829} INFO - Processing file /home/airflow/.local/lib/python3.8/site-packages/airflow/example_dags/example_external_task_marker_dag.py for tasks to queue
[2024-03-26T06:08:27.209+0000] {logging_mixin.py:151} INFO - [2024-03-26T06:08:27.208+0000] {dagbag.py:539} INFO - Filling up the DagBag from /home/airflow/.local/lib/python3.8/site-packages/airflow/example_dags/example_external_task_marker_dag.py
[2024-03-26T06:08:27.219+0000] {processor.py:839} INFO - DAG(s) dict_keys(['example_external_task_marker_child', 'example_external_task_marker_parent']) retrieved from /home/airflow/.local/lib/python3.8/site-packages/airflow/example_dags/example_external_task_marker_dag.py
[2024-03-26T06:08:27.249+0000] {logging_mixin.py:151} INFO - [2024-03-26T06:08:27.249+0000] {dag.py:2915} INFO - Sync 2 DAGs
[2024-03-26T06:08:27.266+0000] {logging_mixin.py:151} INFO - [2024-03-26T06:08:27.266+0000] {dag.py:3696} INFO - Setting next_dagrun for example_external_task_marker_child to None, run_after=None
[2024-03-26T06:08:27.272+0000] {logging_mixin.py:151} INFO - [2024-03-26T06:08:27.272+0000] {dag.py:3696} INFO - Setting next_dagrun for example_external_task_marker_parent to None, run_after=None
[2024-03-26T06:08:27.296+0000] {processor.py:179} INFO - Processing /home/airflow/.local/lib/python3.8/site-packages/airflow/example_dags/example_external_task_marker_dag.py took 0.098 seconds
[2024-03-26T06:08:57.563+0000] {processor.py:157} INFO - Started process (PID=569) to work on /home/airflow/.local/lib/python3.8/site-packages/airflow/example_dags/example_external_task_marker_dag.py
[2024-03-26T06:08:57.565+0000] {processor.py:829} INFO - Processing file /home/airflow/.local/lib/python3.8/site-packages/airflow/example_dags/example_external_task_marker_dag.py for tasks to queue
[2024-03-26T06:08:57.568+0000] {logging_mixin.py:151} INFO - [2024-03-26T06:08:57.567+0000] {dagbag.py:539} INFO - Filling up the DagBag from /home/airflow/.local/lib/python3.8/site-packages/airflow/example_dags/example_external_task_marker_dag.py
[2024-03-26T06:08:57.575+0000] {processor.py:839} INFO - DAG(s) dict_keys(['example_external_task_marker_parent', 'example_external_task_marker_child']) retrieved from /home/airflow/.local/lib/python3.8/site-packages/airflow/example_dags/example_external_task_marker_dag.py
[2024-03-26T06:08:57.602+0000] {logging_mixin.py:151} INFO - [2024-03-26T06:08:57.602+0000] {dag.py:2915} INFO - Sync 2 DAGs
[2024-03-26T06:08:57.616+0000] {logging_mixin.py:151} INFO - [2024-03-26T06:08:57.616+0000] {dag.py:3696} INFO - Setting next_dagrun for example_external_task_marker_child to None, run_after=None
[2024-03-26T06:08:57.621+0000] {logging_mixin.py:151} INFO - [2024-03-26T06:08:57.621+0000] {dag.py:3696} INFO - Setting next_dagrun for example_external_task_marker_parent to None, run_after=None
[2024-03-26T06:08:57.644+0000] {processor.py:179} INFO - Processing /home/airflow/.local/lib/python3.8/site-packages/airflow/example_dags/example_external_task_marker_dag.py took 0.085 seconds
[2024-03-26T06:09:28.632+0000] {processor.py:157} INFO - Started process (PID=622) to work on /home/airflow/.local/lib/python3.8/site-packages/airflow/example_dags/example_external_task_marker_dag.py
[2024-03-26T06:09:28.634+0000] {processor.py:829} INFO - Processing file /home/airflow/.local/lib/python3.8/site-packages/airflow/example_dags/example_external_task_marker_dag.py for tasks to queue
[2024-03-26T06:09:28.637+0000] {logging_mixin.py:151} INFO - [2024-03-26T06:09:28.636+0000] {dagbag.py:539} INFO - Filling up the DagBag from /home/airflow/.local/lib/python3.8/site-packages/airflow/example_dags/example_external_task_marker_dag.py
[2024-03-26T06:09:28.645+0000] {processor.py:839} INFO - DAG(s) dict_keys(['example_external_task_marker_child', 'example_external_task_marker_parent']) retrieved from /home/airflow/.local/lib/python3.8/site-packages/airflow/example_dags/example_external_task_marker_dag.py
[2024-03-26T06:09:28.681+0000] {logging_mixin.py:151} INFO - [2024-03-26T06:09:28.681+0000] {dag.py:2915} INFO - Sync 2 DAGs
[2024-03-26T06:09:28.697+0000] {logging_mixin.py:151} INFO - [2024-03-26T06:09:28.697+0000] {dag.py:3696} INFO - Setting next_dagrun for example_external_task_marker_child to None, run_after=None
[2024-03-26T06:09:28.702+0000] {logging_mixin.py:151} INFO - [2024-03-26T06:09:28.702+0000] {dag.py:3696} INFO - Setting next_dagrun for example_external_task_marker_parent to None, run_after=None
[2024-03-26T06:09:28.725+0000] {processor.py:179} INFO - Processing /home/airflow/.local/lib/python3.8/site-packages/airflow/example_dags/example_external_task_marker_dag.py took 0.096 seconds
[2024-03-26T06:09:59.425+0000] {processor.py:157} INFO - Started process (PID=677) to work on /home/airflow/.local/lib/python3.8/site-packages/airflow/example_dags/example_external_task_marker_dag.py
[2024-03-26T06:09:59.427+0000] {processor.py:829} INFO - Processing file /home/airflow/.local/lib/python3.8/site-packages/airflow/example_dags/example_external_task_marker_dag.py for tasks to queue
[2024-03-26T06:09:59.431+0000] {logging_mixin.py:151} INFO - [2024-03-26T06:09:59.430+0000] {dagbag.py:539} INFO - Filling up the DagBag from /home/airflow/.local/lib/python3.8/site-packages/airflow/example_dags/example_external_task_marker_dag.py
[2024-03-26T06:09:59.438+0000] {processor.py:839} INFO - DAG(s) dict_keys(['example_external_task_marker_parent', 'example_external_task_marker_child']) retrieved from /home/airflow/.local/lib/python3.8/site-packages/airflow/example_dags/example_external_task_marker_dag.py
[2024-03-26T06:09:59.468+0000] {logging_mixin.py:151} INFO - [2024-03-26T06:09:59.468+0000] {dag.py:2915} INFO - Sync 2 DAGs
[2024-03-26T06:09:59.482+0000] {logging_mixin.py:151} INFO - [2024-03-26T06:09:59.482+0000] {dag.py:3696} INFO - Setting next_dagrun for example_external_task_marker_child to None, run_after=None
[2024-03-26T06:09:59.486+0000] {logging_mixin.py:151} INFO - [2024-03-26T06:09:59.486+0000] {dag.py:3696} INFO - Setting next_dagrun for example_external_task_marker_parent to None, run_after=None
[2024-03-26T06:09:59.505+0000] {processor.py:179} INFO - Processing /home/airflow/.local/lib/python3.8/site-packages/airflow/example_dags/example_external_task_marker_dag.py took 0.084 seconds
[2024-03-26T06:10:30.084+0000] {processor.py:157} INFO - Started process (PID=731) to work on /home/airflow/.local/lib/python3.8/site-packages/airflow/example_dags/example_external_task_marker_dag.py
[2024-03-26T06:10:30.087+0000] {processor.py:829} INFO - Processing file /home/airflow/.local/lib/python3.8/site-packages/airflow/example_dags/example_external_task_marker_dag.py for tasks to queue
[2024-03-26T06:10:30.091+0000] {logging_mixin.py:151} INFO - [2024-03-26T06:10:30.090+0000] {dagbag.py:539} INFO - Filling up the DagBag from /home/airflow/.local/lib/python3.8/site-packages/airflow/example_dags/example_external_task_marker_dag.py
[2024-03-26T06:10:30.097+0000] {processor.py:839} INFO - DAG(s) dict_keys(['example_external_task_marker_child', 'example_external_task_marker_parent']) retrieved from /home/airflow/.local/lib/python3.8/site-packages/airflow/example_dags/example_external_task_marker_dag.py
[2024-03-26T06:10:30.128+0000] {logging_mixin.py:151} INFO - [2024-03-26T06:10:30.128+0000] {dag.py:2915} INFO - Sync 2 DAGs
[2024-03-26T06:10:30.144+0000] {logging_mixin.py:151} INFO - [2024-03-26T06:10:30.144+0000] {dag.py:3696} INFO - Setting next_dagrun for example_external_task_marker_child to None, run_after=None
[2024-03-26T06:10:30.149+0000] {logging_mixin.py:151} INFO - [2024-03-26T06:10:30.149+0000] {dag.py:3696} INFO - Setting next_dagrun for example_external_task_marker_parent to None, run_after=None
[2024-03-26T06:10:30.169+0000] {processor.py:179} INFO - Processing /home/airflow/.local/lib/python3.8/site-packages/airflow/example_dags/example_external_task_marker_dag.py took 0.090 seconds
[2024-03-26T06:11:00.487+0000] {processor.py:157} INFO - Started process (PID=785) to work on /home/airflow/.local/lib/python3.8/site-packages/airflow/example_dags/example_external_task_marker_dag.py
[2024-03-26T06:11:00.489+0000] {processor.py:829} INFO - Processing file /home/airflow/.local/lib/python3.8/site-packages/airflow/example_dags/example_external_task_marker_dag.py for tasks to queue
[2024-03-26T06:11:00.492+0000] {logging_mixin.py:151} INFO - [2024-03-26T06:11:00.491+0000] {dagbag.py:539} INFO - Filling up the DagBag from /home/airflow/.local/lib/python3.8/site-packages/airflow/example_dags/example_external_task_marker_dag.py
[2024-03-26T06:11:00.498+0000] {processor.py:839} INFO - DAG(s) dict_keys(['example_external_task_marker_child', 'example_external_task_marker_parent']) retrieved from /home/airflow/.local/lib/python3.8/site-packages/airflow/example_dags/example_external_task_marker_dag.py
[2024-03-26T06:11:00.532+0000] {logging_mixin.py:151} INFO - [2024-03-26T06:11:00.531+0000] {dag.py:2915} INFO - Sync 2 DAGs
[2024-03-26T06:11:00.549+0000] {logging_mixin.py:151} INFO - [2024-03-26T06:11:00.549+0000] {dag.py:3696} INFO - Setting next_dagrun for example_external_task_marker_child to None, run_after=None
[2024-03-26T06:11:00.554+0000] {logging_mixin.py:151} INFO - [2024-03-26T06:11:00.554+0000] {dag.py:3696} INFO - Setting next_dagrun for example_external_task_marker_parent to None, run_after=None
[2024-03-26T06:11:00.579+0000] {processor.py:179} INFO - Processing /home/airflow/.local/lib/python3.8/site-packages/airflow/example_dags/example_external_task_marker_dag.py took 0.097 seconds
[2024-03-26T06:11:31.306+0000] {processor.py:157} INFO - Started process (PID=839) to work on /home/airflow/.local/lib/python3.8/site-packages/airflow/example_dags/example_external_task_marker_dag.py
[2024-03-26T06:11:31.307+0000] {processor.py:829} INFO - Processing file /home/airflow/.local/lib/python3.8/site-packages/airflow/example_dags/example_external_task_marker_dag.py for tasks to queue
[2024-03-26T06:11:31.310+0000] {logging_mixin.py:151} INFO - [2024-03-26T06:11:31.309+0000] {dagbag.py:539} INFO - Filling up the DagBag from /home/airflow/.local/lib/python3.8/site-packages/airflow/example_dags/example_external_task_marker_dag.py
[2024-03-26T06:11:31.321+0000] {processor.py:839} INFO - DAG(s) dict_keys(['example_external_task_marker_child', 'example_external_task_marker_parent']) retrieved from /home/airflow/.local/lib/python3.8/site-packages/airflow/example_dags/example_external_task_marker_dag.py
[2024-03-26T06:11:31.356+0000] {logging_mixin.py:151} INFO - [2024-03-26T06:11:31.355+0000] {dag.py:2915} INFO - Sync 2 DAGs
[2024-03-26T06:11:31.374+0000] {logging_mixin.py:151} INFO - [2024-03-26T06:11:31.373+0000] {dag.py:3696} INFO - Setting next_dagrun for example_external_task_marker_child to None, run_after=None
[2024-03-26T06:11:31.381+0000] {logging_mixin.py:151} INFO - [2024-03-26T06:11:31.381+0000] {dag.py:3696} INFO - Setting next_dagrun for example_external_task_marker_parent to None, run_after=None
[2024-03-26T06:11:31.403+0000] {processor.py:179} INFO - Processing /home/airflow/.local/lib/python3.8/site-packages/airflow/example_dags/example_external_task_marker_dag.py took 0.102 seconds
[2024-03-26T06:12:02.340+0000] {processor.py:157} INFO - Started process (PID=893) to work on /home/airflow/.local/lib/python3.8/site-packages/airflow/example_dags/example_external_task_marker_dag.py
[2024-03-26T06:12:02.341+0000] {processor.py:829} INFO - Processing file /home/airflow/.local/lib/python3.8/site-packages/airflow/example_dags/example_external_task_marker_dag.py for tasks to queue
[2024-03-26T06:12:02.344+0000] {logging_mixin.py:151} INFO - [2024-03-26T06:12:02.344+0000] {dagbag.py:539} INFO - Filling up the DagBag from /home/airflow/.local/lib/python3.8/site-packages/airflow/example_dags/example_external_task_marker_dag.py
[2024-03-26T06:12:02.350+0000] {processor.py:839} INFO - DAG(s) dict_keys(['example_external_task_marker_child', 'example_external_task_marker_parent']) retrieved from /home/airflow/.local/lib/python3.8/site-packages/airflow/example_dags/example_external_task_marker_dag.py
[2024-03-26T06:12:02.380+0000] {logging_mixin.py:151} INFO - [2024-03-26T06:12:02.380+0000] {dag.py:2915} INFO - Sync 2 DAGs
[2024-03-26T06:12:02.398+0000] {logging_mixin.py:151} INFO - [2024-03-26T06:12:02.398+0000] {dag.py:3696} INFO - Setting next_dagrun for example_external_task_marker_child to None, run_after=None
[2024-03-26T06:12:02.403+0000] {logging_mixin.py:151} INFO - [2024-03-26T06:12:02.403+0000] {dag.py:3696} INFO - Setting next_dagrun for example_external_task_marker_parent to None, run_after=None
[2024-03-26T06:12:02.425+0000] {processor.py:179} INFO - Processing /home/airflow/.local/lib/python3.8/site-packages/airflow/example_dags/example_external_task_marker_dag.py took 0.089 seconds
[2024-03-26T06:12:32.986+0000] {processor.py:157} INFO - Started process (PID=947) to work on /home/airflow/.local/lib/python3.8/site-packages/airflow/example_dags/example_external_task_marker_dag.py
[2024-03-26T06:12:32.988+0000] {processor.py:829} INFO - Processing file /home/airflow/.local/lib/python3.8/site-packages/airflow/example_dags/example_external_task_marker_dag.py for tasks to queue
[2024-03-26T06:12:32.991+0000] {logging_mixin.py:151} INFO - [2024-03-26T06:12:32.990+0000] {dagbag.py:539} INFO - Filling up the DagBag from /home/airflow/.local/lib/python3.8/site-packages/airflow/example_dags/example_external_task_marker_dag.py
[2024-03-26T06:12:33.000+0000] {processor.py:839} INFO - DAG(s) dict_keys(['example_external_task_marker_parent', 'example_external_task_marker_child']) retrieved from /home/airflow/.local/lib/python3.8/site-packages/airflow/example_dags/example_external_task_marker_dag.py
[2024-03-26T06:12:33.036+0000] {logging_mixin.py:151} INFO - [2024-03-26T06:12:33.035+0000] {dag.py:2915} INFO - Sync 2 DAGs
[2024-03-26T06:12:33.057+0000] {logging_mixin.py:151} INFO - [2024-03-26T06:12:33.056+0000] {dag.py:3696} INFO - Setting next_dagrun for example_external_task_marker_child to None, run_after=None
[2024-03-26T06:12:33.062+0000] {logging_mixin.py:151} INFO - [2024-03-26T06:12:33.061+0000] {dag.py:3696} INFO - Setting next_dagrun for example_external_task_marker_parent to None, run_after=None
[2024-03-26T06:12:33.087+0000] {processor.py:179} INFO - Processing /home/airflow/.local/lib/python3.8/site-packages/airflow/example_dags/example_external_task_marker_dag.py took 0.106 seconds
[2024-03-26T06:19:10.597+0000] {processor.py:157} INFO - Started process (PID=1025) to work on /home/airflow/.local/lib/python3.8/site-packages/airflow/example_dags/example_external_task_marker_dag.py
[2024-03-26T06:19:10.599+0000] {processor.py:829} INFO - Processing file /home/airflow/.local/lib/python3.8/site-packages/airflow/example_dags/example_external_task_marker_dag.py for tasks to queue
[2024-03-26T06:19:10.603+0000] {logging_mixin.py:151} INFO - [2024-03-26T06:19:10.602+0000] {dagbag.py:539} INFO - Filling up the DagBag from /home/airflow/.local/lib/python3.8/site-packages/airflow/example_dags/example_external_task_marker_dag.py
[2024-03-26T06:19:10.613+0000] {processor.py:839} INFO - DAG(s) dict_keys(['example_external_task_marker_parent', 'example_external_task_marker_child']) retrieved from /home/airflow/.local/lib/python3.8/site-packages/airflow/example_dags/example_external_task_marker_dag.py
[2024-03-26T06:19:10.653+0000] {logging_mixin.py:151} INFO - [2024-03-26T06:19:10.652+0000] {dag.py:2915} INFO - Sync 2 DAGs
[2024-03-26T06:19:10.671+0000] {logging_mixin.py:151} INFO - [2024-03-26T06:19:10.670+0000] {dag.py:3696} INFO - Setting next_dagrun for example_external_task_marker_child to None, run_after=None
[2024-03-26T06:19:10.676+0000] {logging_mixin.py:151} INFO - [2024-03-26T06:19:10.676+0000] {dag.py:3696} INFO - Setting next_dagrun for example_external_task_marker_parent to None, run_after=None
[2024-03-26T06:19:10.704+0000] {processor.py:179} INFO - Processing /home/airflow/.local/lib/python3.8/site-packages/airflow/example_dags/example_external_task_marker_dag.py took 0.112 seconds
[2024-03-26T06:19:40.995+0000] {processor.py:157} INFO - Started process (PID=1079) to work on /home/airflow/.local/lib/python3.8/site-packages/airflow/example_dags/example_external_task_marker_dag.py
[2024-03-26T06:19:40.996+0000] {processor.py:829} INFO - Processing file /home/airflow/.local/lib/python3.8/site-packages/airflow/example_dags/example_external_task_marker_dag.py for tasks to queue
[2024-03-26T06:19:41.000+0000] {logging_mixin.py:151} INFO - [2024-03-26T06:19:41.000+0000] {dagbag.py:539} INFO - Filling up the DagBag from /home/airflow/.local/lib/python3.8/site-packages/airflow/example_dags/example_external_task_marker_dag.py
[2024-03-26T06:19:41.010+0000] {processor.py:839} INFO - DAG(s) dict_keys(['example_external_task_marker_child', 'example_external_task_marker_parent']) retrieved from /home/airflow/.local/lib/python3.8/site-packages/airflow/example_dags/example_external_task_marker_dag.py
[2024-03-26T06:19:41.048+0000] {logging_mixin.py:151} INFO - [2024-03-26T06:19:41.048+0000] {dag.py:2915} INFO - Sync 2 DAGs
[2024-03-26T06:19:41.065+0000] {logging_mixin.py:151} INFO - [2024-03-26T06:19:41.065+0000] {dag.py:3696} INFO - Setting next_dagrun for example_external_task_marker_child to None, run_after=None
[2024-03-26T06:19:41.071+0000] {logging_mixin.py:151} INFO - [2024-03-26T06:19:41.071+0000] {dag.py:3696} INFO - Setting next_dagrun for example_external_task_marker_parent to None, run_after=None
[2024-03-26T06:19:41.098+0000] {processor.py:179} INFO - Processing /home/airflow/.local/lib/python3.8/site-packages/airflow/example_dags/example_external_task_marker_dag.py took 0.110 seconds
[2024-03-26T06:20:11.685+0000] {processor.py:157} INFO - Started process (PID=1133) to work on /home/airflow/.local/lib/python3.8/site-packages/airflow/example_dags/example_external_task_marker_dag.py
[2024-03-26T06:20:11.686+0000] {processor.py:829} INFO - Processing file /home/airflow/.local/lib/python3.8/site-packages/airflow/example_dags/example_external_task_marker_dag.py for tasks to queue
[2024-03-26T06:20:11.689+0000] {logging_mixin.py:151} INFO - [2024-03-26T06:20:11.689+0000] {dagbag.py:539} INFO - Filling up the DagBag from /home/airflow/.local/lib/python3.8/site-packages/airflow/example_dags/example_external_task_marker_dag.py
[2024-03-26T06:20:11.698+0000] {processor.py:839} INFO - DAG(s) dict_keys(['example_external_task_marker_parent', 'example_external_task_marker_child']) retrieved from /home/airflow/.local/lib/python3.8/site-packages/airflow/example_dags/example_external_task_marker_dag.py
[2024-03-26T06:20:11.727+0000] {logging_mixin.py:151} INFO - [2024-03-26T06:20:11.727+0000] {dag.py:2915} INFO - Sync 2 DAGs
[2024-03-26T06:20:11.745+0000] {logging_mixin.py:151} INFO - [2024-03-26T06:20:11.744+0000] {dag.py:3696} INFO - Setting next_dagrun for example_external_task_marker_child to None, run_after=None
[2024-03-26T06:20:11.750+0000] {logging_mixin.py:151} INFO - [2024-03-26T06:20:11.749+0000] {dag.py:3696} INFO - Setting next_dagrun for example_external_task_marker_parent to None, run_after=None
[2024-03-26T06:20:11.772+0000] {processor.py:179} INFO - Processing /home/airflow/.local/lib/python3.8/site-packages/airflow/example_dags/example_external_task_marker_dag.py took 0.092 seconds
[2024-03-26T06:20:42.386+0000] {processor.py:157} INFO - Started process (PID=1187) to work on /home/airflow/.local/lib/python3.8/site-packages/airflow/example_dags/example_external_task_marker_dag.py
[2024-03-26T06:20:42.388+0000] {processor.py:829} INFO - Processing file /home/airflow/.local/lib/python3.8/site-packages/airflow/example_dags/example_external_task_marker_dag.py for tasks to queue
[2024-03-26T06:20:42.391+0000] {logging_mixin.py:151} INFO - [2024-03-26T06:20:42.390+0000] {dagbag.py:539} INFO - Filling up the DagBag from /home/airflow/.local/lib/python3.8/site-packages/airflow/example_dags/example_external_task_marker_dag.py
[2024-03-26T06:20:42.397+0000] {processor.py:839} INFO - DAG(s) dict_keys(['example_external_task_marker_child', 'example_external_task_marker_parent']) retrieved from /home/airflow/.local/lib/python3.8/site-packages/airflow/example_dags/example_external_task_marker_dag.py
[2024-03-26T06:20:42.425+0000] {logging_mixin.py:151} INFO - [2024-03-26T06:20:42.425+0000] {dag.py:2915} INFO - Sync 2 DAGs
[2024-03-26T06:20:42.443+0000] {logging_mixin.py:151} INFO - [2024-03-26T06:20:42.442+0000] {dag.py:3696} INFO - Setting next_dagrun for example_external_task_marker_child to None, run_after=None
[2024-03-26T06:20:42.448+0000] {logging_mixin.py:151} INFO - [2024-03-26T06:20:42.448+0000] {dag.py:3696} INFO - Setting next_dagrun for example_external_task_marker_parent to None, run_after=None
[2024-03-26T06:20:42.471+0000] {processor.py:179} INFO - Processing /home/airflow/.local/lib/python3.8/site-packages/airflow/example_dags/example_external_task_marker_dag.py took 0.088 seconds
[2024-03-26T06:21:12.710+0000] {processor.py:157} INFO - Started process (PID=1241) to work on /home/airflow/.local/lib/python3.8/site-packages/airflow/example_dags/example_external_task_marker_dag.py
[2024-03-26T06:21:12.711+0000] {processor.py:829} INFO - Processing file /home/airflow/.local/lib/python3.8/site-packages/airflow/example_dags/example_external_task_marker_dag.py for tasks to queue
[2024-03-26T06:21:12.714+0000] {logging_mixin.py:151} INFO - [2024-03-26T06:21:12.714+0000] {dagbag.py:539} INFO - Filling up the DagBag from /home/airflow/.local/lib/python3.8/site-packages/airflow/example_dags/example_external_task_marker_dag.py
[2024-03-26T06:21:12.721+0000] {processor.py:839} INFO - DAG(s) dict_keys(['example_external_task_marker_parent', 'example_external_task_marker_child']) retrieved from /home/airflow/.local/lib/python3.8/site-packages/airflow/example_dags/example_external_task_marker_dag.py
[2024-03-26T06:21:12.750+0000] {logging_mixin.py:151} INFO - [2024-03-26T06:21:12.750+0000] {dag.py:2915} INFO - Sync 2 DAGs
[2024-03-26T06:21:12.764+0000] {logging_mixin.py:151} INFO - [2024-03-26T06:21:12.764+0000] {dag.py:3696} INFO - Setting next_dagrun for example_external_task_marker_child to None, run_after=None
[2024-03-26T06:21:12.769+0000] {logging_mixin.py:151} INFO - [2024-03-26T06:21:12.769+0000] {dag.py:3696} INFO - Setting next_dagrun for example_external_task_marker_parent to None, run_after=None
[2024-03-26T06:21:12.792+0000] {processor.py:179} INFO - Processing /home/airflow/.local/lib/python3.8/site-packages/airflow/example_dags/example_external_task_marker_dag.py took 0.087 seconds
[2024-03-26T06:21:43.617+0000] {processor.py:157} INFO - Started process (PID=1295) to work on /home/airflow/.local/lib/python3.8/site-packages/airflow/example_dags/example_external_task_marker_dag.py
[2024-03-26T06:21:43.620+0000] {processor.py:829} INFO - Processing file /home/airflow/.local/lib/python3.8/site-packages/airflow/example_dags/example_external_task_marker_dag.py for tasks to queue
[2024-03-26T06:21:43.623+0000] {logging_mixin.py:151} INFO - [2024-03-26T06:21:43.623+0000] {dagbag.py:539} INFO - Filling up the DagBag from /home/airflow/.local/lib/python3.8/site-packages/airflow/example_dags/example_external_task_marker_dag.py
[2024-03-26T06:21:43.632+0000] {processor.py:839} INFO - DAG(s) dict_keys(['example_external_task_marker_parent', 'example_external_task_marker_child']) retrieved from /home/airflow/.local/lib/python3.8/site-packages/airflow/example_dags/example_external_task_marker_dag.py
[2024-03-26T06:21:43.667+0000] {logging_mixin.py:151} INFO - [2024-03-26T06:21:43.667+0000] {dag.py:2915} INFO - Sync 2 DAGs
[2024-03-26T06:21:43.689+0000] {logging_mixin.py:151} INFO - [2024-03-26T06:21:43.689+0000] {dag.py:3696} INFO - Setting next_dagrun for example_external_task_marker_child to None, run_after=None
[2024-03-26T06:21:43.696+0000] {logging_mixin.py:151} INFO - [2024-03-26T06:21:43.695+0000] {dag.py:3696} INFO - Setting next_dagrun for example_external_task_marker_parent to None, run_after=None
[2024-03-26T06:21:43.723+0000] {processor.py:179} INFO - Processing /home/airflow/.local/lib/python3.8/site-packages/airflow/example_dags/example_external_task_marker_dag.py took 0.110 seconds
[2024-03-26T06:22:14.163+0000] {processor.py:157} INFO - Started process (PID=1349) to work on /home/airflow/.local/lib/python3.8/site-packages/airflow/example_dags/example_external_task_marker_dag.py
[2024-03-26T06:22:14.164+0000] {processor.py:829} INFO - Processing file /home/airflow/.local/lib/python3.8/site-packages/airflow/example_dags/example_external_task_marker_dag.py for tasks to queue
[2024-03-26T06:22:14.167+0000] {logging_mixin.py:151} INFO - [2024-03-26T06:22:14.166+0000] {dagbag.py:539} INFO - Filling up the DagBag from /home/airflow/.local/lib/python3.8/site-packages/airflow/example_dags/example_external_task_marker_dag.py
[2024-03-26T06:22:14.175+0000] {processor.py:839} INFO - DAG(s) dict_keys(['example_external_task_marker_parent', 'example_external_task_marker_child']) retrieved from /home/airflow/.local/lib/python3.8/site-packages/airflow/example_dags/example_external_task_marker_dag.py
[2024-03-26T06:22:14.210+0000] {logging_mixin.py:151} INFO - [2024-03-26T06:22:14.209+0000] {dag.py:2915} INFO - Sync 2 DAGs
[2024-03-26T06:22:14.230+0000] {logging_mixin.py:151} INFO - [2024-03-26T06:22:14.230+0000] {dag.py:3696} INFO - Setting next_dagrun for example_external_task_marker_child to None, run_after=None
[2024-03-26T06:22:14.236+0000] {logging_mixin.py:151} INFO - [2024-03-26T06:22:14.235+0000] {dag.py:3696} INFO - Setting next_dagrun for example_external_task_marker_parent to None, run_after=None
[2024-03-26T06:22:14.258+0000] {processor.py:179} INFO - Processing /home/airflow/.local/lib/python3.8/site-packages/airflow/example_dags/example_external_task_marker_dag.py took 0.100 seconds
[2024-03-26T06:22:44.888+0000] {processor.py:157} INFO - Started process (PID=1403) to work on /home/airflow/.local/lib/python3.8/site-packages/airflow/example_dags/example_external_task_marker_dag.py
[2024-03-26T06:22:44.890+0000] {processor.py:829} INFO - Processing file /home/airflow/.local/lib/python3.8/site-packages/airflow/example_dags/example_external_task_marker_dag.py for tasks to queue
[2024-03-26T06:22:44.893+0000] {logging_mixin.py:151} INFO - [2024-03-26T06:22:44.893+0000] {dagbag.py:539} INFO - Filling up the DagBag from /home/airflow/.local/lib/python3.8/site-packages/airflow/example_dags/example_external_task_marker_dag.py
[2024-03-26T06:22:44.901+0000] {processor.py:839} INFO - DAG(s) dict_keys(['example_external_task_marker_child', 'example_external_task_marker_parent']) retrieved from /home/airflow/.local/lib/python3.8/site-packages/airflow/example_dags/example_external_task_marker_dag.py
[2024-03-26T06:22:44.932+0000] {logging_mixin.py:151} INFO - [2024-03-26T06:22:44.932+0000] {dag.py:2915} INFO - Sync 2 DAGs
[2024-03-26T06:22:44.949+0000] {logging_mixin.py:151} INFO - [2024-03-26T06:22:44.949+0000] {dag.py:3696} INFO - Setting next_dagrun for example_external_task_marker_child to None, run_after=None
[2024-03-26T06:22:44.954+0000] {logging_mixin.py:151} INFO - [2024-03-26T06:22:44.954+0000] {dag.py:3696} INFO - Setting next_dagrun for example_external_task_marker_parent to None, run_after=None
[2024-03-26T06:22:44.976+0000] {processor.py:179} INFO - Processing /home/airflow/.local/lib/python3.8/site-packages/airflow/example_dags/example_external_task_marker_dag.py took 0.092 seconds
[2024-03-26T06:23:15.417+0000] {processor.py:157} INFO - Started process (PID=1457) to work on /home/airflow/.local/lib/python3.8/site-packages/airflow/example_dags/example_external_task_marker_dag.py
[2024-03-26T06:23:15.419+0000] {processor.py:829} INFO - Processing file /home/airflow/.local/lib/python3.8/site-packages/airflow/example_dags/example_external_task_marker_dag.py for tasks to queue
[2024-03-26T06:23:15.423+0000] {logging_mixin.py:151} INFO - [2024-03-26T06:23:15.422+0000] {dagbag.py:539} INFO - Filling up the DagBag from /home/airflow/.local/lib/python3.8/site-packages/airflow/example_dags/example_external_task_marker_dag.py
[2024-03-26T06:23:15.432+0000] {processor.py:839} INFO - DAG(s) dict_keys(['example_external_task_marker_parent', 'example_external_task_marker_child']) retrieved from /home/airflow/.local/lib/python3.8/site-packages/airflow/example_dags/example_external_task_marker_dag.py
[2024-03-26T06:23:15.470+0000] {logging_mixin.py:151} INFO - [2024-03-26T06:23:15.470+0000] {dag.py:2915} INFO - Sync 2 DAGs
[2024-03-26T06:23:15.489+0000] {logging_mixin.py:151} INFO - [2024-03-26T06:23:15.489+0000] {dag.py:3696} INFO - Setting next_dagrun for example_external_task_marker_child to None, run_after=None
[2024-03-26T06:23:15.495+0000] {logging_mixin.py:151} INFO - [2024-03-26T06:23:15.494+0000] {dag.py:3696} INFO - Setting next_dagrun for example_external_task_marker_parent to None, run_after=None
[2024-03-26T06:23:15.521+0000] {processor.py:179} INFO - Processing /home/airflow/.local/lib/python3.8/site-packages/airflow/example_dags/example_external_task_marker_dag.py took 0.108 seconds
[2024-03-26T06:23:46.151+0000] {processor.py:157} INFO - Started process (PID=1511) to work on /home/airflow/.local/lib/python3.8/site-packages/airflow/example_dags/example_external_task_marker_dag.py
[2024-03-26T06:23:46.153+0000] {processor.py:829} INFO - Processing file /home/airflow/.local/lib/python3.8/site-packages/airflow/example_dags/example_external_task_marker_dag.py for tasks to queue
[2024-03-26T06:23:46.156+0000] {logging_mixin.py:151} INFO - [2024-03-26T06:23:46.156+0000] {dagbag.py:539} INFO - Filling up the DagBag from /home/airflow/.local/lib/python3.8/site-packages/airflow/example_dags/example_external_task_marker_dag.py
[2024-03-26T06:23:46.167+0000] {processor.py:839} INFO - DAG(s) dict_keys(['example_external_task_marker_parent', 'example_external_task_marker_child']) retrieved from /home/airflow/.local/lib/python3.8/site-packages/airflow/example_dags/example_external_task_marker_dag.py
[2024-03-26T06:23:46.204+0000] {logging_mixin.py:151} INFO - [2024-03-26T06:23:46.204+0000] {dag.py:2915} INFO - Sync 2 DAGs
[2024-03-26T06:23:46.221+0000] {logging_mixin.py:151} INFO - [2024-03-26T06:23:46.221+0000] {dag.py:3696} INFO - Setting next_dagrun for example_external_task_marker_child to None, run_after=None
[2024-03-26T06:23:46.227+0000] {logging_mixin.py:151} INFO - [2024-03-26T06:23:46.227+0000] {dag.py:3696} INFO - Setting next_dagrun for example_external_task_marker_parent to None, run_after=None
[2024-03-26T06:23:46.250+0000] {processor.py:179} INFO - Processing /home/airflow/.local/lib/python3.8/site-packages/airflow/example_dags/example_external_task_marker_dag.py took 0.104 seconds
[2024-03-26T06:24:16.785+0000] {processor.py:157} INFO - Started process (PID=1565) to work on /home/airflow/.local/lib/python3.8/site-packages/airflow/example_dags/example_external_task_marker_dag.py
[2024-03-26T06:24:16.787+0000] {processor.py:829} INFO - Processing file /home/airflow/.local/lib/python3.8/site-packages/airflow/example_dags/example_external_task_marker_dag.py for tasks to queue
[2024-03-26T06:24:16.792+0000] {logging_mixin.py:151} INFO - [2024-03-26T06:24:16.792+0000] {dagbag.py:539} INFO - Filling up the DagBag from /home/airflow/.local/lib/python3.8/site-packages/airflow/example_dags/example_external_task_marker_dag.py
[2024-03-26T06:24:16.800+0000] {processor.py:839} INFO - DAG(s) dict_keys(['example_external_task_marker_parent', 'example_external_task_marker_child']) retrieved from /home/airflow/.local/lib/python3.8/site-packages/airflow/example_dags/example_external_task_marker_dag.py
[2024-03-26T06:24:16.831+0000] {logging_mixin.py:151} INFO - [2024-03-26T06:24:16.831+0000] {dag.py:2915} INFO - Sync 2 DAGs
[2024-03-26T06:24:16.849+0000] {logging_mixin.py:151} INFO - [2024-03-26T06:24:16.848+0000] {dag.py:3696} INFO - Setting next_dagrun for example_external_task_marker_child to None, run_after=None
[2024-03-26T06:24:16.854+0000] {logging_mixin.py:151} INFO - [2024-03-26T06:24:16.854+0000] {dag.py:3696} INFO - Setting next_dagrun for example_external_task_marker_parent to None, run_after=None
[2024-03-26T06:24:16.882+0000] {processor.py:179} INFO - Processing /home/airflow/.local/lib/python3.8/site-packages/airflow/example_dags/example_external_task_marker_dag.py took 0.101 seconds
[2024-03-26T06:24:47.296+0000] {processor.py:157} INFO - Started process (PID=1619) to work on /home/airflow/.local/lib/python3.8/site-packages/airflow/example_dags/example_external_task_marker_dag.py
[2024-03-26T06:24:47.297+0000] {processor.py:829} INFO - Processing file /home/airflow/.local/lib/python3.8/site-packages/airflow/example_dags/example_external_task_marker_dag.py for tasks to queue
[2024-03-26T06:24:47.300+0000] {logging_mixin.py:151} INFO - [2024-03-26T06:24:47.300+0000] {dagbag.py:539} INFO - Filling up the DagBag from /home/airflow/.local/lib/python3.8/site-packages/airflow/example_dags/example_external_task_marker_dag.py
[2024-03-26T06:24:47.308+0000] {processor.py:839} INFO - DAG(s) dict_keys(['example_external_task_marker_parent', 'example_external_task_marker_child']) retrieved from /home/airflow/.local/lib/python3.8/site-packages/airflow/example_dags/example_external_task_marker_dag.py
[2024-03-26T06:24:47.336+0000] {logging_mixin.py:151} INFO - [2024-03-26T06:24:47.336+0000] {dag.py:2915} INFO - Sync 2 DAGs
[2024-03-26T06:24:47.350+0000] {logging_mixin.py:151} INFO - [2024-03-26T06:24:47.350+0000] {dag.py:3696} INFO - Setting next_dagrun for example_external_task_marker_child to None, run_after=None
[2024-03-26T06:24:47.357+0000] {logging_mixin.py:151} INFO - [2024-03-26T06:24:47.356+0000] {dag.py:3696} INFO - Setting next_dagrun for example_external_task_marker_parent to None, run_after=None
[2024-03-26T06:24:47.389+0000] {processor.py:179} INFO - Processing /home/airflow/.local/lib/python3.8/site-packages/airflow/example_dags/example_external_task_marker_dag.py took 0.097 seconds
[2024-03-26T06:25:17.925+0000] {processor.py:157} INFO - Started process (PID=1673) to work on /home/airflow/.local/lib/python3.8/site-packages/airflow/example_dags/example_external_task_marker_dag.py
[2024-03-26T06:25:17.927+0000] {processor.py:829} INFO - Processing file /home/airflow/.local/lib/python3.8/site-packages/airflow/example_dags/example_external_task_marker_dag.py for tasks to queue
[2024-03-26T06:25:17.930+0000] {logging_mixin.py:151} INFO - [2024-03-26T06:25:17.930+0000] {dagbag.py:539} INFO - Filling up the DagBag from /home/airflow/.local/lib/python3.8/site-packages/airflow/example_dags/example_external_task_marker_dag.py
[2024-03-26T06:25:17.938+0000] {processor.py:839} INFO - DAG(s) dict_keys(['example_external_task_marker_parent', 'example_external_task_marker_child']) retrieved from /home/airflow/.local/lib/python3.8/site-packages/airflow/example_dags/example_external_task_marker_dag.py
[2024-03-26T06:25:17.969+0000] {logging_mixin.py:151} INFO - [2024-03-26T06:25:17.969+0000] {dag.py:2915} INFO - Sync 2 DAGs
[2024-03-26T06:25:17.985+0000] {logging_mixin.py:151} INFO - [2024-03-26T06:25:17.985+0000] {dag.py:3696} INFO - Setting next_dagrun for example_external_task_marker_child to None, run_after=None
[2024-03-26T06:25:17.990+0000] {logging_mixin.py:151} INFO - [2024-03-26T06:25:17.990+0000] {dag.py:3696} INFO - Setting next_dagrun for example_external_task_marker_parent to None, run_after=None
[2024-03-26T06:25:18.013+0000] {processor.py:179} INFO - Processing /home/airflow/.local/lib/python3.8/site-packages/airflow/example_dags/example_external_task_marker_dag.py took 0.092 seconds
[2024-03-26T06:25:48.336+0000] {processor.py:157} INFO - Started process (PID=1727) to work on /home/airflow/.local/lib/python3.8/site-packages/airflow/example_dags/example_external_task_marker_dag.py
[2024-03-26T06:25:48.337+0000] {processor.py:829} INFO - Processing file /home/airflow/.local/lib/python3.8/site-packages/airflow/example_dags/example_external_task_marker_dag.py for tasks to queue
[2024-03-26T06:25:48.341+0000] {logging_mixin.py:151} INFO - [2024-03-26T06:25:48.340+0000] {dagbag.py:539} INFO - Filling up the DagBag from /home/airflow/.local/lib/python3.8/site-packages/airflow/example_dags/example_external_task_marker_dag.py
[2024-03-26T06:25:48.347+0000] {processor.py:839} INFO - DAG(s) dict_keys(['example_external_task_marker_child', 'example_external_task_marker_parent']) retrieved from /home/airflow/.local/lib/python3.8/site-packages/airflow/example_dags/example_external_task_marker_dag.py
[2024-03-26T06:25:48.380+0000] {logging_mixin.py:151} INFO - [2024-03-26T06:25:48.380+0000] {dag.py:2915} INFO - Sync 2 DAGs
[2024-03-26T06:25:48.397+0000] {logging_mixin.py:151} INFO - [2024-03-26T06:25:48.397+0000] {dag.py:3696} INFO - Setting next_dagrun for example_external_task_marker_child to None, run_after=None
[2024-03-26T06:25:48.402+0000] {logging_mixin.py:151} INFO - [2024-03-26T06:25:48.402+0000] {dag.py:3696} INFO - Setting next_dagrun for example_external_task_marker_parent to None, run_after=None
[2024-03-26T06:25:48.425+0000] {processor.py:179} INFO - Processing /home/airflow/.local/lib/python3.8/site-packages/airflow/example_dags/example_external_task_marker_dag.py took 0.094 seconds
[2024-03-26T06:26:19.042+0000] {processor.py:157} INFO - Started process (PID=1781) to work on /home/airflow/.local/lib/python3.8/site-packages/airflow/example_dags/example_external_task_marker_dag.py
[2024-03-26T06:26:19.044+0000] {processor.py:829} INFO - Processing file /home/airflow/.local/lib/python3.8/site-packages/airflow/example_dags/example_external_task_marker_dag.py for tasks to queue
[2024-03-26T06:26:19.047+0000] {logging_mixin.py:151} INFO - [2024-03-26T06:26:19.046+0000] {dagbag.py:539} INFO - Filling up the DagBag from /home/airflow/.local/lib/python3.8/site-packages/airflow/example_dags/example_external_task_marker_dag.py
[2024-03-26T06:26:19.054+0000] {processor.py:839} INFO - DAG(s) dict_keys(['example_external_task_marker_child', 'example_external_task_marker_parent']) retrieved from /home/airflow/.local/lib/python3.8/site-packages/airflow/example_dags/example_external_task_marker_dag.py
[2024-03-26T06:26:19.083+0000] {logging_mixin.py:151} INFO - [2024-03-26T06:26:19.082+0000] {dag.py:2915} INFO - Sync 2 DAGs
[2024-03-26T06:26:19.098+0000] {logging_mixin.py:151} INFO - [2024-03-26T06:26:19.097+0000] {dag.py:3696} INFO - Setting next_dagrun for example_external_task_marker_child to None, run_after=None
[2024-03-26T06:26:19.103+0000] {logging_mixin.py:151} INFO - [2024-03-26T06:26:19.102+0000] {dag.py:3696} INFO - Setting next_dagrun for example_external_task_marker_parent to None, run_after=None
[2024-03-26T06:26:19.122+0000] {processor.py:179} INFO - Processing /home/airflow/.local/lib/python3.8/site-packages/airflow/example_dags/example_external_task_marker_dag.py took 0.084 seconds
[2024-03-26T06:26:49.433+0000] {processor.py:157} INFO - Started process (PID=1835) to work on /home/airflow/.local/lib/python3.8/site-packages/airflow/example_dags/example_external_task_marker_dag.py
[2024-03-26T06:26:49.435+0000] {processor.py:829} INFO - Processing file /home/airflow/.local/lib/python3.8/site-packages/airflow/example_dags/example_external_task_marker_dag.py for tasks to queue
[2024-03-26T06:26:49.438+0000] {logging_mixin.py:151} INFO - [2024-03-26T06:26:49.438+0000] {dagbag.py:539} INFO - Filling up the DagBag from /home/airflow/.local/lib/python3.8/site-packages/airflow/example_dags/example_external_task_marker_dag.py
[2024-03-26T06:26:49.445+0000] {processor.py:839} INFO - DAG(s) dict_keys(['example_external_task_marker_child', 'example_external_task_marker_parent']) retrieved from /home/airflow/.local/lib/python3.8/site-packages/airflow/example_dags/example_external_task_marker_dag.py
[2024-03-26T06:26:49.476+0000] {logging_mixin.py:151} INFO - [2024-03-26T06:26:49.476+0000] {dag.py:2915} INFO - Sync 2 DAGs
[2024-03-26T06:26:49.498+0000] {logging_mixin.py:151} INFO - [2024-03-26T06:26:49.497+0000] {dag.py:3696} INFO - Setting next_dagrun for example_external_task_marker_child to None, run_after=None
[2024-03-26T06:26:49.502+0000] {logging_mixin.py:151} INFO - [2024-03-26T06:26:49.502+0000] {dag.py:3696} INFO - Setting next_dagrun for example_external_task_marker_parent to None, run_after=None
[2024-03-26T06:26:49.522+0000] {processor.py:179} INFO - Processing /home/airflow/.local/lib/python3.8/site-packages/airflow/example_dags/example_external_task_marker_dag.py took 0.093 seconds
[2024-03-26T06:27:19.922+0000] {processor.py:157} INFO - Started process (PID=1889) to work on /home/airflow/.local/lib/python3.8/site-packages/airflow/example_dags/example_external_task_marker_dag.py
[2024-03-26T06:27:19.923+0000] {processor.py:829} INFO - Processing file /home/airflow/.local/lib/python3.8/site-packages/airflow/example_dags/example_external_task_marker_dag.py for tasks to queue
[2024-03-26T06:27:19.926+0000] {logging_mixin.py:151} INFO - [2024-03-26T06:27:19.925+0000] {dagbag.py:539} INFO - Filling up the DagBag from /home/airflow/.local/lib/python3.8/site-packages/airflow/example_dags/example_external_task_marker_dag.py
[2024-03-26T06:27:19.932+0000] {processor.py:839} INFO - DAG(s) dict_keys(['example_external_task_marker_child', 'example_external_task_marker_parent']) retrieved from /home/airflow/.local/lib/python3.8/site-packages/airflow/example_dags/example_external_task_marker_dag.py
[2024-03-26T06:27:19.962+0000] {logging_mixin.py:151} INFO - [2024-03-26T06:27:19.962+0000] {dag.py:2915} INFO - Sync 2 DAGs
[2024-03-26T06:27:19.977+0000] {logging_mixin.py:151} INFO - [2024-03-26T06:27:19.977+0000] {dag.py:3696} INFO - Setting next_dagrun for example_external_task_marker_child to None, run_after=None
[2024-03-26T06:27:19.982+0000] {logging_mixin.py:151} INFO - [2024-03-26T06:27:19.982+0000] {dag.py:3696} INFO - Setting next_dagrun for example_external_task_marker_parent to None, run_after=None
[2024-03-26T06:27:20.004+0000] {processor.py:179} INFO - Processing /home/airflow/.local/lib/python3.8/site-packages/airflow/example_dags/example_external_task_marker_dag.py took 0.086 seconds
[2024-03-26T06:27:51.235+0000] {processor.py:157} INFO - Started process (PID=1943) to work on /home/airflow/.local/lib/python3.8/site-packages/airflow/example_dags/example_external_task_marker_dag.py
[2024-03-26T06:27:51.237+0000] {processor.py:829} INFO - Processing file /home/airflow/.local/lib/python3.8/site-packages/airflow/example_dags/example_external_task_marker_dag.py for tasks to queue
[2024-03-26T06:27:51.240+0000] {logging_mixin.py:151} INFO - [2024-03-26T06:27:51.240+0000] {dagbag.py:539} INFO - Filling up the DagBag from /home/airflow/.local/lib/python3.8/site-packages/airflow/example_dags/example_external_task_marker_dag.py
[2024-03-26T06:27:51.251+0000] {processor.py:839} INFO - DAG(s) dict_keys(['example_external_task_marker_parent', 'example_external_task_marker_child']) retrieved from /home/airflow/.local/lib/python3.8/site-packages/airflow/example_dags/example_external_task_marker_dag.py
[2024-03-26T06:27:51.298+0000] {logging_mixin.py:151} INFO - [2024-03-26T06:27:51.298+0000] {dag.py:2915} INFO - Sync 2 DAGs
[2024-03-26T06:27:51.316+0000] {logging_mixin.py:151} INFO - [2024-03-26T06:27:51.315+0000] {dag.py:3696} INFO - Setting next_dagrun for example_external_task_marker_child to None, run_after=None
[2024-03-26T06:27:51.323+0000] {logging_mixin.py:151} INFO - [2024-03-26T06:27:51.323+0000] {dag.py:3696} INFO - Setting next_dagrun for example_external_task_marker_parent to None, run_after=None
[2024-03-26T06:27:51.357+0000] {processor.py:179} INFO - Processing /home/airflow/.local/lib/python3.8/site-packages/airflow/example_dags/example_external_task_marker_dag.py took 0.126 seconds
[2024-03-26T06:28:21.600+0000] {processor.py:157} INFO - Started process (PID=1997) to work on /home/airflow/.local/lib/python3.8/site-packages/airflow/example_dags/example_external_task_marker_dag.py
[2024-03-26T06:28:21.602+0000] {processor.py:829} INFO - Processing file /home/airflow/.local/lib/python3.8/site-packages/airflow/example_dags/example_external_task_marker_dag.py for tasks to queue
[2024-03-26T06:28:21.605+0000] {logging_mixin.py:151} INFO - [2024-03-26T06:28:21.604+0000] {dagbag.py:539} INFO - Filling up the DagBag from /home/airflow/.local/lib/python3.8/site-packages/airflow/example_dags/example_external_task_marker_dag.py
[2024-03-26T06:28:21.612+0000] {processor.py:839} INFO - DAG(s) dict_keys(['example_external_task_marker_child', 'example_external_task_marker_parent']) retrieved from /home/airflow/.local/lib/python3.8/site-packages/airflow/example_dags/example_external_task_marker_dag.py
[2024-03-26T06:28:21.643+0000] {logging_mixin.py:151} INFO - [2024-03-26T06:28:21.643+0000] {dag.py:2915} INFO - Sync 2 DAGs
[2024-03-26T06:28:21.659+0000] {logging_mixin.py:151} INFO - [2024-03-26T06:28:21.659+0000] {dag.py:3696} INFO - Setting next_dagrun for example_external_task_marker_child to None, run_after=None
[2024-03-26T06:28:21.666+0000] {logging_mixin.py:151} INFO - [2024-03-26T06:28:21.666+0000] {dag.py:3696} INFO - Setting next_dagrun for example_external_task_marker_parent to None, run_after=None
[2024-03-26T06:28:21.709+0000] {processor.py:179} INFO - Processing /home/airflow/.local/lib/python3.8/site-packages/airflow/example_dags/example_external_task_marker_dag.py took 0.113 seconds
[2024-03-26T06:28:51.981+0000] {processor.py:157} INFO - Started process (PID=2051) to work on /home/airflow/.local/lib/python3.8/site-packages/airflow/example_dags/example_external_task_marker_dag.py
[2024-03-26T06:28:51.982+0000] {processor.py:829} INFO - Processing file /home/airflow/.local/lib/python3.8/site-packages/airflow/example_dags/example_external_task_marker_dag.py for tasks to queue
[2024-03-26T06:28:51.985+0000] {logging_mixin.py:151} INFO - [2024-03-26T06:28:51.984+0000] {dagbag.py:539} INFO - Filling up the DagBag from /home/airflow/.local/lib/python3.8/site-packages/airflow/example_dags/example_external_task_marker_dag.py
[2024-03-26T06:28:51.994+0000] {processor.py:839} INFO - DAG(s) dict_keys(['example_external_task_marker_parent', 'example_external_task_marker_child']) retrieved from /home/airflow/.local/lib/python3.8/site-packages/airflow/example_dags/example_external_task_marker_dag.py
[2024-03-26T06:28:52.025+0000] {logging_mixin.py:151} INFO - [2024-03-26T06:28:52.025+0000] {dag.py:2915} INFO - Sync 2 DAGs
[2024-03-26T06:28:52.040+0000] {logging_mixin.py:151} INFO - [2024-03-26T06:28:52.040+0000] {dag.py:3696} INFO - Setting next_dagrun for example_external_task_marker_child to None, run_after=None
[2024-03-26T06:28:52.045+0000] {logging_mixin.py:151} INFO - [2024-03-26T06:28:52.044+0000] {dag.py:3696} INFO - Setting next_dagrun for example_external_task_marker_parent to None, run_after=None
[2024-03-26T06:28:52.064+0000] {processor.py:179} INFO - Processing /home/airflow/.local/lib/python3.8/site-packages/airflow/example_dags/example_external_task_marker_dag.py took 0.088 seconds
[2024-03-26T06:29:23.013+0000] {processor.py:157} INFO - Started process (PID=2105) to work on /home/airflow/.local/lib/python3.8/site-packages/airflow/example_dags/example_external_task_marker_dag.py
[2024-03-26T06:29:23.014+0000] {processor.py:829} INFO - Processing file /home/airflow/.local/lib/python3.8/site-packages/airflow/example_dags/example_external_task_marker_dag.py for tasks to queue
[2024-03-26T06:29:23.018+0000] {logging_mixin.py:151} INFO - [2024-03-26T06:29:23.017+0000] {dagbag.py:539} INFO - Filling up the DagBag from /home/airflow/.local/lib/python3.8/site-packages/airflow/example_dags/example_external_task_marker_dag.py
[2024-03-26T06:29:23.028+0000] {processor.py:839} INFO - DAG(s) dict_keys(['example_external_task_marker_parent', 'example_external_task_marker_child']) retrieved from /home/airflow/.local/lib/python3.8/site-packages/airflow/example_dags/example_external_task_marker_dag.py
[2024-03-26T06:29:23.065+0000] {logging_mixin.py:151} INFO - [2024-03-26T06:29:23.065+0000] {dag.py:2915} INFO - Sync 2 DAGs
[2024-03-26T06:29:23.085+0000] {logging_mixin.py:151} INFO - [2024-03-26T06:29:23.085+0000] {dag.py:3696} INFO - Setting next_dagrun for example_external_task_marker_child to None, run_after=None
[2024-03-26T06:29:23.091+0000] {logging_mixin.py:151} INFO - [2024-03-26T06:29:23.091+0000] {dag.py:3696} INFO - Setting next_dagrun for example_external_task_marker_parent to None, run_after=None
[2024-03-26T06:29:23.122+0000] {processor.py:179} INFO - Processing /home/airflow/.local/lib/python3.8/site-packages/airflow/example_dags/example_external_task_marker_dag.py took 0.113 seconds
[2024-03-26T06:29:54.111+0000] {processor.py:157} INFO - Started process (PID=2159) to work on /home/airflow/.local/lib/python3.8/site-packages/airflow/example_dags/example_external_task_marker_dag.py
[2024-03-26T06:29:54.113+0000] {processor.py:829} INFO - Processing file /home/airflow/.local/lib/python3.8/site-packages/airflow/example_dags/example_external_task_marker_dag.py for tasks to queue
[2024-03-26T06:29:54.116+0000] {logging_mixin.py:151} INFO - [2024-03-26T06:29:54.116+0000] {dagbag.py:539} INFO - Filling up the DagBag from /home/airflow/.local/lib/python3.8/site-packages/airflow/example_dags/example_external_task_marker_dag.py
[2024-03-26T06:29:54.126+0000] {processor.py:839} INFO - DAG(s) dict_keys(['example_external_task_marker_parent', 'example_external_task_marker_child']) retrieved from /home/airflow/.local/lib/python3.8/site-packages/airflow/example_dags/example_external_task_marker_dag.py
[2024-03-26T06:29:54.162+0000] {logging_mixin.py:151} INFO - [2024-03-26T06:29:54.162+0000] {dag.py:2915} INFO - Sync 2 DAGs
[2024-03-26T06:29:54.181+0000] {logging_mixin.py:151} INFO - [2024-03-26T06:29:54.181+0000] {dag.py:3696} INFO - Setting next_dagrun for example_external_task_marker_child to None, run_after=None
[2024-03-26T06:29:54.186+0000] {logging_mixin.py:151} INFO - [2024-03-26T06:29:54.186+0000] {dag.py:3696} INFO - Setting next_dagrun for example_external_task_marker_parent to None, run_after=None
[2024-03-26T06:29:54.213+0000] {processor.py:179} INFO - Processing /home/airflow/.local/lib/python3.8/site-packages/airflow/example_dags/example_external_task_marker_dag.py took 0.106 seconds
[2024-03-26T06:30:24.551+0000] {processor.py:157} INFO - Started process (PID=2213) to work on /home/airflow/.local/lib/python3.8/site-packages/airflow/example_dags/example_external_task_marker_dag.py
[2024-03-26T06:30:24.552+0000] {processor.py:829} INFO - Processing file /home/airflow/.local/lib/python3.8/site-packages/airflow/example_dags/example_external_task_marker_dag.py for tasks to queue
[2024-03-26T06:30:24.555+0000] {logging_mixin.py:151} INFO - [2024-03-26T06:30:24.554+0000] {dagbag.py:539} INFO - Filling up the DagBag from /home/airflow/.local/lib/python3.8/site-packages/airflow/example_dags/example_external_task_marker_dag.py
[2024-03-26T06:30:24.564+0000] {processor.py:839} INFO - DAG(s) dict_keys(['example_external_task_marker_child', 'example_external_task_marker_parent']) retrieved from /home/airflow/.local/lib/python3.8/site-packages/airflow/example_dags/example_external_task_marker_dag.py
[2024-03-26T06:30:24.601+0000] {logging_mixin.py:151} INFO - [2024-03-26T06:30:24.601+0000] {dag.py:2915} INFO - Sync 2 DAGs
[2024-03-26T06:30:24.622+0000] {logging_mixin.py:151} INFO - [2024-03-26T06:30:24.621+0000] {dag.py:3696} INFO - Setting next_dagrun for example_external_task_marker_child to None, run_after=None
[2024-03-26T06:30:24.629+0000] {logging_mixin.py:151} INFO - [2024-03-26T06:30:24.628+0000] {dag.py:3696} INFO - Setting next_dagrun for example_external_task_marker_parent to None, run_after=None
[2024-03-26T06:30:24.665+0000] {processor.py:179} INFO - Processing /home/airflow/.local/lib/python3.8/site-packages/airflow/example_dags/example_external_task_marker_dag.py took 0.118 seconds
[2024-03-26T06:30:54.773+0000] {processor.py:157} INFO - Started process (PID=2267) to work on /home/airflow/.local/lib/python3.8/site-packages/airflow/example_dags/example_external_task_marker_dag.py
[2024-03-26T06:30:54.775+0000] {processor.py:829} INFO - Processing file /home/airflow/.local/lib/python3.8/site-packages/airflow/example_dags/example_external_task_marker_dag.py for tasks to queue
[2024-03-26T06:30:54.778+0000] {logging_mixin.py:151} INFO - [2024-03-26T06:30:54.778+0000] {dagbag.py:539} INFO - Filling up the DagBag from /home/airflow/.local/lib/python3.8/site-packages/airflow/example_dags/example_external_task_marker_dag.py
[2024-03-26T06:30:54.784+0000] {processor.py:839} INFO - DAG(s) dict_keys(['example_external_task_marker_child', 'example_external_task_marker_parent']) retrieved from /home/airflow/.local/lib/python3.8/site-packages/airflow/example_dags/example_external_task_marker_dag.py
[2024-03-26T06:30:54.815+0000] {logging_mixin.py:151} INFO - [2024-03-26T06:30:54.814+0000] {dag.py:2915} INFO - Sync 2 DAGs
[2024-03-26T06:30:54.830+0000] {logging_mixin.py:151} INFO - [2024-03-26T06:30:54.829+0000] {dag.py:3696} INFO - Setting next_dagrun for example_external_task_marker_child to None, run_after=None
[2024-03-26T06:30:54.834+0000] {logging_mixin.py:151} INFO - [2024-03-26T06:30:54.834+0000] {dag.py:3696} INFO - Setting next_dagrun for example_external_task_marker_parent to None, run_after=None
[2024-03-26T06:30:54.863+0000] {processor.py:179} INFO - Processing /home/airflow/.local/lib/python3.8/site-packages/airflow/example_dags/example_external_task_marker_dag.py took 0.093 seconds
[2024-03-26T06:31:25.839+0000] {processor.py:157} INFO - Started process (PID=2321) to work on /home/airflow/.local/lib/python3.8/site-packages/airflow/example_dags/example_external_task_marker_dag.py
[2024-03-26T06:31:25.840+0000] {processor.py:829} INFO - Processing file /home/airflow/.local/lib/python3.8/site-packages/airflow/example_dags/example_external_task_marker_dag.py for tasks to queue
[2024-03-26T06:31:25.844+0000] {logging_mixin.py:151} INFO - [2024-03-26T06:31:25.843+0000] {dagbag.py:539} INFO - Filling up the DagBag from /home/airflow/.local/lib/python3.8/site-packages/airflow/example_dags/example_external_task_marker_dag.py
[2024-03-26T06:31:25.852+0000] {processor.py:839} INFO - DAG(s) dict_keys(['example_external_task_marker_parent', 'example_external_task_marker_child']) retrieved from /home/airflow/.local/lib/python3.8/site-packages/airflow/example_dags/example_external_task_marker_dag.py
[2024-03-26T06:31:25.886+0000] {logging_mixin.py:151} INFO - [2024-03-26T06:31:25.886+0000] {dag.py:2915} INFO - Sync 2 DAGs
[2024-03-26T06:31:25.904+0000] {logging_mixin.py:151} INFO - [2024-03-26T06:31:25.903+0000] {dag.py:3696} INFO - Setting next_dagrun for example_external_task_marker_child to None, run_after=None
[2024-03-26T06:31:25.908+0000] {logging_mixin.py:151} INFO - [2024-03-26T06:31:25.907+0000] {dag.py:3696} INFO - Setting next_dagrun for example_external_task_marker_parent to None, run_after=None
[2024-03-26T06:31:25.927+0000] {processor.py:179} INFO - Processing /home/airflow/.local/lib/python3.8/site-packages/airflow/example_dags/example_external_task_marker_dag.py took 0.092 seconds
[2024-03-26T06:31:56.638+0000] {processor.py:157} INFO - Started process (PID=2375) to work on /home/airflow/.local/lib/python3.8/site-packages/airflow/example_dags/example_external_task_marker_dag.py
[2024-03-26T06:31:56.639+0000] {processor.py:829} INFO - Processing file /home/airflow/.local/lib/python3.8/site-packages/airflow/example_dags/example_external_task_marker_dag.py for tasks to queue
[2024-03-26T06:31:56.643+0000] {logging_mixin.py:151} INFO - [2024-03-26T06:31:56.642+0000] {dagbag.py:539} INFO - Filling up the DagBag from /home/airflow/.local/lib/python3.8/site-packages/airflow/example_dags/example_external_task_marker_dag.py
[2024-03-26T06:31:56.650+0000] {processor.py:839} INFO - DAG(s) dict_keys(['example_external_task_marker_child', 'example_external_task_marker_parent']) retrieved from /home/airflow/.local/lib/python3.8/site-packages/airflow/example_dags/example_external_task_marker_dag.py
[2024-03-26T06:31:56.681+0000] {logging_mixin.py:151} INFO - [2024-03-26T06:31:56.681+0000] {dag.py:2915} INFO - Sync 2 DAGs
[2024-03-26T06:31:56.696+0000] {logging_mixin.py:151} INFO - [2024-03-26T06:31:56.695+0000] {dag.py:3696} INFO - Setting next_dagrun for example_external_task_marker_child to None, run_after=None
[2024-03-26T06:31:56.700+0000] {logging_mixin.py:151} INFO - [2024-03-26T06:31:56.700+0000] {dag.py:3696} INFO - Setting next_dagrun for example_external_task_marker_parent to None, run_after=None
[2024-03-26T06:31:56.720+0000] {processor.py:179} INFO - Processing /home/airflow/.local/lib/python3.8/site-packages/airflow/example_dags/example_external_task_marker_dag.py took 0.086 seconds
[2024-03-26T06:32:26.861+0000] {processor.py:157} INFO - Started process (PID=2428) to work on /home/airflow/.local/lib/python3.8/site-packages/airflow/example_dags/example_external_task_marker_dag.py
[2024-03-26T06:32:26.862+0000] {processor.py:829} INFO - Processing file /home/airflow/.local/lib/python3.8/site-packages/airflow/example_dags/example_external_task_marker_dag.py for tasks to queue
[2024-03-26T06:32:26.866+0000] {logging_mixin.py:151} INFO - [2024-03-26T06:32:26.865+0000] {dagbag.py:539} INFO - Filling up the DagBag from /home/airflow/.local/lib/python3.8/site-packages/airflow/example_dags/example_external_task_marker_dag.py
[2024-03-26T06:32:26.874+0000] {processor.py:839} INFO - DAG(s) dict_keys(['example_external_task_marker_parent', 'example_external_task_marker_child']) retrieved from /home/airflow/.local/lib/python3.8/site-packages/airflow/example_dags/example_external_task_marker_dag.py
[2024-03-26T06:32:26.909+0000] {logging_mixin.py:151} INFO - [2024-03-26T06:32:26.908+0000] {dag.py:2915} INFO - Sync 2 DAGs
[2024-03-26T06:32:26.926+0000] {logging_mixin.py:151} INFO - [2024-03-26T06:32:26.926+0000] {dag.py:3696} INFO - Setting next_dagrun for example_external_task_marker_child to None, run_after=None
[2024-03-26T06:32:26.932+0000] {logging_mixin.py:151} INFO - [2024-03-26T06:32:26.931+0000] {dag.py:3696} INFO - Setting next_dagrun for example_external_task_marker_parent to None, run_after=None
[2024-03-26T06:32:26.959+0000] {processor.py:179} INFO - Processing /home/airflow/.local/lib/python3.8/site-packages/airflow/example_dags/example_external_task_marker_dag.py took 0.103 seconds
[2024-03-26T06:32:57.239+0000] {processor.py:157} INFO - Started process (PID=2482) to work on /home/airflow/.local/lib/python3.8/site-packages/airflow/example_dags/example_external_task_marker_dag.py
[2024-03-26T06:32:57.241+0000] {processor.py:829} INFO - Processing file /home/airflow/.local/lib/python3.8/site-packages/airflow/example_dags/example_external_task_marker_dag.py for tasks to queue
[2024-03-26T06:32:57.245+0000] {logging_mixin.py:151} INFO - [2024-03-26T06:32:57.245+0000] {dagbag.py:539} INFO - Filling up the DagBag from /home/airflow/.local/lib/python3.8/site-packages/airflow/example_dags/example_external_task_marker_dag.py
[2024-03-26T06:32:57.253+0000] {processor.py:839} INFO - DAG(s) dict_keys(['example_external_task_marker_parent', 'example_external_task_marker_child']) retrieved from /home/airflow/.local/lib/python3.8/site-packages/airflow/example_dags/example_external_task_marker_dag.py
[2024-03-26T06:32:57.286+0000] {logging_mixin.py:151} INFO - [2024-03-26T06:32:57.286+0000] {dag.py:2915} INFO - Sync 2 DAGs
[2024-03-26T06:32:57.302+0000] {logging_mixin.py:151} INFO - [2024-03-26T06:32:57.301+0000] {dag.py:3696} INFO - Setting next_dagrun for example_external_task_marker_child to None, run_after=None
[2024-03-26T06:32:57.306+0000] {logging_mixin.py:151} INFO - [2024-03-26T06:32:57.306+0000] {dag.py:3696} INFO - Setting next_dagrun for example_external_task_marker_parent to None, run_after=None
[2024-03-26T06:32:57.331+0000] {processor.py:179} INFO - Processing /home/airflow/.local/lib/python3.8/site-packages/airflow/example_dags/example_external_task_marker_dag.py took 0.095 seconds
[2024-03-26T06:33:27.820+0000] {processor.py:157} INFO - Started process (PID=2536) to work on /home/airflow/.local/lib/python3.8/site-packages/airflow/example_dags/example_external_task_marker_dag.py
[2024-03-26T06:33:27.822+0000] {processor.py:829} INFO - Processing file /home/airflow/.local/lib/python3.8/site-packages/airflow/example_dags/example_external_task_marker_dag.py for tasks to queue
[2024-03-26T06:33:27.826+0000] {logging_mixin.py:151} INFO - [2024-03-26T06:33:27.825+0000] {dagbag.py:539} INFO - Filling up the DagBag from /home/airflow/.local/lib/python3.8/site-packages/airflow/example_dags/example_external_task_marker_dag.py
[2024-03-26T06:33:27.835+0000] {processor.py:839} INFO - DAG(s) dict_keys(['example_external_task_marker_parent', 'example_external_task_marker_child']) retrieved from /home/airflow/.local/lib/python3.8/site-packages/airflow/example_dags/example_external_task_marker_dag.py
[2024-03-26T06:33:27.869+0000] {logging_mixin.py:151} INFO - [2024-03-26T06:33:27.869+0000] {dag.py:2915} INFO - Sync 2 DAGs
[2024-03-26T06:33:27.887+0000] {logging_mixin.py:151} INFO - [2024-03-26T06:33:27.887+0000] {dag.py:3696} INFO - Setting next_dagrun for example_external_task_marker_child to None, run_after=None
[2024-03-26T06:33:27.892+0000] {logging_mixin.py:151} INFO - [2024-03-26T06:33:27.892+0000] {dag.py:3696} INFO - Setting next_dagrun for example_external_task_marker_parent to None, run_after=None
[2024-03-26T06:33:27.922+0000] {processor.py:179} INFO - Processing /home/airflow/.local/lib/python3.8/site-packages/airflow/example_dags/example_external_task_marker_dag.py took 0.107 seconds
[2024-03-26T06:33:58.919+0000] {processor.py:157} INFO - Started process (PID=2598) to work on /home/airflow/.local/lib/python3.8/site-packages/airflow/example_dags/example_external_task_marker_dag.py
[2024-03-26T06:33:58.921+0000] {processor.py:829} INFO - Processing file /home/airflow/.local/lib/python3.8/site-packages/airflow/example_dags/example_external_task_marker_dag.py for tasks to queue
[2024-03-26T06:33:58.923+0000] {logging_mixin.py:151} INFO - [2024-03-26T06:33:58.923+0000] {dagbag.py:539} INFO - Filling up the DagBag from /home/airflow/.local/lib/python3.8/site-packages/airflow/example_dags/example_external_task_marker_dag.py
[2024-03-26T06:33:58.930+0000] {processor.py:839} INFO - DAG(s) dict_keys(['example_external_task_marker_parent', 'example_external_task_marker_child']) retrieved from /home/airflow/.local/lib/python3.8/site-packages/airflow/example_dags/example_external_task_marker_dag.py
[2024-03-26T06:33:58.965+0000] {logging_mixin.py:151} INFO - [2024-03-26T06:33:58.964+0000] {dag.py:2915} INFO - Sync 2 DAGs
[2024-03-26T06:33:58.980+0000] {logging_mixin.py:151} INFO - [2024-03-26T06:33:58.980+0000] {dag.py:3696} INFO - Setting next_dagrun for example_external_task_marker_child to None, run_after=None
[2024-03-26T06:33:58.985+0000] {logging_mixin.py:151} INFO - [2024-03-26T06:33:58.985+0000] {dag.py:3696} INFO - Setting next_dagrun for example_external_task_marker_parent to None, run_after=None
[2024-03-26T06:33:59.034+0000] {processor.py:179} INFO - Processing /home/airflow/.local/lib/python3.8/site-packages/airflow/example_dags/example_external_task_marker_dag.py took 0.119 seconds
