[2024-03-26T06:04:13.825+0000] {processor.py:157} INFO - Started process (PID=77) to work on /home/airflow/.local/lib/python3.8/site-packages/airflow/example_dags/example_short_circuit_operator.py
[2024-03-26T06:04:13.827+0000] {processor.py:829} INFO - Processing file /home/airflow/.local/lib/python3.8/site-packages/airflow/example_dags/example_short_circuit_operator.py for tasks to queue
[2024-03-26T06:04:13.830+0000] {logging_mixin.py:151} INFO - [2024-03-26T06:04:13.829+0000] {dagbag.py:539} INFO - Filling up the DagBag from /home/airflow/.local/lib/python3.8/site-packages/airflow/example_dags/example_short_circuit_operator.py
[2024-03-26T06:04:13.841+0000] {processor.py:839} INFO - DAG(s) dict_keys(['example_short_circuit_operator']) retrieved from /home/airflow/.local/lib/python3.8/site-packages/airflow/example_dags/example_short_circuit_operator.py
[2024-03-26T06:04:14.047+0000] {logging_mixin.py:151} INFO - [2024-03-26T06:04:14.047+0000] {manager.py:499} INFO - Created Permission View: %s
[2024-03-26T06:04:14.069+0000] {logging_mixin.py:151} INFO - [2024-03-26T06:04:14.068+0000] {manager.py:499} INFO - Created Permission View: %s
[2024-03-26T06:04:14.085+0000] {logging_mixin.py:151} INFO - [2024-03-26T06:04:14.084+0000] {manager.py:499} INFO - Created Permission View: %s
[2024-03-26T06:04:14.086+0000] {logging_mixin.py:151} INFO - [2024-03-26T06:04:14.086+0000] {security.py:708} INFO - Not syncing DAG-level permissions for DAG 'DAG:example_short_circuit_operator' as access control is unset.
[2024-03-26T06:04:14.087+0000] {logging_mixin.py:151} INFO - [2024-03-26T06:04:14.087+0000] {dag.py:2915} INFO - Sync 1 DAGs
[2024-03-26T06:04:14.102+0000] {logging_mixin.py:151} INFO - [2024-03-26T06:04:14.102+0000] {dag.py:2937} INFO - Creating ORM DAG for example_short_circuit_operator
[2024-03-26T06:04:14.119+0000] {logging_mixin.py:151} INFO - [2024-03-26T06:04:14.119+0000] {dag.py:3696} INFO - Setting next_dagrun for example_short_circuit_operator to 2024-03-25T06:04:14.118903+00:00, run_after=2024-03-26T06:04:14.118903+00:00
[2024-03-26T06:04:14.149+0000] {processor.py:179} INFO - Processing /home/airflow/.local/lib/python3.8/site-packages/airflow/example_dags/example_short_circuit_operator.py took 0.328 seconds
[2024-03-26T06:04:44.828+0000] {processor.py:157} INFO - Started process (PID=130) to work on /home/airflow/.local/lib/python3.8/site-packages/airflow/example_dags/example_short_circuit_operator.py
[2024-03-26T06:04:44.830+0000] {processor.py:829} INFO - Processing file /home/airflow/.local/lib/python3.8/site-packages/airflow/example_dags/example_short_circuit_operator.py for tasks to queue
[2024-03-26T06:04:44.835+0000] {logging_mixin.py:151} INFO - [2024-03-26T06:04:44.835+0000] {dagbag.py:539} INFO - Filling up the DagBag from /home/airflow/.local/lib/python3.8/site-packages/airflow/example_dags/example_short_circuit_operator.py
[2024-03-26T06:04:44.847+0000] {processor.py:839} INFO - DAG(s) dict_keys(['example_short_circuit_operator']) retrieved from /home/airflow/.local/lib/python3.8/site-packages/airflow/example_dags/example_short_circuit_operator.py
[2024-03-26T06:04:44.880+0000] {logging_mixin.py:151} INFO - [2024-03-26T06:04:44.879+0000] {dag.py:2915} INFO - Sync 1 DAGs
[2024-03-26T06:04:44.910+0000] {logging_mixin.py:151} INFO - [2024-03-26T06:04:44.910+0000] {dag.py:3696} INFO - Setting next_dagrun for example_short_circuit_operator to 2024-03-25T06:04:44.910149+00:00, run_after=2024-03-26T06:04:44.910149+00:00
[2024-03-26T06:04:44.941+0000] {processor.py:179} INFO - Processing /home/airflow/.local/lib/python3.8/site-packages/airflow/example_dags/example_short_circuit_operator.py took 0.120 seconds
[2024-03-26T06:05:16.433+0000] {processor.py:157} INFO - Started process (PID=185) to work on /home/airflow/.local/lib/python3.8/site-packages/airflow/example_dags/example_short_circuit_operator.py
[2024-03-26T06:05:16.441+0000] {processor.py:829} INFO - Processing file /home/airflow/.local/lib/python3.8/site-packages/airflow/example_dags/example_short_circuit_operator.py for tasks to queue
[2024-03-26T06:05:16.444+0000] {logging_mixin.py:151} INFO - [2024-03-26T06:05:16.444+0000] {dagbag.py:539} INFO - Filling up the DagBag from /home/airflow/.local/lib/python3.8/site-packages/airflow/example_dags/example_short_circuit_operator.py
[2024-03-26T06:05:16.455+0000] {processor.py:839} INFO - DAG(s) dict_keys(['example_short_circuit_operator']) retrieved from /home/airflow/.local/lib/python3.8/site-packages/airflow/example_dags/example_short_circuit_operator.py
[2024-03-26T06:05:16.498+0000] {logging_mixin.py:151} INFO - [2024-03-26T06:05:16.498+0000] {dag.py:2915} INFO - Sync 1 DAGs
[2024-03-26T06:05:16.539+0000] {logging_mixin.py:151} INFO - [2024-03-26T06:05:16.539+0000] {dag.py:3696} INFO - Setting next_dagrun for example_short_circuit_operator to 2024-03-25T06:05:16.538674+00:00, run_after=2024-03-26T06:05:16.538674+00:00
[2024-03-26T06:05:16.579+0000] {processor.py:179} INFO - Processing /home/airflow/.local/lib/python3.8/site-packages/airflow/example_dags/example_short_circuit_operator.py took 0.151 seconds
[2024-03-26T06:05:48.575+0000] {processor.py:157} INFO - Started process (PID=246) to work on /home/airflow/.local/lib/python3.8/site-packages/airflow/example_dags/example_short_circuit_operator.py
[2024-03-26T06:05:48.576+0000] {processor.py:829} INFO - Processing file /home/airflow/.local/lib/python3.8/site-packages/airflow/example_dags/example_short_circuit_operator.py for tasks to queue
[2024-03-26T06:05:48.581+0000] {logging_mixin.py:151} INFO - [2024-03-26T06:05:48.581+0000] {dagbag.py:539} INFO - Filling up the DagBag from /home/airflow/.local/lib/python3.8/site-packages/airflow/example_dags/example_short_circuit_operator.py
[2024-03-26T06:05:48.592+0000] {processor.py:839} INFO - DAG(s) dict_keys(['example_short_circuit_operator']) retrieved from /home/airflow/.local/lib/python3.8/site-packages/airflow/example_dags/example_short_circuit_operator.py
[2024-03-26T06:05:48.625+0000] {logging_mixin.py:151} INFO - [2024-03-26T06:05:48.625+0000] {dag.py:2915} INFO - Sync 1 DAGs
[2024-03-26T06:05:48.669+0000] {logging_mixin.py:151} INFO - [2024-03-26T06:05:48.668+0000] {dag.py:3696} INFO - Setting next_dagrun for example_short_circuit_operator to 2024-03-25T06:05:48.668575+00:00, run_after=2024-03-26T06:05:48.668575+00:00
[2024-03-26T06:05:48.762+0000] {processor.py:179} INFO - Processing /home/airflow/.local/lib/python3.8/site-packages/airflow/example_dags/example_short_circuit_operator.py took 0.192 seconds
[2024-03-26T06:06:21.230+0000] {processor.py:157} INFO - Started process (PID=300) to work on /home/airflow/.local/lib/python3.8/site-packages/airflow/example_dags/example_short_circuit_operator.py
[2024-03-26T06:06:21.235+0000] {processor.py:829} INFO - Processing file /home/airflow/.local/lib/python3.8/site-packages/airflow/example_dags/example_short_circuit_operator.py for tasks to queue
[2024-03-26T06:06:21.240+0000] {logging_mixin.py:151} INFO - [2024-03-26T06:06:21.239+0000] {dagbag.py:539} INFO - Filling up the DagBag from /home/airflow/.local/lib/python3.8/site-packages/airflow/example_dags/example_short_circuit_operator.py
[2024-03-26T06:06:21.260+0000] {processor.py:839} INFO - DAG(s) dict_keys(['example_short_circuit_operator']) retrieved from /home/airflow/.local/lib/python3.8/site-packages/airflow/example_dags/example_short_circuit_operator.py
[2024-03-26T06:06:21.331+0000] {logging_mixin.py:151} INFO - [2024-03-26T06:06:21.331+0000] {dag.py:2915} INFO - Sync 1 DAGs
[2024-03-26T06:06:21.406+0000] {logging_mixin.py:151} INFO - [2024-03-26T06:06:21.406+0000] {dag.py:3696} INFO - Setting next_dagrun for example_short_circuit_operator to 2024-03-25T06:06:21.405674+00:00, run_after=2024-03-26T06:06:21.405674+00:00
[2024-03-26T06:06:21.458+0000] {processor.py:179} INFO - Processing /home/airflow/.local/lib/python3.8/site-packages/airflow/example_dags/example_short_circuit_operator.py took 0.234 seconds
[2024-03-26T06:06:53.767+0000] {processor.py:157} INFO - Started process (PID=354) to work on /home/airflow/.local/lib/python3.8/site-packages/airflow/example_dags/example_short_circuit_operator.py
[2024-03-26T06:06:53.776+0000] {processor.py:829} INFO - Processing file /home/airflow/.local/lib/python3.8/site-packages/airflow/example_dags/example_short_circuit_operator.py for tasks to queue
[2024-03-26T06:06:53.780+0000] {logging_mixin.py:151} INFO - [2024-03-26T06:06:53.779+0000] {dagbag.py:539} INFO - Filling up the DagBag from /home/airflow/.local/lib/python3.8/site-packages/airflow/example_dags/example_short_circuit_operator.py
[2024-03-26T06:06:53.792+0000] {processor.py:839} INFO - DAG(s) dict_keys(['example_short_circuit_operator']) retrieved from /home/airflow/.local/lib/python3.8/site-packages/airflow/example_dags/example_short_circuit_operator.py
[2024-03-26T06:06:53.879+0000] {logging_mixin.py:151} INFO - [2024-03-26T06:06:53.879+0000] {dag.py:2915} INFO - Sync 1 DAGs
[2024-03-26T06:06:53.915+0000] {logging_mixin.py:151} INFO - [2024-03-26T06:06:53.914+0000] {dag.py:3696} INFO - Setting next_dagrun for example_short_circuit_operator to 2024-03-25T06:06:53.914519+00:00, run_after=2024-03-26T06:06:53.914519+00:00
[2024-03-26T06:06:53.968+0000] {processor.py:179} INFO - Processing /home/airflow/.local/lib/python3.8/site-packages/airflow/example_dags/example_short_circuit_operator.py took 0.206 seconds
[2024-03-26T06:07:25.738+0000] {processor.py:157} INFO - Started process (PID=408) to work on /home/airflow/.local/lib/python3.8/site-packages/airflow/example_dags/example_short_circuit_operator.py
[2024-03-26T06:07:25.740+0000] {processor.py:829} INFO - Processing file /home/airflow/.local/lib/python3.8/site-packages/airflow/example_dags/example_short_circuit_operator.py for tasks to queue
[2024-03-26T06:07:25.744+0000] {logging_mixin.py:151} INFO - [2024-03-26T06:07:25.743+0000] {dagbag.py:539} INFO - Filling up the DagBag from /home/airflow/.local/lib/python3.8/site-packages/airflow/example_dags/example_short_circuit_operator.py
[2024-03-26T06:07:25.758+0000] {processor.py:839} INFO - DAG(s) dict_keys(['example_short_circuit_operator']) retrieved from /home/airflow/.local/lib/python3.8/site-packages/airflow/example_dags/example_short_circuit_operator.py
[2024-03-26T06:07:25.795+0000] {logging_mixin.py:151} INFO - [2024-03-26T06:07:25.794+0000] {dag.py:2915} INFO - Sync 1 DAGs
[2024-03-26T06:07:25.827+0000] {logging_mixin.py:151} INFO - [2024-03-26T06:07:25.826+0000] {dag.py:3696} INFO - Setting next_dagrun for example_short_circuit_operator to 2024-03-25T06:07:25.826345+00:00, run_after=2024-03-26T06:07:25.826345+00:00
[2024-03-26T06:07:25.859+0000] {processor.py:179} INFO - Processing /home/airflow/.local/lib/python3.8/site-packages/airflow/example_dags/example_short_circuit_operator.py took 0.126 seconds
[2024-03-26T06:07:56.332+0000] {processor.py:157} INFO - Started process (PID=462) to work on /home/airflow/.local/lib/python3.8/site-packages/airflow/example_dags/example_short_circuit_operator.py
[2024-03-26T06:07:56.333+0000] {processor.py:829} INFO - Processing file /home/airflow/.local/lib/python3.8/site-packages/airflow/example_dags/example_short_circuit_operator.py for tasks to queue
[2024-03-26T06:07:56.338+0000] {logging_mixin.py:151} INFO - [2024-03-26T06:07:56.337+0000] {dagbag.py:539} INFO - Filling up the DagBag from /home/airflow/.local/lib/python3.8/site-packages/airflow/example_dags/example_short_circuit_operator.py
[2024-03-26T06:07:56.351+0000] {processor.py:839} INFO - DAG(s) dict_keys(['example_short_circuit_operator']) retrieved from /home/airflow/.local/lib/python3.8/site-packages/airflow/example_dags/example_short_circuit_operator.py
[2024-03-26T06:07:56.384+0000] {logging_mixin.py:151} INFO - [2024-03-26T06:07:56.384+0000] {dag.py:2915} INFO - Sync 1 DAGs
[2024-03-26T06:07:56.416+0000] {logging_mixin.py:151} INFO - [2024-03-26T06:07:56.416+0000] {dag.py:3696} INFO - Setting next_dagrun for example_short_circuit_operator to 2024-03-25T06:07:56.415699+00:00, run_after=2024-03-26T06:07:56.415699+00:00
[2024-03-26T06:07:56.444+0000] {processor.py:179} INFO - Processing /home/airflow/.local/lib/python3.8/site-packages/airflow/example_dags/example_short_circuit_operator.py took 0.118 seconds
[2024-03-26T06:08:27.245+0000] {processor.py:157} INFO - Started process (PID=516) to work on /home/airflow/.local/lib/python3.8/site-packages/airflow/example_dags/example_short_circuit_operator.py
[2024-03-26T06:08:27.246+0000] {processor.py:829} INFO - Processing file /home/airflow/.local/lib/python3.8/site-packages/airflow/example_dags/example_short_circuit_operator.py for tasks to queue
[2024-03-26T06:08:27.250+0000] {logging_mixin.py:151} INFO - [2024-03-26T06:08:27.249+0000] {dagbag.py:539} INFO - Filling up the DagBag from /home/airflow/.local/lib/python3.8/site-packages/airflow/example_dags/example_short_circuit_operator.py
[2024-03-26T06:08:27.260+0000] {processor.py:839} INFO - DAG(s) dict_keys(['example_short_circuit_operator']) retrieved from /home/airflow/.local/lib/python3.8/site-packages/airflow/example_dags/example_short_circuit_operator.py
[2024-03-26T06:08:27.293+0000] {logging_mixin.py:151} INFO - [2024-03-26T06:08:27.292+0000] {dag.py:2915} INFO - Sync 1 DAGs
[2024-03-26T06:08:27.320+0000] {logging_mixin.py:151} INFO - [2024-03-26T06:08:27.320+0000] {dag.py:3696} INFO - Setting next_dagrun for example_short_circuit_operator to 2024-03-25T06:08:27.320065+00:00, run_after=2024-03-26T06:08:27.320065+00:00
[2024-03-26T06:08:27.344+0000] {processor.py:179} INFO - Processing /home/airflow/.local/lib/python3.8/site-packages/airflow/example_dags/example_short_circuit_operator.py took 0.103 seconds
[2024-03-26T06:08:57.690+0000] {processor.py:157} INFO - Started process (PID=570) to work on /home/airflow/.local/lib/python3.8/site-packages/airflow/example_dags/example_short_circuit_operator.py
[2024-03-26T06:08:57.691+0000] {processor.py:829} INFO - Processing file /home/airflow/.local/lib/python3.8/site-packages/airflow/example_dags/example_short_circuit_operator.py for tasks to queue
[2024-03-26T06:08:57.695+0000] {logging_mixin.py:151} INFO - [2024-03-26T06:08:57.695+0000] {dagbag.py:539} INFO - Filling up the DagBag from /home/airflow/.local/lib/python3.8/site-packages/airflow/example_dags/example_short_circuit_operator.py
[2024-03-26T06:08:57.705+0000] {processor.py:839} INFO - DAG(s) dict_keys(['example_short_circuit_operator']) retrieved from /home/airflow/.local/lib/python3.8/site-packages/airflow/example_dags/example_short_circuit_operator.py
[2024-03-26T06:08:57.735+0000] {logging_mixin.py:151} INFO - [2024-03-26T06:08:57.735+0000] {dag.py:2915} INFO - Sync 1 DAGs
[2024-03-26T06:08:57.760+0000] {logging_mixin.py:151} INFO - [2024-03-26T06:08:57.759+0000] {dag.py:3696} INFO - Setting next_dagrun for example_short_circuit_operator to 2024-03-25T06:08:57.759555+00:00, run_after=2024-03-26T06:08:57.759555+00:00
[2024-03-26T06:08:57.783+0000] {processor.py:179} INFO - Processing /home/airflow/.local/lib/python3.8/site-packages/airflow/example_dags/example_short_circuit_operator.py took 0.097 seconds
[2024-03-26T06:09:28.760+0000] {processor.py:157} INFO - Started process (PID=624) to work on /home/airflow/.local/lib/python3.8/site-packages/airflow/example_dags/example_short_circuit_operator.py
[2024-03-26T06:09:28.762+0000] {processor.py:829} INFO - Processing file /home/airflow/.local/lib/python3.8/site-packages/airflow/example_dags/example_short_circuit_operator.py for tasks to queue
[2024-03-26T06:09:28.765+0000] {logging_mixin.py:151} INFO - [2024-03-26T06:09:28.765+0000] {dagbag.py:539} INFO - Filling up the DagBag from /home/airflow/.local/lib/python3.8/site-packages/airflow/example_dags/example_short_circuit_operator.py
[2024-03-26T06:09:28.774+0000] {processor.py:839} INFO - DAG(s) dict_keys(['example_short_circuit_operator']) retrieved from /home/airflow/.local/lib/python3.8/site-packages/airflow/example_dags/example_short_circuit_operator.py
[2024-03-26T06:09:28.803+0000] {logging_mixin.py:151} INFO - [2024-03-26T06:09:28.803+0000] {dag.py:2915} INFO - Sync 1 DAGs
[2024-03-26T06:09:28.829+0000] {logging_mixin.py:151} INFO - [2024-03-26T06:09:28.829+0000] {dag.py:3696} INFO - Setting next_dagrun for example_short_circuit_operator to 2024-03-25T06:09:28.828881+00:00, run_after=2024-03-26T06:09:28.828881+00:00
[2024-03-26T06:09:28.852+0000] {processor.py:179} INFO - Processing /home/airflow/.local/lib/python3.8/site-packages/airflow/example_dags/example_short_circuit_operator.py took 0.096 seconds
[2024-03-26T06:09:59.538+0000] {processor.py:157} INFO - Started process (PID=678) to work on /home/airflow/.local/lib/python3.8/site-packages/airflow/example_dags/example_short_circuit_operator.py
[2024-03-26T06:09:59.539+0000] {processor.py:829} INFO - Processing file /home/airflow/.local/lib/python3.8/site-packages/airflow/example_dags/example_short_circuit_operator.py for tasks to queue
[2024-03-26T06:09:59.542+0000] {logging_mixin.py:151} INFO - [2024-03-26T06:09:59.542+0000] {dagbag.py:539} INFO - Filling up the DagBag from /home/airflow/.local/lib/python3.8/site-packages/airflow/example_dags/example_short_circuit_operator.py
[2024-03-26T06:09:59.552+0000] {processor.py:839} INFO - DAG(s) dict_keys(['example_short_circuit_operator']) retrieved from /home/airflow/.local/lib/python3.8/site-packages/airflow/example_dags/example_short_circuit_operator.py
[2024-03-26T06:09:59.577+0000] {logging_mixin.py:151} INFO - [2024-03-26T06:09:59.577+0000] {dag.py:2915} INFO - Sync 1 DAGs
[2024-03-26T06:09:59.605+0000] {logging_mixin.py:151} INFO - [2024-03-26T06:09:59.605+0000] {dag.py:3696} INFO - Setting next_dagrun for example_short_circuit_operator to 2024-03-25T06:09:59.604886+00:00, run_after=2024-03-26T06:09:59.604886+00:00
[2024-03-26T06:09:59.640+0000] {processor.py:179} INFO - Processing /home/airflow/.local/lib/python3.8/site-packages/airflow/example_dags/example_short_circuit_operator.py took 0.106 seconds
[2024-03-26T06:10:30.114+0000] {processor.py:157} INFO - Started process (PID=732) to work on /home/airflow/.local/lib/python3.8/site-packages/airflow/example_dags/example_short_circuit_operator.py
[2024-03-26T06:10:30.115+0000] {processor.py:829} INFO - Processing file /home/airflow/.local/lib/python3.8/site-packages/airflow/example_dags/example_short_circuit_operator.py for tasks to queue
[2024-03-26T06:10:30.118+0000] {logging_mixin.py:151} INFO - [2024-03-26T06:10:30.118+0000] {dagbag.py:539} INFO - Filling up the DagBag from /home/airflow/.local/lib/python3.8/site-packages/airflow/example_dags/example_short_circuit_operator.py
[2024-03-26T06:10:30.128+0000] {processor.py:839} INFO - DAG(s) dict_keys(['example_short_circuit_operator']) retrieved from /home/airflow/.local/lib/python3.8/site-packages/airflow/example_dags/example_short_circuit_operator.py
[2024-03-26T06:10:30.156+0000] {logging_mixin.py:151} INFO - [2024-03-26T06:10:30.156+0000] {dag.py:2915} INFO - Sync 1 DAGs
[2024-03-26T06:10:30.183+0000] {logging_mixin.py:151} INFO - [2024-03-26T06:10:30.183+0000] {dag.py:3696} INFO - Setting next_dagrun for example_short_circuit_operator to 2024-03-25T06:10:30.182786+00:00, run_after=2024-03-26T06:10:30.182786+00:00
[2024-03-26T06:10:30.207+0000] {processor.py:179} INFO - Processing /home/airflow/.local/lib/python3.8/site-packages/airflow/example_dags/example_short_circuit_operator.py took 0.097 seconds
[2024-03-26T06:11:00.597+0000] {processor.py:157} INFO - Started process (PID=786) to work on /home/airflow/.local/lib/python3.8/site-packages/airflow/example_dags/example_short_circuit_operator.py
[2024-03-26T06:11:00.598+0000] {processor.py:829} INFO - Processing file /home/airflow/.local/lib/python3.8/site-packages/airflow/example_dags/example_short_circuit_operator.py for tasks to queue
[2024-03-26T06:11:00.603+0000] {logging_mixin.py:151} INFO - [2024-03-26T06:11:00.602+0000] {dagbag.py:539} INFO - Filling up the DagBag from /home/airflow/.local/lib/python3.8/site-packages/airflow/example_dags/example_short_circuit_operator.py
[2024-03-26T06:11:00.614+0000] {processor.py:839} INFO - DAG(s) dict_keys(['example_short_circuit_operator']) retrieved from /home/airflow/.local/lib/python3.8/site-packages/airflow/example_dags/example_short_circuit_operator.py
[2024-03-26T06:11:00.642+0000] {logging_mixin.py:151} INFO - [2024-03-26T06:11:00.641+0000] {dag.py:2915} INFO - Sync 1 DAGs
[2024-03-26T06:11:00.671+0000] {logging_mixin.py:151} INFO - [2024-03-26T06:11:00.671+0000] {dag.py:3696} INFO - Setting next_dagrun for example_short_circuit_operator to 2024-03-25T06:11:00.671076+00:00, run_after=2024-03-26T06:11:00.671076+00:00
[2024-03-26T06:11:00.706+0000] {processor.py:179} INFO - Processing /home/airflow/.local/lib/python3.8/site-packages/airflow/example_dags/example_short_circuit_operator.py took 0.114 seconds
[2024-03-26T06:11:31.439+0000] {processor.py:157} INFO - Started process (PID=840) to work on /home/airflow/.local/lib/python3.8/site-packages/airflow/example_dags/example_short_circuit_operator.py
[2024-03-26T06:11:31.440+0000] {processor.py:829} INFO - Processing file /home/airflow/.local/lib/python3.8/site-packages/airflow/example_dags/example_short_circuit_operator.py for tasks to queue
[2024-03-26T06:11:31.443+0000] {logging_mixin.py:151} INFO - [2024-03-26T06:11:31.443+0000] {dagbag.py:539} INFO - Filling up the DagBag from /home/airflow/.local/lib/python3.8/site-packages/airflow/example_dags/example_short_circuit_operator.py
[2024-03-26T06:11:31.454+0000] {processor.py:839} INFO - DAG(s) dict_keys(['example_short_circuit_operator']) retrieved from /home/airflow/.local/lib/python3.8/site-packages/airflow/example_dags/example_short_circuit_operator.py
[2024-03-26T06:11:31.480+0000] {logging_mixin.py:151} INFO - [2024-03-26T06:11:31.480+0000] {dag.py:2915} INFO - Sync 1 DAGs
[2024-03-26T06:11:31.504+0000] {logging_mixin.py:151} INFO - [2024-03-26T06:11:31.504+0000] {dag.py:3696} INFO - Setting next_dagrun for example_short_circuit_operator to 2024-03-25T06:11:31.504088+00:00, run_after=2024-03-26T06:11:31.504088+00:00
[2024-03-26T06:11:31.524+0000] {processor.py:179} INFO - Processing /home/airflow/.local/lib/python3.8/site-packages/airflow/example_dags/example_short_circuit_operator.py took 0.089 seconds
[2024-03-26T06:12:02.433+0000] {processor.py:157} INFO - Started process (PID=894) to work on /home/airflow/.local/lib/python3.8/site-packages/airflow/example_dags/example_short_circuit_operator.py
[2024-03-26T06:12:02.434+0000] {processor.py:829} INFO - Processing file /home/airflow/.local/lib/python3.8/site-packages/airflow/example_dags/example_short_circuit_operator.py for tasks to queue
[2024-03-26T06:12:02.438+0000] {logging_mixin.py:151} INFO - [2024-03-26T06:12:02.437+0000] {dagbag.py:539} INFO - Filling up the DagBag from /home/airflow/.local/lib/python3.8/site-packages/airflow/example_dags/example_short_circuit_operator.py
[2024-03-26T06:12:02.445+0000] {processor.py:839} INFO - DAG(s) dict_keys(['example_short_circuit_operator']) retrieved from /home/airflow/.local/lib/python3.8/site-packages/airflow/example_dags/example_short_circuit_operator.py
[2024-03-26T06:12:02.471+0000] {logging_mixin.py:151} INFO - [2024-03-26T06:12:02.471+0000] {dag.py:2915} INFO - Sync 1 DAGs
[2024-03-26T06:12:02.499+0000] {logging_mixin.py:151} INFO - [2024-03-26T06:12:02.499+0000] {dag.py:3696} INFO - Setting next_dagrun for example_short_circuit_operator to 2024-03-25T06:12:02.499031+00:00, run_after=2024-03-26T06:12:02.499031+00:00
[2024-03-26T06:12:02.522+0000] {processor.py:179} INFO - Processing /home/airflow/.local/lib/python3.8/site-packages/airflow/example_dags/example_short_circuit_operator.py took 0.092 seconds
[2024-03-26T06:12:33.127+0000] {processor.py:157} INFO - Started process (PID=948) to work on /home/airflow/.local/lib/python3.8/site-packages/airflow/example_dags/example_short_circuit_operator.py
[2024-03-26T06:12:33.128+0000] {processor.py:829} INFO - Processing file /home/airflow/.local/lib/python3.8/site-packages/airflow/example_dags/example_short_circuit_operator.py for tasks to queue
[2024-03-26T06:12:33.131+0000] {logging_mixin.py:151} INFO - [2024-03-26T06:12:33.131+0000] {dagbag.py:539} INFO - Filling up the DagBag from /home/airflow/.local/lib/python3.8/site-packages/airflow/example_dags/example_short_circuit_operator.py
[2024-03-26T06:12:33.141+0000] {processor.py:839} INFO - DAG(s) dict_keys(['example_short_circuit_operator']) retrieved from /home/airflow/.local/lib/python3.8/site-packages/airflow/example_dags/example_short_circuit_operator.py
[2024-03-26T06:12:33.168+0000] {logging_mixin.py:151} INFO - [2024-03-26T06:12:33.168+0000] {dag.py:2915} INFO - Sync 1 DAGs
[2024-03-26T06:12:33.196+0000] {logging_mixin.py:151} INFO - [2024-03-26T06:12:33.195+0000] {dag.py:3696} INFO - Setting next_dagrun for example_short_circuit_operator to 2024-03-25T06:12:33.195330+00:00, run_after=2024-03-26T06:12:33.195330+00:00
[2024-03-26T06:12:33.219+0000] {processor.py:179} INFO - Processing /home/airflow/.local/lib/python3.8/site-packages/airflow/example_dags/example_short_circuit_operator.py took 0.096 seconds
[2024-03-26T06:19:10.644+0000] {processor.py:157} INFO - Started process (PID=1026) to work on /home/airflow/.local/lib/python3.8/site-packages/airflow/example_dags/example_short_circuit_operator.py
[2024-03-26T06:19:10.645+0000] {processor.py:829} INFO - Processing file /home/airflow/.local/lib/python3.8/site-packages/airflow/example_dags/example_short_circuit_operator.py for tasks to queue
[2024-03-26T06:19:10.649+0000] {logging_mixin.py:151} INFO - [2024-03-26T06:19:10.649+0000] {dagbag.py:539} INFO - Filling up the DagBag from /home/airflow/.local/lib/python3.8/site-packages/airflow/example_dags/example_short_circuit_operator.py
[2024-03-26T06:19:10.659+0000] {processor.py:839} INFO - DAG(s) dict_keys(['example_short_circuit_operator']) retrieved from /home/airflow/.local/lib/python3.8/site-packages/airflow/example_dags/example_short_circuit_operator.py
[2024-03-26T06:19:10.693+0000] {logging_mixin.py:151} INFO - [2024-03-26T06:19:10.692+0000] {dag.py:2915} INFO - Sync 1 DAGs
[2024-03-26T06:19:10.728+0000] {logging_mixin.py:151} INFO - [2024-03-26T06:19:10.728+0000] {dag.py:3696} INFO - Setting next_dagrun for example_short_circuit_operator to 2024-03-25T06:19:10.727910+00:00, run_after=2024-03-26T06:19:10.727910+00:00
[2024-03-26T06:19:10.759+0000] {processor.py:179} INFO - Processing /home/airflow/.local/lib/python3.8/site-packages/airflow/example_dags/example_short_circuit_operator.py took 0.120 seconds
[2024-03-26T06:19:41.034+0000] {processor.py:157} INFO - Started process (PID=1080) to work on /home/airflow/.local/lib/python3.8/site-packages/airflow/example_dags/example_short_circuit_operator.py
[2024-03-26T06:19:41.035+0000] {processor.py:829} INFO - Processing file /home/airflow/.local/lib/python3.8/site-packages/airflow/example_dags/example_short_circuit_operator.py for tasks to queue
[2024-03-26T06:19:41.039+0000] {logging_mixin.py:151} INFO - [2024-03-26T06:19:41.038+0000] {dagbag.py:539} INFO - Filling up the DagBag from /home/airflow/.local/lib/python3.8/site-packages/airflow/example_dags/example_short_circuit_operator.py
[2024-03-26T06:19:41.052+0000] {processor.py:839} INFO - DAG(s) dict_keys(['example_short_circuit_operator']) retrieved from /home/airflow/.local/lib/python3.8/site-packages/airflow/example_dags/example_short_circuit_operator.py
[2024-03-26T06:19:41.087+0000] {logging_mixin.py:151} INFO - [2024-03-26T06:19:41.087+0000] {dag.py:2915} INFO - Sync 1 DAGs
[2024-03-26T06:19:41.128+0000] {logging_mixin.py:151} INFO - [2024-03-26T06:19:41.128+0000] {dag.py:3696} INFO - Setting next_dagrun for example_short_circuit_operator to 2024-03-25T06:19:41.128098+00:00, run_after=2024-03-26T06:19:41.128098+00:00
[2024-03-26T06:19:41.164+0000] {processor.py:179} INFO - Processing /home/airflow/.local/lib/python3.8/site-packages/airflow/example_dags/example_short_circuit_operator.py took 0.136 seconds
[2024-03-26T06:20:11.777+0000] {processor.py:157} INFO - Started process (PID=1134) to work on /home/airflow/.local/lib/python3.8/site-packages/airflow/example_dags/example_short_circuit_operator.py
[2024-03-26T06:20:11.778+0000] {processor.py:829} INFO - Processing file /home/airflow/.local/lib/python3.8/site-packages/airflow/example_dags/example_short_circuit_operator.py for tasks to queue
[2024-03-26T06:20:11.782+0000] {logging_mixin.py:151} INFO - [2024-03-26T06:20:11.781+0000] {dagbag.py:539} INFO - Filling up the DagBag from /home/airflow/.local/lib/python3.8/site-packages/airflow/example_dags/example_short_circuit_operator.py
[2024-03-26T06:20:11.790+0000] {processor.py:839} INFO - DAG(s) dict_keys(['example_short_circuit_operator']) retrieved from /home/airflow/.local/lib/python3.8/site-packages/airflow/example_dags/example_short_circuit_operator.py
[2024-03-26T06:20:11.820+0000] {logging_mixin.py:151} INFO - [2024-03-26T06:20:11.820+0000] {dag.py:2915} INFO - Sync 1 DAGs
[2024-03-26T06:20:11.846+0000] {logging_mixin.py:151} INFO - [2024-03-26T06:20:11.846+0000] {dag.py:3696} INFO - Setting next_dagrun for example_short_circuit_operator to 2024-03-25T06:20:11.845858+00:00, run_after=2024-03-26T06:20:11.845858+00:00
[2024-03-26T06:20:11.869+0000] {processor.py:179} INFO - Processing /home/airflow/.local/lib/python3.8/site-packages/airflow/example_dags/example_short_circuit_operator.py took 0.096 seconds
[2024-03-26T06:20:42.518+0000] {processor.py:157} INFO - Started process (PID=1188) to work on /home/airflow/.local/lib/python3.8/site-packages/airflow/example_dags/example_short_circuit_operator.py
[2024-03-26T06:20:42.520+0000] {processor.py:829} INFO - Processing file /home/airflow/.local/lib/python3.8/site-packages/airflow/example_dags/example_short_circuit_operator.py for tasks to queue
[2024-03-26T06:20:42.523+0000] {logging_mixin.py:151} INFO - [2024-03-26T06:20:42.523+0000] {dagbag.py:539} INFO - Filling up the DagBag from /home/airflow/.local/lib/python3.8/site-packages/airflow/example_dags/example_short_circuit_operator.py
[2024-03-26T06:20:42.535+0000] {processor.py:839} INFO - DAG(s) dict_keys(['example_short_circuit_operator']) retrieved from /home/airflow/.local/lib/python3.8/site-packages/airflow/example_dags/example_short_circuit_operator.py
[2024-03-26T06:20:42.562+0000] {logging_mixin.py:151} INFO - [2024-03-26T06:20:42.561+0000] {dag.py:2915} INFO - Sync 1 DAGs
[2024-03-26T06:20:42.587+0000] {logging_mixin.py:151} INFO - [2024-03-26T06:20:42.587+0000] {dag.py:3696} INFO - Setting next_dagrun for example_short_circuit_operator to 2024-03-25T06:20:42.586435+00:00, run_after=2024-03-26T06:20:42.586435+00:00
[2024-03-26T06:20:42.612+0000] {processor.py:179} INFO - Processing /home/airflow/.local/lib/python3.8/site-packages/airflow/example_dags/example_short_circuit_operator.py took 0.097 seconds
[2024-03-26T06:21:12.810+0000] {processor.py:157} INFO - Started process (PID=1242) to work on /home/airflow/.local/lib/python3.8/site-packages/airflow/example_dags/example_short_circuit_operator.py
[2024-03-26T06:21:12.811+0000] {processor.py:829} INFO - Processing file /home/airflow/.local/lib/python3.8/site-packages/airflow/example_dags/example_short_circuit_operator.py for tasks to queue
[2024-03-26T06:21:12.814+0000] {logging_mixin.py:151} INFO - [2024-03-26T06:21:12.814+0000] {dagbag.py:539} INFO - Filling up the DagBag from /home/airflow/.local/lib/python3.8/site-packages/airflow/example_dags/example_short_circuit_operator.py
[2024-03-26T06:21:12.824+0000] {processor.py:839} INFO - DAG(s) dict_keys(['example_short_circuit_operator']) retrieved from /home/airflow/.local/lib/python3.8/site-packages/airflow/example_dags/example_short_circuit_operator.py
[2024-03-26T06:21:12.851+0000] {logging_mixin.py:151} INFO - [2024-03-26T06:21:12.850+0000] {dag.py:2915} INFO - Sync 1 DAGs
[2024-03-26T06:21:12.877+0000] {logging_mixin.py:151} INFO - [2024-03-26T06:21:12.877+0000] {dag.py:3696} INFO - Setting next_dagrun for example_short_circuit_operator to 2024-03-25T06:21:12.877087+00:00, run_after=2024-03-26T06:21:12.877087+00:00
[2024-03-26T06:21:12.900+0000] {processor.py:179} INFO - Processing /home/airflow/.local/lib/python3.8/site-packages/airflow/example_dags/example_short_circuit_operator.py took 0.093 seconds
[2024-03-26T06:21:43.761+0000] {processor.py:157} INFO - Started process (PID=1296) to work on /home/airflow/.local/lib/python3.8/site-packages/airflow/example_dags/example_short_circuit_operator.py
[2024-03-26T06:21:43.762+0000] {processor.py:829} INFO - Processing file /home/airflow/.local/lib/python3.8/site-packages/airflow/example_dags/example_short_circuit_operator.py for tasks to queue
[2024-03-26T06:21:43.765+0000] {logging_mixin.py:151} INFO - [2024-03-26T06:21:43.764+0000] {dagbag.py:539} INFO - Filling up the DagBag from /home/airflow/.local/lib/python3.8/site-packages/airflow/example_dags/example_short_circuit_operator.py
[2024-03-26T06:21:43.774+0000] {processor.py:839} INFO - DAG(s) dict_keys(['example_short_circuit_operator']) retrieved from /home/airflow/.local/lib/python3.8/site-packages/airflow/example_dags/example_short_circuit_operator.py
[2024-03-26T06:21:43.800+0000] {logging_mixin.py:151} INFO - [2024-03-26T06:21:43.800+0000] {dag.py:2915} INFO - Sync 1 DAGs
[2024-03-26T06:21:43.828+0000] {logging_mixin.py:151} INFO - [2024-03-26T06:21:43.828+0000] {dag.py:3696} INFO - Setting next_dagrun for example_short_circuit_operator to 2024-03-25T06:21:43.828085+00:00, run_after=2024-03-26T06:21:43.828085+00:00
[2024-03-26T06:21:43.852+0000] {processor.py:179} INFO - Processing /home/airflow/.local/lib/python3.8/site-packages/airflow/example_dags/example_short_circuit_operator.py took 0.095 seconds
[2024-03-26T06:22:14.222+0000] {processor.py:157} INFO - Started process (PID=1350) to work on /home/airflow/.local/lib/python3.8/site-packages/airflow/example_dags/example_short_circuit_operator.py
[2024-03-26T06:22:14.224+0000] {processor.py:829} INFO - Processing file /home/airflow/.local/lib/python3.8/site-packages/airflow/example_dags/example_short_circuit_operator.py for tasks to queue
[2024-03-26T06:22:14.227+0000] {logging_mixin.py:151} INFO - [2024-03-26T06:22:14.227+0000] {dagbag.py:539} INFO - Filling up the DagBag from /home/airflow/.local/lib/python3.8/site-packages/airflow/example_dags/example_short_circuit_operator.py
[2024-03-26T06:22:14.238+0000] {processor.py:839} INFO - DAG(s) dict_keys(['example_short_circuit_operator']) retrieved from /home/airflow/.local/lib/python3.8/site-packages/airflow/example_dags/example_short_circuit_operator.py
[2024-03-26T06:22:14.271+0000] {logging_mixin.py:151} INFO - [2024-03-26T06:22:14.270+0000] {dag.py:2915} INFO - Sync 1 DAGs
[2024-03-26T06:22:14.302+0000] {logging_mixin.py:151} INFO - [2024-03-26T06:22:14.301+0000] {dag.py:3696} INFO - Setting next_dagrun for example_short_circuit_operator to 2024-03-25T06:22:14.301645+00:00, run_after=2024-03-26T06:22:14.301645+00:00
[2024-03-26T06:22:14.325+0000] {processor.py:179} INFO - Processing /home/airflow/.local/lib/python3.8/site-packages/airflow/example_dags/example_short_circuit_operator.py took 0.108 seconds
[2024-03-26T06:22:44.949+0000] {processor.py:157} INFO - Started process (PID=1404) to work on /home/airflow/.local/lib/python3.8/site-packages/airflow/example_dags/example_short_circuit_operator.py
[2024-03-26T06:22:44.951+0000] {processor.py:829} INFO - Processing file /home/airflow/.local/lib/python3.8/site-packages/airflow/example_dags/example_short_circuit_operator.py for tasks to queue
[2024-03-26T06:22:44.954+0000] {logging_mixin.py:151} INFO - [2024-03-26T06:22:44.953+0000] {dagbag.py:539} INFO - Filling up the DagBag from /home/airflow/.local/lib/python3.8/site-packages/airflow/example_dags/example_short_circuit_operator.py
[2024-03-26T06:22:44.962+0000] {processor.py:839} INFO - DAG(s) dict_keys(['example_short_circuit_operator']) retrieved from /home/airflow/.local/lib/python3.8/site-packages/airflow/example_dags/example_short_circuit_operator.py
[2024-03-26T06:22:44.992+0000] {logging_mixin.py:151} INFO - [2024-03-26T06:22:44.992+0000] {dag.py:2915} INFO - Sync 1 DAGs
[2024-03-26T06:22:45.022+0000] {logging_mixin.py:151} INFO - [2024-03-26T06:22:45.021+0000] {dag.py:3696} INFO - Setting next_dagrun for example_short_circuit_operator to 2024-03-25T06:22:45.021640+00:00, run_after=2024-03-26T06:22:45.021640+00:00
[2024-03-26T06:22:45.048+0000] {processor.py:179} INFO - Processing /home/airflow/.local/lib/python3.8/site-packages/airflow/example_dags/example_short_circuit_operator.py took 0.103 seconds
[2024-03-26T06:23:15.477+0000] {processor.py:157} INFO - Started process (PID=1458) to work on /home/airflow/.local/lib/python3.8/site-packages/airflow/example_dags/example_short_circuit_operator.py
[2024-03-26T06:23:15.479+0000] {processor.py:829} INFO - Processing file /home/airflow/.local/lib/python3.8/site-packages/airflow/example_dags/example_short_circuit_operator.py for tasks to queue
[2024-03-26T06:23:15.482+0000] {logging_mixin.py:151} INFO - [2024-03-26T06:23:15.481+0000] {dagbag.py:539} INFO - Filling up the DagBag from /home/airflow/.local/lib/python3.8/site-packages/airflow/example_dags/example_short_circuit_operator.py
[2024-03-26T06:23:15.493+0000] {processor.py:839} INFO - DAG(s) dict_keys(['example_short_circuit_operator']) retrieved from /home/airflow/.local/lib/python3.8/site-packages/airflow/example_dags/example_short_circuit_operator.py
[2024-03-26T06:23:15.525+0000] {logging_mixin.py:151} INFO - [2024-03-26T06:23:15.525+0000] {dag.py:2915} INFO - Sync 1 DAGs
[2024-03-26T06:23:15.566+0000] {logging_mixin.py:151} INFO - [2024-03-26T06:23:15.565+0000] {dag.py:3696} INFO - Setting next_dagrun for example_short_circuit_operator to 2024-03-25T06:23:15.565456+00:00, run_after=2024-03-26T06:23:15.565456+00:00
[2024-03-26T06:23:15.596+0000] {processor.py:179} INFO - Processing /home/airflow/.local/lib/python3.8/site-packages/airflow/example_dags/example_short_circuit_operator.py took 0.124 seconds
[2024-03-26T06:23:46.218+0000] {processor.py:157} INFO - Started process (PID=1512) to work on /home/airflow/.local/lib/python3.8/site-packages/airflow/example_dags/example_short_circuit_operator.py
[2024-03-26T06:23:46.221+0000] {processor.py:829} INFO - Processing file /home/airflow/.local/lib/python3.8/site-packages/airflow/example_dags/example_short_circuit_operator.py for tasks to queue
[2024-03-26T06:23:46.224+0000] {logging_mixin.py:151} INFO - [2024-03-26T06:23:46.223+0000] {dagbag.py:539} INFO - Filling up the DagBag from /home/airflow/.local/lib/python3.8/site-packages/airflow/example_dags/example_short_circuit_operator.py
[2024-03-26T06:23:46.234+0000] {processor.py:839} INFO - DAG(s) dict_keys(['example_short_circuit_operator']) retrieved from /home/airflow/.local/lib/python3.8/site-packages/airflow/example_dags/example_short_circuit_operator.py
[2024-03-26T06:23:46.263+0000] {logging_mixin.py:151} INFO - [2024-03-26T06:23:46.262+0000] {dag.py:2915} INFO - Sync 1 DAGs
[2024-03-26T06:23:46.295+0000] {logging_mixin.py:151} INFO - [2024-03-26T06:23:46.294+0000] {dag.py:3696} INFO - Setting next_dagrun for example_short_circuit_operator to 2024-03-25T06:23:46.294509+00:00, run_after=2024-03-26T06:23:46.294509+00:00
[2024-03-26T06:23:46.322+0000] {processor.py:179} INFO - Processing /home/airflow/.local/lib/python3.8/site-packages/airflow/example_dags/example_short_circuit_operator.py took 0.108 seconds
[2024-03-26T06:24:16.785+0000] {processor.py:157} INFO - Started process (PID=1566) to work on /home/airflow/.local/lib/python3.8/site-packages/airflow/example_dags/example_short_circuit_operator.py
[2024-03-26T06:24:16.787+0000] {processor.py:829} INFO - Processing file /home/airflow/.local/lib/python3.8/site-packages/airflow/example_dags/example_short_circuit_operator.py for tasks to queue
[2024-03-26T06:24:16.791+0000] {logging_mixin.py:151} INFO - [2024-03-26T06:24:16.790+0000] {dagbag.py:539} INFO - Filling up the DagBag from /home/airflow/.local/lib/python3.8/site-packages/airflow/example_dags/example_short_circuit_operator.py
[2024-03-26T06:24:16.802+0000] {processor.py:839} INFO - DAG(s) dict_keys(['example_short_circuit_operator']) retrieved from /home/airflow/.local/lib/python3.8/site-packages/airflow/example_dags/example_short_circuit_operator.py
[2024-03-26T06:24:16.831+0000] {logging_mixin.py:151} INFO - [2024-03-26T06:24:16.830+0000] {dag.py:2915} INFO - Sync 1 DAGs
[2024-03-26T06:24:16.859+0000] {logging_mixin.py:151} INFO - [2024-03-26T06:24:16.859+0000] {dag.py:3696} INFO - Setting next_dagrun for example_short_circuit_operator to 2024-03-25T06:24:16.859035+00:00, run_after=2024-03-26T06:24:16.859035+00:00
[2024-03-26T06:24:16.898+0000] {processor.py:179} INFO - Processing /home/airflow/.local/lib/python3.8/site-packages/airflow/example_dags/example_short_circuit_operator.py took 0.116 seconds
[2024-03-26T06:24:47.439+0000] {processor.py:157} INFO - Started process (PID=1620) to work on /home/airflow/.local/lib/python3.8/site-packages/airflow/example_dags/example_short_circuit_operator.py
[2024-03-26T06:24:47.440+0000] {processor.py:829} INFO - Processing file /home/airflow/.local/lib/python3.8/site-packages/airflow/example_dags/example_short_circuit_operator.py for tasks to queue
[2024-03-26T06:24:47.443+0000] {logging_mixin.py:151} INFO - [2024-03-26T06:24:47.443+0000] {dagbag.py:539} INFO - Filling up the DagBag from /home/airflow/.local/lib/python3.8/site-packages/airflow/example_dags/example_short_circuit_operator.py
[2024-03-26T06:24:47.451+0000] {processor.py:839} INFO - DAG(s) dict_keys(['example_short_circuit_operator']) retrieved from /home/airflow/.local/lib/python3.8/site-packages/airflow/example_dags/example_short_circuit_operator.py
[2024-03-26T06:24:47.477+0000] {logging_mixin.py:151} INFO - [2024-03-26T06:24:47.477+0000] {dag.py:2915} INFO - Sync 1 DAGs
[2024-03-26T06:24:47.501+0000] {logging_mixin.py:151} INFO - [2024-03-26T06:24:47.501+0000] {dag.py:3696} INFO - Setting next_dagrun for example_short_circuit_operator to 2024-03-25T06:24:47.501303+00:00, run_after=2024-03-26T06:24:47.501303+00:00
[2024-03-26T06:24:47.526+0000] {processor.py:179} INFO - Processing /home/airflow/.local/lib/python3.8/site-packages/airflow/example_dags/example_short_circuit_operator.py took 0.091 seconds
[2024-03-26T06:25:17.973+0000] {processor.py:157} INFO - Started process (PID=1674) to work on /home/airflow/.local/lib/python3.8/site-packages/airflow/example_dags/example_short_circuit_operator.py
[2024-03-26T06:25:17.975+0000] {processor.py:829} INFO - Processing file /home/airflow/.local/lib/python3.8/site-packages/airflow/example_dags/example_short_circuit_operator.py for tasks to queue
[2024-03-26T06:25:17.977+0000] {logging_mixin.py:151} INFO - [2024-03-26T06:25:17.977+0000] {dagbag.py:539} INFO - Filling up the DagBag from /home/airflow/.local/lib/python3.8/site-packages/airflow/example_dags/example_short_circuit_operator.py
[2024-03-26T06:25:17.988+0000] {processor.py:839} INFO - DAG(s) dict_keys(['example_short_circuit_operator']) retrieved from /home/airflow/.local/lib/python3.8/site-packages/airflow/example_dags/example_short_circuit_operator.py
[2024-03-26T06:25:18.017+0000] {logging_mixin.py:151} INFO - [2024-03-26T06:25:18.016+0000] {dag.py:2915} INFO - Sync 1 DAGs
[2024-03-26T06:25:18.045+0000] {logging_mixin.py:151} INFO - [2024-03-26T06:25:18.044+0000] {dag.py:3696} INFO - Setting next_dagrun for example_short_circuit_operator to 2024-03-25T06:25:18.044677+00:00, run_after=2024-03-26T06:25:18.044677+00:00
[2024-03-26T06:25:18.068+0000] {processor.py:179} INFO - Processing /home/airflow/.local/lib/python3.8/site-packages/airflow/example_dags/example_short_circuit_operator.py took 0.099 seconds
[2024-03-26T06:25:48.435+0000] {processor.py:157} INFO - Started process (PID=1728) to work on /home/airflow/.local/lib/python3.8/site-packages/airflow/example_dags/example_short_circuit_operator.py
[2024-03-26T06:25:48.437+0000] {processor.py:829} INFO - Processing file /home/airflow/.local/lib/python3.8/site-packages/airflow/example_dags/example_short_circuit_operator.py for tasks to queue
[2024-03-26T06:25:48.440+0000] {logging_mixin.py:151} INFO - [2024-03-26T06:25:48.440+0000] {dagbag.py:539} INFO - Filling up the DagBag from /home/airflow/.local/lib/python3.8/site-packages/airflow/example_dags/example_short_circuit_operator.py
[2024-03-26T06:25:48.449+0000] {processor.py:839} INFO - DAG(s) dict_keys(['example_short_circuit_operator']) retrieved from /home/airflow/.local/lib/python3.8/site-packages/airflow/example_dags/example_short_circuit_operator.py
[2024-03-26T06:25:48.480+0000] {logging_mixin.py:151} INFO - [2024-03-26T06:25:48.479+0000] {dag.py:2915} INFO - Sync 1 DAGs
[2024-03-26T06:25:48.507+0000] {logging_mixin.py:151} INFO - [2024-03-26T06:25:48.506+0000] {dag.py:3696} INFO - Setting next_dagrun for example_short_circuit_operator to 2024-03-25T06:25:48.506474+00:00, run_after=2024-03-26T06:25:48.506474+00:00
[2024-03-26T06:25:48.530+0000] {processor.py:179} INFO - Processing /home/airflow/.local/lib/python3.8/site-packages/airflow/example_dags/example_short_circuit_operator.py took 0.099 seconds
[2024-03-26T06:26:19.055+0000] {processor.py:157} INFO - Started process (PID=1782) to work on /home/airflow/.local/lib/python3.8/site-packages/airflow/example_dags/example_short_circuit_operator.py
[2024-03-26T06:26:19.056+0000] {processor.py:829} INFO - Processing file /home/airflow/.local/lib/python3.8/site-packages/airflow/example_dags/example_short_circuit_operator.py for tasks to queue
[2024-03-26T06:26:19.060+0000] {logging_mixin.py:151} INFO - [2024-03-26T06:26:19.060+0000] {dagbag.py:539} INFO - Filling up the DagBag from /home/airflow/.local/lib/python3.8/site-packages/airflow/example_dags/example_short_circuit_operator.py
[2024-03-26T06:26:19.068+0000] {processor.py:839} INFO - DAG(s) dict_keys(['example_short_circuit_operator']) retrieved from /home/airflow/.local/lib/python3.8/site-packages/airflow/example_dags/example_short_circuit_operator.py
[2024-03-26T06:26:19.096+0000] {logging_mixin.py:151} INFO - [2024-03-26T06:26:19.095+0000] {dag.py:2915} INFO - Sync 1 DAGs
[2024-03-26T06:26:19.122+0000] {logging_mixin.py:151} INFO - [2024-03-26T06:26:19.122+0000] {dag.py:3696} INFO - Setting next_dagrun for example_short_circuit_operator to 2024-03-25T06:26:19.121927+00:00, run_after=2024-03-26T06:26:19.121927+00:00
[2024-03-26T06:26:19.145+0000] {processor.py:179} INFO - Processing /home/airflow/.local/lib/python3.8/site-packages/airflow/example_dags/example_short_circuit_operator.py took 0.094 seconds
[2024-03-26T06:26:49.503+0000] {processor.py:157} INFO - Started process (PID=1836) to work on /home/airflow/.local/lib/python3.8/site-packages/airflow/example_dags/example_short_circuit_operator.py
[2024-03-26T06:26:49.504+0000] {processor.py:829} INFO - Processing file /home/airflow/.local/lib/python3.8/site-packages/airflow/example_dags/example_short_circuit_operator.py for tasks to queue
[2024-03-26T06:26:49.507+0000] {logging_mixin.py:151} INFO - [2024-03-26T06:26:49.507+0000] {dagbag.py:539} INFO - Filling up the DagBag from /home/airflow/.local/lib/python3.8/site-packages/airflow/example_dags/example_short_circuit_operator.py
[2024-03-26T06:26:49.516+0000] {processor.py:839} INFO - DAG(s) dict_keys(['example_short_circuit_operator']) retrieved from /home/airflow/.local/lib/python3.8/site-packages/airflow/example_dags/example_short_circuit_operator.py
[2024-03-26T06:26:49.544+0000] {logging_mixin.py:151} INFO - [2024-03-26T06:26:49.544+0000] {dag.py:2915} INFO - Sync 1 DAGs
[2024-03-26T06:26:49.571+0000] {logging_mixin.py:151} INFO - [2024-03-26T06:26:49.571+0000] {dag.py:3696} INFO - Setting next_dagrun for example_short_circuit_operator to 2024-03-25T06:26:49.571149+00:00, run_after=2024-03-26T06:26:49.571149+00:00
[2024-03-26T06:26:49.596+0000] {processor.py:179} INFO - Processing /home/airflow/.local/lib/python3.8/site-packages/airflow/example_dags/example_short_circuit_operator.py took 0.098 seconds
[2024-03-26T06:27:20.011+0000] {processor.py:157} INFO - Started process (PID=1890) to work on /home/airflow/.local/lib/python3.8/site-packages/airflow/example_dags/example_short_circuit_operator.py
[2024-03-26T06:27:20.012+0000] {processor.py:829} INFO - Processing file /home/airflow/.local/lib/python3.8/site-packages/airflow/example_dags/example_short_circuit_operator.py for tasks to queue
[2024-03-26T06:27:20.015+0000] {logging_mixin.py:151} INFO - [2024-03-26T06:27:20.015+0000] {dagbag.py:539} INFO - Filling up the DagBag from /home/airflow/.local/lib/python3.8/site-packages/airflow/example_dags/example_short_circuit_operator.py
[2024-03-26T06:27:20.025+0000] {processor.py:839} INFO - DAG(s) dict_keys(['example_short_circuit_operator']) retrieved from /home/airflow/.local/lib/python3.8/site-packages/airflow/example_dags/example_short_circuit_operator.py
[2024-03-26T06:27:20.051+0000] {logging_mixin.py:151} INFO - [2024-03-26T06:27:20.051+0000] {dag.py:2915} INFO - Sync 1 DAGs
[2024-03-26T06:27:20.079+0000] {logging_mixin.py:151} INFO - [2024-03-26T06:27:20.079+0000] {dag.py:3696} INFO - Setting next_dagrun for example_short_circuit_operator to 2024-03-25T06:27:20.078772+00:00, run_after=2024-03-26T06:27:20.078772+00:00
[2024-03-26T06:27:20.105+0000] {processor.py:179} INFO - Processing /home/airflow/.local/lib/python3.8/site-packages/airflow/example_dags/example_short_circuit_operator.py took 0.098 seconds
[2024-03-26T06:27:51.408+0000] {processor.py:157} INFO - Started process (PID=1944) to work on /home/airflow/.local/lib/python3.8/site-packages/airflow/example_dags/example_short_circuit_operator.py
[2024-03-26T06:27:51.410+0000] {processor.py:829} INFO - Processing file /home/airflow/.local/lib/python3.8/site-packages/airflow/example_dags/example_short_circuit_operator.py for tasks to queue
[2024-03-26T06:27:51.413+0000] {logging_mixin.py:151} INFO - [2024-03-26T06:27:51.412+0000] {dagbag.py:539} INFO - Filling up the DagBag from /home/airflow/.local/lib/python3.8/site-packages/airflow/example_dags/example_short_circuit_operator.py
[2024-03-26T06:27:51.427+0000] {processor.py:839} INFO - DAG(s) dict_keys(['example_short_circuit_operator']) retrieved from /home/airflow/.local/lib/python3.8/site-packages/airflow/example_dags/example_short_circuit_operator.py
[2024-03-26T06:27:51.462+0000] {logging_mixin.py:151} INFO - [2024-03-26T06:27:51.462+0000] {dag.py:2915} INFO - Sync 1 DAGs
[2024-03-26T06:27:51.493+0000] {logging_mixin.py:151} INFO - [2024-03-26T06:27:51.492+0000] {dag.py:3696} INFO - Setting next_dagrun for example_short_circuit_operator to 2024-03-25T06:27:51.492536+00:00, run_after=2024-03-26T06:27:51.492536+00:00
[2024-03-26T06:27:51.523+0000] {processor.py:179} INFO - Processing /home/airflow/.local/lib/python3.8/site-packages/airflow/example_dags/example_short_circuit_operator.py took 0.119 seconds
[2024-03-26T06:28:21.599+0000] {processor.py:157} INFO - Started process (PID=1998) to work on /home/airflow/.local/lib/python3.8/site-packages/airflow/example_dags/example_short_circuit_operator.py
[2024-03-26T06:28:21.600+0000] {processor.py:829} INFO - Processing file /home/airflow/.local/lib/python3.8/site-packages/airflow/example_dags/example_short_circuit_operator.py for tasks to queue
[2024-03-26T06:28:21.604+0000] {logging_mixin.py:151} INFO - [2024-03-26T06:28:21.603+0000] {dagbag.py:539} INFO - Filling up the DagBag from /home/airflow/.local/lib/python3.8/site-packages/airflow/example_dags/example_short_circuit_operator.py
[2024-03-26T06:28:21.612+0000] {processor.py:839} INFO - DAG(s) dict_keys(['example_short_circuit_operator']) retrieved from /home/airflow/.local/lib/python3.8/site-packages/airflow/example_dags/example_short_circuit_operator.py
[2024-03-26T06:28:21.642+0000] {logging_mixin.py:151} INFO - [2024-03-26T06:28:21.642+0000] {dag.py:2915} INFO - Sync 1 DAGs
[2024-03-26T06:28:21.674+0000] {logging_mixin.py:151} INFO - [2024-03-26T06:28:21.674+0000] {dag.py:3696} INFO - Setting next_dagrun for example_short_circuit_operator to 2024-03-25T06:28:21.674010+00:00, run_after=2024-03-26T06:28:21.674010+00:00
[2024-03-26T06:28:21.710+0000] {processor.py:179} INFO - Processing /home/airflow/.local/lib/python3.8/site-packages/airflow/example_dags/example_short_circuit_operator.py took 0.114 seconds
[2024-03-26T06:28:52.097+0000] {processor.py:157} INFO - Started process (PID=2052) to work on /home/airflow/.local/lib/python3.8/site-packages/airflow/example_dags/example_short_circuit_operator.py
[2024-03-26T06:28:52.099+0000] {processor.py:829} INFO - Processing file /home/airflow/.local/lib/python3.8/site-packages/airflow/example_dags/example_short_circuit_operator.py for tasks to queue
[2024-03-26T06:28:52.102+0000] {logging_mixin.py:151} INFO - [2024-03-26T06:28:52.102+0000] {dagbag.py:539} INFO - Filling up the DagBag from /home/airflow/.local/lib/python3.8/site-packages/airflow/example_dags/example_short_circuit_operator.py
[2024-03-26T06:28:52.112+0000] {processor.py:839} INFO - DAG(s) dict_keys(['example_short_circuit_operator']) retrieved from /home/airflow/.local/lib/python3.8/site-packages/airflow/example_dags/example_short_circuit_operator.py
[2024-03-26T06:28:52.141+0000] {logging_mixin.py:151} INFO - [2024-03-26T06:28:52.141+0000] {dag.py:2915} INFO - Sync 1 DAGs
[2024-03-26T06:28:52.167+0000] {logging_mixin.py:151} INFO - [2024-03-26T06:28:52.166+0000] {dag.py:3696} INFO - Setting next_dagrun for example_short_circuit_operator to 2024-03-25T06:28:52.166511+00:00, run_after=2024-03-26T06:28:52.166511+00:00
[2024-03-26T06:28:52.195+0000] {processor.py:179} INFO - Processing /home/airflow/.local/lib/python3.8/site-packages/airflow/example_dags/example_short_circuit_operator.py took 0.101 seconds
[2024-03-26T06:29:23.052+0000] {processor.py:157} INFO - Started process (PID=2106) to work on /home/airflow/.local/lib/python3.8/site-packages/airflow/example_dags/example_short_circuit_operator.py
[2024-03-26T06:29:23.054+0000] {processor.py:829} INFO - Processing file /home/airflow/.local/lib/python3.8/site-packages/airflow/example_dags/example_short_circuit_operator.py for tasks to queue
[2024-03-26T06:29:23.057+0000] {logging_mixin.py:151} INFO - [2024-03-26T06:29:23.056+0000] {dagbag.py:539} INFO - Filling up the DagBag from /home/airflow/.local/lib/python3.8/site-packages/airflow/example_dags/example_short_circuit_operator.py
[2024-03-26T06:29:23.071+0000] {processor.py:839} INFO - DAG(s) dict_keys(['example_short_circuit_operator']) retrieved from /home/airflow/.local/lib/python3.8/site-packages/airflow/example_dags/example_short_circuit_operator.py
[2024-03-26T06:29:23.104+0000] {logging_mixin.py:151} INFO - [2024-03-26T06:29:23.104+0000] {dag.py:2915} INFO - Sync 1 DAGs
[2024-03-26T06:29:23.138+0000] {logging_mixin.py:151} INFO - [2024-03-26T06:29:23.138+0000] {dag.py:3696} INFO - Setting next_dagrun for example_short_circuit_operator to 2024-03-25T06:29:23.138103+00:00, run_after=2024-03-26T06:29:23.138103+00:00
[2024-03-26T06:29:23.170+0000] {processor.py:179} INFO - Processing /home/airflow/.local/lib/python3.8/site-packages/airflow/example_dags/example_short_circuit_operator.py took 0.123 seconds
[2024-03-26T06:29:54.248+0000] {processor.py:157} INFO - Started process (PID=2160) to work on /home/airflow/.local/lib/python3.8/site-packages/airflow/example_dags/example_short_circuit_operator.py
[2024-03-26T06:29:54.250+0000] {processor.py:829} INFO - Processing file /home/airflow/.local/lib/python3.8/site-packages/airflow/example_dags/example_short_circuit_operator.py for tasks to queue
[2024-03-26T06:29:54.253+0000] {logging_mixin.py:151} INFO - [2024-03-26T06:29:54.252+0000] {dagbag.py:539} INFO - Filling up the DagBag from /home/airflow/.local/lib/python3.8/site-packages/airflow/example_dags/example_short_circuit_operator.py
[2024-03-26T06:29:54.265+0000] {processor.py:839} INFO - DAG(s) dict_keys(['example_short_circuit_operator']) retrieved from /home/airflow/.local/lib/python3.8/site-packages/airflow/example_dags/example_short_circuit_operator.py
[2024-03-26T06:29:54.294+0000] {logging_mixin.py:151} INFO - [2024-03-26T06:29:54.293+0000] {dag.py:2915} INFO - Sync 1 DAGs
[2024-03-26T06:29:54.321+0000] {logging_mixin.py:151} INFO - [2024-03-26T06:29:54.321+0000] {dag.py:3696} INFO - Setting next_dagrun for example_short_circuit_operator to 2024-03-25T06:29:54.321251+00:00, run_after=2024-03-26T06:29:54.321251+00:00
[2024-03-26T06:29:54.347+0000] {processor.py:179} INFO - Processing /home/airflow/.local/lib/python3.8/site-packages/airflow/example_dags/example_short_circuit_operator.py took 0.102 seconds
[2024-03-26T06:30:24.718+0000] {processor.py:157} INFO - Started process (PID=2214) to work on /home/airflow/.local/lib/python3.8/site-packages/airflow/example_dags/example_short_circuit_operator.py
[2024-03-26T06:30:24.719+0000] {processor.py:829} INFO - Processing file /home/airflow/.local/lib/python3.8/site-packages/airflow/example_dags/example_short_circuit_operator.py for tasks to queue
[2024-03-26T06:30:24.722+0000] {logging_mixin.py:151} INFO - [2024-03-26T06:30:24.721+0000] {dagbag.py:539} INFO - Filling up the DagBag from /home/airflow/.local/lib/python3.8/site-packages/airflow/example_dags/example_short_circuit_operator.py
[2024-03-26T06:30:24.731+0000] {processor.py:839} INFO - DAG(s) dict_keys(['example_short_circuit_operator']) retrieved from /home/airflow/.local/lib/python3.8/site-packages/airflow/example_dags/example_short_circuit_operator.py
[2024-03-26T06:30:24.763+0000] {logging_mixin.py:151} INFO - [2024-03-26T06:30:24.763+0000] {dag.py:2915} INFO - Sync 1 DAGs
[2024-03-26T06:30:24.788+0000] {logging_mixin.py:151} INFO - [2024-03-26T06:30:24.788+0000] {dag.py:3696} INFO - Setting next_dagrun for example_short_circuit_operator to 2024-03-25T06:30:24.787943+00:00, run_after=2024-03-26T06:30:24.787943+00:00
[2024-03-26T06:30:24.811+0000] {processor.py:179} INFO - Processing /home/airflow/.local/lib/python3.8/site-packages/airflow/example_dags/example_short_circuit_operator.py took 0.098 seconds
[2024-03-26T06:30:54.903+0000] {processor.py:157} INFO - Started process (PID=2268) to work on /home/airflow/.local/lib/python3.8/site-packages/airflow/example_dags/example_short_circuit_operator.py
[2024-03-26T06:30:54.904+0000] {processor.py:829} INFO - Processing file /home/airflow/.local/lib/python3.8/site-packages/airflow/example_dags/example_short_circuit_operator.py for tasks to queue
[2024-03-26T06:30:54.907+0000] {logging_mixin.py:151} INFO - [2024-03-26T06:30:54.906+0000] {dagbag.py:539} INFO - Filling up the DagBag from /home/airflow/.local/lib/python3.8/site-packages/airflow/example_dags/example_short_circuit_operator.py
[2024-03-26T06:30:54.915+0000] {processor.py:839} INFO - DAG(s) dict_keys(['example_short_circuit_operator']) retrieved from /home/airflow/.local/lib/python3.8/site-packages/airflow/example_dags/example_short_circuit_operator.py
[2024-03-26T06:30:54.944+0000] {logging_mixin.py:151} INFO - [2024-03-26T06:30:54.944+0000] {dag.py:2915} INFO - Sync 1 DAGs
[2024-03-26T06:30:54.971+0000] {logging_mixin.py:151} INFO - [2024-03-26T06:30:54.971+0000] {dag.py:3696} INFO - Setting next_dagrun for example_short_circuit_operator to 2024-03-25T06:30:54.970736+00:00, run_after=2024-03-26T06:30:54.970736+00:00
[2024-03-26T06:30:54.995+0000] {processor.py:179} INFO - Processing /home/airflow/.local/lib/python3.8/site-packages/airflow/example_dags/example_short_circuit_operator.py took 0.096 seconds
[2024-03-26T06:31:25.958+0000] {processor.py:157} INFO - Started process (PID=2322) to work on /home/airflow/.local/lib/python3.8/site-packages/airflow/example_dags/example_short_circuit_operator.py
[2024-03-26T06:31:25.960+0000] {processor.py:829} INFO - Processing file /home/airflow/.local/lib/python3.8/site-packages/airflow/example_dags/example_short_circuit_operator.py for tasks to queue
[2024-03-26T06:31:25.963+0000] {logging_mixin.py:151} INFO - [2024-03-26T06:31:25.962+0000] {dagbag.py:539} INFO - Filling up the DagBag from /home/airflow/.local/lib/python3.8/site-packages/airflow/example_dags/example_short_circuit_operator.py
[2024-03-26T06:31:25.972+0000] {processor.py:839} INFO - DAG(s) dict_keys(['example_short_circuit_operator']) retrieved from /home/airflow/.local/lib/python3.8/site-packages/airflow/example_dags/example_short_circuit_operator.py
[2024-03-26T06:31:26.003+0000] {logging_mixin.py:151} INFO - [2024-03-26T06:31:26.003+0000] {dag.py:2915} INFO - Sync 1 DAGs
[2024-03-26T06:31:26.031+0000] {logging_mixin.py:151} INFO - [2024-03-26T06:31:26.031+0000] {dag.py:3696} INFO - Setting next_dagrun for example_short_circuit_operator to 2024-03-25T06:31:26.031360+00:00, run_after=2024-03-26T06:31:26.031360+00:00
[2024-03-26T06:31:26.069+0000] {processor.py:179} INFO - Processing /home/airflow/.local/lib/python3.8/site-packages/airflow/example_dags/example_short_circuit_operator.py took 0.114 seconds
[2024-03-26T06:31:56.755+0000] {processor.py:157} INFO - Started process (PID=2376) to work on /home/airflow/.local/lib/python3.8/site-packages/airflow/example_dags/example_short_circuit_operator.py
[2024-03-26T06:31:56.756+0000] {processor.py:829} INFO - Processing file /home/airflow/.local/lib/python3.8/site-packages/airflow/example_dags/example_short_circuit_operator.py for tasks to queue
[2024-03-26T06:31:56.760+0000] {logging_mixin.py:151} INFO - [2024-03-26T06:31:56.759+0000] {dagbag.py:539} INFO - Filling up the DagBag from /home/airflow/.local/lib/python3.8/site-packages/airflow/example_dags/example_short_circuit_operator.py
[2024-03-26T06:31:56.769+0000] {processor.py:839} INFO - DAG(s) dict_keys(['example_short_circuit_operator']) retrieved from /home/airflow/.local/lib/python3.8/site-packages/airflow/example_dags/example_short_circuit_operator.py
[2024-03-26T06:31:56.800+0000] {logging_mixin.py:151} INFO - [2024-03-26T06:31:56.799+0000] {dag.py:2915} INFO - Sync 1 DAGs
[2024-03-26T06:31:56.826+0000] {logging_mixin.py:151} INFO - [2024-03-26T06:31:56.826+0000] {dag.py:3696} INFO - Setting next_dagrun for example_short_circuit_operator to 2024-03-25T06:31:56.826088+00:00, run_after=2024-03-26T06:31:56.826088+00:00
[2024-03-26T06:31:56.850+0000] {processor.py:179} INFO - Processing /home/airflow/.local/lib/python3.8/site-packages/airflow/example_dags/example_short_circuit_operator.py took 0.100 seconds
[2024-03-26T06:32:27.028+0000] {processor.py:157} INFO - Started process (PID=2430) to work on /home/airflow/.local/lib/python3.8/site-packages/airflow/example_dags/example_short_circuit_operator.py
[2024-03-26T06:32:27.030+0000] {processor.py:829} INFO - Processing file /home/airflow/.local/lib/python3.8/site-packages/airflow/example_dags/example_short_circuit_operator.py for tasks to queue
[2024-03-26T06:32:27.033+0000] {logging_mixin.py:151} INFO - [2024-03-26T06:32:27.033+0000] {dagbag.py:539} INFO - Filling up the DagBag from /home/airflow/.local/lib/python3.8/site-packages/airflow/example_dags/example_short_circuit_operator.py
[2024-03-26T06:32:27.043+0000] {processor.py:839} INFO - DAG(s) dict_keys(['example_short_circuit_operator']) retrieved from /home/airflow/.local/lib/python3.8/site-packages/airflow/example_dags/example_short_circuit_operator.py
[2024-03-26T06:32:27.069+0000] {logging_mixin.py:151} INFO - [2024-03-26T06:32:27.069+0000] {dag.py:2915} INFO - Sync 1 DAGs
[2024-03-26T06:32:27.091+0000] {logging_mixin.py:151} INFO - [2024-03-26T06:32:27.091+0000] {dag.py:3696} INFO - Setting next_dagrun for example_short_circuit_operator to 2024-03-25T06:32:27.091314+00:00, run_after=2024-03-26T06:32:27.091314+00:00
[2024-03-26T06:32:27.123+0000] {processor.py:179} INFO - Processing /home/airflow/.local/lib/python3.8/site-packages/airflow/example_dags/example_short_circuit_operator.py took 0.100 seconds
[2024-03-26T06:32:57.367+0000] {processor.py:157} INFO - Started process (PID=2483) to work on /home/airflow/.local/lib/python3.8/site-packages/airflow/example_dags/example_short_circuit_operator.py
[2024-03-26T06:32:57.368+0000] {processor.py:829} INFO - Processing file /home/airflow/.local/lib/python3.8/site-packages/airflow/example_dags/example_short_circuit_operator.py for tasks to queue
[2024-03-26T06:32:57.371+0000] {logging_mixin.py:151} INFO - [2024-03-26T06:32:57.371+0000] {dagbag.py:539} INFO - Filling up the DagBag from /home/airflow/.local/lib/python3.8/site-packages/airflow/example_dags/example_short_circuit_operator.py
[2024-03-26T06:32:57.383+0000] {processor.py:839} INFO - DAG(s) dict_keys(['example_short_circuit_operator']) retrieved from /home/airflow/.local/lib/python3.8/site-packages/airflow/example_dags/example_short_circuit_operator.py
[2024-03-26T06:32:57.411+0000] {logging_mixin.py:151} INFO - [2024-03-26T06:32:57.411+0000] {dag.py:2915} INFO - Sync 1 DAGs
[2024-03-26T06:32:57.441+0000] {logging_mixin.py:151} INFO - [2024-03-26T06:32:57.441+0000] {dag.py:3696} INFO - Setting next_dagrun for example_short_circuit_operator to 2024-03-25T06:32:57.441271+00:00, run_after=2024-03-26T06:32:57.441271+00:00
[2024-03-26T06:32:57.475+0000] {processor.py:179} INFO - Processing /home/airflow/.local/lib/python3.8/site-packages/airflow/example_dags/example_short_circuit_operator.py took 0.112 seconds
[2024-03-26T06:33:27.964+0000] {processor.py:157} INFO - Started process (PID=2537) to work on /home/airflow/.local/lib/python3.8/site-packages/airflow/example_dags/example_short_circuit_operator.py
[2024-03-26T06:33:27.965+0000] {processor.py:829} INFO - Processing file /home/airflow/.local/lib/python3.8/site-packages/airflow/example_dags/example_short_circuit_operator.py for tasks to queue
[2024-03-26T06:33:27.969+0000] {logging_mixin.py:151} INFO - [2024-03-26T06:33:27.969+0000] {dagbag.py:539} INFO - Filling up the DagBag from /home/airflow/.local/lib/python3.8/site-packages/airflow/example_dags/example_short_circuit_operator.py
[2024-03-26T06:33:27.979+0000] {processor.py:839} INFO - DAG(s) dict_keys(['example_short_circuit_operator']) retrieved from /home/airflow/.local/lib/python3.8/site-packages/airflow/example_dags/example_short_circuit_operator.py
[2024-03-26T06:33:28.019+0000] {logging_mixin.py:151} INFO - [2024-03-26T06:33:28.018+0000] {dag.py:2915} INFO - Sync 1 DAGs
[2024-03-26T06:33:28.056+0000] {logging_mixin.py:151} INFO - [2024-03-26T06:33:28.055+0000] {dag.py:3696} INFO - Setting next_dagrun for example_short_circuit_operator to 2024-03-25T06:33:28.055600+00:00, run_after=2024-03-26T06:33:28.055600+00:00
[2024-03-26T06:33:28.089+0000] {processor.py:179} INFO - Processing /home/airflow/.local/lib/python3.8/site-packages/airflow/example_dags/example_short_circuit_operator.py took 0.129 seconds
[2024-03-26T06:33:59.070+0000] {processor.py:157} INFO - Started process (PID=2599) to work on /home/airflow/.local/lib/python3.8/site-packages/airflow/example_dags/example_short_circuit_operator.py
[2024-03-26T06:33:59.072+0000] {processor.py:829} INFO - Processing file /home/airflow/.local/lib/python3.8/site-packages/airflow/example_dags/example_short_circuit_operator.py for tasks to queue
[2024-03-26T06:33:59.075+0000] {logging_mixin.py:151} INFO - [2024-03-26T06:33:59.075+0000] {dagbag.py:539} INFO - Filling up the DagBag from /home/airflow/.local/lib/python3.8/site-packages/airflow/example_dags/example_short_circuit_operator.py
[2024-03-26T06:33:59.084+0000] {processor.py:839} INFO - DAG(s) dict_keys(['example_short_circuit_operator']) retrieved from /home/airflow/.local/lib/python3.8/site-packages/airflow/example_dags/example_short_circuit_operator.py
[2024-03-26T06:33:59.111+0000] {logging_mixin.py:151} INFO - [2024-03-26T06:33:59.111+0000] {dag.py:2915} INFO - Sync 1 DAGs
[2024-03-26T06:33:59.140+0000] {logging_mixin.py:151} INFO - [2024-03-26T06:33:59.140+0000] {dag.py:3696} INFO - Setting next_dagrun for example_short_circuit_operator to 2024-03-25T06:33:59.140002+00:00, run_after=2024-03-26T06:33:59.140002+00:00
[2024-03-26T06:33:59.163+0000] {processor.py:179} INFO - Processing /home/airflow/.local/lib/python3.8/site-packages/airflow/example_dags/example_short_circuit_operator.py took 0.096 seconds
