[2024-03-26T06:04:15.193+0000] {processor.py:157} INFO - Started process (PID=82) to work on /home/airflow/.local/lib/python3.8/site-packages/airflow/example_dags/example_complex.py
[2024-03-26T06:04:15.195+0000] {processor.py:829} INFO - Processing file /home/airflow/.local/lib/python3.8/site-packages/airflow/example_dags/example_complex.py for tasks to queue
[2024-03-26T06:04:15.207+0000] {logging_mixin.py:151} INFO - [2024-03-26T06:04:15.206+0000] {dagbag.py:539} INFO - Filling up the DagBag from /home/airflow/.local/lib/python3.8/site-packages/airflow/example_dags/example_complex.py
[2024-03-26T06:04:15.237+0000] {processor.py:839} INFO - DAG(s) dict_keys(['example_complex']) retrieved from /home/airflow/.local/lib/python3.8/site-packages/airflow/example_dags/example_complex.py
[2024-03-26T06:04:15.480+0000] {logging_mixin.py:151} INFO - [2024-03-26T06:04:15.479+0000] {manager.py:499} INFO - Created Permission View: %s
[2024-03-26T06:04:15.501+0000] {logging_mixin.py:151} INFO - [2024-03-26T06:04:15.501+0000] {manager.py:499} INFO - Created Permission View: %s
[2024-03-26T06:04:15.517+0000] {logging_mixin.py:151} INFO - [2024-03-26T06:04:15.517+0000] {manager.py:499} INFO - Created Permission View: %s
[2024-03-26T06:04:15.518+0000] {logging_mixin.py:151} INFO - [2024-03-26T06:04:15.518+0000] {security.py:708} INFO - Not syncing DAG-level permissions for DAG 'DAG:example_complex' as access control is unset.
[2024-03-26T06:04:15.519+0000] {logging_mixin.py:151} INFO - [2024-03-26T06:04:15.519+0000] {dag.py:2915} INFO - Sync 1 DAGs
[2024-03-26T06:04:15.537+0000] {logging_mixin.py:151} INFO - [2024-03-26T06:04:15.537+0000] {dag.py:2937} INFO - Creating ORM DAG for example_complex
[2024-03-26T06:04:15.538+0000] {logging_mixin.py:151} INFO - [2024-03-26T06:04:15.538+0000] {dag.py:3696} INFO - Setting next_dagrun for example_complex to None, run_after=None
[2024-03-26T06:04:15.582+0000] {processor.py:179} INFO - Processing /home/airflow/.local/lib/python3.8/site-packages/airflow/example_dags/example_complex.py took 0.402 seconds
[2024-03-26T06:04:46.395+0000] {processor.py:157} INFO - Started process (PID=137) to work on /home/airflow/.local/lib/python3.8/site-packages/airflow/example_dags/example_complex.py
[2024-03-26T06:04:46.398+0000] {processor.py:829} INFO - Processing file /home/airflow/.local/lib/python3.8/site-packages/airflow/example_dags/example_complex.py for tasks to queue
[2024-03-26T06:04:46.402+0000] {logging_mixin.py:151} INFO - [2024-03-26T06:04:46.401+0000] {dagbag.py:539} INFO - Filling up the DagBag from /home/airflow/.local/lib/python3.8/site-packages/airflow/example_dags/example_complex.py
[2024-03-26T06:04:46.421+0000] {processor.py:839} INFO - DAG(s) dict_keys(['example_complex']) retrieved from /home/airflow/.local/lib/python3.8/site-packages/airflow/example_dags/example_complex.py
[2024-03-26T06:04:46.470+0000] {logging_mixin.py:151} INFO - [2024-03-26T06:04:46.469+0000] {dag.py:2915} INFO - Sync 1 DAGs
[2024-03-26T06:04:46.489+0000] {logging_mixin.py:151} INFO - [2024-03-26T06:04:46.489+0000] {dag.py:3696} INFO - Setting next_dagrun for example_complex to None, run_after=None
[2024-03-26T06:04:46.523+0000] {processor.py:179} INFO - Processing /home/airflow/.local/lib/python3.8/site-packages/airflow/example_dags/example_complex.py took 0.134 seconds
[2024-03-26T06:05:16.970+0000] {processor.py:157} INFO - Started process (PID=191) to work on /home/airflow/.local/lib/python3.8/site-packages/airflow/example_dags/example_complex.py
[2024-03-26T06:05:16.972+0000] {processor.py:829} INFO - Processing file /home/airflow/.local/lib/python3.8/site-packages/airflow/example_dags/example_complex.py for tasks to queue
[2024-03-26T06:05:16.976+0000] {logging_mixin.py:151} INFO - [2024-03-26T06:05:16.975+0000] {dagbag.py:539} INFO - Filling up the DagBag from /home/airflow/.local/lib/python3.8/site-packages/airflow/example_dags/example_complex.py
[2024-03-26T06:05:16.990+0000] {processor.py:839} INFO - DAG(s) dict_keys(['example_complex']) retrieved from /home/airflow/.local/lib/python3.8/site-packages/airflow/example_dags/example_complex.py
[2024-03-26T06:05:17.031+0000] {logging_mixin.py:151} INFO - [2024-03-26T06:05:17.030+0000] {dag.py:2915} INFO - Sync 1 DAGs
[2024-03-26T06:05:17.047+0000] {logging_mixin.py:151} INFO - [2024-03-26T06:05:17.047+0000] {dag.py:3696} INFO - Setting next_dagrun for example_complex to None, run_after=None
[2024-03-26T06:05:17.108+0000] {processor.py:179} INFO - Processing /home/airflow/.local/lib/python3.8/site-packages/airflow/example_dags/example_complex.py took 0.142 seconds
[2024-03-26T06:05:49.263+0000] {processor.py:157} INFO - Started process (PID=251) to work on /home/airflow/.local/lib/python3.8/site-packages/airflow/example_dags/example_complex.py
[2024-03-26T06:05:49.264+0000] {processor.py:829} INFO - Processing file /home/airflow/.local/lib/python3.8/site-packages/airflow/example_dags/example_complex.py for tasks to queue
[2024-03-26T06:05:49.268+0000] {logging_mixin.py:151} INFO - [2024-03-26T06:05:49.267+0000] {dagbag.py:539} INFO - Filling up the DagBag from /home/airflow/.local/lib/python3.8/site-packages/airflow/example_dags/example_complex.py
[2024-03-26T06:05:49.287+0000] {processor.py:839} INFO - DAG(s) dict_keys(['example_complex']) retrieved from /home/airflow/.local/lib/python3.8/site-packages/airflow/example_dags/example_complex.py
[2024-03-26T06:05:49.329+0000] {logging_mixin.py:151} INFO - [2024-03-26T06:05:49.329+0000] {dag.py:2915} INFO - Sync 1 DAGs
[2024-03-26T06:05:49.348+0000] {logging_mixin.py:151} INFO - [2024-03-26T06:05:49.348+0000] {dag.py:3696} INFO - Setting next_dagrun for example_complex to None, run_after=None
[2024-03-26T06:05:49.381+0000] {processor.py:179} INFO - Processing /home/airflow/.local/lib/python3.8/site-packages/airflow/example_dags/example_complex.py took 0.124 seconds
[2024-03-26T06:06:22.592+0000] {processor.py:157} INFO - Started process (PID=305) to work on /home/airflow/.local/lib/python3.8/site-packages/airflow/example_dags/example_complex.py
[2024-03-26T06:06:22.601+0000] {processor.py:829} INFO - Processing file /home/airflow/.local/lib/python3.8/site-packages/airflow/example_dags/example_complex.py for tasks to queue
[2024-03-26T06:06:22.606+0000] {logging_mixin.py:151} INFO - [2024-03-26T06:06:22.605+0000] {dagbag.py:539} INFO - Filling up the DagBag from /home/airflow/.local/lib/python3.8/site-packages/airflow/example_dags/example_complex.py
[2024-03-26T06:06:22.638+0000] {processor.py:839} INFO - DAG(s) dict_keys(['example_complex']) retrieved from /home/airflow/.local/lib/python3.8/site-packages/airflow/example_dags/example_complex.py
[2024-03-26T06:06:22.888+0000] {logging_mixin.py:151} INFO - [2024-03-26T06:06:22.888+0000] {dag.py:2915} INFO - Sync 1 DAGs
[2024-03-26T06:06:22.924+0000] {logging_mixin.py:151} INFO - [2024-03-26T06:06:22.923+0000] {dag.py:3696} INFO - Setting next_dagrun for example_complex to None, run_after=None
[2024-03-26T06:06:22.992+0000] {processor.py:179} INFO - Processing /home/airflow/.local/lib/python3.8/site-packages/airflow/example_dags/example_complex.py took 0.405 seconds
[2024-03-26T06:06:54.317+0000] {processor.py:157} INFO - Started process (PID=359) to work on /home/airflow/.local/lib/python3.8/site-packages/airflow/example_dags/example_complex.py
[2024-03-26T06:06:54.320+0000] {processor.py:829} INFO - Processing file /home/airflow/.local/lib/python3.8/site-packages/airflow/example_dags/example_complex.py for tasks to queue
[2024-03-26T06:06:54.324+0000] {logging_mixin.py:151} INFO - [2024-03-26T06:06:54.323+0000] {dagbag.py:539} INFO - Filling up the DagBag from /home/airflow/.local/lib/python3.8/site-packages/airflow/example_dags/example_complex.py
[2024-03-26T06:06:54.346+0000] {processor.py:839} INFO - DAG(s) dict_keys(['example_complex']) retrieved from /home/airflow/.local/lib/python3.8/site-packages/airflow/example_dags/example_complex.py
[2024-03-26T06:06:54.393+0000] {logging_mixin.py:151} INFO - [2024-03-26T06:06:54.393+0000] {dag.py:2915} INFO - Sync 1 DAGs
[2024-03-26T06:06:54.415+0000] {logging_mixin.py:151} INFO - [2024-03-26T06:06:54.414+0000] {dag.py:3696} INFO - Setting next_dagrun for example_complex to None, run_after=None
[2024-03-26T06:06:54.451+0000] {processor.py:179} INFO - Processing /home/airflow/.local/lib/python3.8/site-packages/airflow/example_dags/example_complex.py took 0.139 seconds
[2024-03-26T06:07:26.153+0000] {processor.py:157} INFO - Started process (PID=413) to work on /home/airflow/.local/lib/python3.8/site-packages/airflow/example_dags/example_complex.py
[2024-03-26T06:07:26.156+0000] {processor.py:829} INFO - Processing file /home/airflow/.local/lib/python3.8/site-packages/airflow/example_dags/example_complex.py for tasks to queue
[2024-03-26T06:07:26.159+0000] {logging_mixin.py:151} INFO - [2024-03-26T06:07:26.159+0000] {dagbag.py:539} INFO - Filling up the DagBag from /home/airflow/.local/lib/python3.8/site-packages/airflow/example_dags/example_complex.py
[2024-03-26T06:07:26.172+0000] {processor.py:839} INFO - DAG(s) dict_keys(['example_complex']) retrieved from /home/airflow/.local/lib/python3.8/site-packages/airflow/example_dags/example_complex.py
[2024-03-26T06:07:26.212+0000] {logging_mixin.py:151} INFO - [2024-03-26T06:07:26.212+0000] {dag.py:2915} INFO - Sync 1 DAGs
[2024-03-26T06:07:26.227+0000] {logging_mixin.py:151} INFO - [2024-03-26T06:07:26.227+0000] {dag.py:3696} INFO - Setting next_dagrun for example_complex to None, run_after=None
[2024-03-26T06:07:26.255+0000] {processor.py:179} INFO - Processing /home/airflow/.local/lib/python3.8/site-packages/airflow/example_dags/example_complex.py took 0.108 seconds
[2024-03-26T06:07:56.664+0000] {processor.py:157} INFO - Started process (PID=467) to work on /home/airflow/.local/lib/python3.8/site-packages/airflow/example_dags/example_complex.py
[2024-03-26T06:07:56.666+0000] {processor.py:829} INFO - Processing file /home/airflow/.local/lib/python3.8/site-packages/airflow/example_dags/example_complex.py for tasks to queue
[2024-03-26T06:07:56.669+0000] {logging_mixin.py:151} INFO - [2024-03-26T06:07:56.669+0000] {dagbag.py:539} INFO - Filling up the DagBag from /home/airflow/.local/lib/python3.8/site-packages/airflow/example_dags/example_complex.py
[2024-03-26T06:07:56.683+0000] {processor.py:839} INFO - DAG(s) dict_keys(['example_complex']) retrieved from /home/airflow/.local/lib/python3.8/site-packages/airflow/example_dags/example_complex.py
[2024-03-26T06:07:56.720+0000] {logging_mixin.py:151} INFO - [2024-03-26T06:07:56.720+0000] {dag.py:2915} INFO - Sync 1 DAGs
[2024-03-26T06:07:56.737+0000] {logging_mixin.py:151} INFO - [2024-03-26T06:07:56.737+0000] {dag.py:3696} INFO - Setting next_dagrun for example_complex to None, run_after=None
[2024-03-26T06:07:56.761+0000] {processor.py:179} INFO - Processing /home/airflow/.local/lib/python3.8/site-packages/airflow/example_dags/example_complex.py took 0.102 seconds
[2024-03-26T06:08:27.612+0000] {processor.py:157} INFO - Started process (PID=521) to work on /home/airflow/.local/lib/python3.8/site-packages/airflow/example_dags/example_complex.py
[2024-03-26T06:08:27.613+0000] {processor.py:829} INFO - Processing file /home/airflow/.local/lib/python3.8/site-packages/airflow/example_dags/example_complex.py for tasks to queue
[2024-03-26T06:08:27.617+0000] {logging_mixin.py:151} INFO - [2024-03-26T06:08:27.616+0000] {dagbag.py:539} INFO - Filling up the DagBag from /home/airflow/.local/lib/python3.8/site-packages/airflow/example_dags/example_complex.py
[2024-03-26T06:08:27.632+0000] {processor.py:839} INFO - DAG(s) dict_keys(['example_complex']) retrieved from /home/airflow/.local/lib/python3.8/site-packages/airflow/example_dags/example_complex.py
[2024-03-26T06:08:27.671+0000] {logging_mixin.py:151} INFO - [2024-03-26T06:08:27.671+0000] {dag.py:2915} INFO - Sync 1 DAGs
[2024-03-26T06:08:27.688+0000] {logging_mixin.py:151} INFO - [2024-03-26T06:08:27.687+0000] {dag.py:3696} INFO - Setting next_dagrun for example_complex to None, run_after=None
[2024-03-26T06:08:27.715+0000] {processor.py:179} INFO - Processing /home/airflow/.local/lib/python3.8/site-packages/airflow/example_dags/example_complex.py took 0.107 seconds
[2024-03-26T06:08:58.147+0000] {processor.py:157} INFO - Started process (PID=575) to work on /home/airflow/.local/lib/python3.8/site-packages/airflow/example_dags/example_complex.py
[2024-03-26T06:08:58.148+0000] {processor.py:829} INFO - Processing file /home/airflow/.local/lib/python3.8/site-packages/airflow/example_dags/example_complex.py for tasks to queue
[2024-03-26T06:08:58.151+0000] {logging_mixin.py:151} INFO - [2024-03-26T06:08:58.151+0000] {dagbag.py:539} INFO - Filling up the DagBag from /home/airflow/.local/lib/python3.8/site-packages/airflow/example_dags/example_complex.py
[2024-03-26T06:08:58.164+0000] {processor.py:839} INFO - DAG(s) dict_keys(['example_complex']) retrieved from /home/airflow/.local/lib/python3.8/site-packages/airflow/example_dags/example_complex.py
[2024-03-26T06:08:58.197+0000] {logging_mixin.py:151} INFO - [2024-03-26T06:08:58.197+0000] {dag.py:2915} INFO - Sync 1 DAGs
[2024-03-26T06:08:58.211+0000] {logging_mixin.py:151} INFO - [2024-03-26T06:08:58.211+0000] {dag.py:3696} INFO - Setting next_dagrun for example_complex to None, run_after=None
[2024-03-26T06:08:58.249+0000] {processor.py:179} INFO - Processing /home/airflow/.local/lib/python3.8/site-packages/airflow/example_dags/example_complex.py took 0.106 seconds
[2024-03-26T06:09:29.092+0000] {processor.py:157} INFO - Started process (PID=629) to work on /home/airflow/.local/lib/python3.8/site-packages/airflow/example_dags/example_complex.py
[2024-03-26T06:09:29.094+0000] {processor.py:829} INFO - Processing file /home/airflow/.local/lib/python3.8/site-packages/airflow/example_dags/example_complex.py for tasks to queue
[2024-03-26T06:09:29.097+0000] {logging_mixin.py:151} INFO - [2024-03-26T06:09:29.097+0000] {dagbag.py:539} INFO - Filling up the DagBag from /home/airflow/.local/lib/python3.8/site-packages/airflow/example_dags/example_complex.py
[2024-03-26T06:09:29.114+0000] {processor.py:839} INFO - DAG(s) dict_keys(['example_complex']) retrieved from /home/airflow/.local/lib/python3.8/site-packages/airflow/example_dags/example_complex.py
[2024-03-26T06:09:29.152+0000] {logging_mixin.py:151} INFO - [2024-03-26T06:09:29.152+0000] {dag.py:2915} INFO - Sync 1 DAGs
[2024-03-26T06:09:29.168+0000] {logging_mixin.py:151} INFO - [2024-03-26T06:09:29.167+0000] {dag.py:3696} INFO - Setting next_dagrun for example_complex to None, run_after=None
[2024-03-26T06:09:29.192+0000] {processor.py:179} INFO - Processing /home/airflow/.local/lib/python3.8/site-packages/airflow/example_dags/example_complex.py took 0.104 seconds
[2024-03-26T06:09:59.813+0000] {processor.py:157} INFO - Started process (PID=683) to work on /home/airflow/.local/lib/python3.8/site-packages/airflow/example_dags/example_complex.py
[2024-03-26T06:09:59.814+0000] {processor.py:829} INFO - Processing file /home/airflow/.local/lib/python3.8/site-packages/airflow/example_dags/example_complex.py for tasks to queue
[2024-03-26T06:09:59.817+0000] {logging_mixin.py:151} INFO - [2024-03-26T06:09:59.817+0000] {dagbag.py:539} INFO - Filling up the DagBag from /home/airflow/.local/lib/python3.8/site-packages/airflow/example_dags/example_complex.py
[2024-03-26T06:09:59.833+0000] {processor.py:839} INFO - DAG(s) dict_keys(['example_complex']) retrieved from /home/airflow/.local/lib/python3.8/site-packages/airflow/example_dags/example_complex.py
[2024-03-26T06:09:59.870+0000] {logging_mixin.py:151} INFO - [2024-03-26T06:09:59.870+0000] {dag.py:2915} INFO - Sync 1 DAGs
[2024-03-26T06:09:59.885+0000] {logging_mixin.py:151} INFO - [2024-03-26T06:09:59.885+0000] {dag.py:3696} INFO - Setting next_dagrun for example_complex to None, run_after=None
[2024-03-26T06:09:59.909+0000] {processor.py:179} INFO - Processing /home/airflow/.local/lib/python3.8/site-packages/airflow/example_dags/example_complex.py took 0.101 seconds
[2024-03-26T06:10:30.458+0000] {processor.py:157} INFO - Started process (PID=737) to work on /home/airflow/.local/lib/python3.8/site-packages/airflow/example_dags/example_complex.py
[2024-03-26T06:10:30.459+0000] {processor.py:829} INFO - Processing file /home/airflow/.local/lib/python3.8/site-packages/airflow/example_dags/example_complex.py for tasks to queue
[2024-03-26T06:10:30.462+0000] {logging_mixin.py:151} INFO - [2024-03-26T06:10:30.462+0000] {dagbag.py:539} INFO - Filling up the DagBag from /home/airflow/.local/lib/python3.8/site-packages/airflow/example_dags/example_complex.py
[2024-03-26T06:10:30.477+0000] {processor.py:839} INFO - DAG(s) dict_keys(['example_complex']) retrieved from /home/airflow/.local/lib/python3.8/site-packages/airflow/example_dags/example_complex.py
[2024-03-26T06:10:30.516+0000] {logging_mixin.py:151} INFO - [2024-03-26T06:10:30.515+0000] {dag.py:2915} INFO - Sync 1 DAGs
[2024-03-26T06:10:30.533+0000] {logging_mixin.py:151} INFO - [2024-03-26T06:10:30.533+0000] {dag.py:3696} INFO - Setting next_dagrun for example_complex to None, run_after=None
[2024-03-26T06:10:30.559+0000] {processor.py:179} INFO - Processing /home/airflow/.local/lib/python3.8/site-packages/airflow/example_dags/example_complex.py took 0.106 seconds
[2024-03-26T06:11:00.890+0000] {processor.py:157} INFO - Started process (PID=791) to work on /home/airflow/.local/lib/python3.8/site-packages/airflow/example_dags/example_complex.py
[2024-03-26T06:11:00.892+0000] {processor.py:829} INFO - Processing file /home/airflow/.local/lib/python3.8/site-packages/airflow/example_dags/example_complex.py for tasks to queue
[2024-03-26T06:11:00.896+0000] {logging_mixin.py:151} INFO - [2024-03-26T06:11:00.895+0000] {dagbag.py:539} INFO - Filling up the DagBag from /home/airflow/.local/lib/python3.8/site-packages/airflow/example_dags/example_complex.py
[2024-03-26T06:11:00.910+0000] {processor.py:839} INFO - DAG(s) dict_keys(['example_complex']) retrieved from /home/airflow/.local/lib/python3.8/site-packages/airflow/example_dags/example_complex.py
[2024-03-26T06:11:00.954+0000] {logging_mixin.py:151} INFO - [2024-03-26T06:11:00.954+0000] {dag.py:2915} INFO - Sync 1 DAGs
[2024-03-26T06:11:00.970+0000] {logging_mixin.py:151} INFO - [2024-03-26T06:11:00.970+0000] {dag.py:3696} INFO - Setting next_dagrun for example_complex to None, run_after=None
[2024-03-26T06:11:00.996+0000] {processor.py:179} INFO - Processing /home/airflow/.local/lib/python3.8/site-packages/airflow/example_dags/example_complex.py took 0.110 seconds
[2024-03-26T06:11:31.983+0000] {processor.py:157} INFO - Started process (PID=845) to work on /home/airflow/.local/lib/python3.8/site-packages/airflow/example_dags/example_complex.py
[2024-03-26T06:11:31.985+0000] {processor.py:829} INFO - Processing file /home/airflow/.local/lib/python3.8/site-packages/airflow/example_dags/example_complex.py for tasks to queue
[2024-03-26T06:11:31.987+0000] {logging_mixin.py:151} INFO - [2024-03-26T06:11:31.987+0000] {dagbag.py:539} INFO - Filling up the DagBag from /home/airflow/.local/lib/python3.8/site-packages/airflow/example_dags/example_complex.py
[2024-03-26T06:11:32.002+0000] {processor.py:839} INFO - DAG(s) dict_keys(['example_complex']) retrieved from /home/airflow/.local/lib/python3.8/site-packages/airflow/example_dags/example_complex.py
[2024-03-26T06:11:32.041+0000] {logging_mixin.py:151} INFO - [2024-03-26T06:11:32.041+0000] {dag.py:2915} INFO - Sync 1 DAGs
[2024-03-26T06:11:32.056+0000] {logging_mixin.py:151} INFO - [2024-03-26T06:11:32.056+0000] {dag.py:3696} INFO - Setting next_dagrun for example_complex to None, run_after=None
[2024-03-26T06:11:32.081+0000] {processor.py:179} INFO - Processing /home/airflow/.local/lib/python3.8/site-packages/airflow/example_dags/example_complex.py took 0.102 seconds
[2024-03-26T06:12:02.723+0000] {processor.py:157} INFO - Started process (PID=899) to work on /home/airflow/.local/lib/python3.8/site-packages/airflow/example_dags/example_complex.py
[2024-03-26T06:12:02.724+0000] {processor.py:829} INFO - Processing file /home/airflow/.local/lib/python3.8/site-packages/airflow/example_dags/example_complex.py for tasks to queue
[2024-03-26T06:12:02.728+0000] {logging_mixin.py:151} INFO - [2024-03-26T06:12:02.728+0000] {dagbag.py:539} INFO - Filling up the DagBag from /home/airflow/.local/lib/python3.8/site-packages/airflow/example_dags/example_complex.py
[2024-03-26T06:12:02.746+0000] {processor.py:839} INFO - DAG(s) dict_keys(['example_complex']) retrieved from /home/airflow/.local/lib/python3.8/site-packages/airflow/example_dags/example_complex.py
[2024-03-26T06:12:02.788+0000] {logging_mixin.py:151} INFO - [2024-03-26T06:12:02.788+0000] {dag.py:2915} INFO - Sync 1 DAGs
[2024-03-26T06:12:02.806+0000] {logging_mixin.py:151} INFO - [2024-03-26T06:12:02.806+0000] {dag.py:3696} INFO - Setting next_dagrun for example_complex to None, run_after=None
[2024-03-26T06:12:02.834+0000] {processor.py:179} INFO - Processing /home/airflow/.local/lib/python3.8/site-packages/airflow/example_dags/example_complex.py took 0.115 seconds
[2024-03-26T06:12:33.401+0000] {processor.py:157} INFO - Started process (PID=953) to work on /home/airflow/.local/lib/python3.8/site-packages/airflow/example_dags/example_complex.py
[2024-03-26T06:12:33.402+0000] {processor.py:829} INFO - Processing file /home/airflow/.local/lib/python3.8/site-packages/airflow/example_dags/example_complex.py for tasks to queue
[2024-03-26T06:12:33.405+0000] {logging_mixin.py:151} INFO - [2024-03-26T06:12:33.404+0000] {dagbag.py:539} INFO - Filling up the DagBag from /home/airflow/.local/lib/python3.8/site-packages/airflow/example_dags/example_complex.py
[2024-03-26T06:12:33.417+0000] {processor.py:839} INFO - DAG(s) dict_keys(['example_complex']) retrieved from /home/airflow/.local/lib/python3.8/site-packages/airflow/example_dags/example_complex.py
[2024-03-26T06:12:33.452+0000] {logging_mixin.py:151} INFO - [2024-03-26T06:12:33.452+0000] {dag.py:2915} INFO - Sync 1 DAGs
[2024-03-26T06:12:33.470+0000] {logging_mixin.py:151} INFO - [2024-03-26T06:12:33.470+0000] {dag.py:3696} INFO - Setting next_dagrun for example_complex to None, run_after=None
[2024-03-26T06:12:33.498+0000] {processor.py:179} INFO - Processing /home/airflow/.local/lib/python3.8/site-packages/airflow/example_dags/example_complex.py took 0.102 seconds
[2024-03-26T06:19:11.111+0000] {processor.py:157} INFO - Started process (PID=1031) to work on /home/airflow/.local/lib/python3.8/site-packages/airflow/example_dags/example_complex.py
[2024-03-26T06:19:11.112+0000] {processor.py:829} INFO - Processing file /home/airflow/.local/lib/python3.8/site-packages/airflow/example_dags/example_complex.py for tasks to queue
[2024-03-26T06:19:11.115+0000] {logging_mixin.py:151} INFO - [2024-03-26T06:19:11.115+0000] {dagbag.py:539} INFO - Filling up the DagBag from /home/airflow/.local/lib/python3.8/site-packages/airflow/example_dags/example_complex.py
[2024-03-26T06:19:11.130+0000] {processor.py:839} INFO - DAG(s) dict_keys(['example_complex']) retrieved from /home/airflow/.local/lib/python3.8/site-packages/airflow/example_dags/example_complex.py
[2024-03-26T06:19:11.165+0000] {logging_mixin.py:151} INFO - [2024-03-26T06:19:11.165+0000] {dag.py:2915} INFO - Sync 1 DAGs
[2024-03-26T06:19:11.180+0000] {logging_mixin.py:151} INFO - [2024-03-26T06:19:11.180+0000] {dag.py:3696} INFO - Setting next_dagrun for example_complex to None, run_after=None
[2024-03-26T06:19:11.203+0000] {processor.py:179} INFO - Processing /home/airflow/.local/lib/python3.8/site-packages/airflow/example_dags/example_complex.py took 0.096 seconds
[2024-03-26T06:19:41.470+0000] {processor.py:157} INFO - Started process (PID=1085) to work on /home/airflow/.local/lib/python3.8/site-packages/airflow/example_dags/example_complex.py
[2024-03-26T06:19:41.471+0000] {processor.py:829} INFO - Processing file /home/airflow/.local/lib/python3.8/site-packages/airflow/example_dags/example_complex.py for tasks to queue
[2024-03-26T06:19:41.475+0000] {logging_mixin.py:151} INFO - [2024-03-26T06:19:41.474+0000] {dagbag.py:539} INFO - Filling up the DagBag from /home/airflow/.local/lib/python3.8/site-packages/airflow/example_dags/example_complex.py
[2024-03-26T06:19:41.488+0000] {processor.py:839} INFO - DAG(s) dict_keys(['example_complex']) retrieved from /home/airflow/.local/lib/python3.8/site-packages/airflow/example_dags/example_complex.py
[2024-03-26T06:19:41.523+0000] {logging_mixin.py:151} INFO - [2024-03-26T06:19:41.523+0000] {dag.py:2915} INFO - Sync 1 DAGs
[2024-03-26T06:19:41.542+0000] {logging_mixin.py:151} INFO - [2024-03-26T06:19:41.541+0000] {dag.py:3696} INFO - Setting next_dagrun for example_complex to None, run_after=None
[2024-03-26T06:19:41.570+0000] {processor.py:179} INFO - Processing /home/airflow/.local/lib/python3.8/site-packages/airflow/example_dags/example_complex.py took 0.105 seconds
[2024-03-26T06:20:12.077+0000] {processor.py:157} INFO - Started process (PID=1139) to work on /home/airflow/.local/lib/python3.8/site-packages/airflow/example_dags/example_complex.py
[2024-03-26T06:20:12.078+0000] {processor.py:829} INFO - Processing file /home/airflow/.local/lib/python3.8/site-packages/airflow/example_dags/example_complex.py for tasks to queue
[2024-03-26T06:20:12.081+0000] {logging_mixin.py:151} INFO - [2024-03-26T06:20:12.081+0000] {dagbag.py:539} INFO - Filling up the DagBag from /home/airflow/.local/lib/python3.8/site-packages/airflow/example_dags/example_complex.py
[2024-03-26T06:20:12.094+0000] {processor.py:839} INFO - DAG(s) dict_keys(['example_complex']) retrieved from /home/airflow/.local/lib/python3.8/site-packages/airflow/example_dags/example_complex.py
[2024-03-26T06:20:12.131+0000] {logging_mixin.py:151} INFO - [2024-03-26T06:20:12.130+0000] {dag.py:2915} INFO - Sync 1 DAGs
[2024-03-26T06:20:12.146+0000] {logging_mixin.py:151} INFO - [2024-03-26T06:20:12.146+0000] {dag.py:3696} INFO - Setting next_dagrun for example_complex to None, run_after=None
[2024-03-26T06:20:12.171+0000] {processor.py:179} INFO - Processing /home/airflow/.local/lib/python3.8/site-packages/airflow/example_dags/example_complex.py took 0.098 seconds
[2024-03-26T06:20:42.973+0000] {processor.py:157} INFO - Started process (PID=1193) to work on /home/airflow/.local/lib/python3.8/site-packages/airflow/example_dags/example_complex.py
[2024-03-26T06:20:42.974+0000] {processor.py:829} INFO - Processing file /home/airflow/.local/lib/python3.8/site-packages/airflow/example_dags/example_complex.py for tasks to queue
[2024-03-26T06:20:42.977+0000] {logging_mixin.py:151} INFO - [2024-03-26T06:20:42.977+0000] {dagbag.py:539} INFO - Filling up the DagBag from /home/airflow/.local/lib/python3.8/site-packages/airflow/example_dags/example_complex.py
[2024-03-26T06:20:42.990+0000] {processor.py:839} INFO - DAG(s) dict_keys(['example_complex']) retrieved from /home/airflow/.local/lib/python3.8/site-packages/airflow/example_dags/example_complex.py
[2024-03-26T06:20:43.025+0000] {logging_mixin.py:151} INFO - [2024-03-26T06:20:43.025+0000] {dag.py:2915} INFO - Sync 1 DAGs
[2024-03-26T06:20:43.040+0000] {logging_mixin.py:151} INFO - [2024-03-26T06:20:43.039+0000] {dag.py:3696} INFO - Setting next_dagrun for example_complex to None, run_after=None
[2024-03-26T06:20:43.066+0000] {processor.py:179} INFO - Processing /home/airflow/.local/lib/python3.8/site-packages/airflow/example_dags/example_complex.py took 0.097 seconds
[2024-03-26T06:21:13.097+0000] {processor.py:157} INFO - Started process (PID=1247) to work on /home/airflow/.local/lib/python3.8/site-packages/airflow/example_dags/example_complex.py
[2024-03-26T06:21:13.099+0000] {processor.py:829} INFO - Processing file /home/airflow/.local/lib/python3.8/site-packages/airflow/example_dags/example_complex.py for tasks to queue
[2024-03-26T06:21:13.102+0000] {logging_mixin.py:151} INFO - [2024-03-26T06:21:13.101+0000] {dagbag.py:539} INFO - Filling up the DagBag from /home/airflow/.local/lib/python3.8/site-packages/airflow/example_dags/example_complex.py
[2024-03-26T06:21:13.117+0000] {processor.py:839} INFO - DAG(s) dict_keys(['example_complex']) retrieved from /home/airflow/.local/lib/python3.8/site-packages/airflow/example_dags/example_complex.py
[2024-03-26T06:21:13.154+0000] {logging_mixin.py:151} INFO - [2024-03-26T06:21:13.154+0000] {dag.py:2915} INFO - Sync 1 DAGs
[2024-03-26T06:21:13.169+0000] {logging_mixin.py:151} INFO - [2024-03-26T06:21:13.169+0000] {dag.py:3696} INFO - Setting next_dagrun for example_complex to None, run_after=None
[2024-03-26T06:21:13.192+0000] {processor.py:179} INFO - Processing /home/airflow/.local/lib/python3.8/site-packages/airflow/example_dags/example_complex.py took 0.099 seconds
[2024-03-26T06:21:44.168+0000] {processor.py:157} INFO - Started process (PID=1301) to work on /home/airflow/.local/lib/python3.8/site-packages/airflow/example_dags/example_complex.py
[2024-03-26T06:21:44.169+0000] {processor.py:829} INFO - Processing file /home/airflow/.local/lib/python3.8/site-packages/airflow/example_dags/example_complex.py for tasks to queue
[2024-03-26T06:21:44.173+0000] {logging_mixin.py:151} INFO - [2024-03-26T06:21:44.173+0000] {dagbag.py:539} INFO - Filling up the DagBag from /home/airflow/.local/lib/python3.8/site-packages/airflow/example_dags/example_complex.py
[2024-03-26T06:21:44.186+0000] {processor.py:839} INFO - DAG(s) dict_keys(['example_complex']) retrieved from /home/airflow/.local/lib/python3.8/site-packages/airflow/example_dags/example_complex.py
[2024-03-26T06:21:44.223+0000] {logging_mixin.py:151} INFO - [2024-03-26T06:21:44.223+0000] {dag.py:2915} INFO - Sync 1 DAGs
[2024-03-26T06:21:44.240+0000] {logging_mixin.py:151} INFO - [2024-03-26T06:21:44.239+0000] {dag.py:3696} INFO - Setting next_dagrun for example_complex to None, run_after=None
[2024-03-26T06:21:44.275+0000] {processor.py:179} INFO - Processing /home/airflow/.local/lib/python3.8/site-packages/airflow/example_dags/example_complex.py took 0.112 seconds
[2024-03-26T06:22:14.546+0000] {processor.py:157} INFO - Started process (PID=1355) to work on /home/airflow/.local/lib/python3.8/site-packages/airflow/example_dags/example_complex.py
[2024-03-26T06:22:14.547+0000] {processor.py:829} INFO - Processing file /home/airflow/.local/lib/python3.8/site-packages/airflow/example_dags/example_complex.py for tasks to queue
[2024-03-26T06:22:14.551+0000] {logging_mixin.py:151} INFO - [2024-03-26T06:22:14.550+0000] {dagbag.py:539} INFO - Filling up the DagBag from /home/airflow/.local/lib/python3.8/site-packages/airflow/example_dags/example_complex.py
[2024-03-26T06:22:14.567+0000] {processor.py:839} INFO - DAG(s) dict_keys(['example_complex']) retrieved from /home/airflow/.local/lib/python3.8/site-packages/airflow/example_dags/example_complex.py
[2024-03-26T06:22:14.607+0000] {logging_mixin.py:151} INFO - [2024-03-26T06:22:14.607+0000] {dag.py:2915} INFO - Sync 1 DAGs
[2024-03-26T06:22:14.622+0000] {logging_mixin.py:151} INFO - [2024-03-26T06:22:14.621+0000] {dag.py:3696} INFO - Setting next_dagrun for example_complex to None, run_after=None
[2024-03-26T06:22:14.646+0000] {processor.py:179} INFO - Processing /home/airflow/.local/lib/python3.8/site-packages/airflow/example_dags/example_complex.py took 0.104 seconds
[2024-03-26T06:22:45.311+0000] {processor.py:157} INFO - Started process (PID=1409) to work on /home/airflow/.local/lib/python3.8/site-packages/airflow/example_dags/example_complex.py
[2024-03-26T06:22:45.313+0000] {processor.py:829} INFO - Processing file /home/airflow/.local/lib/python3.8/site-packages/airflow/example_dags/example_complex.py for tasks to queue
[2024-03-26T06:22:45.316+0000] {logging_mixin.py:151} INFO - [2024-03-26T06:22:45.316+0000] {dagbag.py:539} INFO - Filling up the DagBag from /home/airflow/.local/lib/python3.8/site-packages/airflow/example_dags/example_complex.py
[2024-03-26T06:22:45.330+0000] {processor.py:839} INFO - DAG(s) dict_keys(['example_complex']) retrieved from /home/airflow/.local/lib/python3.8/site-packages/airflow/example_dags/example_complex.py
[2024-03-26T06:22:45.366+0000] {logging_mixin.py:151} INFO - [2024-03-26T06:22:45.366+0000] {dag.py:2915} INFO - Sync 1 DAGs
[2024-03-26T06:22:45.381+0000] {logging_mixin.py:151} INFO - [2024-03-26T06:22:45.381+0000] {dag.py:3696} INFO - Setting next_dagrun for example_complex to None, run_after=None
[2024-03-26T06:22:45.413+0000] {processor.py:179} INFO - Processing /home/airflow/.local/lib/python3.8/site-packages/airflow/example_dags/example_complex.py took 0.106 seconds
[2024-03-26T06:23:15.850+0000] {processor.py:157} INFO - Started process (PID=1463) to work on /home/airflow/.local/lib/python3.8/site-packages/airflow/example_dags/example_complex.py
[2024-03-26T06:23:15.852+0000] {processor.py:829} INFO - Processing file /home/airflow/.local/lib/python3.8/site-packages/airflow/example_dags/example_complex.py for tasks to queue
[2024-03-26T06:23:15.856+0000] {logging_mixin.py:151} INFO - [2024-03-26T06:23:15.855+0000] {dagbag.py:539} INFO - Filling up the DagBag from /home/airflow/.local/lib/python3.8/site-packages/airflow/example_dags/example_complex.py
[2024-03-26T06:23:15.870+0000] {processor.py:839} INFO - DAG(s) dict_keys(['example_complex']) retrieved from /home/airflow/.local/lib/python3.8/site-packages/airflow/example_dags/example_complex.py
[2024-03-26T06:23:15.909+0000] {logging_mixin.py:151} INFO - [2024-03-26T06:23:15.909+0000] {dag.py:2915} INFO - Sync 1 DAGs
[2024-03-26T06:23:15.925+0000] {logging_mixin.py:151} INFO - [2024-03-26T06:23:15.924+0000] {dag.py:3696} INFO - Setting next_dagrun for example_complex to None, run_after=None
[2024-03-26T06:23:15.951+0000] {processor.py:179} INFO - Processing /home/airflow/.local/lib/python3.8/site-packages/airflow/example_dags/example_complex.py took 0.105 seconds
[2024-03-26T06:23:46.551+0000] {processor.py:157} INFO - Started process (PID=1517) to work on /home/airflow/.local/lib/python3.8/site-packages/airflow/example_dags/example_complex.py
[2024-03-26T06:23:46.552+0000] {processor.py:829} INFO - Processing file /home/airflow/.local/lib/python3.8/site-packages/airflow/example_dags/example_complex.py for tasks to queue
[2024-03-26T06:23:46.556+0000] {logging_mixin.py:151} INFO - [2024-03-26T06:23:46.555+0000] {dagbag.py:539} INFO - Filling up the DagBag from /home/airflow/.local/lib/python3.8/site-packages/airflow/example_dags/example_complex.py
[2024-03-26T06:23:46.570+0000] {processor.py:839} INFO - DAG(s) dict_keys(['example_complex']) retrieved from /home/airflow/.local/lib/python3.8/site-packages/airflow/example_dags/example_complex.py
[2024-03-26T06:23:46.610+0000] {logging_mixin.py:151} INFO - [2024-03-26T06:23:46.609+0000] {dag.py:2915} INFO - Sync 1 DAGs
[2024-03-26T06:23:46.626+0000] {logging_mixin.py:151} INFO - [2024-03-26T06:23:46.626+0000] {dag.py:3696} INFO - Setting next_dagrun for example_complex to None, run_after=None
[2024-03-26T06:23:46.652+0000] {processor.py:179} INFO - Processing /home/airflow/.local/lib/python3.8/site-packages/airflow/example_dags/example_complex.py took 0.104 seconds
[2024-03-26T06:24:17.187+0000] {processor.py:157} INFO - Started process (PID=1571) to work on /home/airflow/.local/lib/python3.8/site-packages/airflow/example_dags/example_complex.py
[2024-03-26T06:24:17.189+0000] {processor.py:829} INFO - Processing file /home/airflow/.local/lib/python3.8/site-packages/airflow/example_dags/example_complex.py for tasks to queue
[2024-03-26T06:24:17.192+0000] {logging_mixin.py:151} INFO - [2024-03-26T06:24:17.192+0000] {dagbag.py:539} INFO - Filling up the DagBag from /home/airflow/.local/lib/python3.8/site-packages/airflow/example_dags/example_complex.py
[2024-03-26T06:24:17.208+0000] {processor.py:839} INFO - DAG(s) dict_keys(['example_complex']) retrieved from /home/airflow/.local/lib/python3.8/site-packages/airflow/example_dags/example_complex.py
[2024-03-26T06:24:17.249+0000] {logging_mixin.py:151} INFO - [2024-03-26T06:24:17.248+0000] {dag.py:2915} INFO - Sync 1 DAGs
[2024-03-26T06:24:17.264+0000] {logging_mixin.py:151} INFO - [2024-03-26T06:24:17.264+0000] {dag.py:3696} INFO - Setting next_dagrun for example_complex to None, run_after=None
[2024-03-26T06:24:17.289+0000] {processor.py:179} INFO - Processing /home/airflow/.local/lib/python3.8/site-packages/airflow/example_dags/example_complex.py took 0.106 seconds
[2024-03-26T06:24:47.849+0000] {processor.py:157} INFO - Started process (PID=1625) to work on /home/airflow/.local/lib/python3.8/site-packages/airflow/example_dags/example_complex.py
[2024-03-26T06:24:47.850+0000] {processor.py:829} INFO - Processing file /home/airflow/.local/lib/python3.8/site-packages/airflow/example_dags/example_complex.py for tasks to queue
[2024-03-26T06:24:47.853+0000] {logging_mixin.py:151} INFO - [2024-03-26T06:24:47.852+0000] {dagbag.py:539} INFO - Filling up the DagBag from /home/airflow/.local/lib/python3.8/site-packages/airflow/example_dags/example_complex.py
[2024-03-26T06:24:47.867+0000] {processor.py:839} INFO - DAG(s) dict_keys(['example_complex']) retrieved from /home/airflow/.local/lib/python3.8/site-packages/airflow/example_dags/example_complex.py
[2024-03-26T06:24:47.910+0000] {logging_mixin.py:151} INFO - [2024-03-26T06:24:47.910+0000] {dag.py:2915} INFO - Sync 1 DAGs
[2024-03-26T06:24:47.927+0000] {logging_mixin.py:151} INFO - [2024-03-26T06:24:47.927+0000] {dag.py:3696} INFO - Setting next_dagrun for example_complex to None, run_after=None
[2024-03-26T06:24:47.960+0000] {processor.py:179} INFO - Processing /home/airflow/.local/lib/python3.8/site-packages/airflow/example_dags/example_complex.py took 0.115 seconds
[2024-03-26T06:25:18.334+0000] {processor.py:157} INFO - Started process (PID=1679) to work on /home/airflow/.local/lib/python3.8/site-packages/airflow/example_dags/example_complex.py
[2024-03-26T06:25:18.335+0000] {processor.py:829} INFO - Processing file /home/airflow/.local/lib/python3.8/site-packages/airflow/example_dags/example_complex.py for tasks to queue
[2024-03-26T06:25:18.338+0000] {logging_mixin.py:151} INFO - [2024-03-26T06:25:18.338+0000] {dagbag.py:539} INFO - Filling up the DagBag from /home/airflow/.local/lib/python3.8/site-packages/airflow/example_dags/example_complex.py
[2024-03-26T06:25:18.352+0000] {processor.py:839} INFO - DAG(s) dict_keys(['example_complex']) retrieved from /home/airflow/.local/lib/python3.8/site-packages/airflow/example_dags/example_complex.py
[2024-03-26T06:25:18.388+0000] {logging_mixin.py:151} INFO - [2024-03-26T06:25:18.388+0000] {dag.py:2915} INFO - Sync 1 DAGs
[2024-03-26T06:25:18.404+0000] {logging_mixin.py:151} INFO - [2024-03-26T06:25:18.404+0000] {dag.py:3696} INFO - Setting next_dagrun for example_complex to None, run_after=None
[2024-03-26T06:25:18.428+0000] {processor.py:179} INFO - Processing /home/airflow/.local/lib/python3.8/site-packages/airflow/example_dags/example_complex.py took 0.098 seconds
[2024-03-26T06:25:48.722+0000] {processor.py:157} INFO - Started process (PID=1733) to work on /home/airflow/.local/lib/python3.8/site-packages/airflow/example_dags/example_complex.py
[2024-03-26T06:25:48.724+0000] {processor.py:829} INFO - Processing file /home/airflow/.local/lib/python3.8/site-packages/airflow/example_dags/example_complex.py for tasks to queue
[2024-03-26T06:25:48.726+0000] {logging_mixin.py:151} INFO - [2024-03-26T06:25:48.726+0000] {dagbag.py:539} INFO - Filling up the DagBag from /home/airflow/.local/lib/python3.8/site-packages/airflow/example_dags/example_complex.py
[2024-03-26T06:25:48.740+0000] {processor.py:839} INFO - DAG(s) dict_keys(['example_complex']) retrieved from /home/airflow/.local/lib/python3.8/site-packages/airflow/example_dags/example_complex.py
[2024-03-26T06:25:48.779+0000] {logging_mixin.py:151} INFO - [2024-03-26T06:25:48.779+0000] {dag.py:2915} INFO - Sync 1 DAGs
[2024-03-26T06:25:48.810+0000] {logging_mixin.py:151} INFO - [2024-03-26T06:25:48.810+0000] {dag.py:3696} INFO - Setting next_dagrun for example_complex to None, run_after=None
[2024-03-26T06:25:48.837+0000] {processor.py:179} INFO - Processing /home/airflow/.local/lib/python3.8/site-packages/airflow/example_dags/example_complex.py took 0.118 seconds
[2024-03-26T06:26:19.407+0000] {processor.py:157} INFO - Started process (PID=1787) to work on /home/airflow/.local/lib/python3.8/site-packages/airflow/example_dags/example_complex.py
[2024-03-26T06:26:19.409+0000] {processor.py:829} INFO - Processing file /home/airflow/.local/lib/python3.8/site-packages/airflow/example_dags/example_complex.py for tasks to queue
[2024-03-26T06:26:19.414+0000] {logging_mixin.py:151} INFO - [2024-03-26T06:26:19.413+0000] {dagbag.py:539} INFO - Filling up the DagBag from /home/airflow/.local/lib/python3.8/site-packages/airflow/example_dags/example_complex.py
[2024-03-26T06:26:19.438+0000] {processor.py:839} INFO - DAG(s) dict_keys(['example_complex']) retrieved from /home/airflow/.local/lib/python3.8/site-packages/airflow/example_dags/example_complex.py
[2024-03-26T06:26:19.481+0000] {logging_mixin.py:151} INFO - [2024-03-26T06:26:19.481+0000] {dag.py:2915} INFO - Sync 1 DAGs
[2024-03-26T06:26:19.500+0000] {logging_mixin.py:151} INFO - [2024-03-26T06:26:19.499+0000] {dag.py:3696} INFO - Setting next_dagrun for example_complex to None, run_after=None
[2024-03-26T06:26:19.534+0000] {processor.py:179} INFO - Processing /home/airflow/.local/lib/python3.8/site-packages/airflow/example_dags/example_complex.py took 0.132 seconds
[2024-03-26T06:26:49.829+0000] {processor.py:157} INFO - Started process (PID=1841) to work on /home/airflow/.local/lib/python3.8/site-packages/airflow/example_dags/example_complex.py
[2024-03-26T06:26:49.831+0000] {processor.py:829} INFO - Processing file /home/airflow/.local/lib/python3.8/site-packages/airflow/example_dags/example_complex.py for tasks to queue
[2024-03-26T06:26:49.834+0000] {logging_mixin.py:151} INFO - [2024-03-26T06:26:49.834+0000] {dagbag.py:539} INFO - Filling up the DagBag from /home/airflow/.local/lib/python3.8/site-packages/airflow/example_dags/example_complex.py
[2024-03-26T06:26:49.850+0000] {processor.py:839} INFO - DAG(s) dict_keys(['example_complex']) retrieved from /home/airflow/.local/lib/python3.8/site-packages/airflow/example_dags/example_complex.py
[2024-03-26T06:26:49.895+0000] {logging_mixin.py:151} INFO - [2024-03-26T06:26:49.895+0000] {dag.py:2915} INFO - Sync 1 DAGs
[2024-03-26T06:26:49.913+0000] {logging_mixin.py:151} INFO - [2024-03-26T06:26:49.913+0000] {dag.py:3696} INFO - Setting next_dagrun for example_complex to None, run_after=None
[2024-03-26T06:26:49.941+0000] {processor.py:179} INFO - Processing /home/airflow/.local/lib/python3.8/site-packages/airflow/example_dags/example_complex.py took 0.116 seconds
[2024-03-26T06:27:20.311+0000] {processor.py:157} INFO - Started process (PID=1895) to work on /home/airflow/.local/lib/python3.8/site-packages/airflow/example_dags/example_complex.py
[2024-03-26T06:27:20.312+0000] {processor.py:829} INFO - Processing file /home/airflow/.local/lib/python3.8/site-packages/airflow/example_dags/example_complex.py for tasks to queue
[2024-03-26T06:27:20.315+0000] {logging_mixin.py:151} INFO - [2024-03-26T06:27:20.315+0000] {dagbag.py:539} INFO - Filling up the DagBag from /home/airflow/.local/lib/python3.8/site-packages/airflow/example_dags/example_complex.py
[2024-03-26T06:27:20.327+0000] {processor.py:839} INFO - DAG(s) dict_keys(['example_complex']) retrieved from /home/airflow/.local/lib/python3.8/site-packages/airflow/example_dags/example_complex.py
[2024-03-26T06:27:20.365+0000] {logging_mixin.py:151} INFO - [2024-03-26T06:27:20.365+0000] {dag.py:2915} INFO - Sync 1 DAGs
[2024-03-26T06:27:20.382+0000] {logging_mixin.py:151} INFO - [2024-03-26T06:27:20.382+0000] {dag.py:3696} INFO - Setting next_dagrun for example_complex to None, run_after=None
[2024-03-26T06:27:20.406+0000] {processor.py:179} INFO - Processing /home/airflow/.local/lib/python3.8/site-packages/airflow/example_dags/example_complex.py took 0.100 seconds
[2024-03-26T06:27:51.902+0000] {processor.py:157} INFO - Started process (PID=1949) to work on /home/airflow/.local/lib/python3.8/site-packages/airflow/example_dags/example_complex.py
[2024-03-26T06:27:51.904+0000] {processor.py:829} INFO - Processing file /home/airflow/.local/lib/python3.8/site-packages/airflow/example_dags/example_complex.py for tasks to queue
[2024-03-26T06:27:51.911+0000] {logging_mixin.py:151} INFO - [2024-03-26T06:27:51.910+0000] {dagbag.py:539} INFO - Filling up the DagBag from /home/airflow/.local/lib/python3.8/site-packages/airflow/example_dags/example_complex.py
[2024-03-26T06:27:51.935+0000] {processor.py:839} INFO - DAG(s) dict_keys(['example_complex']) retrieved from /home/airflow/.local/lib/python3.8/site-packages/airflow/example_dags/example_complex.py
[2024-03-26T06:27:51.992+0000] {logging_mixin.py:151} INFO - [2024-03-26T06:27:51.992+0000] {dag.py:2915} INFO - Sync 1 DAGs
[2024-03-26T06:27:52.011+0000] {logging_mixin.py:151} INFO - [2024-03-26T06:27:52.011+0000] {dag.py:3696} INFO - Setting next_dagrun for example_complex to None, run_after=None
[2024-03-26T06:27:52.054+0000] {processor.py:179} INFO - Processing /home/airflow/.local/lib/python3.8/site-packages/airflow/example_dags/example_complex.py took 0.156 seconds
[2024-03-26T06:28:22.254+0000] {processor.py:157} INFO - Started process (PID=2003) to work on /home/airflow/.local/lib/python3.8/site-packages/airflow/example_dags/example_complex.py
[2024-03-26T06:28:22.255+0000] {processor.py:829} INFO - Processing file /home/airflow/.local/lib/python3.8/site-packages/airflow/example_dags/example_complex.py for tasks to queue
[2024-03-26T06:28:22.260+0000] {logging_mixin.py:151} INFO - [2024-03-26T06:28:22.260+0000] {dagbag.py:539} INFO - Filling up the DagBag from /home/airflow/.local/lib/python3.8/site-packages/airflow/example_dags/example_complex.py
[2024-03-26T06:28:22.273+0000] {processor.py:839} INFO - DAG(s) dict_keys(['example_complex']) retrieved from /home/airflow/.local/lib/python3.8/site-packages/airflow/example_dags/example_complex.py
[2024-03-26T06:28:22.316+0000] {logging_mixin.py:151} INFO - [2024-03-26T06:28:22.315+0000] {dag.py:2915} INFO - Sync 1 DAGs
[2024-03-26T06:28:22.336+0000] {logging_mixin.py:151} INFO - [2024-03-26T06:28:22.335+0000] {dag.py:3696} INFO - Setting next_dagrun for example_complex to None, run_after=None
[2024-03-26T06:28:22.361+0000] {processor.py:179} INFO - Processing /home/airflow/.local/lib/python3.8/site-packages/airflow/example_dags/example_complex.py took 0.111 seconds
[2024-03-26T06:28:52.611+0000] {processor.py:157} INFO - Started process (PID=2058) to work on /home/airflow/.local/lib/python3.8/site-packages/airflow/example_dags/example_complex.py
[2024-03-26T06:28:52.612+0000] {processor.py:829} INFO - Processing file /home/airflow/.local/lib/python3.8/site-packages/airflow/example_dags/example_complex.py for tasks to queue
[2024-03-26T06:28:52.615+0000] {logging_mixin.py:151} INFO - [2024-03-26T06:28:52.615+0000] {dagbag.py:539} INFO - Filling up the DagBag from /home/airflow/.local/lib/python3.8/site-packages/airflow/example_dags/example_complex.py
[2024-03-26T06:28:52.632+0000] {processor.py:839} INFO - DAG(s) dict_keys(['example_complex']) retrieved from /home/airflow/.local/lib/python3.8/site-packages/airflow/example_dags/example_complex.py
[2024-03-26T06:28:52.674+0000] {logging_mixin.py:151} INFO - [2024-03-26T06:28:52.673+0000] {dag.py:2915} INFO - Sync 1 DAGs
[2024-03-26T06:28:52.689+0000] {logging_mixin.py:151} INFO - [2024-03-26T06:28:52.689+0000] {dag.py:3696} INFO - Setting next_dagrun for example_complex to None, run_after=None
[2024-03-26T06:28:52.724+0000] {processor.py:179} INFO - Processing /home/airflow/.local/lib/python3.8/site-packages/airflow/example_dags/example_complex.py took 0.118 seconds
[2024-03-26T06:29:23.444+0000] {processor.py:157} INFO - Started process (PID=2111) to work on /home/airflow/.local/lib/python3.8/site-packages/airflow/example_dags/example_complex.py
[2024-03-26T06:29:23.446+0000] {processor.py:829} INFO - Processing file /home/airflow/.local/lib/python3.8/site-packages/airflow/example_dags/example_complex.py for tasks to queue
[2024-03-26T06:29:23.449+0000] {logging_mixin.py:151} INFO - [2024-03-26T06:29:23.449+0000] {dagbag.py:539} INFO - Filling up the DagBag from /home/airflow/.local/lib/python3.8/site-packages/airflow/example_dags/example_complex.py
[2024-03-26T06:29:23.464+0000] {processor.py:839} INFO - DAG(s) dict_keys(['example_complex']) retrieved from /home/airflow/.local/lib/python3.8/site-packages/airflow/example_dags/example_complex.py
[2024-03-26T06:29:23.501+0000] {logging_mixin.py:151} INFO - [2024-03-26T06:29:23.501+0000] {dag.py:2915} INFO - Sync 1 DAGs
[2024-03-26T06:29:23.518+0000] {logging_mixin.py:151} INFO - [2024-03-26T06:29:23.517+0000] {dag.py:3696} INFO - Setting next_dagrun for example_complex to None, run_after=None
[2024-03-26T06:29:23.541+0000] {processor.py:179} INFO - Processing /home/airflow/.local/lib/python3.8/site-packages/airflow/example_dags/example_complex.py took 0.101 seconds
[2024-03-26T06:29:54.549+0000] {processor.py:157} INFO - Started process (PID=2165) to work on /home/airflow/.local/lib/python3.8/site-packages/airflow/example_dags/example_complex.py
[2024-03-26T06:29:54.551+0000] {processor.py:829} INFO - Processing file /home/airflow/.local/lib/python3.8/site-packages/airflow/example_dags/example_complex.py for tasks to queue
[2024-03-26T06:29:54.554+0000] {logging_mixin.py:151} INFO - [2024-03-26T06:29:54.554+0000] {dagbag.py:539} INFO - Filling up the DagBag from /home/airflow/.local/lib/python3.8/site-packages/airflow/example_dags/example_complex.py
[2024-03-26T06:29:54.573+0000] {processor.py:839} INFO - DAG(s) dict_keys(['example_complex']) retrieved from /home/airflow/.local/lib/python3.8/site-packages/airflow/example_dags/example_complex.py
[2024-03-26T06:29:54.622+0000] {logging_mixin.py:151} INFO - [2024-03-26T06:29:54.621+0000] {dag.py:2915} INFO - Sync 1 DAGs
[2024-03-26T06:29:54.639+0000] {logging_mixin.py:151} INFO - [2024-03-26T06:29:54.638+0000] {dag.py:3696} INFO - Setting next_dagrun for example_complex to None, run_after=None
[2024-03-26T06:29:54.674+0000] {processor.py:179} INFO - Processing /home/airflow/.local/lib/python3.8/site-packages/airflow/example_dags/example_complex.py took 0.129 seconds
[2024-03-26T06:30:25.268+0000] {processor.py:157} INFO - Started process (PID=2219) to work on /home/airflow/.local/lib/python3.8/site-packages/airflow/example_dags/example_complex.py
[2024-03-26T06:30:25.269+0000] {processor.py:829} INFO - Processing file /home/airflow/.local/lib/python3.8/site-packages/airflow/example_dags/example_complex.py for tasks to queue
[2024-03-26T06:30:25.272+0000] {logging_mixin.py:151} INFO - [2024-03-26T06:30:25.272+0000] {dagbag.py:539} INFO - Filling up the DagBag from /home/airflow/.local/lib/python3.8/site-packages/airflow/example_dags/example_complex.py
[2024-03-26T06:30:25.289+0000] {processor.py:839} INFO - DAG(s) dict_keys(['example_complex']) retrieved from /home/airflow/.local/lib/python3.8/site-packages/airflow/example_dags/example_complex.py
[2024-03-26T06:30:25.332+0000] {logging_mixin.py:151} INFO - [2024-03-26T06:30:25.332+0000] {dag.py:2915} INFO - Sync 1 DAGs
[2024-03-26T06:30:25.349+0000] {logging_mixin.py:151} INFO - [2024-03-26T06:30:25.349+0000] {dag.py:3696} INFO - Setting next_dagrun for example_complex to None, run_after=None
[2024-03-26T06:30:25.387+0000] {processor.py:179} INFO - Processing /home/airflow/.local/lib/python3.8/site-packages/airflow/example_dags/example_complex.py took 0.124 seconds
[2024-03-26T06:30:55.496+0000] {processor.py:157} INFO - Started process (PID=2275) to work on /home/airflow/.local/lib/python3.8/site-packages/airflow/example_dags/example_complex.py
[2024-03-26T06:30:55.497+0000] {processor.py:829} INFO - Processing file /home/airflow/.local/lib/python3.8/site-packages/airflow/example_dags/example_complex.py for tasks to queue
[2024-03-26T06:30:55.500+0000] {logging_mixin.py:151} INFO - [2024-03-26T06:30:55.500+0000] {dagbag.py:539} INFO - Filling up the DagBag from /home/airflow/.local/lib/python3.8/site-packages/airflow/example_dags/example_complex.py
[2024-03-26T06:30:55.513+0000] {processor.py:839} INFO - DAG(s) dict_keys(['example_complex']) retrieved from /home/airflow/.local/lib/python3.8/site-packages/airflow/example_dags/example_complex.py
[2024-03-26T06:30:55.550+0000] {logging_mixin.py:151} INFO - [2024-03-26T06:30:55.550+0000] {dag.py:2915} INFO - Sync 1 DAGs
[2024-03-26T06:30:55.566+0000] {logging_mixin.py:151} INFO - [2024-03-26T06:30:55.566+0000] {dag.py:3696} INFO - Setting next_dagrun for example_complex to None, run_after=None
[2024-03-26T06:30:55.601+0000] {processor.py:179} INFO - Processing /home/airflow/.local/lib/python3.8/site-packages/airflow/example_dags/example_complex.py took 0.109 seconds
[2024-03-26T06:31:26.404+0000] {processor.py:157} INFO - Started process (PID=2327) to work on /home/airflow/.local/lib/python3.8/site-packages/airflow/example_dags/example_complex.py
[2024-03-26T06:31:26.406+0000] {processor.py:829} INFO - Processing file /home/airflow/.local/lib/python3.8/site-packages/airflow/example_dags/example_complex.py for tasks to queue
[2024-03-26T06:31:26.409+0000] {logging_mixin.py:151} INFO - [2024-03-26T06:31:26.409+0000] {dagbag.py:539} INFO - Filling up the DagBag from /home/airflow/.local/lib/python3.8/site-packages/airflow/example_dags/example_complex.py
[2024-03-26T06:31:26.421+0000] {processor.py:839} INFO - DAG(s) dict_keys(['example_complex']) retrieved from /home/airflow/.local/lib/python3.8/site-packages/airflow/example_dags/example_complex.py
[2024-03-26T06:31:26.456+0000] {logging_mixin.py:151} INFO - [2024-03-26T06:31:26.456+0000] {dag.py:2915} INFO - Sync 1 DAGs
[2024-03-26T06:31:26.472+0000] {logging_mixin.py:151} INFO - [2024-03-26T06:31:26.472+0000] {dag.py:3696} INFO - Setting next_dagrun for example_complex to None, run_after=None
[2024-03-26T06:31:26.494+0000] {processor.py:179} INFO - Processing /home/airflow/.local/lib/python3.8/site-packages/airflow/example_dags/example_complex.py took 0.093 seconds
[2024-03-26T06:31:57.182+0000] {processor.py:157} INFO - Started process (PID=2382) to work on /home/airflow/.local/lib/python3.8/site-packages/airflow/example_dags/example_complex.py
[2024-03-26T06:31:57.184+0000] {processor.py:829} INFO - Processing file /home/airflow/.local/lib/python3.8/site-packages/airflow/example_dags/example_complex.py for tasks to queue
[2024-03-26T06:31:57.188+0000] {logging_mixin.py:151} INFO - [2024-03-26T06:31:57.188+0000] {dagbag.py:539} INFO - Filling up the DagBag from /home/airflow/.local/lib/python3.8/site-packages/airflow/example_dags/example_complex.py
[2024-03-26T06:31:57.203+0000] {processor.py:839} INFO - DAG(s) dict_keys(['example_complex']) retrieved from /home/airflow/.local/lib/python3.8/site-packages/airflow/example_dags/example_complex.py
[2024-03-26T06:31:57.244+0000] {logging_mixin.py:151} INFO - [2024-03-26T06:31:57.244+0000] {dag.py:2915} INFO - Sync 1 DAGs
[2024-03-26T06:31:57.263+0000] {logging_mixin.py:151} INFO - [2024-03-26T06:31:57.263+0000] {dag.py:3696} INFO - Setting next_dagrun for example_complex to None, run_after=None
[2024-03-26T06:31:57.301+0000] {processor.py:179} INFO - Processing /home/airflow/.local/lib/python3.8/site-packages/airflow/example_dags/example_complex.py took 0.124 seconds
[2024-03-26T06:32:27.572+0000] {processor.py:157} INFO - Started process (PID=2435) to work on /home/airflow/.local/lib/python3.8/site-packages/airflow/example_dags/example_complex.py
[2024-03-26T06:32:27.573+0000] {processor.py:829} INFO - Processing file /home/airflow/.local/lib/python3.8/site-packages/airflow/example_dags/example_complex.py for tasks to queue
[2024-03-26T06:32:27.575+0000] {logging_mixin.py:151} INFO - [2024-03-26T06:32:27.575+0000] {dagbag.py:539} INFO - Filling up the DagBag from /home/airflow/.local/lib/python3.8/site-packages/airflow/example_dags/example_complex.py
[2024-03-26T06:32:27.589+0000] {processor.py:839} INFO - DAG(s) dict_keys(['example_complex']) retrieved from /home/airflow/.local/lib/python3.8/site-packages/airflow/example_dags/example_complex.py
[2024-03-26T06:32:27.623+0000] {logging_mixin.py:151} INFO - [2024-03-26T06:32:27.623+0000] {dag.py:2915} INFO - Sync 1 DAGs
[2024-03-26T06:32:27.638+0000] {logging_mixin.py:151} INFO - [2024-03-26T06:32:27.638+0000] {dag.py:3696} INFO - Setting next_dagrun for example_complex to None, run_after=None
[2024-03-26T06:32:27.660+0000] {processor.py:179} INFO - Processing /home/airflow/.local/lib/python3.8/site-packages/airflow/example_dags/example_complex.py took 0.091 seconds
[2024-03-26T06:32:57.951+0000] {processor.py:157} INFO - Started process (PID=2489) to work on /home/airflow/.local/lib/python3.8/site-packages/airflow/example_dags/example_complex.py
[2024-03-26T06:32:57.953+0000] {processor.py:829} INFO - Processing file /home/airflow/.local/lib/python3.8/site-packages/airflow/example_dags/example_complex.py for tasks to queue
[2024-03-26T06:32:57.955+0000] {logging_mixin.py:151} INFO - [2024-03-26T06:32:57.955+0000] {dagbag.py:539} INFO - Filling up the DagBag from /home/airflow/.local/lib/python3.8/site-packages/airflow/example_dags/example_complex.py
[2024-03-26T06:32:57.968+0000] {processor.py:839} INFO - DAG(s) dict_keys(['example_complex']) retrieved from /home/airflow/.local/lib/python3.8/site-packages/airflow/example_dags/example_complex.py
[2024-03-26T06:32:58.000+0000] {logging_mixin.py:151} INFO - [2024-03-26T06:32:58.000+0000] {dag.py:2915} INFO - Sync 1 DAGs
[2024-03-26T06:32:58.014+0000] {logging_mixin.py:151} INFO - [2024-03-26T06:32:58.014+0000] {dag.py:3696} INFO - Setting next_dagrun for example_complex to None, run_after=None
[2024-03-26T06:32:58.045+0000] {processor.py:179} INFO - Processing /home/airflow/.local/lib/python3.8/site-packages/airflow/example_dags/example_complex.py took 0.098 seconds
[2024-03-26T06:33:28.637+0000] {processor.py:157} INFO - Started process (PID=2550) to work on /home/airflow/.local/lib/python3.8/site-packages/airflow/example_dags/example_complex.py
[2024-03-26T06:33:28.639+0000] {processor.py:829} INFO - Processing file /home/airflow/.local/lib/python3.8/site-packages/airflow/example_dags/example_complex.py for tasks to queue
[2024-03-26T06:33:28.642+0000] {logging_mixin.py:151} INFO - [2024-03-26T06:33:28.642+0000] {dagbag.py:539} INFO - Filling up the DagBag from /home/airflow/.local/lib/python3.8/site-packages/airflow/example_dags/example_complex.py
[2024-03-26T06:33:28.659+0000] {processor.py:839} INFO - DAG(s) dict_keys(['example_complex']) retrieved from /home/airflow/.local/lib/python3.8/site-packages/airflow/example_dags/example_complex.py
[2024-03-26T06:33:28.707+0000] {logging_mixin.py:151} INFO - [2024-03-26T06:33:28.707+0000] {dag.py:2915} INFO - Sync 1 DAGs
[2024-03-26T06:33:28.726+0000] {logging_mixin.py:151} INFO - [2024-03-26T06:33:28.725+0000] {dag.py:3696} INFO - Setting next_dagrun for example_complex to None, run_after=None
[2024-03-26T06:33:28.760+0000] {processor.py:179} INFO - Processing /home/airflow/.local/lib/python3.8/site-packages/airflow/example_dags/example_complex.py took 0.128 seconds
[2024-03-26T06:33:59.700+0000] {processor.py:157} INFO - Started process (PID=2604) to work on /home/airflow/.local/lib/python3.8/site-packages/airflow/example_dags/example_complex.py
[2024-03-26T06:33:59.701+0000] {processor.py:829} INFO - Processing file /home/airflow/.local/lib/python3.8/site-packages/airflow/example_dags/example_complex.py for tasks to queue
[2024-03-26T06:33:59.704+0000] {logging_mixin.py:151} INFO - [2024-03-26T06:33:59.704+0000] {dagbag.py:539} INFO - Filling up the DagBag from /home/airflow/.local/lib/python3.8/site-packages/airflow/example_dags/example_complex.py
[2024-03-26T06:33:59.716+0000] {processor.py:839} INFO - DAG(s) dict_keys(['example_complex']) retrieved from /home/airflow/.local/lib/python3.8/site-packages/airflow/example_dags/example_complex.py
[2024-03-26T06:33:59.750+0000] {logging_mixin.py:151} INFO - [2024-03-26T06:33:59.750+0000] {dag.py:2915} INFO - Sync 1 DAGs
[2024-03-26T06:33:59.772+0000] {logging_mixin.py:151} INFO - [2024-03-26T06:33:59.772+0000] {dag.py:3696} INFO - Setting next_dagrun for example_complex to None, run_after=None
[2024-03-26T06:33:59.815+0000] {processor.py:179} INFO - Processing /home/airflow/.local/lib/python3.8/site-packages/airflow/example_dags/example_complex.py took 0.118 seconds
