[2024-03-26T06:04:06.763+0000] {processor.py:157} INFO - Started process (PID=64) to work on /home/airflow/.local/lib/python3.8/site-packages/airflow/example_dags/example_short_circuit_decorator.py
[2024-03-26T06:04:06.768+0000] {processor.py:829} INFO - Processing file /home/airflow/.local/lib/python3.8/site-packages/airflow/example_dags/example_short_circuit_decorator.py for tasks to queue
[2024-03-26T06:04:06.783+0000] {logging_mixin.py:151} INFO - [2024-03-26T06:04:06.782+0000] {dagbag.py:539} INFO - Filling up the DagBag from /home/airflow/.local/lib/python3.8/site-packages/airflow/example_dags/example_short_circuit_decorator.py
[2024-03-26T06:04:06.816+0000] {processor.py:839} INFO - DAG(s) dict_keys(['example_short_circuit_decorator']) retrieved from /home/airflow/.local/lib/python3.8/site-packages/airflow/example_dags/example_short_circuit_decorator.py
[2024-03-26T06:04:07.161+0000] {logging_mixin.py:151} INFO - [2024-03-26T06:04:07.161+0000] {manager.py:499} INFO - Created Permission View: %s
[2024-03-26T06:04:07.194+0000] {logging_mixin.py:151} INFO - [2024-03-26T06:04:07.192+0000] {manager.py:499} INFO - Created Permission View: %s
[2024-03-26T06:04:07.243+0000] {logging_mixin.py:151} INFO - [2024-03-26T06:04:07.242+0000] {manager.py:499} INFO - Created Permission View: %s
[2024-03-26T06:04:07.244+0000] {logging_mixin.py:151} INFO - [2024-03-26T06:04:07.244+0000] {security.py:708} INFO - Not syncing DAG-level permissions for DAG 'DAG:example_short_circuit_decorator' as access control is unset.
[2024-03-26T06:04:07.246+0000] {logging_mixin.py:151} INFO - [2024-03-26T06:04:07.245+0000] {dag.py:2915} INFO - Sync 1 DAGs
[2024-03-26T06:04:07.293+0000] {logging_mixin.py:151} INFO - [2024-03-26T06:04:07.292+0000] {dag.py:2937} INFO - Creating ORM DAG for example_short_circuit_decorator
[2024-03-26T06:04:07.323+0000] {logging_mixin.py:151} INFO - [2024-03-26T06:04:07.322+0000] {dag.py:3696} INFO - Setting next_dagrun for example_short_circuit_decorator to 2024-03-25T06:04:07.322197+00:00, run_after=2024-03-26T06:04:07.322197+00:00
[2024-03-26T06:04:07.397+0000] {processor.py:179} INFO - Processing /home/airflow/.local/lib/python3.8/site-packages/airflow/example_dags/example_short_circuit_decorator.py took 0.650 seconds
[2024-03-26T06:04:37.924+0000] {processor.py:157} INFO - Started process (PID=117) to work on /home/airflow/.local/lib/python3.8/site-packages/airflow/example_dags/example_short_circuit_decorator.py
[2024-03-26T06:04:37.926+0000] {processor.py:829} INFO - Processing file /home/airflow/.local/lib/python3.8/site-packages/airflow/example_dags/example_short_circuit_decorator.py for tasks to queue
[2024-03-26T06:04:37.930+0000] {logging_mixin.py:151} INFO - [2024-03-26T06:04:37.930+0000] {dagbag.py:539} INFO - Filling up the DagBag from /home/airflow/.local/lib/python3.8/site-packages/airflow/example_dags/example_short_circuit_decorator.py
[2024-03-26T06:04:37.948+0000] {processor.py:839} INFO - DAG(s) dict_keys(['example_short_circuit_decorator']) retrieved from /home/airflow/.local/lib/python3.8/site-packages/airflow/example_dags/example_short_circuit_decorator.py
[2024-03-26T06:04:37.989+0000] {logging_mixin.py:151} INFO - [2024-03-26T06:04:37.988+0000] {dag.py:2915} INFO - Sync 1 DAGs
[2024-03-26T06:04:38.030+0000] {logging_mixin.py:151} INFO - [2024-03-26T06:04:38.030+0000] {dag.py:3696} INFO - Setting next_dagrun for example_short_circuit_decorator to 2024-03-25T06:04:38.029926+00:00, run_after=2024-03-26T06:04:38.029926+00:00
[2024-03-26T06:04:38.069+0000] {processor.py:179} INFO - Processing /home/airflow/.local/lib/python3.8/site-packages/airflow/example_dags/example_short_circuit_decorator.py took 0.150 seconds
[2024-03-26T06:05:08.450+0000] {processor.py:157} INFO - Started process (PID=171) to work on /home/airflow/.local/lib/python3.8/site-packages/airflow/example_dags/example_short_circuit_decorator.py
[2024-03-26T06:05:08.454+0000] {processor.py:829} INFO - Processing file /home/airflow/.local/lib/python3.8/site-packages/airflow/example_dags/example_short_circuit_decorator.py for tasks to queue
[2024-03-26T06:05:08.466+0000] {logging_mixin.py:151} INFO - [2024-03-26T06:05:08.462+0000] {dagbag.py:539} INFO - Filling up the DagBag from /home/airflow/.local/lib/python3.8/site-packages/airflow/example_dags/example_short_circuit_decorator.py
[2024-03-26T06:05:08.503+0000] {processor.py:839} INFO - DAG(s) dict_keys(['example_short_circuit_decorator']) retrieved from /home/airflow/.local/lib/python3.8/site-packages/airflow/example_dags/example_short_circuit_decorator.py
[2024-03-26T06:05:09.836+0000] {logging_mixin.py:151} INFO - [2024-03-26T06:05:09.835+0000] {dag.py:2915} INFO - Sync 1 DAGs
[2024-03-26T06:05:09.892+0000] {logging_mixin.py:151} INFO - [2024-03-26T06:05:09.891+0000] {dag.py:3696} INFO - Setting next_dagrun for example_short_circuit_decorator to 2024-03-25T06:05:09.891228+00:00, run_after=2024-03-26T06:05:09.891228+00:00
[2024-03-26T06:05:09.931+0000] {processor.py:179} INFO - Processing /home/airflow/.local/lib/python3.8/site-packages/airflow/example_dags/example_short_circuit_decorator.py took 1.490 seconds
[2024-03-26T06:05:41.050+0000] {processor.py:157} INFO - Started process (PID=225) to work on /home/airflow/.local/lib/python3.8/site-packages/airflow/example_dags/example_short_circuit_decorator.py
[2024-03-26T06:05:41.081+0000] {processor.py:829} INFO - Processing file /home/airflow/.local/lib/python3.8/site-packages/airflow/example_dags/example_short_circuit_decorator.py for tasks to queue
[2024-03-26T06:05:41.085+0000] {logging_mixin.py:151} INFO - [2024-03-26T06:05:41.085+0000] {dagbag.py:539} INFO - Filling up the DagBag from /home/airflow/.local/lib/python3.8/site-packages/airflow/example_dags/example_short_circuit_decorator.py
[2024-03-26T06:05:41.155+0000] {processor.py:839} INFO - DAG(s) dict_keys(['example_short_circuit_decorator']) retrieved from /home/airflow/.local/lib/python3.8/site-packages/airflow/example_dags/example_short_circuit_decorator.py
[2024-03-26T06:05:41.185+0000] {logging_mixin.py:151} INFO - [2024-03-26T06:05:41.184+0000] {dag.py:2915} INFO - Sync 1 DAGs
[2024-03-26T06:05:41.214+0000] {logging_mixin.py:151} INFO - [2024-03-26T06:05:41.214+0000] {dag.py:3696} INFO - Setting next_dagrun for example_short_circuit_decorator to 2024-03-25T06:05:41.213748+00:00, run_after=2024-03-26T06:05:41.213748+00:00
[2024-03-26T06:05:41.338+0000] {processor.py:179} INFO - Processing /home/airflow/.local/lib/python3.8/site-packages/airflow/example_dags/example_short_circuit_decorator.py took 0.372 seconds
[2024-03-26T06:06:11.962+0000] {processor.py:157} INFO - Started process (PID=279) to work on /home/airflow/.local/lib/python3.8/site-packages/airflow/example_dags/example_short_circuit_decorator.py
[2024-03-26T06:06:11.964+0000] {processor.py:829} INFO - Processing file /home/airflow/.local/lib/python3.8/site-packages/airflow/example_dags/example_short_circuit_decorator.py for tasks to queue
[2024-03-26T06:06:11.967+0000] {logging_mixin.py:151} INFO - [2024-03-26T06:06:11.967+0000] {dagbag.py:539} INFO - Filling up the DagBag from /home/airflow/.local/lib/python3.8/site-packages/airflow/example_dags/example_short_circuit_decorator.py
[2024-03-26T06:06:11.996+0000] {processor.py:839} INFO - DAG(s) dict_keys(['example_short_circuit_decorator']) retrieved from /home/airflow/.local/lib/python3.8/site-packages/airflow/example_dags/example_short_circuit_decorator.py
[2024-03-26T06:06:12.059+0000] {logging_mixin.py:151} INFO - [2024-03-26T06:06:12.058+0000] {dag.py:2915} INFO - Sync 1 DAGs
[2024-03-26T06:06:12.114+0000] {logging_mixin.py:151} INFO - [2024-03-26T06:06:12.114+0000] {dag.py:3696} INFO - Setting next_dagrun for example_short_circuit_decorator to 2024-03-25T06:06:12.114012+00:00, run_after=2024-03-26T06:06:12.114012+00:00
[2024-03-26T06:06:12.167+0000] {processor.py:179} INFO - Processing /home/airflow/.local/lib/python3.8/site-packages/airflow/example_dags/example_short_circuit_decorator.py took 0.212 seconds
[2024-03-26T06:06:42.811+0000] {processor.py:157} INFO - Started process (PID=333) to work on /home/airflow/.local/lib/python3.8/site-packages/airflow/example_dags/example_short_circuit_decorator.py
[2024-03-26T06:06:42.815+0000] {processor.py:829} INFO - Processing file /home/airflow/.local/lib/python3.8/site-packages/airflow/example_dags/example_short_circuit_decorator.py for tasks to queue
[2024-03-26T06:06:42.820+0000] {logging_mixin.py:151} INFO - [2024-03-26T06:06:42.819+0000] {dagbag.py:539} INFO - Filling up the DagBag from /home/airflow/.local/lib/python3.8/site-packages/airflow/example_dags/example_short_circuit_decorator.py
[2024-03-26T06:06:42.835+0000] {processor.py:839} INFO - DAG(s) dict_keys(['example_short_circuit_decorator']) retrieved from /home/airflow/.local/lib/python3.8/site-packages/airflow/example_dags/example_short_circuit_decorator.py
[2024-03-26T06:06:42.928+0000] {logging_mixin.py:151} INFO - [2024-03-26T06:06:42.928+0000] {dag.py:2915} INFO - Sync 1 DAGs
[2024-03-26T06:06:42.993+0000] {logging_mixin.py:151} INFO - [2024-03-26T06:06:42.993+0000] {dag.py:3696} INFO - Setting next_dagrun for example_short_circuit_decorator to 2024-03-25T06:06:42.988300+00:00, run_after=2024-03-26T06:06:42.988300+00:00
[2024-03-26T06:06:43.065+0000] {processor.py:179} INFO - Processing /home/airflow/.local/lib/python3.8/site-packages/airflow/example_dags/example_short_circuit_decorator.py took 0.258 seconds
[2024-03-26T06:07:13.249+0000] {processor.py:157} INFO - Started process (PID=387) to work on /home/airflow/.local/lib/python3.8/site-packages/airflow/example_dags/example_short_circuit_decorator.py
[2024-03-26T06:07:13.284+0000] {processor.py:829} INFO - Processing file /home/airflow/.local/lib/python3.8/site-packages/airflow/example_dags/example_short_circuit_decorator.py for tasks to queue
[2024-03-26T06:07:13.287+0000] {logging_mixin.py:151} INFO - [2024-03-26T06:07:13.287+0000] {dagbag.py:539} INFO - Filling up the DagBag from /home/airflow/.local/lib/python3.8/site-packages/airflow/example_dags/example_short_circuit_decorator.py
[2024-03-26T06:07:13.334+0000] {processor.py:839} INFO - DAG(s) dict_keys(['example_short_circuit_decorator']) retrieved from /home/airflow/.local/lib/python3.8/site-packages/airflow/example_dags/example_short_circuit_decorator.py
[2024-03-26T06:07:13.392+0000] {logging_mixin.py:151} INFO - [2024-03-26T06:07:13.392+0000] {dag.py:2915} INFO - Sync 1 DAGs
[2024-03-26T06:07:13.425+0000] {logging_mixin.py:151} INFO - [2024-03-26T06:07:13.425+0000] {dag.py:3696} INFO - Setting next_dagrun for example_short_circuit_decorator to 2024-03-25T06:07:13.425118+00:00, run_after=2024-03-26T06:07:13.425118+00:00
[2024-03-26T06:07:13.533+0000] {processor.py:179} INFO - Processing /home/airflow/.local/lib/python3.8/site-packages/airflow/example_dags/example_short_circuit_decorator.py took 0.289 seconds
[2024-03-26T06:07:44.056+0000] {processor.py:157} INFO - Started process (PID=441) to work on /home/airflow/.local/lib/python3.8/site-packages/airflow/example_dags/example_short_circuit_decorator.py
[2024-03-26T06:07:44.057+0000] {processor.py:829} INFO - Processing file /home/airflow/.local/lib/python3.8/site-packages/airflow/example_dags/example_short_circuit_decorator.py for tasks to queue
[2024-03-26T06:07:44.061+0000] {logging_mixin.py:151} INFO - [2024-03-26T06:07:44.061+0000] {dagbag.py:539} INFO - Filling up the DagBag from /home/airflow/.local/lib/python3.8/site-packages/airflow/example_dags/example_short_circuit_decorator.py
[2024-03-26T06:07:44.074+0000] {processor.py:839} INFO - DAG(s) dict_keys(['example_short_circuit_decorator']) retrieved from /home/airflow/.local/lib/python3.8/site-packages/airflow/example_dags/example_short_circuit_decorator.py
[2024-03-26T06:07:44.102+0000] {logging_mixin.py:151} INFO - [2024-03-26T06:07:44.102+0000] {dag.py:2915} INFO - Sync 1 DAGs
[2024-03-26T06:07:44.128+0000] {logging_mixin.py:151} INFO - [2024-03-26T06:07:44.128+0000] {dag.py:3696} INFO - Setting next_dagrun for example_short_circuit_decorator to 2024-03-25T06:07:44.128184+00:00, run_after=2024-03-26T06:07:44.128184+00:00
[2024-03-26T06:07:44.155+0000] {processor.py:179} INFO - Processing /home/airflow/.local/lib/python3.8/site-packages/airflow/example_dags/example_short_circuit_decorator.py took 0.104 seconds
[2024-03-26T06:08:14.645+0000] {processor.py:157} INFO - Started process (PID=495) to work on /home/airflow/.local/lib/python3.8/site-packages/airflow/example_dags/example_short_circuit_decorator.py
[2024-03-26T06:08:14.647+0000] {processor.py:829} INFO - Processing file /home/airflow/.local/lib/python3.8/site-packages/airflow/example_dags/example_short_circuit_decorator.py for tasks to queue
[2024-03-26T06:08:14.650+0000] {logging_mixin.py:151} INFO - [2024-03-26T06:08:14.650+0000] {dagbag.py:539} INFO - Filling up the DagBag from /home/airflow/.local/lib/python3.8/site-packages/airflow/example_dags/example_short_circuit_decorator.py
[2024-03-26T06:08:14.660+0000] {processor.py:839} INFO - DAG(s) dict_keys(['example_short_circuit_decorator']) retrieved from /home/airflow/.local/lib/python3.8/site-packages/airflow/example_dags/example_short_circuit_decorator.py
[2024-03-26T06:08:14.687+0000] {logging_mixin.py:151} INFO - [2024-03-26T06:08:14.686+0000] {dag.py:2915} INFO - Sync 1 DAGs
[2024-03-26T06:08:14.715+0000] {logging_mixin.py:151} INFO - [2024-03-26T06:08:14.715+0000] {dag.py:3696} INFO - Setting next_dagrun for example_short_circuit_decorator to 2024-03-25T06:08:14.714901+00:00, run_after=2024-03-26T06:08:14.714901+00:00
[2024-03-26T06:08:14.742+0000] {processor.py:179} INFO - Processing /home/airflow/.local/lib/python3.8/site-packages/airflow/example_dags/example_short_circuit_decorator.py took 0.100 seconds
[2024-03-26T06:08:45.054+0000] {processor.py:157} INFO - Started process (PID=549) to work on /home/airflow/.local/lib/python3.8/site-packages/airflow/example_dags/example_short_circuit_decorator.py
[2024-03-26T06:08:45.056+0000] {processor.py:829} INFO - Processing file /home/airflow/.local/lib/python3.8/site-packages/airflow/example_dags/example_short_circuit_decorator.py for tasks to queue
[2024-03-26T06:08:45.059+0000] {logging_mixin.py:151} INFO - [2024-03-26T06:08:45.059+0000] {dagbag.py:539} INFO - Filling up the DagBag from /home/airflow/.local/lib/python3.8/site-packages/airflow/example_dags/example_short_circuit_decorator.py
[2024-03-26T06:08:45.071+0000] {processor.py:839} INFO - DAG(s) dict_keys(['example_short_circuit_decorator']) retrieved from /home/airflow/.local/lib/python3.8/site-packages/airflow/example_dags/example_short_circuit_decorator.py
[2024-03-26T06:08:45.102+0000] {logging_mixin.py:151} INFO - [2024-03-26T06:08:45.101+0000] {dag.py:2915} INFO - Sync 1 DAGs
[2024-03-26T06:08:45.128+0000] {logging_mixin.py:151} INFO - [2024-03-26T06:08:45.128+0000] {dag.py:3696} INFO - Setting next_dagrun for example_short_circuit_decorator to 2024-03-25T06:08:45.128182+00:00, run_after=2024-03-26T06:08:45.128182+00:00
[2024-03-26T06:08:45.154+0000] {processor.py:179} INFO - Processing /home/airflow/.local/lib/python3.8/site-packages/airflow/example_dags/example_short_circuit_decorator.py took 0.105 seconds
[2024-03-26T06:09:15.446+0000] {processor.py:157} INFO - Started process (PID=603) to work on /home/airflow/.local/lib/python3.8/site-packages/airflow/example_dags/example_short_circuit_decorator.py
[2024-03-26T06:09:15.448+0000] {processor.py:829} INFO - Processing file /home/airflow/.local/lib/python3.8/site-packages/airflow/example_dags/example_short_circuit_decorator.py for tasks to queue
[2024-03-26T06:09:15.455+0000] {logging_mixin.py:151} INFO - [2024-03-26T06:09:15.454+0000] {dagbag.py:539} INFO - Filling up the DagBag from /home/airflow/.local/lib/python3.8/site-packages/airflow/example_dags/example_short_circuit_decorator.py
[2024-03-26T06:09:15.467+0000] {processor.py:839} INFO - DAG(s) dict_keys(['example_short_circuit_decorator']) retrieved from /home/airflow/.local/lib/python3.8/site-packages/airflow/example_dags/example_short_circuit_decorator.py
[2024-03-26T06:09:15.505+0000] {logging_mixin.py:151} INFO - [2024-03-26T06:09:15.504+0000] {dag.py:2915} INFO - Sync 1 DAGs
[2024-03-26T06:09:15.537+0000] {logging_mixin.py:151} INFO - [2024-03-26T06:09:15.537+0000] {dag.py:3696} INFO - Setting next_dagrun for example_short_circuit_decorator to 2024-03-25T06:09:15.536902+00:00, run_after=2024-03-26T06:09:15.536902+00:00
[2024-03-26T06:09:15.563+0000] {processor.py:179} INFO - Processing /home/airflow/.local/lib/python3.8/site-packages/airflow/example_dags/example_short_circuit_decorator.py took 0.122 seconds
[2024-03-26T06:09:46.118+0000] {processor.py:157} INFO - Started process (PID=657) to work on /home/airflow/.local/lib/python3.8/site-packages/airflow/example_dags/example_short_circuit_decorator.py
[2024-03-26T06:09:46.120+0000] {processor.py:829} INFO - Processing file /home/airflow/.local/lib/python3.8/site-packages/airflow/example_dags/example_short_circuit_decorator.py for tasks to queue
[2024-03-26T06:09:46.123+0000] {logging_mixin.py:151} INFO - [2024-03-26T06:09:46.123+0000] {dagbag.py:539} INFO - Filling up the DagBag from /home/airflow/.local/lib/python3.8/site-packages/airflow/example_dags/example_short_circuit_decorator.py
[2024-03-26T06:09:46.133+0000] {processor.py:839} INFO - DAG(s) dict_keys(['example_short_circuit_decorator']) retrieved from /home/airflow/.local/lib/python3.8/site-packages/airflow/example_dags/example_short_circuit_decorator.py
[2024-03-26T06:09:46.162+0000] {logging_mixin.py:151} INFO - [2024-03-26T06:09:46.162+0000] {dag.py:2915} INFO - Sync 1 DAGs
[2024-03-26T06:09:46.190+0000] {logging_mixin.py:151} INFO - [2024-03-26T06:09:46.189+0000] {dag.py:3696} INFO - Setting next_dagrun for example_short_circuit_decorator to 2024-03-25T06:09:46.189544+00:00, run_after=2024-03-26T06:09:46.189544+00:00
[2024-03-26T06:09:46.222+0000] {processor.py:179} INFO - Processing /home/airflow/.local/lib/python3.8/site-packages/airflow/example_dags/example_short_circuit_decorator.py took 0.108 seconds
[2024-03-26T06:10:16.619+0000] {processor.py:157} INFO - Started process (PID=711) to work on /home/airflow/.local/lib/python3.8/site-packages/airflow/example_dags/example_short_circuit_decorator.py
[2024-03-26T06:10:16.620+0000] {processor.py:829} INFO - Processing file /home/airflow/.local/lib/python3.8/site-packages/airflow/example_dags/example_short_circuit_decorator.py for tasks to queue
[2024-03-26T06:10:16.624+0000] {logging_mixin.py:151} INFO - [2024-03-26T06:10:16.624+0000] {dagbag.py:539} INFO - Filling up the DagBag from /home/airflow/.local/lib/python3.8/site-packages/airflow/example_dags/example_short_circuit_decorator.py
[2024-03-26T06:10:16.634+0000] {processor.py:839} INFO - DAG(s) dict_keys(['example_short_circuit_decorator']) retrieved from /home/airflow/.local/lib/python3.8/site-packages/airflow/example_dags/example_short_circuit_decorator.py
[2024-03-26T06:10:16.665+0000] {logging_mixin.py:151} INFO - [2024-03-26T06:10:16.665+0000] {dag.py:2915} INFO - Sync 1 DAGs
[2024-03-26T06:10:16.692+0000] {logging_mixin.py:151} INFO - [2024-03-26T06:10:16.692+0000] {dag.py:3696} INFO - Setting next_dagrun for example_short_circuit_decorator to 2024-03-25T06:10:16.692248+00:00, run_after=2024-03-26T06:10:16.692248+00:00
[2024-03-26T06:10:16.724+0000] {processor.py:179} INFO - Processing /home/airflow/.local/lib/python3.8/site-packages/airflow/example_dags/example_short_circuit_decorator.py took 0.110 seconds
[2024-03-26T06:10:47.183+0000] {processor.py:157} INFO - Started process (PID=765) to work on /home/airflow/.local/lib/python3.8/site-packages/airflow/example_dags/example_short_circuit_decorator.py
[2024-03-26T06:10:47.185+0000] {processor.py:829} INFO - Processing file /home/airflow/.local/lib/python3.8/site-packages/airflow/example_dags/example_short_circuit_decorator.py for tasks to queue
[2024-03-26T06:10:47.188+0000] {logging_mixin.py:151} INFO - [2024-03-26T06:10:47.188+0000] {dagbag.py:539} INFO - Filling up the DagBag from /home/airflow/.local/lib/python3.8/site-packages/airflow/example_dags/example_short_circuit_decorator.py
[2024-03-26T06:10:47.198+0000] {processor.py:839} INFO - DAG(s) dict_keys(['example_short_circuit_decorator']) retrieved from /home/airflow/.local/lib/python3.8/site-packages/airflow/example_dags/example_short_circuit_decorator.py
[2024-03-26T06:10:47.229+0000] {logging_mixin.py:151} INFO - [2024-03-26T06:10:47.228+0000] {dag.py:2915} INFO - Sync 1 DAGs
[2024-03-26T06:10:47.254+0000] {logging_mixin.py:151} INFO - [2024-03-26T06:10:47.254+0000] {dag.py:3696} INFO - Setting next_dagrun for example_short_circuit_decorator to 2024-03-25T06:10:47.254394+00:00, run_after=2024-03-26T06:10:47.254394+00:00
[2024-03-26T06:10:47.278+0000] {processor.py:179} INFO - Processing /home/airflow/.local/lib/python3.8/site-packages/airflow/example_dags/example_short_circuit_decorator.py took 0.099 seconds
[2024-03-26T06:11:17.959+0000] {processor.py:157} INFO - Started process (PID=819) to work on /home/airflow/.local/lib/python3.8/site-packages/airflow/example_dags/example_short_circuit_decorator.py
[2024-03-26T06:11:17.960+0000] {processor.py:829} INFO - Processing file /home/airflow/.local/lib/python3.8/site-packages/airflow/example_dags/example_short_circuit_decorator.py for tasks to queue
[2024-03-26T06:11:17.964+0000] {logging_mixin.py:151} INFO - [2024-03-26T06:11:17.964+0000] {dagbag.py:539} INFO - Filling up the DagBag from /home/airflow/.local/lib/python3.8/site-packages/airflow/example_dags/example_short_circuit_decorator.py
[2024-03-26T06:11:17.977+0000] {processor.py:839} INFO - DAG(s) dict_keys(['example_short_circuit_decorator']) retrieved from /home/airflow/.local/lib/python3.8/site-packages/airflow/example_dags/example_short_circuit_decorator.py
[2024-03-26T06:11:18.009+0000] {logging_mixin.py:151} INFO - [2024-03-26T06:11:18.009+0000] {dag.py:2915} INFO - Sync 1 DAGs
[2024-03-26T06:11:18.037+0000] {logging_mixin.py:151} INFO - [2024-03-26T06:11:18.037+0000] {dag.py:3696} INFO - Setting next_dagrun for example_short_circuit_decorator to 2024-03-25T06:11:18.036604+00:00, run_after=2024-03-26T06:11:18.036604+00:00
[2024-03-26T06:11:18.063+0000] {processor.py:179} INFO - Processing /home/airflow/.local/lib/python3.8/site-packages/airflow/example_dags/example_short_circuit_decorator.py took 0.109 seconds
[2024-03-26T06:11:48.166+0000] {processor.py:157} INFO - Started process (PID=873) to work on /home/airflow/.local/lib/python3.8/site-packages/airflow/example_dags/example_short_circuit_decorator.py
[2024-03-26T06:11:48.168+0000] {processor.py:829} INFO - Processing file /home/airflow/.local/lib/python3.8/site-packages/airflow/example_dags/example_short_circuit_decorator.py for tasks to queue
[2024-03-26T06:11:48.172+0000] {logging_mixin.py:151} INFO - [2024-03-26T06:11:48.170+0000] {dagbag.py:539} INFO - Filling up the DagBag from /home/airflow/.local/lib/python3.8/site-packages/airflow/example_dags/example_short_circuit_decorator.py
[2024-03-26T06:11:48.184+0000] {processor.py:839} INFO - DAG(s) dict_keys(['example_short_circuit_decorator']) retrieved from /home/airflow/.local/lib/python3.8/site-packages/airflow/example_dags/example_short_circuit_decorator.py
[2024-03-26T06:11:48.215+0000] {logging_mixin.py:151} INFO - [2024-03-26T06:11:48.215+0000] {dag.py:2915} INFO - Sync 1 DAGs
[2024-03-26T06:11:48.243+0000] {logging_mixin.py:151} INFO - [2024-03-26T06:11:48.242+0000] {dag.py:3696} INFO - Setting next_dagrun for example_short_circuit_decorator to 2024-03-25T06:11:48.242324+00:00, run_after=2024-03-26T06:11:48.242324+00:00
[2024-03-26T06:11:48.267+0000] {processor.py:179} INFO - Processing /home/airflow/.local/lib/python3.8/site-packages/airflow/example_dags/example_short_circuit_decorator.py took 0.105 seconds
[2024-03-26T06:12:18.659+0000] {processor.py:157} INFO - Started process (PID=927) to work on /home/airflow/.local/lib/python3.8/site-packages/airflow/example_dags/example_short_circuit_decorator.py
[2024-03-26T06:12:18.660+0000] {processor.py:829} INFO - Processing file /home/airflow/.local/lib/python3.8/site-packages/airflow/example_dags/example_short_circuit_decorator.py for tasks to queue
[2024-03-26T06:12:18.664+0000] {logging_mixin.py:151} INFO - [2024-03-26T06:12:18.664+0000] {dagbag.py:539} INFO - Filling up the DagBag from /home/airflow/.local/lib/python3.8/site-packages/airflow/example_dags/example_short_circuit_decorator.py
[2024-03-26T06:12:18.675+0000] {processor.py:839} INFO - DAG(s) dict_keys(['example_short_circuit_decorator']) retrieved from /home/airflow/.local/lib/python3.8/site-packages/airflow/example_dags/example_short_circuit_decorator.py
[2024-03-26T06:12:18.704+0000] {logging_mixin.py:151} INFO - [2024-03-26T06:12:18.703+0000] {dag.py:2915} INFO - Sync 1 DAGs
[2024-03-26T06:12:18.730+0000] {logging_mixin.py:151} INFO - [2024-03-26T06:12:18.730+0000] {dag.py:3696} INFO - Setting next_dagrun for example_short_circuit_decorator to 2024-03-25T06:12:18.730068+00:00, run_after=2024-03-26T06:12:18.730068+00:00
[2024-03-26T06:12:18.756+0000] {processor.py:179} INFO - Processing /home/airflow/.local/lib/python3.8/site-packages/airflow/example_dags/example_short_circuit_decorator.py took 0.101 seconds
[2024-03-26T06:12:49.056+0000] {processor.py:157} INFO - Started process (PID=981) to work on /home/airflow/.local/lib/python3.8/site-packages/airflow/example_dags/example_short_circuit_decorator.py
[2024-03-26T06:12:49.058+0000] {processor.py:829} INFO - Processing file /home/airflow/.local/lib/python3.8/site-packages/airflow/example_dags/example_short_circuit_decorator.py for tasks to queue
[2024-03-26T06:12:49.061+0000] {logging_mixin.py:151} INFO - [2024-03-26T06:12:49.060+0000] {dagbag.py:539} INFO - Filling up the DagBag from /home/airflow/.local/lib/python3.8/site-packages/airflow/example_dags/example_short_circuit_decorator.py
[2024-03-26T06:12:49.070+0000] {processor.py:839} INFO - DAG(s) dict_keys(['example_short_circuit_decorator']) retrieved from /home/airflow/.local/lib/python3.8/site-packages/airflow/example_dags/example_short_circuit_decorator.py
[2024-03-26T06:12:49.095+0000] {logging_mixin.py:151} INFO - [2024-03-26T06:12:49.095+0000] {dag.py:2915} INFO - Sync 1 DAGs
[2024-03-26T06:12:49.116+0000] {logging_mixin.py:151} INFO - [2024-03-26T06:12:49.116+0000] {dag.py:3696} INFO - Setting next_dagrun for example_short_circuit_decorator to 2024-03-25T06:12:49.115678+00:00, run_after=2024-03-26T06:12:49.115678+00:00
[2024-03-26T06:12:49.145+0000] {processor.py:179} INFO - Processing /home/airflow/.local/lib/python3.8/site-packages/airflow/example_dags/example_short_circuit_decorator.py took 0.092 seconds
[2024-03-26T06:19:08.709+0000] {processor.py:157} INFO - Started process (PID=1013) to work on /home/airflow/.local/lib/python3.8/site-packages/airflow/example_dags/example_short_circuit_decorator.py
[2024-03-26T06:19:08.710+0000] {processor.py:829} INFO - Processing file /home/airflow/.local/lib/python3.8/site-packages/airflow/example_dags/example_short_circuit_decorator.py for tasks to queue
[2024-03-26T06:19:08.715+0000] {logging_mixin.py:151} INFO - [2024-03-26T06:19:08.714+0000] {dagbag.py:539} INFO - Filling up the DagBag from /home/airflow/.local/lib/python3.8/site-packages/airflow/example_dags/example_short_circuit_decorator.py
[2024-03-26T06:19:08.729+0000] {processor.py:839} INFO - DAG(s) dict_keys(['example_short_circuit_decorator']) retrieved from /home/airflow/.local/lib/python3.8/site-packages/airflow/example_dags/example_short_circuit_decorator.py
[2024-03-26T06:19:08.801+0000] {logging_mixin.py:151} INFO - [2024-03-26T06:19:08.800+0000] {dag.py:2915} INFO - Sync 1 DAGs
[2024-03-26T06:19:08.884+0000] {logging_mixin.py:151} INFO - [2024-03-26T06:19:08.883+0000] {dag.py:3696} INFO - Setting next_dagrun for example_short_circuit_decorator to 2024-03-25T06:19:08.881790+00:00, run_after=2024-03-26T06:19:08.881790+00:00
[2024-03-26T06:19:08.920+0000] {processor.py:179} INFO - Processing /home/airflow/.local/lib/python3.8/site-packages/airflow/example_dags/example_short_circuit_decorator.py took 0.216 seconds
[2024-03-26T06:19:39.733+0000] {processor.py:157} INFO - Started process (PID=1067) to work on /home/airflow/.local/lib/python3.8/site-packages/airflow/example_dags/example_short_circuit_decorator.py
[2024-03-26T06:19:39.735+0000] {processor.py:829} INFO - Processing file /home/airflow/.local/lib/python3.8/site-packages/airflow/example_dags/example_short_circuit_decorator.py for tasks to queue
[2024-03-26T06:19:39.739+0000] {logging_mixin.py:151} INFO - [2024-03-26T06:19:39.738+0000] {dagbag.py:539} INFO - Filling up the DagBag from /home/airflow/.local/lib/python3.8/site-packages/airflow/example_dags/example_short_circuit_decorator.py
[2024-03-26T06:19:39.750+0000] {processor.py:839} INFO - DAG(s) dict_keys(['example_short_circuit_decorator']) retrieved from /home/airflow/.local/lib/python3.8/site-packages/airflow/example_dags/example_short_circuit_decorator.py
[2024-03-26T06:19:39.782+0000] {logging_mixin.py:151} INFO - [2024-03-26T06:19:39.781+0000] {dag.py:2915} INFO - Sync 1 DAGs
[2024-03-26T06:19:39.812+0000] {logging_mixin.py:151} INFO - [2024-03-26T06:19:39.812+0000] {dag.py:3696} INFO - Setting next_dagrun for example_short_circuit_decorator to 2024-03-25T06:19:39.812080+00:00, run_after=2024-03-26T06:19:39.812080+00:00
[2024-03-26T06:19:39.840+0000] {processor.py:179} INFO - Processing /home/airflow/.local/lib/python3.8/site-packages/airflow/example_dags/example_short_circuit_decorator.py took 0.111 seconds
[2024-03-26T06:20:10.647+0000] {processor.py:157} INFO - Started process (PID=1121) to work on /home/airflow/.local/lib/python3.8/site-packages/airflow/example_dags/example_short_circuit_decorator.py
[2024-03-26T06:20:10.649+0000] {processor.py:829} INFO - Processing file /home/airflow/.local/lib/python3.8/site-packages/airflow/example_dags/example_short_circuit_decorator.py for tasks to queue
[2024-03-26T06:20:10.653+0000] {logging_mixin.py:151} INFO - [2024-03-26T06:20:10.652+0000] {dagbag.py:539} INFO - Filling up the DagBag from /home/airflow/.local/lib/python3.8/site-packages/airflow/example_dags/example_short_circuit_decorator.py
[2024-03-26T06:20:10.662+0000] {processor.py:839} INFO - DAG(s) dict_keys(['example_short_circuit_decorator']) retrieved from /home/airflow/.local/lib/python3.8/site-packages/airflow/example_dags/example_short_circuit_decorator.py
[2024-03-26T06:20:10.690+0000] {logging_mixin.py:151} INFO - [2024-03-26T06:20:10.690+0000] {dag.py:2915} INFO - Sync 1 DAGs
[2024-03-26T06:20:10.718+0000] {logging_mixin.py:151} INFO - [2024-03-26T06:20:10.718+0000] {dag.py:3696} INFO - Setting next_dagrun for example_short_circuit_decorator to 2024-03-25T06:20:10.718287+00:00, run_after=2024-03-26T06:20:10.718287+00:00
[2024-03-26T06:20:10.739+0000] {processor.py:179} INFO - Processing /home/airflow/.local/lib/python3.8/site-packages/airflow/example_dags/example_short_circuit_decorator.py took 0.095 seconds
[2024-03-26T06:20:40.878+0000] {processor.py:157} INFO - Started process (PID=1174) to work on /home/airflow/.local/lib/python3.8/site-packages/airflow/example_dags/example_short_circuit_decorator.py
[2024-03-26T06:20:40.879+0000] {processor.py:829} INFO - Processing file /home/airflow/.local/lib/python3.8/site-packages/airflow/example_dags/example_short_circuit_decorator.py for tasks to queue
[2024-03-26T06:20:40.884+0000] {logging_mixin.py:151} INFO - [2024-03-26T06:20:40.883+0000] {dagbag.py:539} INFO - Filling up the DagBag from /home/airflow/.local/lib/python3.8/site-packages/airflow/example_dags/example_short_circuit_decorator.py
[2024-03-26T06:20:40.896+0000] {processor.py:839} INFO - DAG(s) dict_keys(['example_short_circuit_decorator']) retrieved from /home/airflow/.local/lib/python3.8/site-packages/airflow/example_dags/example_short_circuit_decorator.py
[2024-03-26T06:20:40.922+0000] {logging_mixin.py:151} INFO - [2024-03-26T06:20:40.922+0000] {dag.py:2915} INFO - Sync 1 DAGs
[2024-03-26T06:20:40.950+0000] {logging_mixin.py:151} INFO - [2024-03-26T06:20:40.949+0000] {dag.py:3696} INFO - Setting next_dagrun for example_short_circuit_decorator to 2024-03-25T06:20:40.949521+00:00, run_after=2024-03-26T06:20:40.949521+00:00
[2024-03-26T06:20:40.975+0000] {processor.py:179} INFO - Processing /home/airflow/.local/lib/python3.8/site-packages/airflow/example_dags/example_short_circuit_decorator.py took 0.101 seconds
[2024-03-26T06:21:11.298+0000] {processor.py:157} INFO - Started process (PID=1228) to work on /home/airflow/.local/lib/python3.8/site-packages/airflow/example_dags/example_short_circuit_decorator.py
[2024-03-26T06:21:11.300+0000] {processor.py:829} INFO - Processing file /home/airflow/.local/lib/python3.8/site-packages/airflow/example_dags/example_short_circuit_decorator.py for tasks to queue
[2024-03-26T06:21:11.304+0000] {logging_mixin.py:151} INFO - [2024-03-26T06:21:11.303+0000] {dagbag.py:539} INFO - Filling up the DagBag from /home/airflow/.local/lib/python3.8/site-packages/airflow/example_dags/example_short_circuit_decorator.py
[2024-03-26T06:21:11.316+0000] {processor.py:839} INFO - DAG(s) dict_keys(['example_short_circuit_decorator']) retrieved from /home/airflow/.local/lib/python3.8/site-packages/airflow/example_dags/example_short_circuit_decorator.py
[2024-03-26T06:21:11.345+0000] {logging_mixin.py:151} INFO - [2024-03-26T06:21:11.345+0000] {dag.py:2915} INFO - Sync 1 DAGs
[2024-03-26T06:21:11.370+0000] {logging_mixin.py:151} INFO - [2024-03-26T06:21:11.370+0000] {dag.py:3696} INFO - Setting next_dagrun for example_short_circuit_decorator to 2024-03-25T06:21:11.369724+00:00, run_after=2024-03-26T06:21:11.369724+00:00
[2024-03-26T06:21:11.397+0000] {processor.py:179} INFO - Processing /home/airflow/.local/lib/python3.8/site-packages/airflow/example_dags/example_short_circuit_decorator.py took 0.104 seconds
[2024-03-26T06:21:42.358+0000] {processor.py:157} INFO - Started process (PID=1283) to work on /home/airflow/.local/lib/python3.8/site-packages/airflow/example_dags/example_short_circuit_decorator.py
[2024-03-26T06:21:42.360+0000] {processor.py:829} INFO - Processing file /home/airflow/.local/lib/python3.8/site-packages/airflow/example_dags/example_short_circuit_decorator.py for tasks to queue
[2024-03-26T06:21:42.364+0000] {logging_mixin.py:151} INFO - [2024-03-26T06:21:42.363+0000] {dagbag.py:539} INFO - Filling up the DagBag from /home/airflow/.local/lib/python3.8/site-packages/airflow/example_dags/example_short_circuit_decorator.py
[2024-03-26T06:21:42.373+0000] {processor.py:839} INFO - DAG(s) dict_keys(['example_short_circuit_decorator']) retrieved from /home/airflow/.local/lib/python3.8/site-packages/airflow/example_dags/example_short_circuit_decorator.py
[2024-03-26T06:21:42.400+0000] {logging_mixin.py:151} INFO - [2024-03-26T06:21:42.399+0000] {dag.py:2915} INFO - Sync 1 DAGs
[2024-03-26T06:21:42.422+0000] {logging_mixin.py:151} INFO - [2024-03-26T06:21:42.422+0000] {dag.py:3696} INFO - Setting next_dagrun for example_short_circuit_decorator to 2024-03-25T06:21:42.422357+00:00, run_after=2024-03-26T06:21:42.422357+00:00
[2024-03-26T06:21:42.455+0000] {processor.py:179} INFO - Processing /home/airflow/.local/lib/python3.8/site-packages/airflow/example_dags/example_short_circuit_decorator.py took 0.100 seconds
[2024-03-26T06:22:13.107+0000] {processor.py:157} INFO - Started process (PID=1337) to work on /home/airflow/.local/lib/python3.8/site-packages/airflow/example_dags/example_short_circuit_decorator.py
[2024-03-26T06:22:13.109+0000] {processor.py:829} INFO - Processing file /home/airflow/.local/lib/python3.8/site-packages/airflow/example_dags/example_short_circuit_decorator.py for tasks to queue
[2024-03-26T06:22:13.113+0000] {logging_mixin.py:151} INFO - [2024-03-26T06:22:13.112+0000] {dagbag.py:539} INFO - Filling up the DagBag from /home/airflow/.local/lib/python3.8/site-packages/airflow/example_dags/example_short_circuit_decorator.py
[2024-03-26T06:22:13.126+0000] {processor.py:839} INFO - DAG(s) dict_keys(['example_short_circuit_decorator']) retrieved from /home/airflow/.local/lib/python3.8/site-packages/airflow/example_dags/example_short_circuit_decorator.py
[2024-03-26T06:22:13.157+0000] {logging_mixin.py:151} INFO - [2024-03-26T06:22:13.156+0000] {dag.py:2915} INFO - Sync 1 DAGs
[2024-03-26T06:22:13.188+0000] {logging_mixin.py:151} INFO - [2024-03-26T06:22:13.188+0000] {dag.py:3696} INFO - Setting next_dagrun for example_short_circuit_decorator to 2024-03-25T06:22:13.187897+00:00, run_after=2024-03-26T06:22:13.187897+00:00
[2024-03-26T06:22:13.214+0000] {processor.py:179} INFO - Processing /home/airflow/.local/lib/python3.8/site-packages/airflow/example_dags/example_short_circuit_decorator.py took 0.112 seconds
[2024-03-26T06:22:43.699+0000] {processor.py:157} INFO - Started process (PID=1391) to work on /home/airflow/.local/lib/python3.8/site-packages/airflow/example_dags/example_short_circuit_decorator.py
[2024-03-26T06:22:43.700+0000] {processor.py:829} INFO - Processing file /home/airflow/.local/lib/python3.8/site-packages/airflow/example_dags/example_short_circuit_decorator.py for tasks to queue
[2024-03-26T06:22:43.704+0000] {logging_mixin.py:151} INFO - [2024-03-26T06:22:43.703+0000] {dagbag.py:539} INFO - Filling up the DagBag from /home/airflow/.local/lib/python3.8/site-packages/airflow/example_dags/example_short_circuit_decorator.py
[2024-03-26T06:22:43.714+0000] {processor.py:839} INFO - DAG(s) dict_keys(['example_short_circuit_decorator']) retrieved from /home/airflow/.local/lib/python3.8/site-packages/airflow/example_dags/example_short_circuit_decorator.py
[2024-03-26T06:22:43.739+0000] {logging_mixin.py:151} INFO - [2024-03-26T06:22:43.739+0000] {dag.py:2915} INFO - Sync 1 DAGs
[2024-03-26T06:22:43.765+0000] {logging_mixin.py:151} INFO - [2024-03-26T06:22:43.765+0000] {dag.py:3696} INFO - Setting next_dagrun for example_short_circuit_decorator to 2024-03-25T06:22:43.764912+00:00, run_after=2024-03-26T06:22:43.764912+00:00
[2024-03-26T06:22:43.799+0000] {processor.py:179} INFO - Processing /home/airflow/.local/lib/python3.8/site-packages/airflow/example_dags/example_short_circuit_decorator.py took 0.103 seconds
[2024-03-26T06:23:14.278+0000] {processor.py:157} INFO - Started process (PID=1445) to work on /home/airflow/.local/lib/python3.8/site-packages/airflow/example_dags/example_short_circuit_decorator.py
[2024-03-26T06:23:14.280+0000] {processor.py:829} INFO - Processing file /home/airflow/.local/lib/python3.8/site-packages/airflow/example_dags/example_short_circuit_decorator.py for tasks to queue
[2024-03-26T06:23:14.284+0000] {logging_mixin.py:151} INFO - [2024-03-26T06:23:14.284+0000] {dagbag.py:539} INFO - Filling up the DagBag from /home/airflow/.local/lib/python3.8/site-packages/airflow/example_dags/example_short_circuit_decorator.py
[2024-03-26T06:23:14.295+0000] {processor.py:839} INFO - DAG(s) dict_keys(['example_short_circuit_decorator']) retrieved from /home/airflow/.local/lib/python3.8/site-packages/airflow/example_dags/example_short_circuit_decorator.py
[2024-03-26T06:23:14.327+0000] {logging_mixin.py:151} INFO - [2024-03-26T06:23:14.326+0000] {dag.py:2915} INFO - Sync 1 DAGs
[2024-03-26T06:23:14.353+0000] {logging_mixin.py:151} INFO - [2024-03-26T06:23:14.353+0000] {dag.py:3696} INFO - Setting next_dagrun for example_short_circuit_decorator to 2024-03-25T06:23:14.353154+00:00, run_after=2024-03-26T06:23:14.353154+00:00
[2024-03-26T06:23:14.389+0000] {processor.py:179} INFO - Processing /home/airflow/.local/lib/python3.8/site-packages/airflow/example_dags/example_short_circuit_decorator.py took 0.115 seconds
[2024-03-26T06:23:44.971+0000] {processor.py:157} INFO - Started process (PID=1499) to work on /home/airflow/.local/lib/python3.8/site-packages/airflow/example_dags/example_short_circuit_decorator.py
[2024-03-26T06:23:44.973+0000] {processor.py:829} INFO - Processing file /home/airflow/.local/lib/python3.8/site-packages/airflow/example_dags/example_short_circuit_decorator.py for tasks to queue
[2024-03-26T06:23:44.977+0000] {logging_mixin.py:151} INFO - [2024-03-26T06:23:44.976+0000] {dagbag.py:539} INFO - Filling up the DagBag from /home/airflow/.local/lib/python3.8/site-packages/airflow/example_dags/example_short_circuit_decorator.py
[2024-03-26T06:23:44.987+0000] {processor.py:839} INFO - DAG(s) dict_keys(['example_short_circuit_decorator']) retrieved from /home/airflow/.local/lib/python3.8/site-packages/airflow/example_dags/example_short_circuit_decorator.py
[2024-03-26T06:23:45.020+0000] {logging_mixin.py:151} INFO - [2024-03-26T06:23:45.019+0000] {dag.py:2915} INFO - Sync 1 DAGs
[2024-03-26T06:23:45.049+0000] {logging_mixin.py:151} INFO - [2024-03-26T06:23:45.049+0000] {dag.py:3696} INFO - Setting next_dagrun for example_short_circuit_decorator to 2024-03-25T06:23:45.049181+00:00, run_after=2024-03-26T06:23:45.049181+00:00
[2024-03-26T06:23:45.084+0000] {processor.py:179} INFO - Processing /home/airflow/.local/lib/python3.8/site-packages/airflow/example_dags/example_short_circuit_decorator.py took 0.119 seconds
[2024-03-26T06:24:15.554+0000] {processor.py:157} INFO - Started process (PID=1553) to work on /home/airflow/.local/lib/python3.8/site-packages/airflow/example_dags/example_short_circuit_decorator.py
[2024-03-26T06:24:15.556+0000] {processor.py:829} INFO - Processing file /home/airflow/.local/lib/python3.8/site-packages/airflow/example_dags/example_short_circuit_decorator.py for tasks to queue
[2024-03-26T06:24:15.560+0000] {logging_mixin.py:151} INFO - [2024-03-26T06:24:15.559+0000] {dagbag.py:539} INFO - Filling up the DagBag from /home/airflow/.local/lib/python3.8/site-packages/airflow/example_dags/example_short_circuit_decorator.py
[2024-03-26T06:24:15.572+0000] {processor.py:839} INFO - DAG(s) dict_keys(['example_short_circuit_decorator']) retrieved from /home/airflow/.local/lib/python3.8/site-packages/airflow/example_dags/example_short_circuit_decorator.py
[2024-03-26T06:24:15.597+0000] {logging_mixin.py:151} INFO - [2024-03-26T06:24:15.597+0000] {dag.py:2915} INFO - Sync 1 DAGs
[2024-03-26T06:24:15.624+0000] {logging_mixin.py:151} INFO - [2024-03-26T06:24:15.624+0000] {dag.py:3696} INFO - Setting next_dagrun for example_short_circuit_decorator to 2024-03-25T06:24:15.624011+00:00, run_after=2024-03-26T06:24:15.624011+00:00
[2024-03-26T06:24:15.657+0000] {processor.py:179} INFO - Processing /home/airflow/.local/lib/python3.8/site-packages/airflow/example_dags/example_short_circuit_decorator.py took 0.106 seconds
[2024-03-26T06:24:46.178+0000] {processor.py:157} INFO - Started process (PID=1607) to work on /home/airflow/.local/lib/python3.8/site-packages/airflow/example_dags/example_short_circuit_decorator.py
[2024-03-26T06:24:46.180+0000] {processor.py:829} INFO - Processing file /home/airflow/.local/lib/python3.8/site-packages/airflow/example_dags/example_short_circuit_decorator.py for tasks to queue
[2024-03-26T06:24:46.183+0000] {logging_mixin.py:151} INFO - [2024-03-26T06:24:46.183+0000] {dagbag.py:539} INFO - Filling up the DagBag from /home/airflow/.local/lib/python3.8/site-packages/airflow/example_dags/example_short_circuit_decorator.py
[2024-03-26T06:24:46.192+0000] {processor.py:839} INFO - DAG(s) dict_keys(['example_short_circuit_decorator']) retrieved from /home/airflow/.local/lib/python3.8/site-packages/airflow/example_dags/example_short_circuit_decorator.py
[2024-03-26T06:24:46.222+0000] {logging_mixin.py:151} INFO - [2024-03-26T06:24:46.221+0000] {dag.py:2915} INFO - Sync 1 DAGs
[2024-03-26T06:24:46.246+0000] {logging_mixin.py:151} INFO - [2024-03-26T06:24:46.246+0000] {dag.py:3696} INFO - Setting next_dagrun for example_short_circuit_decorator to 2024-03-25T06:24:46.246218+00:00, run_after=2024-03-26T06:24:46.246218+00:00
[2024-03-26T06:24:46.278+0000] {processor.py:179} INFO - Processing /home/airflow/.local/lib/python3.8/site-packages/airflow/example_dags/example_short_circuit_decorator.py took 0.104 seconds
[2024-03-26T06:25:16.774+0000] {processor.py:157} INFO - Started process (PID=1661) to work on /home/airflow/.local/lib/python3.8/site-packages/airflow/example_dags/example_short_circuit_decorator.py
[2024-03-26T06:25:16.776+0000] {processor.py:829} INFO - Processing file /home/airflow/.local/lib/python3.8/site-packages/airflow/example_dags/example_short_circuit_decorator.py for tasks to queue
[2024-03-26T06:25:16.780+0000] {logging_mixin.py:151} INFO - [2024-03-26T06:25:16.780+0000] {dagbag.py:539} INFO - Filling up the DagBag from /home/airflow/.local/lib/python3.8/site-packages/airflow/example_dags/example_short_circuit_decorator.py
[2024-03-26T06:25:16.792+0000] {processor.py:839} INFO - DAG(s) dict_keys(['example_short_circuit_decorator']) retrieved from /home/airflow/.local/lib/python3.8/site-packages/airflow/example_dags/example_short_circuit_decorator.py
[2024-03-26T06:25:16.820+0000] {logging_mixin.py:151} INFO - [2024-03-26T06:25:16.820+0000] {dag.py:2915} INFO - Sync 1 DAGs
[2024-03-26T06:25:16.847+0000] {logging_mixin.py:151} INFO - [2024-03-26T06:25:16.847+0000] {dag.py:3696} INFO - Setting next_dagrun for example_short_circuit_decorator to 2024-03-25T06:25:16.846937+00:00, run_after=2024-03-26T06:25:16.846937+00:00
[2024-03-26T06:25:16.881+0000] {processor.py:179} INFO - Processing /home/airflow/.local/lib/python3.8/site-packages/airflow/example_dags/example_short_circuit_decorator.py took 0.110 seconds
[2024-03-26T06:25:47.261+0000] {processor.py:157} INFO - Started process (PID=1715) to work on /home/airflow/.local/lib/python3.8/site-packages/airflow/example_dags/example_short_circuit_decorator.py
[2024-03-26T06:25:47.263+0000] {processor.py:829} INFO - Processing file /home/airflow/.local/lib/python3.8/site-packages/airflow/example_dags/example_short_circuit_decorator.py for tasks to queue
[2024-03-26T06:25:47.266+0000] {logging_mixin.py:151} INFO - [2024-03-26T06:25:47.265+0000] {dagbag.py:539} INFO - Filling up the DagBag from /home/airflow/.local/lib/python3.8/site-packages/airflow/example_dags/example_short_circuit_decorator.py
[2024-03-26T06:25:47.275+0000] {processor.py:839} INFO - DAG(s) dict_keys(['example_short_circuit_decorator']) retrieved from /home/airflow/.local/lib/python3.8/site-packages/airflow/example_dags/example_short_circuit_decorator.py
[2024-03-26T06:25:47.305+0000] {logging_mixin.py:151} INFO - [2024-03-26T06:25:47.304+0000] {dag.py:2915} INFO - Sync 1 DAGs
[2024-03-26T06:25:47.332+0000] {logging_mixin.py:151} INFO - [2024-03-26T06:25:47.332+0000] {dag.py:3696} INFO - Setting next_dagrun for example_short_circuit_decorator to 2024-03-25T06:25:47.332282+00:00, run_after=2024-03-26T06:25:47.332282+00:00
[2024-03-26T06:25:47.359+0000] {processor.py:179} INFO - Processing /home/airflow/.local/lib/python3.8/site-packages/airflow/example_dags/example_short_circuit_decorator.py took 0.101 seconds
[2024-03-26T06:26:17.523+0000] {processor.py:157} INFO - Started process (PID=1768) to work on /home/airflow/.local/lib/python3.8/site-packages/airflow/example_dags/example_short_circuit_decorator.py
[2024-03-26T06:26:17.525+0000] {processor.py:829} INFO - Processing file /home/airflow/.local/lib/python3.8/site-packages/airflow/example_dags/example_short_circuit_decorator.py for tasks to queue
[2024-03-26T06:26:17.529+0000] {logging_mixin.py:151} INFO - [2024-03-26T06:26:17.529+0000] {dagbag.py:539} INFO - Filling up the DagBag from /home/airflow/.local/lib/python3.8/site-packages/airflow/example_dags/example_short_circuit_decorator.py
[2024-03-26T06:26:17.539+0000] {processor.py:839} INFO - DAG(s) dict_keys(['example_short_circuit_decorator']) retrieved from /home/airflow/.local/lib/python3.8/site-packages/airflow/example_dags/example_short_circuit_decorator.py
[2024-03-26T06:26:17.565+0000] {logging_mixin.py:151} INFO - [2024-03-26T06:26:17.565+0000] {dag.py:2915} INFO - Sync 1 DAGs
[2024-03-26T06:26:17.592+0000] {logging_mixin.py:151} INFO - [2024-03-26T06:26:17.592+0000] {dag.py:3696} INFO - Setting next_dagrun for example_short_circuit_decorator to 2024-03-25T06:26:17.592082+00:00, run_after=2024-03-26T06:26:17.592082+00:00
[2024-03-26T06:26:17.623+0000] {processor.py:179} INFO - Processing /home/airflow/.local/lib/python3.8/site-packages/airflow/example_dags/example_short_circuit_decorator.py took 0.104 seconds
[2024-03-26T06:26:48.321+0000] {processor.py:157} INFO - Started process (PID=1823) to work on /home/airflow/.local/lib/python3.8/site-packages/airflow/example_dags/example_short_circuit_decorator.py
[2024-03-26T06:26:48.323+0000] {processor.py:829} INFO - Processing file /home/airflow/.local/lib/python3.8/site-packages/airflow/example_dags/example_short_circuit_decorator.py for tasks to queue
[2024-03-26T06:26:48.326+0000] {logging_mixin.py:151} INFO - [2024-03-26T06:26:48.326+0000] {dagbag.py:539} INFO - Filling up the DagBag from /home/airflow/.local/lib/python3.8/site-packages/airflow/example_dags/example_short_circuit_decorator.py
[2024-03-26T06:26:48.337+0000] {processor.py:839} INFO - DAG(s) dict_keys(['example_short_circuit_decorator']) retrieved from /home/airflow/.local/lib/python3.8/site-packages/airflow/example_dags/example_short_circuit_decorator.py
[2024-03-26T06:26:48.364+0000] {logging_mixin.py:151} INFO - [2024-03-26T06:26:48.363+0000] {dag.py:2915} INFO - Sync 1 DAGs
[2024-03-26T06:26:48.396+0000] {logging_mixin.py:151} INFO - [2024-03-26T06:26:48.396+0000] {dag.py:3696} INFO - Setting next_dagrun for example_short_circuit_decorator to 2024-03-25T06:26:48.395760+00:00, run_after=2024-03-26T06:26:48.395760+00:00
[2024-03-26T06:26:48.427+0000] {processor.py:179} INFO - Processing /home/airflow/.local/lib/python3.8/site-packages/airflow/example_dags/example_short_circuit_decorator.py took 0.109 seconds
[2024-03-26T06:27:18.773+0000] {processor.py:157} INFO - Started process (PID=1877) to work on /home/airflow/.local/lib/python3.8/site-packages/airflow/example_dags/example_short_circuit_decorator.py
[2024-03-26T06:27:18.775+0000] {processor.py:829} INFO - Processing file /home/airflow/.local/lib/python3.8/site-packages/airflow/example_dags/example_short_circuit_decorator.py for tasks to queue
[2024-03-26T06:27:18.778+0000] {logging_mixin.py:151} INFO - [2024-03-26T06:27:18.777+0000] {dagbag.py:539} INFO - Filling up the DagBag from /home/airflow/.local/lib/python3.8/site-packages/airflow/example_dags/example_short_circuit_decorator.py
[2024-03-26T06:27:18.789+0000] {processor.py:839} INFO - DAG(s) dict_keys(['example_short_circuit_decorator']) retrieved from /home/airflow/.local/lib/python3.8/site-packages/airflow/example_dags/example_short_circuit_decorator.py
[2024-03-26T06:27:18.819+0000] {logging_mixin.py:151} INFO - [2024-03-26T06:27:18.819+0000] {dag.py:2915} INFO - Sync 1 DAGs
[2024-03-26T06:27:18.847+0000] {logging_mixin.py:151} INFO - [2024-03-26T06:27:18.847+0000] {dag.py:3696} INFO - Setting next_dagrun for example_short_circuit_decorator to 2024-03-25T06:27:18.846926+00:00, run_after=2024-03-26T06:27:18.846926+00:00
[2024-03-26T06:27:18.882+0000] {processor.py:179} INFO - Processing /home/airflow/.local/lib/python3.8/site-packages/airflow/example_dags/example_short_circuit_decorator.py took 0.114 seconds
[2024-03-26T06:27:49.560+0000] {processor.py:157} INFO - Started process (PID=1931) to work on /home/airflow/.local/lib/python3.8/site-packages/airflow/example_dags/example_short_circuit_decorator.py
[2024-03-26T06:27:49.561+0000] {processor.py:829} INFO - Processing file /home/airflow/.local/lib/python3.8/site-packages/airflow/example_dags/example_short_circuit_decorator.py for tasks to queue
[2024-03-26T06:27:49.565+0000] {logging_mixin.py:151} INFO - [2024-03-26T06:27:49.565+0000] {dagbag.py:539} INFO - Filling up the DagBag from /home/airflow/.local/lib/python3.8/site-packages/airflow/example_dags/example_short_circuit_decorator.py
[2024-03-26T06:27:49.577+0000] {processor.py:839} INFO - DAG(s) dict_keys(['example_short_circuit_decorator']) retrieved from /home/airflow/.local/lib/python3.8/site-packages/airflow/example_dags/example_short_circuit_decorator.py
[2024-03-26T06:27:49.607+0000] {logging_mixin.py:151} INFO - [2024-03-26T06:27:49.607+0000] {dag.py:2915} INFO - Sync 1 DAGs
[2024-03-26T06:27:49.636+0000] {logging_mixin.py:151} INFO - [2024-03-26T06:27:49.636+0000] {dag.py:3696} INFO - Setting next_dagrun for example_short_circuit_decorator to 2024-03-25T06:27:49.636251+00:00, run_after=2024-03-26T06:27:49.636251+00:00
[2024-03-26T06:27:49.657+0000] {processor.py:179} INFO - Processing /home/airflow/.local/lib/python3.8/site-packages/airflow/example_dags/example_short_circuit_decorator.py took 0.104 seconds
[2024-03-26T06:28:20.024+0000] {processor.py:157} INFO - Started process (PID=1985) to work on /home/airflow/.local/lib/python3.8/site-packages/airflow/example_dags/example_short_circuit_decorator.py
[2024-03-26T06:28:20.026+0000] {processor.py:829} INFO - Processing file /home/airflow/.local/lib/python3.8/site-packages/airflow/example_dags/example_short_circuit_decorator.py for tasks to queue
[2024-03-26T06:28:20.029+0000] {logging_mixin.py:151} INFO - [2024-03-26T06:28:20.029+0000] {dagbag.py:539} INFO - Filling up the DagBag from /home/airflow/.local/lib/python3.8/site-packages/airflow/example_dags/example_short_circuit_decorator.py
[2024-03-26T06:28:20.041+0000] {processor.py:839} INFO - DAG(s) dict_keys(['example_short_circuit_decorator']) retrieved from /home/airflow/.local/lib/python3.8/site-packages/airflow/example_dags/example_short_circuit_decorator.py
[2024-03-26T06:28:20.070+0000] {logging_mixin.py:151} INFO - [2024-03-26T06:28:20.070+0000] {dag.py:2915} INFO - Sync 1 DAGs
[2024-03-26T06:28:20.096+0000] {logging_mixin.py:151} INFO - [2024-03-26T06:28:20.096+0000] {dag.py:3696} INFO - Setting next_dagrun for example_short_circuit_decorator to 2024-03-25T06:28:20.095853+00:00, run_after=2024-03-26T06:28:20.095853+00:00
[2024-03-26T06:28:20.119+0000] {processor.py:179} INFO - Processing /home/airflow/.local/lib/python3.8/site-packages/airflow/example_dags/example_short_circuit_decorator.py took 0.099 seconds
[2024-03-26T06:28:50.210+0000] {processor.py:157} INFO - Started process (PID=2038) to work on /home/airflow/.local/lib/python3.8/site-packages/airflow/example_dags/example_short_circuit_decorator.py
[2024-03-26T06:28:50.211+0000] {processor.py:829} INFO - Processing file /home/airflow/.local/lib/python3.8/site-packages/airflow/example_dags/example_short_circuit_decorator.py for tasks to queue
[2024-03-26T06:28:50.215+0000] {logging_mixin.py:151} INFO - [2024-03-26T06:28:50.215+0000] {dagbag.py:539} INFO - Filling up the DagBag from /home/airflow/.local/lib/python3.8/site-packages/airflow/example_dags/example_short_circuit_decorator.py
[2024-03-26T06:28:50.229+0000] {processor.py:839} INFO - DAG(s) dict_keys(['example_short_circuit_decorator']) retrieved from /home/airflow/.local/lib/python3.8/site-packages/airflow/example_dags/example_short_circuit_decorator.py
[2024-03-26T06:28:50.264+0000] {logging_mixin.py:151} INFO - [2024-03-26T06:28:50.264+0000] {dag.py:2915} INFO - Sync 1 DAGs
[2024-03-26T06:28:50.297+0000] {logging_mixin.py:151} INFO - [2024-03-26T06:28:50.297+0000] {dag.py:3696} INFO - Setting next_dagrun for example_short_circuit_decorator to 2024-03-25T06:28:50.297284+00:00, run_after=2024-03-26T06:28:50.297284+00:00
[2024-03-26T06:28:50.327+0000] {processor.py:179} INFO - Processing /home/airflow/.local/lib/python3.8/site-packages/airflow/example_dags/example_short_circuit_decorator.py took 0.122 seconds
[2024-03-26T06:29:20.481+0000] {processor.py:157} INFO - Started process (PID=2092) to work on /home/airflow/.local/lib/python3.8/site-packages/airflow/example_dags/example_short_circuit_decorator.py
[2024-03-26T06:29:20.483+0000] {processor.py:829} INFO - Processing file /home/airflow/.local/lib/python3.8/site-packages/airflow/example_dags/example_short_circuit_decorator.py for tasks to queue
[2024-03-26T06:29:20.488+0000] {logging_mixin.py:151} INFO - [2024-03-26T06:29:20.487+0000] {dagbag.py:539} INFO - Filling up the DagBag from /home/airflow/.local/lib/python3.8/site-packages/airflow/example_dags/example_short_circuit_decorator.py
[2024-03-26T06:29:20.499+0000] {processor.py:839} INFO - DAG(s) dict_keys(['example_short_circuit_decorator']) retrieved from /home/airflow/.local/lib/python3.8/site-packages/airflow/example_dags/example_short_circuit_decorator.py
[2024-03-26T06:29:20.526+0000] {logging_mixin.py:151} INFO - [2024-03-26T06:29:20.525+0000] {dag.py:2915} INFO - Sync 1 DAGs
[2024-03-26T06:29:20.554+0000] {logging_mixin.py:151} INFO - [2024-03-26T06:29:20.554+0000] {dag.py:3696} INFO - Setting next_dagrun for example_short_circuit_decorator to 2024-03-25T06:29:20.554141+00:00, run_after=2024-03-26T06:29:20.554141+00:00
[2024-03-26T06:29:20.580+0000] {processor.py:179} INFO - Processing /home/airflow/.local/lib/python3.8/site-packages/airflow/example_dags/example_short_circuit_decorator.py took 0.103 seconds
[2024-03-26T06:29:50.657+0000] {processor.py:157} INFO - Started process (PID=2146) to work on /home/airflow/.local/lib/python3.8/site-packages/airflow/example_dags/example_short_circuit_decorator.py
[2024-03-26T06:29:50.659+0000] {processor.py:829} INFO - Processing file /home/airflow/.local/lib/python3.8/site-packages/airflow/example_dags/example_short_circuit_decorator.py for tasks to queue
[2024-03-26T06:29:50.662+0000] {logging_mixin.py:151} INFO - [2024-03-26T06:29:50.661+0000] {dagbag.py:539} INFO - Filling up the DagBag from /home/airflow/.local/lib/python3.8/site-packages/airflow/example_dags/example_short_circuit_decorator.py
[2024-03-26T06:29:50.671+0000] {processor.py:839} INFO - DAG(s) dict_keys(['example_short_circuit_decorator']) retrieved from /home/airflow/.local/lib/python3.8/site-packages/airflow/example_dags/example_short_circuit_decorator.py
[2024-03-26T06:29:50.698+0000] {logging_mixin.py:151} INFO - [2024-03-26T06:29:50.697+0000] {dag.py:2915} INFO - Sync 1 DAGs
[2024-03-26T06:29:50.725+0000] {logging_mixin.py:151} INFO - [2024-03-26T06:29:50.725+0000] {dag.py:3696} INFO - Setting next_dagrun for example_short_circuit_decorator to 2024-03-25T06:29:50.724880+00:00, run_after=2024-03-26T06:29:50.724880+00:00
[2024-03-26T06:29:50.752+0000] {processor.py:179} INFO - Processing /home/airflow/.local/lib/python3.8/site-packages/airflow/example_dags/example_short_circuit_decorator.py took 0.099 seconds
[2024-03-26T06:30:20.901+0000] {processor.py:157} INFO - Started process (PID=2200) to work on /home/airflow/.local/lib/python3.8/site-packages/airflow/example_dags/example_short_circuit_decorator.py
[2024-03-26T06:30:20.903+0000] {processor.py:829} INFO - Processing file /home/airflow/.local/lib/python3.8/site-packages/airflow/example_dags/example_short_circuit_decorator.py for tasks to queue
[2024-03-26T06:30:20.906+0000] {logging_mixin.py:151} INFO - [2024-03-26T06:30:20.906+0000] {dagbag.py:539} INFO - Filling up the DagBag from /home/airflow/.local/lib/python3.8/site-packages/airflow/example_dags/example_short_circuit_decorator.py
[2024-03-26T06:30:20.919+0000] {processor.py:839} INFO - DAG(s) dict_keys(['example_short_circuit_decorator']) retrieved from /home/airflow/.local/lib/python3.8/site-packages/airflow/example_dags/example_short_circuit_decorator.py
[2024-03-26T06:30:20.951+0000] {logging_mixin.py:151} INFO - [2024-03-26T06:30:20.951+0000] {dag.py:2915} INFO - Sync 1 DAGs
[2024-03-26T06:30:20.984+0000] {logging_mixin.py:151} INFO - [2024-03-26T06:30:20.984+0000] {dag.py:3696} INFO - Setting next_dagrun for example_short_circuit_decorator to 2024-03-25T06:30:20.983793+00:00, run_after=2024-03-26T06:30:20.983793+00:00
[2024-03-26T06:30:21.011+0000] {processor.py:179} INFO - Processing /home/airflow/.local/lib/python3.8/site-packages/airflow/example_dags/example_short_circuit_decorator.py took 0.115 seconds
[2024-03-26T06:30:51.160+0000] {processor.py:157} INFO - Started process (PID=2254) to work on /home/airflow/.local/lib/python3.8/site-packages/airflow/example_dags/example_short_circuit_decorator.py
[2024-03-26T06:30:51.162+0000] {processor.py:829} INFO - Processing file /home/airflow/.local/lib/python3.8/site-packages/airflow/example_dags/example_short_circuit_decorator.py for tasks to queue
[2024-03-26T06:30:51.165+0000] {logging_mixin.py:151} INFO - [2024-03-26T06:30:51.165+0000] {dagbag.py:539} INFO - Filling up the DagBag from /home/airflow/.local/lib/python3.8/site-packages/airflow/example_dags/example_short_circuit_decorator.py
[2024-03-26T06:30:51.176+0000] {processor.py:839} INFO - DAG(s) dict_keys(['example_short_circuit_decorator']) retrieved from /home/airflow/.local/lib/python3.8/site-packages/airflow/example_dags/example_short_circuit_decorator.py
[2024-03-26T06:30:51.204+0000] {logging_mixin.py:151} INFO - [2024-03-26T06:30:51.203+0000] {dag.py:2915} INFO - Sync 1 DAGs
[2024-03-26T06:30:51.229+0000] {logging_mixin.py:151} INFO - [2024-03-26T06:30:51.229+0000] {dag.py:3696} INFO - Setting next_dagrun for example_short_circuit_decorator to 2024-03-25T06:30:51.228805+00:00, run_after=2024-03-26T06:30:51.228805+00:00
[2024-03-26T06:30:51.247+0000] {processor.py:179} INFO - Processing /home/airflow/.local/lib/python3.8/site-packages/airflow/example_dags/example_short_circuit_decorator.py took 0.091 seconds
[2024-03-26T06:31:21.426+0000] {processor.py:157} INFO - Started process (PID=2308) to work on /home/airflow/.local/lib/python3.8/site-packages/airflow/example_dags/example_short_circuit_decorator.py
[2024-03-26T06:31:21.428+0000] {processor.py:829} INFO - Processing file /home/airflow/.local/lib/python3.8/site-packages/airflow/example_dags/example_short_circuit_decorator.py for tasks to queue
[2024-03-26T06:31:21.431+0000] {logging_mixin.py:151} INFO - [2024-03-26T06:31:21.431+0000] {dagbag.py:539} INFO - Filling up the DagBag from /home/airflow/.local/lib/python3.8/site-packages/airflow/example_dags/example_short_circuit_decorator.py
[2024-03-26T06:31:21.442+0000] {processor.py:839} INFO - DAG(s) dict_keys(['example_short_circuit_decorator']) retrieved from /home/airflow/.local/lib/python3.8/site-packages/airflow/example_dags/example_short_circuit_decorator.py
[2024-03-26T06:31:21.472+0000] {logging_mixin.py:151} INFO - [2024-03-26T06:31:21.472+0000] {dag.py:2915} INFO - Sync 1 DAGs
[2024-03-26T06:31:21.499+0000] {logging_mixin.py:151} INFO - [2024-03-26T06:31:21.499+0000] {dag.py:3696} INFO - Setting next_dagrun for example_short_circuit_decorator to 2024-03-25T06:31:21.498794+00:00, run_after=2024-03-26T06:31:21.498794+00:00
[2024-03-26T06:31:21.520+0000] {processor.py:179} INFO - Processing /home/airflow/.local/lib/python3.8/site-packages/airflow/example_dags/example_short_circuit_decorator.py took 0.098 seconds
[2024-03-26T06:31:51.747+0000] {processor.py:157} INFO - Started process (PID=2362) to work on /home/airflow/.local/lib/python3.8/site-packages/airflow/example_dags/example_short_circuit_decorator.py
[2024-03-26T06:31:51.749+0000] {processor.py:829} INFO - Processing file /home/airflow/.local/lib/python3.8/site-packages/airflow/example_dags/example_short_circuit_decorator.py for tasks to queue
[2024-03-26T06:31:51.753+0000] {logging_mixin.py:151} INFO - [2024-03-26T06:31:51.752+0000] {dagbag.py:539} INFO - Filling up the DagBag from /home/airflow/.local/lib/python3.8/site-packages/airflow/example_dags/example_short_circuit_decorator.py
[2024-03-26T06:31:51.764+0000] {processor.py:839} INFO - DAG(s) dict_keys(['example_short_circuit_decorator']) retrieved from /home/airflow/.local/lib/python3.8/site-packages/airflow/example_dags/example_short_circuit_decorator.py
[2024-03-26T06:31:51.797+0000] {logging_mixin.py:151} INFO - [2024-03-26T06:31:51.796+0000] {dag.py:2915} INFO - Sync 1 DAGs
[2024-03-26T06:31:51.823+0000] {logging_mixin.py:151} INFO - [2024-03-26T06:31:51.823+0000] {dag.py:3696} INFO - Setting next_dagrun for example_short_circuit_decorator to 2024-03-25T06:31:51.822810+00:00, run_after=2024-03-26T06:31:51.822810+00:00
[2024-03-26T06:31:51.846+0000] {processor.py:179} INFO - Processing /home/airflow/.local/lib/python3.8/site-packages/airflow/example_dags/example_short_circuit_decorator.py took 0.103 seconds
[2024-03-26T06:32:22.017+0000] {processor.py:157} INFO - Started process (PID=2416) to work on /home/airflow/.local/lib/python3.8/site-packages/airflow/example_dags/example_short_circuit_decorator.py
[2024-03-26T06:32:22.018+0000] {processor.py:829} INFO - Processing file /home/airflow/.local/lib/python3.8/site-packages/airflow/example_dags/example_short_circuit_decorator.py for tasks to queue
[2024-03-26T06:32:22.021+0000] {logging_mixin.py:151} INFO - [2024-03-26T06:32:22.021+0000] {dagbag.py:539} INFO - Filling up the DagBag from /home/airflow/.local/lib/python3.8/site-packages/airflow/example_dags/example_short_circuit_decorator.py
[2024-03-26T06:32:22.035+0000] {processor.py:839} INFO - DAG(s) dict_keys(['example_short_circuit_decorator']) retrieved from /home/airflow/.local/lib/python3.8/site-packages/airflow/example_dags/example_short_circuit_decorator.py
[2024-03-26T06:32:22.069+0000] {logging_mixin.py:151} INFO - [2024-03-26T06:32:22.068+0000] {dag.py:2915} INFO - Sync 1 DAGs
[2024-03-26T06:32:22.099+0000] {logging_mixin.py:151} INFO - [2024-03-26T06:32:22.098+0000] {dag.py:3696} INFO - Setting next_dagrun for example_short_circuit_decorator to 2024-03-25T06:32:22.098215+00:00, run_after=2024-03-26T06:32:22.098215+00:00
[2024-03-26T06:32:22.122+0000] {processor.py:179} INFO - Processing /home/airflow/.local/lib/python3.8/site-packages/airflow/example_dags/example_short_circuit_decorator.py took 0.108 seconds
[2024-03-26T06:32:52.519+0000] {processor.py:157} INFO - Started process (PID=2470) to work on /home/airflow/.local/lib/python3.8/site-packages/airflow/example_dags/example_short_circuit_decorator.py
[2024-03-26T06:32:52.520+0000] {processor.py:829} INFO - Processing file /home/airflow/.local/lib/python3.8/site-packages/airflow/example_dags/example_short_circuit_decorator.py for tasks to queue
[2024-03-26T06:32:52.524+0000] {logging_mixin.py:151} INFO - [2024-03-26T06:32:52.523+0000] {dagbag.py:539} INFO - Filling up the DagBag from /home/airflow/.local/lib/python3.8/site-packages/airflow/example_dags/example_short_circuit_decorator.py
[2024-03-26T06:32:52.535+0000] {processor.py:839} INFO - DAG(s) dict_keys(['example_short_circuit_decorator']) retrieved from /home/airflow/.local/lib/python3.8/site-packages/airflow/example_dags/example_short_circuit_decorator.py
[2024-03-26T06:32:52.565+0000] {logging_mixin.py:151} INFO - [2024-03-26T06:32:52.565+0000] {dag.py:2915} INFO - Sync 1 DAGs
[2024-03-26T06:32:52.589+0000] {logging_mixin.py:151} INFO - [2024-03-26T06:32:52.589+0000] {dag.py:3696} INFO - Setting next_dagrun for example_short_circuit_decorator to 2024-03-25T06:32:52.589000+00:00, run_after=2024-03-26T06:32:52.589000+00:00
[2024-03-26T06:32:52.609+0000] {processor.py:179} INFO - Processing /home/airflow/.local/lib/python3.8/site-packages/airflow/example_dags/example_short_circuit_decorator.py took 0.095 seconds
[2024-03-26T06:33:22.919+0000] {processor.py:157} INFO - Started process (PID=2524) to work on /home/airflow/.local/lib/python3.8/site-packages/airflow/example_dags/example_short_circuit_decorator.py
[2024-03-26T06:33:22.920+0000] {processor.py:829} INFO - Processing file /home/airflow/.local/lib/python3.8/site-packages/airflow/example_dags/example_short_circuit_decorator.py for tasks to queue
[2024-03-26T06:33:22.924+0000] {logging_mixin.py:151} INFO - [2024-03-26T06:33:22.923+0000] {dagbag.py:539} INFO - Filling up the DagBag from /home/airflow/.local/lib/python3.8/site-packages/airflow/example_dags/example_short_circuit_decorator.py
[2024-03-26T06:33:22.938+0000] {processor.py:839} INFO - DAG(s) dict_keys(['example_short_circuit_decorator']) retrieved from /home/airflow/.local/lib/python3.8/site-packages/airflow/example_dags/example_short_circuit_decorator.py
[2024-03-26T06:33:22.969+0000] {logging_mixin.py:151} INFO - [2024-03-26T06:33:22.969+0000] {dag.py:2915} INFO - Sync 1 DAGs
[2024-03-26T06:33:22.999+0000] {logging_mixin.py:151} INFO - [2024-03-26T06:33:22.999+0000] {dag.py:3696} INFO - Setting next_dagrun for example_short_circuit_decorator to 2024-03-25T06:33:22.999203+00:00, run_after=2024-03-26T06:33:22.999203+00:00
[2024-03-26T06:33:23.027+0000] {processor.py:179} INFO - Processing /home/airflow/.local/lib/python3.8/site-packages/airflow/example_dags/example_short_circuit_decorator.py took 0.113 seconds
[2024-03-26T06:33:53.895+0000] {processor.py:157} INFO - Started process (PID=2578) to work on /home/airflow/.local/lib/python3.8/site-packages/airflow/example_dags/example_short_circuit_decorator.py
[2024-03-26T06:33:53.897+0000] {processor.py:829} INFO - Processing file /home/airflow/.local/lib/python3.8/site-packages/airflow/example_dags/example_short_circuit_decorator.py for tasks to queue
[2024-03-26T06:33:53.900+0000] {logging_mixin.py:151} INFO - [2024-03-26T06:33:53.900+0000] {dagbag.py:539} INFO - Filling up the DagBag from /home/airflow/.local/lib/python3.8/site-packages/airflow/example_dags/example_short_circuit_decorator.py
[2024-03-26T06:33:53.916+0000] {processor.py:839} INFO - DAG(s) dict_keys(['example_short_circuit_decorator']) retrieved from /home/airflow/.local/lib/python3.8/site-packages/airflow/example_dags/example_short_circuit_decorator.py
[2024-03-26T06:33:53.950+0000] {logging_mixin.py:151} INFO - [2024-03-26T06:33:53.950+0000] {dag.py:2915} INFO - Sync 1 DAGs
[2024-03-26T06:33:53.983+0000] {logging_mixin.py:151} INFO - [2024-03-26T06:33:53.982+0000] {dag.py:3696} INFO - Setting next_dagrun for example_short_circuit_decorator to 2024-03-25T06:33:53.982397+00:00, run_after=2024-03-26T06:33:53.982397+00:00
[2024-03-26T06:33:54.009+0000] {processor.py:179} INFO - Processing /home/airflow/.local/lib/python3.8/site-packages/airflow/example_dags/example_short_circuit_decorator.py took 0.120 seconds
