[2024-03-26T06:04:08.518+0000] {processor.py:157} INFO - Started process (PID=66) to work on /home/airflow/.local/lib/python3.8/site-packages/airflow/example_dags/example_kubernetes_executor.py
[2024-03-26T06:04:08.537+0000] {processor.py:829} INFO - Processing file /home/airflow/.local/lib/python3.8/site-packages/airflow/example_dags/example_kubernetes_executor.py for tasks to queue
[2024-03-26T06:04:08.547+0000] {logging_mixin.py:151} INFO - [2024-03-26T06:04:08.540+0000] {dagbag.py:539} INFO - Filling up the DagBag from /home/airflow/.local/lib/python3.8/site-packages/airflow/example_dags/example_kubernetes_executor.py
[2024-03-26T06:04:10.074+0000] {processor.py:839} INFO - DAG(s) dict_keys(['example_kubernetes_executor']) retrieved from /home/airflow/.local/lib/python3.8/site-packages/airflow/example_dags/example_kubernetes_executor.py
[2024-03-26T06:04:10.945+0000] {logging_mixin.py:151} INFO - [2024-03-26T06:04:10.944+0000] {manager.py:499} INFO - Created Permission View: %s
[2024-03-26T06:04:10.991+0000] {logging_mixin.py:151} INFO - [2024-03-26T06:04:10.990+0000] {manager.py:499} INFO - Created Permission View: %s
[2024-03-26T06:04:11.011+0000] {logging_mixin.py:151} INFO - [2024-03-26T06:04:11.010+0000] {manager.py:499} INFO - Created Permission View: %s
[2024-03-26T06:04:11.013+0000] {logging_mixin.py:151} INFO - [2024-03-26T06:04:11.012+0000] {security.py:708} INFO - Not syncing DAG-level permissions for DAG 'DAG:example_kubernetes_executor' as access control is unset.
[2024-03-26T06:04:11.015+0000] {logging_mixin.py:151} INFO - [2024-03-26T06:04:11.014+0000] {dag.py:2915} INFO - Sync 1 DAGs
[2024-03-26T06:04:11.063+0000] {logging_mixin.py:151} INFO - [2024-03-26T06:04:11.063+0000] {dag.py:2937} INFO - Creating ORM DAG for example_kubernetes_executor
[2024-03-26T06:04:11.065+0000] {logging_mixin.py:151} INFO - [2024-03-26T06:04:11.065+0000] {dag.py:3696} INFO - Setting next_dagrun for example_kubernetes_executor to None, run_after=None
[2024-03-26T06:04:11.130+0000] {processor.py:179} INFO - Processing /home/airflow/.local/lib/python3.8/site-packages/airflow/example_dags/example_kubernetes_executor.py took 2.622 seconds
[2024-03-26T06:04:42.156+0000] {processor.py:157} INFO - Started process (PID=120) to work on /home/airflow/.local/lib/python3.8/site-packages/airflow/example_dags/example_kubernetes_executor.py
[2024-03-26T06:04:42.197+0000] {processor.py:829} INFO - Processing file /home/airflow/.local/lib/python3.8/site-packages/airflow/example_dags/example_kubernetes_executor.py for tasks to queue
[2024-03-26T06:04:42.201+0000] {logging_mixin.py:151} INFO - [2024-03-26T06:04:42.201+0000] {dagbag.py:539} INFO - Filling up the DagBag from /home/airflow/.local/lib/python3.8/site-packages/airflow/example_dags/example_kubernetes_executor.py
[2024-03-26T06:04:43.743+0000] {processor.py:839} INFO - DAG(s) dict_keys(['example_kubernetes_executor']) retrieved from /home/airflow/.local/lib/python3.8/site-packages/airflow/example_dags/example_kubernetes_executor.py
[2024-03-26T06:04:43.841+0000] {logging_mixin.py:151} INFO - [2024-03-26T06:04:43.840+0000] {dag.py:2915} INFO - Sync 1 DAGs
[2024-03-26T06:04:43.864+0000] {logging_mixin.py:151} INFO - [2024-03-26T06:04:43.864+0000] {dag.py:3696} INFO - Setting next_dagrun for example_kubernetes_executor to None, run_after=None
[2024-03-26T06:04:43.997+0000] {processor.py:179} INFO - Processing /home/airflow/.local/lib/python3.8/site-packages/airflow/example_dags/example_kubernetes_executor.py took 1.846 seconds
[2024-03-26T06:05:14.566+0000] {processor.py:157} INFO - Started process (PID=174) to work on /home/airflow/.local/lib/python3.8/site-packages/airflow/example_dags/example_kubernetes_executor.py
[2024-03-26T06:05:14.568+0000] {processor.py:829} INFO - Processing file /home/airflow/.local/lib/python3.8/site-packages/airflow/example_dags/example_kubernetes_executor.py for tasks to queue
[2024-03-26T06:05:14.572+0000] {logging_mixin.py:151} INFO - [2024-03-26T06:05:14.571+0000] {dagbag.py:539} INFO - Filling up the DagBag from /home/airflow/.local/lib/python3.8/site-packages/airflow/example_dags/example_kubernetes_executor.py
[2024-03-26T06:05:14.994+0000] {processor.py:839} INFO - DAG(s) dict_keys(['example_kubernetes_executor']) retrieved from /home/airflow/.local/lib/python3.8/site-packages/airflow/example_dags/example_kubernetes_executor.py
[2024-03-26T06:05:15.074+0000] {logging_mixin.py:151} INFO - [2024-03-26T06:05:15.073+0000] {dag.py:2915} INFO - Sync 1 DAGs
[2024-03-26T06:05:15.200+0000] {logging_mixin.py:151} INFO - [2024-03-26T06:05:15.200+0000] {dag.py:3696} INFO - Setting next_dagrun for example_kubernetes_executor to None, run_after=None
[2024-03-26T06:05:15.236+0000] {processor.py:179} INFO - Processing /home/airflow/.local/lib/python3.8/site-packages/airflow/example_dags/example_kubernetes_executor.py took 0.675 seconds
[2024-03-26T06:05:45.446+0000] {processor.py:157} INFO - Started process (PID=228) to work on /home/airflow/.local/lib/python3.8/site-packages/airflow/example_dags/example_kubernetes_executor.py
[2024-03-26T06:05:45.448+0000] {processor.py:829} INFO - Processing file /home/airflow/.local/lib/python3.8/site-packages/airflow/example_dags/example_kubernetes_executor.py for tasks to queue
[2024-03-26T06:05:45.454+0000] {logging_mixin.py:151} INFO - [2024-03-26T06:05:45.454+0000] {dagbag.py:539} INFO - Filling up the DagBag from /home/airflow/.local/lib/python3.8/site-packages/airflow/example_dags/example_kubernetes_executor.py
[2024-03-26T06:05:47.309+0000] {processor.py:839} INFO - DAG(s) dict_keys(['example_kubernetes_executor']) retrieved from /home/airflow/.local/lib/python3.8/site-packages/airflow/example_dags/example_kubernetes_executor.py
[2024-03-26T06:05:47.391+0000] {logging_mixin.py:151} INFO - [2024-03-26T06:05:47.390+0000] {dag.py:2915} INFO - Sync 1 DAGs
[2024-03-26T06:05:47.412+0000] {logging_mixin.py:151} INFO - [2024-03-26T06:05:47.411+0000] {dag.py:3696} INFO - Setting next_dagrun for example_kubernetes_executor to None, run_after=None
[2024-03-26T06:05:47.473+0000] {processor.py:179} INFO - Processing /home/airflow/.local/lib/python3.8/site-packages/airflow/example_dags/example_kubernetes_executor.py took 2.033 seconds
[2024-03-26T06:06:18.298+0000] {processor.py:157} INFO - Started process (PID=283) to work on /home/airflow/.local/lib/python3.8/site-packages/airflow/example_dags/example_kubernetes_executor.py
[2024-03-26T06:06:18.300+0000] {processor.py:829} INFO - Processing file /home/airflow/.local/lib/python3.8/site-packages/airflow/example_dags/example_kubernetes_executor.py for tasks to queue
[2024-03-26T06:06:18.306+0000] {logging_mixin.py:151} INFO - [2024-03-26T06:06:18.305+0000] {dagbag.py:539} INFO - Filling up the DagBag from /home/airflow/.local/lib/python3.8/site-packages/airflow/example_dags/example_kubernetes_executor.py
[2024-03-26T06:06:19.354+0000] {processor.py:839} INFO - DAG(s) dict_keys(['example_kubernetes_executor']) retrieved from /home/airflow/.local/lib/python3.8/site-packages/airflow/example_dags/example_kubernetes_executor.py
[2024-03-26T06:06:19.494+0000] {logging_mixin.py:151} INFO - [2024-03-26T06:06:19.493+0000] {dag.py:2915} INFO - Sync 1 DAGs
[2024-03-26T06:06:19.547+0000] {logging_mixin.py:151} INFO - [2024-03-26T06:06:19.547+0000] {dag.py:3696} INFO - Setting next_dagrun for example_kubernetes_executor to None, run_after=None
[2024-03-26T06:06:19.588+0000] {processor.py:179} INFO - Processing /home/airflow/.local/lib/python3.8/site-packages/airflow/example_dags/example_kubernetes_executor.py took 1.297 seconds
[2024-03-26T06:06:50.184+0000] {processor.py:157} INFO - Started process (PID=343) to work on /home/airflow/.local/lib/python3.8/site-packages/airflow/example_dags/example_kubernetes_executor.py
[2024-03-26T06:06:50.187+0000] {processor.py:829} INFO - Processing file /home/airflow/.local/lib/python3.8/site-packages/airflow/example_dags/example_kubernetes_executor.py for tasks to queue
[2024-03-26T06:06:50.199+0000] {logging_mixin.py:151} INFO - [2024-03-26T06:06:50.196+0000] {dagbag.py:539} INFO - Filling up the DagBag from /home/airflow/.local/lib/python3.8/site-packages/airflow/example_dags/example_kubernetes_executor.py
[2024-03-26T06:06:52.252+0000] {processor.py:839} INFO - DAG(s) dict_keys(['example_kubernetes_executor']) retrieved from /home/airflow/.local/lib/python3.8/site-packages/airflow/example_dags/example_kubernetes_executor.py
[2024-03-26T06:06:52.547+0000] {logging_mixin.py:151} INFO - [2024-03-26T06:06:52.546+0000] {dag.py:2915} INFO - Sync 1 DAGs
[2024-03-26T06:06:52.675+0000] {logging_mixin.py:151} INFO - [2024-03-26T06:06:52.675+0000] {dag.py:3696} INFO - Setting next_dagrun for example_kubernetes_executor to None, run_after=None
[2024-03-26T06:06:52.776+0000] {processor.py:179} INFO - Processing /home/airflow/.local/lib/python3.8/site-packages/airflow/example_dags/example_kubernetes_executor.py took 2.597 seconds
[2024-03-26T06:07:23.495+0000] {processor.py:157} INFO - Started process (PID=397) to work on /home/airflow/.local/lib/python3.8/site-packages/airflow/example_dags/example_kubernetes_executor.py
[2024-03-26T06:07:23.497+0000] {processor.py:829} INFO - Processing file /home/airflow/.local/lib/python3.8/site-packages/airflow/example_dags/example_kubernetes_executor.py for tasks to queue
[2024-03-26T06:07:23.502+0000] {logging_mixin.py:151} INFO - [2024-03-26T06:07:23.502+0000] {dagbag.py:539} INFO - Filling up the DagBag from /home/airflow/.local/lib/python3.8/site-packages/airflow/example_dags/example_kubernetes_executor.py
[2024-03-26T06:07:24.511+0000] {processor.py:839} INFO - DAG(s) dict_keys(['example_kubernetes_executor']) retrieved from /home/airflow/.local/lib/python3.8/site-packages/airflow/example_dags/example_kubernetes_executor.py
[2024-03-26T06:07:24.617+0000] {logging_mixin.py:151} INFO - [2024-03-26T06:07:24.616+0000] {dag.py:2915} INFO - Sync 1 DAGs
[2024-03-26T06:07:24.657+0000] {logging_mixin.py:151} INFO - [2024-03-26T06:07:24.657+0000] {dag.py:3696} INFO - Setting next_dagrun for example_kubernetes_executor to None, run_after=None
[2024-03-26T06:07:24.703+0000] {processor.py:179} INFO - Processing /home/airflow/.local/lib/python3.8/site-packages/airflow/example_dags/example_kubernetes_executor.py took 1.230 seconds
[2024-03-26T06:07:55.286+0000] {processor.py:157} INFO - Started process (PID=451) to work on /home/airflow/.local/lib/python3.8/site-packages/airflow/example_dags/example_kubernetes_executor.py
[2024-03-26T06:07:55.287+0000] {processor.py:829} INFO - Processing file /home/airflow/.local/lib/python3.8/site-packages/airflow/example_dags/example_kubernetes_executor.py for tasks to queue
[2024-03-26T06:07:55.291+0000] {logging_mixin.py:151} INFO - [2024-03-26T06:07:55.291+0000] {dagbag.py:539} INFO - Filling up the DagBag from /home/airflow/.local/lib/python3.8/site-packages/airflow/example_dags/example_kubernetes_executor.py
[2024-03-26T06:07:55.573+0000] {processor.py:839} INFO - DAG(s) dict_keys(['example_kubernetes_executor']) retrieved from /home/airflow/.local/lib/python3.8/site-packages/airflow/example_dags/example_kubernetes_executor.py
[2024-03-26T06:07:55.628+0000] {logging_mixin.py:151} INFO - [2024-03-26T06:07:55.627+0000] {dag.py:2915} INFO - Sync 1 DAGs
[2024-03-26T06:07:55.641+0000] {logging_mixin.py:151} INFO - [2024-03-26T06:07:55.641+0000] {dag.py:3696} INFO - Setting next_dagrun for example_kubernetes_executor to None, run_after=None
[2024-03-26T06:07:55.666+0000] {processor.py:179} INFO - Processing /home/airflow/.local/lib/python3.8/site-packages/airflow/example_dags/example_kubernetes_executor.py took 0.384 seconds
[2024-03-26T06:08:25.860+0000] {processor.py:157} INFO - Started process (PID=505) to work on /home/airflow/.local/lib/python3.8/site-packages/airflow/example_dags/example_kubernetes_executor.py
[2024-03-26T06:08:25.861+0000] {processor.py:829} INFO - Processing file /home/airflow/.local/lib/python3.8/site-packages/airflow/example_dags/example_kubernetes_executor.py for tasks to queue
[2024-03-26T06:08:25.864+0000] {logging_mixin.py:151} INFO - [2024-03-26T06:08:25.864+0000] {dagbag.py:539} INFO - Filling up the DagBag from /home/airflow/.local/lib/python3.8/site-packages/airflow/example_dags/example_kubernetes_executor.py
[2024-03-26T06:08:26.192+0000] {processor.py:839} INFO - DAG(s) dict_keys(['example_kubernetes_executor']) retrieved from /home/airflow/.local/lib/python3.8/site-packages/airflow/example_dags/example_kubernetes_executor.py
[2024-03-26T06:08:26.254+0000] {logging_mixin.py:151} INFO - [2024-03-26T06:08:26.253+0000] {dag.py:2915} INFO - Sync 1 DAGs
[2024-03-26T06:08:26.274+0000] {logging_mixin.py:151} INFO - [2024-03-26T06:08:26.274+0000] {dag.py:3696} INFO - Setting next_dagrun for example_kubernetes_executor to None, run_after=None
[2024-03-26T06:08:26.310+0000] {processor.py:179} INFO - Processing /home/airflow/.local/lib/python3.8/site-packages/airflow/example_dags/example_kubernetes_executor.py took 0.454 seconds
[2024-03-26T06:08:56.774+0000] {processor.py:157} INFO - Started process (PID=559) to work on /home/airflow/.local/lib/python3.8/site-packages/airflow/example_dags/example_kubernetes_executor.py
[2024-03-26T06:08:56.776+0000] {processor.py:829} INFO - Processing file /home/airflow/.local/lib/python3.8/site-packages/airflow/example_dags/example_kubernetes_executor.py for tasks to queue
[2024-03-26T06:08:56.779+0000] {logging_mixin.py:151} INFO - [2024-03-26T06:08:56.779+0000] {dagbag.py:539} INFO - Filling up the DagBag from /home/airflow/.local/lib/python3.8/site-packages/airflow/example_dags/example_kubernetes_executor.py
[2024-03-26T06:08:57.058+0000] {processor.py:839} INFO - DAG(s) dict_keys(['example_kubernetes_executor']) retrieved from /home/airflow/.local/lib/python3.8/site-packages/airflow/example_dags/example_kubernetes_executor.py
[2024-03-26T06:08:57.101+0000] {logging_mixin.py:151} INFO - [2024-03-26T06:08:57.101+0000] {dag.py:2915} INFO - Sync 1 DAGs
[2024-03-26T06:08:57.119+0000] {logging_mixin.py:151} INFO - [2024-03-26T06:08:57.119+0000] {dag.py:3696} INFO - Setting next_dagrun for example_kubernetes_executor to None, run_after=None
[2024-03-26T06:08:57.144+0000] {processor.py:179} INFO - Processing /home/airflow/.local/lib/python3.8/site-packages/airflow/example_dags/example_kubernetes_executor.py took 0.373 seconds
[2024-03-26T06:09:27.693+0000] {processor.py:157} INFO - Started process (PID=613) to work on /home/airflow/.local/lib/python3.8/site-packages/airflow/example_dags/example_kubernetes_executor.py
[2024-03-26T06:09:27.695+0000] {processor.py:829} INFO - Processing file /home/airflow/.local/lib/python3.8/site-packages/airflow/example_dags/example_kubernetes_executor.py for tasks to queue
[2024-03-26T06:09:27.698+0000] {logging_mixin.py:151} INFO - [2024-03-26T06:09:27.698+0000] {dagbag.py:539} INFO - Filling up the DagBag from /home/airflow/.local/lib/python3.8/site-packages/airflow/example_dags/example_kubernetes_executor.py
[2024-03-26T06:09:28.002+0000] {processor.py:839} INFO - DAG(s) dict_keys(['example_kubernetes_executor']) retrieved from /home/airflow/.local/lib/python3.8/site-packages/airflow/example_dags/example_kubernetes_executor.py
[2024-03-26T06:09:28.058+0000] {logging_mixin.py:151} INFO - [2024-03-26T06:09:28.057+0000] {dag.py:2915} INFO - Sync 1 DAGs
[2024-03-26T06:09:28.080+0000] {logging_mixin.py:151} INFO - [2024-03-26T06:09:28.079+0000] {dag.py:3696} INFO - Setting next_dagrun for example_kubernetes_executor to None, run_after=None
[2024-03-26T06:09:28.103+0000] {processor.py:179} INFO - Processing /home/airflow/.local/lib/python3.8/site-packages/airflow/example_dags/example_kubernetes_executor.py took 0.415 seconds
[2024-03-26T06:09:58.343+0000] {processor.py:157} INFO - Started process (PID=667) to work on /home/airflow/.local/lib/python3.8/site-packages/airflow/example_dags/example_kubernetes_executor.py
[2024-03-26T06:09:58.345+0000] {processor.py:829} INFO - Processing file /home/airflow/.local/lib/python3.8/site-packages/airflow/example_dags/example_kubernetes_executor.py for tasks to queue
[2024-03-26T06:09:58.348+0000] {logging_mixin.py:151} INFO - [2024-03-26T06:09:58.348+0000] {dagbag.py:539} INFO - Filling up the DagBag from /home/airflow/.local/lib/python3.8/site-packages/airflow/example_dags/example_kubernetes_executor.py
[2024-03-26T06:09:58.607+0000] {processor.py:839} INFO - DAG(s) dict_keys(['example_kubernetes_executor']) retrieved from /home/airflow/.local/lib/python3.8/site-packages/airflow/example_dags/example_kubernetes_executor.py
[2024-03-26T06:09:58.648+0000] {logging_mixin.py:151} INFO - [2024-03-26T06:09:58.648+0000] {dag.py:2915} INFO - Sync 1 DAGs
[2024-03-26T06:09:58.661+0000] {logging_mixin.py:151} INFO - [2024-03-26T06:09:58.661+0000] {dag.py:3696} INFO - Setting next_dagrun for example_kubernetes_executor to None, run_after=None
[2024-03-26T06:09:58.684+0000] {processor.py:179} INFO - Processing /home/airflow/.local/lib/python3.8/site-packages/airflow/example_dags/example_kubernetes_executor.py took 0.344 seconds
[2024-03-26T06:10:28.856+0000] {processor.py:157} INFO - Started process (PID=721) to work on /home/airflow/.local/lib/python3.8/site-packages/airflow/example_dags/example_kubernetes_executor.py
[2024-03-26T06:10:28.858+0000] {processor.py:829} INFO - Processing file /home/airflow/.local/lib/python3.8/site-packages/airflow/example_dags/example_kubernetes_executor.py for tasks to queue
[2024-03-26T06:10:28.860+0000] {logging_mixin.py:151} INFO - [2024-03-26T06:10:28.860+0000] {dagbag.py:539} INFO - Filling up the DagBag from /home/airflow/.local/lib/python3.8/site-packages/airflow/example_dags/example_kubernetes_executor.py
[2024-03-26T06:10:29.134+0000] {processor.py:839} INFO - DAG(s) dict_keys(['example_kubernetes_executor']) retrieved from /home/airflow/.local/lib/python3.8/site-packages/airflow/example_dags/example_kubernetes_executor.py
[2024-03-26T06:10:29.177+0000] {logging_mixin.py:151} INFO - [2024-03-26T06:10:29.176+0000] {dag.py:2915} INFO - Sync 1 DAGs
[2024-03-26T06:10:29.191+0000] {logging_mixin.py:151} INFO - [2024-03-26T06:10:29.190+0000] {dag.py:3696} INFO - Setting next_dagrun for example_kubernetes_executor to None, run_after=None
[2024-03-26T06:10:29.214+0000] {processor.py:179} INFO - Processing /home/airflow/.local/lib/python3.8/site-packages/airflow/example_dags/example_kubernetes_executor.py took 0.363 seconds
[2024-03-26T06:10:59.419+0000] {processor.py:157} INFO - Started process (PID=775) to work on /home/airflow/.local/lib/python3.8/site-packages/airflow/example_dags/example_kubernetes_executor.py
[2024-03-26T06:10:59.421+0000] {processor.py:829} INFO - Processing file /home/airflow/.local/lib/python3.8/site-packages/airflow/example_dags/example_kubernetes_executor.py for tasks to queue
[2024-03-26T06:10:59.424+0000] {logging_mixin.py:151} INFO - [2024-03-26T06:10:59.423+0000] {dagbag.py:539} INFO - Filling up the DagBag from /home/airflow/.local/lib/python3.8/site-packages/airflow/example_dags/example_kubernetes_executor.py
[2024-03-26T06:10:59.666+0000] {processor.py:839} INFO - DAG(s) dict_keys(['example_kubernetes_executor']) retrieved from /home/airflow/.local/lib/python3.8/site-packages/airflow/example_dags/example_kubernetes_executor.py
[2024-03-26T06:10:59.712+0000] {logging_mixin.py:151} INFO - [2024-03-26T06:10:59.711+0000] {dag.py:2915} INFO - Sync 1 DAGs
[2024-03-26T06:10:59.728+0000] {logging_mixin.py:151} INFO - [2024-03-26T06:10:59.728+0000] {dag.py:3696} INFO - Setting next_dagrun for example_kubernetes_executor to None, run_after=None
[2024-03-26T06:10:59.752+0000] {processor.py:179} INFO - Processing /home/airflow/.local/lib/python3.8/site-packages/airflow/example_dags/example_kubernetes_executor.py took 0.336 seconds
[2024-03-26T06:11:30.209+0000] {processor.py:157} INFO - Started process (PID=829) to work on /home/airflow/.local/lib/python3.8/site-packages/airflow/example_dags/example_kubernetes_executor.py
[2024-03-26T06:11:30.211+0000] {processor.py:829} INFO - Processing file /home/airflow/.local/lib/python3.8/site-packages/airflow/example_dags/example_kubernetes_executor.py for tasks to queue
[2024-03-26T06:11:30.215+0000] {logging_mixin.py:151} INFO - [2024-03-26T06:11:30.215+0000] {dagbag.py:539} INFO - Filling up the DagBag from /home/airflow/.local/lib/python3.8/site-packages/airflow/example_dags/example_kubernetes_executor.py
[2024-03-26T06:11:30.480+0000] {processor.py:839} INFO - DAG(s) dict_keys(['example_kubernetes_executor']) retrieved from /home/airflow/.local/lib/python3.8/site-packages/airflow/example_dags/example_kubernetes_executor.py
[2024-03-26T06:11:30.530+0000] {logging_mixin.py:151} INFO - [2024-03-26T06:11:30.529+0000] {dag.py:2915} INFO - Sync 1 DAGs
[2024-03-26T06:11:30.545+0000] {logging_mixin.py:151} INFO - [2024-03-26T06:11:30.545+0000] {dag.py:3696} INFO - Setting next_dagrun for example_kubernetes_executor to None, run_after=None
[2024-03-26T06:11:30.571+0000] {processor.py:179} INFO - Processing /home/airflow/.local/lib/python3.8/site-packages/airflow/example_dags/example_kubernetes_executor.py took 0.367 seconds
[2024-03-26T06:12:01.412+0000] {processor.py:157} INFO - Started process (PID=883) to work on /home/airflow/.local/lib/python3.8/site-packages/airflow/example_dags/example_kubernetes_executor.py
[2024-03-26T06:12:01.414+0000] {processor.py:829} INFO - Processing file /home/airflow/.local/lib/python3.8/site-packages/airflow/example_dags/example_kubernetes_executor.py for tasks to queue
[2024-03-26T06:12:01.417+0000] {logging_mixin.py:151} INFO - [2024-03-26T06:12:01.416+0000] {dagbag.py:539} INFO - Filling up the DagBag from /home/airflow/.local/lib/python3.8/site-packages/airflow/example_dags/example_kubernetes_executor.py
[2024-03-26T06:12:01.703+0000] {processor.py:839} INFO - DAG(s) dict_keys(['example_kubernetes_executor']) retrieved from /home/airflow/.local/lib/python3.8/site-packages/airflow/example_dags/example_kubernetes_executor.py
[2024-03-26T06:12:01.746+0000] {logging_mixin.py:151} INFO - [2024-03-26T06:12:01.745+0000] {dag.py:2915} INFO - Sync 1 DAGs
[2024-03-26T06:12:01.758+0000] {logging_mixin.py:151} INFO - [2024-03-26T06:12:01.758+0000] {dag.py:3696} INFO - Setting next_dagrun for example_kubernetes_executor to None, run_after=None
[2024-03-26T06:12:01.784+0000] {processor.py:179} INFO - Processing /home/airflow/.local/lib/python3.8/site-packages/airflow/example_dags/example_kubernetes_executor.py took 0.374 seconds
[2024-03-26T06:12:31.877+0000] {processor.py:157} INFO - Started process (PID=937) to work on /home/airflow/.local/lib/python3.8/site-packages/airflow/example_dags/example_kubernetes_executor.py
[2024-03-26T06:12:31.878+0000] {processor.py:829} INFO - Processing file /home/airflow/.local/lib/python3.8/site-packages/airflow/example_dags/example_kubernetes_executor.py for tasks to queue
[2024-03-26T06:12:31.881+0000] {logging_mixin.py:151} INFO - [2024-03-26T06:12:31.881+0000] {dagbag.py:539} INFO - Filling up the DagBag from /home/airflow/.local/lib/python3.8/site-packages/airflow/example_dags/example_kubernetes_executor.py
[2024-03-26T06:12:32.140+0000] {processor.py:839} INFO - DAG(s) dict_keys(['example_kubernetes_executor']) retrieved from /home/airflow/.local/lib/python3.8/site-packages/airflow/example_dags/example_kubernetes_executor.py
[2024-03-26T06:12:32.187+0000] {logging_mixin.py:151} INFO - [2024-03-26T06:12:32.186+0000] {dag.py:2915} INFO - Sync 1 DAGs
[2024-03-26T06:12:32.204+0000] {logging_mixin.py:151} INFO - [2024-03-26T06:12:32.204+0000] {dag.py:3696} INFO - Setting next_dagrun for example_kubernetes_executor to None, run_after=None
[2024-03-26T06:12:32.230+0000] {processor.py:179} INFO - Processing /home/airflow/.local/lib/python3.8/site-packages/airflow/example_dags/example_kubernetes_executor.py took 0.358 seconds
[2024-03-26T06:19:09.192+0000] {processor.py:157} INFO - Started process (PID=1015) to work on /home/airflow/.local/lib/python3.8/site-packages/airflow/example_dags/example_kubernetes_executor.py
[2024-03-26T06:19:09.195+0000] {processor.py:829} INFO - Processing file /home/airflow/.local/lib/python3.8/site-packages/airflow/example_dags/example_kubernetes_executor.py for tasks to queue
[2024-03-26T06:19:09.198+0000] {logging_mixin.py:151} INFO - [2024-03-26T06:19:09.198+0000] {dagbag.py:539} INFO - Filling up the DagBag from /home/airflow/.local/lib/python3.8/site-packages/airflow/example_dags/example_kubernetes_executor.py
[2024-03-26T06:19:09.869+0000] {processor.py:839} INFO - DAG(s) dict_keys(['example_kubernetes_executor']) retrieved from /home/airflow/.local/lib/python3.8/site-packages/airflow/example_dags/example_kubernetes_executor.py
[2024-03-26T06:19:09.942+0000] {logging_mixin.py:151} INFO - [2024-03-26T06:19:09.940+0000] {dag.py:2915} INFO - Sync 1 DAGs
[2024-03-26T06:19:09.968+0000] {logging_mixin.py:151} INFO - [2024-03-26T06:19:09.968+0000] {dag.py:3696} INFO - Setting next_dagrun for example_kubernetes_executor to None, run_after=None
[2024-03-26T06:19:10.003+0000] {processor.py:179} INFO - Processing /home/airflow/.local/lib/python3.8/site-packages/airflow/example_dags/example_kubernetes_executor.py took 0.818 seconds
[2024-03-26T06:19:40.197+0000] {processor.py:157} INFO - Started process (PID=1070) to work on /home/airflow/.local/lib/python3.8/site-packages/airflow/example_dags/example_kubernetes_executor.py
[2024-03-26T06:19:40.199+0000] {processor.py:829} INFO - Processing file /home/airflow/.local/lib/python3.8/site-packages/airflow/example_dags/example_kubernetes_executor.py for tasks to queue
[2024-03-26T06:19:40.203+0000] {logging_mixin.py:151} INFO - [2024-03-26T06:19:40.202+0000] {dagbag.py:539} INFO - Filling up the DagBag from /home/airflow/.local/lib/python3.8/site-packages/airflow/example_dags/example_kubernetes_executor.py
[2024-03-26T06:19:40.532+0000] {processor.py:839} INFO - DAG(s) dict_keys(['example_kubernetes_executor']) retrieved from /home/airflow/.local/lib/python3.8/site-packages/airflow/example_dags/example_kubernetes_executor.py
[2024-03-26T06:19:40.583+0000] {logging_mixin.py:151} INFO - [2024-03-26T06:19:40.583+0000] {dag.py:2915} INFO - Sync 1 DAGs
[2024-03-26T06:19:40.601+0000] {logging_mixin.py:151} INFO - [2024-03-26T06:19:40.600+0000] {dag.py:3696} INFO - Setting next_dagrun for example_kubernetes_executor to None, run_after=None
[2024-03-26T06:19:40.627+0000] {processor.py:179} INFO - Processing /home/airflow/.local/lib/python3.8/site-packages/airflow/example_dags/example_kubernetes_executor.py took 0.434 seconds
[2024-03-26T06:20:11.092+0000] {processor.py:157} INFO - Started process (PID=1126) to work on /home/airflow/.local/lib/python3.8/site-packages/airflow/example_dags/example_kubernetes_executor.py
[2024-03-26T06:20:11.094+0000] {processor.py:829} INFO - Processing file /home/airflow/.local/lib/python3.8/site-packages/airflow/example_dags/example_kubernetes_executor.py for tasks to queue
[2024-03-26T06:20:11.097+0000] {logging_mixin.py:151} INFO - [2024-03-26T06:20:11.097+0000] {dagbag.py:539} INFO - Filling up the DagBag from /home/airflow/.local/lib/python3.8/site-packages/airflow/example_dags/example_kubernetes_executor.py
[2024-03-26T06:20:11.380+0000] {processor.py:839} INFO - DAG(s) dict_keys(['example_kubernetes_executor']) retrieved from /home/airflow/.local/lib/python3.8/site-packages/airflow/example_dags/example_kubernetes_executor.py
[2024-03-26T06:20:11.422+0000] {logging_mixin.py:151} INFO - [2024-03-26T06:20:11.421+0000] {dag.py:2915} INFO - Sync 1 DAGs
[2024-03-26T06:20:11.440+0000] {logging_mixin.py:151} INFO - [2024-03-26T06:20:11.439+0000] {dag.py:3696} INFO - Setting next_dagrun for example_kubernetes_executor to None, run_after=None
[2024-03-26T06:20:11.462+0000] {processor.py:179} INFO - Processing /home/airflow/.local/lib/python3.8/site-packages/airflow/example_dags/example_kubernetes_executor.py took 0.374 seconds
[2024-03-26T06:20:41.823+0000] {processor.py:157} INFO - Started process (PID=1182) to work on /home/airflow/.local/lib/python3.8/site-packages/airflow/example_dags/example_kubernetes_executor.py
[2024-03-26T06:20:41.825+0000] {processor.py:829} INFO - Processing file /home/airflow/.local/lib/python3.8/site-packages/airflow/example_dags/example_kubernetes_executor.py for tasks to queue
[2024-03-26T06:20:41.829+0000] {logging_mixin.py:151} INFO - [2024-03-26T06:20:41.828+0000] {dagbag.py:539} INFO - Filling up the DagBag from /home/airflow/.local/lib/python3.8/site-packages/airflow/example_dags/example_kubernetes_executor.py
[2024-03-26T06:20:42.111+0000] {processor.py:839} INFO - DAG(s) dict_keys(['example_kubernetes_executor']) retrieved from /home/airflow/.local/lib/python3.8/site-packages/airflow/example_dags/example_kubernetes_executor.py
[2024-03-26T06:20:42.150+0000] {logging_mixin.py:151} INFO - [2024-03-26T06:20:42.150+0000] {dag.py:2915} INFO - Sync 1 DAGs
[2024-03-26T06:20:42.164+0000] {logging_mixin.py:151} INFO - [2024-03-26T06:20:42.164+0000] {dag.py:3696} INFO - Setting next_dagrun for example_kubernetes_executor to None, run_after=None
[2024-03-26T06:20:42.187+0000] {processor.py:179} INFO - Processing /home/airflow/.local/lib/python3.8/site-packages/airflow/example_dags/example_kubernetes_executor.py took 0.369 seconds
[2024-03-26T06:21:12.415+0000] {processor.py:157} INFO - Started process (PID=1238) to work on /home/airflow/.local/lib/python3.8/site-packages/airflow/example_dags/example_kubernetes_executor.py
[2024-03-26T06:21:12.417+0000] {processor.py:829} INFO - Processing file /home/airflow/.local/lib/python3.8/site-packages/airflow/example_dags/example_kubernetes_executor.py for tasks to queue
[2024-03-26T06:21:12.420+0000] {logging_mixin.py:151} INFO - [2024-03-26T06:21:12.420+0000] {dagbag.py:539} INFO - Filling up the DagBag from /home/airflow/.local/lib/python3.8/site-packages/airflow/example_dags/example_kubernetes_executor.py
[2024-03-26T06:21:12.694+0000] {processor.py:839} INFO - DAG(s) dict_keys(['example_kubernetes_executor']) retrieved from /home/airflow/.local/lib/python3.8/site-packages/airflow/example_dags/example_kubernetes_executor.py
[2024-03-26T06:21:12.735+0000] {logging_mixin.py:151} INFO - [2024-03-26T06:21:12.735+0000] {dag.py:2915} INFO - Sync 1 DAGs
[2024-03-26T06:21:12.751+0000] {logging_mixin.py:151} INFO - [2024-03-26T06:21:12.751+0000] {dag.py:3696} INFO - Setting next_dagrun for example_kubernetes_executor to None, run_after=None
[2024-03-26T06:21:12.773+0000] {processor.py:179} INFO - Processing /home/airflow/.local/lib/python3.8/site-packages/airflow/example_dags/example_kubernetes_executor.py took 0.362 seconds
[2024-03-26T06:21:43.038+0000] {processor.py:157} INFO - Started process (PID=1289) to work on /home/airflow/.local/lib/python3.8/site-packages/airflow/example_dags/example_kubernetes_executor.py
[2024-03-26T06:21:43.041+0000] {processor.py:829} INFO - Processing file /home/airflow/.local/lib/python3.8/site-packages/airflow/example_dags/example_kubernetes_executor.py for tasks to queue
[2024-03-26T06:21:43.044+0000] {logging_mixin.py:151} INFO - [2024-03-26T06:21:43.044+0000] {dagbag.py:539} INFO - Filling up the DagBag from /home/airflow/.local/lib/python3.8/site-packages/airflow/example_dags/example_kubernetes_executor.py
[2024-03-26T06:21:43.313+0000] {processor.py:839} INFO - DAG(s) dict_keys(['example_kubernetes_executor']) retrieved from /home/airflow/.local/lib/python3.8/site-packages/airflow/example_dags/example_kubernetes_executor.py
[2024-03-26T06:21:43.356+0000] {logging_mixin.py:151} INFO - [2024-03-26T06:21:43.356+0000] {dag.py:2915} INFO - Sync 1 DAGs
[2024-03-26T06:21:43.371+0000] {logging_mixin.py:151} INFO - [2024-03-26T06:21:43.371+0000] {dag.py:3696} INFO - Setting next_dagrun for example_kubernetes_executor to None, run_after=None
[2024-03-26T06:21:43.401+0000] {processor.py:179} INFO - Processing /home/airflow/.local/lib/python3.8/site-packages/airflow/example_dags/example_kubernetes_executor.py took 0.367 seconds
[2024-03-26T06:22:13.536+0000] {processor.py:157} INFO - Started process (PID=1342) to work on /home/airflow/.local/lib/python3.8/site-packages/airflow/example_dags/example_kubernetes_executor.py
[2024-03-26T06:22:13.538+0000] {processor.py:829} INFO - Processing file /home/airflow/.local/lib/python3.8/site-packages/airflow/example_dags/example_kubernetes_executor.py for tasks to queue
[2024-03-26T06:22:13.541+0000] {logging_mixin.py:151} INFO - [2024-03-26T06:22:13.540+0000] {dagbag.py:539} INFO - Filling up the DagBag from /home/airflow/.local/lib/python3.8/site-packages/airflow/example_dags/example_kubernetes_executor.py
[2024-03-26T06:22:13.826+0000] {processor.py:839} INFO - DAG(s) dict_keys(['example_kubernetes_executor']) retrieved from /home/airflow/.local/lib/python3.8/site-packages/airflow/example_dags/example_kubernetes_executor.py
[2024-03-26T06:22:13.872+0000] {logging_mixin.py:151} INFO - [2024-03-26T06:22:13.872+0000] {dag.py:2915} INFO - Sync 1 DAGs
[2024-03-26T06:22:13.886+0000] {logging_mixin.py:151} INFO - [2024-03-26T06:22:13.886+0000] {dag.py:3696} INFO - Setting next_dagrun for example_kubernetes_executor to None, run_after=None
[2024-03-26T06:22:13.909+0000] {processor.py:179} INFO - Processing /home/airflow/.local/lib/python3.8/site-packages/airflow/example_dags/example_kubernetes_executor.py took 0.376 seconds
[2024-03-26T06:22:44.253+0000] {processor.py:157} INFO - Started process (PID=1395) to work on /home/airflow/.local/lib/python3.8/site-packages/airflow/example_dags/example_kubernetes_executor.py
[2024-03-26T06:22:44.254+0000] {processor.py:829} INFO - Processing file /home/airflow/.local/lib/python3.8/site-packages/airflow/example_dags/example_kubernetes_executor.py for tasks to queue
[2024-03-26T06:22:44.258+0000] {logging_mixin.py:151} INFO - [2024-03-26T06:22:44.257+0000] {dagbag.py:539} INFO - Filling up the DagBag from /home/airflow/.local/lib/python3.8/site-packages/airflow/example_dags/example_kubernetes_executor.py
[2024-03-26T06:22:44.556+0000] {processor.py:839} INFO - DAG(s) dict_keys(['example_kubernetes_executor']) retrieved from /home/airflow/.local/lib/python3.8/site-packages/airflow/example_dags/example_kubernetes_executor.py
[2024-03-26T06:22:44.604+0000] {logging_mixin.py:151} INFO - [2024-03-26T06:22:44.603+0000] {dag.py:2915} INFO - Sync 1 DAGs
[2024-03-26T06:22:44.621+0000] {logging_mixin.py:151} INFO - [2024-03-26T06:22:44.621+0000] {dag.py:3696} INFO - Setting next_dagrun for example_kubernetes_executor to None, run_after=None
[2024-03-26T06:22:44.645+0000] {processor.py:179} INFO - Processing /home/airflow/.local/lib/python3.8/site-packages/airflow/example_dags/example_kubernetes_executor.py took 0.396 seconds
[2024-03-26T06:23:14.707+0000] {processor.py:157} INFO - Started process (PID=1448) to work on /home/airflow/.local/lib/python3.8/site-packages/airflow/example_dags/example_kubernetes_executor.py
[2024-03-26T06:23:14.709+0000] {processor.py:829} INFO - Processing file /home/airflow/.local/lib/python3.8/site-packages/airflow/example_dags/example_kubernetes_executor.py for tasks to queue
[2024-03-26T06:23:14.712+0000] {logging_mixin.py:151} INFO - [2024-03-26T06:23:14.712+0000] {dagbag.py:539} INFO - Filling up the DagBag from /home/airflow/.local/lib/python3.8/site-packages/airflow/example_dags/example_kubernetes_executor.py
[2024-03-26T06:23:14.994+0000] {processor.py:839} INFO - DAG(s) dict_keys(['example_kubernetes_executor']) retrieved from /home/airflow/.local/lib/python3.8/site-packages/airflow/example_dags/example_kubernetes_executor.py
[2024-03-26T06:23:15.047+0000] {logging_mixin.py:151} INFO - [2024-03-26T06:23:15.046+0000] {dag.py:2915} INFO - Sync 1 DAGs
[2024-03-26T06:23:15.066+0000] {logging_mixin.py:151} INFO - [2024-03-26T06:23:15.066+0000] {dag.py:3696} INFO - Setting next_dagrun for example_kubernetes_executor to None, run_after=None
[2024-03-26T06:23:15.093+0000] {processor.py:179} INFO - Processing /home/airflow/.local/lib/python3.8/site-packages/airflow/example_dags/example_kubernetes_executor.py took 0.392 seconds
[2024-03-26T06:23:45.320+0000] {processor.py:157} INFO - Started process (PID=1502) to work on /home/airflow/.local/lib/python3.8/site-packages/airflow/example_dags/example_kubernetes_executor.py
[2024-03-26T06:23:45.322+0000] {processor.py:829} INFO - Processing file /home/airflow/.local/lib/python3.8/site-packages/airflow/example_dags/example_kubernetes_executor.py for tasks to queue
[2024-03-26T06:23:45.325+0000] {logging_mixin.py:151} INFO - [2024-03-26T06:23:45.325+0000] {dagbag.py:539} INFO - Filling up the DagBag from /home/airflow/.local/lib/python3.8/site-packages/airflow/example_dags/example_kubernetes_executor.py
[2024-03-26T06:23:45.666+0000] {processor.py:839} INFO - DAG(s) dict_keys(['example_kubernetes_executor']) retrieved from /home/airflow/.local/lib/python3.8/site-packages/airflow/example_dags/example_kubernetes_executor.py
[2024-03-26T06:23:45.716+0000] {logging_mixin.py:151} INFO - [2024-03-26T06:23:45.715+0000] {dag.py:2915} INFO - Sync 1 DAGs
[2024-03-26T06:23:45.733+0000] {logging_mixin.py:151} INFO - [2024-03-26T06:23:45.733+0000] {dag.py:3696} INFO - Setting next_dagrun for example_kubernetes_executor to None, run_after=None
[2024-03-26T06:23:45.758+0000] {processor.py:179} INFO - Processing /home/airflow/.local/lib/python3.8/site-packages/airflow/example_dags/example_kubernetes_executor.py took 0.443 seconds
[2024-03-26T06:24:15.803+0000] {processor.py:157} INFO - Started process (PID=1555) to work on /home/airflow/.local/lib/python3.8/site-packages/airflow/example_dags/example_kubernetes_executor.py
[2024-03-26T06:24:15.805+0000] {processor.py:829} INFO - Processing file /home/airflow/.local/lib/python3.8/site-packages/airflow/example_dags/example_kubernetes_executor.py for tasks to queue
[2024-03-26T06:24:15.808+0000] {logging_mixin.py:151} INFO - [2024-03-26T06:24:15.807+0000] {dagbag.py:539} INFO - Filling up the DagBag from /home/airflow/.local/lib/python3.8/site-packages/airflow/example_dags/example_kubernetes_executor.py
[2024-03-26T06:24:16.117+0000] {processor.py:839} INFO - DAG(s) dict_keys(['example_kubernetes_executor']) retrieved from /home/airflow/.local/lib/python3.8/site-packages/airflow/example_dags/example_kubernetes_executor.py
[2024-03-26T06:24:16.158+0000] {logging_mixin.py:151} INFO - [2024-03-26T06:24:16.157+0000] {dag.py:2915} INFO - Sync 1 DAGs
[2024-03-26T06:24:16.177+0000] {logging_mixin.py:151} INFO - [2024-03-26T06:24:16.177+0000] {dag.py:3696} INFO - Setting next_dagrun for example_kubernetes_executor to None, run_after=None
[2024-03-26T06:24:16.199+0000] {processor.py:179} INFO - Processing /home/airflow/.local/lib/python3.8/site-packages/airflow/example_dags/example_kubernetes_executor.py took 0.401 seconds
[2024-03-26T06:24:46.455+0000] {processor.py:157} INFO - Started process (PID=1610) to work on /home/airflow/.local/lib/python3.8/site-packages/airflow/example_dags/example_kubernetes_executor.py
[2024-03-26T06:24:46.457+0000] {processor.py:829} INFO - Processing file /home/airflow/.local/lib/python3.8/site-packages/airflow/example_dags/example_kubernetes_executor.py for tasks to queue
[2024-03-26T06:24:46.460+0000] {logging_mixin.py:151} INFO - [2024-03-26T06:24:46.460+0000] {dagbag.py:539} INFO - Filling up the DagBag from /home/airflow/.local/lib/python3.8/site-packages/airflow/example_dags/example_kubernetes_executor.py
[2024-03-26T06:24:46.763+0000] {processor.py:839} INFO - DAG(s) dict_keys(['example_kubernetes_executor']) retrieved from /home/airflow/.local/lib/python3.8/site-packages/airflow/example_dags/example_kubernetes_executor.py
[2024-03-26T06:24:46.808+0000] {logging_mixin.py:151} INFO - [2024-03-26T06:24:46.807+0000] {dag.py:2915} INFO - Sync 1 DAGs
[2024-03-26T06:24:46.823+0000] {logging_mixin.py:151} INFO - [2024-03-26T06:24:46.822+0000] {dag.py:3696} INFO - Setting next_dagrun for example_kubernetes_executor to None, run_after=None
[2024-03-26T06:24:46.849+0000] {processor.py:179} INFO - Processing /home/airflow/.local/lib/python3.8/site-packages/airflow/example_dags/example_kubernetes_executor.py took 0.396 seconds
[2024-03-26T06:25:17.196+0000] {processor.py:157} INFO - Started process (PID=1664) to work on /home/airflow/.local/lib/python3.8/site-packages/airflow/example_dags/example_kubernetes_executor.py
[2024-03-26T06:25:17.198+0000] {processor.py:829} INFO - Processing file /home/airflow/.local/lib/python3.8/site-packages/airflow/example_dags/example_kubernetes_executor.py for tasks to queue
[2024-03-26T06:25:17.200+0000] {logging_mixin.py:151} INFO - [2024-03-26T06:25:17.200+0000] {dagbag.py:539} INFO - Filling up the DagBag from /home/airflow/.local/lib/python3.8/site-packages/airflow/example_dags/example_kubernetes_executor.py
[2024-03-26T06:25:17.529+0000] {processor.py:839} INFO - DAG(s) dict_keys(['example_kubernetes_executor']) retrieved from /home/airflow/.local/lib/python3.8/site-packages/airflow/example_dags/example_kubernetes_executor.py
[2024-03-26T06:25:17.571+0000] {logging_mixin.py:151} INFO - [2024-03-26T06:25:17.570+0000] {dag.py:2915} INFO - Sync 1 DAGs
[2024-03-26T06:25:17.587+0000] {logging_mixin.py:151} INFO - [2024-03-26T06:25:17.586+0000] {dag.py:3696} INFO - Setting next_dagrun for example_kubernetes_executor to None, run_after=None
[2024-03-26T06:25:17.610+0000] {processor.py:179} INFO - Processing /home/airflow/.local/lib/python3.8/site-packages/airflow/example_dags/example_kubernetes_executor.py took 0.417 seconds
[2024-03-26T06:25:47.807+0000] {processor.py:157} INFO - Started process (PID=1720) to work on /home/airflow/.local/lib/python3.8/site-packages/airflow/example_dags/example_kubernetes_executor.py
[2024-03-26T06:25:47.809+0000] {processor.py:829} INFO - Processing file /home/airflow/.local/lib/python3.8/site-packages/airflow/example_dags/example_kubernetes_executor.py for tasks to queue
[2024-03-26T06:25:47.811+0000] {logging_mixin.py:151} INFO - [2024-03-26T06:25:47.811+0000] {dagbag.py:539} INFO - Filling up the DagBag from /home/airflow/.local/lib/python3.8/site-packages/airflow/example_dags/example_kubernetes_executor.py
[2024-03-26T06:25:48.092+0000] {processor.py:839} INFO - DAG(s) dict_keys(['example_kubernetes_executor']) retrieved from /home/airflow/.local/lib/python3.8/site-packages/airflow/example_dags/example_kubernetes_executor.py
[2024-03-26T06:25:48.132+0000] {logging_mixin.py:151} INFO - [2024-03-26T06:25:48.132+0000] {dag.py:2915} INFO - Sync 1 DAGs
[2024-03-26T06:25:48.149+0000] {logging_mixin.py:151} INFO - [2024-03-26T06:25:48.148+0000] {dag.py:3696} INFO - Setting next_dagrun for example_kubernetes_executor to None, run_after=None
[2024-03-26T06:25:48.171+0000] {processor.py:179} INFO - Processing /home/airflow/.local/lib/python3.8/site-packages/airflow/example_dags/example_kubernetes_executor.py took 0.368 seconds
[2024-03-26T06:26:18.260+0000] {processor.py:157} INFO - Started process (PID=1771) to work on /home/airflow/.local/lib/python3.8/site-packages/airflow/example_dags/example_kubernetes_executor.py
[2024-03-26T06:26:18.262+0000] {processor.py:829} INFO - Processing file /home/airflow/.local/lib/python3.8/site-packages/airflow/example_dags/example_kubernetes_executor.py for tasks to queue
[2024-03-26T06:26:18.266+0000] {logging_mixin.py:151} INFO - [2024-03-26T06:26:18.266+0000] {dagbag.py:539} INFO - Filling up the DagBag from /home/airflow/.local/lib/python3.8/site-packages/airflow/example_dags/example_kubernetes_executor.py
[2024-03-26T06:26:18.535+0000] {processor.py:839} INFO - DAG(s) dict_keys(['example_kubernetes_executor']) retrieved from /home/airflow/.local/lib/python3.8/site-packages/airflow/example_dags/example_kubernetes_executor.py
[2024-03-26T06:26:18.576+0000] {logging_mixin.py:151} INFO - [2024-03-26T06:26:18.575+0000] {dag.py:2915} INFO - Sync 1 DAGs
[2024-03-26T06:26:18.590+0000] {logging_mixin.py:151} INFO - [2024-03-26T06:26:18.590+0000] {dag.py:3696} INFO - Setting next_dagrun for example_kubernetes_executor to None, run_after=None
[2024-03-26T06:26:18.614+0000] {processor.py:179} INFO - Processing /home/airflow/.local/lib/python3.8/site-packages/airflow/example_dags/example_kubernetes_executor.py took 0.359 seconds
[2024-03-26T06:26:48.737+0000] {processor.py:157} INFO - Started process (PID=1826) to work on /home/airflow/.local/lib/python3.8/site-packages/airflow/example_dags/example_kubernetes_executor.py
[2024-03-26T06:26:48.738+0000] {processor.py:829} INFO - Processing file /home/airflow/.local/lib/python3.8/site-packages/airflow/example_dags/example_kubernetes_executor.py for tasks to queue
[2024-03-26T06:26:48.741+0000] {logging_mixin.py:151} INFO - [2024-03-26T06:26:48.741+0000] {dagbag.py:539} INFO - Filling up the DagBag from /home/airflow/.local/lib/python3.8/site-packages/airflow/example_dags/example_kubernetes_executor.py
[2024-03-26T06:26:49.029+0000] {processor.py:839} INFO - DAG(s) dict_keys(['example_kubernetes_executor']) retrieved from /home/airflow/.local/lib/python3.8/site-packages/airflow/example_dags/example_kubernetes_executor.py
[2024-03-26T06:26:49.071+0000] {logging_mixin.py:151} INFO - [2024-03-26T06:26:49.071+0000] {dag.py:2915} INFO - Sync 1 DAGs
[2024-03-26T06:26:49.087+0000] {logging_mixin.py:151} INFO - [2024-03-26T06:26:49.086+0000] {dag.py:3696} INFO - Setting next_dagrun for example_kubernetes_executor to None, run_after=None
[2024-03-26T06:26:49.110+0000] {processor.py:179} INFO - Processing /home/airflow/.local/lib/python3.8/site-packages/airflow/example_dags/example_kubernetes_executor.py took 0.377 seconds
[2024-03-26T06:27:19.346+0000] {processor.py:157} INFO - Started process (PID=1882) to work on /home/airflow/.local/lib/python3.8/site-packages/airflow/example_dags/example_kubernetes_executor.py
[2024-03-26T06:27:19.347+0000] {processor.py:829} INFO - Processing file /home/airflow/.local/lib/python3.8/site-packages/airflow/example_dags/example_kubernetes_executor.py for tasks to queue
[2024-03-26T06:27:19.350+0000] {logging_mixin.py:151} INFO - [2024-03-26T06:27:19.350+0000] {dagbag.py:539} INFO - Filling up the DagBag from /home/airflow/.local/lib/python3.8/site-packages/airflow/example_dags/example_kubernetes_executor.py
[2024-03-26T06:27:19.676+0000] {processor.py:839} INFO - DAG(s) dict_keys(['example_kubernetes_executor']) retrieved from /home/airflow/.local/lib/python3.8/site-packages/airflow/example_dags/example_kubernetes_executor.py
[2024-03-26T06:27:19.722+0000] {logging_mixin.py:151} INFO - [2024-03-26T06:27:19.721+0000] {dag.py:2915} INFO - Sync 1 DAGs
[2024-03-26T06:27:19.737+0000] {logging_mixin.py:151} INFO - [2024-03-26T06:27:19.737+0000] {dag.py:3696} INFO - Setting next_dagrun for example_kubernetes_executor to None, run_after=None
[2024-03-26T06:27:19.760+0000] {processor.py:179} INFO - Processing /home/airflow/.local/lib/python3.8/site-packages/airflow/example_dags/example_kubernetes_executor.py took 0.418 seconds
[2024-03-26T06:27:50.140+0000] {processor.py:157} INFO - Started process (PID=1936) to work on /home/airflow/.local/lib/python3.8/site-packages/airflow/example_dags/example_kubernetes_executor.py
[2024-03-26T06:27:50.142+0000] {processor.py:829} INFO - Processing file /home/airflow/.local/lib/python3.8/site-packages/airflow/example_dags/example_kubernetes_executor.py for tasks to queue
[2024-03-26T06:27:50.145+0000] {logging_mixin.py:151} INFO - [2024-03-26T06:27:50.145+0000] {dagbag.py:539} INFO - Filling up the DagBag from /home/airflow/.local/lib/python3.8/site-packages/airflow/example_dags/example_kubernetes_executor.py
[2024-03-26T06:27:50.422+0000] {processor.py:839} INFO - DAG(s) dict_keys(['example_kubernetes_executor']) retrieved from /home/airflow/.local/lib/python3.8/site-packages/airflow/example_dags/example_kubernetes_executor.py
[2024-03-26T06:27:50.466+0000] {logging_mixin.py:151} INFO - [2024-03-26T06:27:50.465+0000] {dag.py:2915} INFO - Sync 1 DAGs
[2024-03-26T06:27:50.482+0000] {logging_mixin.py:151} INFO - [2024-03-26T06:27:50.482+0000] {dag.py:3696} INFO - Setting next_dagrun for example_kubernetes_executor to None, run_after=None
[2024-03-26T06:27:50.507+0000] {processor.py:179} INFO - Processing /home/airflow/.local/lib/python3.8/site-packages/airflow/example_dags/example_kubernetes_executor.py took 0.371 seconds
[2024-03-26T06:28:20.602+0000] {processor.py:157} INFO - Started process (PID=1990) to work on /home/airflow/.local/lib/python3.8/site-packages/airflow/example_dags/example_kubernetes_executor.py
[2024-03-26T06:28:20.604+0000] {processor.py:829} INFO - Processing file /home/airflow/.local/lib/python3.8/site-packages/airflow/example_dags/example_kubernetes_executor.py for tasks to queue
[2024-03-26T06:28:20.607+0000] {logging_mixin.py:151} INFO - [2024-03-26T06:28:20.606+0000] {dagbag.py:539} INFO - Filling up the DagBag from /home/airflow/.local/lib/python3.8/site-packages/airflow/example_dags/example_kubernetes_executor.py
[2024-03-26T06:28:20.863+0000] {processor.py:839} INFO - DAG(s) dict_keys(['example_kubernetes_executor']) retrieved from /home/airflow/.local/lib/python3.8/site-packages/airflow/example_dags/example_kubernetes_executor.py
[2024-03-26T06:28:20.903+0000] {logging_mixin.py:151} INFO - [2024-03-26T06:28:20.903+0000] {dag.py:2915} INFO - Sync 1 DAGs
[2024-03-26T06:28:20.917+0000] {logging_mixin.py:151} INFO - [2024-03-26T06:28:20.917+0000] {dag.py:3696} INFO - Setting next_dagrun for example_kubernetes_executor to None, run_after=None
[2024-03-26T06:28:20.954+0000] {processor.py:179} INFO - Processing /home/airflow/.local/lib/python3.8/site-packages/airflow/example_dags/example_kubernetes_executor.py took 0.356 seconds
[2024-03-26T06:28:51.250+0000] {processor.py:157} INFO - Started process (PID=2044) to work on /home/airflow/.local/lib/python3.8/site-packages/airflow/example_dags/example_kubernetes_executor.py
[2024-03-26T06:28:51.252+0000] {processor.py:829} INFO - Processing file /home/airflow/.local/lib/python3.8/site-packages/airflow/example_dags/example_kubernetes_executor.py for tasks to queue
[2024-03-26T06:28:51.256+0000] {logging_mixin.py:151} INFO - [2024-03-26T06:28:51.256+0000] {dagbag.py:539} INFO - Filling up the DagBag from /home/airflow/.local/lib/python3.8/site-packages/airflow/example_dags/example_kubernetes_executor.py
[2024-03-26T06:28:51.565+0000] {processor.py:839} INFO - DAG(s) dict_keys(['example_kubernetes_executor']) retrieved from /home/airflow/.local/lib/python3.8/site-packages/airflow/example_dags/example_kubernetes_executor.py
[2024-03-26T06:28:51.609+0000] {logging_mixin.py:151} INFO - [2024-03-26T06:28:51.608+0000] {dag.py:2915} INFO - Sync 1 DAGs
[2024-03-26T06:28:51.621+0000] {logging_mixin.py:151} INFO - [2024-03-26T06:28:51.621+0000] {dag.py:3696} INFO - Setting next_dagrun for example_kubernetes_executor to None, run_after=None
[2024-03-26T06:28:51.648+0000] {processor.py:179} INFO - Processing /home/airflow/.local/lib/python3.8/site-packages/airflow/example_dags/example_kubernetes_executor.py took 0.402 seconds
[2024-03-26T06:29:22.316+0000] {processor.py:157} INFO - Started process (PID=2100) to work on /home/airflow/.local/lib/python3.8/site-packages/airflow/example_dags/example_kubernetes_executor.py
[2024-03-26T06:29:22.317+0000] {processor.py:829} INFO - Processing file /home/airflow/.local/lib/python3.8/site-packages/airflow/example_dags/example_kubernetes_executor.py for tasks to queue
[2024-03-26T06:29:22.321+0000] {logging_mixin.py:151} INFO - [2024-03-26T06:29:22.320+0000] {dagbag.py:539} INFO - Filling up the DagBag from /home/airflow/.local/lib/python3.8/site-packages/airflow/example_dags/example_kubernetes_executor.py
[2024-03-26T06:29:22.603+0000] {processor.py:839} INFO - DAG(s) dict_keys(['example_kubernetes_executor']) retrieved from /home/airflow/.local/lib/python3.8/site-packages/airflow/example_dags/example_kubernetes_executor.py
[2024-03-26T06:29:22.644+0000] {logging_mixin.py:151} INFO - [2024-03-26T06:29:22.644+0000] {dag.py:2915} INFO - Sync 1 DAGs
[2024-03-26T06:29:22.658+0000] {logging_mixin.py:151} INFO - [2024-03-26T06:29:22.657+0000] {dag.py:3696} INFO - Setting next_dagrun for example_kubernetes_executor to None, run_after=None
[2024-03-26T06:29:22.689+0000] {processor.py:179} INFO - Processing /home/airflow/.local/lib/python3.8/site-packages/airflow/example_dags/example_kubernetes_executor.py took 0.377 seconds
[2024-03-26T06:29:53.620+0000] {processor.py:157} INFO - Started process (PID=2154) to work on /home/airflow/.local/lib/python3.8/site-packages/airflow/example_dags/example_kubernetes_executor.py
[2024-03-26T06:29:53.622+0000] {processor.py:829} INFO - Processing file /home/airflow/.local/lib/python3.8/site-packages/airflow/example_dags/example_kubernetes_executor.py for tasks to queue
[2024-03-26T06:29:53.626+0000] {logging_mixin.py:151} INFO - [2024-03-26T06:29:53.625+0000] {dagbag.py:539} INFO - Filling up the DagBag from /home/airflow/.local/lib/python3.8/site-packages/airflow/example_dags/example_kubernetes_executor.py
[2024-03-26T06:29:53.947+0000] {processor.py:839} INFO - DAG(s) dict_keys(['example_kubernetes_executor']) retrieved from /home/airflow/.local/lib/python3.8/site-packages/airflow/example_dags/example_kubernetes_executor.py
[2024-03-26T06:29:53.999+0000] {logging_mixin.py:151} INFO - [2024-03-26T06:29:53.999+0000] {dag.py:2915} INFO - Sync 1 DAGs
[2024-03-26T06:29:54.016+0000] {logging_mixin.py:151} INFO - [2024-03-26T06:29:54.016+0000] {dag.py:3696} INFO - Setting next_dagrun for example_kubernetes_executor to None, run_after=None
[2024-03-26T06:29:54.059+0000] {processor.py:179} INFO - Processing /home/airflow/.local/lib/python3.8/site-packages/airflow/example_dags/example_kubernetes_executor.py took 0.443 seconds
[2024-03-26T06:30:24.208+0000] {processor.py:157} INFO - Started process (PID=2210) to work on /home/airflow/.local/lib/python3.8/site-packages/airflow/example_dags/example_kubernetes_executor.py
[2024-03-26T06:30:24.210+0000] {processor.py:829} INFO - Processing file /home/airflow/.local/lib/python3.8/site-packages/airflow/example_dags/example_kubernetes_executor.py for tasks to queue
[2024-03-26T06:30:24.214+0000] {logging_mixin.py:151} INFO - [2024-03-26T06:30:24.213+0000] {dagbag.py:539} INFO - Filling up the DagBag from /home/airflow/.local/lib/python3.8/site-packages/airflow/example_dags/example_kubernetes_executor.py
[2024-03-26T06:30:24.557+0000] {processor.py:839} INFO - DAG(s) dict_keys(['example_kubernetes_executor']) retrieved from /home/airflow/.local/lib/python3.8/site-packages/airflow/example_dags/example_kubernetes_executor.py
[2024-03-26T06:30:24.610+0000] {logging_mixin.py:151} INFO - [2024-03-26T06:30:24.609+0000] {dag.py:2915} INFO - Sync 1 DAGs
[2024-03-26T06:30:24.627+0000] {logging_mixin.py:151} INFO - [2024-03-26T06:30:24.626+0000] {dag.py:3696} INFO - Setting next_dagrun for example_kubernetes_executor to None, run_after=None
[2024-03-26T06:30:24.670+0000] {processor.py:179} INFO - Processing /home/airflow/.local/lib/python3.8/site-packages/airflow/example_dags/example_kubernetes_executor.py took 0.466 seconds
[2024-03-26T06:30:54.773+0000] {processor.py:157} INFO - Started process (PID=2266) to work on /home/airflow/.local/lib/python3.8/site-packages/airflow/example_dags/example_kubernetes_executor.py
[2024-03-26T06:30:54.775+0000] {processor.py:829} INFO - Processing file /home/airflow/.local/lib/python3.8/site-packages/airflow/example_dags/example_kubernetes_executor.py for tasks to queue
[2024-03-26T06:30:54.778+0000] {logging_mixin.py:151} INFO - [2024-03-26T06:30:54.778+0000] {dagbag.py:539} INFO - Filling up the DagBag from /home/airflow/.local/lib/python3.8/site-packages/airflow/example_dags/example_kubernetes_executor.py
[2024-03-26T06:30:55.061+0000] {processor.py:839} INFO - DAG(s) dict_keys(['example_kubernetes_executor']) retrieved from /home/airflow/.local/lib/python3.8/site-packages/airflow/example_dags/example_kubernetes_executor.py
[2024-03-26T06:30:55.120+0000] {logging_mixin.py:151} INFO - [2024-03-26T06:30:55.120+0000] {dag.py:2915} INFO - Sync 1 DAGs
[2024-03-26T06:30:55.144+0000] {logging_mixin.py:151} INFO - [2024-03-26T06:30:55.143+0000] {dag.py:3696} INFO - Setting next_dagrun for example_kubernetes_executor to None, run_after=None
[2024-03-26T06:30:55.173+0000] {processor.py:179} INFO - Processing /home/airflow/.local/lib/python3.8/site-packages/airflow/example_dags/example_kubernetes_executor.py took 0.403 seconds
[2024-03-26T06:31:25.670+0000] {processor.py:157} INFO - Started process (PID=2319) to work on /home/airflow/.local/lib/python3.8/site-packages/airflow/example_dags/example_kubernetes_executor.py
[2024-03-26T06:31:25.671+0000] {processor.py:829} INFO - Processing file /home/airflow/.local/lib/python3.8/site-packages/airflow/example_dags/example_kubernetes_executor.py for tasks to queue
[2024-03-26T06:31:25.675+0000] {logging_mixin.py:151} INFO - [2024-03-26T06:31:25.675+0000] {dagbag.py:539} INFO - Filling up the DagBag from /home/airflow/.local/lib/python3.8/site-packages/airflow/example_dags/example_kubernetes_executor.py
[2024-03-26T06:31:26.001+0000] {processor.py:839} INFO - DAG(s) dict_keys(['example_kubernetes_executor']) retrieved from /home/airflow/.local/lib/python3.8/site-packages/airflow/example_dags/example_kubernetes_executor.py
[2024-03-26T06:31:26.050+0000] {logging_mixin.py:151} INFO - [2024-03-26T06:31:26.049+0000] {dag.py:2915} INFO - Sync 1 DAGs
[2024-03-26T06:31:26.067+0000] {logging_mixin.py:151} INFO - [2024-03-26T06:31:26.067+0000] {dag.py:3696} INFO - Setting next_dagrun for example_kubernetes_executor to None, run_after=None
[2024-03-26T06:31:26.100+0000] {processor.py:179} INFO - Processing /home/airflow/.local/lib/python3.8/site-packages/airflow/example_dags/example_kubernetes_executor.py took 0.435 seconds
[2024-03-26T06:31:56.505+0000] {processor.py:157} INFO - Started process (PID=2373) to work on /home/airflow/.local/lib/python3.8/site-packages/airflow/example_dags/example_kubernetes_executor.py
[2024-03-26T06:31:56.507+0000] {processor.py:829} INFO - Processing file /home/airflow/.local/lib/python3.8/site-packages/airflow/example_dags/example_kubernetes_executor.py for tasks to queue
[2024-03-26T06:31:56.511+0000] {logging_mixin.py:151} INFO - [2024-03-26T06:31:56.510+0000] {dagbag.py:539} INFO - Filling up the DagBag from /home/airflow/.local/lib/python3.8/site-packages/airflow/example_dags/example_kubernetes_executor.py
[2024-03-26T06:31:56.794+0000] {processor.py:839} INFO - DAG(s) dict_keys(['example_kubernetes_executor']) retrieved from /home/airflow/.local/lib/python3.8/site-packages/airflow/example_dags/example_kubernetes_executor.py
[2024-03-26T06:31:56.844+0000] {logging_mixin.py:151} INFO - [2024-03-26T06:31:56.843+0000] {dag.py:2915} INFO - Sync 1 DAGs
[2024-03-26T06:31:56.861+0000] {logging_mixin.py:151} INFO - [2024-03-26T06:31:56.861+0000] {dag.py:3696} INFO - Setting next_dagrun for example_kubernetes_executor to None, run_after=None
[2024-03-26T06:31:56.883+0000] {processor.py:179} INFO - Processing /home/airflow/.local/lib/python3.8/site-packages/airflow/example_dags/example_kubernetes_executor.py took 0.384 seconds
[2024-03-26T06:32:27.022+0000] {processor.py:157} INFO - Started process (PID=2429) to work on /home/airflow/.local/lib/python3.8/site-packages/airflow/example_dags/example_kubernetes_executor.py
[2024-03-26T06:32:27.023+0000] {processor.py:829} INFO - Processing file /home/airflow/.local/lib/python3.8/site-packages/airflow/example_dags/example_kubernetes_executor.py for tasks to queue
[2024-03-26T06:32:27.026+0000] {logging_mixin.py:151} INFO - [2024-03-26T06:32:27.025+0000] {dagbag.py:539} INFO - Filling up the DagBag from /home/airflow/.local/lib/python3.8/site-packages/airflow/example_dags/example_kubernetes_executor.py
[2024-03-26T06:32:27.306+0000] {processor.py:839} INFO - DAG(s) dict_keys(['example_kubernetes_executor']) retrieved from /home/airflow/.local/lib/python3.8/site-packages/airflow/example_dags/example_kubernetes_executor.py
[2024-03-26T06:32:27.355+0000] {logging_mixin.py:151} INFO - [2024-03-26T06:32:27.354+0000] {dag.py:2915} INFO - Sync 1 DAGs
[2024-03-26T06:32:27.371+0000] {logging_mixin.py:151} INFO - [2024-03-26T06:32:27.371+0000] {dag.py:3696} INFO - Setting next_dagrun for example_kubernetes_executor to None, run_after=None
[2024-03-26T06:32:27.396+0000] {processor.py:179} INFO - Processing /home/airflow/.local/lib/python3.8/site-packages/airflow/example_dags/example_kubernetes_executor.py took 0.378 seconds
[2024-03-26T06:32:57.515+0000] {processor.py:157} INFO - Started process (PID=2485) to work on /home/airflow/.local/lib/python3.8/site-packages/airflow/example_dags/example_kubernetes_executor.py
[2024-03-26T06:32:57.517+0000] {processor.py:829} INFO - Processing file /home/airflow/.local/lib/python3.8/site-packages/airflow/example_dags/example_kubernetes_executor.py for tasks to queue
[2024-03-26T06:32:57.520+0000] {logging_mixin.py:151} INFO - [2024-03-26T06:32:57.520+0000] {dagbag.py:539} INFO - Filling up the DagBag from /home/airflow/.local/lib/python3.8/site-packages/airflow/example_dags/example_kubernetes_executor.py
[2024-03-26T06:32:57.822+0000] {processor.py:839} INFO - DAG(s) dict_keys(['example_kubernetes_executor']) retrieved from /home/airflow/.local/lib/python3.8/site-packages/airflow/example_dags/example_kubernetes_executor.py
[2024-03-26T06:32:57.868+0000] {logging_mixin.py:151} INFO - [2024-03-26T06:32:57.866+0000] {dag.py:2915} INFO - Sync 1 DAGs
[2024-03-26T06:32:57.884+0000] {logging_mixin.py:151} INFO - [2024-03-26T06:32:57.883+0000] {dag.py:3696} INFO - Setting next_dagrun for example_kubernetes_executor to None, run_after=None
[2024-03-26T06:32:57.906+0000] {processor.py:179} INFO - Processing /home/airflow/.local/lib/python3.8/site-packages/airflow/example_dags/example_kubernetes_executor.py took 0.395 seconds
[2024-03-26T06:33:28.162+0000] {processor.py:157} INFO - Started process (PID=2540) to work on /home/airflow/.local/lib/python3.8/site-packages/airflow/example_dags/example_kubernetes_executor.py
[2024-03-26T06:33:28.164+0000] {processor.py:829} INFO - Processing file /home/airflow/.local/lib/python3.8/site-packages/airflow/example_dags/example_kubernetes_executor.py for tasks to queue
[2024-03-26T06:33:28.168+0000] {logging_mixin.py:151} INFO - [2024-03-26T06:33:28.167+0000] {dagbag.py:539} INFO - Filling up the DagBag from /home/airflow/.local/lib/python3.8/site-packages/airflow/example_dags/example_kubernetes_executor.py
[2024-03-26T06:33:28.515+0000] {processor.py:839} INFO - DAG(s) dict_keys(['example_kubernetes_executor']) retrieved from /home/airflow/.local/lib/python3.8/site-packages/airflow/example_dags/example_kubernetes_executor.py
[2024-03-26T06:33:28.607+0000] {logging_mixin.py:151} INFO - [2024-03-26T06:33:28.606+0000] {dag.py:2915} INFO - Sync 1 DAGs
[2024-03-26T06:33:28.625+0000] {logging_mixin.py:151} INFO - [2024-03-26T06:33:28.625+0000] {dag.py:3696} INFO - Setting next_dagrun for example_kubernetes_executor to None, run_after=None
[2024-03-26T06:33:28.654+0000] {processor.py:179} INFO - Processing /home/airflow/.local/lib/python3.8/site-packages/airflow/example_dags/example_kubernetes_executor.py took 0.498 seconds
[2024-03-26T06:33:58.776+0000] {processor.py:157} INFO - Started process (PID=2596) to work on /home/airflow/.local/lib/python3.8/site-packages/airflow/example_dags/example_kubernetes_executor.py
[2024-03-26T06:33:58.781+0000] {processor.py:829} INFO - Processing file /home/airflow/.local/lib/python3.8/site-packages/airflow/example_dags/example_kubernetes_executor.py for tasks to queue
[2024-03-26T06:33:58.784+0000] {logging_mixin.py:151} INFO - [2024-03-26T06:33:58.784+0000] {dagbag.py:539} INFO - Filling up the DagBag from /home/airflow/.local/lib/python3.8/site-packages/airflow/example_dags/example_kubernetes_executor.py
[2024-03-26T06:33:59.084+0000] {processor.py:839} INFO - DAG(s) dict_keys(['example_kubernetes_executor']) retrieved from /home/airflow/.local/lib/python3.8/site-packages/airflow/example_dags/example_kubernetes_executor.py
[2024-03-26T06:33:59.126+0000] {logging_mixin.py:151} INFO - [2024-03-26T06:33:59.126+0000] {dag.py:2915} INFO - Sync 1 DAGs
[2024-03-26T06:33:59.143+0000] {logging_mixin.py:151} INFO - [2024-03-26T06:33:59.143+0000] {dag.py:3696} INFO - Setting next_dagrun for example_kubernetes_executor to None, run_after=None
[2024-03-26T06:34:00.280+0000] {processor.py:179} INFO - Processing /home/airflow/.local/lib/python3.8/site-packages/airflow/example_dags/example_kubernetes_executor.py took 1.511 seconds
