[2024-03-26T06:04:12.106+0000] {processor.py:157} INFO - Started process (PID=71) to work on /home/airflow/.local/lib/python3.8/site-packages/airflow/example_dags/tutorial_taskflow_api.py
[2024-03-26T06:04:12.108+0000] {processor.py:829} INFO - Processing file /home/airflow/.local/lib/python3.8/site-packages/airflow/example_dags/tutorial_taskflow_api.py for tasks to queue
[2024-03-26T06:04:12.112+0000] {logging_mixin.py:151} INFO - [2024-03-26T06:04:12.111+0000] {dagbag.py:539} INFO - Filling up the DagBag from /home/airflow/.local/lib/python3.8/site-packages/airflow/example_dags/tutorial_taskflow_api.py
[2024-03-26T06:04:12.137+0000] {processor.py:839} INFO - DAG(s) dict_keys(['tutorial_taskflow_api']) retrieved from /home/airflow/.local/lib/python3.8/site-packages/airflow/example_dags/tutorial_taskflow_api.py
[2024-03-26T06:04:12.342+0000] {logging_mixin.py:151} INFO - [2024-03-26T06:04:12.342+0000] {manager.py:499} INFO - Created Permission View: %s
[2024-03-26T06:04:12.458+0000] {logging_mixin.py:151} INFO - [2024-03-26T06:04:12.458+0000] {manager.py:499} INFO - Created Permission View: %s
[2024-03-26T06:04:12.508+0000] {logging_mixin.py:151} INFO - [2024-03-26T06:04:12.508+0000] {manager.py:499} INFO - Created Permission View: %s
[2024-03-26T06:04:12.509+0000] {logging_mixin.py:151} INFO - [2024-03-26T06:04:12.509+0000] {security.py:708} INFO - Not syncing DAG-level permissions for DAG 'DAG:tutorial_taskflow_api' as access control is unset.
[2024-03-26T06:04:12.510+0000] {logging_mixin.py:151} INFO - [2024-03-26T06:04:12.510+0000] {dag.py:2915} INFO - Sync 1 DAGs
[2024-03-26T06:04:12.531+0000] {logging_mixin.py:151} INFO - [2024-03-26T06:04:12.530+0000] {dag.py:2937} INFO - Creating ORM DAG for tutorial_taskflow_api
[2024-03-26T06:04:12.532+0000] {logging_mixin.py:151} INFO - [2024-03-26T06:04:12.532+0000] {dag.py:3696} INFO - Setting next_dagrun for tutorial_taskflow_api to None, run_after=None
[2024-03-26T06:04:12.564+0000] {processor.py:179} INFO - Processing /home/airflow/.local/lib/python3.8/site-packages/airflow/example_dags/tutorial_taskflow_api.py took 0.462 seconds
[2024-03-26T06:04:44.361+0000] {processor.py:157} INFO - Started process (PID=125) to work on /home/airflow/.local/lib/python3.8/site-packages/airflow/example_dags/tutorial_taskflow_api.py
[2024-03-26T06:04:44.364+0000] {processor.py:829} INFO - Processing file /home/airflow/.local/lib/python3.8/site-packages/airflow/example_dags/tutorial_taskflow_api.py for tasks to queue
[2024-03-26T06:04:44.368+0000] {logging_mixin.py:151} INFO - [2024-03-26T06:04:44.367+0000] {dagbag.py:539} INFO - Filling up the DagBag from /home/airflow/.local/lib/python3.8/site-packages/airflow/example_dags/tutorial_taskflow_api.py
[2024-03-26T06:04:44.377+0000] {processor.py:839} INFO - DAG(s) dict_keys(['tutorial_taskflow_api']) retrieved from /home/airflow/.local/lib/python3.8/site-packages/airflow/example_dags/tutorial_taskflow_api.py
[2024-03-26T06:04:44.419+0000] {logging_mixin.py:151} INFO - [2024-03-26T06:04:44.419+0000] {dag.py:2915} INFO - Sync 1 DAGs
[2024-03-26T06:04:44.436+0000] {logging_mixin.py:151} INFO - [2024-03-26T06:04:44.436+0000] {dag.py:3696} INFO - Setting next_dagrun for tutorial_taskflow_api to None, run_after=None
[2024-03-26T06:04:44.465+0000] {processor.py:179} INFO - Processing /home/airflow/.local/lib/python3.8/site-packages/airflow/example_dags/tutorial_taskflow_api.py took 0.108 seconds
[2024-03-26T06:05:15.748+0000] {processor.py:157} INFO - Started process (PID=179) to work on /home/airflow/.local/lib/python3.8/site-packages/airflow/example_dags/tutorial_taskflow_api.py
[2024-03-26T06:05:15.763+0000] {processor.py:829} INFO - Processing file /home/airflow/.local/lib/python3.8/site-packages/airflow/example_dags/tutorial_taskflow_api.py for tasks to queue
[2024-03-26T06:05:15.767+0000] {logging_mixin.py:151} INFO - [2024-03-26T06:05:15.766+0000] {dagbag.py:539} INFO - Filling up the DagBag from /home/airflow/.local/lib/python3.8/site-packages/airflow/example_dags/tutorial_taskflow_api.py
[2024-03-26T06:05:15.780+0000] {processor.py:839} INFO - DAG(s) dict_keys(['tutorial_taskflow_api']) retrieved from /home/airflow/.local/lib/python3.8/site-packages/airflow/example_dags/tutorial_taskflow_api.py
[2024-03-26T06:05:15.817+0000] {logging_mixin.py:151} INFO - [2024-03-26T06:05:15.817+0000] {dag.py:2915} INFO - Sync 1 DAGs
[2024-03-26T06:05:15.838+0000] {logging_mixin.py:151} INFO - [2024-03-26T06:05:15.838+0000] {dag.py:3696} INFO - Setting next_dagrun for tutorial_taskflow_api to None, run_after=None
[2024-03-26T06:05:15.880+0000] {processor.py:179} INFO - Processing /home/airflow/.local/lib/python3.8/site-packages/airflow/example_dags/tutorial_taskflow_api.py took 0.137 seconds
[2024-03-26T06:05:48.039+0000] {processor.py:157} INFO - Started process (PID=233) to work on /home/airflow/.local/lib/python3.8/site-packages/airflow/example_dags/tutorial_taskflow_api.py
[2024-03-26T06:05:48.041+0000] {processor.py:829} INFO - Processing file /home/airflow/.local/lib/python3.8/site-packages/airflow/example_dags/tutorial_taskflow_api.py for tasks to queue
[2024-03-26T06:05:48.045+0000] {logging_mixin.py:151} INFO - [2024-03-26T06:05:48.044+0000] {dagbag.py:539} INFO - Filling up the DagBag from /home/airflow/.local/lib/python3.8/site-packages/airflow/example_dags/tutorial_taskflow_api.py
[2024-03-26T06:05:48.054+0000] {processor.py:839} INFO - DAG(s) dict_keys(['tutorial_taskflow_api']) retrieved from /home/airflow/.local/lib/python3.8/site-packages/airflow/example_dags/tutorial_taskflow_api.py
[2024-03-26T06:05:48.084+0000] {logging_mixin.py:151} INFO - [2024-03-26T06:05:48.083+0000] {dag.py:2915} INFO - Sync 1 DAGs
[2024-03-26T06:05:48.103+0000] {logging_mixin.py:151} INFO - [2024-03-26T06:05:48.102+0000] {dag.py:3696} INFO - Setting next_dagrun for tutorial_taskflow_api to None, run_after=None
[2024-03-26T06:05:48.133+0000] {processor.py:179} INFO - Processing /home/airflow/.local/lib/python3.8/site-packages/airflow/example_dags/tutorial_taskflow_api.py took 0.100 seconds
[2024-03-26T06:06:20.144+0000] {processor.py:157} INFO - Started process (PID=294) to work on /home/airflow/.local/lib/python3.8/site-packages/airflow/example_dags/tutorial_taskflow_api.py
[2024-03-26T06:06:20.146+0000] {processor.py:829} INFO - Processing file /home/airflow/.local/lib/python3.8/site-packages/airflow/example_dags/tutorial_taskflow_api.py for tasks to queue
[2024-03-26T06:06:20.157+0000] {logging_mixin.py:151} INFO - [2024-03-26T06:06:20.157+0000] {dagbag.py:539} INFO - Filling up the DagBag from /home/airflow/.local/lib/python3.8/site-packages/airflow/example_dags/tutorial_taskflow_api.py
[2024-03-26T06:06:20.168+0000] {processor.py:839} INFO - DAG(s) dict_keys(['tutorial_taskflow_api']) retrieved from /home/airflow/.local/lib/python3.8/site-packages/airflow/example_dags/tutorial_taskflow_api.py
[2024-03-26T06:06:20.210+0000] {logging_mixin.py:151} INFO - [2024-03-26T06:06:20.209+0000] {dag.py:2915} INFO - Sync 1 DAGs
[2024-03-26T06:06:20.241+0000] {logging_mixin.py:151} INFO - [2024-03-26T06:06:20.240+0000] {dag.py:3696} INFO - Setting next_dagrun for tutorial_taskflow_api to None, run_after=None
[2024-03-26T06:06:20.299+0000] {processor.py:179} INFO - Processing /home/airflow/.local/lib/python3.8/site-packages/airflow/example_dags/tutorial_taskflow_api.py took 0.160 seconds
[2024-03-26T06:06:53.164+0000] {processor.py:157} INFO - Started process (PID=348) to work on /home/airflow/.local/lib/python3.8/site-packages/airflow/example_dags/tutorial_taskflow_api.py
[2024-03-26T06:06:53.166+0000] {processor.py:829} INFO - Processing file /home/airflow/.local/lib/python3.8/site-packages/airflow/example_dags/tutorial_taskflow_api.py for tasks to queue
[2024-03-26T06:06:53.169+0000] {logging_mixin.py:151} INFO - [2024-03-26T06:06:53.169+0000] {dagbag.py:539} INFO - Filling up the DagBag from /home/airflow/.local/lib/python3.8/site-packages/airflow/example_dags/tutorial_taskflow_api.py
[2024-03-26T06:06:53.179+0000] {processor.py:839} INFO - DAG(s) dict_keys(['tutorial_taskflow_api']) retrieved from /home/airflow/.local/lib/python3.8/site-packages/airflow/example_dags/tutorial_taskflow_api.py
[2024-03-26T06:06:53.229+0000] {logging_mixin.py:151} INFO - [2024-03-26T06:06:53.229+0000] {dag.py:2915} INFO - Sync 1 DAGs
[2024-03-26T06:06:53.251+0000] {logging_mixin.py:151} INFO - [2024-03-26T06:06:53.250+0000] {dag.py:3696} INFO - Setting next_dagrun for tutorial_taskflow_api to None, run_after=None
[2024-03-26T06:06:53.283+0000] {processor.py:179} INFO - Processing /home/airflow/.local/lib/python3.8/site-packages/airflow/example_dags/tutorial_taskflow_api.py took 0.124 seconds
[2024-03-26T06:07:25.272+0000] {processor.py:157} INFO - Started process (PID=402) to work on /home/airflow/.local/lib/python3.8/site-packages/airflow/example_dags/tutorial_taskflow_api.py
[2024-03-26T06:07:25.274+0000] {processor.py:829} INFO - Processing file /home/airflow/.local/lib/python3.8/site-packages/airflow/example_dags/tutorial_taskflow_api.py for tasks to queue
[2024-03-26T06:07:25.278+0000] {logging_mixin.py:151} INFO - [2024-03-26T06:07:25.277+0000] {dagbag.py:539} INFO - Filling up the DagBag from /home/airflow/.local/lib/python3.8/site-packages/airflow/example_dags/tutorial_taskflow_api.py
[2024-03-26T06:07:25.287+0000] {processor.py:839} INFO - DAG(s) dict_keys(['tutorial_taskflow_api']) retrieved from /home/airflow/.local/lib/python3.8/site-packages/airflow/example_dags/tutorial_taskflow_api.py
[2024-03-26T06:07:25.313+0000] {logging_mixin.py:151} INFO - [2024-03-26T06:07:25.312+0000] {dag.py:2915} INFO - Sync 1 DAGs
[2024-03-26T06:07:25.328+0000] {logging_mixin.py:151} INFO - [2024-03-26T06:07:25.328+0000] {dag.py:3696} INFO - Setting next_dagrun for tutorial_taskflow_api to None, run_after=None
[2024-03-26T06:07:25.353+0000] {processor.py:179} INFO - Processing /home/airflow/.local/lib/python3.8/site-packages/airflow/example_dags/tutorial_taskflow_api.py took 0.085 seconds
[2024-03-26T06:07:55.933+0000] {processor.py:157} INFO - Started process (PID=456) to work on /home/airflow/.local/lib/python3.8/site-packages/airflow/example_dags/tutorial_taskflow_api.py
[2024-03-26T06:07:55.935+0000] {processor.py:829} INFO - Processing file /home/airflow/.local/lib/python3.8/site-packages/airflow/example_dags/tutorial_taskflow_api.py for tasks to queue
[2024-03-26T06:07:55.938+0000] {logging_mixin.py:151} INFO - [2024-03-26T06:07:55.937+0000] {dagbag.py:539} INFO - Filling up the DagBag from /home/airflow/.local/lib/python3.8/site-packages/airflow/example_dags/tutorial_taskflow_api.py
[2024-03-26T06:07:55.945+0000] {processor.py:839} INFO - DAG(s) dict_keys(['tutorial_taskflow_api']) retrieved from /home/airflow/.local/lib/python3.8/site-packages/airflow/example_dags/tutorial_taskflow_api.py
[2024-03-26T06:07:55.970+0000] {logging_mixin.py:151} INFO - [2024-03-26T06:07:55.970+0000] {dag.py:2915} INFO - Sync 1 DAGs
[2024-03-26T06:07:55.985+0000] {logging_mixin.py:151} INFO - [2024-03-26T06:07:55.985+0000] {dag.py:3696} INFO - Setting next_dagrun for tutorial_taskflow_api to None, run_after=None
[2024-03-26T06:07:56.008+0000] {processor.py:179} INFO - Processing /home/airflow/.local/lib/python3.8/site-packages/airflow/example_dags/tutorial_taskflow_api.py took 0.079 seconds
[2024-03-26T06:08:26.762+0000] {processor.py:157} INFO - Started process (PID=510) to work on /home/airflow/.local/lib/python3.8/site-packages/airflow/example_dags/tutorial_taskflow_api.py
[2024-03-26T06:08:26.764+0000] {processor.py:829} INFO - Processing file /home/airflow/.local/lib/python3.8/site-packages/airflow/example_dags/tutorial_taskflow_api.py for tasks to queue
[2024-03-26T06:08:26.769+0000] {logging_mixin.py:151} INFO - [2024-03-26T06:08:26.768+0000] {dagbag.py:539} INFO - Filling up the DagBag from /home/airflow/.local/lib/python3.8/site-packages/airflow/example_dags/tutorial_taskflow_api.py
[2024-03-26T06:08:26.777+0000] {processor.py:839} INFO - DAG(s) dict_keys(['tutorial_taskflow_api']) retrieved from /home/airflow/.local/lib/python3.8/site-packages/airflow/example_dags/tutorial_taskflow_api.py
[2024-03-26T06:08:26.802+0000] {logging_mixin.py:151} INFO - [2024-03-26T06:08:26.801+0000] {dag.py:2915} INFO - Sync 1 DAGs
[2024-03-26T06:08:26.817+0000] {logging_mixin.py:151} INFO - [2024-03-26T06:08:26.816+0000] {dag.py:3696} INFO - Setting next_dagrun for tutorial_taskflow_api to None, run_after=None
[2024-03-26T06:08:26.843+0000] {processor.py:179} INFO - Processing /home/airflow/.local/lib/python3.8/site-packages/airflow/example_dags/tutorial_taskflow_api.py took 0.085 seconds
[2024-03-26T06:08:57.183+0000] {processor.py:157} INFO - Started process (PID=564) to work on /home/airflow/.local/lib/python3.8/site-packages/airflow/example_dags/tutorial_taskflow_api.py
[2024-03-26T06:08:57.184+0000] {processor.py:829} INFO - Processing file /home/airflow/.local/lib/python3.8/site-packages/airflow/example_dags/tutorial_taskflow_api.py for tasks to queue
[2024-03-26T06:08:57.188+0000] {logging_mixin.py:151} INFO - [2024-03-26T06:08:57.187+0000] {dagbag.py:539} INFO - Filling up the DagBag from /home/airflow/.local/lib/python3.8/site-packages/airflow/example_dags/tutorial_taskflow_api.py
[2024-03-26T06:08:57.195+0000] {processor.py:839} INFO - DAG(s) dict_keys(['tutorial_taskflow_api']) retrieved from /home/airflow/.local/lib/python3.8/site-packages/airflow/example_dags/tutorial_taskflow_api.py
[2024-03-26T06:08:57.223+0000] {logging_mixin.py:151} INFO - [2024-03-26T06:08:57.223+0000] {dag.py:2915} INFO - Sync 1 DAGs
[2024-03-26T06:08:57.237+0000] {logging_mixin.py:151} INFO - [2024-03-26T06:08:57.237+0000] {dag.py:3696} INFO - Setting next_dagrun for tutorial_taskflow_api to None, run_after=None
[2024-03-26T06:08:57.262+0000] {processor.py:179} INFO - Processing /home/airflow/.local/lib/python3.8/site-packages/airflow/example_dags/tutorial_taskflow_api.py took 0.083 seconds
[2024-03-26T06:09:28.355+0000] {processor.py:157} INFO - Started process (PID=618) to work on /home/airflow/.local/lib/python3.8/site-packages/airflow/example_dags/tutorial_taskflow_api.py
[2024-03-26T06:09:28.357+0000] {processor.py:829} INFO - Processing file /home/airflow/.local/lib/python3.8/site-packages/airflow/example_dags/tutorial_taskflow_api.py for tasks to queue
[2024-03-26T06:09:28.360+0000] {logging_mixin.py:151} INFO - [2024-03-26T06:09:28.360+0000] {dagbag.py:539} INFO - Filling up the DagBag from /home/airflow/.local/lib/python3.8/site-packages/airflow/example_dags/tutorial_taskflow_api.py
[2024-03-26T06:09:28.369+0000] {processor.py:839} INFO - DAG(s) dict_keys(['tutorial_taskflow_api']) retrieved from /home/airflow/.local/lib/python3.8/site-packages/airflow/example_dags/tutorial_taskflow_api.py
[2024-03-26T06:09:28.400+0000] {logging_mixin.py:151} INFO - [2024-03-26T06:09:28.399+0000] {dag.py:2915} INFO - Sync 1 DAGs
[2024-03-26T06:09:28.421+0000] {logging_mixin.py:151} INFO - [2024-03-26T06:09:28.420+0000] {dag.py:3696} INFO - Setting next_dagrun for tutorial_taskflow_api to None, run_after=None
[2024-03-26T06:09:28.449+0000] {processor.py:179} INFO - Processing /home/airflow/.local/lib/python3.8/site-packages/airflow/example_dags/tutorial_taskflow_api.py took 0.098 seconds
[2024-03-26T06:09:58.997+0000] {processor.py:157} INFO - Started process (PID=672) to work on /home/airflow/.local/lib/python3.8/site-packages/airflow/example_dags/tutorial_taskflow_api.py
[2024-03-26T06:09:58.999+0000] {processor.py:829} INFO - Processing file /home/airflow/.local/lib/python3.8/site-packages/airflow/example_dags/tutorial_taskflow_api.py for tasks to queue
[2024-03-26T06:09:59.002+0000] {logging_mixin.py:151} INFO - [2024-03-26T06:09:59.002+0000] {dagbag.py:539} INFO - Filling up the DagBag from /home/airflow/.local/lib/python3.8/site-packages/airflow/example_dags/tutorial_taskflow_api.py
[2024-03-26T06:09:59.009+0000] {processor.py:839} INFO - DAG(s) dict_keys(['tutorial_taskflow_api']) retrieved from /home/airflow/.local/lib/python3.8/site-packages/airflow/example_dags/tutorial_taskflow_api.py
[2024-03-26T06:09:59.033+0000] {logging_mixin.py:151} INFO - [2024-03-26T06:09:59.033+0000] {dag.py:2915} INFO - Sync 1 DAGs
[2024-03-26T06:09:59.049+0000] {logging_mixin.py:151} INFO - [2024-03-26T06:09:59.049+0000] {dag.py:3696} INFO - Setting next_dagrun for tutorial_taskflow_api to None, run_after=None
[2024-03-26T06:09:59.073+0000] {processor.py:179} INFO - Processing /home/airflow/.local/lib/python3.8/site-packages/airflow/example_dags/tutorial_taskflow_api.py took 0.082 seconds
[2024-03-26T06:10:29.707+0000] {processor.py:157} INFO - Started process (PID=726) to work on /home/airflow/.local/lib/python3.8/site-packages/airflow/example_dags/tutorial_taskflow_api.py
[2024-03-26T06:10:29.709+0000] {processor.py:829} INFO - Processing file /home/airflow/.local/lib/python3.8/site-packages/airflow/example_dags/tutorial_taskflow_api.py for tasks to queue
[2024-03-26T06:10:29.712+0000] {logging_mixin.py:151} INFO - [2024-03-26T06:10:29.711+0000] {dagbag.py:539} INFO - Filling up the DagBag from /home/airflow/.local/lib/python3.8/site-packages/airflow/example_dags/tutorial_taskflow_api.py
[2024-03-26T06:10:29.718+0000] {processor.py:839} INFO - DAG(s) dict_keys(['tutorial_taskflow_api']) retrieved from /home/airflow/.local/lib/python3.8/site-packages/airflow/example_dags/tutorial_taskflow_api.py
[2024-03-26T06:10:29.741+0000] {logging_mixin.py:151} INFO - [2024-03-26T06:10:29.741+0000] {dag.py:2915} INFO - Sync 1 DAGs
[2024-03-26T06:10:29.754+0000] {logging_mixin.py:151} INFO - [2024-03-26T06:10:29.754+0000] {dag.py:3696} INFO - Setting next_dagrun for tutorial_taskflow_api to None, run_after=None
[2024-03-26T06:10:29.779+0000] {processor.py:179} INFO - Processing /home/airflow/.local/lib/python3.8/site-packages/airflow/example_dags/tutorial_taskflow_api.py took 0.075 seconds
[2024-03-26T06:11:00.203+0000] {processor.py:157} INFO - Started process (PID=780) to work on /home/airflow/.local/lib/python3.8/site-packages/airflow/example_dags/tutorial_taskflow_api.py
[2024-03-26T06:11:00.204+0000] {processor.py:829} INFO - Processing file /home/airflow/.local/lib/python3.8/site-packages/airflow/example_dags/tutorial_taskflow_api.py for tasks to queue
[2024-03-26T06:11:00.208+0000] {logging_mixin.py:151} INFO - [2024-03-26T06:11:00.207+0000] {dagbag.py:539} INFO - Filling up the DagBag from /home/airflow/.local/lib/python3.8/site-packages/airflow/example_dags/tutorial_taskflow_api.py
[2024-03-26T06:11:00.215+0000] {processor.py:839} INFO - DAG(s) dict_keys(['tutorial_taskflow_api']) retrieved from /home/airflow/.local/lib/python3.8/site-packages/airflow/example_dags/tutorial_taskflow_api.py
[2024-03-26T06:11:00.241+0000] {logging_mixin.py:151} INFO - [2024-03-26T06:11:00.241+0000] {dag.py:2915} INFO - Sync 1 DAGs
[2024-03-26T06:11:00.256+0000] {logging_mixin.py:151} INFO - [2024-03-26T06:11:00.256+0000] {dag.py:3696} INFO - Setting next_dagrun for tutorial_taskflow_api to None, run_after=None
[2024-03-26T06:11:00.291+0000] {processor.py:179} INFO - Processing /home/airflow/.local/lib/python3.8/site-packages/airflow/example_dags/tutorial_taskflow_api.py took 0.092 seconds
[2024-03-26T06:11:31.027+0000] {processor.py:157} INFO - Started process (PID=834) to work on /home/airflow/.local/lib/python3.8/site-packages/airflow/example_dags/tutorial_taskflow_api.py
[2024-03-26T06:11:31.029+0000] {processor.py:829} INFO - Processing file /home/airflow/.local/lib/python3.8/site-packages/airflow/example_dags/tutorial_taskflow_api.py for tasks to queue
[2024-03-26T06:11:31.032+0000] {logging_mixin.py:151} INFO - [2024-03-26T06:11:31.032+0000] {dagbag.py:539} INFO - Filling up the DagBag from /home/airflow/.local/lib/python3.8/site-packages/airflow/example_dags/tutorial_taskflow_api.py
[2024-03-26T06:11:31.041+0000] {processor.py:839} INFO - DAG(s) dict_keys(['tutorial_taskflow_api']) retrieved from /home/airflow/.local/lib/python3.8/site-packages/airflow/example_dags/tutorial_taskflow_api.py
[2024-03-26T06:11:31.070+0000] {logging_mixin.py:151} INFO - [2024-03-26T06:11:31.070+0000] {dag.py:2915} INFO - Sync 1 DAGs
[2024-03-26T06:11:31.087+0000] {logging_mixin.py:151} INFO - [2024-03-26T06:11:31.087+0000] {dag.py:3696} INFO - Setting next_dagrun for tutorial_taskflow_api to None, run_after=None
[2024-03-26T06:11:31.121+0000] {processor.py:179} INFO - Processing /home/airflow/.local/lib/python3.8/site-packages/airflow/example_dags/tutorial_taskflow_api.py took 0.097 seconds
[2024-03-26T06:12:02.063+0000] {processor.py:157} INFO - Started process (PID=888) to work on /home/airflow/.local/lib/python3.8/site-packages/airflow/example_dags/tutorial_taskflow_api.py
[2024-03-26T06:12:02.065+0000] {processor.py:829} INFO - Processing file /home/airflow/.local/lib/python3.8/site-packages/airflow/example_dags/tutorial_taskflow_api.py for tasks to queue
[2024-03-26T06:12:02.067+0000] {logging_mixin.py:151} INFO - [2024-03-26T06:12:02.067+0000] {dagbag.py:539} INFO - Filling up the DagBag from /home/airflow/.local/lib/python3.8/site-packages/airflow/example_dags/tutorial_taskflow_api.py
[2024-03-26T06:12:02.076+0000] {processor.py:839} INFO - DAG(s) dict_keys(['tutorial_taskflow_api']) retrieved from /home/airflow/.local/lib/python3.8/site-packages/airflow/example_dags/tutorial_taskflow_api.py
[2024-03-26T06:12:02.099+0000] {logging_mixin.py:151} INFO - [2024-03-26T06:12:02.098+0000] {dag.py:2915} INFO - Sync 1 DAGs
[2024-03-26T06:12:02.113+0000] {logging_mixin.py:151} INFO - [2024-03-26T06:12:02.113+0000] {dag.py:3696} INFO - Setting next_dagrun for tutorial_taskflow_api to None, run_after=None
[2024-03-26T06:12:02.135+0000] {processor.py:179} INFO - Processing /home/airflow/.local/lib/python3.8/site-packages/airflow/example_dags/tutorial_taskflow_api.py took 0.075 seconds
[2024-03-26T06:12:32.559+0000] {processor.py:157} INFO - Started process (PID=942) to work on /home/airflow/.local/lib/python3.8/site-packages/airflow/example_dags/tutorial_taskflow_api.py
[2024-03-26T06:12:32.560+0000] {processor.py:829} INFO - Processing file /home/airflow/.local/lib/python3.8/site-packages/airflow/example_dags/tutorial_taskflow_api.py for tasks to queue
[2024-03-26T06:12:32.563+0000] {logging_mixin.py:151} INFO - [2024-03-26T06:12:32.563+0000] {dagbag.py:539} INFO - Filling up the DagBag from /home/airflow/.local/lib/python3.8/site-packages/airflow/example_dags/tutorial_taskflow_api.py
[2024-03-26T06:12:32.570+0000] {processor.py:839} INFO - DAG(s) dict_keys(['tutorial_taskflow_api']) retrieved from /home/airflow/.local/lib/python3.8/site-packages/airflow/example_dags/tutorial_taskflow_api.py
[2024-03-26T06:12:32.593+0000] {logging_mixin.py:151} INFO - [2024-03-26T06:12:32.593+0000] {dag.py:2915} INFO - Sync 1 DAGs
[2024-03-26T06:12:32.607+0000] {logging_mixin.py:151} INFO - [2024-03-26T06:12:32.607+0000] {dag.py:3696} INFO - Setting next_dagrun for tutorial_taskflow_api to None, run_after=None
[2024-03-26T06:12:32.650+0000] {processor.py:179} INFO - Processing /home/airflow/.local/lib/python3.8/site-packages/airflow/example_dags/tutorial_taskflow_api.py took 0.095 seconds
[2024-03-26T06:19:10.048+0000] {processor.py:157} INFO - Started process (PID=1020) to work on /home/airflow/.local/lib/python3.8/site-packages/airflow/example_dags/tutorial_taskflow_api.py
[2024-03-26T06:19:10.050+0000] {processor.py:829} INFO - Processing file /home/airflow/.local/lib/python3.8/site-packages/airflow/example_dags/tutorial_taskflow_api.py for tasks to queue
[2024-03-26T06:19:10.053+0000] {logging_mixin.py:151} INFO - [2024-03-26T06:19:10.053+0000] {dagbag.py:539} INFO - Filling up the DagBag from /home/airflow/.local/lib/python3.8/site-packages/airflow/example_dags/tutorial_taskflow_api.py
[2024-03-26T06:19:10.066+0000] {processor.py:839} INFO - DAG(s) dict_keys(['tutorial_taskflow_api']) retrieved from /home/airflow/.local/lib/python3.8/site-packages/airflow/example_dags/tutorial_taskflow_api.py
[2024-03-26T06:19:10.109+0000] {logging_mixin.py:151} INFO - [2024-03-26T06:19:10.109+0000] {dag.py:2915} INFO - Sync 1 DAGs
[2024-03-26T06:19:10.143+0000] {logging_mixin.py:151} INFO - [2024-03-26T06:19:10.142+0000] {dag.py:3696} INFO - Setting next_dagrun for tutorial_taskflow_api to None, run_after=None
[2024-03-26T06:19:10.194+0000] {processor.py:179} INFO - Processing /home/airflow/.local/lib/python3.8/site-packages/airflow/example_dags/tutorial_taskflow_api.py took 0.151 seconds
[2024-03-26T06:19:40.594+0000] {processor.py:157} INFO - Started process (PID=1074) to work on /home/airflow/.local/lib/python3.8/site-packages/airflow/example_dags/tutorial_taskflow_api.py
[2024-03-26T06:19:40.596+0000] {processor.py:829} INFO - Processing file /home/airflow/.local/lib/python3.8/site-packages/airflow/example_dags/tutorial_taskflow_api.py for tasks to queue
[2024-03-26T06:19:40.599+0000] {logging_mixin.py:151} INFO - [2024-03-26T06:19:40.598+0000] {dagbag.py:539} INFO - Filling up the DagBag from /home/airflow/.local/lib/python3.8/site-packages/airflow/example_dags/tutorial_taskflow_api.py
[2024-03-26T06:19:40.608+0000] {processor.py:839} INFO - DAG(s) dict_keys(['tutorial_taskflow_api']) retrieved from /home/airflow/.local/lib/python3.8/site-packages/airflow/example_dags/tutorial_taskflow_api.py
[2024-03-26T06:19:40.640+0000] {logging_mixin.py:151} INFO - [2024-03-26T06:19:40.640+0000] {dag.py:2915} INFO - Sync 1 DAGs
[2024-03-26T06:19:40.660+0000] {logging_mixin.py:151} INFO - [2024-03-26T06:19:40.660+0000] {dag.py:3696} INFO - Setting next_dagrun for tutorial_taskflow_api to None, run_after=None
[2024-03-26T06:19:40.690+0000] {processor.py:179} INFO - Processing /home/airflow/.local/lib/python3.8/site-packages/airflow/example_dags/tutorial_taskflow_api.py took 0.100 seconds
[2024-03-26T06:20:11.293+0000] {processor.py:157} INFO - Started process (PID=1128) to work on /home/airflow/.local/lib/python3.8/site-packages/airflow/example_dags/tutorial_taskflow_api.py
[2024-03-26T06:20:11.295+0000] {processor.py:829} INFO - Processing file /home/airflow/.local/lib/python3.8/site-packages/airflow/example_dags/tutorial_taskflow_api.py for tasks to queue
[2024-03-26T06:20:11.297+0000] {logging_mixin.py:151} INFO - [2024-03-26T06:20:11.297+0000] {dagbag.py:539} INFO - Filling up the DagBag from /home/airflow/.local/lib/python3.8/site-packages/airflow/example_dags/tutorial_taskflow_api.py
[2024-03-26T06:20:11.304+0000] {processor.py:839} INFO - DAG(s) dict_keys(['tutorial_taskflow_api']) retrieved from /home/airflow/.local/lib/python3.8/site-packages/airflow/example_dags/tutorial_taskflow_api.py
[2024-03-26T06:20:11.326+0000] {logging_mixin.py:151} INFO - [2024-03-26T06:20:11.326+0000] {dag.py:2915} INFO - Sync 1 DAGs
[2024-03-26T06:20:11.340+0000] {logging_mixin.py:151} INFO - [2024-03-26T06:20:11.340+0000] {dag.py:3696} INFO - Setting next_dagrun for tutorial_taskflow_api to None, run_after=None
[2024-03-26T06:20:11.377+0000] {processor.py:179} INFO - Processing /home/airflow/.local/lib/python3.8/site-packages/airflow/example_dags/tutorial_taskflow_api.py took 0.088 seconds
[2024-03-26T06:20:41.684+0000] {processor.py:157} INFO - Started process (PID=1181) to work on /home/airflow/.local/lib/python3.8/site-packages/airflow/example_dags/tutorial_taskflow_api.py
[2024-03-26T06:20:41.685+0000] {processor.py:829} INFO - Processing file /home/airflow/.local/lib/python3.8/site-packages/airflow/example_dags/tutorial_taskflow_api.py for tasks to queue
[2024-03-26T06:20:41.689+0000] {logging_mixin.py:151} INFO - [2024-03-26T06:20:41.689+0000] {dagbag.py:539} INFO - Filling up the DagBag from /home/airflow/.local/lib/python3.8/site-packages/airflow/example_dags/tutorial_taskflow_api.py
[2024-03-26T06:20:41.697+0000] {processor.py:839} INFO - DAG(s) dict_keys(['tutorial_taskflow_api']) retrieved from /home/airflow/.local/lib/python3.8/site-packages/airflow/example_dags/tutorial_taskflow_api.py
[2024-03-26T06:20:41.724+0000] {logging_mixin.py:151} INFO - [2024-03-26T06:20:41.723+0000] {dag.py:2915} INFO - Sync 1 DAGs
[2024-03-26T06:20:41.739+0000] {logging_mixin.py:151} INFO - [2024-03-26T06:20:41.739+0000] {dag.py:3696} INFO - Setting next_dagrun for tutorial_taskflow_api to None, run_after=None
[2024-03-26T06:20:41.773+0000] {processor.py:179} INFO - Processing /home/airflow/.local/lib/python3.8/site-packages/airflow/example_dags/tutorial_taskflow_api.py took 0.094 seconds
[2024-03-26T06:21:12.158+0000] {processor.py:157} INFO - Started process (PID=1235) to work on /home/airflow/.local/lib/python3.8/site-packages/airflow/example_dags/tutorial_taskflow_api.py
[2024-03-26T06:21:12.159+0000] {processor.py:829} INFO - Processing file /home/airflow/.local/lib/python3.8/site-packages/airflow/example_dags/tutorial_taskflow_api.py for tasks to queue
[2024-03-26T06:21:12.162+0000] {logging_mixin.py:151} INFO - [2024-03-26T06:21:12.162+0000] {dagbag.py:539} INFO - Filling up the DagBag from /home/airflow/.local/lib/python3.8/site-packages/airflow/example_dags/tutorial_taskflow_api.py
[2024-03-26T06:21:12.169+0000] {processor.py:839} INFO - DAG(s) dict_keys(['tutorial_taskflow_api']) retrieved from /home/airflow/.local/lib/python3.8/site-packages/airflow/example_dags/tutorial_taskflow_api.py
[2024-03-26T06:21:12.192+0000] {logging_mixin.py:151} INFO - [2024-03-26T06:21:12.192+0000] {dag.py:2915} INFO - Sync 1 DAGs
[2024-03-26T06:21:12.207+0000] {logging_mixin.py:151} INFO - [2024-03-26T06:21:12.207+0000] {dag.py:3696} INFO - Setting next_dagrun for tutorial_taskflow_api to None, run_after=None
[2024-03-26T06:21:12.241+0000] {processor.py:179} INFO - Processing /home/airflow/.local/lib/python3.8/site-packages/airflow/example_dags/tutorial_taskflow_api.py took 0.087 seconds
[2024-03-26T06:21:43.038+0000] {processor.py:157} INFO - Started process (PID=1290) to work on /home/airflow/.local/lib/python3.8/site-packages/airflow/example_dags/tutorial_taskflow_api.py
[2024-03-26T06:21:43.041+0000] {processor.py:829} INFO - Processing file /home/airflow/.local/lib/python3.8/site-packages/airflow/example_dags/tutorial_taskflow_api.py for tasks to queue
[2024-03-26T06:21:43.044+0000] {logging_mixin.py:151} INFO - [2024-03-26T06:21:43.044+0000] {dagbag.py:539} INFO - Filling up the DagBag from /home/airflow/.local/lib/python3.8/site-packages/airflow/example_dags/tutorial_taskflow_api.py
[2024-03-26T06:21:43.051+0000] {processor.py:839} INFO - DAG(s) dict_keys(['tutorial_taskflow_api']) retrieved from /home/airflow/.local/lib/python3.8/site-packages/airflow/example_dags/tutorial_taskflow_api.py
[2024-03-26T06:21:43.073+0000] {logging_mixin.py:151} INFO - [2024-03-26T06:21:43.073+0000] {dag.py:2915} INFO - Sync 1 DAGs
[2024-03-26T06:21:43.089+0000] {logging_mixin.py:151} INFO - [2024-03-26T06:21:43.088+0000] {dag.py:3696} INFO - Setting next_dagrun for tutorial_taskflow_api to None, run_after=None
[2024-03-26T06:21:43.126+0000] {processor.py:179} INFO - Processing /home/airflow/.local/lib/python3.8/site-packages/airflow/example_dags/tutorial_taskflow_api.py took 0.093 seconds
[2024-03-26T06:22:13.750+0000] {processor.py:157} INFO - Started process (PID=1344) to work on /home/airflow/.local/lib/python3.8/site-packages/airflow/example_dags/tutorial_taskflow_api.py
[2024-03-26T06:22:13.752+0000] {processor.py:829} INFO - Processing file /home/airflow/.local/lib/python3.8/site-packages/airflow/example_dags/tutorial_taskflow_api.py for tasks to queue
[2024-03-26T06:22:13.755+0000] {logging_mixin.py:151} INFO - [2024-03-26T06:22:13.754+0000] {dagbag.py:539} INFO - Filling up the DagBag from /home/airflow/.local/lib/python3.8/site-packages/airflow/example_dags/tutorial_taskflow_api.py
[2024-03-26T06:22:13.762+0000] {processor.py:839} INFO - DAG(s) dict_keys(['tutorial_taskflow_api']) retrieved from /home/airflow/.local/lib/python3.8/site-packages/airflow/example_dags/tutorial_taskflow_api.py
[2024-03-26T06:22:13.786+0000] {logging_mixin.py:151} INFO - [2024-03-26T06:22:13.786+0000] {dag.py:2915} INFO - Sync 1 DAGs
[2024-03-26T06:22:13.802+0000] {logging_mixin.py:151} INFO - [2024-03-26T06:22:13.802+0000] {dag.py:3696} INFO - Setting next_dagrun for tutorial_taskflow_api to None, run_after=None
[2024-03-26T06:22:13.844+0000] {processor.py:179} INFO - Processing /home/airflow/.local/lib/python3.8/site-packages/airflow/example_dags/tutorial_taskflow_api.py took 0.098 seconds
[2024-03-26T06:22:44.500+0000] {processor.py:157} INFO - Started process (PID=1398) to work on /home/airflow/.local/lib/python3.8/site-packages/airflow/example_dags/tutorial_taskflow_api.py
[2024-03-26T06:22:44.502+0000] {processor.py:829} INFO - Processing file /home/airflow/.local/lib/python3.8/site-packages/airflow/example_dags/tutorial_taskflow_api.py for tasks to queue
[2024-03-26T06:22:44.505+0000] {logging_mixin.py:151} INFO - [2024-03-26T06:22:44.505+0000] {dagbag.py:539} INFO - Filling up the DagBag from /home/airflow/.local/lib/python3.8/site-packages/airflow/example_dags/tutorial_taskflow_api.py
[2024-03-26T06:22:44.512+0000] {processor.py:839} INFO - DAG(s) dict_keys(['tutorial_taskflow_api']) retrieved from /home/airflow/.local/lib/python3.8/site-packages/airflow/example_dags/tutorial_taskflow_api.py
[2024-03-26T06:22:44.536+0000] {logging_mixin.py:151} INFO - [2024-03-26T06:22:44.536+0000] {dag.py:2915} INFO - Sync 1 DAGs
[2024-03-26T06:22:44.550+0000] {logging_mixin.py:151} INFO - [2024-03-26T06:22:44.550+0000] {dag.py:3696} INFO - Setting next_dagrun for tutorial_taskflow_api to None, run_after=None
[2024-03-26T06:22:44.574+0000] {processor.py:179} INFO - Processing /home/airflow/.local/lib/python3.8/site-packages/airflow/example_dags/tutorial_taskflow_api.py took 0.079 seconds
[2024-03-26T06:23:15.083+0000] {processor.py:157} INFO - Started process (PID=1452) to work on /home/airflow/.local/lib/python3.8/site-packages/airflow/example_dags/tutorial_taskflow_api.py
[2024-03-26T06:23:15.084+0000] {processor.py:829} INFO - Processing file /home/airflow/.local/lib/python3.8/site-packages/airflow/example_dags/tutorial_taskflow_api.py for tasks to queue
[2024-03-26T06:23:15.088+0000] {logging_mixin.py:151} INFO - [2024-03-26T06:23:15.088+0000] {dagbag.py:539} INFO - Filling up the DagBag from /home/airflow/.local/lib/python3.8/site-packages/airflow/example_dags/tutorial_taskflow_api.py
[2024-03-26T06:23:15.097+0000] {processor.py:839} INFO - DAG(s) dict_keys(['tutorial_taskflow_api']) retrieved from /home/airflow/.local/lib/python3.8/site-packages/airflow/example_dags/tutorial_taskflow_api.py
[2024-03-26T06:23:15.124+0000] {logging_mixin.py:151} INFO - [2024-03-26T06:23:15.124+0000] {dag.py:2915} INFO - Sync 1 DAGs
[2024-03-26T06:23:15.140+0000] {logging_mixin.py:151} INFO - [2024-03-26T06:23:15.140+0000] {dag.py:3696} INFO - Setting next_dagrun for tutorial_taskflow_api to None, run_after=None
[2024-03-26T06:23:15.163+0000] {processor.py:179} INFO - Processing /home/airflow/.local/lib/python3.8/site-packages/airflow/example_dags/tutorial_taskflow_api.py took 0.085 seconds
[2024-03-26T06:23:45.797+0000] {processor.py:157} INFO - Started process (PID=1506) to work on /home/airflow/.local/lib/python3.8/site-packages/airflow/example_dags/tutorial_taskflow_api.py
[2024-03-26T06:23:45.799+0000] {processor.py:829} INFO - Processing file /home/airflow/.local/lib/python3.8/site-packages/airflow/example_dags/tutorial_taskflow_api.py for tasks to queue
[2024-03-26T06:23:45.802+0000] {logging_mixin.py:151} INFO - [2024-03-26T06:23:45.801+0000] {dagbag.py:539} INFO - Filling up the DagBag from /home/airflow/.local/lib/python3.8/site-packages/airflow/example_dags/tutorial_taskflow_api.py
[2024-03-26T06:23:45.811+0000] {processor.py:839} INFO - DAG(s) dict_keys(['tutorial_taskflow_api']) retrieved from /home/airflow/.local/lib/python3.8/site-packages/airflow/example_dags/tutorial_taskflow_api.py
[2024-03-26T06:23:45.842+0000] {logging_mixin.py:151} INFO - [2024-03-26T06:23:45.842+0000] {dag.py:2915} INFO - Sync 1 DAGs
[2024-03-26T06:23:45.859+0000] {logging_mixin.py:151} INFO - [2024-03-26T06:23:45.859+0000] {dag.py:3696} INFO - Setting next_dagrun for tutorial_taskflow_api to None, run_after=None
[2024-03-26T06:23:45.887+0000] {processor.py:179} INFO - Processing /home/airflow/.local/lib/python3.8/site-packages/airflow/example_dags/tutorial_taskflow_api.py took 0.094 seconds
[2024-03-26T06:24:16.238+0000] {processor.py:157} INFO - Started process (PID=1560) to work on /home/airflow/.local/lib/python3.8/site-packages/airflow/example_dags/tutorial_taskflow_api.py
[2024-03-26T06:24:16.239+0000] {processor.py:829} INFO - Processing file /home/airflow/.local/lib/python3.8/site-packages/airflow/example_dags/tutorial_taskflow_api.py for tasks to queue
[2024-03-26T06:24:16.243+0000] {logging_mixin.py:151} INFO - [2024-03-26T06:24:16.242+0000] {dagbag.py:539} INFO - Filling up the DagBag from /home/airflow/.local/lib/python3.8/site-packages/airflow/example_dags/tutorial_taskflow_api.py
[2024-03-26T06:24:16.252+0000] {processor.py:839} INFO - DAG(s) dict_keys(['tutorial_taskflow_api']) retrieved from /home/airflow/.local/lib/python3.8/site-packages/airflow/example_dags/tutorial_taskflow_api.py
[2024-03-26T06:24:16.277+0000] {logging_mixin.py:151} INFO - [2024-03-26T06:24:16.277+0000] {dag.py:2915} INFO - Sync 1 DAGs
[2024-03-26T06:24:16.293+0000] {logging_mixin.py:151} INFO - [2024-03-26T06:24:16.293+0000] {dag.py:3696} INFO - Setting next_dagrun for tutorial_taskflow_api to None, run_after=None
[2024-03-26T06:24:16.317+0000] {processor.py:179} INFO - Processing /home/airflow/.local/lib/python3.8/site-packages/airflow/example_dags/tutorial_taskflow_api.py took 0.085 seconds
[2024-03-26T06:24:46.889+0000] {processor.py:157} INFO - Started process (PID=1614) to work on /home/airflow/.local/lib/python3.8/site-packages/airflow/example_dags/tutorial_taskflow_api.py
[2024-03-26T06:24:46.891+0000] {processor.py:829} INFO - Processing file /home/airflow/.local/lib/python3.8/site-packages/airflow/example_dags/tutorial_taskflow_api.py for tasks to queue
[2024-03-26T06:24:46.894+0000] {logging_mixin.py:151} INFO - [2024-03-26T06:24:46.894+0000] {dagbag.py:539} INFO - Filling up the DagBag from /home/airflow/.local/lib/python3.8/site-packages/airflow/example_dags/tutorial_taskflow_api.py
[2024-03-26T06:24:46.903+0000] {processor.py:839} INFO - DAG(s) dict_keys(['tutorial_taskflow_api']) retrieved from /home/airflow/.local/lib/python3.8/site-packages/airflow/example_dags/tutorial_taskflow_api.py
[2024-03-26T06:24:46.929+0000] {logging_mixin.py:151} INFO - [2024-03-26T06:24:46.928+0000] {dag.py:2915} INFO - Sync 1 DAGs
[2024-03-26T06:24:46.945+0000] {logging_mixin.py:151} INFO - [2024-03-26T06:24:46.945+0000] {dag.py:3696} INFO - Setting next_dagrun for tutorial_taskflow_api to None, run_after=None
[2024-03-26T06:24:46.968+0000] {processor.py:179} INFO - Processing /home/airflow/.local/lib/python3.8/site-packages/airflow/example_dags/tutorial_taskflow_api.py took 0.083 seconds
[2024-03-26T06:25:17.607+0000] {processor.py:157} INFO - Started process (PID=1668) to work on /home/airflow/.local/lib/python3.8/site-packages/airflow/example_dags/tutorial_taskflow_api.py
[2024-03-26T06:25:17.608+0000] {processor.py:829} INFO - Processing file /home/airflow/.local/lib/python3.8/site-packages/airflow/example_dags/tutorial_taskflow_api.py for tasks to queue
[2024-03-26T06:25:17.611+0000] {logging_mixin.py:151} INFO - [2024-03-26T06:25:17.611+0000] {dagbag.py:539} INFO - Filling up the DagBag from /home/airflow/.local/lib/python3.8/site-packages/airflow/example_dags/tutorial_taskflow_api.py
[2024-03-26T06:25:17.620+0000] {processor.py:839} INFO - DAG(s) dict_keys(['tutorial_taskflow_api']) retrieved from /home/airflow/.local/lib/python3.8/site-packages/airflow/example_dags/tutorial_taskflow_api.py
[2024-03-26T06:25:17.645+0000] {logging_mixin.py:151} INFO - [2024-03-26T06:25:17.645+0000] {dag.py:2915} INFO - Sync 1 DAGs
[2024-03-26T06:25:17.659+0000] {logging_mixin.py:151} INFO - [2024-03-26T06:25:17.659+0000] {dag.py:3696} INFO - Setting next_dagrun for tutorial_taskflow_api to None, run_after=None
[2024-03-26T06:25:17.683+0000] {processor.py:179} INFO - Processing /home/airflow/.local/lib/python3.8/site-packages/airflow/example_dags/tutorial_taskflow_api.py took 0.079 seconds
[2024-03-26T06:25:47.920+0000] {processor.py:157} INFO - Started process (PID=1722) to work on /home/airflow/.local/lib/python3.8/site-packages/airflow/example_dags/tutorial_taskflow_api.py
[2024-03-26T06:25:47.922+0000] {processor.py:829} INFO - Processing file /home/airflow/.local/lib/python3.8/site-packages/airflow/example_dags/tutorial_taskflow_api.py for tasks to queue
[2024-03-26T06:25:47.924+0000] {logging_mixin.py:151} INFO - [2024-03-26T06:25:47.924+0000] {dagbag.py:539} INFO - Filling up the DagBag from /home/airflow/.local/lib/python3.8/site-packages/airflow/example_dags/tutorial_taskflow_api.py
[2024-03-26T06:25:47.931+0000] {processor.py:839} INFO - DAG(s) dict_keys(['tutorial_taskflow_api']) retrieved from /home/airflow/.local/lib/python3.8/site-packages/airflow/example_dags/tutorial_taskflow_api.py
[2024-03-26T06:25:47.955+0000] {logging_mixin.py:151} INFO - [2024-03-26T06:25:47.955+0000] {dag.py:2915} INFO - Sync 1 DAGs
[2024-03-26T06:25:47.971+0000] {logging_mixin.py:151} INFO - [2024-03-26T06:25:47.970+0000] {dag.py:3696} INFO - Setting next_dagrun for tutorial_taskflow_api to None, run_after=None
[2024-03-26T06:25:47.993+0000] {processor.py:179} INFO - Processing /home/airflow/.local/lib/python3.8/site-packages/airflow/example_dags/tutorial_taskflow_api.py took 0.076 seconds
[2024-03-26T06:26:18.653+0000] {processor.py:157} INFO - Started process (PID=1776) to work on /home/airflow/.local/lib/python3.8/site-packages/airflow/example_dags/tutorial_taskflow_api.py
[2024-03-26T06:26:18.655+0000] {processor.py:829} INFO - Processing file /home/airflow/.local/lib/python3.8/site-packages/airflow/example_dags/tutorial_taskflow_api.py for tasks to queue
[2024-03-26T06:26:18.658+0000] {logging_mixin.py:151} INFO - [2024-03-26T06:26:18.658+0000] {dagbag.py:539} INFO - Filling up the DagBag from /home/airflow/.local/lib/python3.8/site-packages/airflow/example_dags/tutorial_taskflow_api.py
[2024-03-26T06:26:18.666+0000] {processor.py:839} INFO - DAG(s) dict_keys(['tutorial_taskflow_api']) retrieved from /home/airflow/.local/lib/python3.8/site-packages/airflow/example_dags/tutorial_taskflow_api.py
[2024-03-26T06:26:18.694+0000] {logging_mixin.py:151} INFO - [2024-03-26T06:26:18.694+0000] {dag.py:2915} INFO - Sync 1 DAGs
[2024-03-26T06:26:18.710+0000] {logging_mixin.py:151} INFO - [2024-03-26T06:26:18.710+0000] {dag.py:3696} INFO - Setting next_dagrun for tutorial_taskflow_api to None, run_after=None
[2024-03-26T06:26:18.736+0000] {processor.py:179} INFO - Processing /home/airflow/.local/lib/python3.8/site-packages/airflow/example_dags/tutorial_taskflow_api.py took 0.086 seconds
[2024-03-26T06:26:49.113+0000] {processor.py:157} INFO - Started process (PID=1830) to work on /home/airflow/.local/lib/python3.8/site-packages/airflow/example_dags/tutorial_taskflow_api.py
[2024-03-26T06:26:49.114+0000] {processor.py:829} INFO - Processing file /home/airflow/.local/lib/python3.8/site-packages/airflow/example_dags/tutorial_taskflow_api.py for tasks to queue
[2024-03-26T06:26:49.118+0000] {logging_mixin.py:151} INFO - [2024-03-26T06:26:49.117+0000] {dagbag.py:539} INFO - Filling up the DagBag from /home/airflow/.local/lib/python3.8/site-packages/airflow/example_dags/tutorial_taskflow_api.py
[2024-03-26T06:26:49.125+0000] {processor.py:839} INFO - DAG(s) dict_keys(['tutorial_taskflow_api']) retrieved from /home/airflow/.local/lib/python3.8/site-packages/airflow/example_dags/tutorial_taskflow_api.py
[2024-03-26T06:26:49.152+0000] {logging_mixin.py:151} INFO - [2024-03-26T06:26:49.152+0000] {dag.py:2915} INFO - Sync 1 DAGs
[2024-03-26T06:26:49.168+0000] {logging_mixin.py:151} INFO - [2024-03-26T06:26:49.168+0000] {dag.py:3696} INFO - Setting next_dagrun for tutorial_taskflow_api to None, run_after=None
[2024-03-26T06:26:49.190+0000] {processor.py:179} INFO - Processing /home/airflow/.local/lib/python3.8/site-packages/airflow/example_dags/tutorial_taskflow_api.py took 0.082 seconds
[2024-03-26T06:27:19.470+0000] {processor.py:157} INFO - Started process (PID=1884) to work on /home/airflow/.local/lib/python3.8/site-packages/airflow/example_dags/tutorial_taskflow_api.py
[2024-03-26T06:27:19.471+0000] {processor.py:829} INFO - Processing file /home/airflow/.local/lib/python3.8/site-packages/airflow/example_dags/tutorial_taskflow_api.py for tasks to queue
[2024-03-26T06:27:19.476+0000] {logging_mixin.py:151} INFO - [2024-03-26T06:27:19.475+0000] {dagbag.py:539} INFO - Filling up the DagBag from /home/airflow/.local/lib/python3.8/site-packages/airflow/example_dags/tutorial_taskflow_api.py
[2024-03-26T06:27:19.486+0000] {processor.py:839} INFO - DAG(s) dict_keys(['tutorial_taskflow_api']) retrieved from /home/airflow/.local/lib/python3.8/site-packages/airflow/example_dags/tutorial_taskflow_api.py
[2024-03-26T06:27:19.516+0000] {logging_mixin.py:151} INFO - [2024-03-26T06:27:19.516+0000] {dag.py:2915} INFO - Sync 1 DAGs
[2024-03-26T06:27:19.538+0000] {logging_mixin.py:151} INFO - [2024-03-26T06:27:19.538+0000] {dag.py:3696} INFO - Setting next_dagrun for tutorial_taskflow_api to None, run_after=None
[2024-03-26T06:27:19.563+0000] {processor.py:179} INFO - Processing /home/airflow/.local/lib/python3.8/site-packages/airflow/example_dags/tutorial_taskflow_api.py took 0.098 seconds
[2024-03-26T06:27:50.556+0000] {processor.py:157} INFO - Started process (PID=1938) to work on /home/airflow/.local/lib/python3.8/site-packages/airflow/example_dags/tutorial_taskflow_api.py
[2024-03-26T06:27:50.557+0000] {processor.py:829} INFO - Processing file /home/airflow/.local/lib/python3.8/site-packages/airflow/example_dags/tutorial_taskflow_api.py for tasks to queue
[2024-03-26T06:27:50.561+0000] {logging_mixin.py:151} INFO - [2024-03-26T06:27:50.561+0000] {dagbag.py:539} INFO - Filling up the DagBag from /home/airflow/.local/lib/python3.8/site-packages/airflow/example_dags/tutorial_taskflow_api.py
[2024-03-26T06:27:50.569+0000] {processor.py:839} INFO - DAG(s) dict_keys(['tutorial_taskflow_api']) retrieved from /home/airflow/.local/lib/python3.8/site-packages/airflow/example_dags/tutorial_taskflow_api.py
[2024-03-26T06:27:50.596+0000] {logging_mixin.py:151} INFO - [2024-03-26T06:27:50.595+0000] {dag.py:2915} INFO - Sync 1 DAGs
[2024-03-26T06:27:50.614+0000] {logging_mixin.py:151} INFO - [2024-03-26T06:27:50.613+0000] {dag.py:3696} INFO - Setting next_dagrun for tutorial_taskflow_api to None, run_after=None
[2024-03-26T06:27:50.641+0000] {processor.py:179} INFO - Processing /home/airflow/.local/lib/python3.8/site-packages/airflow/example_dags/tutorial_taskflow_api.py took 0.090 seconds
[2024-03-26T06:28:21.008+0000] {processor.py:157} INFO - Started process (PID=1992) to work on /home/airflow/.local/lib/python3.8/site-packages/airflow/example_dags/tutorial_taskflow_api.py
[2024-03-26T06:28:21.010+0000] {processor.py:829} INFO - Processing file /home/airflow/.local/lib/python3.8/site-packages/airflow/example_dags/tutorial_taskflow_api.py for tasks to queue
[2024-03-26T06:28:21.013+0000] {logging_mixin.py:151} INFO - [2024-03-26T06:28:21.013+0000] {dagbag.py:539} INFO - Filling up the DagBag from /home/airflow/.local/lib/python3.8/site-packages/airflow/example_dags/tutorial_taskflow_api.py
[2024-03-26T06:28:21.021+0000] {processor.py:839} INFO - DAG(s) dict_keys(['tutorial_taskflow_api']) retrieved from /home/airflow/.local/lib/python3.8/site-packages/airflow/example_dags/tutorial_taskflow_api.py
[2024-03-26T06:28:21.049+0000] {logging_mixin.py:151} INFO - [2024-03-26T06:28:21.048+0000] {dag.py:2915} INFO - Sync 1 DAGs
[2024-03-26T06:28:21.063+0000] {logging_mixin.py:151} INFO - [2024-03-26T06:28:21.063+0000] {dag.py:3696} INFO - Setting next_dagrun for tutorial_taskflow_api to None, run_after=None
[2024-03-26T06:28:21.098+0000] {processor.py:179} INFO - Processing /home/airflow/.local/lib/python3.8/site-packages/airflow/example_dags/tutorial_taskflow_api.py took 0.095 seconds
[2024-03-26T06:28:51.384+0000] {processor.py:157} INFO - Started process (PID=2046) to work on /home/airflow/.local/lib/python3.8/site-packages/airflow/example_dags/tutorial_taskflow_api.py
[2024-03-26T06:28:51.385+0000] {processor.py:829} INFO - Processing file /home/airflow/.local/lib/python3.8/site-packages/airflow/example_dags/tutorial_taskflow_api.py for tasks to queue
[2024-03-26T06:28:51.389+0000] {logging_mixin.py:151} INFO - [2024-03-26T06:28:51.388+0000] {dagbag.py:539} INFO - Filling up the DagBag from /home/airflow/.local/lib/python3.8/site-packages/airflow/example_dags/tutorial_taskflow_api.py
[2024-03-26T06:28:51.398+0000] {processor.py:839} INFO - DAG(s) dict_keys(['tutorial_taskflow_api']) retrieved from /home/airflow/.local/lib/python3.8/site-packages/airflow/example_dags/tutorial_taskflow_api.py
[2024-03-26T06:28:51.433+0000] {logging_mixin.py:151} INFO - [2024-03-26T06:28:51.433+0000] {dag.py:2915} INFO - Sync 1 DAGs
[2024-03-26T06:28:51.450+0000] {logging_mixin.py:151} INFO - [2024-03-26T06:28:51.450+0000] {dag.py:3696} INFO - Setting next_dagrun for tutorial_taskflow_api to None, run_after=None
[2024-03-26T06:28:51.498+0000] {processor.py:179} INFO - Processing /home/airflow/.local/lib/python3.8/site-packages/airflow/example_dags/tutorial_taskflow_api.py took 0.119 seconds
[2024-03-26T06:29:22.180+0000] {processor.py:157} INFO - Started process (PID=2099) to work on /home/airflow/.local/lib/python3.8/site-packages/airflow/example_dags/tutorial_taskflow_api.py
[2024-03-26T06:29:22.181+0000] {processor.py:829} INFO - Processing file /home/airflow/.local/lib/python3.8/site-packages/airflow/example_dags/tutorial_taskflow_api.py for tasks to queue
[2024-03-26T06:29:22.184+0000] {logging_mixin.py:151} INFO - [2024-03-26T06:29:22.184+0000] {dagbag.py:539} INFO - Filling up the DagBag from /home/airflow/.local/lib/python3.8/site-packages/airflow/example_dags/tutorial_taskflow_api.py
[2024-03-26T06:29:22.193+0000] {processor.py:839} INFO - DAG(s) dict_keys(['tutorial_taskflow_api']) retrieved from /home/airflow/.local/lib/python3.8/site-packages/airflow/example_dags/tutorial_taskflow_api.py
[2024-03-26T06:29:22.219+0000] {logging_mixin.py:151} INFO - [2024-03-26T06:29:22.219+0000] {dag.py:2915} INFO - Sync 1 DAGs
[2024-03-26T06:29:22.234+0000] {logging_mixin.py:151} INFO - [2024-03-26T06:29:22.234+0000] {dag.py:3696} INFO - Setting next_dagrun for tutorial_taskflow_api to None, run_after=None
[2024-03-26T06:29:22.267+0000] {processor.py:179} INFO - Processing /home/airflow/.local/lib/python3.8/site-packages/airflow/example_dags/tutorial_taskflow_api.py took 0.092 seconds
[2024-03-26T06:29:52.567+0000] {processor.py:157} INFO - Started process (PID=2153) to work on /home/airflow/.local/lib/python3.8/site-packages/airflow/example_dags/tutorial_taskflow_api.py
[2024-03-26T06:29:52.569+0000] {processor.py:829} INFO - Processing file /home/airflow/.local/lib/python3.8/site-packages/airflow/example_dags/tutorial_taskflow_api.py for tasks to queue
[2024-03-26T06:29:52.572+0000] {logging_mixin.py:151} INFO - [2024-03-26T06:29:52.572+0000] {dagbag.py:539} INFO - Filling up the DagBag from /home/airflow/.local/lib/python3.8/site-packages/airflow/example_dags/tutorial_taskflow_api.py
[2024-03-26T06:29:52.580+0000] {processor.py:839} INFO - DAG(s) dict_keys(['tutorial_taskflow_api']) retrieved from /home/airflow/.local/lib/python3.8/site-packages/airflow/example_dags/tutorial_taskflow_api.py
[2024-03-26T06:29:52.607+0000] {logging_mixin.py:151} INFO - [2024-03-26T06:29:52.607+0000] {dag.py:2915} INFO - Sync 1 DAGs
[2024-03-26T06:29:52.628+0000] {logging_mixin.py:151} INFO - [2024-03-26T06:29:52.627+0000] {dag.py:3696} INFO - Setting next_dagrun for tutorial_taskflow_api to None, run_after=None
[2024-03-26T06:29:52.657+0000] {processor.py:179} INFO - Processing /home/airflow/.local/lib/python3.8/site-packages/airflow/example_dags/tutorial_taskflow_api.py took 0.095 seconds
[2024-03-26T06:30:22.782+0000] {processor.py:157} INFO - Started process (PID=2207) to work on /home/airflow/.local/lib/python3.8/site-packages/airflow/example_dags/tutorial_taskflow_api.py
[2024-03-26T06:30:22.784+0000] {processor.py:829} INFO - Processing file /home/airflow/.local/lib/python3.8/site-packages/airflow/example_dags/tutorial_taskflow_api.py for tasks to queue
[2024-03-26T06:30:22.786+0000] {logging_mixin.py:151} INFO - [2024-03-26T06:30:22.786+0000] {dagbag.py:539} INFO - Filling up the DagBag from /home/airflow/.local/lib/python3.8/site-packages/airflow/example_dags/tutorial_taskflow_api.py
[2024-03-26T06:30:22.793+0000] {processor.py:839} INFO - DAG(s) dict_keys(['tutorial_taskflow_api']) retrieved from /home/airflow/.local/lib/python3.8/site-packages/airflow/example_dags/tutorial_taskflow_api.py
[2024-03-26T06:30:22.815+0000] {logging_mixin.py:151} INFO - [2024-03-26T06:30:22.815+0000] {dag.py:2915} INFO - Sync 1 DAGs
[2024-03-26T06:30:22.830+0000] {logging_mixin.py:151} INFO - [2024-03-26T06:30:22.830+0000] {dag.py:3696} INFO - Setting next_dagrun for tutorial_taskflow_api to None, run_after=None
[2024-03-26T06:30:22.853+0000] {processor.py:179} INFO - Processing /home/airflow/.local/lib/python3.8/site-packages/airflow/example_dags/tutorial_taskflow_api.py took 0.075 seconds
[2024-03-26T06:30:52.943+0000] {processor.py:157} INFO - Started process (PID=2260) to work on /home/airflow/.local/lib/python3.8/site-packages/airflow/example_dags/tutorial_taskflow_api.py
[2024-03-26T06:30:52.945+0000] {processor.py:829} INFO - Processing file /home/airflow/.local/lib/python3.8/site-packages/airflow/example_dags/tutorial_taskflow_api.py for tasks to queue
[2024-03-26T06:30:52.949+0000] {logging_mixin.py:151} INFO - [2024-03-26T06:30:52.948+0000] {dagbag.py:539} INFO - Filling up the DagBag from /home/airflow/.local/lib/python3.8/site-packages/airflow/example_dags/tutorial_taskflow_api.py
[2024-03-26T06:30:52.957+0000] {processor.py:839} INFO - DAG(s) dict_keys(['tutorial_taskflow_api']) retrieved from /home/airflow/.local/lib/python3.8/site-packages/airflow/example_dags/tutorial_taskflow_api.py
[2024-03-26T06:30:52.987+0000] {logging_mixin.py:151} INFO - [2024-03-26T06:30:52.986+0000] {dag.py:2915} INFO - Sync 1 DAGs
[2024-03-26T06:30:53.005+0000] {logging_mixin.py:151} INFO - [2024-03-26T06:30:53.004+0000] {dag.py:3696} INFO - Setting next_dagrun for tutorial_taskflow_api to None, run_after=None
[2024-03-26T06:30:53.031+0000] {processor.py:179} INFO - Processing /home/airflow/.local/lib/python3.8/site-packages/airflow/example_dags/tutorial_taskflow_api.py took 0.092 seconds
[2024-03-26T06:31:23.172+0000] {processor.py:157} INFO - Started process (PID=2314) to work on /home/airflow/.local/lib/python3.8/site-packages/airflow/example_dags/tutorial_taskflow_api.py
[2024-03-26T06:31:23.173+0000] {processor.py:829} INFO - Processing file /home/airflow/.local/lib/python3.8/site-packages/airflow/example_dags/tutorial_taskflow_api.py for tasks to queue
[2024-03-26T06:31:23.176+0000] {logging_mixin.py:151} INFO - [2024-03-26T06:31:23.175+0000] {dagbag.py:539} INFO - Filling up the DagBag from /home/airflow/.local/lib/python3.8/site-packages/airflow/example_dags/tutorial_taskflow_api.py
[2024-03-26T06:31:23.184+0000] {processor.py:839} INFO - DAG(s) dict_keys(['tutorial_taskflow_api']) retrieved from /home/airflow/.local/lib/python3.8/site-packages/airflow/example_dags/tutorial_taskflow_api.py
[2024-03-26T06:31:23.208+0000] {logging_mixin.py:151} INFO - [2024-03-26T06:31:23.207+0000] {dag.py:2915} INFO - Sync 1 DAGs
[2024-03-26T06:31:23.226+0000] {logging_mixin.py:151} INFO - [2024-03-26T06:31:23.225+0000] {dag.py:3696} INFO - Setting next_dagrun for tutorial_taskflow_api to None, run_after=None
[2024-03-26T06:31:23.259+0000] {processor.py:179} INFO - Processing /home/airflow/.local/lib/python3.8/site-packages/airflow/example_dags/tutorial_taskflow_api.py took 0.092 seconds
[2024-03-26T06:31:54.160+0000] {processor.py:157} INFO - Started process (PID=2368) to work on /home/airflow/.local/lib/python3.8/site-packages/airflow/example_dags/tutorial_taskflow_api.py
[2024-03-26T06:31:54.161+0000] {processor.py:829} INFO - Processing file /home/airflow/.local/lib/python3.8/site-packages/airflow/example_dags/tutorial_taskflow_api.py for tasks to queue
[2024-03-26T06:31:54.164+0000] {logging_mixin.py:151} INFO - [2024-03-26T06:31:54.164+0000] {dagbag.py:539} INFO - Filling up the DagBag from /home/airflow/.local/lib/python3.8/site-packages/airflow/example_dags/tutorial_taskflow_api.py
[2024-03-26T06:31:54.171+0000] {processor.py:839} INFO - DAG(s) dict_keys(['tutorial_taskflow_api']) retrieved from /home/airflow/.local/lib/python3.8/site-packages/airflow/example_dags/tutorial_taskflow_api.py
[2024-03-26T06:31:54.193+0000] {logging_mixin.py:151} INFO - [2024-03-26T06:31:54.193+0000] {dag.py:2915} INFO - Sync 1 DAGs
[2024-03-26T06:31:54.210+0000] {logging_mixin.py:151} INFO - [2024-03-26T06:31:54.210+0000] {dag.py:3696} INFO - Setting next_dagrun for tutorial_taskflow_api to None, run_after=None
[2024-03-26T06:31:54.243+0000] {processor.py:179} INFO - Processing /home/airflow/.local/lib/python3.8/site-packages/airflow/example_dags/tutorial_taskflow_api.py took 0.087 seconds
[2024-03-26T06:32:24.444+0000] {processor.py:157} INFO - Started process (PID=2422) to work on /home/airflow/.local/lib/python3.8/site-packages/airflow/example_dags/tutorial_taskflow_api.py
[2024-03-26T06:32:24.446+0000] {processor.py:829} INFO - Processing file /home/airflow/.local/lib/python3.8/site-packages/airflow/example_dags/tutorial_taskflow_api.py for tasks to queue
[2024-03-26T06:32:24.449+0000] {logging_mixin.py:151} INFO - [2024-03-26T06:32:24.449+0000] {dagbag.py:539} INFO - Filling up the DagBag from /home/airflow/.local/lib/python3.8/site-packages/airflow/example_dags/tutorial_taskflow_api.py
[2024-03-26T06:32:24.458+0000] {processor.py:839} INFO - DAG(s) dict_keys(['tutorial_taskflow_api']) retrieved from /home/airflow/.local/lib/python3.8/site-packages/airflow/example_dags/tutorial_taskflow_api.py
[2024-03-26T06:32:24.486+0000] {logging_mixin.py:151} INFO - [2024-03-26T06:32:24.486+0000] {dag.py:2915} INFO - Sync 1 DAGs
[2024-03-26T06:32:24.502+0000] {logging_mixin.py:151} INFO - [2024-03-26T06:32:24.501+0000] {dag.py:3696} INFO - Setting next_dagrun for tutorial_taskflow_api to None, run_after=None
[2024-03-26T06:32:24.531+0000] {processor.py:179} INFO - Processing /home/airflow/.local/lib/python3.8/site-packages/airflow/example_dags/tutorial_taskflow_api.py took 0.091 seconds
[2024-03-26T06:32:54.936+0000] {processor.py:157} INFO - Started process (PID=2476) to work on /home/airflow/.local/lib/python3.8/site-packages/airflow/example_dags/tutorial_taskflow_api.py
[2024-03-26T06:32:54.937+0000] {processor.py:829} INFO - Processing file /home/airflow/.local/lib/python3.8/site-packages/airflow/example_dags/tutorial_taskflow_api.py for tasks to queue
[2024-03-26T06:32:54.940+0000] {logging_mixin.py:151} INFO - [2024-03-26T06:32:54.940+0000] {dagbag.py:539} INFO - Filling up the DagBag from /home/airflow/.local/lib/python3.8/site-packages/airflow/example_dags/tutorial_taskflow_api.py
[2024-03-26T06:32:54.948+0000] {processor.py:839} INFO - DAG(s) dict_keys(['tutorial_taskflow_api']) retrieved from /home/airflow/.local/lib/python3.8/site-packages/airflow/example_dags/tutorial_taskflow_api.py
[2024-03-26T06:32:54.972+0000] {logging_mixin.py:151} INFO - [2024-03-26T06:32:54.972+0000] {dag.py:2915} INFO - Sync 1 DAGs
[2024-03-26T06:32:54.988+0000] {logging_mixin.py:151} INFO - [2024-03-26T06:32:54.988+0000] {dag.py:3696} INFO - Setting next_dagrun for tutorial_taskflow_api to None, run_after=None
[2024-03-26T06:32:55.010+0000] {processor.py:179} INFO - Processing /home/airflow/.local/lib/python3.8/site-packages/airflow/example_dags/tutorial_taskflow_api.py took 0.078 seconds
[2024-03-26T06:33:25.408+0000] {processor.py:157} INFO - Started process (PID=2530) to work on /home/airflow/.local/lib/python3.8/site-packages/airflow/example_dags/tutorial_taskflow_api.py
[2024-03-26T06:33:25.409+0000] {processor.py:829} INFO - Processing file /home/airflow/.local/lib/python3.8/site-packages/airflow/example_dags/tutorial_taskflow_api.py for tasks to queue
[2024-03-26T06:33:25.413+0000] {logging_mixin.py:151} INFO - [2024-03-26T06:33:25.412+0000] {dagbag.py:539} INFO - Filling up the DagBag from /home/airflow/.local/lib/python3.8/site-packages/airflow/example_dags/tutorial_taskflow_api.py
[2024-03-26T06:33:25.422+0000] {processor.py:839} INFO - DAG(s) dict_keys(['tutorial_taskflow_api']) retrieved from /home/airflow/.local/lib/python3.8/site-packages/airflow/example_dags/tutorial_taskflow_api.py
[2024-03-26T06:33:25.449+0000] {logging_mixin.py:151} INFO - [2024-03-26T06:33:25.449+0000] {dag.py:2915} INFO - Sync 1 DAGs
[2024-03-26T06:33:25.465+0000] {logging_mixin.py:151} INFO - [2024-03-26T06:33:25.465+0000] {dag.py:3696} INFO - Setting next_dagrun for tutorial_taskflow_api to None, run_after=None
[2024-03-26T06:33:25.490+0000] {processor.py:179} INFO - Processing /home/airflow/.local/lib/python3.8/site-packages/airflow/example_dags/tutorial_taskflow_api.py took 0.086 seconds
[2024-03-26T06:33:56.328+0000] {processor.py:157} INFO - Started process (PID=2584) to work on /home/airflow/.local/lib/python3.8/site-packages/airflow/example_dags/tutorial_taskflow_api.py
[2024-03-26T06:33:56.329+0000] {processor.py:829} INFO - Processing file /home/airflow/.local/lib/python3.8/site-packages/airflow/example_dags/tutorial_taskflow_api.py for tasks to queue
[2024-03-26T06:33:56.336+0000] {logging_mixin.py:151} INFO - [2024-03-26T06:33:56.335+0000] {dagbag.py:539} INFO - Filling up the DagBag from /home/airflow/.local/lib/python3.8/site-packages/airflow/example_dags/tutorial_taskflow_api.py
[2024-03-26T06:33:56.351+0000] {processor.py:839} INFO - DAG(s) dict_keys(['tutorial_taskflow_api']) retrieved from /home/airflow/.local/lib/python3.8/site-packages/airflow/example_dags/tutorial_taskflow_api.py
[2024-03-26T06:33:56.383+0000] {logging_mixin.py:151} INFO - [2024-03-26T06:33:56.383+0000] {dag.py:2915} INFO - Sync 1 DAGs
[2024-03-26T06:33:56.408+0000] {logging_mixin.py:151} INFO - [2024-03-26T06:33:56.407+0000] {dag.py:3696} INFO - Setting next_dagrun for tutorial_taskflow_api to None, run_after=None
[2024-03-26T06:33:56.464+0000] {processor.py:179} INFO - Processing /home/airflow/.local/lib/python3.8/site-packages/airflow/example_dags/tutorial_taskflow_api.py took 0.140 seconds
