[2024-03-26T06:04:05.261+0000] {processor.py:157} INFO - Started process (PID=61) to work on /home/airflow/.local/lib/python3.8/site-packages/airflow/example_dags/tutorial.py
[2024-03-26T06:04:05.268+0000] {processor.py:829} INFO - Processing file /home/airflow/.local/lib/python3.8/site-packages/airflow/example_dags/tutorial.py for tasks to queue
[2024-03-26T06:04:05.281+0000] {logging_mixin.py:151} INFO - [2024-03-26T06:04:05.281+0000] {dagbag.py:539} INFO - Filling up the DagBag from /home/airflow/.local/lib/python3.8/site-packages/airflow/example_dags/tutorial.py
[2024-03-26T06:04:05.299+0000] {processor.py:839} INFO - DAG(s) dict_keys(['tutorial']) retrieved from /home/airflow/.local/lib/python3.8/site-packages/airflow/example_dags/tutorial.py
[2024-03-26T06:04:05.646+0000] {logging_mixin.py:151} INFO - [2024-03-26T06:04:05.645+0000] {manager.py:499} INFO - Created Permission View: %s
[2024-03-26T06:04:05.685+0000] {logging_mixin.py:151} INFO - [2024-03-26T06:04:05.684+0000] {manager.py:499} INFO - Created Permission View: %s
[2024-03-26T06:04:05.715+0000] {logging_mixin.py:151} INFO - [2024-03-26T06:04:05.715+0000] {manager.py:499} INFO - Created Permission View: %s
[2024-03-26T06:04:05.719+0000] {logging_mixin.py:151} INFO - [2024-03-26T06:04:05.717+0000] {security.py:708} INFO - Not syncing DAG-level permissions for DAG 'DAG:tutorial' as access control is unset.
[2024-03-26T06:04:05.723+0000] {logging_mixin.py:151} INFO - [2024-03-26T06:04:05.722+0000] {dag.py:2915} INFO - Sync 1 DAGs
[2024-03-26T06:04:05.746+0000] {logging_mixin.py:151} INFO - [2024-03-26T06:04:05.746+0000] {dag.py:2937} INFO - Creating ORM DAG for tutorial
[2024-03-26T06:04:05.777+0000] {logging_mixin.py:151} INFO - [2024-03-26T06:04:05.776+0000] {dag.py:3696} INFO - Setting next_dagrun for tutorial to 2024-03-25T06:04:05.775198+00:00, run_after=2024-03-26T06:04:05.775198+00:00
[2024-03-26T06:04:05.849+0000] {processor.py:179} INFO - Processing /home/airflow/.local/lib/python3.8/site-packages/airflow/example_dags/tutorial.py took 0.597 seconds
[2024-03-26T06:04:36.042+0000] {processor.py:157} INFO - Started process (PID=115) to work on /home/airflow/.local/lib/python3.8/site-packages/airflow/example_dags/tutorial.py
[2024-03-26T06:04:36.047+0000] {processor.py:829} INFO - Processing file /home/airflow/.local/lib/python3.8/site-packages/airflow/example_dags/tutorial.py for tasks to queue
[2024-03-26T06:04:36.050+0000] {logging_mixin.py:151} INFO - [2024-03-26T06:04:36.050+0000] {dagbag.py:539} INFO - Filling up the DagBag from /home/airflow/.local/lib/python3.8/site-packages/airflow/example_dags/tutorial.py
[2024-03-26T06:04:36.073+0000] {processor.py:839} INFO - DAG(s) dict_keys(['tutorial']) retrieved from /home/airflow/.local/lib/python3.8/site-packages/airflow/example_dags/tutorial.py
[2024-03-26T06:04:36.106+0000] {logging_mixin.py:151} INFO - [2024-03-26T06:04:36.106+0000] {dag.py:2915} INFO - Sync 1 DAGs
[2024-03-26T06:04:36.168+0000] {logging_mixin.py:151} INFO - [2024-03-26T06:04:36.167+0000] {dag.py:3696} INFO - Setting next_dagrun for tutorial to 2024-03-25T06:04:36.167311+00:00, run_after=2024-03-26T06:04:36.167311+00:00
[2024-03-26T06:04:36.209+0000] {processor.py:179} INFO - Processing /home/airflow/.local/lib/python3.8/site-packages/airflow/example_dags/tutorial.py took 0.170 seconds
[2024-03-26T06:05:06.321+0000] {processor.py:157} INFO - Started process (PID=169) to work on /home/airflow/.local/lib/python3.8/site-packages/airflow/example_dags/tutorial.py
[2024-03-26T06:05:06.324+0000] {processor.py:829} INFO - Processing file /home/airflow/.local/lib/python3.8/site-packages/airflow/example_dags/tutorial.py for tasks to queue
[2024-03-26T06:05:06.328+0000] {logging_mixin.py:151} INFO - [2024-03-26T06:05:06.327+0000] {dagbag.py:539} INFO - Filling up the DagBag from /home/airflow/.local/lib/python3.8/site-packages/airflow/example_dags/tutorial.py
[2024-03-26T06:05:06.338+0000] {processor.py:839} INFO - DAG(s) dict_keys(['tutorial']) retrieved from /home/airflow/.local/lib/python3.8/site-packages/airflow/example_dags/tutorial.py
[2024-03-26T06:05:06.375+0000] {logging_mixin.py:151} INFO - [2024-03-26T06:05:06.375+0000] {dag.py:2915} INFO - Sync 1 DAGs
[2024-03-26T06:05:06.415+0000] {logging_mixin.py:151} INFO - [2024-03-26T06:05:06.414+0000] {dag.py:3696} INFO - Setting next_dagrun for tutorial to 2024-03-25T06:05:06.414365+00:00, run_after=2024-03-26T06:05:06.414365+00:00
[2024-03-26T06:05:06.451+0000] {processor.py:179} INFO - Processing /home/airflow/.local/lib/python3.8/site-packages/airflow/example_dags/tutorial.py took 0.136 seconds
[2024-03-26T06:05:36.698+0000] {processor.py:157} INFO - Started process (PID=223) to work on /home/airflow/.local/lib/python3.8/site-packages/airflow/example_dags/tutorial.py
[2024-03-26T06:05:36.700+0000] {processor.py:829} INFO - Processing file /home/airflow/.local/lib/python3.8/site-packages/airflow/example_dags/tutorial.py for tasks to queue
[2024-03-26T06:05:36.704+0000] {logging_mixin.py:151} INFO - [2024-03-26T06:05:36.703+0000] {dagbag.py:539} INFO - Filling up the DagBag from /home/airflow/.local/lib/python3.8/site-packages/airflow/example_dags/tutorial.py
[2024-03-26T06:05:36.712+0000] {processor.py:839} INFO - DAG(s) dict_keys(['tutorial']) retrieved from /home/airflow/.local/lib/python3.8/site-packages/airflow/example_dags/tutorial.py
[2024-03-26T06:05:36.743+0000] {logging_mixin.py:151} INFO - [2024-03-26T06:05:36.743+0000] {dag.py:2915} INFO - Sync 1 DAGs
[2024-03-26T06:05:36.779+0000] {logging_mixin.py:151} INFO - [2024-03-26T06:05:36.779+0000] {dag.py:3696} INFO - Setting next_dagrun for tutorial to 2024-03-25T06:05:36.778830+00:00, run_after=2024-03-26T06:05:36.778830+00:00
[2024-03-26T06:05:36.812+0000] {processor.py:179} INFO - Processing /home/airflow/.local/lib/python3.8/site-packages/airflow/example_dags/tutorial.py took 0.118 seconds
[2024-03-26T06:06:07.650+0000] {processor.py:157} INFO - Started process (PID=277) to work on /home/airflow/.local/lib/python3.8/site-packages/airflow/example_dags/tutorial.py
[2024-03-26T06:06:07.661+0000] {processor.py:829} INFO - Processing file /home/airflow/.local/lib/python3.8/site-packages/airflow/example_dags/tutorial.py for tasks to queue
[2024-03-26T06:06:07.666+0000] {logging_mixin.py:151} INFO - [2024-03-26T06:06:07.665+0000] {dagbag.py:539} INFO - Filling up the DagBag from /home/airflow/.local/lib/python3.8/site-packages/airflow/example_dags/tutorial.py
[2024-03-26T06:06:07.683+0000] {processor.py:839} INFO - DAG(s) dict_keys(['tutorial']) retrieved from /home/airflow/.local/lib/python3.8/site-packages/airflow/example_dags/tutorial.py
[2024-03-26T06:06:07.739+0000] {logging_mixin.py:151} INFO - [2024-03-26T06:06:07.739+0000] {dag.py:2915} INFO - Sync 1 DAGs
[2024-03-26T06:06:07.800+0000] {logging_mixin.py:151} INFO - [2024-03-26T06:06:07.800+0000] {dag.py:3696} INFO - Setting next_dagrun for tutorial to 2024-03-25T06:06:07.799619+00:00, run_after=2024-03-26T06:06:07.799619+00:00
[2024-03-26T06:06:07.862+0000] {processor.py:179} INFO - Processing /home/airflow/.local/lib/python3.8/site-packages/airflow/example_dags/tutorial.py took 0.218 seconds
[2024-03-26T06:06:41.269+0000] {processor.py:157} INFO - Started process (PID=331) to work on /home/airflow/.local/lib/python3.8/site-packages/airflow/example_dags/tutorial.py
[2024-03-26T06:06:41.275+0000] {processor.py:829} INFO - Processing file /home/airflow/.local/lib/python3.8/site-packages/airflow/example_dags/tutorial.py for tasks to queue
[2024-03-26T06:06:41.281+0000] {logging_mixin.py:151} INFO - [2024-03-26T06:06:41.281+0000] {dagbag.py:539} INFO - Filling up the DagBag from /home/airflow/.local/lib/python3.8/site-packages/airflow/example_dags/tutorial.py
[2024-03-26T06:06:41.299+0000] {processor.py:839} INFO - DAG(s) dict_keys(['tutorial']) retrieved from /home/airflow/.local/lib/python3.8/site-packages/airflow/example_dags/tutorial.py
[2024-03-26T06:06:41.361+0000] {logging_mixin.py:151} INFO - [2024-03-26T06:06:41.360+0000] {dag.py:2915} INFO - Sync 1 DAGs
[2024-03-26T06:06:41.432+0000] {logging_mixin.py:151} INFO - [2024-03-26T06:06:41.432+0000] {dag.py:3696} INFO - Setting next_dagrun for tutorial to 2024-03-25T06:06:41.431291+00:00, run_after=2024-03-26T06:06:41.431291+00:00
[2024-03-26T06:06:41.713+0000] {processor.py:179} INFO - Processing /home/airflow/.local/lib/python3.8/site-packages/airflow/example_dags/tutorial.py took 0.454 seconds
[2024-03-26T06:07:11.873+0000] {processor.py:157} INFO - Started process (PID=385) to work on /home/airflow/.local/lib/python3.8/site-packages/airflow/example_dags/tutorial.py
[2024-03-26T06:07:11.890+0000] {processor.py:829} INFO - Processing file /home/airflow/.local/lib/python3.8/site-packages/airflow/example_dags/tutorial.py for tasks to queue
[2024-03-26T06:07:11.894+0000] {logging_mixin.py:151} INFO - [2024-03-26T06:07:11.893+0000] {dagbag.py:539} INFO - Filling up the DagBag from /home/airflow/.local/lib/python3.8/site-packages/airflow/example_dags/tutorial.py
[2024-03-26T06:07:11.930+0000] {processor.py:839} INFO - DAG(s) dict_keys(['tutorial']) retrieved from /home/airflow/.local/lib/python3.8/site-packages/airflow/example_dags/tutorial.py
[2024-03-26T06:07:11.960+0000] {logging_mixin.py:151} INFO - [2024-03-26T06:07:11.959+0000] {dag.py:2915} INFO - Sync 1 DAGs
[2024-03-26T06:07:11.987+0000] {logging_mixin.py:151} INFO - [2024-03-26T06:07:11.987+0000] {dag.py:3696} INFO - Setting next_dagrun for tutorial to 2024-03-25T06:07:11.987069+00:00, run_after=2024-03-26T06:07:11.987069+00:00
[2024-03-26T06:07:12.053+0000] {processor.py:179} INFO - Processing /home/airflow/.local/lib/python3.8/site-packages/airflow/example_dags/tutorial.py took 0.185 seconds
[2024-03-26T06:07:42.902+0000] {processor.py:157} INFO - Started process (PID=439) to work on /home/airflow/.local/lib/python3.8/site-packages/airflow/example_dags/tutorial.py
[2024-03-26T06:07:42.904+0000] {processor.py:829} INFO - Processing file /home/airflow/.local/lib/python3.8/site-packages/airflow/example_dags/tutorial.py for tasks to queue
[2024-03-26T06:07:42.907+0000] {logging_mixin.py:151} INFO - [2024-03-26T06:07:42.906+0000] {dagbag.py:539} INFO - Filling up the DagBag from /home/airflow/.local/lib/python3.8/site-packages/airflow/example_dags/tutorial.py
[2024-03-26T06:07:42.913+0000] {processor.py:839} INFO - DAG(s) dict_keys(['tutorial']) retrieved from /home/airflow/.local/lib/python3.8/site-packages/airflow/example_dags/tutorial.py
[2024-03-26T06:07:42.935+0000] {logging_mixin.py:151} INFO - [2024-03-26T06:07:42.935+0000] {dag.py:2915} INFO - Sync 1 DAGs
[2024-03-26T06:07:42.959+0000] {logging_mixin.py:151} INFO - [2024-03-26T06:07:42.959+0000] {dag.py:3696} INFO - Setting next_dagrun for tutorial to 2024-03-25T06:07:42.959115+00:00, run_after=2024-03-26T06:07:42.959115+00:00
[2024-03-26T06:07:42.982+0000] {processor.py:179} INFO - Processing /home/airflow/.local/lib/python3.8/site-packages/airflow/example_dags/tutorial.py took 0.084 seconds
[2024-03-26T06:08:13.603+0000] {processor.py:157} INFO - Started process (PID=493) to work on /home/airflow/.local/lib/python3.8/site-packages/airflow/example_dags/tutorial.py
[2024-03-26T06:08:13.604+0000] {processor.py:829} INFO - Processing file /home/airflow/.local/lib/python3.8/site-packages/airflow/example_dags/tutorial.py for tasks to queue
[2024-03-26T06:08:13.608+0000] {logging_mixin.py:151} INFO - [2024-03-26T06:08:13.607+0000] {dagbag.py:539} INFO - Filling up the DagBag from /home/airflow/.local/lib/python3.8/site-packages/airflow/example_dags/tutorial.py
[2024-03-26T06:08:13.615+0000] {processor.py:839} INFO - DAG(s) dict_keys(['tutorial']) retrieved from /home/airflow/.local/lib/python3.8/site-packages/airflow/example_dags/tutorial.py
[2024-03-26T06:08:13.640+0000] {logging_mixin.py:151} INFO - [2024-03-26T06:08:13.639+0000] {dag.py:2915} INFO - Sync 1 DAGs
[2024-03-26T06:08:13.667+0000] {logging_mixin.py:151} INFO - [2024-03-26T06:08:13.667+0000] {dag.py:3696} INFO - Setting next_dagrun for tutorial to 2024-03-25T06:08:13.666847+00:00, run_after=2024-03-26T06:08:13.666847+00:00
[2024-03-26T06:08:13.693+0000] {processor.py:179} INFO - Processing /home/airflow/.local/lib/python3.8/site-packages/airflow/example_dags/tutorial.py took 0.095 seconds
[2024-03-26T06:08:43.889+0000] {processor.py:157} INFO - Started process (PID=547) to work on /home/airflow/.local/lib/python3.8/site-packages/airflow/example_dags/tutorial.py
[2024-03-26T06:08:43.890+0000] {processor.py:829} INFO - Processing file /home/airflow/.local/lib/python3.8/site-packages/airflow/example_dags/tutorial.py for tasks to queue
[2024-03-26T06:08:43.895+0000] {logging_mixin.py:151} INFO - [2024-03-26T06:08:43.894+0000] {dagbag.py:539} INFO - Filling up the DagBag from /home/airflow/.local/lib/python3.8/site-packages/airflow/example_dags/tutorial.py
[2024-03-26T06:08:43.904+0000] {processor.py:839} INFO - DAG(s) dict_keys(['tutorial']) retrieved from /home/airflow/.local/lib/python3.8/site-packages/airflow/example_dags/tutorial.py
[2024-03-26T06:08:43.933+0000] {logging_mixin.py:151} INFO - [2024-03-26T06:08:43.932+0000] {dag.py:2915} INFO - Sync 1 DAGs
[2024-03-26T06:08:43.963+0000] {logging_mixin.py:151} INFO - [2024-03-26T06:08:43.963+0000] {dag.py:3696} INFO - Setting next_dagrun for tutorial to 2024-03-25T06:08:43.962866+00:00, run_after=2024-03-26T06:08:43.962866+00:00
[2024-03-26T06:08:43.994+0000] {processor.py:179} INFO - Processing /home/airflow/.local/lib/python3.8/site-packages/airflow/example_dags/tutorial.py took 0.111 seconds
[2024-03-26T06:09:14.269+0000] {processor.py:157} INFO - Started process (PID=601) to work on /home/airflow/.local/lib/python3.8/site-packages/airflow/example_dags/tutorial.py
[2024-03-26T06:09:14.271+0000] {processor.py:829} INFO - Processing file /home/airflow/.local/lib/python3.8/site-packages/airflow/example_dags/tutorial.py for tasks to queue
[2024-03-26T06:09:14.275+0000] {logging_mixin.py:151} INFO - [2024-03-26T06:09:14.274+0000] {dagbag.py:539} INFO - Filling up the DagBag from /home/airflow/.local/lib/python3.8/site-packages/airflow/example_dags/tutorial.py
[2024-03-26T06:09:14.284+0000] {processor.py:839} INFO - DAG(s) dict_keys(['tutorial']) retrieved from /home/airflow/.local/lib/python3.8/site-packages/airflow/example_dags/tutorial.py
[2024-03-26T06:09:14.315+0000] {logging_mixin.py:151} INFO - [2024-03-26T06:09:14.314+0000] {dag.py:2915} INFO - Sync 1 DAGs
[2024-03-26T06:09:14.352+0000] {logging_mixin.py:151} INFO - [2024-03-26T06:09:14.352+0000] {dag.py:3696} INFO - Setting next_dagrun for tutorial to 2024-03-25T06:09:14.352081+00:00, run_after=2024-03-26T06:09:14.352081+00:00
[2024-03-26T06:09:14.380+0000] {processor.py:179} INFO - Processing /home/airflow/.local/lib/python3.8/site-packages/airflow/example_dags/tutorial.py took 0.116 seconds
[2024-03-26T06:09:44.948+0000] {processor.py:157} INFO - Started process (PID=655) to work on /home/airflow/.local/lib/python3.8/site-packages/airflow/example_dags/tutorial.py
[2024-03-26T06:09:44.950+0000] {processor.py:829} INFO - Processing file /home/airflow/.local/lib/python3.8/site-packages/airflow/example_dags/tutorial.py for tasks to queue
[2024-03-26T06:09:44.953+0000] {logging_mixin.py:151} INFO - [2024-03-26T06:09:44.952+0000] {dagbag.py:539} INFO - Filling up the DagBag from /home/airflow/.local/lib/python3.8/site-packages/airflow/example_dags/tutorial.py
[2024-03-26T06:09:44.962+0000] {processor.py:839} INFO - DAG(s) dict_keys(['tutorial']) retrieved from /home/airflow/.local/lib/python3.8/site-packages/airflow/example_dags/tutorial.py
[2024-03-26T06:09:44.987+0000] {logging_mixin.py:151} INFO - [2024-03-26T06:09:44.987+0000] {dag.py:2915} INFO - Sync 1 DAGs
[2024-03-26T06:09:45.017+0000] {logging_mixin.py:151} INFO - [2024-03-26T06:09:45.016+0000] {dag.py:3696} INFO - Setting next_dagrun for tutorial to 2024-03-25T06:09:45.016509+00:00, run_after=2024-03-26T06:09:45.016509+00:00
[2024-03-26T06:09:45.050+0000] {processor.py:179} INFO - Processing /home/airflow/.local/lib/python3.8/site-packages/airflow/example_dags/tutorial.py took 0.106 seconds
[2024-03-26T06:10:15.484+0000] {processor.py:157} INFO - Started process (PID=709) to work on /home/airflow/.local/lib/python3.8/site-packages/airflow/example_dags/tutorial.py
[2024-03-26T06:10:15.485+0000] {processor.py:829} INFO - Processing file /home/airflow/.local/lib/python3.8/site-packages/airflow/example_dags/tutorial.py for tasks to queue
[2024-03-26T06:10:15.489+0000] {logging_mixin.py:151} INFO - [2024-03-26T06:10:15.488+0000] {dagbag.py:539} INFO - Filling up the DagBag from /home/airflow/.local/lib/python3.8/site-packages/airflow/example_dags/tutorial.py
[2024-03-26T06:10:15.495+0000] {processor.py:839} INFO - DAG(s) dict_keys(['tutorial']) retrieved from /home/airflow/.local/lib/python3.8/site-packages/airflow/example_dags/tutorial.py
[2024-03-26T06:10:15.520+0000] {logging_mixin.py:151} INFO - [2024-03-26T06:10:15.520+0000] {dag.py:2915} INFO - Sync 1 DAGs
[2024-03-26T06:10:15.544+0000] {logging_mixin.py:151} INFO - [2024-03-26T06:10:15.544+0000] {dag.py:3696} INFO - Setting next_dagrun for tutorial to 2024-03-25T06:10:15.543830+00:00, run_after=2024-03-26T06:10:15.543830+00:00
[2024-03-26T06:10:15.567+0000] {processor.py:179} INFO - Processing /home/airflow/.local/lib/python3.8/site-packages/airflow/example_dags/tutorial.py took 0.087 seconds
[2024-03-26T06:10:46.136+0000] {processor.py:157} INFO - Started process (PID=763) to work on /home/airflow/.local/lib/python3.8/site-packages/airflow/example_dags/tutorial.py
[2024-03-26T06:10:46.137+0000] {processor.py:829} INFO - Processing file /home/airflow/.local/lib/python3.8/site-packages/airflow/example_dags/tutorial.py for tasks to queue
[2024-03-26T06:10:46.140+0000] {logging_mixin.py:151} INFO - [2024-03-26T06:10:46.139+0000] {dagbag.py:539} INFO - Filling up the DagBag from /home/airflow/.local/lib/python3.8/site-packages/airflow/example_dags/tutorial.py
[2024-03-26T06:10:46.148+0000] {processor.py:839} INFO - DAG(s) dict_keys(['tutorial']) retrieved from /home/airflow/.local/lib/python3.8/site-packages/airflow/example_dags/tutorial.py
[2024-03-26T06:10:46.172+0000] {logging_mixin.py:151} INFO - [2024-03-26T06:10:46.172+0000] {dag.py:2915} INFO - Sync 1 DAGs
[2024-03-26T06:10:46.199+0000] {logging_mixin.py:151} INFO - [2024-03-26T06:10:46.199+0000] {dag.py:3696} INFO - Setting next_dagrun for tutorial to 2024-03-25T06:10:46.198894+00:00, run_after=2024-03-26T06:10:46.198894+00:00
[2024-03-26T06:10:46.230+0000] {processor.py:179} INFO - Processing /home/airflow/.local/lib/python3.8/site-packages/airflow/example_dags/tutorial.py took 0.098 seconds
[2024-03-26T06:11:16.809+0000] {processor.py:157} INFO - Started process (PID=817) to work on /home/airflow/.local/lib/python3.8/site-packages/airflow/example_dags/tutorial.py
[2024-03-26T06:11:16.811+0000] {processor.py:829} INFO - Processing file /home/airflow/.local/lib/python3.8/site-packages/airflow/example_dags/tutorial.py for tasks to queue
[2024-03-26T06:11:16.814+0000] {logging_mixin.py:151} INFO - [2024-03-26T06:11:16.814+0000] {dagbag.py:539} INFO - Filling up the DagBag from /home/airflow/.local/lib/python3.8/site-packages/airflow/example_dags/tutorial.py
[2024-03-26T06:11:16.821+0000] {processor.py:839} INFO - DAG(s) dict_keys(['tutorial']) retrieved from /home/airflow/.local/lib/python3.8/site-packages/airflow/example_dags/tutorial.py
[2024-03-26T06:11:16.846+0000] {logging_mixin.py:151} INFO - [2024-03-26T06:11:16.846+0000] {dag.py:2915} INFO - Sync 1 DAGs
[2024-03-26T06:11:16.871+0000] {logging_mixin.py:151} INFO - [2024-03-26T06:11:16.871+0000] {dag.py:3696} INFO - Setting next_dagrun for tutorial to 2024-03-25T06:11:16.871302+00:00, run_after=2024-03-26T06:11:16.871302+00:00
[2024-03-26T06:11:16.896+0000] {processor.py:179} INFO - Processing /home/airflow/.local/lib/python3.8/site-packages/airflow/example_dags/tutorial.py took 0.091 seconds
[2024-03-26T06:11:47.002+0000] {processor.py:157} INFO - Started process (PID=871) to work on /home/airflow/.local/lib/python3.8/site-packages/airflow/example_dags/tutorial.py
[2024-03-26T06:11:47.004+0000] {processor.py:829} INFO - Processing file /home/airflow/.local/lib/python3.8/site-packages/airflow/example_dags/tutorial.py for tasks to queue
[2024-03-26T06:11:47.007+0000] {logging_mixin.py:151} INFO - [2024-03-26T06:11:47.007+0000] {dagbag.py:539} INFO - Filling up the DagBag from /home/airflow/.local/lib/python3.8/site-packages/airflow/example_dags/tutorial.py
[2024-03-26T06:11:47.015+0000] {processor.py:839} INFO - DAG(s) dict_keys(['tutorial']) retrieved from /home/airflow/.local/lib/python3.8/site-packages/airflow/example_dags/tutorial.py
[2024-03-26T06:11:47.044+0000] {logging_mixin.py:151} INFO - [2024-03-26T06:11:47.043+0000] {dag.py:2915} INFO - Sync 1 DAGs
[2024-03-26T06:11:47.075+0000] {logging_mixin.py:151} INFO - [2024-03-26T06:11:47.074+0000] {dag.py:3696} INFO - Setting next_dagrun for tutorial to 2024-03-25T06:11:47.074443+00:00, run_after=2024-03-26T06:11:47.074443+00:00
[2024-03-26T06:11:47.099+0000] {processor.py:179} INFO - Processing /home/airflow/.local/lib/python3.8/site-packages/airflow/example_dags/tutorial.py took 0.100 seconds
[2024-03-26T06:12:17.508+0000] {processor.py:157} INFO - Started process (PID=925) to work on /home/airflow/.local/lib/python3.8/site-packages/airflow/example_dags/tutorial.py
[2024-03-26T06:12:17.510+0000] {processor.py:829} INFO - Processing file /home/airflow/.local/lib/python3.8/site-packages/airflow/example_dags/tutorial.py for tasks to queue
[2024-03-26T06:12:17.512+0000] {logging_mixin.py:151} INFO - [2024-03-26T06:12:17.512+0000] {dagbag.py:539} INFO - Filling up the DagBag from /home/airflow/.local/lib/python3.8/site-packages/airflow/example_dags/tutorial.py
[2024-03-26T06:12:17.519+0000] {processor.py:839} INFO - DAG(s) dict_keys(['tutorial']) retrieved from /home/airflow/.local/lib/python3.8/site-packages/airflow/example_dags/tutorial.py
[2024-03-26T06:12:17.542+0000] {logging_mixin.py:151} INFO - [2024-03-26T06:12:17.542+0000] {dag.py:2915} INFO - Sync 1 DAGs
[2024-03-26T06:12:17.572+0000] {logging_mixin.py:151} INFO - [2024-03-26T06:12:17.572+0000] {dag.py:3696} INFO - Setting next_dagrun for tutorial to 2024-03-25T06:12:17.571844+00:00, run_after=2024-03-26T06:12:17.571844+00:00
[2024-03-26T06:12:17.597+0000] {processor.py:179} INFO - Processing /home/airflow/.local/lib/python3.8/site-packages/airflow/example_dags/tutorial.py took 0.093 seconds
[2024-03-26T06:12:47.929+0000] {processor.py:157} INFO - Started process (PID=979) to work on /home/airflow/.local/lib/python3.8/site-packages/airflow/example_dags/tutorial.py
[2024-03-26T06:12:47.930+0000] {processor.py:829} INFO - Processing file /home/airflow/.local/lib/python3.8/site-packages/airflow/example_dags/tutorial.py for tasks to queue
[2024-03-26T06:12:47.933+0000] {logging_mixin.py:151} INFO - [2024-03-26T06:12:47.933+0000] {dagbag.py:539} INFO - Filling up the DagBag from /home/airflow/.local/lib/python3.8/site-packages/airflow/example_dags/tutorial.py
[2024-03-26T06:12:47.938+0000] {processor.py:839} INFO - DAG(s) dict_keys(['tutorial']) retrieved from /home/airflow/.local/lib/python3.8/site-packages/airflow/example_dags/tutorial.py
[2024-03-26T06:12:47.962+0000] {logging_mixin.py:151} INFO - [2024-03-26T06:12:47.962+0000] {dag.py:2915} INFO - Sync 1 DAGs
[2024-03-26T06:12:47.983+0000] {logging_mixin.py:151} INFO - [2024-03-26T06:12:47.983+0000] {dag.py:3696} INFO - Setting next_dagrun for tutorial to 2024-03-25T06:12:47.982839+00:00, run_after=2024-03-26T06:12:47.982839+00:00
[2024-03-26T06:12:48.004+0000] {processor.py:179} INFO - Processing /home/airflow/.local/lib/python3.8/site-packages/airflow/example_dags/tutorial.py took 0.078 seconds
[2024-03-26T06:19:08.300+0000] {processor.py:157} INFO - Started process (PID=1010) to work on /home/airflow/.local/lib/python3.8/site-packages/airflow/example_dags/tutorial.py
[2024-03-26T06:19:08.306+0000] {processor.py:829} INFO - Processing file /home/airflow/.local/lib/python3.8/site-packages/airflow/example_dags/tutorial.py for tasks to queue
[2024-03-26T06:19:08.310+0000] {logging_mixin.py:151} INFO - [2024-03-26T06:19:08.310+0000] {dagbag.py:539} INFO - Filling up the DagBag from /home/airflow/.local/lib/python3.8/site-packages/airflow/example_dags/tutorial.py
[2024-03-26T06:19:08.326+0000] {processor.py:839} INFO - DAG(s) dict_keys(['tutorial']) retrieved from /home/airflow/.local/lib/python3.8/site-packages/airflow/example_dags/tutorial.py
[2024-03-26T06:19:08.364+0000] {logging_mixin.py:151} INFO - [2024-03-26T06:19:08.363+0000] {dag.py:2915} INFO - Sync 1 DAGs
[2024-03-26T06:19:08.414+0000] {logging_mixin.py:151} INFO - [2024-03-26T06:19:08.413+0000] {dag.py:3696} INFO - Setting next_dagrun for tutorial to 2024-03-25T06:19:08.413522+00:00, run_after=2024-03-26T06:19:08.413522+00:00
[2024-03-26T06:19:08.450+0000] {processor.py:179} INFO - Processing /home/airflow/.local/lib/python3.8/site-packages/airflow/example_dags/tutorial.py took 0.155 seconds
[2024-03-26T06:19:38.519+0000] {processor.py:157} INFO - Started process (PID=1064) to work on /home/airflow/.local/lib/python3.8/site-packages/airflow/example_dags/tutorial.py
[2024-03-26T06:19:38.520+0000] {processor.py:829} INFO - Processing file /home/airflow/.local/lib/python3.8/site-packages/airflow/example_dags/tutorial.py for tasks to queue
[2024-03-26T06:19:38.523+0000] {logging_mixin.py:151} INFO - [2024-03-26T06:19:38.523+0000] {dagbag.py:539} INFO - Filling up the DagBag from /home/airflow/.local/lib/python3.8/site-packages/airflow/example_dags/tutorial.py
[2024-03-26T06:19:38.530+0000] {processor.py:839} INFO - DAG(s) dict_keys(['tutorial']) retrieved from /home/airflow/.local/lib/python3.8/site-packages/airflow/example_dags/tutorial.py
[2024-03-26T06:19:38.557+0000] {logging_mixin.py:151} INFO - [2024-03-26T06:19:38.557+0000] {dag.py:2915} INFO - Sync 1 DAGs
[2024-03-26T06:19:38.581+0000] {logging_mixin.py:151} INFO - [2024-03-26T06:19:38.580+0000] {dag.py:3696} INFO - Setting next_dagrun for tutorial to 2024-03-25T06:19:38.580633+00:00, run_after=2024-03-26T06:19:38.580633+00:00
[2024-03-26T06:19:38.600+0000] {processor.py:179} INFO - Processing /home/airflow/.local/lib/python3.8/site-packages/airflow/example_dags/tutorial.py took 0.086 seconds
[2024-03-26T06:20:09.448+0000] {processor.py:157} INFO - Started process (PID=1118) to work on /home/airflow/.local/lib/python3.8/site-packages/airflow/example_dags/tutorial.py
[2024-03-26T06:20:09.449+0000] {processor.py:829} INFO - Processing file /home/airflow/.local/lib/python3.8/site-packages/airflow/example_dags/tutorial.py for tasks to queue
[2024-03-26T06:20:09.453+0000] {logging_mixin.py:151} INFO - [2024-03-26T06:20:09.453+0000] {dagbag.py:539} INFO - Filling up the DagBag from /home/airflow/.local/lib/python3.8/site-packages/airflow/example_dags/tutorial.py
[2024-03-26T06:20:09.462+0000] {processor.py:839} INFO - DAG(s) dict_keys(['tutorial']) retrieved from /home/airflow/.local/lib/python3.8/site-packages/airflow/example_dags/tutorial.py
[2024-03-26T06:20:09.489+0000] {logging_mixin.py:151} INFO - [2024-03-26T06:20:09.489+0000] {dag.py:2915} INFO - Sync 1 DAGs
[2024-03-26T06:20:09.512+0000] {logging_mixin.py:151} INFO - [2024-03-26T06:20:09.512+0000] {dag.py:3696} INFO - Setting next_dagrun for tutorial to 2024-03-25T06:20:09.512356+00:00, run_after=2024-03-26T06:20:09.512356+00:00
[2024-03-26T06:20:09.531+0000] {processor.py:179} INFO - Processing /home/airflow/.local/lib/python3.8/site-packages/airflow/example_dags/tutorial.py took 0.086 seconds
[2024-03-26T06:20:39.779+0000] {processor.py:157} INFO - Started process (PID=1172) to work on /home/airflow/.local/lib/python3.8/site-packages/airflow/example_dags/tutorial.py
[2024-03-26T06:20:39.781+0000] {processor.py:829} INFO - Processing file /home/airflow/.local/lib/python3.8/site-packages/airflow/example_dags/tutorial.py for tasks to queue
[2024-03-26T06:20:39.784+0000] {logging_mixin.py:151} INFO - [2024-03-26T06:20:39.783+0000] {dagbag.py:539} INFO - Filling up the DagBag from /home/airflow/.local/lib/python3.8/site-packages/airflow/example_dags/tutorial.py
[2024-03-26T06:20:39.792+0000] {processor.py:839} INFO - DAG(s) dict_keys(['tutorial']) retrieved from /home/airflow/.local/lib/python3.8/site-packages/airflow/example_dags/tutorial.py
[2024-03-26T06:20:39.818+0000] {logging_mixin.py:151} INFO - [2024-03-26T06:20:39.818+0000] {dag.py:2915} INFO - Sync 1 DAGs
[2024-03-26T06:20:39.845+0000] {logging_mixin.py:151} INFO - [2024-03-26T06:20:39.844+0000] {dag.py:3696} INFO - Setting next_dagrun for tutorial to 2024-03-25T06:20:39.844528+00:00, run_after=2024-03-26T06:20:39.844528+00:00
[2024-03-26T06:20:39.866+0000] {processor.py:179} INFO - Processing /home/airflow/.local/lib/python3.8/site-packages/airflow/example_dags/tutorial.py took 0.091 seconds
[2024-03-26T06:21:10.202+0000] {processor.py:157} INFO - Started process (PID=1226) to work on /home/airflow/.local/lib/python3.8/site-packages/airflow/example_dags/tutorial.py
[2024-03-26T06:21:10.203+0000] {processor.py:829} INFO - Processing file /home/airflow/.local/lib/python3.8/site-packages/airflow/example_dags/tutorial.py for tasks to queue
[2024-03-26T06:21:10.206+0000] {logging_mixin.py:151} INFO - [2024-03-26T06:21:10.206+0000] {dagbag.py:539} INFO - Filling up the DagBag from /home/airflow/.local/lib/python3.8/site-packages/airflow/example_dags/tutorial.py
[2024-03-26T06:21:10.213+0000] {processor.py:839} INFO - DAG(s) dict_keys(['tutorial']) retrieved from /home/airflow/.local/lib/python3.8/site-packages/airflow/example_dags/tutorial.py
[2024-03-26T06:21:10.239+0000] {logging_mixin.py:151} INFO - [2024-03-26T06:21:10.239+0000] {dag.py:2915} INFO - Sync 1 DAGs
[2024-03-26T06:21:10.270+0000] {logging_mixin.py:151} INFO - [2024-03-26T06:21:10.270+0000] {dag.py:3696} INFO - Setting next_dagrun for tutorial to 2024-03-25T06:21:10.270091+00:00, run_after=2024-03-26T06:21:10.270091+00:00
[2024-03-26T06:21:10.294+0000] {processor.py:179} INFO - Processing /home/airflow/.local/lib/python3.8/site-packages/airflow/example_dags/tutorial.py took 0.097 seconds
[2024-03-26T06:21:41.134+0000] {processor.py:157} INFO - Started process (PID=1280) to work on /home/airflow/.local/lib/python3.8/site-packages/airflow/example_dags/tutorial.py
[2024-03-26T06:21:41.136+0000] {processor.py:829} INFO - Processing file /home/airflow/.local/lib/python3.8/site-packages/airflow/example_dags/tutorial.py for tasks to queue
[2024-03-26T06:21:41.138+0000] {logging_mixin.py:151} INFO - [2024-03-26T06:21:41.138+0000] {dagbag.py:539} INFO - Filling up the DagBag from /home/airflow/.local/lib/python3.8/site-packages/airflow/example_dags/tutorial.py
[2024-03-26T06:21:41.146+0000] {processor.py:839} INFO - DAG(s) dict_keys(['tutorial']) retrieved from /home/airflow/.local/lib/python3.8/site-packages/airflow/example_dags/tutorial.py
[2024-03-26T06:21:41.170+0000] {logging_mixin.py:151} INFO - [2024-03-26T06:21:41.169+0000] {dag.py:2915} INFO - Sync 1 DAGs
[2024-03-26T06:21:41.194+0000] {logging_mixin.py:151} INFO - [2024-03-26T06:21:41.194+0000] {dag.py:3696} INFO - Setting next_dagrun for tutorial to 2024-03-25T06:21:41.193939+00:00, run_after=2024-03-26T06:21:41.193939+00:00
[2024-03-26T06:21:41.213+0000] {processor.py:179} INFO - Processing /home/airflow/.local/lib/python3.8/site-packages/airflow/example_dags/tutorial.py took 0.082 seconds
[2024-03-26T06:22:11.869+0000] {processor.py:157} INFO - Started process (PID=1334) to work on /home/airflow/.local/lib/python3.8/site-packages/airflow/example_dags/tutorial.py
[2024-03-26T06:22:11.871+0000] {processor.py:829} INFO - Processing file /home/airflow/.local/lib/python3.8/site-packages/airflow/example_dags/tutorial.py for tasks to queue
[2024-03-26T06:22:11.874+0000] {logging_mixin.py:151} INFO - [2024-03-26T06:22:11.873+0000] {dagbag.py:539} INFO - Filling up the DagBag from /home/airflow/.local/lib/python3.8/site-packages/airflow/example_dags/tutorial.py
[2024-03-26T06:22:11.881+0000] {processor.py:839} INFO - DAG(s) dict_keys(['tutorial']) retrieved from /home/airflow/.local/lib/python3.8/site-packages/airflow/example_dags/tutorial.py
[2024-03-26T06:22:11.905+0000] {logging_mixin.py:151} INFO - [2024-03-26T06:22:11.905+0000] {dag.py:2915} INFO - Sync 1 DAGs
[2024-03-26T06:22:11.931+0000] {logging_mixin.py:151} INFO - [2024-03-26T06:22:11.931+0000] {dag.py:3696} INFO - Setting next_dagrun for tutorial to 2024-03-25T06:22:11.931190+00:00, run_after=2024-03-26T06:22:11.931190+00:00
[2024-03-26T06:22:11.949+0000] {processor.py:179} INFO - Processing /home/airflow/.local/lib/python3.8/site-packages/airflow/example_dags/tutorial.py took 0.084 seconds
[2024-03-26T06:22:42.484+0000] {processor.py:157} INFO - Started process (PID=1388) to work on /home/airflow/.local/lib/python3.8/site-packages/airflow/example_dags/tutorial.py
[2024-03-26T06:22:42.485+0000] {processor.py:829} INFO - Processing file /home/airflow/.local/lib/python3.8/site-packages/airflow/example_dags/tutorial.py for tasks to queue
[2024-03-26T06:22:42.489+0000] {logging_mixin.py:151} INFO - [2024-03-26T06:22:42.489+0000] {dagbag.py:539} INFO - Filling up the DagBag from /home/airflow/.local/lib/python3.8/site-packages/airflow/example_dags/tutorial.py
[2024-03-26T06:22:42.498+0000] {processor.py:839} INFO - DAG(s) dict_keys(['tutorial']) retrieved from /home/airflow/.local/lib/python3.8/site-packages/airflow/example_dags/tutorial.py
[2024-03-26T06:22:42.530+0000] {logging_mixin.py:151} INFO - [2024-03-26T06:22:42.530+0000] {dag.py:2915} INFO - Sync 1 DAGs
[2024-03-26T06:22:42.556+0000] {logging_mixin.py:151} INFO - [2024-03-26T06:22:42.556+0000] {dag.py:3696} INFO - Setting next_dagrun for tutorial to 2024-03-25T06:22:42.555883+00:00, run_after=2024-03-26T06:22:42.555883+00:00
[2024-03-26T06:22:42.584+0000] {processor.py:179} INFO - Processing /home/airflow/.local/lib/python3.8/site-packages/airflow/example_dags/tutorial.py took 0.104 seconds
[2024-03-26T06:23:13.050+0000] {processor.py:157} INFO - Started process (PID=1442) to work on /home/airflow/.local/lib/python3.8/site-packages/airflow/example_dags/tutorial.py
[2024-03-26T06:23:13.052+0000] {processor.py:829} INFO - Processing file /home/airflow/.local/lib/python3.8/site-packages/airflow/example_dags/tutorial.py for tasks to queue
[2024-03-26T06:23:13.056+0000] {logging_mixin.py:151} INFO - [2024-03-26T06:23:13.055+0000] {dagbag.py:539} INFO - Filling up the DagBag from /home/airflow/.local/lib/python3.8/site-packages/airflow/example_dags/tutorial.py
[2024-03-26T06:23:13.064+0000] {processor.py:839} INFO - DAG(s) dict_keys(['tutorial']) retrieved from /home/airflow/.local/lib/python3.8/site-packages/airflow/example_dags/tutorial.py
[2024-03-26T06:23:13.092+0000] {logging_mixin.py:151} INFO - [2024-03-26T06:23:13.092+0000] {dag.py:2915} INFO - Sync 1 DAGs
[2024-03-26T06:23:13.119+0000] {logging_mixin.py:151} INFO - [2024-03-26T06:23:13.119+0000] {dag.py:3696} INFO - Setting next_dagrun for tutorial to 2024-03-25T06:23:13.118738+00:00, run_after=2024-03-26T06:23:13.118738+00:00
[2024-03-26T06:23:13.140+0000] {processor.py:179} INFO - Processing /home/airflow/.local/lib/python3.8/site-packages/airflow/example_dags/tutorial.py took 0.094 seconds
[2024-03-26T06:23:43.729+0000] {processor.py:157} INFO - Started process (PID=1496) to work on /home/airflow/.local/lib/python3.8/site-packages/airflow/example_dags/tutorial.py
[2024-03-26T06:23:43.731+0000] {processor.py:829} INFO - Processing file /home/airflow/.local/lib/python3.8/site-packages/airflow/example_dags/tutorial.py for tasks to queue
[2024-03-26T06:23:43.735+0000] {logging_mixin.py:151} INFO - [2024-03-26T06:23:43.734+0000] {dagbag.py:539} INFO - Filling up the DagBag from /home/airflow/.local/lib/python3.8/site-packages/airflow/example_dags/tutorial.py
[2024-03-26T06:23:43.746+0000] {processor.py:839} INFO - DAG(s) dict_keys(['tutorial']) retrieved from /home/airflow/.local/lib/python3.8/site-packages/airflow/example_dags/tutorial.py
[2024-03-26T06:23:43.775+0000] {logging_mixin.py:151} INFO - [2024-03-26T06:23:43.775+0000] {dag.py:2915} INFO - Sync 1 DAGs
[2024-03-26T06:23:43.804+0000] {logging_mixin.py:151} INFO - [2024-03-26T06:23:43.804+0000] {dag.py:3696} INFO - Setting next_dagrun for tutorial to 2024-03-25T06:23:43.803695+00:00, run_after=2024-03-26T06:23:43.803695+00:00
[2024-03-26T06:23:43.829+0000] {processor.py:179} INFO - Processing /home/airflow/.local/lib/python3.8/site-packages/airflow/example_dags/tutorial.py took 0.104 seconds
[2024-03-26T06:24:14.326+0000] {processor.py:157} INFO - Started process (PID=1550) to work on /home/airflow/.local/lib/python3.8/site-packages/airflow/example_dags/tutorial.py
[2024-03-26T06:24:14.328+0000] {processor.py:829} INFO - Processing file /home/airflow/.local/lib/python3.8/site-packages/airflow/example_dags/tutorial.py for tasks to queue
[2024-03-26T06:24:14.331+0000] {logging_mixin.py:151} INFO - [2024-03-26T06:24:14.331+0000] {dagbag.py:539} INFO - Filling up the DagBag from /home/airflow/.local/lib/python3.8/site-packages/airflow/example_dags/tutorial.py
[2024-03-26T06:24:14.338+0000] {processor.py:839} INFO - DAG(s) dict_keys(['tutorial']) retrieved from /home/airflow/.local/lib/python3.8/site-packages/airflow/example_dags/tutorial.py
[2024-03-26T06:24:14.364+0000] {logging_mixin.py:151} INFO - [2024-03-26T06:24:14.363+0000] {dag.py:2915} INFO - Sync 1 DAGs
[2024-03-26T06:24:14.391+0000] {logging_mixin.py:151} INFO - [2024-03-26T06:24:14.391+0000] {dag.py:3696} INFO - Setting next_dagrun for tutorial to 2024-03-25T06:24:14.391064+00:00, run_after=2024-03-26T06:24:14.391064+00:00
[2024-03-26T06:24:14.412+0000] {processor.py:179} INFO - Processing /home/airflow/.local/lib/python3.8/site-packages/airflow/example_dags/tutorial.py took 0.090 seconds
[2024-03-26T06:24:44.953+0000] {processor.py:157} INFO - Started process (PID=1604) to work on /home/airflow/.local/lib/python3.8/site-packages/airflow/example_dags/tutorial.py
[2024-03-26T06:24:44.954+0000] {processor.py:829} INFO - Processing file /home/airflow/.local/lib/python3.8/site-packages/airflow/example_dags/tutorial.py for tasks to queue
[2024-03-26T06:24:44.957+0000] {logging_mixin.py:151} INFO - [2024-03-26T06:24:44.957+0000] {dagbag.py:539} INFO - Filling up the DagBag from /home/airflow/.local/lib/python3.8/site-packages/airflow/example_dags/tutorial.py
[2024-03-26T06:24:44.966+0000] {processor.py:839} INFO - DAG(s) dict_keys(['tutorial']) retrieved from /home/airflow/.local/lib/python3.8/site-packages/airflow/example_dags/tutorial.py
[2024-03-26T06:24:44.995+0000] {logging_mixin.py:151} INFO - [2024-03-26T06:24:44.994+0000] {dag.py:2915} INFO - Sync 1 DAGs
[2024-03-26T06:24:45.022+0000] {logging_mixin.py:151} INFO - [2024-03-26T06:24:45.022+0000] {dag.py:3696} INFO - Setting next_dagrun for tutorial to 2024-03-25T06:24:45.022408+00:00, run_after=2024-03-26T06:24:45.022408+00:00
[2024-03-26T06:24:45.044+0000] {processor.py:179} INFO - Processing /home/airflow/.local/lib/python3.8/site-packages/airflow/example_dags/tutorial.py took 0.096 seconds
[2024-03-26T06:25:15.572+0000] {processor.py:157} INFO - Started process (PID=1658) to work on /home/airflow/.local/lib/python3.8/site-packages/airflow/example_dags/tutorial.py
[2024-03-26T06:25:15.573+0000] {processor.py:829} INFO - Processing file /home/airflow/.local/lib/python3.8/site-packages/airflow/example_dags/tutorial.py for tasks to queue
[2024-03-26T06:25:15.576+0000] {logging_mixin.py:151} INFO - [2024-03-26T06:25:15.576+0000] {dagbag.py:539} INFO - Filling up the DagBag from /home/airflow/.local/lib/python3.8/site-packages/airflow/example_dags/tutorial.py
[2024-03-26T06:25:15.584+0000] {processor.py:839} INFO - DAG(s) dict_keys(['tutorial']) retrieved from /home/airflow/.local/lib/python3.8/site-packages/airflow/example_dags/tutorial.py
[2024-03-26T06:25:15.608+0000] {logging_mixin.py:151} INFO - [2024-03-26T06:25:15.608+0000] {dag.py:2915} INFO - Sync 1 DAGs
[2024-03-26T06:25:15.631+0000] {logging_mixin.py:151} INFO - [2024-03-26T06:25:15.631+0000] {dag.py:3696} INFO - Setting next_dagrun for tutorial to 2024-03-25T06:25:15.630783+00:00, run_after=2024-03-26T06:25:15.630783+00:00
[2024-03-26T06:25:15.650+0000] {processor.py:179} INFO - Processing /home/airflow/.local/lib/python3.8/site-packages/airflow/example_dags/tutorial.py took 0.081 seconds
[2024-03-26T06:25:46.037+0000] {processor.py:157} INFO - Started process (PID=1712) to work on /home/airflow/.local/lib/python3.8/site-packages/airflow/example_dags/tutorial.py
[2024-03-26T06:25:46.038+0000] {processor.py:829} INFO - Processing file /home/airflow/.local/lib/python3.8/site-packages/airflow/example_dags/tutorial.py for tasks to queue
[2024-03-26T06:25:46.041+0000] {logging_mixin.py:151} INFO - [2024-03-26T06:25:46.041+0000] {dagbag.py:539} INFO - Filling up the DagBag from /home/airflow/.local/lib/python3.8/site-packages/airflow/example_dags/tutorial.py
[2024-03-26T06:25:46.049+0000] {processor.py:839} INFO - DAG(s) dict_keys(['tutorial']) retrieved from /home/airflow/.local/lib/python3.8/site-packages/airflow/example_dags/tutorial.py
[2024-03-26T06:25:46.073+0000] {logging_mixin.py:151} INFO - [2024-03-26T06:25:46.073+0000] {dag.py:2915} INFO - Sync 1 DAGs
[2024-03-26T06:25:46.100+0000] {logging_mixin.py:151} INFO - [2024-03-26T06:25:46.100+0000] {dag.py:3696} INFO - Setting next_dagrun for tutorial to 2024-03-25T06:25:46.100431+00:00, run_after=2024-03-26T06:25:46.100431+00:00
[2024-03-26T06:25:46.120+0000] {processor.py:179} INFO - Processing /home/airflow/.local/lib/python3.8/site-packages/airflow/example_dags/tutorial.py took 0.088 seconds
[2024-03-26T06:26:16.419+0000] {processor.py:157} INFO - Started process (PID=1766) to work on /home/airflow/.local/lib/python3.8/site-packages/airflow/example_dags/tutorial.py
[2024-03-26T06:26:16.421+0000] {processor.py:829} INFO - Processing file /home/airflow/.local/lib/python3.8/site-packages/airflow/example_dags/tutorial.py for tasks to queue
[2024-03-26T06:26:16.424+0000] {logging_mixin.py:151} INFO - [2024-03-26T06:26:16.424+0000] {dagbag.py:539} INFO - Filling up the DagBag from /home/airflow/.local/lib/python3.8/site-packages/airflow/example_dags/tutorial.py
[2024-03-26T06:26:16.431+0000] {processor.py:839} INFO - DAG(s) dict_keys(['tutorial']) retrieved from /home/airflow/.local/lib/python3.8/site-packages/airflow/example_dags/tutorial.py
[2024-03-26T06:26:16.456+0000] {logging_mixin.py:151} INFO - [2024-03-26T06:26:16.455+0000] {dag.py:2915} INFO - Sync 1 DAGs
[2024-03-26T06:26:16.483+0000] {logging_mixin.py:151} INFO - [2024-03-26T06:26:16.483+0000] {dag.py:3696} INFO - Setting next_dagrun for tutorial to 2024-03-25T06:26:16.482739+00:00, run_after=2024-03-26T06:26:16.482739+00:00
[2024-03-26T06:26:16.503+0000] {processor.py:179} INFO - Processing /home/airflow/.local/lib/python3.8/site-packages/airflow/example_dags/tutorial.py took 0.088 seconds
[2024-03-26T06:26:47.113+0000] {processor.py:157} INFO - Started process (PID=1820) to work on /home/airflow/.local/lib/python3.8/site-packages/airflow/example_dags/tutorial.py
[2024-03-26T06:26:47.114+0000] {processor.py:829} INFO - Processing file /home/airflow/.local/lib/python3.8/site-packages/airflow/example_dags/tutorial.py for tasks to queue
[2024-03-26T06:26:47.117+0000] {logging_mixin.py:151} INFO - [2024-03-26T06:26:47.117+0000] {dagbag.py:539} INFO - Filling up the DagBag from /home/airflow/.local/lib/python3.8/site-packages/airflow/example_dags/tutorial.py
[2024-03-26T06:26:47.125+0000] {processor.py:839} INFO - DAG(s) dict_keys(['tutorial']) retrieved from /home/airflow/.local/lib/python3.8/site-packages/airflow/example_dags/tutorial.py
[2024-03-26T06:26:47.151+0000] {logging_mixin.py:151} INFO - [2024-03-26T06:26:47.151+0000] {dag.py:2915} INFO - Sync 1 DAGs
[2024-03-26T06:26:47.175+0000] {logging_mixin.py:151} INFO - [2024-03-26T06:26:47.175+0000] {dag.py:3696} INFO - Setting next_dagrun for tutorial to 2024-03-25T06:26:47.174991+00:00, run_after=2024-03-26T06:26:47.174991+00:00
[2024-03-26T06:26:47.194+0000] {processor.py:179} INFO - Processing /home/airflow/.local/lib/python3.8/site-packages/airflow/example_dags/tutorial.py took 0.086 seconds
[2024-03-26T06:27:17.541+0000] {processor.py:157} INFO - Started process (PID=1874) to work on /home/airflow/.local/lib/python3.8/site-packages/airflow/example_dags/tutorial.py
[2024-03-26T06:27:17.542+0000] {processor.py:829} INFO - Processing file /home/airflow/.local/lib/python3.8/site-packages/airflow/example_dags/tutorial.py for tasks to queue
[2024-03-26T06:27:17.544+0000] {logging_mixin.py:151} INFO - [2024-03-26T06:27:17.544+0000] {dagbag.py:539} INFO - Filling up the DagBag from /home/airflow/.local/lib/python3.8/site-packages/airflow/example_dags/tutorial.py
[2024-03-26T06:27:17.552+0000] {processor.py:839} INFO - DAG(s) dict_keys(['tutorial']) retrieved from /home/airflow/.local/lib/python3.8/site-packages/airflow/example_dags/tutorial.py
[2024-03-26T06:27:17.581+0000] {logging_mixin.py:151} INFO - [2024-03-26T06:27:17.581+0000] {dag.py:2915} INFO - Sync 1 DAGs
[2024-03-26T06:27:17.609+0000] {logging_mixin.py:151} INFO - [2024-03-26T06:27:17.609+0000] {dag.py:3696} INFO - Setting next_dagrun for tutorial to 2024-03-25T06:27:17.609336+00:00, run_after=2024-03-26T06:27:17.609336+00:00
[2024-03-26T06:27:17.629+0000] {processor.py:179} INFO - Processing /home/airflow/.local/lib/python3.8/site-packages/airflow/example_dags/tutorial.py took 0.093 seconds
[2024-03-26T06:27:48.314+0000] {processor.py:157} INFO - Started process (PID=1928) to work on /home/airflow/.local/lib/python3.8/site-packages/airflow/example_dags/tutorial.py
[2024-03-26T06:27:48.316+0000] {processor.py:829} INFO - Processing file /home/airflow/.local/lib/python3.8/site-packages/airflow/example_dags/tutorial.py for tasks to queue
[2024-03-26T06:27:48.319+0000] {logging_mixin.py:151} INFO - [2024-03-26T06:27:48.319+0000] {dagbag.py:539} INFO - Filling up the DagBag from /home/airflow/.local/lib/python3.8/site-packages/airflow/example_dags/tutorial.py
[2024-03-26T06:27:48.328+0000] {processor.py:839} INFO - DAG(s) dict_keys(['tutorial']) retrieved from /home/airflow/.local/lib/python3.8/site-packages/airflow/example_dags/tutorial.py
[2024-03-26T06:27:48.364+0000] {logging_mixin.py:151} INFO - [2024-03-26T06:27:48.363+0000] {dag.py:2915} INFO - Sync 1 DAGs
[2024-03-26T06:27:48.393+0000] {logging_mixin.py:151} INFO - [2024-03-26T06:27:48.393+0000] {dag.py:3696} INFO - Setting next_dagrun for tutorial to 2024-03-25T06:27:48.392644+00:00, run_after=2024-03-26T06:27:48.392644+00:00
[2024-03-26T06:27:48.420+0000] {processor.py:179} INFO - Processing /home/airflow/.local/lib/python3.8/site-packages/airflow/example_dags/tutorial.py took 0.109 seconds
[2024-03-26T06:28:18.794+0000] {processor.py:157} INFO - Started process (PID=1982) to work on /home/airflow/.local/lib/python3.8/site-packages/airflow/example_dags/tutorial.py
[2024-03-26T06:28:18.795+0000] {processor.py:829} INFO - Processing file /home/airflow/.local/lib/python3.8/site-packages/airflow/example_dags/tutorial.py for tasks to queue
[2024-03-26T06:28:18.803+0000] {logging_mixin.py:151} INFO - [2024-03-26T06:28:18.802+0000] {dagbag.py:539} INFO - Filling up the DagBag from /home/airflow/.local/lib/python3.8/site-packages/airflow/example_dags/tutorial.py
[2024-03-26T06:28:18.812+0000] {processor.py:839} INFO - DAG(s) dict_keys(['tutorial']) retrieved from /home/airflow/.local/lib/python3.8/site-packages/airflow/example_dags/tutorial.py
[2024-03-26T06:28:18.838+0000] {logging_mixin.py:151} INFO - [2024-03-26T06:28:18.838+0000] {dag.py:2915} INFO - Sync 1 DAGs
[2024-03-26T06:28:18.867+0000] {logging_mixin.py:151} INFO - [2024-03-26T06:28:18.866+0000] {dag.py:3696} INFO - Setting next_dagrun for tutorial to 2024-03-25T06:28:18.866402+00:00, run_after=2024-03-26T06:28:18.866402+00:00
[2024-03-26T06:28:18.891+0000] {processor.py:179} INFO - Processing /home/airflow/.local/lib/python3.8/site-packages/airflow/example_dags/tutorial.py took 0.103 seconds
[2024-03-26T06:28:49.091+0000] {processor.py:157} INFO - Started process (PID=2036) to work on /home/airflow/.local/lib/python3.8/site-packages/airflow/example_dags/tutorial.py
[2024-03-26T06:28:49.092+0000] {processor.py:829} INFO - Processing file /home/airflow/.local/lib/python3.8/site-packages/airflow/example_dags/tutorial.py for tasks to queue
[2024-03-26T06:28:49.096+0000] {logging_mixin.py:151} INFO - [2024-03-26T06:28:49.095+0000] {dagbag.py:539} INFO - Filling up the DagBag from /home/airflow/.local/lib/python3.8/site-packages/airflow/example_dags/tutorial.py
[2024-03-26T06:28:49.104+0000] {processor.py:839} INFO - DAG(s) dict_keys(['tutorial']) retrieved from /home/airflow/.local/lib/python3.8/site-packages/airflow/example_dags/tutorial.py
[2024-03-26T06:28:49.136+0000] {logging_mixin.py:151} INFO - [2024-03-26T06:28:49.135+0000] {dag.py:2915} INFO - Sync 1 DAGs
[2024-03-26T06:28:49.164+0000] {logging_mixin.py:151} INFO - [2024-03-26T06:28:49.164+0000] {dag.py:3696} INFO - Setting next_dagrun for tutorial to 2024-03-25T06:28:49.164296+00:00, run_after=2024-03-26T06:28:49.164296+00:00
[2024-03-26T06:28:49.189+0000] {processor.py:179} INFO - Processing /home/airflow/.local/lib/python3.8/site-packages/airflow/example_dags/tutorial.py took 0.104 seconds
[2024-03-26T06:29:19.398+0000] {processor.py:157} INFO - Started process (PID=2090) to work on /home/airflow/.local/lib/python3.8/site-packages/airflow/example_dags/tutorial.py
[2024-03-26T06:29:19.399+0000] {processor.py:829} INFO - Processing file /home/airflow/.local/lib/python3.8/site-packages/airflow/example_dags/tutorial.py for tasks to queue
[2024-03-26T06:29:19.402+0000] {logging_mixin.py:151} INFO - [2024-03-26T06:29:19.402+0000] {dagbag.py:539} INFO - Filling up the DagBag from /home/airflow/.local/lib/python3.8/site-packages/airflow/example_dags/tutorial.py
[2024-03-26T06:29:19.411+0000] {processor.py:839} INFO - DAG(s) dict_keys(['tutorial']) retrieved from /home/airflow/.local/lib/python3.8/site-packages/airflow/example_dags/tutorial.py
[2024-03-26T06:29:19.444+0000] {logging_mixin.py:151} INFO - [2024-03-26T06:29:19.444+0000] {dag.py:2915} INFO - Sync 1 DAGs
[2024-03-26T06:29:19.471+0000] {logging_mixin.py:151} INFO - [2024-03-26T06:29:19.471+0000] {dag.py:3696} INFO - Setting next_dagrun for tutorial to 2024-03-25T06:29:19.471051+00:00, run_after=2024-03-26T06:29:19.471051+00:00
[2024-03-26T06:29:19.493+0000] {processor.py:179} INFO - Processing /home/airflow/.local/lib/python3.8/site-packages/airflow/example_dags/tutorial.py took 0.099 seconds
[2024-03-26T06:29:50.527+0000] {processor.py:157} INFO - Started process (PID=2144) to work on /home/airflow/.local/lib/python3.8/site-packages/airflow/example_dags/tutorial.py
[2024-03-26T06:29:50.529+0000] {processor.py:829} INFO - Processing file /home/airflow/.local/lib/python3.8/site-packages/airflow/example_dags/tutorial.py for tasks to queue
[2024-03-26T06:29:50.532+0000] {logging_mixin.py:151} INFO - [2024-03-26T06:29:50.531+0000] {dagbag.py:539} INFO - Filling up the DagBag from /home/airflow/.local/lib/python3.8/site-packages/airflow/example_dags/tutorial.py
[2024-03-26T06:29:50.538+0000] {processor.py:839} INFO - DAG(s) dict_keys(['tutorial']) retrieved from /home/airflow/.local/lib/python3.8/site-packages/airflow/example_dags/tutorial.py
[2024-03-26T06:29:50.566+0000] {logging_mixin.py:151} INFO - [2024-03-26T06:29:50.566+0000] {dag.py:2915} INFO - Sync 1 DAGs
[2024-03-26T06:29:50.592+0000] {logging_mixin.py:151} INFO - [2024-03-26T06:29:50.592+0000] {dag.py:3696} INFO - Setting next_dagrun for tutorial to 2024-03-25T06:29:50.592070+00:00, run_after=2024-03-26T06:29:50.592070+00:00
[2024-03-26T06:29:50.617+0000] {processor.py:179} INFO - Processing /home/airflow/.local/lib/python3.8/site-packages/airflow/example_dags/tutorial.py took 0.094 seconds
[2024-03-26T06:30:20.773+0000] {processor.py:157} INFO - Started process (PID=2198) to work on /home/airflow/.local/lib/python3.8/site-packages/airflow/example_dags/tutorial.py
[2024-03-26T06:30:20.774+0000] {processor.py:829} INFO - Processing file /home/airflow/.local/lib/python3.8/site-packages/airflow/example_dags/tutorial.py for tasks to queue
[2024-03-26T06:30:20.777+0000] {logging_mixin.py:151} INFO - [2024-03-26T06:30:20.777+0000] {dagbag.py:539} INFO - Filling up the DagBag from /home/airflow/.local/lib/python3.8/site-packages/airflow/example_dags/tutorial.py
[2024-03-26T06:30:20.784+0000] {processor.py:839} INFO - DAG(s) dict_keys(['tutorial']) retrieved from /home/airflow/.local/lib/python3.8/site-packages/airflow/example_dags/tutorial.py
[2024-03-26T06:30:20.806+0000] {logging_mixin.py:151} INFO - [2024-03-26T06:30:20.806+0000] {dag.py:2915} INFO - Sync 1 DAGs
[2024-03-26T06:30:20.835+0000] {logging_mixin.py:151} INFO - [2024-03-26T06:30:20.835+0000] {dag.py:3696} INFO - Setting next_dagrun for tutorial to 2024-03-25T06:30:20.834654+00:00, run_after=2024-03-26T06:30:20.834654+00:00
[2024-03-26T06:30:20.863+0000] {processor.py:179} INFO - Processing /home/airflow/.local/lib/python3.8/site-packages/airflow/example_dags/tutorial.py took 0.094 seconds
[2024-03-26T06:30:51.044+0000] {processor.py:157} INFO - Started process (PID=2252) to work on /home/airflow/.local/lib/python3.8/site-packages/airflow/example_dags/tutorial.py
[2024-03-26T06:30:51.045+0000] {processor.py:829} INFO - Processing file /home/airflow/.local/lib/python3.8/site-packages/airflow/example_dags/tutorial.py for tasks to queue
[2024-03-26T06:30:51.048+0000] {logging_mixin.py:151} INFO - [2024-03-26T06:30:51.047+0000] {dagbag.py:539} INFO - Filling up the DagBag from /home/airflow/.local/lib/python3.8/site-packages/airflow/example_dags/tutorial.py
[2024-03-26T06:30:51.054+0000] {processor.py:839} INFO - DAG(s) dict_keys(['tutorial']) retrieved from /home/airflow/.local/lib/python3.8/site-packages/airflow/example_dags/tutorial.py
[2024-03-26T06:30:51.077+0000] {logging_mixin.py:151} INFO - [2024-03-26T06:30:51.077+0000] {dag.py:2915} INFO - Sync 1 DAGs
[2024-03-26T06:30:51.103+0000] {logging_mixin.py:151} INFO - [2024-03-26T06:30:51.103+0000] {dag.py:3696} INFO - Setting next_dagrun for tutorial to 2024-03-25T06:30:51.103426+00:00, run_after=2024-03-26T06:30:51.103426+00:00
[2024-03-26T06:30:51.125+0000] {processor.py:179} INFO - Processing /home/airflow/.local/lib/python3.8/site-packages/airflow/example_dags/tutorial.py took 0.085 seconds
[2024-03-26T06:31:21.306+0000] {processor.py:157} INFO - Started process (PID=2306) to work on /home/airflow/.local/lib/python3.8/site-packages/airflow/example_dags/tutorial.py
[2024-03-26T06:31:21.308+0000] {processor.py:829} INFO - Processing file /home/airflow/.local/lib/python3.8/site-packages/airflow/example_dags/tutorial.py for tasks to queue
[2024-03-26T06:31:21.311+0000] {logging_mixin.py:151} INFO - [2024-03-26T06:31:21.310+0000] {dagbag.py:539} INFO - Filling up the DagBag from /home/airflow/.local/lib/python3.8/site-packages/airflow/example_dags/tutorial.py
[2024-03-26T06:31:21.317+0000] {processor.py:839} INFO - DAG(s) dict_keys(['tutorial']) retrieved from /home/airflow/.local/lib/python3.8/site-packages/airflow/example_dags/tutorial.py
[2024-03-26T06:31:21.342+0000] {logging_mixin.py:151} INFO - [2024-03-26T06:31:21.342+0000] {dag.py:2915} INFO - Sync 1 DAGs
[2024-03-26T06:31:21.368+0000] {logging_mixin.py:151} INFO - [2024-03-26T06:31:21.368+0000] {dag.py:3696} INFO - Setting next_dagrun for tutorial to 2024-03-25T06:31:21.367991+00:00, run_after=2024-03-26T06:31:21.367991+00:00
[2024-03-26T06:31:21.391+0000] {processor.py:179} INFO - Processing /home/airflow/.local/lib/python3.8/site-packages/airflow/example_dags/tutorial.py took 0.089 seconds
[2024-03-26T06:31:51.627+0000] {processor.py:157} INFO - Started process (PID=2360) to work on /home/airflow/.local/lib/python3.8/site-packages/airflow/example_dags/tutorial.py
[2024-03-26T06:31:51.628+0000] {processor.py:829} INFO - Processing file /home/airflow/.local/lib/python3.8/site-packages/airflow/example_dags/tutorial.py for tasks to queue
[2024-03-26T06:31:51.632+0000] {logging_mixin.py:151} INFO - [2024-03-26T06:31:51.631+0000] {dagbag.py:539} INFO - Filling up the DagBag from /home/airflow/.local/lib/python3.8/site-packages/airflow/example_dags/tutorial.py
[2024-03-26T06:31:51.639+0000] {processor.py:839} INFO - DAG(s) dict_keys(['tutorial']) retrieved from /home/airflow/.local/lib/python3.8/site-packages/airflow/example_dags/tutorial.py
[2024-03-26T06:31:51.662+0000] {logging_mixin.py:151} INFO - [2024-03-26T06:31:51.662+0000] {dag.py:2915} INFO - Sync 1 DAGs
[2024-03-26T06:31:51.687+0000] {logging_mixin.py:151} INFO - [2024-03-26T06:31:51.687+0000] {dag.py:3696} INFO - Setting next_dagrun for tutorial to 2024-03-25T06:31:51.686820+00:00, run_after=2024-03-26T06:31:51.686820+00:00
[2024-03-26T06:31:51.710+0000] {processor.py:179} INFO - Processing /home/airflow/.local/lib/python3.8/site-packages/airflow/example_dags/tutorial.py took 0.088 seconds
[2024-03-26T06:32:21.899+0000] {processor.py:157} INFO - Started process (PID=2414) to work on /home/airflow/.local/lib/python3.8/site-packages/airflow/example_dags/tutorial.py
[2024-03-26T06:32:21.901+0000] {processor.py:829} INFO - Processing file /home/airflow/.local/lib/python3.8/site-packages/airflow/example_dags/tutorial.py for tasks to queue
[2024-03-26T06:32:21.905+0000] {logging_mixin.py:151} INFO - [2024-03-26T06:32:21.905+0000] {dagbag.py:539} INFO - Filling up the DagBag from /home/airflow/.local/lib/python3.8/site-packages/airflow/example_dags/tutorial.py
[2024-03-26T06:32:21.915+0000] {processor.py:839} INFO - DAG(s) dict_keys(['tutorial']) retrieved from /home/airflow/.local/lib/python3.8/site-packages/airflow/example_dags/tutorial.py
[2024-03-26T06:32:21.939+0000] {logging_mixin.py:151} INFO - [2024-03-26T06:32:21.939+0000] {dag.py:2915} INFO - Sync 1 DAGs
[2024-03-26T06:32:21.964+0000] {logging_mixin.py:151} INFO - [2024-03-26T06:32:21.963+0000] {dag.py:3696} INFO - Setting next_dagrun for tutorial to 2024-03-25T06:32:21.963602+00:00, run_after=2024-03-26T06:32:21.963602+00:00
[2024-03-26T06:32:21.987+0000] {processor.py:179} INFO - Processing /home/airflow/.local/lib/python3.8/site-packages/airflow/example_dags/tutorial.py took 0.094 seconds
[2024-03-26T06:32:52.375+0000] {processor.py:157} INFO - Started process (PID=2468) to work on /home/airflow/.local/lib/python3.8/site-packages/airflow/example_dags/tutorial.py
[2024-03-26T06:32:52.376+0000] {processor.py:829} INFO - Processing file /home/airflow/.local/lib/python3.8/site-packages/airflow/example_dags/tutorial.py for tasks to queue
[2024-03-26T06:32:52.379+0000] {logging_mixin.py:151} INFO - [2024-03-26T06:32:52.379+0000] {dagbag.py:539} INFO - Filling up the DagBag from /home/airflow/.local/lib/python3.8/site-packages/airflow/example_dags/tutorial.py
[2024-03-26T06:32:52.387+0000] {processor.py:839} INFO - DAG(s) dict_keys(['tutorial']) retrieved from /home/airflow/.local/lib/python3.8/site-packages/airflow/example_dags/tutorial.py
[2024-03-26T06:32:52.414+0000] {logging_mixin.py:151} INFO - [2024-03-26T06:32:52.414+0000] {dag.py:2915} INFO - Sync 1 DAGs
[2024-03-26T06:32:52.445+0000] {logging_mixin.py:151} INFO - [2024-03-26T06:32:52.445+0000] {dag.py:3696} INFO - Setting next_dagrun for tutorial to 2024-03-25T06:32:52.445087+00:00, run_after=2024-03-26T06:32:52.445087+00:00
[2024-03-26T06:32:52.472+0000] {processor.py:179} INFO - Processing /home/airflow/.local/lib/python3.8/site-packages/airflow/example_dags/tutorial.py took 0.101 seconds
[2024-03-26T06:33:22.780+0000] {processor.py:157} INFO - Started process (PID=2522) to work on /home/airflow/.local/lib/python3.8/site-packages/airflow/example_dags/tutorial.py
[2024-03-26T06:33:22.781+0000] {processor.py:829} INFO - Processing file /home/airflow/.local/lib/python3.8/site-packages/airflow/example_dags/tutorial.py for tasks to queue
[2024-03-26T06:33:22.785+0000] {logging_mixin.py:151} INFO - [2024-03-26T06:33:22.784+0000] {dagbag.py:539} INFO - Filling up the DagBag from /home/airflow/.local/lib/python3.8/site-packages/airflow/example_dags/tutorial.py
[2024-03-26T06:33:22.793+0000] {processor.py:839} INFO - DAG(s) dict_keys(['tutorial']) retrieved from /home/airflow/.local/lib/python3.8/site-packages/airflow/example_dags/tutorial.py
[2024-03-26T06:33:22.821+0000] {logging_mixin.py:151} INFO - [2024-03-26T06:33:22.821+0000] {dag.py:2915} INFO - Sync 1 DAGs
[2024-03-26T06:33:22.848+0000] {logging_mixin.py:151} INFO - [2024-03-26T06:33:22.848+0000] {dag.py:3696} INFO - Setting next_dagrun for tutorial to 2024-03-25T06:33:22.847910+00:00, run_after=2024-03-26T06:33:22.847910+00:00
[2024-03-26T06:33:22.876+0000] {processor.py:179} INFO - Processing /home/airflow/.local/lib/python3.8/site-packages/airflow/example_dags/tutorial.py took 0.101 seconds
[2024-03-26T06:33:53.750+0000] {processor.py:157} INFO - Started process (PID=2576) to work on /home/airflow/.local/lib/python3.8/site-packages/airflow/example_dags/tutorial.py
[2024-03-26T06:33:53.752+0000] {processor.py:829} INFO - Processing file /home/airflow/.local/lib/python3.8/site-packages/airflow/example_dags/tutorial.py for tasks to queue
[2024-03-26T06:33:53.758+0000] {logging_mixin.py:151} INFO - [2024-03-26T06:33:53.757+0000] {dagbag.py:539} INFO - Filling up the DagBag from /home/airflow/.local/lib/python3.8/site-packages/airflow/example_dags/tutorial.py
[2024-03-26T06:33:53.768+0000] {processor.py:839} INFO - DAG(s) dict_keys(['tutorial']) retrieved from /home/airflow/.local/lib/python3.8/site-packages/airflow/example_dags/tutorial.py
[2024-03-26T06:33:53.799+0000] {logging_mixin.py:151} INFO - [2024-03-26T06:33:53.799+0000] {dag.py:2915} INFO - Sync 1 DAGs
[2024-03-26T06:33:53.831+0000] {logging_mixin.py:151} INFO - [2024-03-26T06:33:53.831+0000] {dag.py:3696} INFO - Setting next_dagrun for tutorial to 2024-03-25T06:33:53.830878+00:00, run_after=2024-03-26T06:33:53.830878+00:00
[2024-03-26T06:33:53.857+0000] {processor.py:179} INFO - Processing /home/airflow/.local/lib/python3.8/site-packages/airflow/example_dags/tutorial.py took 0.112 seconds
