[2024-03-26T06:04:12.105+0000] {processor.py:157} INFO - Started process (PID=70) to work on /home/airflow/.local/lib/python3.8/site-packages/airflow/example_dags/tutorial_taskflow_api_virtualenv.py
[2024-03-26T06:04:12.107+0000] {processor.py:829} INFO - Processing file /home/airflow/.local/lib/python3.8/site-packages/airflow/example_dags/tutorial_taskflow_api_virtualenv.py for tasks to queue
[2024-03-26T06:04:12.110+0000] {logging_mixin.py:151} INFO - [2024-03-26T06:04:12.110+0000] {dagbag.py:539} INFO - Filling up the DagBag from /home/airflow/.local/lib/python3.8/site-packages/airflow/example_dags/tutorial_taskflow_api_virtualenv.py
[2024-03-26T06:04:12.157+0000] {processor.py:839} INFO - DAG(s) dict_keys(['tutorial_taskflow_api_virtualenv']) retrieved from /home/airflow/.local/lib/python3.8/site-packages/airflow/example_dags/tutorial_taskflow_api_virtualenv.py
[2024-03-26T06:04:12.383+0000] {logging_mixin.py:151} INFO - [2024-03-26T06:04:12.383+0000] {manager.py:499} INFO - Created Permission View: %s
[2024-03-26T06:04:12.488+0000] {logging_mixin.py:151} INFO - [2024-03-26T06:04:12.488+0000] {manager.py:499} INFO - Created Permission View: %s
[2024-03-26T06:04:12.512+0000] {logging_mixin.py:151} INFO - [2024-03-26T06:04:12.512+0000] {manager.py:499} INFO - Created Permission View: %s
[2024-03-26T06:04:12.513+0000] {logging_mixin.py:151} INFO - [2024-03-26T06:04:12.513+0000] {security.py:708} INFO - Not syncing DAG-level permissions for DAG 'DAG:tutorial_taskflow_api_virtualenv' as access control is unset.
[2024-03-26T06:04:12.514+0000] {logging_mixin.py:151} INFO - [2024-03-26T06:04:12.514+0000] {dag.py:2915} INFO - Sync 1 DAGs
[2024-03-26T06:04:12.535+0000] {logging_mixin.py:151} INFO - [2024-03-26T06:04:12.534+0000] {dag.py:2937} INFO - Creating ORM DAG for tutorial_taskflow_api_virtualenv
[2024-03-26T06:04:12.536+0000] {logging_mixin.py:151} INFO - [2024-03-26T06:04:12.536+0000] {dag.py:3696} INFO - Setting next_dagrun for tutorial_taskflow_api_virtualenv to None, run_after=None
[2024-03-26T06:04:12.580+0000] {processor.py:179} INFO - Processing /home/airflow/.local/lib/python3.8/site-packages/airflow/example_dags/tutorial_taskflow_api_virtualenv.py took 0.478 seconds
[2024-03-26T06:04:44.216+0000] {processor.py:157} INFO - Started process (PID=124) to work on /home/airflow/.local/lib/python3.8/site-packages/airflow/example_dags/tutorial_taskflow_api_virtualenv.py
[2024-03-26T06:04:44.218+0000] {processor.py:829} INFO - Processing file /home/airflow/.local/lib/python3.8/site-packages/airflow/example_dags/tutorial_taskflow_api_virtualenv.py for tasks to queue
[2024-03-26T06:04:44.222+0000] {logging_mixin.py:151} INFO - [2024-03-26T06:04:44.221+0000] {dagbag.py:539} INFO - Filling up the DagBag from /home/airflow/.local/lib/python3.8/site-packages/airflow/example_dags/tutorial_taskflow_api_virtualenv.py
[2024-03-26T06:04:44.233+0000] {processor.py:839} INFO - DAG(s) dict_keys(['tutorial_taskflow_api_virtualenv']) retrieved from /home/airflow/.local/lib/python3.8/site-packages/airflow/example_dags/tutorial_taskflow_api_virtualenv.py
[2024-03-26T06:04:44.263+0000] {logging_mixin.py:151} INFO - [2024-03-26T06:04:44.263+0000] {dag.py:2915} INFO - Sync 1 DAGs
[2024-03-26T06:04:44.279+0000] {logging_mixin.py:151} INFO - [2024-03-26T06:04:44.278+0000] {dag.py:3696} INFO - Setting next_dagrun for tutorial_taskflow_api_virtualenv to None, run_after=None
[2024-03-26T06:04:44.309+0000] {processor.py:179} INFO - Processing /home/airflow/.local/lib/python3.8/site-packages/airflow/example_dags/tutorial_taskflow_api_virtualenv.py took 0.097 seconds
[2024-03-26T06:05:15.305+0000] {processor.py:157} INFO - Started process (PID=178) to work on /home/airflow/.local/lib/python3.8/site-packages/airflow/example_dags/tutorial_taskflow_api_virtualenv.py
[2024-03-26T06:05:15.308+0000] {processor.py:829} INFO - Processing file /home/airflow/.local/lib/python3.8/site-packages/airflow/example_dags/tutorial_taskflow_api_virtualenv.py for tasks to queue
[2024-03-26T06:05:15.313+0000] {logging_mixin.py:151} INFO - [2024-03-26T06:05:15.312+0000] {dagbag.py:539} INFO - Filling up the DagBag from /home/airflow/.local/lib/python3.8/site-packages/airflow/example_dags/tutorial_taskflow_api_virtualenv.py
[2024-03-26T06:05:15.323+0000] {processor.py:839} INFO - DAG(s) dict_keys(['tutorial_taskflow_api_virtualenv']) retrieved from /home/airflow/.local/lib/python3.8/site-packages/airflow/example_dags/tutorial_taskflow_api_virtualenv.py
[2024-03-26T06:05:15.366+0000] {logging_mixin.py:151} INFO - [2024-03-26T06:05:15.365+0000] {dag.py:2915} INFO - Sync 1 DAGs
[2024-03-26T06:05:15.383+0000] {logging_mixin.py:151} INFO - [2024-03-26T06:05:15.383+0000] {dag.py:3696} INFO - Setting next_dagrun for tutorial_taskflow_api_virtualenv to None, run_after=None
[2024-03-26T06:05:15.656+0000] {processor.py:179} INFO - Processing /home/airflow/.local/lib/python3.8/site-packages/airflow/example_dags/tutorial_taskflow_api_virtualenv.py took 0.357 seconds
[2024-03-26T06:05:47.880+0000] {processor.py:157} INFO - Started process (PID=232) to work on /home/airflow/.local/lib/python3.8/site-packages/airflow/example_dags/tutorial_taskflow_api_virtualenv.py
[2024-03-26T06:05:47.883+0000] {processor.py:829} INFO - Processing file /home/airflow/.local/lib/python3.8/site-packages/airflow/example_dags/tutorial_taskflow_api_virtualenv.py for tasks to queue
[2024-03-26T06:05:47.887+0000] {logging_mixin.py:151} INFO - [2024-03-26T06:05:47.886+0000] {dagbag.py:539} INFO - Filling up the DagBag from /home/airflow/.local/lib/python3.8/site-packages/airflow/example_dags/tutorial_taskflow_api_virtualenv.py
[2024-03-26T06:05:47.897+0000] {processor.py:839} INFO - DAG(s) dict_keys(['tutorial_taskflow_api_virtualenv']) retrieved from /home/airflow/.local/lib/python3.8/site-packages/airflow/example_dags/tutorial_taskflow_api_virtualenv.py
[2024-03-26T06:05:47.934+0000] {logging_mixin.py:151} INFO - [2024-03-26T06:05:47.934+0000] {dag.py:2915} INFO - Sync 1 DAGs
[2024-03-26T06:05:47.953+0000] {logging_mixin.py:151} INFO - [2024-03-26T06:05:47.953+0000] {dag.py:3696} INFO - Setting next_dagrun for tutorial_taskflow_api_virtualenv to None, run_after=None
[2024-03-26T06:05:47.984+0000] {processor.py:179} INFO - Processing /home/airflow/.local/lib/python3.8/site-packages/airflow/example_dags/tutorial_taskflow_api_virtualenv.py took 0.110 seconds
[2024-03-26T06:06:19.920+0000] {processor.py:157} INFO - Started process (PID=293) to work on /home/airflow/.local/lib/python3.8/site-packages/airflow/example_dags/tutorial_taskflow_api_virtualenv.py
[2024-03-26T06:06:19.922+0000] {processor.py:829} INFO - Processing file /home/airflow/.local/lib/python3.8/site-packages/airflow/example_dags/tutorial_taskflow_api_virtualenv.py for tasks to queue
[2024-03-26T06:06:19.926+0000] {logging_mixin.py:151} INFO - [2024-03-26T06:06:19.925+0000] {dagbag.py:539} INFO - Filling up the DagBag from /home/airflow/.local/lib/python3.8/site-packages/airflow/example_dags/tutorial_taskflow_api_virtualenv.py
[2024-03-26T06:06:19.942+0000] {processor.py:839} INFO - DAG(s) dict_keys(['tutorial_taskflow_api_virtualenv']) retrieved from /home/airflow/.local/lib/python3.8/site-packages/airflow/example_dags/tutorial_taskflow_api_virtualenv.py
[2024-03-26T06:06:19.987+0000] {logging_mixin.py:151} INFO - [2024-03-26T06:06:19.986+0000] {dag.py:2915} INFO - Sync 1 DAGs
[2024-03-26T06:06:20.013+0000] {logging_mixin.py:151} INFO - [2024-03-26T06:06:20.012+0000] {dag.py:3696} INFO - Setting next_dagrun for tutorial_taskflow_api_virtualenv to None, run_after=None
[2024-03-26T06:06:20.062+0000] {processor.py:179} INFO - Processing /home/airflow/.local/lib/python3.8/site-packages/airflow/example_dags/tutorial_taskflow_api_virtualenv.py took 0.147 seconds
[2024-03-26T06:06:53.084+0000] {processor.py:157} INFO - Started process (PID=347) to work on /home/airflow/.local/lib/python3.8/site-packages/airflow/example_dags/tutorial_taskflow_api_virtualenv.py
[2024-03-26T06:06:53.086+0000] {processor.py:829} INFO - Processing file /home/airflow/.local/lib/python3.8/site-packages/airflow/example_dags/tutorial_taskflow_api_virtualenv.py for tasks to queue
[2024-03-26T06:06:53.090+0000] {logging_mixin.py:151} INFO - [2024-03-26T06:06:53.089+0000] {dagbag.py:539} INFO - Filling up the DagBag from /home/airflow/.local/lib/python3.8/site-packages/airflow/example_dags/tutorial_taskflow_api_virtualenv.py
[2024-03-26T06:06:53.102+0000] {processor.py:839} INFO - DAG(s) dict_keys(['tutorial_taskflow_api_virtualenv']) retrieved from /home/airflow/.local/lib/python3.8/site-packages/airflow/example_dags/tutorial_taskflow_api_virtualenv.py
[2024-03-26T06:06:53.136+0000] {logging_mixin.py:151} INFO - [2024-03-26T06:06:53.136+0000] {dag.py:2915} INFO - Sync 1 DAGs
[2024-03-26T06:06:53.156+0000] {logging_mixin.py:151} INFO - [2024-03-26T06:06:53.156+0000] {dag.py:3696} INFO - Setting next_dagrun for tutorial_taskflow_api_virtualenv to None, run_after=None
[2024-03-26T06:06:53.192+0000] {processor.py:179} INFO - Processing /home/airflow/.local/lib/python3.8/site-packages/airflow/example_dags/tutorial_taskflow_api_virtualenv.py took 0.113 seconds
[2024-03-26T06:07:25.125+0000] {processor.py:157} INFO - Started process (PID=401) to work on /home/airflow/.local/lib/python3.8/site-packages/airflow/example_dags/tutorial_taskflow_api_virtualenv.py
[2024-03-26T06:07:25.127+0000] {processor.py:829} INFO - Processing file /home/airflow/.local/lib/python3.8/site-packages/airflow/example_dags/tutorial_taskflow_api_virtualenv.py for tasks to queue
[2024-03-26T06:07:25.130+0000] {logging_mixin.py:151} INFO - [2024-03-26T06:07:25.130+0000] {dagbag.py:539} INFO - Filling up the DagBag from /home/airflow/.local/lib/python3.8/site-packages/airflow/example_dags/tutorial_taskflow_api_virtualenv.py
[2024-03-26T06:07:25.141+0000] {processor.py:839} INFO - DAG(s) dict_keys(['tutorial_taskflow_api_virtualenv']) retrieved from /home/airflow/.local/lib/python3.8/site-packages/airflow/example_dags/tutorial_taskflow_api_virtualenv.py
[2024-03-26T06:07:25.169+0000] {logging_mixin.py:151} INFO - [2024-03-26T06:07:25.169+0000] {dag.py:2915} INFO - Sync 1 DAGs
[2024-03-26T06:07:25.189+0000] {logging_mixin.py:151} INFO - [2024-03-26T06:07:25.189+0000] {dag.py:3696} INFO - Setting next_dagrun for tutorial_taskflow_api_virtualenv to None, run_after=None
[2024-03-26T06:07:25.221+0000] {processor.py:179} INFO - Processing /home/airflow/.local/lib/python3.8/site-packages/airflow/example_dags/tutorial_taskflow_api_virtualenv.py took 0.101 seconds
[2024-03-26T06:07:55.848+0000] {processor.py:157} INFO - Started process (PID=455) to work on /home/airflow/.local/lib/python3.8/site-packages/airflow/example_dags/tutorial_taskflow_api_virtualenv.py
[2024-03-26T06:07:55.850+0000] {processor.py:829} INFO - Processing file /home/airflow/.local/lib/python3.8/site-packages/airflow/example_dags/tutorial_taskflow_api_virtualenv.py for tasks to queue
[2024-03-26T06:07:55.853+0000] {logging_mixin.py:151} INFO - [2024-03-26T06:07:55.852+0000] {dagbag.py:539} INFO - Filling up the DagBag from /home/airflow/.local/lib/python3.8/site-packages/airflow/example_dags/tutorial_taskflow_api_virtualenv.py
[2024-03-26T06:07:55.861+0000] {processor.py:839} INFO - DAG(s) dict_keys(['tutorial_taskflow_api_virtualenv']) retrieved from /home/airflow/.local/lib/python3.8/site-packages/airflow/example_dags/tutorial_taskflow_api_virtualenv.py
[2024-03-26T06:07:55.885+0000] {logging_mixin.py:151} INFO - [2024-03-26T06:07:55.885+0000] {dag.py:2915} INFO - Sync 1 DAGs
[2024-03-26T06:07:55.902+0000] {logging_mixin.py:151} INFO - [2024-03-26T06:07:55.902+0000] {dag.py:3696} INFO - Setting next_dagrun for tutorial_taskflow_api_virtualenv to None, run_after=None
[2024-03-26T06:07:55.928+0000] {processor.py:179} INFO - Processing /home/airflow/.local/lib/python3.8/site-packages/airflow/example_dags/tutorial_taskflow_api_virtualenv.py took 0.084 seconds
[2024-03-26T06:08:26.619+0000] {processor.py:157} INFO - Started process (PID=509) to work on /home/airflow/.local/lib/python3.8/site-packages/airflow/example_dags/tutorial_taskflow_api_virtualenv.py
[2024-03-26T06:08:26.621+0000] {processor.py:829} INFO - Processing file /home/airflow/.local/lib/python3.8/site-packages/airflow/example_dags/tutorial_taskflow_api_virtualenv.py for tasks to queue
[2024-03-26T06:08:26.624+0000] {logging_mixin.py:151} INFO - [2024-03-26T06:08:26.623+0000] {dagbag.py:539} INFO - Filling up the DagBag from /home/airflow/.local/lib/python3.8/site-packages/airflow/example_dags/tutorial_taskflow_api_virtualenv.py
[2024-03-26T06:08:26.633+0000] {processor.py:839} INFO - DAG(s) dict_keys(['tutorial_taskflow_api_virtualenv']) retrieved from /home/airflow/.local/lib/python3.8/site-packages/airflow/example_dags/tutorial_taskflow_api_virtualenv.py
[2024-03-26T06:08:26.663+0000] {logging_mixin.py:151} INFO - [2024-03-26T06:08:26.663+0000] {dag.py:2915} INFO - Sync 1 DAGs
[2024-03-26T06:08:26.684+0000] {logging_mixin.py:151} INFO - [2024-03-26T06:08:26.684+0000] {dag.py:3696} INFO - Setting next_dagrun for tutorial_taskflow_api_virtualenv to None, run_after=None
[2024-03-26T06:08:26.712+0000] {processor.py:179} INFO - Processing /home/airflow/.local/lib/python3.8/site-packages/airflow/example_dags/tutorial_taskflow_api_virtualenv.py took 0.099 seconds
[2024-03-26T06:08:57.166+0000] {processor.py:157} INFO - Started process (PID=563) to work on /home/airflow/.local/lib/python3.8/site-packages/airflow/example_dags/tutorial_taskflow_api_virtualenv.py
[2024-03-26T06:08:57.168+0000] {processor.py:829} INFO - Processing file /home/airflow/.local/lib/python3.8/site-packages/airflow/example_dags/tutorial_taskflow_api_virtualenv.py for tasks to queue
[2024-03-26T06:08:57.170+0000] {logging_mixin.py:151} INFO - [2024-03-26T06:08:57.170+0000] {dagbag.py:539} INFO - Filling up the DagBag from /home/airflow/.local/lib/python3.8/site-packages/airflow/example_dags/tutorial_taskflow_api_virtualenv.py
[2024-03-26T06:08:57.180+0000] {processor.py:839} INFO - DAG(s) dict_keys(['tutorial_taskflow_api_virtualenv']) retrieved from /home/airflow/.local/lib/python3.8/site-packages/airflow/example_dags/tutorial_taskflow_api_virtualenv.py
[2024-03-26T06:08:57.206+0000] {logging_mixin.py:151} INFO - [2024-03-26T06:08:57.205+0000] {dag.py:2915} INFO - Sync 1 DAGs
[2024-03-26T06:08:57.223+0000] {logging_mixin.py:151} INFO - [2024-03-26T06:08:57.223+0000] {dag.py:3696} INFO - Setting next_dagrun for tutorial_taskflow_api_virtualenv to None, run_after=None
[2024-03-26T06:08:57.250+0000] {processor.py:179} INFO - Processing /home/airflow/.local/lib/python3.8/site-packages/airflow/example_dags/tutorial_taskflow_api_virtualenv.py took 0.086 seconds
[2024-03-26T06:09:28.274+0000] {processor.py:157} INFO - Started process (PID=617) to work on /home/airflow/.local/lib/python3.8/site-packages/airflow/example_dags/tutorial_taskflow_api_virtualenv.py
[2024-03-26T06:09:28.276+0000] {processor.py:829} INFO - Processing file /home/airflow/.local/lib/python3.8/site-packages/airflow/example_dags/tutorial_taskflow_api_virtualenv.py for tasks to queue
[2024-03-26T06:09:28.279+0000] {logging_mixin.py:151} INFO - [2024-03-26T06:09:28.278+0000] {dagbag.py:539} INFO - Filling up the DagBag from /home/airflow/.local/lib/python3.8/site-packages/airflow/example_dags/tutorial_taskflow_api_virtualenv.py
[2024-03-26T06:09:28.286+0000] {processor.py:839} INFO - DAG(s) dict_keys(['tutorial_taskflow_api_virtualenv']) retrieved from /home/airflow/.local/lib/python3.8/site-packages/airflow/example_dags/tutorial_taskflow_api_virtualenv.py
[2024-03-26T06:09:28.308+0000] {logging_mixin.py:151} INFO - [2024-03-26T06:09:28.308+0000] {dag.py:2915} INFO - Sync 1 DAGs
[2024-03-26T06:09:28.324+0000] {logging_mixin.py:151} INFO - [2024-03-26T06:09:28.324+0000] {dag.py:3696} INFO - Setting next_dagrun for tutorial_taskflow_api_virtualenv to None, run_after=None
[2024-03-26T06:09:28.350+0000] {processor.py:179} INFO - Processing /home/airflow/.local/lib/python3.8/site-packages/airflow/example_dags/tutorial_taskflow_api_virtualenv.py took 0.080 seconds
[2024-03-26T06:09:58.997+0000] {processor.py:157} INFO - Started process (PID=671) to work on /home/airflow/.local/lib/python3.8/site-packages/airflow/example_dags/tutorial_taskflow_api_virtualenv.py
[2024-03-26T06:09:58.999+0000] {processor.py:829} INFO - Processing file /home/airflow/.local/lib/python3.8/site-packages/airflow/example_dags/tutorial_taskflow_api_virtualenv.py for tasks to queue
[2024-03-26T06:09:59.002+0000] {logging_mixin.py:151} INFO - [2024-03-26T06:09:59.002+0000] {dagbag.py:539} INFO - Filling up the DagBag from /home/airflow/.local/lib/python3.8/site-packages/airflow/example_dags/tutorial_taskflow_api_virtualenv.py
[2024-03-26T06:09:59.009+0000] {processor.py:839} INFO - DAG(s) dict_keys(['tutorial_taskflow_api_virtualenv']) retrieved from /home/airflow/.local/lib/python3.8/site-packages/airflow/example_dags/tutorial_taskflow_api_virtualenv.py
[2024-03-26T06:09:59.033+0000] {logging_mixin.py:151} INFO - [2024-03-26T06:09:59.033+0000] {dag.py:2915} INFO - Sync 1 DAGs
[2024-03-26T06:09:59.049+0000] {logging_mixin.py:151} INFO - [2024-03-26T06:09:59.049+0000] {dag.py:3696} INFO - Setting next_dagrun for tutorial_taskflow_api_virtualenv to None, run_after=None
[2024-03-26T06:09:59.073+0000] {processor.py:179} INFO - Processing /home/airflow/.local/lib/python3.8/site-packages/airflow/example_dags/tutorial_taskflow_api_virtualenv.py took 0.081 seconds
[2024-03-26T06:10:29.572+0000] {processor.py:157} INFO - Started process (PID=725) to work on /home/airflow/.local/lib/python3.8/site-packages/airflow/example_dags/tutorial_taskflow_api_virtualenv.py
[2024-03-26T06:10:29.573+0000] {processor.py:829} INFO - Processing file /home/airflow/.local/lib/python3.8/site-packages/airflow/example_dags/tutorial_taskflow_api_virtualenv.py for tasks to queue
[2024-03-26T06:10:29.576+0000] {logging_mixin.py:151} INFO - [2024-03-26T06:10:29.575+0000] {dagbag.py:539} INFO - Filling up the DagBag from /home/airflow/.local/lib/python3.8/site-packages/airflow/example_dags/tutorial_taskflow_api_virtualenv.py
[2024-03-26T06:10:29.583+0000] {processor.py:839} INFO - DAG(s) dict_keys(['tutorial_taskflow_api_virtualenv']) retrieved from /home/airflow/.local/lib/python3.8/site-packages/airflow/example_dags/tutorial_taskflow_api_virtualenv.py
[2024-03-26T06:10:29.608+0000] {logging_mixin.py:151} INFO - [2024-03-26T06:10:29.608+0000] {dag.py:2915} INFO - Sync 1 DAGs
[2024-03-26T06:10:29.621+0000] {logging_mixin.py:151} INFO - [2024-03-26T06:10:29.621+0000] {dag.py:3696} INFO - Setting next_dagrun for tutorial_taskflow_api_virtualenv to None, run_after=None
[2024-03-26T06:10:29.656+0000] {processor.py:179} INFO - Processing /home/airflow/.local/lib/python3.8/site-packages/airflow/example_dags/tutorial_taskflow_api_virtualenv.py took 0.088 seconds
[2024-03-26T06:11:00.081+0000] {processor.py:157} INFO - Started process (PID=779) to work on /home/airflow/.local/lib/python3.8/site-packages/airflow/example_dags/tutorial_taskflow_api_virtualenv.py
[2024-03-26T06:11:00.083+0000] {processor.py:829} INFO - Processing file /home/airflow/.local/lib/python3.8/site-packages/airflow/example_dags/tutorial_taskflow_api_virtualenv.py for tasks to queue
[2024-03-26T06:11:00.086+0000] {logging_mixin.py:151} INFO - [2024-03-26T06:11:00.086+0000] {dagbag.py:539} INFO - Filling up the DagBag from /home/airflow/.local/lib/python3.8/site-packages/airflow/example_dags/tutorial_taskflow_api_virtualenv.py
[2024-03-26T06:11:00.095+0000] {processor.py:839} INFO - DAG(s) dict_keys(['tutorial_taskflow_api_virtualenv']) retrieved from /home/airflow/.local/lib/python3.8/site-packages/airflow/example_dags/tutorial_taskflow_api_virtualenv.py
[2024-03-26T06:11:00.120+0000] {logging_mixin.py:151} INFO - [2024-03-26T06:11:00.120+0000] {dag.py:2915} INFO - Sync 1 DAGs
[2024-03-26T06:11:00.137+0000] {logging_mixin.py:151} INFO - [2024-03-26T06:11:00.137+0000] {dag.py:3696} INFO - Setting next_dagrun for tutorial_taskflow_api_virtualenv to None, run_after=None
[2024-03-26T06:11:00.159+0000] {processor.py:179} INFO - Processing /home/airflow/.local/lib/python3.8/site-packages/airflow/example_dags/tutorial_taskflow_api_virtualenv.py took 0.082 seconds
[2024-03-26T06:11:30.900+0000] {processor.py:157} INFO - Started process (PID=833) to work on /home/airflow/.local/lib/python3.8/site-packages/airflow/example_dags/tutorial_taskflow_api_virtualenv.py
[2024-03-26T06:11:30.902+0000] {processor.py:829} INFO - Processing file /home/airflow/.local/lib/python3.8/site-packages/airflow/example_dags/tutorial_taskflow_api_virtualenv.py for tasks to queue
[2024-03-26T06:11:30.905+0000] {logging_mixin.py:151} INFO - [2024-03-26T06:11:30.905+0000] {dagbag.py:539} INFO - Filling up the DagBag from /home/airflow/.local/lib/python3.8/site-packages/airflow/example_dags/tutorial_taskflow_api_virtualenv.py
[2024-03-26T06:11:30.912+0000] {processor.py:839} INFO - DAG(s) dict_keys(['tutorial_taskflow_api_virtualenv']) retrieved from /home/airflow/.local/lib/python3.8/site-packages/airflow/example_dags/tutorial_taskflow_api_virtualenv.py
[2024-03-26T06:11:30.938+0000] {logging_mixin.py:151} INFO - [2024-03-26T06:11:30.937+0000] {dag.py:2915} INFO - Sync 1 DAGs
[2024-03-26T06:11:30.953+0000] {logging_mixin.py:151} INFO - [2024-03-26T06:11:30.953+0000] {dag.py:3696} INFO - Setting next_dagrun for tutorial_taskflow_api_virtualenv to None, run_after=None
[2024-03-26T06:11:30.985+0000] {processor.py:179} INFO - Processing /home/airflow/.local/lib/python3.8/site-packages/airflow/example_dags/tutorial_taskflow_api_virtualenv.py took 0.090 seconds
[2024-03-26T06:12:01.958+0000] {processor.py:157} INFO - Started process (PID=887) to work on /home/airflow/.local/lib/python3.8/site-packages/airflow/example_dags/tutorial_taskflow_api_virtualenv.py
[2024-03-26T06:12:01.959+0000] {processor.py:829} INFO - Processing file /home/airflow/.local/lib/python3.8/site-packages/airflow/example_dags/tutorial_taskflow_api_virtualenv.py for tasks to queue
[2024-03-26T06:12:01.962+0000] {logging_mixin.py:151} INFO - [2024-03-26T06:12:01.962+0000] {dagbag.py:539} INFO - Filling up the DagBag from /home/airflow/.local/lib/python3.8/site-packages/airflow/example_dags/tutorial_taskflow_api_virtualenv.py
[2024-03-26T06:12:01.969+0000] {processor.py:839} INFO - DAG(s) dict_keys(['tutorial_taskflow_api_virtualenv']) retrieved from /home/airflow/.local/lib/python3.8/site-packages/airflow/example_dags/tutorial_taskflow_api_virtualenv.py
[2024-03-26T06:12:01.994+0000] {logging_mixin.py:151} INFO - [2024-03-26T06:12:01.994+0000] {dag.py:2915} INFO - Sync 1 DAGs
[2024-03-26T06:12:02.008+0000] {logging_mixin.py:151} INFO - [2024-03-26T06:12:02.008+0000] {dag.py:3696} INFO - Setting next_dagrun for tutorial_taskflow_api_virtualenv to None, run_after=None
[2024-03-26T06:12:02.030+0000] {processor.py:179} INFO - Processing /home/airflow/.local/lib/python3.8/site-packages/airflow/example_dags/tutorial_taskflow_api_virtualenv.py took 0.076 seconds
[2024-03-26T06:12:32.559+0000] {processor.py:157} INFO - Started process (PID=941) to work on /home/airflow/.local/lib/python3.8/site-packages/airflow/example_dags/tutorial_taskflow_api_virtualenv.py
[2024-03-26T06:12:32.560+0000] {processor.py:829} INFO - Processing file /home/airflow/.local/lib/python3.8/site-packages/airflow/example_dags/tutorial_taskflow_api_virtualenv.py for tasks to queue
[2024-03-26T06:12:32.563+0000] {logging_mixin.py:151} INFO - [2024-03-26T06:12:32.563+0000] {dagbag.py:539} INFO - Filling up the DagBag from /home/airflow/.local/lib/python3.8/site-packages/airflow/example_dags/tutorial_taskflow_api_virtualenv.py
[2024-03-26T06:12:32.570+0000] {processor.py:839} INFO - DAG(s) dict_keys(['tutorial_taskflow_api_virtualenv']) retrieved from /home/airflow/.local/lib/python3.8/site-packages/airflow/example_dags/tutorial_taskflow_api_virtualenv.py
[2024-03-26T06:12:32.594+0000] {logging_mixin.py:151} INFO - [2024-03-26T06:12:32.593+0000] {dag.py:2915} INFO - Sync 1 DAGs
[2024-03-26T06:12:32.607+0000] {logging_mixin.py:151} INFO - [2024-03-26T06:12:32.607+0000] {dag.py:3696} INFO - Setting next_dagrun for tutorial_taskflow_api_virtualenv to None, run_after=None
[2024-03-26T06:12:32.640+0000] {processor.py:179} INFO - Processing /home/airflow/.local/lib/python3.8/site-packages/airflow/example_dags/tutorial_taskflow_api_virtualenv.py took 0.085 seconds
[2024-03-26T06:19:09.973+0000] {processor.py:157} INFO - Started process (PID=1019) to work on /home/airflow/.local/lib/python3.8/site-packages/airflow/example_dags/tutorial_taskflow_api_virtualenv.py
[2024-03-26T06:19:09.976+0000] {processor.py:829} INFO - Processing file /home/airflow/.local/lib/python3.8/site-packages/airflow/example_dags/tutorial_taskflow_api_virtualenv.py for tasks to queue
[2024-03-26T06:19:09.980+0000] {logging_mixin.py:151} INFO - [2024-03-26T06:19:09.979+0000] {dagbag.py:539} INFO - Filling up the DagBag from /home/airflow/.local/lib/python3.8/site-packages/airflow/example_dags/tutorial_taskflow_api_virtualenv.py
[2024-03-26T06:19:09.992+0000] {processor.py:839} INFO - DAG(s) dict_keys(['tutorial_taskflow_api_virtualenv']) retrieved from /home/airflow/.local/lib/python3.8/site-packages/airflow/example_dags/tutorial_taskflow_api_virtualenv.py
[2024-03-26T06:19:10.027+0000] {logging_mixin.py:151} INFO - [2024-03-26T06:19:10.026+0000] {dag.py:2915} INFO - Sync 1 DAGs
[2024-03-26T06:19:10.057+0000] {logging_mixin.py:151} INFO - [2024-03-26T06:19:10.056+0000] {dag.py:3696} INFO - Setting next_dagrun for tutorial_taskflow_api_virtualenv to None, run_after=None
[2024-03-26T06:19:10.121+0000] {processor.py:179} INFO - Processing /home/airflow/.local/lib/python3.8/site-packages/airflow/example_dags/tutorial_taskflow_api_virtualenv.py took 0.154 seconds
[2024-03-26T06:19:40.476+0000] {processor.py:157} INFO - Started process (PID=1073) to work on /home/airflow/.local/lib/python3.8/site-packages/airflow/example_dags/tutorial_taskflow_api_virtualenv.py
[2024-03-26T06:19:40.477+0000] {processor.py:829} INFO - Processing file /home/airflow/.local/lib/python3.8/site-packages/airflow/example_dags/tutorial_taskflow_api_virtualenv.py for tasks to queue
[2024-03-26T06:19:40.480+0000] {logging_mixin.py:151} INFO - [2024-03-26T06:19:40.480+0000] {dagbag.py:539} INFO - Filling up the DagBag from /home/airflow/.local/lib/python3.8/site-packages/airflow/example_dags/tutorial_taskflow_api_virtualenv.py
[2024-03-26T06:19:40.489+0000] {processor.py:839} INFO - DAG(s) dict_keys(['tutorial_taskflow_api_virtualenv']) retrieved from /home/airflow/.local/lib/python3.8/site-packages/airflow/example_dags/tutorial_taskflow_api_virtualenv.py
[2024-03-26T06:19:40.516+0000] {logging_mixin.py:151} INFO - [2024-03-26T06:19:40.516+0000] {dag.py:2915} INFO - Sync 1 DAGs
[2024-03-26T06:19:40.532+0000] {logging_mixin.py:151} INFO - [2024-03-26T06:19:40.531+0000] {dag.py:3696} INFO - Setting next_dagrun for tutorial_taskflow_api_virtualenv to None, run_after=None
[2024-03-26T06:19:40.559+0000] {processor.py:179} INFO - Processing /home/airflow/.local/lib/python3.8/site-packages/airflow/example_dags/tutorial_taskflow_api_virtualenv.py took 0.088 seconds
[2024-03-26T06:20:11.181+0000] {processor.py:157} INFO - Started process (PID=1127) to work on /home/airflow/.local/lib/python3.8/site-packages/airflow/example_dags/tutorial_taskflow_api_virtualenv.py
[2024-03-26T06:20:11.182+0000] {processor.py:829} INFO - Processing file /home/airflow/.local/lib/python3.8/site-packages/airflow/example_dags/tutorial_taskflow_api_virtualenv.py for tasks to queue
[2024-03-26T06:20:11.185+0000] {logging_mixin.py:151} INFO - [2024-03-26T06:20:11.184+0000] {dagbag.py:539} INFO - Filling up the DagBag from /home/airflow/.local/lib/python3.8/site-packages/airflow/example_dags/tutorial_taskflow_api_virtualenv.py
[2024-03-26T06:20:11.192+0000] {processor.py:839} INFO - DAG(s) dict_keys(['tutorial_taskflow_api_virtualenv']) retrieved from /home/airflow/.local/lib/python3.8/site-packages/airflow/example_dags/tutorial_taskflow_api_virtualenv.py
[2024-03-26T06:20:11.217+0000] {logging_mixin.py:151} INFO - [2024-03-26T06:20:11.217+0000] {dag.py:2915} INFO - Sync 1 DAGs
[2024-03-26T06:20:11.234+0000] {logging_mixin.py:151} INFO - [2024-03-26T06:20:11.234+0000] {dag.py:3696} INFO - Setting next_dagrun for tutorial_taskflow_api_virtualenv to None, run_after=None
[2024-03-26T06:20:11.261+0000] {processor.py:179} INFO - Processing /home/airflow/.local/lib/python3.8/site-packages/airflow/example_dags/tutorial_taskflow_api_virtualenv.py took 0.084 seconds
[2024-03-26T06:20:41.557+0000] {processor.py:157} INFO - Started process (PID=1180) to work on /home/airflow/.local/lib/python3.8/site-packages/airflow/example_dags/tutorial_taskflow_api_virtualenv.py
[2024-03-26T06:20:41.558+0000] {processor.py:829} INFO - Processing file /home/airflow/.local/lib/python3.8/site-packages/airflow/example_dags/tutorial_taskflow_api_virtualenv.py for tasks to queue
[2024-03-26T06:20:41.561+0000] {logging_mixin.py:151} INFO - [2024-03-26T06:20:41.561+0000] {dagbag.py:539} INFO - Filling up the DagBag from /home/airflow/.local/lib/python3.8/site-packages/airflow/example_dags/tutorial_taskflow_api_virtualenv.py
[2024-03-26T06:20:41.568+0000] {processor.py:839} INFO - DAG(s) dict_keys(['tutorial_taskflow_api_virtualenv']) retrieved from /home/airflow/.local/lib/python3.8/site-packages/airflow/example_dags/tutorial_taskflow_api_virtualenv.py
[2024-03-26T06:20:41.590+0000] {logging_mixin.py:151} INFO - [2024-03-26T06:20:41.590+0000] {dag.py:2915} INFO - Sync 1 DAGs
[2024-03-26T06:20:41.604+0000] {logging_mixin.py:151} INFO - [2024-03-26T06:20:41.604+0000] {dag.py:3696} INFO - Setting next_dagrun for tutorial_taskflow_api_virtualenv to None, run_after=None
[2024-03-26T06:20:41.630+0000] {processor.py:179} INFO - Processing /home/airflow/.local/lib/python3.8/site-packages/airflow/example_dags/tutorial_taskflow_api_virtualenv.py took 0.077 seconds
[2024-03-26T06:21:12.031+0000] {processor.py:157} INFO - Started process (PID=1234) to work on /home/airflow/.local/lib/python3.8/site-packages/airflow/example_dags/tutorial_taskflow_api_virtualenv.py
[2024-03-26T06:21:12.033+0000] {processor.py:829} INFO - Processing file /home/airflow/.local/lib/python3.8/site-packages/airflow/example_dags/tutorial_taskflow_api_virtualenv.py for tasks to queue
[2024-03-26T06:21:12.036+0000] {logging_mixin.py:151} INFO - [2024-03-26T06:21:12.035+0000] {dagbag.py:539} INFO - Filling up the DagBag from /home/airflow/.local/lib/python3.8/site-packages/airflow/example_dags/tutorial_taskflow_api_virtualenv.py
[2024-03-26T06:21:12.044+0000] {processor.py:839} INFO - DAG(s) dict_keys(['tutorial_taskflow_api_virtualenv']) retrieved from /home/airflow/.local/lib/python3.8/site-packages/airflow/example_dags/tutorial_taskflow_api_virtualenv.py
[2024-03-26T06:21:12.068+0000] {logging_mixin.py:151} INFO - [2024-03-26T06:21:12.068+0000] {dag.py:2915} INFO - Sync 1 DAGs
[2024-03-26T06:21:12.085+0000] {logging_mixin.py:151} INFO - [2024-03-26T06:21:12.085+0000] {dag.py:3696} INFO - Setting next_dagrun for tutorial_taskflow_api_virtualenv to None, run_after=None
[2024-03-26T06:21:12.108+0000] {processor.py:179} INFO - Processing /home/airflow/.local/lib/python3.8/site-packages/airflow/example_dags/tutorial_taskflow_api_virtualenv.py took 0.081 seconds
[2024-03-26T06:21:42.907+0000] {processor.py:157} INFO - Started process (PID=1288) to work on /home/airflow/.local/lib/python3.8/site-packages/airflow/example_dags/tutorial_taskflow_api_virtualenv.py
[2024-03-26T06:21:42.908+0000] {processor.py:829} INFO - Processing file /home/airflow/.local/lib/python3.8/site-packages/airflow/example_dags/tutorial_taskflow_api_virtualenv.py for tasks to queue
[2024-03-26T06:21:42.911+0000] {logging_mixin.py:151} INFO - [2024-03-26T06:21:42.911+0000] {dagbag.py:539} INFO - Filling up the DagBag from /home/airflow/.local/lib/python3.8/site-packages/airflow/example_dags/tutorial_taskflow_api_virtualenv.py
[2024-03-26T06:21:42.918+0000] {processor.py:839} INFO - DAG(s) dict_keys(['tutorial_taskflow_api_virtualenv']) retrieved from /home/airflow/.local/lib/python3.8/site-packages/airflow/example_dags/tutorial_taskflow_api_virtualenv.py
[2024-03-26T06:21:42.941+0000] {logging_mixin.py:151} INFO - [2024-03-26T06:21:42.941+0000] {dag.py:2915} INFO - Sync 1 DAGs
[2024-03-26T06:21:42.957+0000] {logging_mixin.py:151} INFO - [2024-03-26T06:21:42.956+0000] {dag.py:3696} INFO - Setting next_dagrun for tutorial_taskflow_api_virtualenv to None, run_after=None
[2024-03-26T06:21:42.990+0000] {processor.py:179} INFO - Processing /home/airflow/.local/lib/python3.8/site-packages/airflow/example_dags/tutorial_taskflow_api_virtualenv.py took 0.087 seconds
[2024-03-26T06:22:13.630+0000] {processor.py:157} INFO - Started process (PID=1343) to work on /home/airflow/.local/lib/python3.8/site-packages/airflow/example_dags/tutorial_taskflow_api_virtualenv.py
[2024-03-26T06:22:13.632+0000] {processor.py:829} INFO - Processing file /home/airflow/.local/lib/python3.8/site-packages/airflow/example_dags/tutorial_taskflow_api_virtualenv.py for tasks to queue
[2024-03-26T06:22:13.635+0000] {logging_mixin.py:151} INFO - [2024-03-26T06:22:13.634+0000] {dagbag.py:539} INFO - Filling up the DagBag from /home/airflow/.local/lib/python3.8/site-packages/airflow/example_dags/tutorial_taskflow_api_virtualenv.py
[2024-03-26T06:22:13.644+0000] {processor.py:839} INFO - DAG(s) dict_keys(['tutorial_taskflow_api_virtualenv']) retrieved from /home/airflow/.local/lib/python3.8/site-packages/airflow/example_dags/tutorial_taskflow_api_virtualenv.py
[2024-03-26T06:22:13.669+0000] {logging_mixin.py:151} INFO - [2024-03-26T06:22:13.669+0000] {dag.py:2915} INFO - Sync 1 DAGs
[2024-03-26T06:22:13.684+0000] {logging_mixin.py:151} INFO - [2024-03-26T06:22:13.683+0000] {dag.py:3696} INFO - Setting next_dagrun for tutorial_taskflow_api_virtualenv to None, run_after=None
[2024-03-26T06:22:13.716+0000] {processor.py:179} INFO - Processing /home/airflow/.local/lib/python3.8/site-packages/airflow/example_dags/tutorial_taskflow_api_virtualenv.py took 0.091 seconds
[2024-03-26T06:22:44.386+0000] {processor.py:157} INFO - Started process (PID=1397) to work on /home/airflow/.local/lib/python3.8/site-packages/airflow/example_dags/tutorial_taskflow_api_virtualenv.py
[2024-03-26T06:22:44.387+0000] {processor.py:829} INFO - Processing file /home/airflow/.local/lib/python3.8/site-packages/airflow/example_dags/tutorial_taskflow_api_virtualenv.py for tasks to queue
[2024-03-26T06:22:44.390+0000] {logging_mixin.py:151} INFO - [2024-03-26T06:22:44.389+0000] {dagbag.py:539} INFO - Filling up the DagBag from /home/airflow/.local/lib/python3.8/site-packages/airflow/example_dags/tutorial_taskflow_api_virtualenv.py
[2024-03-26T06:22:44.397+0000] {processor.py:839} INFO - DAG(s) dict_keys(['tutorial_taskflow_api_virtualenv']) retrieved from /home/airflow/.local/lib/python3.8/site-packages/airflow/example_dags/tutorial_taskflow_api_virtualenv.py
[2024-03-26T06:22:44.423+0000] {logging_mixin.py:151} INFO - [2024-03-26T06:22:44.422+0000] {dag.py:2915} INFO - Sync 1 DAGs
[2024-03-26T06:22:44.438+0000] {logging_mixin.py:151} INFO - [2024-03-26T06:22:44.438+0000] {dag.py:3696} INFO - Setting next_dagrun for tutorial_taskflow_api_virtualenv to None, run_after=None
[2024-03-26T06:22:44.464+0000] {processor.py:179} INFO - Processing /home/airflow/.local/lib/python3.8/site-packages/airflow/example_dags/tutorial_taskflow_api_virtualenv.py took 0.084 seconds
[2024-03-26T06:23:14.964+0000] {processor.py:157} INFO - Started process (PID=1451) to work on /home/airflow/.local/lib/python3.8/site-packages/airflow/example_dags/tutorial_taskflow_api_virtualenv.py
[2024-03-26T06:23:14.965+0000] {processor.py:829} INFO - Processing file /home/airflow/.local/lib/python3.8/site-packages/airflow/example_dags/tutorial_taskflow_api_virtualenv.py for tasks to queue
[2024-03-26T06:23:14.969+0000] {logging_mixin.py:151} INFO - [2024-03-26T06:23:14.968+0000] {dagbag.py:539} INFO - Filling up the DagBag from /home/airflow/.local/lib/python3.8/site-packages/airflow/example_dags/tutorial_taskflow_api_virtualenv.py
[2024-03-26T06:23:14.978+0000] {processor.py:839} INFO - DAG(s) dict_keys(['tutorial_taskflow_api_virtualenv']) retrieved from /home/airflow/.local/lib/python3.8/site-packages/airflow/example_dags/tutorial_taskflow_api_virtualenv.py
[2024-03-26T06:23:15.002+0000] {logging_mixin.py:151} INFO - [2024-03-26T06:23:15.002+0000] {dag.py:2915} INFO - Sync 1 DAGs
[2024-03-26T06:23:15.020+0000] {logging_mixin.py:151} INFO - [2024-03-26T06:23:15.019+0000] {dag.py:3696} INFO - Setting next_dagrun for tutorial_taskflow_api_virtualenv to None, run_after=None
[2024-03-26T06:23:15.046+0000] {processor.py:179} INFO - Processing /home/airflow/.local/lib/python3.8/site-packages/airflow/example_dags/tutorial_taskflow_api_virtualenv.py took 0.086 seconds
[2024-03-26T06:23:45.727+0000] {processor.py:157} INFO - Started process (PID=1505) to work on /home/airflow/.local/lib/python3.8/site-packages/airflow/example_dags/tutorial_taskflow_api_virtualenv.py
[2024-03-26T06:23:45.728+0000] {processor.py:829} INFO - Processing file /home/airflow/.local/lib/python3.8/site-packages/airflow/example_dags/tutorial_taskflow_api_virtualenv.py for tasks to queue
[2024-03-26T06:23:45.731+0000] {logging_mixin.py:151} INFO - [2024-03-26T06:23:45.731+0000] {dagbag.py:539} INFO - Filling up the DagBag from /home/airflow/.local/lib/python3.8/site-packages/airflow/example_dags/tutorial_taskflow_api_virtualenv.py
[2024-03-26T06:23:45.740+0000] {processor.py:839} INFO - DAG(s) dict_keys(['tutorial_taskflow_api_virtualenv']) retrieved from /home/airflow/.local/lib/python3.8/site-packages/airflow/example_dags/tutorial_taskflow_api_virtualenv.py
[2024-03-26T06:23:45.765+0000] {logging_mixin.py:151} INFO - [2024-03-26T06:23:45.765+0000] {dag.py:2915} INFO - Sync 1 DAGs
[2024-03-26T06:23:45.783+0000] {logging_mixin.py:151} INFO - [2024-03-26T06:23:45.783+0000] {dag.py:3696} INFO - Setting next_dagrun for tutorial_taskflow_api_virtualenv to None, run_after=None
[2024-03-26T06:23:45.808+0000] {processor.py:179} INFO - Processing /home/airflow/.local/lib/python3.8/site-packages/airflow/example_dags/tutorial_taskflow_api_virtualenv.py took 0.085 seconds
[2024-03-26T06:24:16.212+0000] {processor.py:157} INFO - Started process (PID=1559) to work on /home/airflow/.local/lib/python3.8/site-packages/airflow/example_dags/tutorial_taskflow_api_virtualenv.py
[2024-03-26T06:24:16.213+0000] {processor.py:829} INFO - Processing file /home/airflow/.local/lib/python3.8/site-packages/airflow/example_dags/tutorial_taskflow_api_virtualenv.py for tasks to queue
[2024-03-26T06:24:16.217+0000] {logging_mixin.py:151} INFO - [2024-03-26T06:24:16.217+0000] {dagbag.py:539} INFO - Filling up the DagBag from /home/airflow/.local/lib/python3.8/site-packages/airflow/example_dags/tutorial_taskflow_api_virtualenv.py
[2024-03-26T06:24:16.226+0000] {processor.py:839} INFO - DAG(s) dict_keys(['tutorial_taskflow_api_virtualenv']) retrieved from /home/airflow/.local/lib/python3.8/site-packages/airflow/example_dags/tutorial_taskflow_api_virtualenv.py
[2024-03-26T06:24:16.253+0000] {logging_mixin.py:151} INFO - [2024-03-26T06:24:16.252+0000] {dag.py:2915} INFO - Sync 1 DAGs
[2024-03-26T06:24:16.269+0000] {logging_mixin.py:151} INFO - [2024-03-26T06:24:16.268+0000] {dag.py:3696} INFO - Setting next_dagrun for tutorial_taskflow_api_virtualenv to None, run_after=None
[2024-03-26T06:24:16.291+0000] {processor.py:179} INFO - Processing /home/airflow/.local/lib/python3.8/site-packages/airflow/example_dags/tutorial_taskflow_api_virtualenv.py took 0.084 seconds
[2024-03-26T06:24:46.868+0000] {processor.py:157} INFO - Started process (PID=1613) to work on /home/airflow/.local/lib/python3.8/site-packages/airflow/example_dags/tutorial_taskflow_api_virtualenv.py
[2024-03-26T06:24:46.869+0000] {processor.py:829} INFO - Processing file /home/airflow/.local/lib/python3.8/site-packages/airflow/example_dags/tutorial_taskflow_api_virtualenv.py for tasks to queue
[2024-03-26T06:24:46.872+0000] {logging_mixin.py:151} INFO - [2024-03-26T06:24:46.872+0000] {dagbag.py:539} INFO - Filling up the DagBag from /home/airflow/.local/lib/python3.8/site-packages/airflow/example_dags/tutorial_taskflow_api_virtualenv.py
[2024-03-26T06:24:46.882+0000] {processor.py:839} INFO - DAG(s) dict_keys(['tutorial_taskflow_api_virtualenv']) retrieved from /home/airflow/.local/lib/python3.8/site-packages/airflow/example_dags/tutorial_taskflow_api_virtualenv.py
[2024-03-26T06:24:46.908+0000] {logging_mixin.py:151} INFO - [2024-03-26T06:24:46.908+0000] {dag.py:2915} INFO - Sync 1 DAGs
[2024-03-26T06:24:46.924+0000] {logging_mixin.py:151} INFO - [2024-03-26T06:24:46.924+0000] {dag.py:3696} INFO - Setting next_dagrun for tutorial_taskflow_api_virtualenv to None, run_after=None
[2024-03-26T06:24:46.949+0000] {processor.py:179} INFO - Processing /home/airflow/.local/lib/python3.8/site-packages/airflow/example_dags/tutorial_taskflow_api_virtualenv.py took 0.086 seconds
[2024-03-26T06:25:17.491+0000] {processor.py:157} INFO - Started process (PID=1667) to work on /home/airflow/.local/lib/python3.8/site-packages/airflow/example_dags/tutorial_taskflow_api_virtualenv.py
[2024-03-26T06:25:17.493+0000] {processor.py:829} INFO - Processing file /home/airflow/.local/lib/python3.8/site-packages/airflow/example_dags/tutorial_taskflow_api_virtualenv.py for tasks to queue
[2024-03-26T06:25:17.496+0000] {logging_mixin.py:151} INFO - [2024-03-26T06:25:17.495+0000] {dagbag.py:539} INFO - Filling up the DagBag from /home/airflow/.local/lib/python3.8/site-packages/airflow/example_dags/tutorial_taskflow_api_virtualenv.py
[2024-03-26T06:25:17.508+0000] {processor.py:839} INFO - DAG(s) dict_keys(['tutorial_taskflow_api_virtualenv']) retrieved from /home/airflow/.local/lib/python3.8/site-packages/airflow/example_dags/tutorial_taskflow_api_virtualenv.py
[2024-03-26T06:25:17.540+0000] {logging_mixin.py:151} INFO - [2024-03-26T06:25:17.539+0000] {dag.py:2915} INFO - Sync 1 DAGs
[2024-03-26T06:25:17.554+0000] {logging_mixin.py:151} INFO - [2024-03-26T06:25:17.554+0000] {dag.py:3696} INFO - Setting next_dagrun for tutorial_taskflow_api_virtualenv to None, run_after=None
[2024-03-26T06:25:17.575+0000] {processor.py:179} INFO - Processing /home/airflow/.local/lib/python3.8/site-packages/airflow/example_dags/tutorial_taskflow_api_virtualenv.py took 0.088 seconds
[2024-03-26T06:25:47.808+0000] {processor.py:157} INFO - Started process (PID=1721) to work on /home/airflow/.local/lib/python3.8/site-packages/airflow/example_dags/tutorial_taskflow_api_virtualenv.py
[2024-03-26T06:25:47.809+0000] {processor.py:829} INFO - Processing file /home/airflow/.local/lib/python3.8/site-packages/airflow/example_dags/tutorial_taskflow_api_virtualenv.py for tasks to queue
[2024-03-26T06:25:47.812+0000] {logging_mixin.py:151} INFO - [2024-03-26T06:25:47.812+0000] {dagbag.py:539} INFO - Filling up the DagBag from /home/airflow/.local/lib/python3.8/site-packages/airflow/example_dags/tutorial_taskflow_api_virtualenv.py
[2024-03-26T06:25:47.821+0000] {processor.py:839} INFO - DAG(s) dict_keys(['tutorial_taskflow_api_virtualenv']) retrieved from /home/airflow/.local/lib/python3.8/site-packages/airflow/example_dags/tutorial_taskflow_api_virtualenv.py
[2024-03-26T06:25:47.845+0000] {logging_mixin.py:151} INFO - [2024-03-26T06:25:47.845+0000] {dag.py:2915} INFO - Sync 1 DAGs
[2024-03-26T06:25:47.859+0000] {logging_mixin.py:151} INFO - [2024-03-26T06:25:47.859+0000] {dag.py:3696} INFO - Setting next_dagrun for tutorial_taskflow_api_virtualenv to None, run_after=None
[2024-03-26T06:25:47.885+0000] {processor.py:179} INFO - Processing /home/airflow/.local/lib/python3.8/site-packages/airflow/example_dags/tutorial_taskflow_api_virtualenv.py took 0.080 seconds
[2024-03-26T06:26:18.626+0000] {processor.py:157} INFO - Started process (PID=1775) to work on /home/airflow/.local/lib/python3.8/site-packages/airflow/example_dags/tutorial_taskflow_api_virtualenv.py
[2024-03-26T06:26:18.627+0000] {processor.py:829} INFO - Processing file /home/airflow/.local/lib/python3.8/site-packages/airflow/example_dags/tutorial_taskflow_api_virtualenv.py for tasks to queue
[2024-03-26T06:26:18.630+0000] {logging_mixin.py:151} INFO - [2024-03-26T06:26:18.630+0000] {dagbag.py:539} INFO - Filling up the DagBag from /home/airflow/.local/lib/python3.8/site-packages/airflow/example_dags/tutorial_taskflow_api_virtualenv.py
[2024-03-26T06:26:18.640+0000] {processor.py:839} INFO - DAG(s) dict_keys(['tutorial_taskflow_api_virtualenv']) retrieved from /home/airflow/.local/lib/python3.8/site-packages/airflow/example_dags/tutorial_taskflow_api_virtualenv.py
[2024-03-26T06:26:18.666+0000] {logging_mixin.py:151} INFO - [2024-03-26T06:26:18.665+0000] {dag.py:2915} INFO - Sync 1 DAGs
[2024-03-26T06:26:18.683+0000] {logging_mixin.py:151} INFO - [2024-03-26T06:26:18.683+0000] {dag.py:3696} INFO - Setting next_dagrun for tutorial_taskflow_api_virtualenv to None, run_after=None
[2024-03-26T06:26:18.709+0000] {processor.py:179} INFO - Processing /home/airflow/.local/lib/python3.8/site-packages/airflow/example_dags/tutorial_taskflow_api_virtualenv.py took 0.088 seconds
[2024-03-26T06:26:48.994+0000] {processor.py:157} INFO - Started process (PID=1829) to work on /home/airflow/.local/lib/python3.8/site-packages/airflow/example_dags/tutorial_taskflow_api_virtualenv.py
[2024-03-26T06:26:48.996+0000] {processor.py:829} INFO - Processing file /home/airflow/.local/lib/python3.8/site-packages/airflow/example_dags/tutorial_taskflow_api_virtualenv.py for tasks to queue
[2024-03-26T06:26:48.998+0000] {logging_mixin.py:151} INFO - [2024-03-26T06:26:48.998+0000] {dagbag.py:539} INFO - Filling up the DagBag from /home/airflow/.local/lib/python3.8/site-packages/airflow/example_dags/tutorial_taskflow_api_virtualenv.py
[2024-03-26T06:26:49.007+0000] {processor.py:839} INFO - DAG(s) dict_keys(['tutorial_taskflow_api_virtualenv']) retrieved from /home/airflow/.local/lib/python3.8/site-packages/airflow/example_dags/tutorial_taskflow_api_virtualenv.py
[2024-03-26T06:26:49.032+0000] {logging_mixin.py:151} INFO - [2024-03-26T06:26:49.031+0000] {dag.py:2915} INFO - Sync 1 DAGs
[2024-03-26T06:26:49.048+0000] {logging_mixin.py:151} INFO - [2024-03-26T06:26:49.048+0000] {dag.py:3696} INFO - Setting next_dagrun for tutorial_taskflow_api_virtualenv to None, run_after=None
[2024-03-26T06:26:49.083+0000] {processor.py:179} INFO - Processing /home/airflow/.local/lib/python3.8/site-packages/airflow/example_dags/tutorial_taskflow_api_virtualenv.py took 0.092 seconds
[2024-03-26T06:27:19.347+0000] {processor.py:157} INFO - Started process (PID=1883) to work on /home/airflow/.local/lib/python3.8/site-packages/airflow/example_dags/tutorial_taskflow_api_virtualenv.py
[2024-03-26T06:27:19.348+0000] {processor.py:829} INFO - Processing file /home/airflow/.local/lib/python3.8/site-packages/airflow/example_dags/tutorial_taskflow_api_virtualenv.py for tasks to queue
[2024-03-26T06:27:19.351+0000] {logging_mixin.py:151} INFO - [2024-03-26T06:27:19.351+0000] {dagbag.py:539} INFO - Filling up the DagBag from /home/airflow/.local/lib/python3.8/site-packages/airflow/example_dags/tutorial_taskflow_api_virtualenv.py
[2024-03-26T06:27:19.358+0000] {processor.py:839} INFO - DAG(s) dict_keys(['tutorial_taskflow_api_virtualenv']) retrieved from /home/airflow/.local/lib/python3.8/site-packages/airflow/example_dags/tutorial_taskflow_api_virtualenv.py
[2024-03-26T06:27:19.386+0000] {logging_mixin.py:151} INFO - [2024-03-26T06:27:19.385+0000] {dag.py:2915} INFO - Sync 1 DAGs
[2024-03-26T06:27:19.404+0000] {logging_mixin.py:151} INFO - [2024-03-26T06:27:19.404+0000] {dag.py:3696} INFO - Setting next_dagrun for tutorial_taskflow_api_virtualenv to None, run_after=None
[2024-03-26T06:27:19.432+0000] {processor.py:179} INFO - Processing /home/airflow/.local/lib/python3.8/site-packages/airflow/example_dags/tutorial_taskflow_api_virtualenv.py took 0.088 seconds
[2024-03-26T06:27:50.556+0000] {processor.py:157} INFO - Started process (PID=1937) to work on /home/airflow/.local/lib/python3.8/site-packages/airflow/example_dags/tutorial_taskflow_api_virtualenv.py
[2024-03-26T06:27:50.557+0000] {processor.py:829} INFO - Processing file /home/airflow/.local/lib/python3.8/site-packages/airflow/example_dags/tutorial_taskflow_api_virtualenv.py for tasks to queue
[2024-03-26T06:27:50.561+0000] {logging_mixin.py:151} INFO - [2024-03-26T06:27:50.561+0000] {dagbag.py:539} INFO - Filling up the DagBag from /home/airflow/.local/lib/python3.8/site-packages/airflow/example_dags/tutorial_taskflow_api_virtualenv.py
[2024-03-26T06:27:50.569+0000] {processor.py:839} INFO - DAG(s) dict_keys(['tutorial_taskflow_api_virtualenv']) retrieved from /home/airflow/.local/lib/python3.8/site-packages/airflow/example_dags/tutorial_taskflow_api_virtualenv.py
[2024-03-26T06:27:50.596+0000] {logging_mixin.py:151} INFO - [2024-03-26T06:27:50.595+0000] {dag.py:2915} INFO - Sync 1 DAGs
[2024-03-26T06:27:50.614+0000] {logging_mixin.py:151} INFO - [2024-03-26T06:27:50.613+0000] {dag.py:3696} INFO - Setting next_dagrun for tutorial_taskflow_api_virtualenv to None, run_after=None
[2024-03-26T06:27:50.642+0000] {processor.py:179} INFO - Processing /home/airflow/.local/lib/python3.8/site-packages/airflow/example_dags/tutorial_taskflow_api_virtualenv.py took 0.090 seconds
[2024-03-26T06:28:21.008+0000] {processor.py:157} INFO - Started process (PID=1991) to work on /home/airflow/.local/lib/python3.8/site-packages/airflow/example_dags/tutorial_taskflow_api_virtualenv.py
[2024-03-26T06:28:21.010+0000] {processor.py:829} INFO - Processing file /home/airflow/.local/lib/python3.8/site-packages/airflow/example_dags/tutorial_taskflow_api_virtualenv.py for tasks to queue
[2024-03-26T06:28:21.013+0000] {logging_mixin.py:151} INFO - [2024-03-26T06:28:21.013+0000] {dagbag.py:539} INFO - Filling up the DagBag from /home/airflow/.local/lib/python3.8/site-packages/airflow/example_dags/tutorial_taskflow_api_virtualenv.py
[2024-03-26T06:28:21.021+0000] {processor.py:839} INFO - DAG(s) dict_keys(['tutorial_taskflow_api_virtualenv']) retrieved from /home/airflow/.local/lib/python3.8/site-packages/airflow/example_dags/tutorial_taskflow_api_virtualenv.py
[2024-03-26T06:28:21.049+0000] {logging_mixin.py:151} INFO - [2024-03-26T06:28:21.048+0000] {dag.py:2915} INFO - Sync 1 DAGs
[2024-03-26T06:28:21.063+0000] {logging_mixin.py:151} INFO - [2024-03-26T06:28:21.063+0000] {dag.py:3696} INFO - Setting next_dagrun for tutorial_taskflow_api_virtualenv to None, run_after=None
[2024-03-26T06:28:21.098+0000] {processor.py:179} INFO - Processing /home/airflow/.local/lib/python3.8/site-packages/airflow/example_dags/tutorial_taskflow_api_virtualenv.py took 0.095 seconds
[2024-03-26T06:28:51.250+0000] {processor.py:157} INFO - Started process (PID=2045) to work on /home/airflow/.local/lib/python3.8/site-packages/airflow/example_dags/tutorial_taskflow_api_virtualenv.py
[2024-03-26T06:28:51.251+0000] {processor.py:829} INFO - Processing file /home/airflow/.local/lib/python3.8/site-packages/airflow/example_dags/tutorial_taskflow_api_virtualenv.py for tasks to queue
[2024-03-26T06:28:51.254+0000] {logging_mixin.py:151} INFO - [2024-03-26T06:28:51.254+0000] {dagbag.py:539} INFO - Filling up the DagBag from /home/airflow/.local/lib/python3.8/site-packages/airflow/example_dags/tutorial_taskflow_api_virtualenv.py
[2024-03-26T06:28:51.266+0000] {processor.py:839} INFO - DAG(s) dict_keys(['tutorial_taskflow_api_virtualenv']) retrieved from /home/airflow/.local/lib/python3.8/site-packages/airflow/example_dags/tutorial_taskflow_api_virtualenv.py
[2024-03-26T06:28:51.294+0000] {logging_mixin.py:151} INFO - [2024-03-26T06:28:51.294+0000] {dag.py:2915} INFO - Sync 1 DAGs
[2024-03-26T06:28:51.311+0000] {logging_mixin.py:151} INFO - [2024-03-26T06:28:51.311+0000] {dag.py:3696} INFO - Setting next_dagrun for tutorial_taskflow_api_virtualenv to None, run_after=None
[2024-03-26T06:28:51.348+0000] {processor.py:179} INFO - Processing /home/airflow/.local/lib/python3.8/site-packages/airflow/example_dags/tutorial_taskflow_api_virtualenv.py took 0.103 seconds
[2024-03-26T06:29:22.180+0000] {processor.py:157} INFO - Started process (PID=2098) to work on /home/airflow/.local/lib/python3.8/site-packages/airflow/example_dags/tutorial_taskflow_api_virtualenv.py
[2024-03-26T06:29:22.181+0000] {processor.py:829} INFO - Processing file /home/airflow/.local/lib/python3.8/site-packages/airflow/example_dags/tutorial_taskflow_api_virtualenv.py for tasks to queue
[2024-03-26T06:29:22.184+0000] {logging_mixin.py:151} INFO - [2024-03-26T06:29:22.184+0000] {dagbag.py:539} INFO - Filling up the DagBag from /home/airflow/.local/lib/python3.8/site-packages/airflow/example_dags/tutorial_taskflow_api_virtualenv.py
[2024-03-26T06:29:22.193+0000] {processor.py:839} INFO - DAG(s) dict_keys(['tutorial_taskflow_api_virtualenv']) retrieved from /home/airflow/.local/lib/python3.8/site-packages/airflow/example_dags/tutorial_taskflow_api_virtualenv.py
[2024-03-26T06:29:22.219+0000] {logging_mixin.py:151} INFO - [2024-03-26T06:29:22.219+0000] {dag.py:2915} INFO - Sync 1 DAGs
[2024-03-26T06:29:22.236+0000] {logging_mixin.py:151} INFO - [2024-03-26T06:29:22.236+0000] {dag.py:3696} INFO - Setting next_dagrun for tutorial_taskflow_api_virtualenv to None, run_after=None
[2024-03-26T06:29:22.279+0000] {processor.py:179} INFO - Processing /home/airflow/.local/lib/python3.8/site-packages/airflow/example_dags/tutorial_taskflow_api_virtualenv.py took 0.104 seconds
[2024-03-26T06:29:52.418+0000] {processor.py:157} INFO - Started process (PID=2152) to work on /home/airflow/.local/lib/python3.8/site-packages/airflow/example_dags/tutorial_taskflow_api_virtualenv.py
[2024-03-26T06:29:52.420+0000] {processor.py:829} INFO - Processing file /home/airflow/.local/lib/python3.8/site-packages/airflow/example_dags/tutorial_taskflow_api_virtualenv.py for tasks to queue
[2024-03-26T06:29:52.423+0000] {logging_mixin.py:151} INFO - [2024-03-26T06:29:52.423+0000] {dagbag.py:539} INFO - Filling up the DagBag from /home/airflow/.local/lib/python3.8/site-packages/airflow/example_dags/tutorial_taskflow_api_virtualenv.py
[2024-03-26T06:29:52.434+0000] {processor.py:839} INFO - DAG(s) dict_keys(['tutorial_taskflow_api_virtualenv']) retrieved from /home/airflow/.local/lib/python3.8/site-packages/airflow/example_dags/tutorial_taskflow_api_virtualenv.py
[2024-03-26T06:29:52.465+0000] {logging_mixin.py:151} INFO - [2024-03-26T06:29:52.465+0000] {dag.py:2915} INFO - Sync 1 DAGs
[2024-03-26T06:29:52.484+0000] {logging_mixin.py:151} INFO - [2024-03-26T06:29:52.484+0000] {dag.py:3696} INFO - Setting next_dagrun for tutorial_taskflow_api_virtualenv to None, run_after=None
[2024-03-26T06:29:52.526+0000] {processor.py:179} INFO - Processing /home/airflow/.local/lib/python3.8/site-packages/airflow/example_dags/tutorial_taskflow_api_virtualenv.py took 0.111 seconds
[2024-03-26T06:30:22.661+0000] {processor.py:157} INFO - Started process (PID=2206) to work on /home/airflow/.local/lib/python3.8/site-packages/airflow/example_dags/tutorial_taskflow_api_virtualenv.py
[2024-03-26T06:30:22.663+0000] {processor.py:829} INFO - Processing file /home/airflow/.local/lib/python3.8/site-packages/airflow/example_dags/tutorial_taskflow_api_virtualenv.py for tasks to queue
[2024-03-26T06:30:22.666+0000] {logging_mixin.py:151} INFO - [2024-03-26T06:30:22.666+0000] {dagbag.py:539} INFO - Filling up the DagBag from /home/airflow/.local/lib/python3.8/site-packages/airflow/example_dags/tutorial_taskflow_api_virtualenv.py
[2024-03-26T06:30:22.675+0000] {processor.py:839} INFO - DAG(s) dict_keys(['tutorial_taskflow_api_virtualenv']) retrieved from /home/airflow/.local/lib/python3.8/site-packages/airflow/example_dags/tutorial_taskflow_api_virtualenv.py
[2024-03-26T06:30:22.699+0000] {logging_mixin.py:151} INFO - [2024-03-26T06:30:22.699+0000] {dag.py:2915} INFO - Sync 1 DAGs
[2024-03-26T06:30:22.713+0000] {logging_mixin.py:151} INFO - [2024-03-26T06:30:22.713+0000] {dag.py:3696} INFO - Setting next_dagrun for tutorial_taskflow_api_virtualenv to None, run_after=None
[2024-03-26T06:30:22.746+0000] {processor.py:179} INFO - Processing /home/airflow/.local/lib/python3.8/site-packages/airflow/example_dags/tutorial_taskflow_api_virtualenv.py took 0.088 seconds
[2024-03-26T06:30:52.943+0000] {processor.py:157} INFO - Started process (PID=2259) to work on /home/airflow/.local/lib/python3.8/site-packages/airflow/example_dags/tutorial_taskflow_api_virtualenv.py
[2024-03-26T06:30:52.945+0000] {processor.py:829} INFO - Processing file /home/airflow/.local/lib/python3.8/site-packages/airflow/example_dags/tutorial_taskflow_api_virtualenv.py for tasks to queue
[2024-03-26T06:30:52.949+0000] {logging_mixin.py:151} INFO - [2024-03-26T06:30:52.948+0000] {dagbag.py:539} INFO - Filling up the DagBag from /home/airflow/.local/lib/python3.8/site-packages/airflow/example_dags/tutorial_taskflow_api_virtualenv.py
[2024-03-26T06:30:52.957+0000] {processor.py:839} INFO - DAG(s) dict_keys(['tutorial_taskflow_api_virtualenv']) retrieved from /home/airflow/.local/lib/python3.8/site-packages/airflow/example_dags/tutorial_taskflow_api_virtualenv.py
[2024-03-26T06:30:52.986+0000] {logging_mixin.py:151} INFO - [2024-03-26T06:30:52.986+0000] {dag.py:2915} INFO - Sync 1 DAGs
[2024-03-26T06:30:53.005+0000] {logging_mixin.py:151} INFO - [2024-03-26T06:30:53.004+0000] {dag.py:3696} INFO - Setting next_dagrun for tutorial_taskflow_api_virtualenv to None, run_after=None
[2024-03-26T06:30:53.030+0000] {processor.py:179} INFO - Processing /home/airflow/.local/lib/python3.8/site-packages/airflow/example_dags/tutorial_taskflow_api_virtualenv.py took 0.092 seconds
[2024-03-26T06:31:23.170+0000] {processor.py:157} INFO - Started process (PID=2313) to work on /home/airflow/.local/lib/python3.8/site-packages/airflow/example_dags/tutorial_taskflow_api_virtualenv.py
[2024-03-26T06:31:23.171+0000] {processor.py:829} INFO - Processing file /home/airflow/.local/lib/python3.8/site-packages/airflow/example_dags/tutorial_taskflow_api_virtualenv.py for tasks to queue
[2024-03-26T06:31:23.175+0000] {logging_mixin.py:151} INFO - [2024-03-26T06:31:23.174+0000] {dagbag.py:539} INFO - Filling up the DagBag from /home/airflow/.local/lib/python3.8/site-packages/airflow/example_dags/tutorial_taskflow_api_virtualenv.py
[2024-03-26T06:31:23.185+0000] {processor.py:839} INFO - DAG(s) dict_keys(['tutorial_taskflow_api_virtualenv']) retrieved from /home/airflow/.local/lib/python3.8/site-packages/airflow/example_dags/tutorial_taskflow_api_virtualenv.py
[2024-03-26T06:31:23.208+0000] {logging_mixin.py:151} INFO - [2024-03-26T06:31:23.207+0000] {dag.py:2915} INFO - Sync 1 DAGs
[2024-03-26T06:31:23.226+0000] {logging_mixin.py:151} INFO - [2024-03-26T06:31:23.225+0000] {dag.py:3696} INFO - Setting next_dagrun for tutorial_taskflow_api_virtualenv to None, run_after=None
[2024-03-26T06:31:23.259+0000] {processor.py:179} INFO - Processing /home/airflow/.local/lib/python3.8/site-packages/airflow/example_dags/tutorial_taskflow_api_virtualenv.py took 0.094 seconds
[2024-03-26T06:31:54.049+0000] {processor.py:157} INFO - Started process (PID=2367) to work on /home/airflow/.local/lib/python3.8/site-packages/airflow/example_dags/tutorial_taskflow_api_virtualenv.py
[2024-03-26T06:31:54.051+0000] {processor.py:829} INFO - Processing file /home/airflow/.local/lib/python3.8/site-packages/airflow/example_dags/tutorial_taskflow_api_virtualenv.py for tasks to queue
[2024-03-26T06:31:54.054+0000] {logging_mixin.py:151} INFO - [2024-03-26T06:31:54.054+0000] {dagbag.py:539} INFO - Filling up the DagBag from /home/airflow/.local/lib/python3.8/site-packages/airflow/example_dags/tutorial_taskflow_api_virtualenv.py
[2024-03-26T06:31:54.061+0000] {processor.py:839} INFO - DAG(s) dict_keys(['tutorial_taskflow_api_virtualenv']) retrieved from /home/airflow/.local/lib/python3.8/site-packages/airflow/example_dags/tutorial_taskflow_api_virtualenv.py
[2024-03-26T06:31:54.086+0000] {logging_mixin.py:151} INFO - [2024-03-26T06:31:54.086+0000] {dag.py:2915} INFO - Sync 1 DAGs
[2024-03-26T06:31:54.101+0000] {logging_mixin.py:151} INFO - [2024-03-26T06:31:54.101+0000] {dag.py:3696} INFO - Setting next_dagrun for tutorial_taskflow_api_virtualenv to None, run_after=None
[2024-03-26T06:31:54.126+0000] {processor.py:179} INFO - Processing /home/airflow/.local/lib/python3.8/site-packages/airflow/example_dags/tutorial_taskflow_api_virtualenv.py took 0.081 seconds
[2024-03-26T06:32:24.302+0000] {processor.py:157} INFO - Started process (PID=2421) to work on /home/airflow/.local/lib/python3.8/site-packages/airflow/example_dags/tutorial_taskflow_api_virtualenv.py
[2024-03-26T06:32:24.303+0000] {processor.py:829} INFO - Processing file /home/airflow/.local/lib/python3.8/site-packages/airflow/example_dags/tutorial_taskflow_api_virtualenv.py for tasks to queue
[2024-03-26T06:32:24.306+0000] {logging_mixin.py:151} INFO - [2024-03-26T06:32:24.305+0000] {dagbag.py:539} INFO - Filling up the DagBag from /home/airflow/.local/lib/python3.8/site-packages/airflow/example_dags/tutorial_taskflow_api_virtualenv.py
[2024-03-26T06:32:24.314+0000] {processor.py:839} INFO - DAG(s) dict_keys(['tutorial_taskflow_api_virtualenv']) retrieved from /home/airflow/.local/lib/python3.8/site-packages/airflow/example_dags/tutorial_taskflow_api_virtualenv.py
[2024-03-26T06:32:24.339+0000] {logging_mixin.py:151} INFO - [2024-03-26T06:32:24.339+0000] {dag.py:2915} INFO - Sync 1 DAGs
[2024-03-26T06:32:24.356+0000] {logging_mixin.py:151} INFO - [2024-03-26T06:32:24.355+0000] {dag.py:3696} INFO - Setting next_dagrun for tutorial_taskflow_api_virtualenv to None, run_after=None
[2024-03-26T06:32:24.391+0000] {processor.py:179} INFO - Processing /home/airflow/.local/lib/python3.8/site-packages/airflow/example_dags/tutorial_taskflow_api_virtualenv.py took 0.093 seconds
[2024-03-26T06:32:54.801+0000] {processor.py:157} INFO - Started process (PID=2475) to work on /home/airflow/.local/lib/python3.8/site-packages/airflow/example_dags/tutorial_taskflow_api_virtualenv.py
[2024-03-26T06:32:54.802+0000] {processor.py:829} INFO - Processing file /home/airflow/.local/lib/python3.8/site-packages/airflow/example_dags/tutorial_taskflow_api_virtualenv.py for tasks to queue
[2024-03-26T06:32:54.806+0000] {logging_mixin.py:151} INFO - [2024-03-26T06:32:54.806+0000] {dagbag.py:539} INFO - Filling up the DagBag from /home/airflow/.local/lib/python3.8/site-packages/airflow/example_dags/tutorial_taskflow_api_virtualenv.py
[2024-03-26T06:32:54.815+0000] {processor.py:839} INFO - DAG(s) dict_keys(['tutorial_taskflow_api_virtualenv']) retrieved from /home/airflow/.local/lib/python3.8/site-packages/airflow/example_dags/tutorial_taskflow_api_virtualenv.py
[2024-03-26T06:32:54.840+0000] {logging_mixin.py:151} INFO - [2024-03-26T06:32:54.840+0000] {dag.py:2915} INFO - Sync 1 DAGs
[2024-03-26T06:32:54.856+0000] {logging_mixin.py:151} INFO - [2024-03-26T06:32:54.856+0000] {dag.py:3696} INFO - Setting next_dagrun for tutorial_taskflow_api_virtualenv to None, run_after=None
[2024-03-26T06:32:54.884+0000] {processor.py:179} INFO - Processing /home/airflow/.local/lib/python3.8/site-packages/airflow/example_dags/tutorial_taskflow_api_virtualenv.py took 0.090 seconds
[2024-03-26T06:33:25.277+0000] {processor.py:157} INFO - Started process (PID=2529) to work on /home/airflow/.local/lib/python3.8/site-packages/airflow/example_dags/tutorial_taskflow_api_virtualenv.py
[2024-03-26T06:33:25.278+0000] {processor.py:829} INFO - Processing file /home/airflow/.local/lib/python3.8/site-packages/airflow/example_dags/tutorial_taskflow_api_virtualenv.py for tasks to queue
[2024-03-26T06:33:25.282+0000] {logging_mixin.py:151} INFO - [2024-03-26T06:33:25.281+0000] {dagbag.py:539} INFO - Filling up the DagBag from /home/airflow/.local/lib/python3.8/site-packages/airflow/example_dags/tutorial_taskflow_api_virtualenv.py
[2024-03-26T06:33:25.290+0000] {processor.py:839} INFO - DAG(s) dict_keys(['tutorial_taskflow_api_virtualenv']) retrieved from /home/airflow/.local/lib/python3.8/site-packages/airflow/example_dags/tutorial_taskflow_api_virtualenv.py
[2024-03-26T06:33:25.319+0000] {logging_mixin.py:151} INFO - [2024-03-26T06:33:25.319+0000] {dag.py:2915} INFO - Sync 1 DAGs
[2024-03-26T06:33:25.336+0000] {logging_mixin.py:151} INFO - [2024-03-26T06:33:25.335+0000] {dag.py:3696} INFO - Setting next_dagrun for tutorial_taskflow_api_virtualenv to None, run_after=None
[2024-03-26T06:33:25.372+0000] {processor.py:179} INFO - Processing /home/airflow/.local/lib/python3.8/site-packages/airflow/example_dags/tutorial_taskflow_api_virtualenv.py took 0.099 seconds
[2024-03-26T06:33:56.197+0000] {processor.py:157} INFO - Started process (PID=2583) to work on /home/airflow/.local/lib/python3.8/site-packages/airflow/example_dags/tutorial_taskflow_api_virtualenv.py
[2024-03-26T06:33:56.199+0000] {processor.py:829} INFO - Processing file /home/airflow/.local/lib/python3.8/site-packages/airflow/example_dags/tutorial_taskflow_api_virtualenv.py for tasks to queue
[2024-03-26T06:33:56.202+0000] {logging_mixin.py:151} INFO - [2024-03-26T06:33:56.202+0000] {dagbag.py:539} INFO - Filling up the DagBag from /home/airflow/.local/lib/python3.8/site-packages/airflow/example_dags/tutorial_taskflow_api_virtualenv.py
[2024-03-26T06:33:56.211+0000] {processor.py:839} INFO - DAG(s) dict_keys(['tutorial_taskflow_api_virtualenv']) retrieved from /home/airflow/.local/lib/python3.8/site-packages/airflow/example_dags/tutorial_taskflow_api_virtualenv.py
[2024-03-26T06:33:56.238+0000] {logging_mixin.py:151} INFO - [2024-03-26T06:33:56.238+0000] {dag.py:2915} INFO - Sync 1 DAGs
[2024-03-26T06:33:56.255+0000] {logging_mixin.py:151} INFO - [2024-03-26T06:33:56.255+0000] {dag.py:3696} INFO - Setting next_dagrun for tutorial_taskflow_api_virtualenv to None, run_after=None
[2024-03-26T06:33:56.293+0000] {processor.py:179} INFO - Processing /home/airflow/.local/lib/python3.8/site-packages/airflow/example_dags/tutorial_taskflow_api_virtualenv.py took 0.101 seconds
