[2024-03-26T06:03:58.334+0000] {processor.py:157} INFO - Started process (PID=44) to work on /home/airflow/.local/lib/python3.8/site-packages/airflow/example_dags/tutorial_dag.py
[2024-03-26T06:03:58.341+0000] {processor.py:829} INFO - Processing file /home/airflow/.local/lib/python3.8/site-packages/airflow/example_dags/tutorial_dag.py for tasks to queue
[2024-03-26T06:03:58.346+0000] {logging_mixin.py:151} INFO - [2024-03-26T06:03:58.346+0000] {dagbag.py:539} INFO - Filling up the DagBag from /home/airflow/.local/lib/python3.8/site-packages/airflow/example_dags/tutorial_dag.py
[2024-03-26T06:03:58.376+0000] {processor.py:839} INFO - DAG(s) dict_keys(['tutorial_dag']) retrieved from /home/airflow/.local/lib/python3.8/site-packages/airflow/example_dags/tutorial_dag.py
[2024-03-26T06:03:58.736+0000] {logging_mixin.py:151} INFO - [2024-03-26T06:03:58.736+0000] {manager.py:499} INFO - Created Permission View: %s
[2024-03-26T06:03:58.771+0000] {logging_mixin.py:151} INFO - [2024-03-26T06:03:58.771+0000] {manager.py:499} INFO - Created Permission View: %s
[2024-03-26T06:03:58.805+0000] {logging_mixin.py:151} INFO - [2024-03-26T06:03:58.804+0000] {manager.py:499} INFO - Created Permission View: %s
[2024-03-26T06:03:58.807+0000] {logging_mixin.py:151} INFO - [2024-03-26T06:03:58.806+0000] {security.py:708} INFO - Not syncing DAG-level permissions for DAG 'DAG:tutorial_dag' as access control is unset.
[2024-03-26T06:03:58.808+0000] {logging_mixin.py:151} INFO - [2024-03-26T06:03:58.808+0000] {dag.py:2915} INFO - Sync 1 DAGs
[2024-03-26T06:03:58.845+0000] {logging_mixin.py:151} INFO - [2024-03-26T06:03:58.845+0000] {dag.py:2937} INFO - Creating ORM DAG for tutorial_dag
[2024-03-26T06:03:58.847+0000] {logging_mixin.py:151} INFO - [2024-03-26T06:03:58.847+0000] {dag.py:3696} INFO - Setting next_dagrun for tutorial_dag to None, run_after=None
[2024-03-26T06:03:58.920+0000] {processor.py:179} INFO - Processing /home/airflow/.local/lib/python3.8/site-packages/airflow/example_dags/tutorial_dag.py took 0.596 seconds
[2024-03-26T06:04:28.987+0000] {processor.py:157} INFO - Started process (PID=98) to work on /home/airflow/.local/lib/python3.8/site-packages/airflow/example_dags/tutorial_dag.py
[2024-03-26T06:04:28.990+0000] {processor.py:829} INFO - Processing file /home/airflow/.local/lib/python3.8/site-packages/airflow/example_dags/tutorial_dag.py for tasks to queue
[2024-03-26T06:04:29.096+0000] {logging_mixin.py:151} INFO - [2024-03-26T06:04:29.096+0000] {dagbag.py:539} INFO - Filling up the DagBag from /home/airflow/.local/lib/python3.8/site-packages/airflow/example_dags/tutorial_dag.py
[2024-03-26T06:04:29.140+0000] {processor.py:839} INFO - DAG(s) dict_keys(['tutorial_dag']) retrieved from /home/airflow/.local/lib/python3.8/site-packages/airflow/example_dags/tutorial_dag.py
[2024-03-26T06:04:29.320+0000] {logging_mixin.py:151} INFO - [2024-03-26T06:04:29.319+0000] {dag.py:2915} INFO - Sync 1 DAGs
[2024-03-26T06:04:29.359+0000] {logging_mixin.py:151} INFO - [2024-03-26T06:04:29.358+0000] {dag.py:3696} INFO - Setting next_dagrun for tutorial_dag to None, run_after=None
[2024-03-26T06:04:29.407+0000] {processor.py:179} INFO - Processing /home/airflow/.local/lib/python3.8/site-packages/airflow/example_dags/tutorial_dag.py took 0.426 seconds
[2024-03-26T06:04:59.989+0000] {processor.py:157} INFO - Started process (PID=152) to work on /home/airflow/.local/lib/python3.8/site-packages/airflow/example_dags/tutorial_dag.py
[2024-03-26T06:04:59.992+0000] {processor.py:829} INFO - Processing file /home/airflow/.local/lib/python3.8/site-packages/airflow/example_dags/tutorial_dag.py for tasks to queue
[2024-03-26T06:04:59.996+0000] {logging_mixin.py:151} INFO - [2024-03-26T06:04:59.996+0000] {dagbag.py:539} INFO - Filling up the DagBag from /home/airflow/.local/lib/python3.8/site-packages/airflow/example_dags/tutorial_dag.py
[2024-03-26T06:05:00.004+0000] {processor.py:839} INFO - DAG(s) dict_keys(['tutorial_dag']) retrieved from /home/airflow/.local/lib/python3.8/site-packages/airflow/example_dags/tutorial_dag.py
[2024-03-26T06:05:00.046+0000] {logging_mixin.py:151} INFO - [2024-03-26T06:05:00.046+0000] {dag.py:2915} INFO - Sync 1 DAGs
[2024-03-26T06:05:00.079+0000] {logging_mixin.py:151} INFO - [2024-03-26T06:05:00.078+0000] {dag.py:3696} INFO - Setting next_dagrun for tutorial_dag to None, run_after=None
[2024-03-26T06:05:00.125+0000] {processor.py:179} INFO - Processing /home/airflow/.local/lib/python3.8/site-packages/airflow/example_dags/tutorial_dag.py took 0.143 seconds
[2024-03-26T06:05:30.667+0000] {processor.py:157} INFO - Started process (PID=206) to work on /home/airflow/.local/lib/python3.8/site-packages/airflow/example_dags/tutorial_dag.py
[2024-03-26T06:05:30.669+0000] {processor.py:829} INFO - Processing file /home/airflow/.local/lib/python3.8/site-packages/airflow/example_dags/tutorial_dag.py for tasks to queue
[2024-03-26T06:05:30.673+0000] {logging_mixin.py:151} INFO - [2024-03-26T06:05:30.672+0000] {dagbag.py:539} INFO - Filling up the DagBag from /home/airflow/.local/lib/python3.8/site-packages/airflow/example_dags/tutorial_dag.py
[2024-03-26T06:05:30.683+0000] {processor.py:839} INFO - DAG(s) dict_keys(['tutorial_dag']) retrieved from /home/airflow/.local/lib/python3.8/site-packages/airflow/example_dags/tutorial_dag.py
[2024-03-26T06:05:30.725+0000] {logging_mixin.py:151} INFO - [2024-03-26T06:05:30.725+0000] {dag.py:2915} INFO - Sync 1 DAGs
[2024-03-26T06:05:30.743+0000] {logging_mixin.py:151} INFO - [2024-03-26T06:05:30.743+0000] {dag.py:3696} INFO - Setting next_dagrun for tutorial_dag to None, run_after=None
[2024-03-26T06:05:30.778+0000] {processor.py:179} INFO - Processing /home/airflow/.local/lib/python3.8/site-packages/airflow/example_dags/tutorial_dag.py took 0.116 seconds
[2024-03-26T06:06:01.126+0000] {processor.py:157} INFO - Started process (PID=260) to work on /home/airflow/.local/lib/python3.8/site-packages/airflow/example_dags/tutorial_dag.py
[2024-03-26T06:06:01.129+0000] {processor.py:829} INFO - Processing file /home/airflow/.local/lib/python3.8/site-packages/airflow/example_dags/tutorial_dag.py for tasks to queue
[2024-03-26T06:06:01.137+0000] {logging_mixin.py:151} INFO - [2024-03-26T06:06:01.136+0000] {dagbag.py:539} INFO - Filling up the DagBag from /home/airflow/.local/lib/python3.8/site-packages/airflow/example_dags/tutorial_dag.py
[2024-03-26T06:06:01.152+0000] {processor.py:839} INFO - DAG(s) dict_keys(['tutorial_dag']) retrieved from /home/airflow/.local/lib/python3.8/site-packages/airflow/example_dags/tutorial_dag.py
[2024-03-26T06:06:01.197+0000] {logging_mixin.py:151} INFO - [2024-03-26T06:06:01.197+0000] {dag.py:2915} INFO - Sync 1 DAGs
[2024-03-26T06:06:01.224+0000] {logging_mixin.py:151} INFO - [2024-03-26T06:06:01.224+0000] {dag.py:3696} INFO - Setting next_dagrun for tutorial_dag to None, run_after=None
[2024-03-26T06:06:01.259+0000] {processor.py:179} INFO - Processing /home/airflow/.local/lib/python3.8/site-packages/airflow/example_dags/tutorial_dag.py took 0.141 seconds
[2024-03-26T06:06:31.892+0000] {processor.py:157} INFO - Started process (PID=314) to work on /home/airflow/.local/lib/python3.8/site-packages/airflow/example_dags/tutorial_dag.py
[2024-03-26T06:06:31.894+0000] {processor.py:829} INFO - Processing file /home/airflow/.local/lib/python3.8/site-packages/airflow/example_dags/tutorial_dag.py for tasks to queue
[2024-03-26T06:06:31.899+0000] {logging_mixin.py:151} INFO - [2024-03-26T06:06:31.898+0000] {dagbag.py:539} INFO - Filling up the DagBag from /home/airflow/.local/lib/python3.8/site-packages/airflow/example_dags/tutorial_dag.py
[2024-03-26T06:06:31.917+0000] {processor.py:839} INFO - DAG(s) dict_keys(['tutorial_dag']) retrieved from /home/airflow/.local/lib/python3.8/site-packages/airflow/example_dags/tutorial_dag.py
[2024-03-26T06:06:31.985+0000] {logging_mixin.py:151} INFO - [2024-03-26T06:06:31.982+0000] {dag.py:2915} INFO - Sync 1 DAGs
[2024-03-26T06:06:32.016+0000] {logging_mixin.py:151} INFO - [2024-03-26T06:06:32.015+0000] {dag.py:3696} INFO - Setting next_dagrun for tutorial_dag to None, run_after=None
[2024-03-26T06:06:32.071+0000] {processor.py:179} INFO - Processing /home/airflow/.local/lib/python3.8/site-packages/airflow/example_dags/tutorial_dag.py took 0.190 seconds
[2024-03-26T06:07:02.280+0000] {processor.py:157} INFO - Started process (PID=367) to work on /home/airflow/.local/lib/python3.8/site-packages/airflow/example_dags/tutorial_dag.py
[2024-03-26T06:07:02.282+0000] {processor.py:829} INFO - Processing file /home/airflow/.local/lib/python3.8/site-packages/airflow/example_dags/tutorial_dag.py for tasks to queue
[2024-03-26T06:07:02.285+0000] {logging_mixin.py:151} INFO - [2024-03-26T06:07:02.285+0000] {dagbag.py:539} INFO - Filling up the DagBag from /home/airflow/.local/lib/python3.8/site-packages/airflow/example_dags/tutorial_dag.py
[2024-03-26T06:07:02.293+0000] {processor.py:839} INFO - DAG(s) dict_keys(['tutorial_dag']) retrieved from /home/airflow/.local/lib/python3.8/site-packages/airflow/example_dags/tutorial_dag.py
[2024-03-26T06:07:02.328+0000] {logging_mixin.py:151} INFO - [2024-03-26T06:07:02.327+0000] {dag.py:2915} INFO - Sync 1 DAGs
[2024-03-26T06:07:02.353+0000] {logging_mixin.py:151} INFO - [2024-03-26T06:07:02.352+0000] {dag.py:3696} INFO - Setting next_dagrun for tutorial_dag to None, run_after=None
[2024-03-26T06:07:02.392+0000] {processor.py:179} INFO - Processing /home/airflow/.local/lib/python3.8/site-packages/airflow/example_dags/tutorial_dag.py took 0.116 seconds
[2024-03-26T06:07:32.537+0000] {processor.py:157} INFO - Started process (PID=421) to work on /home/airflow/.local/lib/python3.8/site-packages/airflow/example_dags/tutorial_dag.py
[2024-03-26T06:07:32.539+0000] {processor.py:829} INFO - Processing file /home/airflow/.local/lib/python3.8/site-packages/airflow/example_dags/tutorial_dag.py for tasks to queue
[2024-03-26T06:07:32.542+0000] {logging_mixin.py:151} INFO - [2024-03-26T06:07:32.541+0000] {dagbag.py:539} INFO - Filling up the DagBag from /home/airflow/.local/lib/python3.8/site-packages/airflow/example_dags/tutorial_dag.py
[2024-03-26T06:07:32.549+0000] {processor.py:839} INFO - DAG(s) dict_keys(['tutorial_dag']) retrieved from /home/airflow/.local/lib/python3.8/site-packages/airflow/example_dags/tutorial_dag.py
[2024-03-26T06:07:32.576+0000] {logging_mixin.py:151} INFO - [2024-03-26T06:07:32.575+0000] {dag.py:2915} INFO - Sync 1 DAGs
[2024-03-26T06:07:32.591+0000] {logging_mixin.py:151} INFO - [2024-03-26T06:07:32.591+0000] {dag.py:3696} INFO - Setting next_dagrun for tutorial_dag to None, run_after=None
[2024-03-26T06:07:32.616+0000] {processor.py:179} INFO - Processing /home/airflow/.local/lib/python3.8/site-packages/airflow/example_dags/tutorial_dag.py took 0.083 seconds
[2024-03-26T06:08:03.157+0000] {processor.py:157} INFO - Started process (PID=475) to work on /home/airflow/.local/lib/python3.8/site-packages/airflow/example_dags/tutorial_dag.py
[2024-03-26T06:08:03.158+0000] {processor.py:829} INFO - Processing file /home/airflow/.local/lib/python3.8/site-packages/airflow/example_dags/tutorial_dag.py for tasks to queue
[2024-03-26T06:08:03.162+0000] {logging_mixin.py:151} INFO - [2024-03-26T06:08:03.161+0000] {dagbag.py:539} INFO - Filling up the DagBag from /home/airflow/.local/lib/python3.8/site-packages/airflow/example_dags/tutorial_dag.py
[2024-03-26T06:08:03.170+0000] {processor.py:839} INFO - DAG(s) dict_keys(['tutorial_dag']) retrieved from /home/airflow/.local/lib/python3.8/site-packages/airflow/example_dags/tutorial_dag.py
[2024-03-26T06:08:03.195+0000] {logging_mixin.py:151} INFO - [2024-03-26T06:08:03.194+0000] {dag.py:2915} INFO - Sync 1 DAGs
[2024-03-26T06:08:03.208+0000] {logging_mixin.py:151} INFO - [2024-03-26T06:08:03.208+0000] {dag.py:3696} INFO - Setting next_dagrun for tutorial_dag to None, run_after=None
[2024-03-26T06:08:03.228+0000] {processor.py:179} INFO - Processing /home/airflow/.local/lib/python3.8/site-packages/airflow/example_dags/tutorial_dag.py took 0.076 seconds
[2024-03-26T06:08:33.430+0000] {processor.py:157} INFO - Started process (PID=529) to work on /home/airflow/.local/lib/python3.8/site-packages/airflow/example_dags/tutorial_dag.py
[2024-03-26T06:08:33.432+0000] {processor.py:829} INFO - Processing file /home/airflow/.local/lib/python3.8/site-packages/airflow/example_dags/tutorial_dag.py for tasks to queue
[2024-03-26T06:08:33.435+0000] {logging_mixin.py:151} INFO - [2024-03-26T06:08:33.435+0000] {dagbag.py:539} INFO - Filling up the DagBag from /home/airflow/.local/lib/python3.8/site-packages/airflow/example_dags/tutorial_dag.py
[2024-03-26T06:08:33.441+0000] {processor.py:839} INFO - DAG(s) dict_keys(['tutorial_dag']) retrieved from /home/airflow/.local/lib/python3.8/site-packages/airflow/example_dags/tutorial_dag.py
[2024-03-26T06:08:33.465+0000] {logging_mixin.py:151} INFO - [2024-03-26T06:08:33.465+0000] {dag.py:2915} INFO - Sync 1 DAGs
[2024-03-26T06:08:33.478+0000] {logging_mixin.py:151} INFO - [2024-03-26T06:08:33.478+0000] {dag.py:3696} INFO - Setting next_dagrun for tutorial_dag to None, run_after=None
[2024-03-26T06:08:33.499+0000] {processor.py:179} INFO - Processing /home/airflow/.local/lib/python3.8/site-packages/airflow/example_dags/tutorial_dag.py took 0.073 seconds
[2024-03-26T06:09:03.783+0000] {processor.py:157} INFO - Started process (PID=583) to work on /home/airflow/.local/lib/python3.8/site-packages/airflow/example_dags/tutorial_dag.py
[2024-03-26T06:09:03.784+0000] {processor.py:829} INFO - Processing file /home/airflow/.local/lib/python3.8/site-packages/airflow/example_dags/tutorial_dag.py for tasks to queue
[2024-03-26T06:09:03.787+0000] {logging_mixin.py:151} INFO - [2024-03-26T06:09:03.787+0000] {dagbag.py:539} INFO - Filling up the DagBag from /home/airflow/.local/lib/python3.8/site-packages/airflow/example_dags/tutorial_dag.py
[2024-03-26T06:09:03.794+0000] {processor.py:839} INFO - DAG(s) dict_keys(['tutorial_dag']) retrieved from /home/airflow/.local/lib/python3.8/site-packages/airflow/example_dags/tutorial_dag.py
[2024-03-26T06:09:03.824+0000] {logging_mixin.py:151} INFO - [2024-03-26T06:09:03.824+0000] {dag.py:2915} INFO - Sync 1 DAGs
[2024-03-26T06:09:03.842+0000] {logging_mixin.py:151} INFO - [2024-03-26T06:09:03.842+0000] {dag.py:3696} INFO - Setting next_dagrun for tutorial_dag to None, run_after=None
[2024-03-26T06:09:03.867+0000] {processor.py:179} INFO - Processing /home/airflow/.local/lib/python3.8/site-packages/airflow/example_dags/tutorial_dag.py took 0.088 seconds
[2024-03-26T06:09:34.465+0000] {processor.py:157} INFO - Started process (PID=635) to work on /home/airflow/.local/lib/python3.8/site-packages/airflow/example_dags/tutorial_dag.py
[2024-03-26T06:09:34.466+0000] {processor.py:829} INFO - Processing file /home/airflow/.local/lib/python3.8/site-packages/airflow/example_dags/tutorial_dag.py for tasks to queue
[2024-03-26T06:09:34.470+0000] {logging_mixin.py:151} INFO - [2024-03-26T06:09:34.470+0000] {dagbag.py:539} INFO - Filling up the DagBag from /home/airflow/.local/lib/python3.8/site-packages/airflow/example_dags/tutorial_dag.py
[2024-03-26T06:09:34.477+0000] {processor.py:839} INFO - DAG(s) dict_keys(['tutorial_dag']) retrieved from /home/airflow/.local/lib/python3.8/site-packages/airflow/example_dags/tutorial_dag.py
[2024-03-26T06:09:34.506+0000] {logging_mixin.py:151} INFO - [2024-03-26T06:09:34.506+0000] {dag.py:2915} INFO - Sync 1 DAGs
[2024-03-26T06:09:34.522+0000] {logging_mixin.py:151} INFO - [2024-03-26T06:09:34.521+0000] {dag.py:3696} INFO - Setting next_dagrun for tutorial_dag to None, run_after=None
[2024-03-26T06:09:34.546+0000] {processor.py:179} INFO - Processing /home/airflow/.local/lib/python3.8/site-packages/airflow/example_dags/tutorial_dag.py took 0.085 seconds
[2024-03-26T06:10:05.274+0000] {processor.py:157} INFO - Started process (PID=689) to work on /home/airflow/.local/lib/python3.8/site-packages/airflow/example_dags/tutorial_dag.py
[2024-03-26T06:10:05.276+0000] {processor.py:829} INFO - Processing file /home/airflow/.local/lib/python3.8/site-packages/airflow/example_dags/tutorial_dag.py for tasks to queue
[2024-03-26T06:10:05.279+0000] {logging_mixin.py:151} INFO - [2024-03-26T06:10:05.279+0000] {dagbag.py:539} INFO - Filling up the DagBag from /home/airflow/.local/lib/python3.8/site-packages/airflow/example_dags/tutorial_dag.py
[2024-03-26T06:10:05.285+0000] {processor.py:839} INFO - DAG(s) dict_keys(['tutorial_dag']) retrieved from /home/airflow/.local/lib/python3.8/site-packages/airflow/example_dags/tutorial_dag.py
[2024-03-26T06:10:05.310+0000] {logging_mixin.py:151} INFO - [2024-03-26T06:10:05.310+0000] {dag.py:2915} INFO - Sync 1 DAGs
[2024-03-26T06:10:05.326+0000] {logging_mixin.py:151} INFO - [2024-03-26T06:10:05.325+0000] {dag.py:3696} INFO - Setting next_dagrun for tutorial_dag to None, run_after=None
[2024-03-26T06:10:05.350+0000] {processor.py:179} INFO - Processing /home/airflow/.local/lib/python3.8/site-packages/airflow/example_dags/tutorial_dag.py took 0.080 seconds
[2024-03-26T06:10:35.797+0000] {processor.py:157} INFO - Started process (PID=743) to work on /home/airflow/.local/lib/python3.8/site-packages/airflow/example_dags/tutorial_dag.py
[2024-03-26T06:10:35.799+0000] {processor.py:829} INFO - Processing file /home/airflow/.local/lib/python3.8/site-packages/airflow/example_dags/tutorial_dag.py for tasks to queue
[2024-03-26T06:10:35.802+0000] {logging_mixin.py:151} INFO - [2024-03-26T06:10:35.802+0000] {dagbag.py:539} INFO - Filling up the DagBag from /home/airflow/.local/lib/python3.8/site-packages/airflow/example_dags/tutorial_dag.py
[2024-03-26T06:10:35.809+0000] {processor.py:839} INFO - DAG(s) dict_keys(['tutorial_dag']) retrieved from /home/airflow/.local/lib/python3.8/site-packages/airflow/example_dags/tutorial_dag.py
[2024-03-26T06:10:35.841+0000] {logging_mixin.py:151} INFO - [2024-03-26T06:10:35.841+0000] {dag.py:2915} INFO - Sync 1 DAGs
[2024-03-26T06:10:35.861+0000] {logging_mixin.py:151} INFO - [2024-03-26T06:10:35.861+0000] {dag.py:3696} INFO - Setting next_dagrun for tutorial_dag to None, run_after=None
[2024-03-26T06:10:35.897+0000] {processor.py:179} INFO - Processing /home/airflow/.local/lib/python3.8/site-packages/airflow/example_dags/tutorial_dag.py took 0.104 seconds
[2024-03-26T06:11:06.302+0000] {processor.py:157} INFO - Started process (PID=797) to work on /home/airflow/.local/lib/python3.8/site-packages/airflow/example_dags/tutorial_dag.py
[2024-03-26T06:11:06.303+0000] {processor.py:829} INFO - Processing file /home/airflow/.local/lib/python3.8/site-packages/airflow/example_dags/tutorial_dag.py for tasks to queue
[2024-03-26T06:11:06.307+0000] {logging_mixin.py:151} INFO - [2024-03-26T06:11:06.306+0000] {dagbag.py:539} INFO - Filling up the DagBag from /home/airflow/.local/lib/python3.8/site-packages/airflow/example_dags/tutorial_dag.py
[2024-03-26T06:11:06.313+0000] {processor.py:839} INFO - DAG(s) dict_keys(['tutorial_dag']) retrieved from /home/airflow/.local/lib/python3.8/site-packages/airflow/example_dags/tutorial_dag.py
[2024-03-26T06:11:06.337+0000] {logging_mixin.py:151} INFO - [2024-03-26T06:11:06.336+0000] {dag.py:2915} INFO - Sync 1 DAGs
[2024-03-26T06:11:06.352+0000] {logging_mixin.py:151} INFO - [2024-03-26T06:11:06.352+0000] {dag.py:3696} INFO - Setting next_dagrun for tutorial_dag to None, run_after=None
[2024-03-26T06:11:06.378+0000] {processor.py:179} INFO - Processing /home/airflow/.local/lib/python3.8/site-packages/airflow/example_dags/tutorial_dag.py took 0.080 seconds
[2024-03-26T06:11:37.305+0000] {processor.py:157} INFO - Started process (PID=851) to work on /home/airflow/.local/lib/python3.8/site-packages/airflow/example_dags/tutorial_dag.py
[2024-03-26T06:11:37.306+0000] {processor.py:829} INFO - Processing file /home/airflow/.local/lib/python3.8/site-packages/airflow/example_dags/tutorial_dag.py for tasks to queue
[2024-03-26T06:11:37.310+0000] {logging_mixin.py:151} INFO - [2024-03-26T06:11:37.309+0000] {dagbag.py:539} INFO - Filling up the DagBag from /home/airflow/.local/lib/python3.8/site-packages/airflow/example_dags/tutorial_dag.py
[2024-03-26T06:11:37.317+0000] {processor.py:839} INFO - DAG(s) dict_keys(['tutorial_dag']) retrieved from /home/airflow/.local/lib/python3.8/site-packages/airflow/example_dags/tutorial_dag.py
[2024-03-26T06:11:37.347+0000] {logging_mixin.py:151} INFO - [2024-03-26T06:11:37.347+0000] {dag.py:2915} INFO - Sync 1 DAGs
[2024-03-26T06:11:37.367+0000] {logging_mixin.py:151} INFO - [2024-03-26T06:11:37.367+0000] {dag.py:3696} INFO - Setting next_dagrun for tutorial_dag to None, run_after=None
[2024-03-26T06:11:37.394+0000] {processor.py:179} INFO - Processing /home/airflow/.local/lib/python3.8/site-packages/airflow/example_dags/tutorial_dag.py took 0.093 seconds
[2024-03-26T06:12:08.133+0000] {processor.py:157} INFO - Started process (PID=905) to work on /home/airflow/.local/lib/python3.8/site-packages/airflow/example_dags/tutorial_dag.py
[2024-03-26T06:12:08.135+0000] {processor.py:829} INFO - Processing file /home/airflow/.local/lib/python3.8/site-packages/airflow/example_dags/tutorial_dag.py for tasks to queue
[2024-03-26T06:12:08.138+0000] {logging_mixin.py:151} INFO - [2024-03-26T06:12:08.138+0000] {dagbag.py:539} INFO - Filling up the DagBag from /home/airflow/.local/lib/python3.8/site-packages/airflow/example_dags/tutorial_dag.py
[2024-03-26T06:12:08.145+0000] {processor.py:839} INFO - DAG(s) dict_keys(['tutorial_dag']) retrieved from /home/airflow/.local/lib/python3.8/site-packages/airflow/example_dags/tutorial_dag.py
[2024-03-26T06:12:08.171+0000] {logging_mixin.py:151} INFO - [2024-03-26T06:12:08.170+0000] {dag.py:2915} INFO - Sync 1 DAGs
[2024-03-26T06:12:08.186+0000] {logging_mixin.py:151} INFO - [2024-03-26T06:12:08.186+0000] {dag.py:3696} INFO - Setting next_dagrun for tutorial_dag to None, run_after=None
[2024-03-26T06:12:08.208+0000] {processor.py:179} INFO - Processing /home/airflow/.local/lib/python3.8/site-packages/airflow/example_dags/tutorial_dag.py took 0.079 seconds
[2024-03-26T06:12:38.788+0000] {processor.py:157} INFO - Started process (PID=959) to work on /home/airflow/.local/lib/python3.8/site-packages/airflow/example_dags/tutorial_dag.py
[2024-03-26T06:12:38.789+0000] {processor.py:829} INFO - Processing file /home/airflow/.local/lib/python3.8/site-packages/airflow/example_dags/tutorial_dag.py for tasks to queue
[2024-03-26T06:12:38.792+0000] {logging_mixin.py:151} INFO - [2024-03-26T06:12:38.792+0000] {dagbag.py:539} INFO - Filling up the DagBag from /home/airflow/.local/lib/python3.8/site-packages/airflow/example_dags/tutorial_dag.py
[2024-03-26T06:12:38.798+0000] {processor.py:839} INFO - DAG(s) dict_keys(['tutorial_dag']) retrieved from /home/airflow/.local/lib/python3.8/site-packages/airflow/example_dags/tutorial_dag.py
[2024-03-26T06:12:38.824+0000] {logging_mixin.py:151} INFO - [2024-03-26T06:12:38.824+0000] {dag.py:2915} INFO - Sync 1 DAGs
[2024-03-26T06:12:38.841+0000] {logging_mixin.py:151} INFO - [2024-03-26T06:12:38.840+0000] {dag.py:3696} INFO - Setting next_dagrun for tutorial_dag to None, run_after=None
[2024-03-26T06:12:38.862+0000] {processor.py:179} INFO - Processing /home/airflow/.local/lib/python3.8/site-packages/airflow/example_dags/tutorial_dag.py took 0.078 seconds
[2024-03-26T06:19:04.483+0000] {processor.py:157} INFO - Started process (PID=993) to work on /home/airflow/.local/lib/python3.8/site-packages/airflow/example_dags/tutorial_dag.py
[2024-03-26T06:19:04.496+0000] {processor.py:829} INFO - Processing file /home/airflow/.local/lib/python3.8/site-packages/airflow/example_dags/tutorial_dag.py for tasks to queue
[2024-03-26T06:19:04.525+0000] {logging_mixin.py:151} INFO - [2024-03-26T06:19:04.524+0000] {dagbag.py:539} INFO - Filling up the DagBag from /home/airflow/.local/lib/python3.8/site-packages/airflow/example_dags/tutorial_dag.py
[2024-03-26T06:19:04.611+0000] {processor.py:839} INFO - DAG(s) dict_keys(['tutorial_dag']) retrieved from /home/airflow/.local/lib/python3.8/site-packages/airflow/example_dags/tutorial_dag.py
[2024-03-26T06:19:04.975+0000] {logging_mixin.py:151} INFO - [2024-03-26T06:19:04.975+0000] {dag.py:2915} INFO - Sync 1 DAGs
[2024-03-26T06:19:05.076+0000] {logging_mixin.py:151} INFO - [2024-03-26T06:19:05.075+0000] {dag.py:3696} INFO - Setting next_dagrun for tutorial_dag to None, run_after=None
[2024-03-26T06:19:05.131+0000] {processor.py:179} INFO - Processing /home/airflow/.local/lib/python3.8/site-packages/airflow/example_dags/tutorial_dag.py took 0.738 seconds
[2024-03-26T06:19:35.783+0000] {processor.py:157} INFO - Started process (PID=1047) to work on /home/airflow/.local/lib/python3.8/site-packages/airflow/example_dags/tutorial_dag.py
[2024-03-26T06:19:35.785+0000] {processor.py:829} INFO - Processing file /home/airflow/.local/lib/python3.8/site-packages/airflow/example_dags/tutorial_dag.py for tasks to queue
[2024-03-26T06:19:35.788+0000] {logging_mixin.py:151} INFO - [2024-03-26T06:19:35.788+0000] {dagbag.py:539} INFO - Filling up the DagBag from /home/airflow/.local/lib/python3.8/site-packages/airflow/example_dags/tutorial_dag.py
[2024-03-26T06:19:35.795+0000] {processor.py:839} INFO - DAG(s) dict_keys(['tutorial_dag']) retrieved from /home/airflow/.local/lib/python3.8/site-packages/airflow/example_dags/tutorial_dag.py
[2024-03-26T06:19:35.821+0000] {logging_mixin.py:151} INFO - [2024-03-26T06:19:35.821+0000] {dag.py:2915} INFO - Sync 1 DAGs
[2024-03-26T06:19:35.836+0000] {logging_mixin.py:151} INFO - [2024-03-26T06:19:35.835+0000] {dag.py:3696} INFO - Setting next_dagrun for tutorial_dag to None, run_after=None
[2024-03-26T06:19:35.972+0000] {processor.py:179} INFO - Processing /home/airflow/.local/lib/python3.8/site-packages/airflow/example_dags/tutorial_dag.py took 0.193 seconds
[2024-03-26T06:20:06.082+0000] {processor.py:157} INFO - Started process (PID=1100) to work on /home/airflow/.local/lib/python3.8/site-packages/airflow/example_dags/tutorial_dag.py
[2024-03-26T06:20:06.084+0000] {processor.py:829} INFO - Processing file /home/airflow/.local/lib/python3.8/site-packages/airflow/example_dags/tutorial_dag.py for tasks to queue
[2024-03-26T06:20:06.087+0000] {logging_mixin.py:151} INFO - [2024-03-26T06:20:06.087+0000] {dagbag.py:539} INFO - Filling up the DagBag from /home/airflow/.local/lib/python3.8/site-packages/airflow/example_dags/tutorial_dag.py
[2024-03-26T06:20:06.094+0000] {processor.py:839} INFO - DAG(s) dict_keys(['tutorial_dag']) retrieved from /home/airflow/.local/lib/python3.8/site-packages/airflow/example_dags/tutorial_dag.py
[2024-03-26T06:20:06.121+0000] {logging_mixin.py:151} INFO - [2024-03-26T06:20:06.120+0000] {dag.py:2915} INFO - Sync 1 DAGs
[2024-03-26T06:20:06.135+0000] {logging_mixin.py:151} INFO - [2024-03-26T06:20:06.134+0000] {dag.py:3696} INFO - Setting next_dagrun for tutorial_dag to None, run_after=None
[2024-03-26T06:20:06.158+0000] {processor.py:179} INFO - Processing /home/airflow/.local/lib/python3.8/site-packages/airflow/example_dags/tutorial_dag.py took 0.081 seconds
[2024-03-26T06:20:36.630+0000] {processor.py:157} INFO - Started process (PID=1155) to work on /home/airflow/.local/lib/python3.8/site-packages/airflow/example_dags/tutorial_dag.py
[2024-03-26T06:20:36.632+0000] {processor.py:829} INFO - Processing file /home/airflow/.local/lib/python3.8/site-packages/airflow/example_dags/tutorial_dag.py for tasks to queue
[2024-03-26T06:20:36.635+0000] {logging_mixin.py:151} INFO - [2024-03-26T06:20:36.635+0000] {dagbag.py:539} INFO - Filling up the DagBag from /home/airflow/.local/lib/python3.8/site-packages/airflow/example_dags/tutorial_dag.py
[2024-03-26T06:20:36.641+0000] {processor.py:839} INFO - DAG(s) dict_keys(['tutorial_dag']) retrieved from /home/airflow/.local/lib/python3.8/site-packages/airflow/example_dags/tutorial_dag.py
[2024-03-26T06:20:36.665+0000] {logging_mixin.py:151} INFO - [2024-03-26T06:20:36.665+0000] {dag.py:2915} INFO - Sync 1 DAGs
[2024-03-26T06:20:36.679+0000] {logging_mixin.py:151} INFO - [2024-03-26T06:20:36.679+0000] {dag.py:3696} INFO - Setting next_dagrun for tutorial_dag to None, run_after=None
[2024-03-26T06:20:36.708+0000] {processor.py:179} INFO - Processing /home/airflow/.local/lib/python3.8/site-packages/airflow/example_dags/tutorial_dag.py took 0.084 seconds
[2024-03-26T06:21:06.905+0000] {processor.py:157} INFO - Started process (PID=1208) to work on /home/airflow/.local/lib/python3.8/site-packages/airflow/example_dags/tutorial_dag.py
[2024-03-26T06:21:06.907+0000] {processor.py:829} INFO - Processing file /home/airflow/.local/lib/python3.8/site-packages/airflow/example_dags/tutorial_dag.py for tasks to queue
[2024-03-26T06:21:06.910+0000] {logging_mixin.py:151} INFO - [2024-03-26T06:21:06.910+0000] {dagbag.py:539} INFO - Filling up the DagBag from /home/airflow/.local/lib/python3.8/site-packages/airflow/example_dags/tutorial_dag.py
[2024-03-26T06:21:06.918+0000] {processor.py:839} INFO - DAG(s) dict_keys(['tutorial_dag']) retrieved from /home/airflow/.local/lib/python3.8/site-packages/airflow/example_dags/tutorial_dag.py
[2024-03-26T06:21:06.943+0000] {logging_mixin.py:151} INFO - [2024-03-26T06:21:06.943+0000] {dag.py:2915} INFO - Sync 1 DAGs
[2024-03-26T06:21:06.957+0000] {logging_mixin.py:151} INFO - [2024-03-26T06:21:06.957+0000] {dag.py:3696} INFO - Setting next_dagrun for tutorial_dag to None, run_after=None
[2024-03-26T06:21:06.990+0000] {processor.py:179} INFO - Processing /home/airflow/.local/lib/python3.8/site-packages/airflow/example_dags/tutorial_dag.py took 0.090 seconds
[2024-03-26T06:21:37.094+0000] {processor.py:157} INFO - Started process (PID=1262) to work on /home/airflow/.local/lib/python3.8/site-packages/airflow/example_dags/tutorial_dag.py
[2024-03-26T06:21:37.096+0000] {processor.py:829} INFO - Processing file /home/airflow/.local/lib/python3.8/site-packages/airflow/example_dags/tutorial_dag.py for tasks to queue
[2024-03-26T06:21:37.100+0000] {logging_mixin.py:151} INFO - [2024-03-26T06:21:37.100+0000] {dagbag.py:539} INFO - Filling up the DagBag from /home/airflow/.local/lib/python3.8/site-packages/airflow/example_dags/tutorial_dag.py
[2024-03-26T06:21:37.107+0000] {processor.py:839} INFO - DAG(s) dict_keys(['tutorial_dag']) retrieved from /home/airflow/.local/lib/python3.8/site-packages/airflow/example_dags/tutorial_dag.py
[2024-03-26T06:21:37.139+0000] {logging_mixin.py:151} INFO - [2024-03-26T06:21:37.138+0000] {dag.py:2915} INFO - Sync 1 DAGs
[2024-03-26T06:21:37.159+0000] {logging_mixin.py:151} INFO - [2024-03-26T06:21:37.159+0000] {dag.py:3696} INFO - Setting next_dagrun for tutorial_dag to None, run_after=None
[2024-03-26T06:21:37.196+0000] {processor.py:179} INFO - Processing /home/airflow/.local/lib/python3.8/site-packages/airflow/example_dags/tutorial_dag.py took 0.107 seconds
[2024-03-26T06:22:07.704+0000] {processor.py:157} INFO - Started process (PID=1316) to work on /home/airflow/.local/lib/python3.8/site-packages/airflow/example_dags/tutorial_dag.py
[2024-03-26T06:22:07.705+0000] {processor.py:829} INFO - Processing file /home/airflow/.local/lib/python3.8/site-packages/airflow/example_dags/tutorial_dag.py for tasks to queue
[2024-03-26T06:22:07.709+0000] {logging_mixin.py:151} INFO - [2024-03-26T06:22:07.708+0000] {dagbag.py:539} INFO - Filling up the DagBag from /home/airflow/.local/lib/python3.8/site-packages/airflow/example_dags/tutorial_dag.py
[2024-03-26T06:22:07.714+0000] {processor.py:839} INFO - DAG(s) dict_keys(['tutorial_dag']) retrieved from /home/airflow/.local/lib/python3.8/site-packages/airflow/example_dags/tutorial_dag.py
[2024-03-26T06:22:07.739+0000] {logging_mixin.py:151} INFO - [2024-03-26T06:22:07.738+0000] {dag.py:2915} INFO - Sync 1 DAGs
[2024-03-26T06:22:07.752+0000] {logging_mixin.py:151} INFO - [2024-03-26T06:22:07.752+0000] {dag.py:3696} INFO - Setting next_dagrun for tutorial_dag to None, run_after=None
[2024-03-26T06:22:07.785+0000] {processor.py:179} INFO - Processing /home/airflow/.local/lib/python3.8/site-packages/airflow/example_dags/tutorial_dag.py took 0.085 seconds
[2024-03-26T06:22:38.176+0000] {processor.py:157} INFO - Started process (PID=1370) to work on /home/airflow/.local/lib/python3.8/site-packages/airflow/example_dags/tutorial_dag.py
[2024-03-26T06:22:38.178+0000] {processor.py:829} INFO - Processing file /home/airflow/.local/lib/python3.8/site-packages/airflow/example_dags/tutorial_dag.py for tasks to queue
[2024-03-26T06:22:38.180+0000] {logging_mixin.py:151} INFO - [2024-03-26T06:22:38.180+0000] {dagbag.py:539} INFO - Filling up the DagBag from /home/airflow/.local/lib/python3.8/site-packages/airflow/example_dags/tutorial_dag.py
[2024-03-26T06:22:38.186+0000] {processor.py:839} INFO - DAG(s) dict_keys(['tutorial_dag']) retrieved from /home/airflow/.local/lib/python3.8/site-packages/airflow/example_dags/tutorial_dag.py
[2024-03-26T06:22:38.223+0000] {logging_mixin.py:151} INFO - [2024-03-26T06:22:38.223+0000] {dag.py:2915} INFO - Sync 1 DAGs
[2024-03-26T06:22:38.237+0000] {logging_mixin.py:151} INFO - [2024-03-26T06:22:38.237+0000] {dag.py:3696} INFO - Setting next_dagrun for tutorial_dag to None, run_after=None
[2024-03-26T06:22:38.259+0000] {processor.py:179} INFO - Processing /home/airflow/.local/lib/python3.8/site-packages/airflow/example_dags/tutorial_dag.py took 0.086 seconds
[2024-03-26T06:23:08.814+0000] {processor.py:157} INFO - Started process (PID=1424) to work on /home/airflow/.local/lib/python3.8/site-packages/airflow/example_dags/tutorial_dag.py
[2024-03-26T06:23:08.815+0000] {processor.py:829} INFO - Processing file /home/airflow/.local/lib/python3.8/site-packages/airflow/example_dags/tutorial_dag.py for tasks to queue
[2024-03-26T06:23:08.819+0000] {logging_mixin.py:151} INFO - [2024-03-26T06:23:08.818+0000] {dagbag.py:539} INFO - Filling up the DagBag from /home/airflow/.local/lib/python3.8/site-packages/airflow/example_dags/tutorial_dag.py
[2024-03-26T06:23:08.825+0000] {processor.py:839} INFO - DAG(s) dict_keys(['tutorial_dag']) retrieved from /home/airflow/.local/lib/python3.8/site-packages/airflow/example_dags/tutorial_dag.py
[2024-03-26T06:23:08.854+0000] {logging_mixin.py:151} INFO - [2024-03-26T06:23:08.854+0000] {dag.py:2915} INFO - Sync 1 DAGs
[2024-03-26T06:23:08.873+0000] {logging_mixin.py:151} INFO - [2024-03-26T06:23:08.873+0000] {dag.py:3696} INFO - Setting next_dagrun for tutorial_dag to None, run_after=None
[2024-03-26T06:23:08.909+0000] {processor.py:179} INFO - Processing /home/airflow/.local/lib/python3.8/site-packages/airflow/example_dags/tutorial_dag.py took 0.100 seconds
[2024-03-26T06:23:39.333+0000] {processor.py:157} INFO - Started process (PID=1478) to work on /home/airflow/.local/lib/python3.8/site-packages/airflow/example_dags/tutorial_dag.py
[2024-03-26T06:23:39.335+0000] {processor.py:829} INFO - Processing file /home/airflow/.local/lib/python3.8/site-packages/airflow/example_dags/tutorial_dag.py for tasks to queue
[2024-03-26T06:23:39.338+0000] {logging_mixin.py:151} INFO - [2024-03-26T06:23:39.338+0000] {dagbag.py:539} INFO - Filling up the DagBag from /home/airflow/.local/lib/python3.8/site-packages/airflow/example_dags/tutorial_dag.py
[2024-03-26T06:23:39.345+0000] {processor.py:839} INFO - DAG(s) dict_keys(['tutorial_dag']) retrieved from /home/airflow/.local/lib/python3.8/site-packages/airflow/example_dags/tutorial_dag.py
[2024-03-26T06:23:39.374+0000] {logging_mixin.py:151} INFO - [2024-03-26T06:23:39.374+0000] {dag.py:2915} INFO - Sync 1 DAGs
[2024-03-26T06:23:39.392+0000] {logging_mixin.py:151} INFO - [2024-03-26T06:23:39.392+0000] {dag.py:3696} INFO - Setting next_dagrun for tutorial_dag to None, run_after=None
[2024-03-26T06:23:39.429+0000] {processor.py:179} INFO - Processing /home/airflow/.local/lib/python3.8/site-packages/airflow/example_dags/tutorial_dag.py took 0.100 seconds
[2024-03-26T06:24:10.131+0000] {processor.py:157} INFO - Started process (PID=1532) to work on /home/airflow/.local/lib/python3.8/site-packages/airflow/example_dags/tutorial_dag.py
[2024-03-26T06:24:10.133+0000] {processor.py:829} INFO - Processing file /home/airflow/.local/lib/python3.8/site-packages/airflow/example_dags/tutorial_dag.py for tasks to queue
[2024-03-26T06:24:10.137+0000] {logging_mixin.py:151} INFO - [2024-03-26T06:24:10.137+0000] {dagbag.py:539} INFO - Filling up the DagBag from /home/airflow/.local/lib/python3.8/site-packages/airflow/example_dags/tutorial_dag.py
[2024-03-26T06:24:10.144+0000] {processor.py:839} INFO - DAG(s) dict_keys(['tutorial_dag']) retrieved from /home/airflow/.local/lib/python3.8/site-packages/airflow/example_dags/tutorial_dag.py
[2024-03-26T06:24:10.168+0000] {logging_mixin.py:151} INFO - [2024-03-26T06:24:10.168+0000] {dag.py:2915} INFO - Sync 1 DAGs
[2024-03-26T06:24:10.185+0000] {logging_mixin.py:151} INFO - [2024-03-26T06:24:10.185+0000] {dag.py:3696} INFO - Setting next_dagrun for tutorial_dag to None, run_after=None
[2024-03-26T06:24:10.221+0000] {processor.py:179} INFO - Processing /home/airflow/.local/lib/python3.8/site-packages/airflow/example_dags/tutorial_dag.py took 0.095 seconds
[2024-03-26T06:24:40.794+0000] {processor.py:157} INFO - Started process (PID=1586) to work on /home/airflow/.local/lib/python3.8/site-packages/airflow/example_dags/tutorial_dag.py
[2024-03-26T06:24:40.796+0000] {processor.py:829} INFO - Processing file /home/airflow/.local/lib/python3.8/site-packages/airflow/example_dags/tutorial_dag.py for tasks to queue
[2024-03-26T06:24:40.799+0000] {logging_mixin.py:151} INFO - [2024-03-26T06:24:40.799+0000] {dagbag.py:539} INFO - Filling up the DagBag from /home/airflow/.local/lib/python3.8/site-packages/airflow/example_dags/tutorial_dag.py
[2024-03-26T06:24:40.806+0000] {processor.py:839} INFO - DAG(s) dict_keys(['tutorial_dag']) retrieved from /home/airflow/.local/lib/python3.8/site-packages/airflow/example_dags/tutorial_dag.py
[2024-03-26T06:24:40.834+0000] {logging_mixin.py:151} INFO - [2024-03-26T06:24:40.834+0000] {dag.py:2915} INFO - Sync 1 DAGs
[2024-03-26T06:24:40.852+0000] {logging_mixin.py:151} INFO - [2024-03-26T06:24:40.852+0000] {dag.py:3696} INFO - Setting next_dagrun for tutorial_dag to None, run_after=None
[2024-03-26T06:24:40.875+0000] {processor.py:179} INFO - Processing /home/airflow/.local/lib/python3.8/site-packages/airflow/example_dags/tutorial_dag.py took 0.087 seconds
[2024-03-26T06:25:11.523+0000] {processor.py:157} INFO - Started process (PID=1640) to work on /home/airflow/.local/lib/python3.8/site-packages/airflow/example_dags/tutorial_dag.py
[2024-03-26T06:25:11.525+0000] {processor.py:829} INFO - Processing file /home/airflow/.local/lib/python3.8/site-packages/airflow/example_dags/tutorial_dag.py for tasks to queue
[2024-03-26T06:25:11.528+0000] {logging_mixin.py:151} INFO - [2024-03-26T06:25:11.527+0000] {dagbag.py:539} INFO - Filling up the DagBag from /home/airflow/.local/lib/python3.8/site-packages/airflow/example_dags/tutorial_dag.py
[2024-03-26T06:25:11.534+0000] {processor.py:839} INFO - DAG(s) dict_keys(['tutorial_dag']) retrieved from /home/airflow/.local/lib/python3.8/site-packages/airflow/example_dags/tutorial_dag.py
[2024-03-26T06:25:11.556+0000] {logging_mixin.py:151} INFO - [2024-03-26T06:25:11.556+0000] {dag.py:2915} INFO - Sync 1 DAGs
[2024-03-26T06:25:11.572+0000] {logging_mixin.py:151} INFO - [2024-03-26T06:25:11.572+0000] {dag.py:3696} INFO - Setting next_dagrun for tutorial_dag to None, run_after=None
[2024-03-26T06:25:11.606+0000] {processor.py:179} INFO - Processing /home/airflow/.local/lib/python3.8/site-packages/airflow/example_dags/tutorial_dag.py took 0.088 seconds
[2024-03-26T06:25:41.875+0000] {processor.py:157} INFO - Started process (PID=1694) to work on /home/airflow/.local/lib/python3.8/site-packages/airflow/example_dags/tutorial_dag.py
[2024-03-26T06:25:41.876+0000] {processor.py:829} INFO - Processing file /home/airflow/.local/lib/python3.8/site-packages/airflow/example_dags/tutorial_dag.py for tasks to queue
[2024-03-26T06:25:41.879+0000] {logging_mixin.py:151} INFO - [2024-03-26T06:25:41.879+0000] {dagbag.py:539} INFO - Filling up the DagBag from /home/airflow/.local/lib/python3.8/site-packages/airflow/example_dags/tutorial_dag.py
[2024-03-26T06:25:41.885+0000] {processor.py:839} INFO - DAG(s) dict_keys(['tutorial_dag']) retrieved from /home/airflow/.local/lib/python3.8/site-packages/airflow/example_dags/tutorial_dag.py
[2024-03-26T06:25:41.911+0000] {logging_mixin.py:151} INFO - [2024-03-26T06:25:41.911+0000] {dag.py:2915} INFO - Sync 1 DAGs
[2024-03-26T06:25:41.927+0000] {logging_mixin.py:151} INFO - [2024-03-26T06:25:41.926+0000] {dag.py:3696} INFO - Setting next_dagrun for tutorial_dag to None, run_after=None
[2024-03-26T06:25:41.957+0000] {processor.py:179} INFO - Processing /home/airflow/.local/lib/python3.8/site-packages/airflow/example_dags/tutorial_dag.py took 0.087 seconds
[2024-03-26T06:26:12.293+0000] {processor.py:157} INFO - Started process (PID=1748) to work on /home/airflow/.local/lib/python3.8/site-packages/airflow/example_dags/tutorial_dag.py
[2024-03-26T06:26:12.295+0000] {processor.py:829} INFO - Processing file /home/airflow/.local/lib/python3.8/site-packages/airflow/example_dags/tutorial_dag.py for tasks to queue
[2024-03-26T06:26:12.298+0000] {logging_mixin.py:151} INFO - [2024-03-26T06:26:12.297+0000] {dagbag.py:539} INFO - Filling up the DagBag from /home/airflow/.local/lib/python3.8/site-packages/airflow/example_dags/tutorial_dag.py
[2024-03-26T06:26:12.304+0000] {processor.py:839} INFO - DAG(s) dict_keys(['tutorial_dag']) retrieved from /home/airflow/.local/lib/python3.8/site-packages/airflow/example_dags/tutorial_dag.py
[2024-03-26T06:26:12.332+0000] {logging_mixin.py:151} INFO - [2024-03-26T06:26:12.332+0000] {dag.py:2915} INFO - Sync 1 DAGs
[2024-03-26T06:26:12.349+0000] {logging_mixin.py:151} INFO - [2024-03-26T06:26:12.349+0000] {dag.py:3696} INFO - Setting next_dagrun for tutorial_dag to None, run_after=None
[2024-03-26T06:26:12.386+0000] {processor.py:179} INFO - Processing /home/airflow/.local/lib/python3.8/site-packages/airflow/example_dags/tutorial_dag.py took 0.097 seconds
[2024-03-26T06:26:42.954+0000] {processor.py:157} INFO - Started process (PID=1802) to work on /home/airflow/.local/lib/python3.8/site-packages/airflow/example_dags/tutorial_dag.py
[2024-03-26T06:26:42.956+0000] {processor.py:829} INFO - Processing file /home/airflow/.local/lib/python3.8/site-packages/airflow/example_dags/tutorial_dag.py for tasks to queue
[2024-03-26T06:26:42.959+0000] {logging_mixin.py:151} INFO - [2024-03-26T06:26:42.959+0000] {dagbag.py:539} INFO - Filling up the DagBag from /home/airflow/.local/lib/python3.8/site-packages/airflow/example_dags/tutorial_dag.py
[2024-03-26T06:26:42.965+0000] {processor.py:839} INFO - DAG(s) dict_keys(['tutorial_dag']) retrieved from /home/airflow/.local/lib/python3.8/site-packages/airflow/example_dags/tutorial_dag.py
[2024-03-26T06:26:42.988+0000] {logging_mixin.py:151} INFO - [2024-03-26T06:26:42.988+0000] {dag.py:2915} INFO - Sync 1 DAGs
[2024-03-26T06:26:43.003+0000] {logging_mixin.py:151} INFO - [2024-03-26T06:26:43.002+0000] {dag.py:3696} INFO - Setting next_dagrun for tutorial_dag to None, run_after=None
[2024-03-26T06:26:43.036+0000] {processor.py:179} INFO - Processing /home/airflow/.local/lib/python3.8/site-packages/airflow/example_dags/tutorial_dag.py took 0.086 seconds
[2024-03-26T06:27:13.348+0000] {processor.py:157} INFO - Started process (PID=1856) to work on /home/airflow/.local/lib/python3.8/site-packages/airflow/example_dags/tutorial_dag.py
[2024-03-26T06:27:13.350+0000] {processor.py:829} INFO - Processing file /home/airflow/.local/lib/python3.8/site-packages/airflow/example_dags/tutorial_dag.py for tasks to queue
[2024-03-26T06:27:13.353+0000] {logging_mixin.py:151} INFO - [2024-03-26T06:27:13.353+0000] {dagbag.py:539} INFO - Filling up the DagBag from /home/airflow/.local/lib/python3.8/site-packages/airflow/example_dags/tutorial_dag.py
[2024-03-26T06:27:13.361+0000] {processor.py:839} INFO - DAG(s) dict_keys(['tutorial_dag']) retrieved from /home/airflow/.local/lib/python3.8/site-packages/airflow/example_dags/tutorial_dag.py
[2024-03-26T06:27:13.390+0000] {logging_mixin.py:151} INFO - [2024-03-26T06:27:13.390+0000] {dag.py:2915} INFO - Sync 1 DAGs
[2024-03-26T06:27:13.404+0000] {logging_mixin.py:151} INFO - [2024-03-26T06:27:13.404+0000] {dag.py:3696} INFO - Setting next_dagrun for tutorial_dag to None, run_after=None
[2024-03-26T06:27:13.433+0000] {processor.py:179} INFO - Processing /home/airflow/.local/lib/python3.8/site-packages/airflow/example_dags/tutorial_dag.py took 0.090 seconds
[2024-03-26T06:27:43.912+0000] {processor.py:157} INFO - Started process (PID=1910) to work on /home/airflow/.local/lib/python3.8/site-packages/airflow/example_dags/tutorial_dag.py
[2024-03-26T06:27:43.913+0000] {processor.py:829} INFO - Processing file /home/airflow/.local/lib/python3.8/site-packages/airflow/example_dags/tutorial_dag.py for tasks to queue
[2024-03-26T06:27:43.917+0000] {logging_mixin.py:151} INFO - [2024-03-26T06:27:43.917+0000] {dagbag.py:539} INFO - Filling up the DagBag from /home/airflow/.local/lib/python3.8/site-packages/airflow/example_dags/tutorial_dag.py
[2024-03-26T06:27:43.924+0000] {processor.py:839} INFO - DAG(s) dict_keys(['tutorial_dag']) retrieved from /home/airflow/.local/lib/python3.8/site-packages/airflow/example_dags/tutorial_dag.py
[2024-03-26T06:27:43.952+0000] {logging_mixin.py:151} INFO - [2024-03-26T06:27:43.952+0000] {dag.py:2915} INFO - Sync 1 DAGs
[2024-03-26T06:27:43.967+0000] {logging_mixin.py:151} INFO - [2024-03-26T06:27:43.967+0000] {dag.py:3696} INFO - Setting next_dagrun for tutorial_dag to None, run_after=None
[2024-03-26T06:27:44.004+0000] {processor.py:179} INFO - Processing /home/airflow/.local/lib/python3.8/site-packages/airflow/example_dags/tutorial_dag.py took 0.097 seconds
[2024-03-26T06:28:14.517+0000] {processor.py:157} INFO - Started process (PID=1964) to work on /home/airflow/.local/lib/python3.8/site-packages/airflow/example_dags/tutorial_dag.py
[2024-03-26T06:28:14.519+0000] {processor.py:829} INFO - Processing file /home/airflow/.local/lib/python3.8/site-packages/airflow/example_dags/tutorial_dag.py for tasks to queue
[2024-03-26T06:28:14.522+0000] {logging_mixin.py:151} INFO - [2024-03-26T06:28:14.522+0000] {dagbag.py:539} INFO - Filling up the DagBag from /home/airflow/.local/lib/python3.8/site-packages/airflow/example_dags/tutorial_dag.py
[2024-03-26T06:28:14.531+0000] {processor.py:839} INFO - DAG(s) dict_keys(['tutorial_dag']) retrieved from /home/airflow/.local/lib/python3.8/site-packages/airflow/example_dags/tutorial_dag.py
[2024-03-26T06:28:14.560+0000] {logging_mixin.py:151} INFO - [2024-03-26T06:28:14.560+0000] {dag.py:2915} INFO - Sync 1 DAGs
[2024-03-26T06:28:14.577+0000] {logging_mixin.py:151} INFO - [2024-03-26T06:28:14.577+0000] {dag.py:3696} INFO - Setting next_dagrun for tutorial_dag to None, run_after=None
[2024-03-26T06:28:14.609+0000] {processor.py:179} INFO - Processing /home/airflow/.local/lib/python3.8/site-packages/airflow/example_dags/tutorial_dag.py took 0.097 seconds
[2024-03-26T06:28:44.799+0000] {processor.py:157} INFO - Started process (PID=2018) to work on /home/airflow/.local/lib/python3.8/site-packages/airflow/example_dags/tutorial_dag.py
[2024-03-26T06:28:44.800+0000] {processor.py:829} INFO - Processing file /home/airflow/.local/lib/python3.8/site-packages/airflow/example_dags/tutorial_dag.py for tasks to queue
[2024-03-26T06:28:44.804+0000] {logging_mixin.py:151} INFO - [2024-03-26T06:28:44.803+0000] {dagbag.py:539} INFO - Filling up the DagBag from /home/airflow/.local/lib/python3.8/site-packages/airflow/example_dags/tutorial_dag.py
[2024-03-26T06:28:44.812+0000] {processor.py:839} INFO - DAG(s) dict_keys(['tutorial_dag']) retrieved from /home/airflow/.local/lib/python3.8/site-packages/airflow/example_dags/tutorial_dag.py
[2024-03-26T06:28:44.834+0000] {logging_mixin.py:151} INFO - [2024-03-26T06:28:44.834+0000] {dag.py:2915} INFO - Sync 1 DAGs
[2024-03-26T06:28:44.848+0000] {logging_mixin.py:151} INFO - [2024-03-26T06:28:44.848+0000] {dag.py:3696} INFO - Setting next_dagrun for tutorial_dag to None, run_after=None
[2024-03-26T06:28:44.888+0000] {processor.py:179} INFO - Processing /home/airflow/.local/lib/python3.8/site-packages/airflow/example_dags/tutorial_dag.py took 0.092 seconds
[2024-03-26T06:29:15.097+0000] {processor.py:157} INFO - Started process (PID=2072) to work on /home/airflow/.local/lib/python3.8/site-packages/airflow/example_dags/tutorial_dag.py
[2024-03-26T06:29:15.098+0000] {processor.py:829} INFO - Processing file /home/airflow/.local/lib/python3.8/site-packages/airflow/example_dags/tutorial_dag.py for tasks to queue
[2024-03-26T06:29:15.102+0000] {logging_mixin.py:151} INFO - [2024-03-26T06:29:15.102+0000] {dagbag.py:539} INFO - Filling up the DagBag from /home/airflow/.local/lib/python3.8/site-packages/airflow/example_dags/tutorial_dag.py
[2024-03-26T06:29:15.111+0000] {processor.py:839} INFO - DAG(s) dict_keys(['tutorial_dag']) retrieved from /home/airflow/.local/lib/python3.8/site-packages/airflow/example_dags/tutorial_dag.py
[2024-03-26T06:29:15.138+0000] {logging_mixin.py:151} INFO - [2024-03-26T06:29:15.137+0000] {dag.py:2915} INFO - Sync 1 DAGs
[2024-03-26T06:29:15.154+0000] {logging_mixin.py:151} INFO - [2024-03-26T06:29:15.154+0000] {dag.py:3696} INFO - Setting next_dagrun for tutorial_dag to None, run_after=None
[2024-03-26T06:29:15.187+0000] {processor.py:179} INFO - Processing /home/airflow/.local/lib/python3.8/site-packages/airflow/example_dags/tutorial_dag.py took 0.095 seconds
[2024-03-26T06:29:45.338+0000] {processor.py:157} INFO - Started process (PID=2126) to work on /home/airflow/.local/lib/python3.8/site-packages/airflow/example_dags/tutorial_dag.py
[2024-03-26T06:29:45.339+0000] {processor.py:829} INFO - Processing file /home/airflow/.local/lib/python3.8/site-packages/airflow/example_dags/tutorial_dag.py for tasks to queue
[2024-03-26T06:29:45.343+0000] {logging_mixin.py:151} INFO - [2024-03-26T06:29:45.342+0000] {dagbag.py:539} INFO - Filling up the DagBag from /home/airflow/.local/lib/python3.8/site-packages/airflow/example_dags/tutorial_dag.py
[2024-03-26T06:29:45.351+0000] {processor.py:839} INFO - DAG(s) dict_keys(['tutorial_dag']) retrieved from /home/airflow/.local/lib/python3.8/site-packages/airflow/example_dags/tutorial_dag.py
[2024-03-26T06:29:45.377+0000] {logging_mixin.py:151} INFO - [2024-03-26T06:29:45.377+0000] {dag.py:2915} INFO - Sync 1 DAGs
[2024-03-26T06:29:45.391+0000] {logging_mixin.py:151} INFO - [2024-03-26T06:29:45.391+0000] {dag.py:3696} INFO - Setting next_dagrun for tutorial_dag to None, run_after=None
[2024-03-26T06:29:45.427+0000] {processor.py:179} INFO - Processing /home/airflow/.local/lib/python3.8/site-packages/airflow/example_dags/tutorial_dag.py took 0.094 seconds
[2024-03-26T06:30:15.549+0000] {processor.py:157} INFO - Started process (PID=2180) to work on /home/airflow/.local/lib/python3.8/site-packages/airflow/example_dags/tutorial_dag.py
[2024-03-26T06:30:15.551+0000] {processor.py:829} INFO - Processing file /home/airflow/.local/lib/python3.8/site-packages/airflow/example_dags/tutorial_dag.py for tasks to queue
[2024-03-26T06:30:15.554+0000] {logging_mixin.py:151} INFO - [2024-03-26T06:30:15.554+0000] {dagbag.py:539} INFO - Filling up the DagBag from /home/airflow/.local/lib/python3.8/site-packages/airflow/example_dags/tutorial_dag.py
[2024-03-26T06:30:15.561+0000] {processor.py:839} INFO - DAG(s) dict_keys(['tutorial_dag']) retrieved from /home/airflow/.local/lib/python3.8/site-packages/airflow/example_dags/tutorial_dag.py
[2024-03-26T06:30:15.587+0000] {logging_mixin.py:151} INFO - [2024-03-26T06:30:15.586+0000] {dag.py:2915} INFO - Sync 1 DAGs
[2024-03-26T06:30:15.601+0000] {logging_mixin.py:151} INFO - [2024-03-26T06:30:15.601+0000] {dag.py:3696} INFO - Setting next_dagrun for tutorial_dag to None, run_after=None
[2024-03-26T06:30:15.624+0000] {processor.py:179} INFO - Processing /home/airflow/.local/lib/python3.8/site-packages/airflow/example_dags/tutorial_dag.py took 0.080 seconds
[2024-03-26T06:30:45.806+0000] {processor.py:157} INFO - Started process (PID=2234) to work on /home/airflow/.local/lib/python3.8/site-packages/airflow/example_dags/tutorial_dag.py
[2024-03-26T06:30:45.807+0000] {processor.py:829} INFO - Processing file /home/airflow/.local/lib/python3.8/site-packages/airflow/example_dags/tutorial_dag.py for tasks to queue
[2024-03-26T06:30:45.810+0000] {logging_mixin.py:151} INFO - [2024-03-26T06:30:45.810+0000] {dagbag.py:539} INFO - Filling up the DagBag from /home/airflow/.local/lib/python3.8/site-packages/airflow/example_dags/tutorial_dag.py
[2024-03-26T06:30:45.818+0000] {processor.py:839} INFO - DAG(s) dict_keys(['tutorial_dag']) retrieved from /home/airflow/.local/lib/python3.8/site-packages/airflow/example_dags/tutorial_dag.py
[2024-03-26T06:30:45.843+0000] {logging_mixin.py:151} INFO - [2024-03-26T06:30:45.843+0000] {dag.py:2915} INFO - Sync 1 DAGs
[2024-03-26T06:30:45.858+0000] {logging_mixin.py:151} INFO - [2024-03-26T06:30:45.857+0000] {dag.py:3696} INFO - Setting next_dagrun for tutorial_dag to None, run_after=None
[2024-03-26T06:30:45.883+0000] {processor.py:179} INFO - Processing /home/airflow/.local/lib/python3.8/site-packages/airflow/example_dags/tutorial_dag.py took 0.082 seconds
[2024-03-26T06:31:16.054+0000] {processor.py:157} INFO - Started process (PID=2288) to work on /home/airflow/.local/lib/python3.8/site-packages/airflow/example_dags/tutorial_dag.py
[2024-03-26T06:31:16.056+0000] {processor.py:829} INFO - Processing file /home/airflow/.local/lib/python3.8/site-packages/airflow/example_dags/tutorial_dag.py for tasks to queue
[2024-03-26T06:31:16.060+0000] {logging_mixin.py:151} INFO - [2024-03-26T06:31:16.059+0000] {dagbag.py:539} INFO - Filling up the DagBag from /home/airflow/.local/lib/python3.8/site-packages/airflow/example_dags/tutorial_dag.py
[2024-03-26T06:31:16.067+0000] {processor.py:839} INFO - DAG(s) dict_keys(['tutorial_dag']) retrieved from /home/airflow/.local/lib/python3.8/site-packages/airflow/example_dags/tutorial_dag.py
[2024-03-26T06:31:16.091+0000] {logging_mixin.py:151} INFO - [2024-03-26T06:31:16.091+0000] {dag.py:2915} INFO - Sync 1 DAGs
[2024-03-26T06:31:16.107+0000] {logging_mixin.py:151} INFO - [2024-03-26T06:31:16.106+0000] {dag.py:3696} INFO - Setting next_dagrun for tutorial_dag to None, run_after=None
[2024-03-26T06:31:16.145+0000] {processor.py:179} INFO - Processing /home/airflow/.local/lib/python3.8/site-packages/airflow/example_dags/tutorial_dag.py took 0.094 seconds
[2024-03-26T06:31:46.333+0000] {processor.py:157} INFO - Started process (PID=2342) to work on /home/airflow/.local/lib/python3.8/site-packages/airflow/example_dags/tutorial_dag.py
[2024-03-26T06:31:46.334+0000] {processor.py:829} INFO - Processing file /home/airflow/.local/lib/python3.8/site-packages/airflow/example_dags/tutorial_dag.py for tasks to queue
[2024-03-26T06:31:46.338+0000] {logging_mixin.py:151} INFO - [2024-03-26T06:31:46.338+0000] {dagbag.py:539} INFO - Filling up the DagBag from /home/airflow/.local/lib/python3.8/site-packages/airflow/example_dags/tutorial_dag.py
[2024-03-26T06:31:46.345+0000] {processor.py:839} INFO - DAG(s) dict_keys(['tutorial_dag']) retrieved from /home/airflow/.local/lib/python3.8/site-packages/airflow/example_dags/tutorial_dag.py
[2024-03-26T06:31:46.369+0000] {logging_mixin.py:151} INFO - [2024-03-26T06:31:46.369+0000] {dag.py:2915} INFO - Sync 1 DAGs
[2024-03-26T06:31:46.383+0000] {logging_mixin.py:151} INFO - [2024-03-26T06:31:46.383+0000] {dag.py:3696} INFO - Setting next_dagrun for tutorial_dag to None, run_after=None
[2024-03-26T06:31:46.408+0000] {processor.py:179} INFO - Processing /home/airflow/.local/lib/python3.8/site-packages/airflow/example_dags/tutorial_dag.py took 0.079 seconds
[2024-03-26T06:32:16.639+0000] {processor.py:157} INFO - Started process (PID=2396) to work on /home/airflow/.local/lib/python3.8/site-packages/airflow/example_dags/tutorial_dag.py
[2024-03-26T06:32:16.641+0000] {processor.py:829} INFO - Processing file /home/airflow/.local/lib/python3.8/site-packages/airflow/example_dags/tutorial_dag.py for tasks to queue
[2024-03-26T06:32:16.645+0000] {logging_mixin.py:151} INFO - [2024-03-26T06:32:16.644+0000] {dagbag.py:539} INFO - Filling up the DagBag from /home/airflow/.local/lib/python3.8/site-packages/airflow/example_dags/tutorial_dag.py
[2024-03-26T06:32:16.653+0000] {processor.py:839} INFO - DAG(s) dict_keys(['tutorial_dag']) retrieved from /home/airflow/.local/lib/python3.8/site-packages/airflow/example_dags/tutorial_dag.py
[2024-03-26T06:32:16.680+0000] {logging_mixin.py:151} INFO - [2024-03-26T06:32:16.680+0000] {dag.py:2915} INFO - Sync 1 DAGs
[2024-03-26T06:32:16.697+0000] {logging_mixin.py:151} INFO - [2024-03-26T06:32:16.696+0000] {dag.py:3696} INFO - Setting next_dagrun for tutorial_dag to None, run_after=None
[2024-03-26T06:32:16.733+0000] {processor.py:179} INFO - Processing /home/airflow/.local/lib/python3.8/site-packages/airflow/example_dags/tutorial_dag.py took 0.098 seconds
[2024-03-26T06:32:47.145+0000] {processor.py:157} INFO - Started process (PID=2450) to work on /home/airflow/.local/lib/python3.8/site-packages/airflow/example_dags/tutorial_dag.py
[2024-03-26T06:32:47.147+0000] {processor.py:829} INFO - Processing file /home/airflow/.local/lib/python3.8/site-packages/airflow/example_dags/tutorial_dag.py for tasks to queue
[2024-03-26T06:32:47.151+0000] {logging_mixin.py:151} INFO - [2024-03-26T06:32:47.150+0000] {dagbag.py:539} INFO - Filling up the DagBag from /home/airflow/.local/lib/python3.8/site-packages/airflow/example_dags/tutorial_dag.py
[2024-03-26T06:32:47.158+0000] {processor.py:839} INFO - DAG(s) dict_keys(['tutorial_dag']) retrieved from /home/airflow/.local/lib/python3.8/site-packages/airflow/example_dags/tutorial_dag.py
[2024-03-26T06:32:47.183+0000] {logging_mixin.py:151} INFO - [2024-03-26T06:32:47.183+0000] {dag.py:2915} INFO - Sync 1 DAGs
[2024-03-26T06:32:47.197+0000] {logging_mixin.py:151} INFO - [2024-03-26T06:32:47.197+0000] {dag.py:3696} INFO - Setting next_dagrun for tutorial_dag to None, run_after=None
[2024-03-26T06:32:47.221+0000] {processor.py:179} INFO - Processing /home/airflow/.local/lib/python3.8/site-packages/airflow/example_dags/tutorial_dag.py took 0.081 seconds
[2024-03-26T06:33:17.531+0000] {processor.py:157} INFO - Started process (PID=2504) to work on /home/airflow/.local/lib/python3.8/site-packages/airflow/example_dags/tutorial_dag.py
[2024-03-26T06:33:17.532+0000] {processor.py:829} INFO - Processing file /home/airflow/.local/lib/python3.8/site-packages/airflow/example_dags/tutorial_dag.py for tasks to queue
[2024-03-26T06:33:17.536+0000] {logging_mixin.py:151} INFO - [2024-03-26T06:33:17.535+0000] {dagbag.py:539} INFO - Filling up the DagBag from /home/airflow/.local/lib/python3.8/site-packages/airflow/example_dags/tutorial_dag.py
[2024-03-26T06:33:17.543+0000] {processor.py:839} INFO - DAG(s) dict_keys(['tutorial_dag']) retrieved from /home/airflow/.local/lib/python3.8/site-packages/airflow/example_dags/tutorial_dag.py
[2024-03-26T06:33:17.570+0000] {logging_mixin.py:151} INFO - [2024-03-26T06:33:17.570+0000] {dag.py:2915} INFO - Sync 1 DAGs
[2024-03-26T06:33:17.587+0000] {logging_mixin.py:151} INFO - [2024-03-26T06:33:17.587+0000] {dag.py:3696} INFO - Setting next_dagrun for tutorial_dag to None, run_after=None
[2024-03-26T06:33:17.612+0000] {processor.py:179} INFO - Processing /home/airflow/.local/lib/python3.8/site-packages/airflow/example_dags/tutorial_dag.py took 0.085 seconds
[2024-03-26T06:33:48.158+0000] {processor.py:157} INFO - Started process (PID=2558) to work on /home/airflow/.local/lib/python3.8/site-packages/airflow/example_dags/tutorial_dag.py
[2024-03-26T06:33:48.160+0000] {processor.py:829} INFO - Processing file /home/airflow/.local/lib/python3.8/site-packages/airflow/example_dags/tutorial_dag.py for tasks to queue
[2024-03-26T06:33:48.164+0000] {logging_mixin.py:151} INFO - [2024-03-26T06:33:48.164+0000] {dagbag.py:539} INFO - Filling up the DagBag from /home/airflow/.local/lib/python3.8/site-packages/airflow/example_dags/tutorial_dag.py
[2024-03-26T06:33:48.172+0000] {processor.py:839} INFO - DAG(s) dict_keys(['tutorial_dag']) retrieved from /home/airflow/.local/lib/python3.8/site-packages/airflow/example_dags/tutorial_dag.py
[2024-03-26T06:33:48.204+0000] {logging_mixin.py:151} INFO - [2024-03-26T06:33:48.203+0000] {dag.py:2915} INFO - Sync 1 DAGs
[2024-03-26T06:33:48.223+0000] {logging_mixin.py:151} INFO - [2024-03-26T06:33:48.223+0000] {dag.py:3696} INFO - Setting next_dagrun for tutorial_dag to None, run_after=None
[2024-03-26T06:33:48.256+0000] {processor.py:179} INFO - Processing /home/airflow/.local/lib/python3.8/site-packages/airflow/example_dags/tutorial_dag.py took 0.102 seconds
