[2024-03-29T02:03:38.103+0000] {logging_mixin.py:151} INFO - Changing /opt/***/logs/dag_id=download_rocket_launches/run_id=scheduled__2024-03-28T00:00:00+00:00/task_id=get_pictures permission to 509
[2024-03-29T02:03:38.104+0000] {logging_mixin.py:151} INFO - Failed to change /opt/***/logs/dag_id=download_rocket_launches/run_id=scheduled__2024-03-28T00:00:00+00:00/task_id=get_pictures permission to 509: [Errno 1] Operation not permitted: '/opt/***/logs/dag_id=download_rocket_launches/run_id=scheduled__2024-03-28T00:00:00+00:00/task_id=get_pictures'
[2024-03-29T02:03:38.143+0000] {logging_mixin.py:151} INFO - Changing /opt/***/logs/dag_id=download_rocket_launches/run_id=scheduled__2024-03-28T00:00:00+00:00/task_id=get_pictures permission to 509
[2024-03-29T02:03:38.144+0000] {logging_mixin.py:151} INFO - Failed to change /opt/***/logs/dag_id=download_rocket_launches/run_id=scheduled__2024-03-28T00:00:00+00:00/task_id=get_pictures permission to 509: [Errno 1] Operation not permitted: '/opt/***/logs/dag_id=download_rocket_launches/run_id=scheduled__2024-03-28T00:00:00+00:00/task_id=get_pictures'
[2024-03-29T02:03:38.209+0000] {taskinstance.py:1157} INFO - Dependencies all met for dep_context=non-requeueable deps ti=<TaskInstance: download_rocket_launches.get_pictures scheduled__2024-03-28T00:00:00+00:00 [queued]>
[2024-03-29T02:03:38.221+0000] {taskinstance.py:1157} INFO - Dependencies all met for dep_context=requeueable deps ti=<TaskInstance: download_rocket_launches.get_pictures scheduled__2024-03-28T00:00:00+00:00 [queued]>
[2024-03-29T02:03:38.222+0000] {taskinstance.py:1359} INFO - Starting attempt 1 of 1
[2024-03-29T02:03:38.244+0000] {taskinstance.py:1380} INFO - Executing <Task(PythonOperator): get_pictures> on 2024-03-28 00:00:00+00:00
[2024-03-29T02:03:38.251+0000] {standard_task_runner.py:57} INFO - Started process 172 to run task
[2024-03-29T02:03:38.255+0000] {standard_task_runner.py:84} INFO - Running: ['***', 'tasks', 'run', 'download_rocket_launches', 'get_pictures', 'scheduled__2024-03-28T00:00:00+00:00', '--job-id', '16', '--raw', '--subdir', 'DAGS_FOLDER/rockets.py', '--cfg-path', '/tmp/tmpf2prph2p']
[2024-03-29T02:03:38.258+0000] {standard_task_runner.py:85} INFO - Job 16: Subtask get_pictures
[2024-03-29T02:03:38.323+0000] {logging_mixin.py:151} INFO - Changing /opt/***/logs/dag_id=download_rocket_launches/run_id=scheduled__2024-03-28T00:00:00+00:00/task_id=get_pictures permission to 509
[2024-03-29T02:03:38.324+0000] {logging_mixin.py:151} INFO - Failed to change /opt/***/logs/dag_id=download_rocket_launches/run_id=scheduled__2024-03-28T00:00:00+00:00/task_id=get_pictures permission to 509: [Errno 1] Operation not permitted: '/opt/***/logs/dag_id=download_rocket_launches/run_id=scheduled__2024-03-28T00:00:00+00:00/task_id=get_pictures'
[2024-03-29T02:03:38.326+0000] {task_command.py:415} INFO - Running <TaskInstance: download_rocket_launches.get_pictures scheduled__2024-03-28T00:00:00+00:00 [running]> on host a9c2f2661b7a
[2024-03-29T02:03:38.401+0000] {taskinstance.py:1660} INFO - Exporting env vars: AIRFLOW_CTX_DAG_OWNER='***' AIRFLOW_CTX_DAG_ID='download_rocket_launches' AIRFLOW_CTX_TASK_ID='get_pictures' AIRFLOW_CTX_EXECUTION_DATE='2024-03-28T00:00:00+00:00' AIRFLOW_CTX_TRY_NUMBER='1' AIRFLOW_CTX_DAG_RUN_ID='scheduled__2024-03-28T00:00:00+00:00'
[2024-03-29T02:03:40.566+0000] {logging_mixin.py:151} INFO - Downloaded https://spacelaunchnow-prod-east.nyc3.digitaloceanspaces.com/media/images/falcon2520925_image_20221009234147.png to /tmp/images/falcon2520925_image_20221009234147.png
[2024-03-29T02:03:42.117+0000] {logging_mixin.py:151} INFO - Downloaded https://spacelaunchnow-prod-east.nyc3.digitaloceanspaces.com/media/images/falcon_9_image_20230807133459.jpeg to /tmp/images/falcon_9_image_20230807133459.jpeg
[2024-03-29T02:03:43.626+0000] {logging_mixin.py:151} INFO - Downloaded https://spacelaunchnow-prod-east.nyc3.digitaloceanspaces.com/media/images/rs1_on_the_pad__image_20240325094914.jpeg to /tmp/images/rs1_on_the_pad__image_20240325094914.jpeg
[2024-03-29T02:03:45.185+0000] {logging_mixin.py:151} INFO - Downloaded https://spacelaunchnow-prod-east.nyc3.digitaloceanspaces.com/media/images/falcon2520925_image_20221009234147.png to /tmp/images/falcon2520925_image_20221009234147.png
[2024-03-29T02:03:46.674+0000] {logging_mixin.py:151} INFO - Downloaded https://spacelaunchnow-prod-east.nyc3.digitaloceanspaces.com/media/images/soyuz_2.1b_image_20230802085331.jpg to /tmp/images/soyuz_2.1b_image_20230802085331.jpg
[2024-03-29T02:03:48.376+0000] {logging_mixin.py:151} INFO - Downloaded https://spacelaunchnow-prod-east.nyc3.digitaloceanspaces.com/media/images/delta_iv_heavy_image_20210426103838.jpg to /tmp/images/delta_iv_heavy_image_20210426103838.jpg
[2024-03-29T02:03:49.849+0000] {logging_mixin.py:151} INFO - Downloaded https://spacelaunchnow-prod-east.nyc3.digitaloceanspaces.com/media/images/falcon_9_image_20230807133459.jpeg to /tmp/images/falcon_9_image_20230807133459.jpeg
[2024-03-29T02:03:51.151+0000] {logging_mixin.py:151} INFO - Downloaded https://spacelaunchnow-prod-east.nyc3.digitaloceanspaces.com/media/images/angara_a52fper_image_20211227193648.jpg to /tmp/images/angara_a52fper_image_20211227193648.jpg
[2024-03-29T02:03:52.599+0000] {logging_mixin.py:151} INFO - Downloaded https://spacelaunchnow-prod-east.nyc3.digitaloceanspaces.com/media/images/falcon_9_image_20230807133459.jpeg to /tmp/images/falcon_9_image_20230807133459.jpeg
[2024-03-29T02:03:53.933+0000] {logging_mixin.py:151} INFO - Downloaded https://spacelaunchnow-prod-east.nyc3.digitaloceanspaces.com/media/images/long_march_2_image_20210908195835.jpeg to /tmp/images/long_march_2_image_20210908195835.jpeg
[2024-03-29T02:03:53.936+0000] {python.py:194} INFO - Done. Returned value was: None
[2024-03-29T02:03:53.947+0000] {taskinstance.py:1398} INFO - Marking task as SUCCESS. dag_id=download_rocket_launches, task_id=get_pictures, execution_date=20240328T000000, start_date=20240329T020338, end_date=20240329T020353
[2024-03-29T02:03:54.000+0000] {local_task_job_runner.py:228} INFO - Task exited with return code 0
[2024-03-29T02:03:54.023+0000] {taskinstance.py:2776} INFO - 1 downstream tasks scheduled from follow-on schedule check
