[2024-03-29T01:50:24.147+0000] {processor.py:157} INFO - Started process (PID=38) to work on /home/airflow/.local/lib/python3.8/site-packages/airflow/example_dags/example_setup_teardown.py
[2024-03-29T01:50:24.152+0000] {processor.py:829} INFO - Processing file /home/airflow/.local/lib/python3.8/site-packages/airflow/example_dags/example_setup_teardown.py for tasks to queue
[2024-03-29T01:50:24.187+0000] {logging_mixin.py:151} INFO - [2024-03-29T01:50:24.186+0000] {dagbag.py:539} INFO - Filling up the DagBag from /home/airflow/.local/lib/python3.8/site-packages/airflow/example_dags/example_setup_teardown.py
[2024-03-29T01:50:24.770+0000] {processor.py:839} INFO - DAG(s) dict_keys(['example_setup_teardown']) retrieved from /home/airflow/.local/lib/python3.8/site-packages/airflow/example_dags/example_setup_teardown.py
[2024-03-29T01:50:24.861+0000] {logging_mixin.py:151} INFO - [2024-03-29T01:50:24.860+0000] {dag.py:2915} INFO - Sync 1 DAGs
[2024-03-29T01:50:24.905+0000] {logging_mixin.py:151} INFO - [2024-03-29T01:50:24.905+0000] {dag.py:3696} INFO - Setting next_dagrun for example_setup_teardown to 2024-03-28T01:50:24.905204+00:00, run_after=2024-03-29T01:50:24.905204+00:00
[2024-03-29T01:50:24.934+0000] {processor.py:179} INFO - Processing /home/airflow/.local/lib/python3.8/site-packages/airflow/example_dags/example_setup_teardown.py took 0.817 seconds
[2024-03-29T01:50:55.243+0000] {processor.py:157} INFO - Started process (PID=92) to work on /home/airflow/.local/lib/python3.8/site-packages/airflow/example_dags/example_setup_teardown.py
[2024-03-29T01:50:55.246+0000] {processor.py:829} INFO - Processing file /home/airflow/.local/lib/python3.8/site-packages/airflow/example_dags/example_setup_teardown.py for tasks to queue
[2024-03-29T01:50:55.248+0000] {logging_mixin.py:151} INFO - [2024-03-29T01:50:55.248+0000] {dagbag.py:539} INFO - Filling up the DagBag from /home/airflow/.local/lib/python3.8/site-packages/airflow/example_dags/example_setup_teardown.py
[2024-03-29T01:50:55.255+0000] {processor.py:839} INFO - DAG(s) dict_keys(['example_setup_teardown']) retrieved from /home/airflow/.local/lib/python3.8/site-packages/airflow/example_dags/example_setup_teardown.py
[2024-03-29T01:50:55.278+0000] {logging_mixin.py:151} INFO - [2024-03-29T01:50:55.278+0000] {dag.py:2915} INFO - Sync 1 DAGs
[2024-03-29T01:50:55.299+0000] {logging_mixin.py:151} INFO - [2024-03-29T01:50:55.299+0000] {dag.py:3696} INFO - Setting next_dagrun for example_setup_teardown to 2024-03-28T01:50:55.299489+00:00, run_after=2024-03-29T01:50:55.299489+00:00
[2024-03-29T01:50:55.325+0000] {processor.py:179} INFO - Processing /home/airflow/.local/lib/python3.8/site-packages/airflow/example_dags/example_setup_teardown.py took 0.086 seconds
[2024-03-29T01:51:25.613+0000] {processor.py:157} INFO - Started process (PID=146) to work on /home/airflow/.local/lib/python3.8/site-packages/airflow/example_dags/example_setup_teardown.py
[2024-03-29T01:51:25.615+0000] {processor.py:829} INFO - Processing file /home/airflow/.local/lib/python3.8/site-packages/airflow/example_dags/example_setup_teardown.py for tasks to queue
[2024-03-29T01:51:25.618+0000] {logging_mixin.py:151} INFO - [2024-03-29T01:51:25.617+0000] {dagbag.py:539} INFO - Filling up the DagBag from /home/airflow/.local/lib/python3.8/site-packages/airflow/example_dags/example_setup_teardown.py
[2024-03-29T01:51:25.626+0000] {processor.py:839} INFO - DAG(s) dict_keys(['example_setup_teardown']) retrieved from /home/airflow/.local/lib/python3.8/site-packages/airflow/example_dags/example_setup_teardown.py
[2024-03-29T01:51:25.642+0000] {logging_mixin.py:151} INFO - [2024-03-29T01:51:25.641+0000] {dag.py:2915} INFO - Sync 1 DAGs
[2024-03-29T01:51:25.669+0000] {logging_mixin.py:151} INFO - [2024-03-29T01:51:25.669+0000] {dag.py:3696} INFO - Setting next_dagrun for example_setup_teardown to 2024-03-28T01:51:25.668750+00:00, run_after=2024-03-29T01:51:25.668750+00:00
[2024-03-29T01:51:25.695+0000] {processor.py:179} INFO - Processing /home/airflow/.local/lib/python3.8/site-packages/airflow/example_dags/example_setup_teardown.py took 0.085 seconds
[2024-03-29T01:51:55.813+0000] {processor.py:157} INFO - Started process (PID=201) to work on /home/airflow/.local/lib/python3.8/site-packages/airflow/example_dags/example_setup_teardown.py
[2024-03-29T01:51:55.815+0000] {processor.py:829} INFO - Processing file /home/airflow/.local/lib/python3.8/site-packages/airflow/example_dags/example_setup_teardown.py for tasks to queue
[2024-03-29T01:51:55.817+0000] {logging_mixin.py:151} INFO - [2024-03-29T01:51:55.817+0000] {dagbag.py:539} INFO - Filling up the DagBag from /home/airflow/.local/lib/python3.8/site-packages/airflow/example_dags/example_setup_teardown.py
[2024-03-29T01:51:55.824+0000] {processor.py:839} INFO - DAG(s) dict_keys(['example_setup_teardown']) retrieved from /home/airflow/.local/lib/python3.8/site-packages/airflow/example_dags/example_setup_teardown.py
[2024-03-29T01:51:55.851+0000] {logging_mixin.py:151} INFO - [2024-03-29T01:51:55.850+0000] {dag.py:2915} INFO - Sync 1 DAGs
[2024-03-29T01:51:55.884+0000] {logging_mixin.py:151} INFO - [2024-03-29T01:51:55.884+0000] {dag.py:3696} INFO - Setting next_dagrun for example_setup_teardown to 2024-03-28T01:51:55.883969+00:00, run_after=2024-03-29T01:51:55.883969+00:00
[2024-03-29T01:51:55.908+0000] {processor.py:179} INFO - Processing /home/airflow/.local/lib/python3.8/site-packages/airflow/example_dags/example_setup_teardown.py took 0.100 seconds
[2024-03-29T01:52:26.251+0000] {processor.py:157} INFO - Started process (PID=255) to work on /home/airflow/.local/lib/python3.8/site-packages/airflow/example_dags/example_setup_teardown.py
[2024-03-29T01:52:26.253+0000] {processor.py:829} INFO - Processing file /home/airflow/.local/lib/python3.8/site-packages/airflow/example_dags/example_setup_teardown.py for tasks to queue
[2024-03-29T01:52:26.256+0000] {logging_mixin.py:151} INFO - [2024-03-29T01:52:26.255+0000] {dagbag.py:539} INFO - Filling up the DagBag from /home/airflow/.local/lib/python3.8/site-packages/airflow/example_dags/example_setup_teardown.py
[2024-03-29T01:52:26.265+0000] {processor.py:839} INFO - DAG(s) dict_keys(['example_setup_teardown']) retrieved from /home/airflow/.local/lib/python3.8/site-packages/airflow/example_dags/example_setup_teardown.py
[2024-03-29T01:52:26.293+0000] {logging_mixin.py:151} INFO - [2024-03-29T01:52:26.293+0000] {dag.py:2915} INFO - Sync 1 DAGs
[2024-03-29T01:52:26.322+0000] {logging_mixin.py:151} INFO - [2024-03-29T01:52:26.322+0000] {dag.py:3696} INFO - Setting next_dagrun for example_setup_teardown to 2024-03-28T01:52:26.321885+00:00, run_after=2024-03-29T01:52:26.321885+00:00
[2024-03-29T01:52:26.349+0000] {processor.py:179} INFO - Processing /home/airflow/.local/lib/python3.8/site-packages/airflow/example_dags/example_setup_teardown.py took 0.101 seconds
[2024-03-29T01:52:56.672+0000] {processor.py:157} INFO - Started process (PID=309) to work on /home/airflow/.local/lib/python3.8/site-packages/airflow/example_dags/example_setup_teardown.py
[2024-03-29T01:52:56.673+0000] {processor.py:829} INFO - Processing file /home/airflow/.local/lib/python3.8/site-packages/airflow/example_dags/example_setup_teardown.py for tasks to queue
[2024-03-29T01:52:56.676+0000] {logging_mixin.py:151} INFO - [2024-03-29T01:52:56.676+0000] {dagbag.py:539} INFO - Filling up the DagBag from /home/airflow/.local/lib/python3.8/site-packages/airflow/example_dags/example_setup_teardown.py
[2024-03-29T01:52:56.683+0000] {processor.py:839} INFO - DAG(s) dict_keys(['example_setup_teardown']) retrieved from /home/airflow/.local/lib/python3.8/site-packages/airflow/example_dags/example_setup_teardown.py
[2024-03-29T01:52:56.705+0000] {logging_mixin.py:151} INFO - [2024-03-29T01:52:56.705+0000] {dag.py:2915} INFO - Sync 1 DAGs
[2024-03-29T01:52:56.727+0000] {logging_mixin.py:151} INFO - [2024-03-29T01:52:56.727+0000] {dag.py:3696} INFO - Setting next_dagrun for example_setup_teardown to 2024-03-28T01:52:56.727037+00:00, run_after=2024-03-29T01:52:56.727037+00:00
[2024-03-29T01:52:56.751+0000] {processor.py:179} INFO - Processing /home/airflow/.local/lib/python3.8/site-packages/airflow/example_dags/example_setup_teardown.py took 0.083 seconds
[2024-03-29T01:53:26.976+0000] {processor.py:157} INFO - Started process (PID=363) to work on /home/airflow/.local/lib/python3.8/site-packages/airflow/example_dags/example_setup_teardown.py
[2024-03-29T01:53:26.978+0000] {processor.py:829} INFO - Processing file /home/airflow/.local/lib/python3.8/site-packages/airflow/example_dags/example_setup_teardown.py for tasks to queue
[2024-03-29T01:53:26.980+0000] {logging_mixin.py:151} INFO - [2024-03-29T01:53:26.980+0000] {dagbag.py:539} INFO - Filling up the DagBag from /home/airflow/.local/lib/python3.8/site-packages/airflow/example_dags/example_setup_teardown.py
[2024-03-29T01:53:26.987+0000] {processor.py:839} INFO - DAG(s) dict_keys(['example_setup_teardown']) retrieved from /home/airflow/.local/lib/python3.8/site-packages/airflow/example_dags/example_setup_teardown.py
[2024-03-29T01:53:27.009+0000] {logging_mixin.py:151} INFO - [2024-03-29T01:53:27.008+0000] {dag.py:2915} INFO - Sync 1 DAGs
[2024-03-29T01:53:27.029+0000] {logging_mixin.py:151} INFO - [2024-03-29T01:53:27.028+0000] {dag.py:3696} INFO - Setting next_dagrun for example_setup_teardown to 2024-03-28T01:53:27.028563+00:00, run_after=2024-03-29T01:53:27.028563+00:00
[2024-03-29T01:53:27.053+0000] {processor.py:179} INFO - Processing /home/airflow/.local/lib/python3.8/site-packages/airflow/example_dags/example_setup_teardown.py took 0.080 seconds
[2024-03-29T01:53:57.305+0000] {processor.py:157} INFO - Started process (PID=422) to work on /home/airflow/.local/lib/python3.8/site-packages/airflow/example_dags/example_setup_teardown.py
[2024-03-29T01:53:57.307+0000] {processor.py:829} INFO - Processing file /home/airflow/.local/lib/python3.8/site-packages/airflow/example_dags/example_setup_teardown.py for tasks to queue
[2024-03-29T01:53:57.310+0000] {logging_mixin.py:151} INFO - [2024-03-29T01:53:57.310+0000] {dagbag.py:539} INFO - Filling up the DagBag from /home/airflow/.local/lib/python3.8/site-packages/airflow/example_dags/example_setup_teardown.py
[2024-03-29T01:53:57.319+0000] {processor.py:839} INFO - DAG(s) dict_keys(['example_setup_teardown']) retrieved from /home/airflow/.local/lib/python3.8/site-packages/airflow/example_dags/example_setup_teardown.py
[2024-03-29T01:53:57.345+0000] {logging_mixin.py:151} INFO - [2024-03-29T01:53:57.344+0000] {dag.py:2915} INFO - Sync 1 DAGs
[2024-03-29T01:53:57.373+0000] {logging_mixin.py:151} INFO - [2024-03-29T01:53:57.373+0000] {dag.py:3696} INFO - Setting next_dagrun for example_setup_teardown to 2024-03-28T01:53:57.373402+00:00, run_after=2024-03-29T01:53:57.373402+00:00
[2024-03-29T01:53:57.399+0000] {processor.py:179} INFO - Processing /home/airflow/.local/lib/python3.8/site-packages/airflow/example_dags/example_setup_teardown.py took 0.097 seconds
[2024-03-29T01:54:27.634+0000] {processor.py:157} INFO - Started process (PID=476) to work on /home/airflow/.local/lib/python3.8/site-packages/airflow/example_dags/example_setup_teardown.py
[2024-03-29T01:54:27.635+0000] {processor.py:829} INFO - Processing file /home/airflow/.local/lib/python3.8/site-packages/airflow/example_dags/example_setup_teardown.py for tasks to queue
[2024-03-29T01:54:27.637+0000] {logging_mixin.py:151} INFO - [2024-03-29T01:54:27.637+0000] {dagbag.py:539} INFO - Filling up the DagBag from /home/airflow/.local/lib/python3.8/site-packages/airflow/example_dags/example_setup_teardown.py
[2024-03-29T01:54:27.644+0000] {processor.py:839} INFO - DAG(s) dict_keys(['example_setup_teardown']) retrieved from /home/airflow/.local/lib/python3.8/site-packages/airflow/example_dags/example_setup_teardown.py
[2024-03-29T01:54:27.668+0000] {logging_mixin.py:151} INFO - [2024-03-29T01:54:27.667+0000] {dag.py:2915} INFO - Sync 1 DAGs
[2024-03-29T01:54:27.691+0000] {logging_mixin.py:151} INFO - [2024-03-29T01:54:27.691+0000] {dag.py:3696} INFO - Setting next_dagrun for example_setup_teardown to 2024-03-28T01:54:27.691508+00:00, run_after=2024-03-29T01:54:27.691508+00:00
[2024-03-29T01:54:27.712+0000] {processor.py:179} INFO - Processing /home/airflow/.local/lib/python3.8/site-packages/airflow/example_dags/example_setup_teardown.py took 0.081 seconds
[2024-03-29T01:54:57.966+0000] {processor.py:157} INFO - Started process (PID=530) to work on /home/airflow/.local/lib/python3.8/site-packages/airflow/example_dags/example_setup_teardown.py
[2024-03-29T01:54:57.968+0000] {processor.py:829} INFO - Processing file /home/airflow/.local/lib/python3.8/site-packages/airflow/example_dags/example_setup_teardown.py for tasks to queue
[2024-03-29T01:54:57.970+0000] {logging_mixin.py:151} INFO - [2024-03-29T01:54:57.970+0000] {dagbag.py:539} INFO - Filling up the DagBag from /home/airflow/.local/lib/python3.8/site-packages/airflow/example_dags/example_setup_teardown.py
[2024-03-29T01:54:57.977+0000] {processor.py:839} INFO - DAG(s) dict_keys(['example_setup_teardown']) retrieved from /home/airflow/.local/lib/python3.8/site-packages/airflow/example_dags/example_setup_teardown.py
[2024-03-29T01:54:58.000+0000] {logging_mixin.py:151} INFO - [2024-03-29T01:54:57.999+0000] {dag.py:2915} INFO - Sync 1 DAGs
[2024-03-29T01:54:58.028+0000] {logging_mixin.py:151} INFO - [2024-03-29T01:54:58.028+0000] {dag.py:3696} INFO - Setting next_dagrun for example_setup_teardown to 2024-03-28T01:54:58.027780+00:00, run_after=2024-03-29T01:54:58.027780+00:00
[2024-03-29T01:54:58.052+0000] {processor.py:179} INFO - Processing /home/airflow/.local/lib/python3.8/site-packages/airflow/example_dags/example_setup_teardown.py took 0.090 seconds
