[2024-03-29T01:50:18.375+0000] {processor.py:157} INFO - Started process (PID=34) to work on /home/airflow/.local/lib/python3.8/site-packages/airflow/example_dags/example_datasets.py
[2024-03-29T01:50:18.446+0000] {processor.py:829} INFO - Processing file /home/airflow/.local/lib/python3.8/site-packages/airflow/example_dags/example_datasets.py for tasks to queue
[2024-03-29T01:50:18.488+0000] {logging_mixin.py:151} INFO - [2024-03-29T01:50:18.480+0000] {dagbag.py:539} INFO - Filling up the DagBag from /home/airflow/.local/lib/python3.8/site-packages/airflow/example_dags/example_datasets.py
[2024-03-29T01:50:18.647+0000] {processor.py:839} INFO - DAG(s) dict_keys(['dataset_produces_1', 'dataset_produces_2', 'dataset_consumes_unknown_never_scheduled', 'dataset_consumes_1_and_2', 'dataset_consumes_1', 'dataset_consumes_1_never_scheduled']) retrieved from /home/airflow/.local/lib/python3.8/site-packages/airflow/example_dags/example_datasets.py
[2024-03-29T01:50:18.932+0000] {logging_mixin.py:151} INFO - [2024-03-29T01:50:18.932+0000] {dag.py:2915} INFO - Sync 6 DAGs
[2024-03-29T01:50:21.574+0000] {logging_mixin.py:151} INFO - [2024-03-29T01:50:21.574+0000] {dag.py:3696} INFO - Setting next_dagrun for dataset_consumes_1 to None, run_after=None
[2024-03-29T01:50:21.588+0000] {logging_mixin.py:151} INFO - [2024-03-29T01:50:21.588+0000] {dag.py:3696} INFO - Setting next_dagrun for dataset_consumes_1_and_2 to None, run_after=None
[2024-03-29T01:50:21.590+0000] {logging_mixin.py:151} INFO - [2024-03-29T01:50:21.590+0000] {dag.py:3696} INFO - Setting next_dagrun for dataset_consumes_1_never_scheduled to None, run_after=None
[2024-03-29T01:50:21.593+0000] {logging_mixin.py:151} INFO - [2024-03-29T01:50:21.593+0000] {dag.py:3696} INFO - Setting next_dagrun for dataset_consumes_unknown_never_scheduled to None, run_after=None
[2024-03-29T01:50:21.600+0000] {logging_mixin.py:151} INFO - [2024-03-29T01:50:21.600+0000] {dag.py:3696} INFO - Setting next_dagrun for dataset_produces_1 to 2024-03-28T00:00:00+00:00, run_after=2024-03-29T00:00:00+00:00
[2024-03-29T01:50:21.606+0000] {logging_mixin.py:151} INFO - [2024-03-29T01:50:21.605+0000] {dag.py:3696} INFO - Setting next_dagrun for dataset_produces_2 to None, run_after=None
[2024-03-29T01:50:21.701+0000] {processor.py:179} INFO - Processing /home/airflow/.local/lib/python3.8/site-packages/airflow/example_dags/example_datasets.py took 3.501 seconds
[2024-03-29T01:50:52.032+0000] {processor.py:157} INFO - Started process (PID=89) to work on /home/airflow/.local/lib/python3.8/site-packages/airflow/example_dags/example_datasets.py
[2024-03-29T01:50:52.033+0000] {processor.py:829} INFO - Processing file /home/airflow/.local/lib/python3.8/site-packages/airflow/example_dags/example_datasets.py for tasks to queue
[2024-03-29T01:50:52.035+0000] {logging_mixin.py:151} INFO - [2024-03-29T01:50:52.035+0000] {dagbag.py:539} INFO - Filling up the DagBag from /home/airflow/.local/lib/python3.8/site-packages/airflow/example_dags/example_datasets.py
[2024-03-29T01:50:52.049+0000] {processor.py:839} INFO - DAG(s) dict_keys(['dataset_consumes_1_never_scheduled', 'dataset_consumes_1', 'dataset_produces_1', 'dataset_produces_2', 'dataset_consumes_1_and_2', 'dataset_consumes_unknown_never_scheduled']) retrieved from /home/airflow/.local/lib/python3.8/site-packages/airflow/example_dags/example_datasets.py
[2024-03-29T01:50:52.094+0000] {logging_mixin.py:151} INFO - [2024-03-29T01:50:52.094+0000] {dag.py:2915} INFO - Sync 6 DAGs
[2024-03-29T01:50:52.119+0000] {logging_mixin.py:151} INFO - [2024-03-29T01:50:52.118+0000] {dag.py:3696} INFO - Setting next_dagrun for dataset_consumes_1 to None, run_after=None
[2024-03-29T01:50:52.124+0000] {logging_mixin.py:151} INFO - [2024-03-29T01:50:52.124+0000] {dag.py:3696} INFO - Setting next_dagrun for dataset_consumes_1_and_2 to None, run_after=None
[2024-03-29T01:50:52.126+0000] {logging_mixin.py:151} INFO - [2024-03-29T01:50:52.126+0000] {dag.py:3696} INFO - Setting next_dagrun for dataset_consumes_1_never_scheduled to None, run_after=None
[2024-03-29T01:50:52.128+0000] {logging_mixin.py:151} INFO - [2024-03-29T01:50:52.128+0000] {dag.py:3696} INFO - Setting next_dagrun for dataset_consumes_unknown_never_scheduled to None, run_after=None
[2024-03-29T01:50:52.132+0000] {logging_mixin.py:151} INFO - [2024-03-29T01:50:52.132+0000] {dag.py:3696} INFO - Setting next_dagrun for dataset_produces_1 to 2024-03-28T00:00:00+00:00, run_after=2024-03-29T00:00:00+00:00
[2024-03-29T01:50:52.134+0000] {logging_mixin.py:151} INFO - [2024-03-29T01:50:52.134+0000] {dag.py:3696} INFO - Setting next_dagrun for dataset_produces_2 to None, run_after=None
[2024-03-29T01:50:52.181+0000] {processor.py:179} INFO - Processing /home/airflow/.local/lib/python3.8/site-packages/airflow/example_dags/example_datasets.py took 0.152 seconds
[2024-03-29T01:51:22.440+0000] {processor.py:157} INFO - Started process (PID=142) to work on /home/airflow/.local/lib/python3.8/site-packages/airflow/example_dags/example_datasets.py
[2024-03-29T01:51:22.441+0000] {processor.py:829} INFO - Processing file /home/airflow/.local/lib/python3.8/site-packages/airflow/example_dags/example_datasets.py for tasks to queue
[2024-03-29T01:51:22.444+0000] {logging_mixin.py:151} INFO - [2024-03-29T01:51:22.444+0000] {dagbag.py:539} INFO - Filling up the DagBag from /home/airflow/.local/lib/python3.8/site-packages/airflow/example_dags/example_datasets.py
[2024-03-29T01:51:22.457+0000] {processor.py:839} INFO - DAG(s) dict_keys(['dataset_produces_2', 'dataset_produces_1', 'dataset_consumes_unknown_never_scheduled', 'dataset_consumes_1_never_scheduled', 'dataset_consumes_1', 'dataset_consumes_1_and_2']) retrieved from /home/airflow/.local/lib/python3.8/site-packages/airflow/example_dags/example_datasets.py
[2024-03-29T01:51:22.476+0000] {logging_mixin.py:151} INFO - [2024-03-29T01:51:22.476+0000] {dag.py:2915} INFO - Sync 6 DAGs
[2024-03-29T01:51:22.504+0000] {logging_mixin.py:151} INFO - [2024-03-29T01:51:22.504+0000] {dag.py:3696} INFO - Setting next_dagrun for dataset_consumes_1 to None, run_after=None
[2024-03-29T01:51:22.509+0000] {logging_mixin.py:151} INFO - [2024-03-29T01:51:22.509+0000] {dag.py:3696} INFO - Setting next_dagrun for dataset_consumes_1_and_2 to None, run_after=None
[2024-03-29T01:51:22.511+0000] {logging_mixin.py:151} INFO - [2024-03-29T01:51:22.511+0000] {dag.py:3696} INFO - Setting next_dagrun for dataset_consumes_1_never_scheduled to None, run_after=None
[2024-03-29T01:51:22.513+0000] {logging_mixin.py:151} INFO - [2024-03-29T01:51:22.513+0000] {dag.py:3696} INFO - Setting next_dagrun for dataset_consumes_unknown_never_scheduled to None, run_after=None
[2024-03-29T01:51:22.516+0000] {logging_mixin.py:151} INFO - [2024-03-29T01:51:22.516+0000] {dag.py:3696} INFO - Setting next_dagrun for dataset_produces_1 to 2024-03-28T00:00:00+00:00, run_after=2024-03-29T00:00:00+00:00
[2024-03-29T01:51:22.518+0000] {logging_mixin.py:151} INFO - [2024-03-29T01:51:22.518+0000] {dag.py:3696} INFO - Setting next_dagrun for dataset_produces_2 to None, run_after=None
[2024-03-29T01:51:22.561+0000] {processor.py:179} INFO - Processing /home/airflow/.local/lib/python3.8/site-packages/airflow/example_dags/example_datasets.py took 0.125 seconds
[2024-03-29T01:51:52.605+0000] {processor.py:157} INFO - Started process (PID=197) to work on /home/airflow/.local/lib/python3.8/site-packages/airflow/example_dags/example_datasets.py
[2024-03-29T01:51:52.608+0000] {processor.py:829} INFO - Processing file /home/airflow/.local/lib/python3.8/site-packages/airflow/example_dags/example_datasets.py for tasks to queue
[2024-03-29T01:51:52.610+0000] {logging_mixin.py:151} INFO - [2024-03-29T01:51:52.610+0000] {dagbag.py:539} INFO - Filling up the DagBag from /home/airflow/.local/lib/python3.8/site-packages/airflow/example_dags/example_datasets.py
[2024-03-29T01:51:52.621+0000] {processor.py:839} INFO - DAG(s) dict_keys(['dataset_produces_1', 'dataset_produces_2', 'dataset_consumes_1_and_2', 'dataset_consumes_1', 'dataset_consumes_unknown_never_scheduled', 'dataset_consumes_1_never_scheduled']) retrieved from /home/airflow/.local/lib/python3.8/site-packages/airflow/example_dags/example_datasets.py
[2024-03-29T01:51:52.663+0000] {logging_mixin.py:151} INFO - [2024-03-29T01:51:52.662+0000] {dag.py:2915} INFO - Sync 6 DAGs
[2024-03-29T01:51:52.689+0000] {logging_mixin.py:151} INFO - [2024-03-29T01:51:52.688+0000] {dag.py:3696} INFO - Setting next_dagrun for dataset_consumes_1 to None, run_after=None
[2024-03-29T01:51:52.693+0000] {logging_mixin.py:151} INFO - [2024-03-29T01:51:52.692+0000] {dag.py:3696} INFO - Setting next_dagrun for dataset_consumes_1_and_2 to None, run_after=None
[2024-03-29T01:51:52.695+0000] {logging_mixin.py:151} INFO - [2024-03-29T01:51:52.695+0000] {dag.py:3696} INFO - Setting next_dagrun for dataset_consumes_1_never_scheduled to None, run_after=None
[2024-03-29T01:51:52.698+0000] {logging_mixin.py:151} INFO - [2024-03-29T01:51:52.698+0000] {dag.py:3696} INFO - Setting next_dagrun for dataset_consumes_unknown_never_scheduled to None, run_after=None
[2024-03-29T01:51:52.702+0000] {logging_mixin.py:151} INFO - [2024-03-29T01:51:52.702+0000] {dag.py:3696} INFO - Setting next_dagrun for dataset_produces_1 to 2024-03-28T00:00:00+00:00, run_after=2024-03-29T00:00:00+00:00
[2024-03-29T01:51:52.705+0000] {logging_mixin.py:151} INFO - [2024-03-29T01:51:52.705+0000] {dag.py:3696} INFO - Setting next_dagrun for dataset_produces_2 to None, run_after=None
[2024-03-29T01:51:52.744+0000] {processor.py:179} INFO - Processing /home/airflow/.local/lib/python3.8/site-packages/airflow/example_dags/example_datasets.py took 0.141 seconds
[2024-03-29T01:52:23.053+0000] {processor.py:157} INFO - Started process (PID=251) to work on /home/airflow/.local/lib/python3.8/site-packages/airflow/example_dags/example_datasets.py
[2024-03-29T01:52:23.054+0000] {processor.py:829} INFO - Processing file /home/airflow/.local/lib/python3.8/site-packages/airflow/example_dags/example_datasets.py for tasks to queue
[2024-03-29T01:52:23.056+0000] {logging_mixin.py:151} INFO - [2024-03-29T01:52:23.056+0000] {dagbag.py:539} INFO - Filling up the DagBag from /home/airflow/.local/lib/python3.8/site-packages/airflow/example_dags/example_datasets.py
[2024-03-29T01:52:23.066+0000] {processor.py:839} INFO - DAG(s) dict_keys(['dataset_consumes_1_and_2', 'dataset_consumes_1', 'dataset_consumes_unknown_never_scheduled', 'dataset_produces_2', 'dataset_produces_1', 'dataset_consumes_1_never_scheduled']) retrieved from /home/airflow/.local/lib/python3.8/site-packages/airflow/example_dags/example_datasets.py
[2024-03-29T01:52:23.114+0000] {logging_mixin.py:151} INFO - [2024-03-29T01:52:23.114+0000] {dag.py:2915} INFO - Sync 6 DAGs
[2024-03-29T01:52:23.139+0000] {logging_mixin.py:151} INFO - [2024-03-29T01:52:23.138+0000] {dag.py:3696} INFO - Setting next_dagrun for dataset_consumes_1 to None, run_after=None
[2024-03-29T01:52:23.143+0000] {logging_mixin.py:151} INFO - [2024-03-29T01:52:23.142+0000] {dag.py:3696} INFO - Setting next_dagrun for dataset_consumes_1_and_2 to None, run_after=None
[2024-03-29T01:52:23.145+0000] {logging_mixin.py:151} INFO - [2024-03-29T01:52:23.144+0000] {dag.py:3696} INFO - Setting next_dagrun for dataset_consumes_1_never_scheduled to None, run_after=None
[2024-03-29T01:52:23.147+0000] {logging_mixin.py:151} INFO - [2024-03-29T01:52:23.146+0000] {dag.py:3696} INFO - Setting next_dagrun for dataset_consumes_unknown_never_scheduled to None, run_after=None
[2024-03-29T01:52:23.151+0000] {logging_mixin.py:151} INFO - [2024-03-29T01:52:23.150+0000] {dag.py:3696} INFO - Setting next_dagrun for dataset_produces_1 to 2024-03-28T00:00:00+00:00, run_after=2024-03-29T00:00:00+00:00
[2024-03-29T01:52:23.153+0000] {logging_mixin.py:151} INFO - [2024-03-29T01:52:23.152+0000] {dag.py:3696} INFO - Setting next_dagrun for dataset_produces_2 to None, run_after=None
[2024-03-29T01:52:23.196+0000] {processor.py:179} INFO - Processing /home/airflow/.local/lib/python3.8/site-packages/airflow/example_dags/example_datasets.py took 0.147 seconds
[2024-03-29T01:52:53.471+0000] {processor.py:157} INFO - Started process (PID=305) to work on /home/airflow/.local/lib/python3.8/site-packages/airflow/example_dags/example_datasets.py
[2024-03-29T01:52:53.481+0000] {processor.py:829} INFO - Processing file /home/airflow/.local/lib/python3.8/site-packages/airflow/example_dags/example_datasets.py for tasks to queue
[2024-03-29T01:52:53.483+0000] {logging_mixin.py:151} INFO - [2024-03-29T01:52:53.483+0000] {dagbag.py:539} INFO - Filling up the DagBag from /home/airflow/.local/lib/python3.8/site-packages/airflow/example_dags/example_datasets.py
[2024-03-29T01:52:53.494+0000] {processor.py:839} INFO - DAG(s) dict_keys(['dataset_consumes_1_never_scheduled', 'dataset_produces_2', 'dataset_consumes_unknown_never_scheduled', 'dataset_consumes_1', 'dataset_consumes_1_and_2', 'dataset_produces_1']) retrieved from /home/airflow/.local/lib/python3.8/site-packages/airflow/example_dags/example_datasets.py
[2024-03-29T01:52:53.535+0000] {logging_mixin.py:151} INFO - [2024-03-29T01:52:53.534+0000] {dag.py:2915} INFO - Sync 6 DAGs
[2024-03-29T01:52:53.560+0000] {logging_mixin.py:151} INFO - [2024-03-29T01:52:53.559+0000] {dag.py:3696} INFO - Setting next_dagrun for dataset_consumes_1 to None, run_after=None
[2024-03-29T01:52:53.564+0000] {logging_mixin.py:151} INFO - [2024-03-29T01:52:53.564+0000] {dag.py:3696} INFO - Setting next_dagrun for dataset_consumes_1_and_2 to None, run_after=None
[2024-03-29T01:52:53.566+0000] {logging_mixin.py:151} INFO - [2024-03-29T01:52:53.566+0000] {dag.py:3696} INFO - Setting next_dagrun for dataset_consumes_1_never_scheduled to None, run_after=None
[2024-03-29T01:52:53.569+0000] {logging_mixin.py:151} INFO - [2024-03-29T01:52:53.569+0000] {dag.py:3696} INFO - Setting next_dagrun for dataset_consumes_unknown_never_scheduled to None, run_after=None
[2024-03-29T01:52:53.572+0000] {logging_mixin.py:151} INFO - [2024-03-29T01:52:53.572+0000] {dag.py:3696} INFO - Setting next_dagrun for dataset_produces_1 to 2024-03-28T00:00:00+00:00, run_after=2024-03-29T00:00:00+00:00
[2024-03-29T01:52:53.575+0000] {logging_mixin.py:151} INFO - [2024-03-29T01:52:53.575+0000] {dag.py:3696} INFO - Setting next_dagrun for dataset_produces_2 to None, run_after=None
[2024-03-29T01:52:53.614+0000] {processor.py:179} INFO - Processing /home/airflow/.local/lib/python3.8/site-packages/airflow/example_dags/example_datasets.py took 0.146 seconds
[2024-03-29T01:53:23.771+0000] {processor.py:157} INFO - Started process (PID=360) to work on /home/airflow/.local/lib/python3.8/site-packages/airflow/example_dags/example_datasets.py
[2024-03-29T01:53:23.772+0000] {processor.py:829} INFO - Processing file /home/airflow/.local/lib/python3.8/site-packages/airflow/example_dags/example_datasets.py for tasks to queue
[2024-03-29T01:53:23.775+0000] {logging_mixin.py:151} INFO - [2024-03-29T01:53:23.775+0000] {dagbag.py:539} INFO - Filling up the DagBag from /home/airflow/.local/lib/python3.8/site-packages/airflow/example_dags/example_datasets.py
[2024-03-29T01:53:23.785+0000] {processor.py:839} INFO - DAG(s) dict_keys(['dataset_consumes_unknown_never_scheduled', 'dataset_consumes_1_and_2', 'dataset_consumes_1_never_scheduled', 'dataset_produces_2', 'dataset_consumes_1', 'dataset_produces_1']) retrieved from /home/airflow/.local/lib/python3.8/site-packages/airflow/example_dags/example_datasets.py
[2024-03-29T01:53:23.826+0000] {logging_mixin.py:151} INFO - [2024-03-29T01:53:23.826+0000] {dag.py:2915} INFO - Sync 6 DAGs
[2024-03-29T01:53:23.849+0000] {logging_mixin.py:151} INFO - [2024-03-29T01:53:23.849+0000] {dag.py:3696} INFO - Setting next_dagrun for dataset_consumes_1 to None, run_after=None
[2024-03-29T01:53:23.853+0000] {logging_mixin.py:151} INFO - [2024-03-29T01:53:23.853+0000] {dag.py:3696} INFO - Setting next_dagrun for dataset_consumes_1_and_2 to None, run_after=None
[2024-03-29T01:53:23.856+0000] {logging_mixin.py:151} INFO - [2024-03-29T01:53:23.856+0000] {dag.py:3696} INFO - Setting next_dagrun for dataset_consumes_1_never_scheduled to None, run_after=None
[2024-03-29T01:53:23.859+0000] {logging_mixin.py:151} INFO - [2024-03-29T01:53:23.858+0000] {dag.py:3696} INFO - Setting next_dagrun for dataset_consumes_unknown_never_scheduled to None, run_after=None
[2024-03-29T01:53:23.862+0000] {logging_mixin.py:151} INFO - [2024-03-29T01:53:23.862+0000] {dag.py:3696} INFO - Setting next_dagrun for dataset_produces_1 to 2024-03-28T00:00:00+00:00, run_after=2024-03-29T00:00:00+00:00
[2024-03-29T01:53:23.865+0000] {logging_mixin.py:151} INFO - [2024-03-29T01:53:23.865+0000] {dag.py:3696} INFO - Setting next_dagrun for dataset_produces_2 to None, run_after=None
[2024-03-29T01:53:23.903+0000] {processor.py:179} INFO - Processing /home/airflow/.local/lib/python3.8/site-packages/airflow/example_dags/example_datasets.py took 0.135 seconds
[2024-03-29T01:53:54.049+0000] {processor.py:157} INFO - Started process (PID=419) to work on /home/airflow/.local/lib/python3.8/site-packages/airflow/example_dags/example_datasets.py
[2024-03-29T01:53:54.051+0000] {processor.py:829} INFO - Processing file /home/airflow/.local/lib/python3.8/site-packages/airflow/example_dags/example_datasets.py for tasks to queue
[2024-03-29T01:53:54.053+0000] {logging_mixin.py:151} INFO - [2024-03-29T01:53:54.053+0000] {dagbag.py:539} INFO - Filling up the DagBag from /home/airflow/.local/lib/python3.8/site-packages/airflow/example_dags/example_datasets.py
[2024-03-29T01:53:54.080+0000] {processor.py:839} INFO - DAG(s) dict_keys(['dataset_consumes_1_and_2', 'dataset_produces_2', 'dataset_produces_1', 'dataset_consumes_unknown_never_scheduled', 'dataset_consumes_1', 'dataset_consumes_1_never_scheduled']) retrieved from /home/airflow/.local/lib/python3.8/site-packages/airflow/example_dags/example_datasets.py
[2024-03-29T01:53:54.126+0000] {logging_mixin.py:151} INFO - [2024-03-29T01:53:54.126+0000] {dag.py:2915} INFO - Sync 6 DAGs
[2024-03-29T01:53:54.159+0000] {logging_mixin.py:151} INFO - [2024-03-29T01:53:54.158+0000] {dag.py:3696} INFO - Setting next_dagrun for dataset_consumes_1 to None, run_after=None
[2024-03-29T01:53:54.164+0000] {logging_mixin.py:151} INFO - [2024-03-29T01:53:54.164+0000] {dag.py:3696} INFO - Setting next_dagrun for dataset_consumes_1_and_2 to None, run_after=None
[2024-03-29T01:53:54.167+0000] {logging_mixin.py:151} INFO - [2024-03-29T01:53:54.167+0000] {dag.py:3696} INFO - Setting next_dagrun for dataset_consumes_1_never_scheduled to None, run_after=None
[2024-03-29T01:53:54.170+0000] {logging_mixin.py:151} INFO - [2024-03-29T01:53:54.170+0000] {dag.py:3696} INFO - Setting next_dagrun for dataset_consumes_unknown_never_scheduled to None, run_after=None
[2024-03-29T01:53:54.175+0000] {logging_mixin.py:151} INFO - [2024-03-29T01:53:54.174+0000] {dag.py:3696} INFO - Setting next_dagrun for dataset_produces_1 to 2024-03-28T00:00:00+00:00, run_after=2024-03-29T00:00:00+00:00
[2024-03-29T01:53:54.176+0000] {logging_mixin.py:151} INFO - [2024-03-29T01:53:54.176+0000] {dag.py:3696} INFO - Setting next_dagrun for dataset_produces_2 to None, run_after=None
[2024-03-29T01:53:54.224+0000] {processor.py:179} INFO - Processing /home/airflow/.local/lib/python3.8/site-packages/airflow/example_dags/example_datasets.py took 0.190 seconds
[2024-03-29T01:54:24.303+0000] {processor.py:157} INFO - Started process (PID=473) to work on /home/airflow/.local/lib/python3.8/site-packages/airflow/example_dags/example_datasets.py
[2024-03-29T01:54:24.304+0000] {processor.py:829} INFO - Processing file /home/airflow/.local/lib/python3.8/site-packages/airflow/example_dags/example_datasets.py for tasks to queue
[2024-03-29T01:54:24.307+0000] {logging_mixin.py:151} INFO - [2024-03-29T01:54:24.307+0000] {dagbag.py:539} INFO - Filling up the DagBag from /home/airflow/.local/lib/python3.8/site-packages/airflow/example_dags/example_datasets.py
[2024-03-29T01:54:24.318+0000] {processor.py:839} INFO - DAG(s) dict_keys(['dataset_consumes_1', 'dataset_consumes_1_and_2', 'dataset_produces_1', 'dataset_produces_2', 'dataset_consumes_1_never_scheduled', 'dataset_consumes_unknown_never_scheduled']) retrieved from /home/airflow/.local/lib/python3.8/site-packages/airflow/example_dags/example_datasets.py
[2024-03-29T01:54:24.360+0000] {logging_mixin.py:151} INFO - [2024-03-29T01:54:24.360+0000] {dag.py:2915} INFO - Sync 6 DAGs
[2024-03-29T01:54:24.382+0000] {logging_mixin.py:151} INFO - [2024-03-29T01:54:24.382+0000] {dag.py:3696} INFO - Setting next_dagrun for dataset_consumes_1 to None, run_after=None
[2024-03-29T01:54:24.386+0000] {logging_mixin.py:151} INFO - [2024-03-29T01:54:24.386+0000] {dag.py:3696} INFO - Setting next_dagrun for dataset_consumes_1_and_2 to None, run_after=None
[2024-03-29T01:54:24.388+0000] {logging_mixin.py:151} INFO - [2024-03-29T01:54:24.388+0000] {dag.py:3696} INFO - Setting next_dagrun for dataset_consumes_1_never_scheduled to None, run_after=None
[2024-03-29T01:54:24.390+0000] {logging_mixin.py:151} INFO - [2024-03-29T01:54:24.390+0000] {dag.py:3696} INFO - Setting next_dagrun for dataset_consumes_unknown_never_scheduled to None, run_after=None
[2024-03-29T01:54:24.393+0000] {logging_mixin.py:151} INFO - [2024-03-29T01:54:24.393+0000] {dag.py:3696} INFO - Setting next_dagrun for dataset_produces_1 to 2024-03-28T00:00:00+00:00, run_after=2024-03-29T00:00:00+00:00
[2024-03-29T01:54:24.395+0000] {logging_mixin.py:151} INFO - [2024-03-29T01:54:24.395+0000] {dag.py:3696} INFO - Setting next_dagrun for dataset_produces_2 to None, run_after=None
[2024-03-29T01:54:24.434+0000] {processor.py:179} INFO - Processing /home/airflow/.local/lib/python3.8/site-packages/airflow/example_dags/example_datasets.py took 0.135 seconds
[2024-03-29T01:54:54.727+0000] {processor.py:157} INFO - Started process (PID=526) to work on /home/airflow/.local/lib/python3.8/site-packages/airflow/example_dags/example_datasets.py
[2024-03-29T01:54:54.728+0000] {processor.py:829} INFO - Processing file /home/airflow/.local/lib/python3.8/site-packages/airflow/example_dags/example_datasets.py for tasks to queue
[2024-03-29T01:54:54.731+0000] {logging_mixin.py:151} INFO - [2024-03-29T01:54:54.731+0000] {dagbag.py:539} INFO - Filling up the DagBag from /home/airflow/.local/lib/python3.8/site-packages/airflow/example_dags/example_datasets.py
[2024-03-29T01:54:54.740+0000] {processor.py:839} INFO - DAG(s) dict_keys(['dataset_consumes_1_and_2', 'dataset_consumes_1', 'dataset_consumes_1_never_scheduled', 'dataset_consumes_unknown_never_scheduled', 'dataset_produces_2', 'dataset_produces_1']) retrieved from /home/airflow/.local/lib/python3.8/site-packages/airflow/example_dags/example_datasets.py
[2024-03-29T01:54:54.783+0000] {logging_mixin.py:151} INFO - [2024-03-29T01:54:54.783+0000] {dag.py:2915} INFO - Sync 6 DAGs
[2024-03-29T01:54:54.806+0000] {logging_mixin.py:151} INFO - [2024-03-29T01:54:54.806+0000] {dag.py:3696} INFO - Setting next_dagrun for dataset_consumes_1 to None, run_after=None
[2024-03-29T01:54:54.811+0000] {logging_mixin.py:151} INFO - [2024-03-29T01:54:54.811+0000] {dag.py:3696} INFO - Setting next_dagrun for dataset_consumes_1_and_2 to None, run_after=None
[2024-03-29T01:54:54.813+0000] {logging_mixin.py:151} INFO - [2024-03-29T01:54:54.813+0000] {dag.py:3696} INFO - Setting next_dagrun for dataset_consumes_1_never_scheduled to None, run_after=None
[2024-03-29T01:54:54.815+0000] {logging_mixin.py:151} INFO - [2024-03-29T01:54:54.815+0000] {dag.py:3696} INFO - Setting next_dagrun for dataset_consumes_unknown_never_scheduled to None, run_after=None
[2024-03-29T01:54:54.819+0000] {logging_mixin.py:151} INFO - [2024-03-29T01:54:54.819+0000] {dag.py:3696} INFO - Setting next_dagrun for dataset_produces_1 to 2024-03-28T00:00:00+00:00, run_after=2024-03-29T00:00:00+00:00
[2024-03-29T01:54:54.821+0000] {logging_mixin.py:151} INFO - [2024-03-29T01:54:54.821+0000] {dag.py:3696} INFO - Setting next_dagrun for dataset_produces_2 to None, run_after=None
[2024-03-29T01:54:54.858+0000] {processor.py:179} INFO - Processing /home/airflow/.local/lib/python3.8/site-packages/airflow/example_dags/example_datasets.py took 0.135 seconds
