[2024-03-29T01:50:34.254+0000] {processor.py:157} INFO - Started process (PID=67) to work on /home/airflow/.local/lib/python3.8/site-packages/airflow/example_dags/example_latest_only_with_trigger.py
[2024-03-29T01:50:34.261+0000] {processor.py:829} INFO - Processing file /home/airflow/.local/lib/python3.8/site-packages/airflow/example_dags/example_latest_only_with_trigger.py for tasks to queue
[2024-03-29T01:50:34.295+0000] {logging_mixin.py:151} INFO - [2024-03-29T01:50:34.293+0000] {dagbag.py:539} INFO - Filling up the DagBag from /home/airflow/.local/lib/python3.8/site-packages/airflow/example_dags/example_latest_only_with_trigger.py
[2024-03-29T01:50:34.421+0000] {processor.py:839} INFO - DAG(s) dict_keys(['latest_only_with_trigger']) retrieved from /home/airflow/.local/lib/python3.8/site-packages/airflow/example_dags/example_latest_only_with_trigger.py
[2024-03-29T01:50:34.694+0000] {logging_mixin.py:151} INFO - [2024-03-29T01:50:34.693+0000] {dag.py:2915} INFO - Sync 1 DAGs
[2024-03-29T01:50:34.856+0000] {logging_mixin.py:151} INFO - [2024-03-29T01:50:34.856+0000] {dag.py:3696} INFO - Setting next_dagrun for latest_only_with_trigger to 2024-03-28T21:50:34.852547+00:00, run_after=2024-03-29T01:50:34.852547+00:00
[2024-03-29T01:50:34.988+0000] {processor.py:179} INFO - Processing /home/airflow/.local/lib/python3.8/site-packages/airflow/example_dags/example_latest_only_with_trigger.py took 0.738 seconds
[2024-03-29T01:51:05.566+0000] {processor.py:157} INFO - Started process (PID=113) to work on /home/airflow/.local/lib/python3.8/site-packages/airflow/example_dags/example_latest_only_with_trigger.py
[2024-03-29T01:51:05.570+0000] {processor.py:829} INFO - Processing file /home/airflow/.local/lib/python3.8/site-packages/airflow/example_dags/example_latest_only_with_trigger.py for tasks to queue
[2024-03-29T01:51:05.594+0000] {logging_mixin.py:151} INFO - [2024-03-29T01:51:05.591+0000] {dagbag.py:539} INFO - Filling up the DagBag from /home/airflow/.local/lib/python3.8/site-packages/airflow/example_dags/example_latest_only_with_trigger.py
[2024-03-29T01:51:05.623+0000] {processor.py:839} INFO - DAG(s) dict_keys(['latest_only_with_trigger']) retrieved from /home/airflow/.local/lib/python3.8/site-packages/airflow/example_dags/example_latest_only_with_trigger.py
[2024-03-29T01:51:05.688+0000] {logging_mixin.py:151} INFO - [2024-03-29T01:51:05.688+0000] {dag.py:2915} INFO - Sync 1 DAGs
[2024-03-29T01:51:05.735+0000] {logging_mixin.py:151} INFO - [2024-03-29T01:51:05.734+0000] {dag.py:3696} INFO - Setting next_dagrun for latest_only_with_trigger to 2024-03-28T21:51:05.732841+00:00, run_after=2024-03-29T01:51:05.732841+00:00
[2024-03-29T01:51:05.791+0000] {processor.py:179} INFO - Processing /home/airflow/.local/lib/python3.8/site-packages/airflow/example_dags/example_latest_only_with_trigger.py took 0.243 seconds
[2024-03-29T01:51:35.873+0000] {processor.py:157} INFO - Started process (PID=166) to work on /home/airflow/.local/lib/python3.8/site-packages/airflow/example_dags/example_latest_only_with_trigger.py
[2024-03-29T01:51:35.875+0000] {processor.py:829} INFO - Processing file /home/airflow/.local/lib/python3.8/site-packages/airflow/example_dags/example_latest_only_with_trigger.py for tasks to queue
[2024-03-29T01:51:35.878+0000] {logging_mixin.py:151} INFO - [2024-03-29T01:51:35.878+0000] {dagbag.py:539} INFO - Filling up the DagBag from /home/airflow/.local/lib/python3.8/site-packages/airflow/example_dags/example_latest_only_with_trigger.py
[2024-03-29T01:51:35.888+0000] {processor.py:839} INFO - DAG(s) dict_keys(['latest_only_with_trigger']) retrieved from /home/airflow/.local/lib/python3.8/site-packages/airflow/example_dags/example_latest_only_with_trigger.py
[2024-03-29T01:51:35.902+0000] {logging_mixin.py:151} INFO - [2024-03-29T01:51:35.902+0000] {dag.py:2915} INFO - Sync 1 DAGs
[2024-03-29T01:51:35.926+0000] {logging_mixin.py:151} INFO - [2024-03-29T01:51:35.926+0000] {dag.py:3696} INFO - Setting next_dagrun for latest_only_with_trigger to 2024-03-28T21:51:35.925854+00:00, run_after=2024-03-29T01:51:35.925854+00:00
[2024-03-29T01:51:35.951+0000] {processor.py:179} INFO - Processing /home/airflow/.local/lib/python3.8/site-packages/airflow/example_dags/example_latest_only_with_trigger.py took 0.083 seconds
[2024-03-29T01:52:06.142+0000] {processor.py:157} INFO - Started process (PID=221) to work on /home/airflow/.local/lib/python3.8/site-packages/airflow/example_dags/example_latest_only_with_trigger.py
[2024-03-29T01:52:06.143+0000] {processor.py:829} INFO - Processing file /home/airflow/.local/lib/python3.8/site-packages/airflow/example_dags/example_latest_only_with_trigger.py for tasks to queue
[2024-03-29T01:52:06.147+0000] {logging_mixin.py:151} INFO - [2024-03-29T01:52:06.146+0000] {dagbag.py:539} INFO - Filling up the DagBag from /home/airflow/.local/lib/python3.8/site-packages/airflow/example_dags/example_latest_only_with_trigger.py
[2024-03-29T01:52:06.153+0000] {processor.py:839} INFO - DAG(s) dict_keys(['latest_only_with_trigger']) retrieved from /home/airflow/.local/lib/python3.8/site-packages/airflow/example_dags/example_latest_only_with_trigger.py
[2024-03-29T01:52:06.179+0000] {logging_mixin.py:151} INFO - [2024-03-29T01:52:06.179+0000] {dag.py:2915} INFO - Sync 1 DAGs
[2024-03-29T01:52:06.205+0000] {logging_mixin.py:151} INFO - [2024-03-29T01:52:06.205+0000] {dag.py:3696} INFO - Setting next_dagrun for latest_only_with_trigger to 2024-03-28T21:52:06.205253+00:00, run_after=2024-03-29T01:52:06.205253+00:00
[2024-03-29T01:52:06.230+0000] {processor.py:179} INFO - Processing /home/airflow/.local/lib/python3.8/site-packages/airflow/example_dags/example_latest_only_with_trigger.py took 0.091 seconds
[2024-03-29T01:52:36.376+0000] {processor.py:157} INFO - Started process (PID=275) to work on /home/airflow/.local/lib/python3.8/site-packages/airflow/example_dags/example_latest_only_with_trigger.py
[2024-03-29T01:52:36.378+0000] {processor.py:829} INFO - Processing file /home/airflow/.local/lib/python3.8/site-packages/airflow/example_dags/example_latest_only_with_trigger.py for tasks to queue
[2024-03-29T01:52:36.380+0000] {logging_mixin.py:151} INFO - [2024-03-29T01:52:36.380+0000] {dagbag.py:539} INFO - Filling up the DagBag from /home/airflow/.local/lib/python3.8/site-packages/airflow/example_dags/example_latest_only_with_trigger.py
[2024-03-29T01:52:36.386+0000] {processor.py:839} INFO - DAG(s) dict_keys(['latest_only_with_trigger']) retrieved from /home/airflow/.local/lib/python3.8/site-packages/airflow/example_dags/example_latest_only_with_trigger.py
[2024-03-29T01:52:36.409+0000] {logging_mixin.py:151} INFO - [2024-03-29T01:52:36.408+0000] {dag.py:2915} INFO - Sync 1 DAGs
[2024-03-29T01:52:36.430+0000] {logging_mixin.py:151} INFO - [2024-03-29T01:52:36.430+0000] {dag.py:3696} INFO - Setting next_dagrun for latest_only_with_trigger to 2024-03-28T21:52:36.430156+00:00, run_after=2024-03-29T01:52:36.430156+00:00
[2024-03-29T01:52:36.455+0000] {processor.py:179} INFO - Processing /home/airflow/.local/lib/python3.8/site-packages/airflow/example_dags/example_latest_only_with_trigger.py took 0.082 seconds
[2024-03-29T01:53:06.799+0000] {processor.py:157} INFO - Started process (PID=329) to work on /home/airflow/.local/lib/python3.8/site-packages/airflow/example_dags/example_latest_only_with_trigger.py
[2024-03-29T01:53:06.802+0000] {processor.py:829} INFO - Processing file /home/airflow/.local/lib/python3.8/site-packages/airflow/example_dags/example_latest_only_with_trigger.py for tasks to queue
[2024-03-29T01:53:06.805+0000] {logging_mixin.py:151} INFO - [2024-03-29T01:53:06.804+0000] {dagbag.py:539} INFO - Filling up the DagBag from /home/airflow/.local/lib/python3.8/site-packages/airflow/example_dags/example_latest_only_with_trigger.py
[2024-03-29T01:53:06.812+0000] {processor.py:839} INFO - DAG(s) dict_keys(['latest_only_with_trigger']) retrieved from /home/airflow/.local/lib/python3.8/site-packages/airflow/example_dags/example_latest_only_with_trigger.py
[2024-03-29T01:53:06.836+0000] {logging_mixin.py:151} INFO - [2024-03-29T01:53:06.836+0000] {dag.py:2915} INFO - Sync 1 DAGs
[2024-03-29T01:53:06.860+0000] {logging_mixin.py:151} INFO - [2024-03-29T01:53:06.860+0000] {dag.py:3696} INFO - Setting next_dagrun for latest_only_with_trigger to 2024-03-28T21:53:06.860457+00:00, run_after=2024-03-29T01:53:06.860457+00:00
[2024-03-29T01:53:06.884+0000] {processor.py:179} INFO - Processing /home/airflow/.local/lib/python3.8/site-packages/airflow/example_dags/example_latest_only_with_trigger.py took 0.098 seconds
[2024-03-29T01:53:37.047+0000] {processor.py:157} INFO - Started process (PID=383) to work on /home/airflow/.local/lib/python3.8/site-packages/airflow/example_dags/example_latest_only_with_trigger.py
[2024-03-29T01:53:37.049+0000] {processor.py:829} INFO - Processing file /home/airflow/.local/lib/python3.8/site-packages/airflow/example_dags/example_latest_only_with_trigger.py for tasks to queue
[2024-03-29T01:53:37.052+0000] {logging_mixin.py:151} INFO - [2024-03-29T01:53:37.051+0000] {dagbag.py:539} INFO - Filling up the DagBag from /home/airflow/.local/lib/python3.8/site-packages/airflow/example_dags/example_latest_only_with_trigger.py
[2024-03-29T01:53:37.057+0000] {processor.py:839} INFO - DAG(s) dict_keys(['latest_only_with_trigger']) retrieved from /home/airflow/.local/lib/python3.8/site-packages/airflow/example_dags/example_latest_only_with_trigger.py
[2024-03-29T01:53:37.081+0000] {logging_mixin.py:151} INFO - [2024-03-29T01:53:37.081+0000] {dag.py:2915} INFO - Sync 1 DAGs
[2024-03-29T01:53:37.103+0000] {logging_mixin.py:151} INFO - [2024-03-29T01:53:37.103+0000] {dag.py:3696} INFO - Setting next_dagrun for latest_only_with_trigger to 2024-03-28T21:53:37.103424+00:00, run_after=2024-03-29T01:53:37.103424+00:00
[2024-03-29T01:53:37.126+0000] {processor.py:179} INFO - Processing /home/airflow/.local/lib/python3.8/site-packages/airflow/example_dags/example_latest_only_with_trigger.py took 0.081 seconds
[2024-03-29T01:54:07.590+0000] {processor.py:157} INFO - Started process (PID=442) to work on /home/airflow/.local/lib/python3.8/site-packages/airflow/example_dags/example_latest_only_with_trigger.py
[2024-03-29T01:54:07.592+0000] {processor.py:829} INFO - Processing file /home/airflow/.local/lib/python3.8/site-packages/airflow/example_dags/example_latest_only_with_trigger.py for tasks to queue
[2024-03-29T01:54:07.596+0000] {logging_mixin.py:151} INFO - [2024-03-29T01:54:07.594+0000] {dagbag.py:539} INFO - Filling up the DagBag from /home/airflow/.local/lib/python3.8/site-packages/airflow/example_dags/example_latest_only_with_trigger.py
[2024-03-29T01:54:07.605+0000] {processor.py:839} INFO - DAG(s) dict_keys(['latest_only_with_trigger']) retrieved from /home/airflow/.local/lib/python3.8/site-packages/airflow/example_dags/example_latest_only_with_trigger.py
[2024-03-29T01:54:07.639+0000] {logging_mixin.py:151} INFO - [2024-03-29T01:54:07.639+0000] {dag.py:2915} INFO - Sync 1 DAGs
[2024-03-29T01:54:07.663+0000] {logging_mixin.py:151} INFO - [2024-03-29T01:54:07.663+0000] {dag.py:3696} INFO - Setting next_dagrun for latest_only_with_trigger to 2024-03-28T21:54:07.663425+00:00, run_after=2024-03-29T01:54:07.663425+00:00
[2024-03-29T01:54:07.687+0000] {processor.py:179} INFO - Processing /home/airflow/.local/lib/python3.8/site-packages/airflow/example_dags/example_latest_only_with_trigger.py took 0.101 seconds
[2024-03-29T01:54:37.817+0000] {processor.py:157} INFO - Started process (PID=503) to work on /home/airflow/.local/lib/python3.8/site-packages/airflow/example_dags/example_latest_only_with_trigger.py
[2024-03-29T01:54:37.819+0000] {processor.py:829} INFO - Processing file /home/airflow/.local/lib/python3.8/site-packages/airflow/example_dags/example_latest_only_with_trigger.py for tasks to queue
[2024-03-29T01:54:37.822+0000] {logging_mixin.py:151} INFO - [2024-03-29T01:54:37.822+0000] {dagbag.py:539} INFO - Filling up the DagBag from /home/airflow/.local/lib/python3.8/site-packages/airflow/example_dags/example_latest_only_with_trigger.py
[2024-03-29T01:54:37.828+0000] {processor.py:839} INFO - DAG(s) dict_keys(['latest_only_with_trigger']) retrieved from /home/airflow/.local/lib/python3.8/site-packages/airflow/example_dags/example_latest_only_with_trigger.py
[2024-03-29T01:54:37.854+0000] {logging_mixin.py:151} INFO - [2024-03-29T01:54:37.854+0000] {dag.py:2915} INFO - Sync 1 DAGs
[2024-03-29T01:54:37.877+0000] {logging_mixin.py:151} INFO - [2024-03-29T01:54:37.877+0000] {dag.py:3696} INFO - Setting next_dagrun for latest_only_with_trigger to 2024-03-28T21:54:37.877490+00:00, run_after=2024-03-29T01:54:37.877490+00:00
[2024-03-29T01:54:37.902+0000] {processor.py:179} INFO - Processing /home/airflow/.local/lib/python3.8/site-packages/airflow/example_dags/example_latest_only_with_trigger.py took 0.090 seconds
