[2024-03-29T01:50:37.021+0000] {processor.py:157} INFO - Started process (PID=73) to work on /home/airflow/.local/lib/python3.8/site-packages/airflow/example_dags/example_branch_labels.py
[2024-03-29T01:50:37.023+0000] {processor.py:829} INFO - Processing file /home/airflow/.local/lib/python3.8/site-packages/airflow/example_dags/example_branch_labels.py for tasks to queue
[2024-03-29T01:50:37.026+0000] {logging_mixin.py:151} INFO - [2024-03-29T01:50:37.025+0000] {dagbag.py:539} INFO - Filling up the DagBag from /home/airflow/.local/lib/python3.8/site-packages/airflow/example_dags/example_branch_labels.py
[2024-03-29T01:50:37.038+0000] {processor.py:839} INFO - DAG(s) dict_keys(['example_branch_labels']) retrieved from /home/airflow/.local/lib/python3.8/site-packages/airflow/example_dags/example_branch_labels.py
[2024-03-29T01:50:37.119+0000] {logging_mixin.py:151} INFO - [2024-03-29T01:50:37.119+0000] {dag.py:2915} INFO - Sync 1 DAGs
[2024-03-29T01:50:37.171+0000] {logging_mixin.py:151} INFO - [2024-03-29T01:50:37.171+0000] {dag.py:3696} INFO - Setting next_dagrun for example_branch_labels to 2024-03-28T00:00:00+00:00, run_after=2024-03-29T00:00:00+00:00
[2024-03-29T01:50:37.204+0000] {processor.py:179} INFO - Processing /home/airflow/.local/lib/python3.8/site-packages/airflow/example_dags/example_branch_labels.py took 0.187 seconds
[2024-03-29T01:51:07.907+0000] {processor.py:157} INFO - Started process (PID=127) to work on /home/airflow/.local/lib/python3.8/site-packages/airflow/example_dags/example_branch_labels.py
[2024-03-29T01:51:07.909+0000] {processor.py:829} INFO - Processing file /home/airflow/.local/lib/python3.8/site-packages/airflow/example_dags/example_branch_labels.py for tasks to queue
[2024-03-29T01:51:07.912+0000] {logging_mixin.py:151} INFO - [2024-03-29T01:51:07.911+0000] {dagbag.py:539} INFO - Filling up the DagBag from /home/airflow/.local/lib/python3.8/site-packages/airflow/example_dags/example_branch_labels.py
[2024-03-29T01:51:07.921+0000] {processor.py:839} INFO - DAG(s) dict_keys(['example_branch_labels']) retrieved from /home/airflow/.local/lib/python3.8/site-packages/airflow/example_dags/example_branch_labels.py
[2024-03-29T01:51:07.947+0000] {logging_mixin.py:151} INFO - [2024-03-29T01:51:07.947+0000] {dag.py:2915} INFO - Sync 1 DAGs
[2024-03-29T01:51:07.983+0000] {logging_mixin.py:151} INFO - [2024-03-29T01:51:07.982+0000] {dag.py:3696} INFO - Setting next_dagrun for example_branch_labels to 2024-03-28T00:00:00+00:00, run_after=2024-03-29T00:00:00+00:00
[2024-03-29T01:51:08.014+0000] {processor.py:179} INFO - Processing /home/airflow/.local/lib/python3.8/site-packages/airflow/example_dags/example_branch_labels.py took 0.111 seconds
[2024-03-29T01:51:38.443+0000] {processor.py:157} INFO - Started process (PID=182) to work on /home/airflow/.local/lib/python3.8/site-packages/airflow/example_dags/example_branch_labels.py
[2024-03-29T01:51:38.445+0000] {processor.py:829} INFO - Processing file /home/airflow/.local/lib/python3.8/site-packages/airflow/example_dags/example_branch_labels.py for tasks to queue
[2024-03-29T01:51:38.448+0000] {logging_mixin.py:151} INFO - [2024-03-29T01:51:38.447+0000] {dagbag.py:539} INFO - Filling up the DagBag from /home/airflow/.local/lib/python3.8/site-packages/airflow/example_dags/example_branch_labels.py
[2024-03-29T01:51:38.456+0000] {processor.py:839} INFO - DAG(s) dict_keys(['example_branch_labels']) retrieved from /home/airflow/.local/lib/python3.8/site-packages/airflow/example_dags/example_branch_labels.py
[2024-03-29T01:51:38.469+0000] {logging_mixin.py:151} INFO - [2024-03-29T01:51:38.468+0000] {dag.py:2915} INFO - Sync 1 DAGs
[2024-03-29T01:51:38.492+0000] {logging_mixin.py:151} INFO - [2024-03-29T01:51:38.492+0000] {dag.py:3696} INFO - Setting next_dagrun for example_branch_labels to 2024-03-28T00:00:00+00:00, run_after=2024-03-29T00:00:00+00:00
[2024-03-29T01:51:38.514+0000] {processor.py:179} INFO - Processing /home/airflow/.local/lib/python3.8/site-packages/airflow/example_dags/example_branch_labels.py took 0.073 seconds
[2024-03-29T01:52:08.687+0000] {processor.py:157} INFO - Started process (PID=236) to work on /home/airflow/.local/lib/python3.8/site-packages/airflow/example_dags/example_branch_labels.py
[2024-03-29T01:52:08.689+0000] {processor.py:829} INFO - Processing file /home/airflow/.local/lib/python3.8/site-packages/airflow/example_dags/example_branch_labels.py for tasks to queue
[2024-03-29T01:52:08.691+0000] {logging_mixin.py:151} INFO - [2024-03-29T01:52:08.691+0000] {dagbag.py:539} INFO - Filling up the DagBag from /home/airflow/.local/lib/python3.8/site-packages/airflow/example_dags/example_branch_labels.py
[2024-03-29T01:52:08.700+0000] {processor.py:839} INFO - DAG(s) dict_keys(['example_branch_labels']) retrieved from /home/airflow/.local/lib/python3.8/site-packages/airflow/example_dags/example_branch_labels.py
[2024-03-29T01:52:08.733+0000] {logging_mixin.py:151} INFO - [2024-03-29T01:52:08.733+0000] {dag.py:2915} INFO - Sync 1 DAGs
[2024-03-29T01:52:08.768+0000] {logging_mixin.py:151} INFO - [2024-03-29T01:52:08.768+0000] {dag.py:3696} INFO - Setting next_dagrun for example_branch_labels to 2024-03-28T00:00:00+00:00, run_after=2024-03-29T00:00:00+00:00
[2024-03-29T01:52:08.791+0000] {processor.py:179} INFO - Processing /home/airflow/.local/lib/python3.8/site-packages/airflow/example_dags/example_branch_labels.py took 0.108 seconds
[2024-03-29T01:52:38.936+0000] {processor.py:157} INFO - Started process (PID=289) to work on /home/airflow/.local/lib/python3.8/site-packages/airflow/example_dags/example_branch_labels.py
[2024-03-29T01:52:38.938+0000] {processor.py:829} INFO - Processing file /home/airflow/.local/lib/python3.8/site-packages/airflow/example_dags/example_branch_labels.py for tasks to queue
[2024-03-29T01:52:38.941+0000] {logging_mixin.py:151} INFO - [2024-03-29T01:52:38.940+0000] {dagbag.py:539} INFO - Filling up the DagBag from /home/airflow/.local/lib/python3.8/site-packages/airflow/example_dags/example_branch_labels.py
[2024-03-29T01:52:38.949+0000] {processor.py:839} INFO - DAG(s) dict_keys(['example_branch_labels']) retrieved from /home/airflow/.local/lib/python3.8/site-packages/airflow/example_dags/example_branch_labels.py
[2024-03-29T01:52:38.980+0000] {logging_mixin.py:151} INFO - [2024-03-29T01:52:38.980+0000] {dag.py:2915} INFO - Sync 1 DAGs
[2024-03-29T01:52:39.009+0000] {logging_mixin.py:151} INFO - [2024-03-29T01:52:39.008+0000] {dag.py:3696} INFO - Setting next_dagrun for example_branch_labels to 2024-03-28T00:00:00+00:00, run_after=2024-03-29T00:00:00+00:00
[2024-03-29T01:52:39.034+0000] {processor.py:179} INFO - Processing /home/airflow/.local/lib/python3.8/site-packages/airflow/example_dags/example_branch_labels.py took 0.102 seconds
[2024-03-29T01:53:09.321+0000] {processor.py:157} INFO - Started process (PID=343) to work on /home/airflow/.local/lib/python3.8/site-packages/airflow/example_dags/example_branch_labels.py
[2024-03-29T01:53:09.322+0000] {processor.py:829} INFO - Processing file /home/airflow/.local/lib/python3.8/site-packages/airflow/example_dags/example_branch_labels.py for tasks to queue
[2024-03-29T01:53:09.325+0000] {logging_mixin.py:151} INFO - [2024-03-29T01:53:09.325+0000] {dagbag.py:539} INFO - Filling up the DagBag from /home/airflow/.local/lib/python3.8/site-packages/airflow/example_dags/example_branch_labels.py
[2024-03-29T01:53:09.334+0000] {processor.py:839} INFO - DAG(s) dict_keys(['example_branch_labels']) retrieved from /home/airflow/.local/lib/python3.8/site-packages/airflow/example_dags/example_branch_labels.py
[2024-03-29T01:53:09.356+0000] {logging_mixin.py:151} INFO - [2024-03-29T01:53:09.356+0000] {dag.py:2915} INFO - Sync 1 DAGs
[2024-03-29T01:53:09.380+0000] {logging_mixin.py:151} INFO - [2024-03-29T01:53:09.380+0000] {dag.py:3696} INFO - Setting next_dagrun for example_branch_labels to 2024-03-28T00:00:00+00:00, run_after=2024-03-29T00:00:00+00:00
[2024-03-29T01:53:09.415+0000] {processor.py:179} INFO - Processing /home/airflow/.local/lib/python3.8/site-packages/airflow/example_dags/example_branch_labels.py took 0.097 seconds
[2024-03-29T01:53:39.584+0000] {processor.py:157} INFO - Started process (PID=397) to work on /home/airflow/.local/lib/python3.8/site-packages/airflow/example_dags/example_branch_labels.py
[2024-03-29T01:53:39.586+0000] {processor.py:829} INFO - Processing file /home/airflow/.local/lib/python3.8/site-packages/airflow/example_dags/example_branch_labels.py for tasks to queue
[2024-03-29T01:53:39.589+0000] {logging_mixin.py:151} INFO - [2024-03-29T01:53:39.589+0000] {dagbag.py:539} INFO - Filling up the DagBag from /home/airflow/.local/lib/python3.8/site-packages/airflow/example_dags/example_branch_labels.py
[2024-03-29T01:53:39.597+0000] {processor.py:839} INFO - DAG(s) dict_keys(['example_branch_labels']) retrieved from /home/airflow/.local/lib/python3.8/site-packages/airflow/example_dags/example_branch_labels.py
[2024-03-29T01:53:39.621+0000] {logging_mixin.py:151} INFO - [2024-03-29T01:53:39.620+0000] {dag.py:2915} INFO - Sync 1 DAGs
[2024-03-29T01:53:39.644+0000] {logging_mixin.py:151} INFO - [2024-03-29T01:53:39.644+0000] {dag.py:3696} INFO - Setting next_dagrun for example_branch_labels to 2024-03-28T00:00:00+00:00, run_after=2024-03-29T00:00:00+00:00
[2024-03-29T01:53:39.667+0000] {processor.py:179} INFO - Processing /home/airflow/.local/lib/python3.8/site-packages/airflow/example_dags/example_branch_labels.py took 0.087 seconds
[2024-03-29T01:54:10.114+0000] {processor.py:157} INFO - Started process (PID=456) to work on /home/airflow/.local/lib/python3.8/site-packages/airflow/example_dags/example_branch_labels.py
[2024-03-29T01:54:10.116+0000] {processor.py:829} INFO - Processing file /home/airflow/.local/lib/python3.8/site-packages/airflow/example_dags/example_branch_labels.py for tasks to queue
[2024-03-29T01:54:10.119+0000] {logging_mixin.py:151} INFO - [2024-03-29T01:54:10.118+0000] {dagbag.py:539} INFO - Filling up the DagBag from /home/airflow/.local/lib/python3.8/site-packages/airflow/example_dags/example_branch_labels.py
[2024-03-29T01:54:10.134+0000] {processor.py:839} INFO - DAG(s) dict_keys(['example_branch_labels']) retrieved from /home/airflow/.local/lib/python3.8/site-packages/airflow/example_dags/example_branch_labels.py
[2024-03-29T01:54:10.160+0000] {logging_mixin.py:151} INFO - [2024-03-29T01:54:10.159+0000] {dag.py:2915} INFO - Sync 1 DAGs
[2024-03-29T01:54:10.188+0000] {logging_mixin.py:151} INFO - [2024-03-29T01:54:10.187+0000] {dag.py:3696} INFO - Setting next_dagrun for example_branch_labels to 2024-03-28T00:00:00+00:00, run_after=2024-03-29T00:00:00+00:00
[2024-03-29T01:54:10.210+0000] {processor.py:179} INFO - Processing /home/airflow/.local/lib/python3.8/site-packages/airflow/example_dags/example_branch_labels.py took 0.100 seconds
[2024-03-29T01:54:40.588+0000] {processor.py:157} INFO - Started process (PID=510) to work on /home/airflow/.local/lib/python3.8/site-packages/airflow/example_dags/example_branch_labels.py
[2024-03-29T01:54:40.590+0000] {processor.py:829} INFO - Processing file /home/airflow/.local/lib/python3.8/site-packages/airflow/example_dags/example_branch_labels.py for tasks to queue
[2024-03-29T01:54:40.593+0000] {logging_mixin.py:151} INFO - [2024-03-29T01:54:40.592+0000] {dagbag.py:539} INFO - Filling up the DagBag from /home/airflow/.local/lib/python3.8/site-packages/airflow/example_dags/example_branch_labels.py
[2024-03-29T01:54:40.601+0000] {processor.py:839} INFO - DAG(s) dict_keys(['example_branch_labels']) retrieved from /home/airflow/.local/lib/python3.8/site-packages/airflow/example_dags/example_branch_labels.py
[2024-03-29T01:54:40.629+0000] {logging_mixin.py:151} INFO - [2024-03-29T01:54:40.629+0000] {dag.py:2915} INFO - Sync 1 DAGs
[2024-03-29T01:54:40.653+0000] {logging_mixin.py:151} INFO - [2024-03-29T01:54:40.653+0000] {dag.py:3696} INFO - Setting next_dagrun for example_branch_labels to 2024-03-28T00:00:00+00:00, run_after=2024-03-29T00:00:00+00:00
[2024-03-29T01:54:40.674+0000] {processor.py:179} INFO - Processing /home/airflow/.local/lib/python3.8/site-packages/airflow/example_dags/example_branch_labels.py took 0.090 seconds
