[2024-03-29T01:50:32.322+0000] {processor.py:157} INFO - Started process (PID=59) to work on /home/airflow/.local/lib/python3.8/site-packages/airflow/example_dags/example_kubernetes_executor.py
[2024-03-29T01:50:32.324+0000] {processor.py:829} INFO - Processing file /home/airflow/.local/lib/python3.8/site-packages/airflow/example_dags/example_kubernetes_executor.py for tasks to queue
[2024-03-29T01:50:32.328+0000] {logging_mixin.py:151} INFO - [2024-03-29T01:50:32.327+0000] {dagbag.py:539} INFO - Filling up the DagBag from /home/airflow/.local/lib/python3.8/site-packages/airflow/example_dags/example_kubernetes_executor.py
[2024-03-29T01:50:36.614+0000] {processor.py:839} INFO - DAG(s) dict_keys(['example_kubernetes_executor']) retrieved from /home/airflow/.local/lib/python3.8/site-packages/airflow/example_dags/example_kubernetes_executor.py
[2024-03-29T01:50:36.760+0000] {logging_mixin.py:151} INFO - [2024-03-29T01:50:36.760+0000] {dag.py:2915} INFO - Sync 1 DAGs
[2024-03-29T01:50:36.796+0000] {logging_mixin.py:151} INFO - [2024-03-29T01:50:36.796+0000] {dag.py:3696} INFO - Setting next_dagrun for example_kubernetes_executor to None, run_after=None
[2024-03-29T01:50:36.836+0000] {processor.py:179} INFO - Processing /home/airflow/.local/lib/python3.8/site-packages/airflow/example_dags/example_kubernetes_executor.py took 4.520 seconds
[2024-03-29T01:51:06.988+0000] {processor.py:157} INFO - Started process (PID=116) to work on /home/airflow/.local/lib/python3.8/site-packages/airflow/example_dags/example_kubernetes_executor.py
[2024-03-29T01:51:06.995+0000] {processor.py:829} INFO - Processing file /home/airflow/.local/lib/python3.8/site-packages/airflow/example_dags/example_kubernetes_executor.py for tasks to queue
[2024-03-29T01:51:07.004+0000] {logging_mixin.py:151} INFO - [2024-03-29T01:51:07.003+0000] {dagbag.py:539} INFO - Filling up the DagBag from /home/airflow/.local/lib/python3.8/site-packages/airflow/example_dags/example_kubernetes_executor.py
[2024-03-29T01:51:07.508+0000] {processor.py:839} INFO - DAG(s) dict_keys(['example_kubernetes_executor']) retrieved from /home/airflow/.local/lib/python3.8/site-packages/airflow/example_dags/example_kubernetes_executor.py
[2024-03-29T01:51:07.608+0000] {logging_mixin.py:151} INFO - [2024-03-29T01:51:07.607+0000] {dag.py:2915} INFO - Sync 1 DAGs
[2024-03-29T01:51:07.627+0000] {logging_mixin.py:151} INFO - [2024-03-29T01:51:07.627+0000] {dag.py:3696} INFO - Setting next_dagrun for example_kubernetes_executor to None, run_after=None
[2024-03-29T01:51:07.858+0000] {processor.py:179} INFO - Processing /home/airflow/.local/lib/python3.8/site-packages/airflow/example_dags/example_kubernetes_executor.py took 0.884 seconds
[2024-03-29T01:51:38.114+0000] {processor.py:157} INFO - Started process (PID=178) to work on /home/airflow/.local/lib/python3.8/site-packages/airflow/example_dags/example_kubernetes_executor.py
[2024-03-29T01:51:38.115+0000] {processor.py:829} INFO - Processing file /home/airflow/.local/lib/python3.8/site-packages/airflow/example_dags/example_kubernetes_executor.py for tasks to queue
[2024-03-29T01:51:38.118+0000] {logging_mixin.py:151} INFO - [2024-03-29T01:51:38.118+0000] {dagbag.py:539} INFO - Filling up the DagBag from /home/airflow/.local/lib/python3.8/site-packages/airflow/example_dags/example_kubernetes_executor.py
[2024-03-29T01:51:38.368+0000] {processor.py:839} INFO - DAG(s) dict_keys(['example_kubernetes_executor']) retrieved from /home/airflow/.local/lib/python3.8/site-packages/airflow/example_dags/example_kubernetes_executor.py
[2024-03-29T01:51:38.383+0000] {logging_mixin.py:151} INFO - [2024-03-29T01:51:38.382+0000] {dag.py:2915} INFO - Sync 1 DAGs
[2024-03-29T01:51:38.399+0000] {logging_mixin.py:151} INFO - [2024-03-29T01:51:38.399+0000] {dag.py:3696} INFO - Setting next_dagrun for example_kubernetes_executor to None, run_after=None
[2024-03-29T01:51:38.426+0000] {processor.py:179} INFO - Processing /home/airflow/.local/lib/python3.8/site-packages/airflow/example_dags/example_kubernetes_executor.py took 0.316 seconds
[2024-03-29T01:52:08.549+0000] {processor.py:157} INFO - Started process (PID=234) to work on /home/airflow/.local/lib/python3.8/site-packages/airflow/example_dags/example_kubernetes_executor.py
[2024-03-29T01:52:08.550+0000] {processor.py:829} INFO - Processing file /home/airflow/.local/lib/python3.8/site-packages/airflow/example_dags/example_kubernetes_executor.py for tasks to queue
[2024-03-29T01:52:08.552+0000] {logging_mixin.py:151} INFO - [2024-03-29T01:52:08.552+0000] {dagbag.py:539} INFO - Filling up the DagBag from /home/airflow/.local/lib/python3.8/site-packages/airflow/example_dags/example_kubernetes_executor.py
[2024-03-29T01:52:08.832+0000] {processor.py:839} INFO - DAG(s) dict_keys(['example_kubernetes_executor']) retrieved from /home/airflow/.local/lib/python3.8/site-packages/airflow/example_dags/example_kubernetes_executor.py
[2024-03-29T01:52:08.879+0000] {logging_mixin.py:151} INFO - [2024-03-29T01:52:08.878+0000] {dag.py:2915} INFO - Sync 1 DAGs
[2024-03-29T01:52:08.903+0000] {logging_mixin.py:151} INFO - [2024-03-29T01:52:08.902+0000] {dag.py:3696} INFO - Setting next_dagrun for example_kubernetes_executor to None, run_after=None
[2024-03-29T01:52:08.931+0000] {processor.py:179} INFO - Processing /home/airflow/.local/lib/python3.8/site-packages/airflow/example_dags/example_kubernetes_executor.py took 0.386 seconds
[2024-03-29T01:52:39.077+0000] {processor.py:157} INFO - Started process (PID=290) to work on /home/airflow/.local/lib/python3.8/site-packages/airflow/example_dags/example_kubernetes_executor.py
[2024-03-29T01:52:39.079+0000] {processor.py:829} INFO - Processing file /home/airflow/.local/lib/python3.8/site-packages/airflow/example_dags/example_kubernetes_executor.py for tasks to queue
[2024-03-29T01:52:39.083+0000] {logging_mixin.py:151} INFO - [2024-03-29T01:52:39.082+0000] {dagbag.py:539} INFO - Filling up the DagBag from /home/airflow/.local/lib/python3.8/site-packages/airflow/example_dags/example_kubernetes_executor.py
[2024-03-29T01:52:39.342+0000] {processor.py:839} INFO - DAG(s) dict_keys(['example_kubernetes_executor']) retrieved from /home/airflow/.local/lib/python3.8/site-packages/airflow/example_dags/example_kubernetes_executor.py
[2024-03-29T01:52:39.386+0000] {logging_mixin.py:151} INFO - [2024-03-29T01:52:39.385+0000] {dag.py:2915} INFO - Sync 1 DAGs
[2024-03-29T01:52:39.404+0000] {logging_mixin.py:151} INFO - [2024-03-29T01:52:39.404+0000] {dag.py:3696} INFO - Setting next_dagrun for example_kubernetes_executor to None, run_after=None
[2024-03-29T01:52:39.434+0000] {processor.py:179} INFO - Processing /home/airflow/.local/lib/python3.8/site-packages/airflow/example_dags/example_kubernetes_executor.py took 0.360 seconds
[2024-03-29T01:53:09.504+0000] {processor.py:157} INFO - Started process (PID=345) to work on /home/airflow/.local/lib/python3.8/site-packages/airflow/example_dags/example_kubernetes_executor.py
[2024-03-29T01:53:09.505+0000] {processor.py:829} INFO - Processing file /home/airflow/.local/lib/python3.8/site-packages/airflow/example_dags/example_kubernetes_executor.py for tasks to queue
[2024-03-29T01:53:09.507+0000] {logging_mixin.py:151} INFO - [2024-03-29T01:53:09.507+0000] {dagbag.py:539} INFO - Filling up the DagBag from /home/airflow/.local/lib/python3.8/site-packages/airflow/example_dags/example_kubernetes_executor.py
[2024-03-29T01:53:09.773+0000] {processor.py:839} INFO - DAG(s) dict_keys(['example_kubernetes_executor']) retrieved from /home/airflow/.local/lib/python3.8/site-packages/airflow/example_dags/example_kubernetes_executor.py
[2024-03-29T01:53:09.822+0000] {logging_mixin.py:151} INFO - [2024-03-29T01:53:09.822+0000] {dag.py:2915} INFO - Sync 1 DAGs
[2024-03-29T01:53:09.835+0000] {logging_mixin.py:151} INFO - [2024-03-29T01:53:09.835+0000] {dag.py:3696} INFO - Setting next_dagrun for example_kubernetes_executor to None, run_after=None
[2024-03-29T01:53:09.860+0000] {processor.py:179} INFO - Processing /home/airflow/.local/lib/python3.8/site-packages/airflow/example_dags/example_kubernetes_executor.py took 0.360 seconds
[2024-03-29T01:53:40.598+0000] {processor.py:157} INFO - Started process (PID=399) to work on /home/airflow/.local/lib/python3.8/site-packages/airflow/example_dags/example_kubernetes_executor.py
[2024-03-29T01:53:40.600+0000] {processor.py:829} INFO - Processing file /home/airflow/.local/lib/python3.8/site-packages/airflow/example_dags/example_kubernetes_executor.py for tasks to queue
[2024-03-29T01:53:40.603+0000] {logging_mixin.py:151} INFO - [2024-03-29T01:53:40.603+0000] {dagbag.py:539} INFO - Filling up the DagBag from /home/airflow/.local/lib/python3.8/site-packages/airflow/example_dags/example_kubernetes_executor.py
[2024-03-29T01:53:40.931+0000] {processor.py:839} INFO - DAG(s) dict_keys(['example_kubernetes_executor']) retrieved from /home/airflow/.local/lib/python3.8/site-packages/airflow/example_dags/example_kubernetes_executor.py
[2024-03-29T01:53:40.977+0000] {logging_mixin.py:151} INFO - [2024-03-29T01:53:40.976+0000] {dag.py:2915} INFO - Sync 1 DAGs
[2024-03-29T01:53:41.053+0000] {logging_mixin.py:151} INFO - [2024-03-29T01:53:41.053+0000] {dag.py:3696} INFO - Setting next_dagrun for example_kubernetes_executor to None, run_after=None
[2024-03-29T01:53:41.087+0000] {processor.py:179} INFO - Processing /home/airflow/.local/lib/python3.8/site-packages/airflow/example_dags/example_kubernetes_executor.py took 0.493 seconds
[2024-03-29T01:54:11.142+0000] {processor.py:157} INFO - Started process (PID=458) to work on /home/airflow/.local/lib/python3.8/site-packages/airflow/example_dags/example_kubernetes_executor.py
[2024-03-29T01:54:11.147+0000] {processor.py:829} INFO - Processing file /home/airflow/.local/lib/python3.8/site-packages/airflow/example_dags/example_kubernetes_executor.py for tasks to queue
[2024-03-29T01:54:11.152+0000] {logging_mixin.py:151} INFO - [2024-03-29T01:54:11.151+0000] {dagbag.py:539} INFO - Filling up the DagBag from /home/airflow/.local/lib/python3.8/site-packages/airflow/example_dags/example_kubernetes_executor.py
[2024-03-29T01:54:11.436+0000] {processor.py:839} INFO - DAG(s) dict_keys(['example_kubernetes_executor']) retrieved from /home/airflow/.local/lib/python3.8/site-packages/airflow/example_dags/example_kubernetes_executor.py
[2024-03-29T01:54:11.474+0000] {logging_mixin.py:151} INFO - [2024-03-29T01:54:11.473+0000] {dag.py:2915} INFO - Sync 1 DAGs
[2024-03-29T01:54:11.490+0000] {logging_mixin.py:151} INFO - [2024-03-29T01:54:11.489+0000] {dag.py:3696} INFO - Setting next_dagrun for example_kubernetes_executor to None, run_after=None
[2024-03-29T01:54:11.509+0000] {processor.py:179} INFO - Processing /home/airflow/.local/lib/python3.8/site-packages/airflow/example_dags/example_kubernetes_executor.py took 0.372 seconds
[2024-03-29T01:54:41.744+0000] {processor.py:157} INFO - Started process (PID=512) to work on /home/airflow/.local/lib/python3.8/site-packages/airflow/example_dags/example_kubernetes_executor.py
[2024-03-29T01:54:41.746+0000] {processor.py:829} INFO - Processing file /home/airflow/.local/lib/python3.8/site-packages/airflow/example_dags/example_kubernetes_executor.py for tasks to queue
[2024-03-29T01:54:41.749+0000] {logging_mixin.py:151} INFO - [2024-03-29T01:54:41.748+0000] {dagbag.py:539} INFO - Filling up the DagBag from /home/airflow/.local/lib/python3.8/site-packages/airflow/example_dags/example_kubernetes_executor.py
[2024-03-29T01:54:42.000+0000] {processor.py:839} INFO - DAG(s) dict_keys(['example_kubernetes_executor']) retrieved from /home/airflow/.local/lib/python3.8/site-packages/airflow/example_dags/example_kubernetes_executor.py
[2024-03-29T01:54:42.049+0000] {logging_mixin.py:151} INFO - [2024-03-29T01:54:42.048+0000] {dag.py:2915} INFO - Sync 1 DAGs
[2024-03-29T01:54:42.063+0000] {logging_mixin.py:151} INFO - [2024-03-29T01:54:42.062+0000] {dag.py:3696} INFO - Setting next_dagrun for example_kubernetes_executor to None, run_after=None
[2024-03-29T01:54:42.089+0000] {processor.py:179} INFO - Processing /home/airflow/.local/lib/python3.8/site-packages/airflow/example_dags/example_kubernetes_executor.py took 0.348 seconds
