[2024-03-29T01:50:25.217+0000] {processor.py:157} INFO - Started process (PID=41) to work on /home/airflow/.local/lib/python3.8/site-packages/airflow/example_dags/example_dynamic_task_mapping.py
[2024-03-29T01:50:25.218+0000] {processor.py:829} INFO - Processing file /home/airflow/.local/lib/python3.8/site-packages/airflow/example_dags/example_dynamic_task_mapping.py for tasks to queue
[2024-03-29T01:50:25.221+0000] {logging_mixin.py:151} INFO - [2024-03-29T01:50:25.220+0000] {dagbag.py:539} INFO - Filling up the DagBag from /home/airflow/.local/lib/python3.8/site-packages/airflow/example_dags/example_dynamic_task_mapping.py
[2024-03-29T01:50:25.614+0000] {processor.py:839} INFO - DAG(s) dict_keys(['example_dynamic_task_mapping']) retrieved from /home/airflow/.local/lib/python3.8/site-packages/airflow/example_dags/example_dynamic_task_mapping.py
[2024-03-29T01:50:25.671+0000] {logging_mixin.py:151} INFO - [2024-03-29T01:50:25.670+0000] {dag.py:2915} INFO - Sync 1 DAGs
[2024-03-29T01:50:25.713+0000] {logging_mixin.py:151} INFO - [2024-03-29T01:50:25.712+0000] {dag.py:3696} INFO - Setting next_dagrun for example_dynamic_task_mapping to 2022-03-04T00:00:00+00:00, run_after=2022-03-05T00:00:00+00:00
[2024-03-29T01:50:25.742+0000] {processor.py:179} INFO - Processing /home/airflow/.local/lib/python3.8/site-packages/airflow/example_dags/example_dynamic_task_mapping.py took 0.530 seconds
[2024-03-29T01:50:56.390+0000] {processor.py:157} INFO - Started process (PID=95) to work on /home/airflow/.local/lib/python3.8/site-packages/airflow/example_dags/example_dynamic_task_mapping.py
[2024-03-29T01:50:56.395+0000] {processor.py:829} INFO - Processing file /home/airflow/.local/lib/python3.8/site-packages/airflow/example_dags/example_dynamic_task_mapping.py for tasks to queue
[2024-03-29T01:50:56.398+0000] {logging_mixin.py:151} INFO - [2024-03-29T01:50:56.398+0000] {dagbag.py:539} INFO - Filling up the DagBag from /home/airflow/.local/lib/python3.8/site-packages/airflow/example_dags/example_dynamic_task_mapping.py
[2024-03-29T01:50:56.405+0000] {processor.py:839} INFO - DAG(s) dict_keys(['example_dynamic_task_mapping']) retrieved from /home/airflow/.local/lib/python3.8/site-packages/airflow/example_dags/example_dynamic_task_mapping.py
[2024-03-29T01:50:56.428+0000] {logging_mixin.py:151} INFO - [2024-03-29T01:50:56.428+0000] {dag.py:2915} INFO - Sync 1 DAGs
[2024-03-29T01:50:56.448+0000] {logging_mixin.py:151} INFO - [2024-03-29T01:50:56.448+0000] {dag.py:3696} INFO - Setting next_dagrun for example_dynamic_task_mapping to 2022-03-04T00:00:00+00:00, run_after=2022-03-05T00:00:00+00:00
[2024-03-29T01:50:56.471+0000] {processor.py:179} INFO - Processing /home/airflow/.local/lib/python3.8/site-packages/airflow/example_dags/example_dynamic_task_mapping.py took 0.085 seconds
[2024-03-29T01:51:26.747+0000] {processor.py:157} INFO - Started process (PID=149) to work on /home/airflow/.local/lib/python3.8/site-packages/airflow/example_dags/example_dynamic_task_mapping.py
[2024-03-29T01:51:26.749+0000] {processor.py:829} INFO - Processing file /home/airflow/.local/lib/python3.8/site-packages/airflow/example_dags/example_dynamic_task_mapping.py for tasks to queue
[2024-03-29T01:51:26.752+0000] {logging_mixin.py:151} INFO - [2024-03-29T01:51:26.751+0000] {dagbag.py:539} INFO - Filling up the DagBag from /home/airflow/.local/lib/python3.8/site-packages/airflow/example_dags/example_dynamic_task_mapping.py
[2024-03-29T01:51:26.759+0000] {processor.py:839} INFO - DAG(s) dict_keys(['example_dynamic_task_mapping']) retrieved from /home/airflow/.local/lib/python3.8/site-packages/airflow/example_dags/example_dynamic_task_mapping.py
[2024-03-29T01:51:26.774+0000] {logging_mixin.py:151} INFO - [2024-03-29T01:51:26.774+0000] {dag.py:2915} INFO - Sync 1 DAGs
[2024-03-29T01:51:26.797+0000] {logging_mixin.py:151} INFO - [2024-03-29T01:51:26.797+0000] {dag.py:3696} INFO - Setting next_dagrun for example_dynamic_task_mapping to 2022-03-04T00:00:00+00:00, run_after=2022-03-05T00:00:00+00:00
[2024-03-29T01:51:26.822+0000] {processor.py:179} INFO - Processing /home/airflow/.local/lib/python3.8/site-packages/airflow/example_dags/example_dynamic_task_mapping.py took 0.079 seconds
[2024-03-29T01:51:56.951+0000] {processor.py:157} INFO - Started process (PID=204) to work on /home/airflow/.local/lib/python3.8/site-packages/airflow/example_dags/example_dynamic_task_mapping.py
[2024-03-29T01:51:56.953+0000] {processor.py:829} INFO - Processing file /home/airflow/.local/lib/python3.8/site-packages/airflow/example_dags/example_dynamic_task_mapping.py for tasks to queue
[2024-03-29T01:51:56.955+0000] {logging_mixin.py:151} INFO - [2024-03-29T01:51:56.955+0000] {dagbag.py:539} INFO - Filling up the DagBag from /home/airflow/.local/lib/python3.8/site-packages/airflow/example_dags/example_dynamic_task_mapping.py
[2024-03-29T01:51:56.962+0000] {processor.py:839} INFO - DAG(s) dict_keys(['example_dynamic_task_mapping']) retrieved from /home/airflow/.local/lib/python3.8/site-packages/airflow/example_dags/example_dynamic_task_mapping.py
[2024-03-29T01:51:56.982+0000] {logging_mixin.py:151} INFO - [2024-03-29T01:51:56.981+0000] {dag.py:2915} INFO - Sync 1 DAGs
[2024-03-29T01:51:57.003+0000] {logging_mixin.py:151} INFO - [2024-03-29T01:51:57.003+0000] {dag.py:3696} INFO - Setting next_dagrun for example_dynamic_task_mapping to 2022-03-04T00:00:00+00:00, run_after=2022-03-05T00:00:00+00:00
[2024-03-29T01:51:57.027+0000] {processor.py:179} INFO - Processing /home/airflow/.local/lib/python3.8/site-packages/airflow/example_dags/example_dynamic_task_mapping.py took 0.079 seconds
[2024-03-29T01:52:27.402+0000] {processor.py:157} INFO - Started process (PID=258) to work on /home/airflow/.local/lib/python3.8/site-packages/airflow/example_dags/example_dynamic_task_mapping.py
[2024-03-29T01:52:27.404+0000] {processor.py:829} INFO - Processing file /home/airflow/.local/lib/python3.8/site-packages/airflow/example_dags/example_dynamic_task_mapping.py for tasks to queue
[2024-03-29T01:52:27.407+0000] {logging_mixin.py:151} INFO - [2024-03-29T01:52:27.407+0000] {dagbag.py:539} INFO - Filling up the DagBag from /home/airflow/.local/lib/python3.8/site-packages/airflow/example_dags/example_dynamic_task_mapping.py
[2024-03-29T01:52:27.417+0000] {processor.py:839} INFO - DAG(s) dict_keys(['example_dynamic_task_mapping']) retrieved from /home/airflow/.local/lib/python3.8/site-packages/airflow/example_dags/example_dynamic_task_mapping.py
[2024-03-29T01:52:27.442+0000] {logging_mixin.py:151} INFO - [2024-03-29T01:52:27.442+0000] {dag.py:2915} INFO - Sync 1 DAGs
[2024-03-29T01:52:27.467+0000] {logging_mixin.py:151} INFO - [2024-03-29T01:52:27.467+0000] {dag.py:3696} INFO - Setting next_dagrun for example_dynamic_task_mapping to 2022-03-04T00:00:00+00:00, run_after=2022-03-05T00:00:00+00:00
[2024-03-29T01:52:27.490+0000] {processor.py:179} INFO - Processing /home/airflow/.local/lib/python3.8/site-packages/airflow/example_dags/example_dynamic_task_mapping.py took 0.091 seconds
[2024-03-29T01:52:57.799+0000] {processor.py:157} INFO - Started process (PID=312) to work on /home/airflow/.local/lib/python3.8/site-packages/airflow/example_dags/example_dynamic_task_mapping.py
[2024-03-29T01:52:57.800+0000] {processor.py:829} INFO - Processing file /home/airflow/.local/lib/python3.8/site-packages/airflow/example_dags/example_dynamic_task_mapping.py for tasks to queue
[2024-03-29T01:52:57.804+0000] {logging_mixin.py:151} INFO - [2024-03-29T01:52:57.803+0000] {dagbag.py:539} INFO - Filling up the DagBag from /home/airflow/.local/lib/python3.8/site-packages/airflow/example_dags/example_dynamic_task_mapping.py
[2024-03-29T01:52:57.810+0000] {processor.py:839} INFO - DAG(s) dict_keys(['example_dynamic_task_mapping']) retrieved from /home/airflow/.local/lib/python3.8/site-packages/airflow/example_dags/example_dynamic_task_mapping.py
[2024-03-29T01:52:57.835+0000] {logging_mixin.py:151} INFO - [2024-03-29T01:52:57.834+0000] {dag.py:2915} INFO - Sync 1 DAGs
[2024-03-29T01:52:57.861+0000] {logging_mixin.py:151} INFO - [2024-03-29T01:52:57.861+0000] {dag.py:3696} INFO - Setting next_dagrun for example_dynamic_task_mapping to 2022-03-04T00:00:00+00:00, run_after=2022-03-05T00:00:00+00:00
[2024-03-29T01:52:57.887+0000] {processor.py:179} INFO - Processing /home/airflow/.local/lib/python3.8/site-packages/airflow/example_dags/example_dynamic_task_mapping.py took 0.092 seconds
[2024-03-29T01:53:28.103+0000] {processor.py:157} INFO - Started process (PID=366) to work on /home/airflow/.local/lib/python3.8/site-packages/airflow/example_dags/example_dynamic_task_mapping.py
[2024-03-29T01:53:28.105+0000] {processor.py:829} INFO - Processing file /home/airflow/.local/lib/python3.8/site-packages/airflow/example_dags/example_dynamic_task_mapping.py for tasks to queue
[2024-03-29T01:53:28.108+0000] {logging_mixin.py:151} INFO - [2024-03-29T01:53:28.108+0000] {dagbag.py:539} INFO - Filling up the DagBag from /home/airflow/.local/lib/python3.8/site-packages/airflow/example_dags/example_dynamic_task_mapping.py
[2024-03-29T01:53:28.115+0000] {processor.py:839} INFO - DAG(s) dict_keys(['example_dynamic_task_mapping']) retrieved from /home/airflow/.local/lib/python3.8/site-packages/airflow/example_dags/example_dynamic_task_mapping.py
[2024-03-29T01:53:28.138+0000] {logging_mixin.py:151} INFO - [2024-03-29T01:53:28.138+0000] {dag.py:2915} INFO - Sync 1 DAGs
[2024-03-29T01:53:28.159+0000] {logging_mixin.py:151} INFO - [2024-03-29T01:53:28.159+0000] {dag.py:3696} INFO - Setting next_dagrun for example_dynamic_task_mapping to 2022-03-04T00:00:00+00:00, run_after=2022-03-05T00:00:00+00:00
[2024-03-29T01:53:28.187+0000] {processor.py:179} INFO - Processing /home/airflow/.local/lib/python3.8/site-packages/airflow/example_dags/example_dynamic_task_mapping.py took 0.086 seconds
[2024-03-29T01:53:58.452+0000] {processor.py:157} INFO - Started process (PID=425) to work on /home/airflow/.local/lib/python3.8/site-packages/airflow/example_dags/example_dynamic_task_mapping.py
[2024-03-29T01:53:58.456+0000] {processor.py:829} INFO - Processing file /home/airflow/.local/lib/python3.8/site-packages/airflow/example_dags/example_dynamic_task_mapping.py for tasks to queue
[2024-03-29T01:53:58.459+0000] {logging_mixin.py:151} INFO - [2024-03-29T01:53:58.458+0000] {dagbag.py:539} INFO - Filling up the DagBag from /home/airflow/.local/lib/python3.8/site-packages/airflow/example_dags/example_dynamic_task_mapping.py
[2024-03-29T01:53:58.465+0000] {processor.py:839} INFO - DAG(s) dict_keys(['example_dynamic_task_mapping']) retrieved from /home/airflow/.local/lib/python3.8/site-packages/airflow/example_dags/example_dynamic_task_mapping.py
[2024-03-29T01:53:58.490+0000] {logging_mixin.py:151} INFO - [2024-03-29T01:53:58.489+0000] {dag.py:2915} INFO - Sync 1 DAGs
[2024-03-29T01:53:58.515+0000] {logging_mixin.py:151} INFO - [2024-03-29T01:53:58.514+0000] {dag.py:3696} INFO - Setting next_dagrun for example_dynamic_task_mapping to 2022-03-04T00:00:00+00:00, run_after=2022-03-05T00:00:00+00:00
[2024-03-29T01:53:58.545+0000] {processor.py:179} INFO - Processing /home/airflow/.local/lib/python3.8/site-packages/airflow/example_dags/example_dynamic_task_mapping.py took 0.096 seconds
[2024-03-29T01:54:28.758+0000] {processor.py:157} INFO - Started process (PID=479) to work on /home/airflow/.local/lib/python3.8/site-packages/airflow/example_dags/example_dynamic_task_mapping.py
[2024-03-29T01:54:28.760+0000] {processor.py:829} INFO - Processing file /home/airflow/.local/lib/python3.8/site-packages/airflow/example_dags/example_dynamic_task_mapping.py for tasks to queue
[2024-03-29T01:54:28.763+0000] {logging_mixin.py:151} INFO - [2024-03-29T01:54:28.762+0000] {dagbag.py:539} INFO - Filling up the DagBag from /home/airflow/.local/lib/python3.8/site-packages/airflow/example_dags/example_dynamic_task_mapping.py
[2024-03-29T01:54:28.770+0000] {processor.py:839} INFO - DAG(s) dict_keys(['example_dynamic_task_mapping']) retrieved from /home/airflow/.local/lib/python3.8/site-packages/airflow/example_dags/example_dynamic_task_mapping.py
[2024-03-29T01:54:28.792+0000] {logging_mixin.py:151} INFO - [2024-03-29T01:54:28.792+0000] {dag.py:2915} INFO - Sync 1 DAGs
[2024-03-29T01:54:28.815+0000] {logging_mixin.py:151} INFO - [2024-03-29T01:54:28.814+0000] {dag.py:3696} INFO - Setting next_dagrun for example_dynamic_task_mapping to 2022-03-04T00:00:00+00:00, run_after=2022-03-05T00:00:00+00:00
[2024-03-29T01:54:28.848+0000] {processor.py:179} INFO - Processing /home/airflow/.local/lib/python3.8/site-packages/airflow/example_dags/example_dynamic_task_mapping.py took 0.093 seconds
[2024-03-29T01:54:59.140+0000] {processor.py:157} INFO - Started process (PID=533) to work on /home/airflow/.local/lib/python3.8/site-packages/airflow/example_dags/example_dynamic_task_mapping.py
[2024-03-29T01:54:59.142+0000] {processor.py:829} INFO - Processing file /home/airflow/.local/lib/python3.8/site-packages/airflow/example_dags/example_dynamic_task_mapping.py for tasks to queue
[2024-03-29T01:54:59.145+0000] {logging_mixin.py:151} INFO - [2024-03-29T01:54:59.145+0000] {dagbag.py:539} INFO - Filling up the DagBag from /home/airflow/.local/lib/python3.8/site-packages/airflow/example_dags/example_dynamic_task_mapping.py
[2024-03-29T01:54:59.152+0000] {processor.py:839} INFO - DAG(s) dict_keys(['example_dynamic_task_mapping']) retrieved from /home/airflow/.local/lib/python3.8/site-packages/airflow/example_dags/example_dynamic_task_mapping.py
[2024-03-29T01:54:59.178+0000] {logging_mixin.py:151} INFO - [2024-03-29T01:54:59.178+0000] {dag.py:2915} INFO - Sync 1 DAGs
[2024-03-29T01:54:59.210+0000] {logging_mixin.py:151} INFO - [2024-03-29T01:54:59.210+0000] {dag.py:3696} INFO - Setting next_dagrun for example_dynamic_task_mapping to 2022-03-04T00:00:00+00:00, run_after=2022-03-05T00:00:00+00:00
[2024-03-29T01:54:59.239+0000] {processor.py:179} INFO - Processing /home/airflow/.local/lib/python3.8/site-packages/airflow/example_dags/example_dynamic_task_mapping.py took 0.102 seconds
