[2024-03-29T01:50:25.937+0000] {processor.py:157} INFO - Started process (PID=42) to work on /home/airflow/.local/lib/python3.8/site-packages/airflow/example_dags/example_sensors.py
[2024-03-29T01:50:25.942+0000] {processor.py:829} INFO - Processing file /home/airflow/.local/lib/python3.8/site-packages/airflow/example_dags/example_sensors.py for tasks to queue
[2024-03-29T01:50:25.953+0000] {logging_mixin.py:151} INFO - [2024-03-29T01:50:25.952+0000] {dagbag.py:539} INFO - Filling up the DagBag from /home/airflow/.local/lib/python3.8/site-packages/airflow/example_dags/example_sensors.py
[2024-03-29T01:50:26.021+0000] {processor.py:839} INFO - DAG(s) dict_keys(['example_sensors']) retrieved from /home/airflow/.local/lib/python3.8/site-packages/airflow/example_dags/example_sensors.py
[2024-03-29T01:50:26.199+0000] {logging_mixin.py:151} INFO - [2024-03-29T01:50:26.199+0000] {dag.py:2915} INFO - Sync 1 DAGs
[2024-03-29T01:50:26.260+0000] {logging_mixin.py:151} INFO - [2024-03-29T01:50:26.260+0000] {dag.py:3696} INFO - Setting next_dagrun for example_sensors to None, run_after=None
[2024-03-29T01:50:26.344+0000] {processor.py:179} INFO - Processing /home/airflow/.local/lib/python3.8/site-packages/airflow/example_dags/example_sensors.py took 0.429 seconds
[2024-03-29T01:50:56.511+0000] {processor.py:157} INFO - Started process (PID=96) to work on /home/airflow/.local/lib/python3.8/site-packages/airflow/example_dags/example_sensors.py
[2024-03-29T01:50:56.513+0000] {processor.py:829} INFO - Processing file /home/airflow/.local/lib/python3.8/site-packages/airflow/example_dags/example_sensors.py for tasks to queue
[2024-03-29T01:50:56.516+0000] {logging_mixin.py:151} INFO - [2024-03-29T01:50:56.516+0000] {dagbag.py:539} INFO - Filling up the DagBag from /home/airflow/.local/lib/python3.8/site-packages/airflow/example_dags/example_sensors.py
[2024-03-29T01:50:56.528+0000] {processor.py:839} INFO - DAG(s) dict_keys(['example_sensors']) retrieved from /home/airflow/.local/lib/python3.8/site-packages/airflow/example_dags/example_sensors.py
[2024-03-29T01:50:56.556+0000] {logging_mixin.py:151} INFO - [2024-03-29T01:50:56.556+0000] {dag.py:2915} INFO - Sync 1 DAGs
[2024-03-29T01:50:56.568+0000] {logging_mixin.py:151} INFO - [2024-03-29T01:50:56.568+0000] {dag.py:3696} INFO - Setting next_dagrun for example_sensors to None, run_after=None
[2024-03-29T01:50:56.590+0000] {processor.py:179} INFO - Processing /home/airflow/.local/lib/python3.8/site-packages/airflow/example_dags/example_sensors.py took 0.081 seconds
[2024-03-29T01:51:26.873+0000] {processor.py:157} INFO - Started process (PID=150) to work on /home/airflow/.local/lib/python3.8/site-packages/airflow/example_dags/example_sensors.py
[2024-03-29T01:51:26.876+0000] {processor.py:829} INFO - Processing file /home/airflow/.local/lib/python3.8/site-packages/airflow/example_dags/example_sensors.py for tasks to queue
[2024-03-29T01:51:26.879+0000] {logging_mixin.py:151} INFO - [2024-03-29T01:51:26.879+0000] {dagbag.py:539} INFO - Filling up the DagBag from /home/airflow/.local/lib/python3.8/site-packages/airflow/example_dags/example_sensors.py
[2024-03-29T01:51:26.890+0000] {processor.py:839} INFO - DAG(s) dict_keys(['example_sensors']) retrieved from /home/airflow/.local/lib/python3.8/site-packages/airflow/example_dags/example_sensors.py
[2024-03-29T01:51:26.907+0000] {logging_mixin.py:151} INFO - [2024-03-29T01:51:26.906+0000] {dag.py:2915} INFO - Sync 1 DAGs
[2024-03-29T01:51:26.920+0000] {logging_mixin.py:151} INFO - [2024-03-29T01:51:26.920+0000] {dag.py:3696} INFO - Setting next_dagrun for example_sensors to None, run_after=None
[2024-03-29T01:51:26.942+0000] {processor.py:179} INFO - Processing /home/airflow/.local/lib/python3.8/site-packages/airflow/example_dags/example_sensors.py took 0.073 seconds
[2024-03-29T01:51:57.071+0000] {processor.py:157} INFO - Started process (PID=205) to work on /home/airflow/.local/lib/python3.8/site-packages/airflow/example_dags/example_sensors.py
[2024-03-29T01:51:57.072+0000] {processor.py:829} INFO - Processing file /home/airflow/.local/lib/python3.8/site-packages/airflow/example_dags/example_sensors.py for tasks to queue
[2024-03-29T01:51:57.075+0000] {logging_mixin.py:151} INFO - [2024-03-29T01:51:57.075+0000] {dagbag.py:539} INFO - Filling up the DagBag from /home/airflow/.local/lib/python3.8/site-packages/airflow/example_dags/example_sensors.py
[2024-03-29T01:51:57.084+0000] {processor.py:839} INFO - DAG(s) dict_keys(['example_sensors']) retrieved from /home/airflow/.local/lib/python3.8/site-packages/airflow/example_dags/example_sensors.py
[2024-03-29T01:51:57.110+0000] {logging_mixin.py:151} INFO - [2024-03-29T01:51:57.110+0000] {dag.py:2915} INFO - Sync 1 DAGs
[2024-03-29T01:51:57.125+0000] {logging_mixin.py:151} INFO - [2024-03-29T01:51:57.125+0000] {dag.py:3696} INFO - Setting next_dagrun for example_sensors to None, run_after=None
[2024-03-29T01:51:57.150+0000] {processor.py:179} INFO - Processing /home/airflow/.local/lib/python3.8/site-packages/airflow/example_dags/example_sensors.py took 0.082 seconds
[2024-03-29T01:52:27.525+0000] {processor.py:157} INFO - Started process (PID=259) to work on /home/airflow/.local/lib/python3.8/site-packages/airflow/example_dags/example_sensors.py
[2024-03-29T01:52:27.526+0000] {processor.py:829} INFO - Processing file /home/airflow/.local/lib/python3.8/site-packages/airflow/example_dags/example_sensors.py for tasks to queue
[2024-03-29T01:52:27.529+0000] {logging_mixin.py:151} INFO - [2024-03-29T01:52:27.529+0000] {dagbag.py:539} INFO - Filling up the DagBag from /home/airflow/.local/lib/python3.8/site-packages/airflow/example_dags/example_sensors.py
[2024-03-29T01:52:27.538+0000] {processor.py:839} INFO - DAG(s) dict_keys(['example_sensors']) retrieved from /home/airflow/.local/lib/python3.8/site-packages/airflow/example_dags/example_sensors.py
[2024-03-29T01:52:27.564+0000] {logging_mixin.py:151} INFO - [2024-03-29T01:52:27.564+0000] {dag.py:2915} INFO - Sync 1 DAGs
[2024-03-29T01:52:27.576+0000] {logging_mixin.py:151} INFO - [2024-03-29T01:52:27.576+0000] {dag.py:3696} INFO - Setting next_dagrun for example_sensors to None, run_after=None
[2024-03-29T01:52:27.599+0000] {processor.py:179} INFO - Processing /home/airflow/.local/lib/python3.8/site-packages/airflow/example_dags/example_sensors.py took 0.078 seconds
[2024-03-29T01:52:57.926+0000] {processor.py:157} INFO - Started process (PID=313) to work on /home/airflow/.local/lib/python3.8/site-packages/airflow/example_dags/example_sensors.py
[2024-03-29T01:52:57.928+0000] {processor.py:829} INFO - Processing file /home/airflow/.local/lib/python3.8/site-packages/airflow/example_dags/example_sensors.py for tasks to queue
[2024-03-29T01:52:57.931+0000] {logging_mixin.py:151} INFO - [2024-03-29T01:52:57.931+0000] {dagbag.py:539} INFO - Filling up the DagBag from /home/airflow/.local/lib/python3.8/site-packages/airflow/example_dags/example_sensors.py
[2024-03-29T01:52:57.942+0000] {processor.py:839} INFO - DAG(s) dict_keys(['example_sensors']) retrieved from /home/airflow/.local/lib/python3.8/site-packages/airflow/example_dags/example_sensors.py
[2024-03-29T01:52:57.972+0000] {logging_mixin.py:151} INFO - [2024-03-29T01:52:57.971+0000] {dag.py:2915} INFO - Sync 1 DAGs
[2024-03-29T01:52:57.985+0000] {logging_mixin.py:151} INFO - [2024-03-29T01:52:57.984+0000] {dag.py:3696} INFO - Setting next_dagrun for example_sensors to None, run_after=None
[2024-03-29T01:52:58.008+0000] {processor.py:179} INFO - Processing /home/airflow/.local/lib/python3.8/site-packages/airflow/example_dags/example_sensors.py took 0.085 seconds
[2024-03-29T01:53:28.239+0000] {processor.py:157} INFO - Started process (PID=367) to work on /home/airflow/.local/lib/python3.8/site-packages/airflow/example_dags/example_sensors.py
[2024-03-29T01:53:28.240+0000] {processor.py:829} INFO - Processing file /home/airflow/.local/lib/python3.8/site-packages/airflow/example_dags/example_sensors.py for tasks to queue
[2024-03-29T01:53:28.243+0000] {logging_mixin.py:151} INFO - [2024-03-29T01:53:28.243+0000] {dagbag.py:539} INFO - Filling up the DagBag from /home/airflow/.local/lib/python3.8/site-packages/airflow/example_dags/example_sensors.py
[2024-03-29T01:53:28.254+0000] {processor.py:839} INFO - DAG(s) dict_keys(['example_sensors']) retrieved from /home/airflow/.local/lib/python3.8/site-packages/airflow/example_dags/example_sensors.py
[2024-03-29T01:53:28.283+0000] {logging_mixin.py:151} INFO - [2024-03-29T01:53:28.283+0000] {dag.py:2915} INFO - Sync 1 DAGs
[2024-03-29T01:53:28.296+0000] {logging_mixin.py:151} INFO - [2024-03-29T01:53:28.295+0000] {dag.py:3696} INFO - Setting next_dagrun for example_sensors to None, run_after=None
[2024-03-29T01:53:28.324+0000] {processor.py:179} INFO - Processing /home/airflow/.local/lib/python3.8/site-packages/airflow/example_dags/example_sensors.py took 0.088 seconds
[2024-03-29T01:53:58.588+0000] {processor.py:157} INFO - Started process (PID=426) to work on /home/airflow/.local/lib/python3.8/site-packages/airflow/example_dags/example_sensors.py
[2024-03-29T01:53:58.590+0000] {processor.py:829} INFO - Processing file /home/airflow/.local/lib/python3.8/site-packages/airflow/example_dags/example_sensors.py for tasks to queue
[2024-03-29T01:53:58.592+0000] {logging_mixin.py:151} INFO - [2024-03-29T01:53:58.592+0000] {dagbag.py:539} INFO - Filling up the DagBag from /home/airflow/.local/lib/python3.8/site-packages/airflow/example_dags/example_sensors.py
[2024-03-29T01:53:58.603+0000] {processor.py:839} INFO - DAG(s) dict_keys(['example_sensors']) retrieved from /home/airflow/.local/lib/python3.8/site-packages/airflow/example_dags/example_sensors.py
[2024-03-29T01:53:58.631+0000] {logging_mixin.py:151} INFO - [2024-03-29T01:53:58.630+0000] {dag.py:2915} INFO - Sync 1 DAGs
[2024-03-29T01:53:58.643+0000] {logging_mixin.py:151} INFO - [2024-03-29T01:53:58.643+0000] {dag.py:3696} INFO - Setting next_dagrun for example_sensors to None, run_after=None
[2024-03-29T01:53:58.668+0000] {processor.py:179} INFO - Processing /home/airflow/.local/lib/python3.8/site-packages/airflow/example_dags/example_sensors.py took 0.083 seconds
[2024-03-29T01:54:28.893+0000] {processor.py:157} INFO - Started process (PID=480) to work on /home/airflow/.local/lib/python3.8/site-packages/airflow/example_dags/example_sensors.py
[2024-03-29T01:54:28.895+0000] {processor.py:829} INFO - Processing file /home/airflow/.local/lib/python3.8/site-packages/airflow/example_dags/example_sensors.py for tasks to queue
[2024-03-29T01:54:28.898+0000] {logging_mixin.py:151} INFO - [2024-03-29T01:54:28.897+0000] {dagbag.py:539} INFO - Filling up the DagBag from /home/airflow/.local/lib/python3.8/site-packages/airflow/example_dags/example_sensors.py
[2024-03-29T01:54:28.906+0000] {processor.py:839} INFO - DAG(s) dict_keys(['example_sensors']) retrieved from /home/airflow/.local/lib/python3.8/site-packages/airflow/example_dags/example_sensors.py
[2024-03-29T01:54:28.935+0000] {logging_mixin.py:151} INFO - [2024-03-29T01:54:28.935+0000] {dag.py:2915} INFO - Sync 1 DAGs
[2024-03-29T01:54:28.948+0000] {logging_mixin.py:151} INFO - [2024-03-29T01:54:28.948+0000] {dag.py:3696} INFO - Setting next_dagrun for example_sensors to None, run_after=None
[2024-03-29T01:54:28.974+0000] {processor.py:179} INFO - Processing /home/airflow/.local/lib/python3.8/site-packages/airflow/example_dags/example_sensors.py took 0.084 seconds
[2024-03-29T01:54:59.261+0000] {processor.py:157} INFO - Started process (PID=534) to work on /home/airflow/.local/lib/python3.8/site-packages/airflow/example_dags/example_sensors.py
[2024-03-29T01:54:59.263+0000] {processor.py:829} INFO - Processing file /home/airflow/.local/lib/python3.8/site-packages/airflow/example_dags/example_sensors.py for tasks to queue
[2024-03-29T01:54:59.265+0000] {logging_mixin.py:151} INFO - [2024-03-29T01:54:59.265+0000] {dagbag.py:539} INFO - Filling up the DagBag from /home/airflow/.local/lib/python3.8/site-packages/airflow/example_dags/example_sensors.py
[2024-03-29T01:54:59.274+0000] {processor.py:839} INFO - DAG(s) dict_keys(['example_sensors']) retrieved from /home/airflow/.local/lib/python3.8/site-packages/airflow/example_dags/example_sensors.py
[2024-03-29T01:54:59.299+0000] {logging_mixin.py:151} INFO - [2024-03-29T01:54:59.298+0000] {dag.py:2915} INFO - Sync 1 DAGs
[2024-03-29T01:54:59.312+0000] {logging_mixin.py:151} INFO - [2024-03-29T01:54:59.312+0000] {dag.py:3696} INFO - Setting next_dagrun for example_sensors to None, run_after=None
[2024-03-29T01:54:59.335+0000] {processor.py:179} INFO - Processing /home/airflow/.local/lib/python3.8/site-packages/airflow/example_dags/example_sensors.py took 0.077 seconds
