[2024-03-29T01:50:35.571+0000] {processor.py:157} INFO - Started process (PID=69) to work on /home/airflow/.local/lib/python3.8/site-packages/airflow/example_dags/example_setup_teardown_taskflow.py
[2024-03-29T01:50:35.572+0000] {processor.py:829} INFO - Processing file /home/airflow/.local/lib/python3.8/site-packages/airflow/example_dags/example_setup_teardown_taskflow.py for tasks to queue
[2024-03-29T01:50:35.576+0000] {logging_mixin.py:151} INFO - [2024-03-29T01:50:35.576+0000] {dagbag.py:539} INFO - Filling up the DagBag from /home/airflow/.local/lib/python3.8/site-packages/airflow/example_dags/example_setup_teardown_taskflow.py
[2024-03-29T01:50:35.590+0000] {processor.py:839} INFO - DAG(s) dict_keys(['example_setup_teardown_taskflow']) retrieved from /home/airflow/.local/lib/python3.8/site-packages/airflow/example_dags/example_setup_teardown_taskflow.py
[2024-03-29T01:50:35.718+0000] {logging_mixin.py:151} INFO - [2024-03-29T01:50:35.718+0000] {dag.py:2915} INFO - Sync 1 DAGs
[2024-03-29T01:50:35.864+0000] {logging_mixin.py:151} INFO - [2024-03-29T01:50:35.864+0000] {dag.py:3696} INFO - Setting next_dagrun for example_setup_teardown_taskflow to 2024-03-28T01:50:35.863158+00:00, run_after=2024-03-29T01:50:35.863158+00:00
[2024-03-29T01:50:36.598+0000] {processor.py:179} INFO - Processing /home/airflow/.local/lib/python3.8/site-packages/airflow/example_dags/example_setup_teardown_taskflow.py took 1.030 seconds
[2024-03-29T01:51:06.873+0000] {processor.py:157} INFO - Started process (PID=115) to work on /home/airflow/.local/lib/python3.8/site-packages/airflow/example_dags/example_setup_teardown_taskflow.py
[2024-03-29T01:51:06.876+0000] {processor.py:829} INFO - Processing file /home/airflow/.local/lib/python3.8/site-packages/airflow/example_dags/example_setup_teardown_taskflow.py for tasks to queue
[2024-03-29T01:51:06.880+0000] {logging_mixin.py:151} INFO - [2024-03-29T01:51:06.880+0000] {dagbag.py:539} INFO - Filling up the DagBag from /home/airflow/.local/lib/python3.8/site-packages/airflow/example_dags/example_setup_teardown_taskflow.py
[2024-03-29T01:51:06.904+0000] {processor.py:839} INFO - DAG(s) dict_keys(['example_setup_teardown_taskflow']) retrieved from /home/airflow/.local/lib/python3.8/site-packages/airflow/example_dags/example_setup_teardown_taskflow.py
[2024-03-29T01:51:06.958+0000] {logging_mixin.py:151} INFO - [2024-03-29T01:51:06.957+0000] {dag.py:2915} INFO - Sync 1 DAGs
[2024-03-29T01:51:07.004+0000] {logging_mixin.py:151} INFO - [2024-03-29T01:51:07.004+0000] {dag.py:3696} INFO - Setting next_dagrun for example_setup_teardown_taskflow to 2024-03-28T01:51:07.003514+00:00, run_after=2024-03-29T01:51:07.003514+00:00
[2024-03-29T01:51:07.035+0000] {processor.py:179} INFO - Processing /home/airflow/.local/lib/python3.8/site-packages/airflow/example_dags/example_setup_teardown_taskflow.py took 0.166 seconds
[2024-03-29T01:51:37.116+0000] {processor.py:157} INFO - Started process (PID=169) to work on /home/airflow/.local/lib/python3.8/site-packages/airflow/example_dags/example_setup_teardown_taskflow.py
[2024-03-29T01:51:37.118+0000] {processor.py:829} INFO - Processing file /home/airflow/.local/lib/python3.8/site-packages/airflow/example_dags/example_setup_teardown_taskflow.py for tasks to queue
[2024-03-29T01:51:37.121+0000] {logging_mixin.py:151} INFO - [2024-03-29T01:51:37.120+0000] {dagbag.py:539} INFO - Filling up the DagBag from /home/airflow/.local/lib/python3.8/site-packages/airflow/example_dags/example_setup_teardown_taskflow.py
[2024-03-29T01:51:37.131+0000] {processor.py:839} INFO - DAG(s) dict_keys(['example_setup_teardown_taskflow']) retrieved from /home/airflow/.local/lib/python3.8/site-packages/airflow/example_dags/example_setup_teardown_taskflow.py
[2024-03-29T01:51:37.147+0000] {logging_mixin.py:151} INFO - [2024-03-29T01:51:37.147+0000] {dag.py:2915} INFO - Sync 1 DAGs
[2024-03-29T01:51:37.174+0000] {logging_mixin.py:151} INFO - [2024-03-29T01:51:37.173+0000] {dag.py:3696} INFO - Setting next_dagrun for example_setup_teardown_taskflow to 2024-03-28T01:51:37.173529+00:00, run_after=2024-03-29T01:51:37.173529+00:00
[2024-03-29T01:51:37.204+0000] {processor.py:179} INFO - Processing /home/airflow/.local/lib/python3.8/site-packages/airflow/example_dags/example_setup_teardown_taskflow.py took 0.092 seconds
[2024-03-29T01:52:07.310+0000] {processor.py:157} INFO - Started process (PID=224) to work on /home/airflow/.local/lib/python3.8/site-packages/airflow/example_dags/example_setup_teardown_taskflow.py
[2024-03-29T01:52:07.312+0000] {processor.py:829} INFO - Processing file /home/airflow/.local/lib/python3.8/site-packages/airflow/example_dags/example_setup_teardown_taskflow.py for tasks to queue
[2024-03-29T01:52:07.315+0000] {logging_mixin.py:151} INFO - [2024-03-29T01:52:07.314+0000] {dagbag.py:539} INFO - Filling up the DagBag from /home/airflow/.local/lib/python3.8/site-packages/airflow/example_dags/example_setup_teardown_taskflow.py
[2024-03-29T01:52:07.324+0000] {processor.py:839} INFO - DAG(s) dict_keys(['example_setup_teardown_taskflow']) retrieved from /home/airflow/.local/lib/python3.8/site-packages/airflow/example_dags/example_setup_teardown_taskflow.py
[2024-03-29T01:52:07.354+0000] {logging_mixin.py:151} INFO - [2024-03-29T01:52:07.354+0000] {dag.py:2915} INFO - Sync 1 DAGs
[2024-03-29T01:52:07.379+0000] {logging_mixin.py:151} INFO - [2024-03-29T01:52:07.379+0000] {dag.py:3696} INFO - Setting next_dagrun for example_setup_teardown_taskflow to 2024-03-28T01:52:07.378999+00:00, run_after=2024-03-29T01:52:07.378999+00:00
[2024-03-29T01:52:07.408+0000] {processor.py:179} INFO - Processing /home/airflow/.local/lib/python3.8/site-packages/airflow/example_dags/example_setup_teardown_taskflow.py took 0.101 seconds
[2024-03-29T01:52:37.495+0000] {processor.py:157} INFO - Started process (PID=285) to work on /home/airflow/.local/lib/python3.8/site-packages/airflow/example_dags/example_setup_teardown_taskflow.py
[2024-03-29T01:52:37.497+0000] {processor.py:829} INFO - Processing file /home/airflow/.local/lib/python3.8/site-packages/airflow/example_dags/example_setup_teardown_taskflow.py for tasks to queue
[2024-03-29T01:52:37.500+0000] {logging_mixin.py:151} INFO - [2024-03-29T01:52:37.499+0000] {dagbag.py:539} INFO - Filling up the DagBag from /home/airflow/.local/lib/python3.8/site-packages/airflow/example_dags/example_setup_teardown_taskflow.py
[2024-03-29T01:52:37.509+0000] {processor.py:839} INFO - DAG(s) dict_keys(['example_setup_teardown_taskflow']) retrieved from /home/airflow/.local/lib/python3.8/site-packages/airflow/example_dags/example_setup_teardown_taskflow.py
[2024-03-29T01:52:37.533+0000] {logging_mixin.py:151} INFO - [2024-03-29T01:52:37.532+0000] {dag.py:2915} INFO - Sync 1 DAGs
[2024-03-29T01:52:37.563+0000] {logging_mixin.py:151} INFO - [2024-03-29T01:52:37.562+0000] {dag.py:3696} INFO - Setting next_dagrun for example_setup_teardown_taskflow to 2024-03-28T01:52:37.562261+00:00, run_after=2024-03-29T01:52:37.562261+00:00
[2024-03-29T01:52:37.590+0000] {processor.py:179} INFO - Processing /home/airflow/.local/lib/python3.8/site-packages/airflow/example_dags/example_setup_teardown_taskflow.py took 0.098 seconds
[2024-03-29T01:53:07.932+0000] {processor.py:157} INFO - Started process (PID=339) to work on /home/airflow/.local/lib/python3.8/site-packages/airflow/example_dags/example_setup_teardown_taskflow.py
[2024-03-29T01:53:07.933+0000] {processor.py:829} INFO - Processing file /home/airflow/.local/lib/python3.8/site-packages/airflow/example_dags/example_setup_teardown_taskflow.py for tasks to queue
[2024-03-29T01:53:07.936+0000] {logging_mixin.py:151} INFO - [2024-03-29T01:53:07.936+0000] {dagbag.py:539} INFO - Filling up the DagBag from /home/airflow/.local/lib/python3.8/site-packages/airflow/example_dags/example_setup_teardown_taskflow.py
[2024-03-29T01:53:07.946+0000] {processor.py:839} INFO - DAG(s) dict_keys(['example_setup_teardown_taskflow']) retrieved from /home/airflow/.local/lib/python3.8/site-packages/airflow/example_dags/example_setup_teardown_taskflow.py
[2024-03-29T01:53:07.970+0000] {logging_mixin.py:151} INFO - [2024-03-29T01:53:07.969+0000] {dag.py:2915} INFO - Sync 1 DAGs
[2024-03-29T01:53:07.990+0000] {logging_mixin.py:151} INFO - [2024-03-29T01:53:07.990+0000] {dag.py:3696} INFO - Setting next_dagrun for example_setup_teardown_taskflow to 2024-03-28T01:53:07.990410+00:00, run_after=2024-03-29T01:53:07.990410+00:00
[2024-03-29T01:53:08.014+0000] {processor.py:179} INFO - Processing /home/airflow/.local/lib/python3.8/site-packages/airflow/example_dags/example_setup_teardown_taskflow.py took 0.085 seconds
[2024-03-29T01:53:38.169+0000] {processor.py:157} INFO - Started process (PID=392) to work on /home/airflow/.local/lib/python3.8/site-packages/airflow/example_dags/example_setup_teardown_taskflow.py
[2024-03-29T01:53:38.170+0000] {processor.py:829} INFO - Processing file /home/airflow/.local/lib/python3.8/site-packages/airflow/example_dags/example_setup_teardown_taskflow.py for tasks to queue
[2024-03-29T01:53:38.173+0000] {logging_mixin.py:151} INFO - [2024-03-29T01:53:38.173+0000] {dagbag.py:539} INFO - Filling up the DagBag from /home/airflow/.local/lib/python3.8/site-packages/airflow/example_dags/example_setup_teardown_taskflow.py
[2024-03-29T01:53:38.183+0000] {processor.py:839} INFO - DAG(s) dict_keys(['example_setup_teardown_taskflow']) retrieved from /home/airflow/.local/lib/python3.8/site-packages/airflow/example_dags/example_setup_teardown_taskflow.py
[2024-03-29T01:53:38.203+0000] {logging_mixin.py:151} INFO - [2024-03-29T01:53:38.203+0000] {dag.py:2915} INFO - Sync 1 DAGs
[2024-03-29T01:53:38.225+0000] {logging_mixin.py:151} INFO - [2024-03-29T01:53:38.225+0000] {dag.py:3696} INFO - Setting next_dagrun for example_setup_teardown_taskflow to 2024-03-28T01:53:38.225443+00:00, run_after=2024-03-29T01:53:38.225443+00:00
[2024-03-29T01:53:38.249+0000] {processor.py:179} INFO - Processing /home/airflow/.local/lib/python3.8/site-packages/airflow/example_dags/example_setup_teardown_taskflow.py took 0.084 seconds
[2024-03-29T01:54:08.710+0000] {processor.py:157} INFO - Started process (PID=452) to work on /home/airflow/.local/lib/python3.8/site-packages/airflow/example_dags/example_setup_teardown_taskflow.py
[2024-03-29T01:54:08.712+0000] {processor.py:829} INFO - Processing file /home/airflow/.local/lib/python3.8/site-packages/airflow/example_dags/example_setup_teardown_taskflow.py for tasks to queue
[2024-03-29T01:54:08.715+0000] {logging_mixin.py:151} INFO - [2024-03-29T01:54:08.714+0000] {dagbag.py:539} INFO - Filling up the DagBag from /home/airflow/.local/lib/python3.8/site-packages/airflow/example_dags/example_setup_teardown_taskflow.py
[2024-03-29T01:54:08.724+0000] {processor.py:839} INFO - DAG(s) dict_keys(['example_setup_teardown_taskflow']) retrieved from /home/airflow/.local/lib/python3.8/site-packages/airflow/example_dags/example_setup_teardown_taskflow.py
[2024-03-29T01:54:08.751+0000] {logging_mixin.py:151} INFO - [2024-03-29T01:54:08.751+0000] {dag.py:2915} INFO - Sync 1 DAGs
[2024-03-29T01:54:08.773+0000] {logging_mixin.py:151} INFO - [2024-03-29T01:54:08.773+0000] {dag.py:3696} INFO - Setting next_dagrun for example_setup_teardown_taskflow to 2024-03-28T01:54:08.773489+00:00, run_after=2024-03-29T01:54:08.773489+00:00
[2024-03-29T01:54:08.800+0000] {processor.py:179} INFO - Processing /home/airflow/.local/lib/python3.8/site-packages/airflow/example_dags/example_setup_teardown_taskflow.py took 0.094 seconds
[2024-03-29T01:54:38.958+0000] {processor.py:157} INFO - Started process (PID=505) to work on /home/airflow/.local/lib/python3.8/site-packages/airflow/example_dags/example_setup_teardown_taskflow.py
[2024-03-29T01:54:38.959+0000] {processor.py:829} INFO - Processing file /home/airflow/.local/lib/python3.8/site-packages/airflow/example_dags/example_setup_teardown_taskflow.py for tasks to queue
[2024-03-29T01:54:38.962+0000] {logging_mixin.py:151} INFO - [2024-03-29T01:54:38.962+0000] {dagbag.py:539} INFO - Filling up the DagBag from /home/airflow/.local/lib/python3.8/site-packages/airflow/example_dags/example_setup_teardown_taskflow.py
[2024-03-29T01:54:38.970+0000] {processor.py:839} INFO - DAG(s) dict_keys(['example_setup_teardown_taskflow']) retrieved from /home/airflow/.local/lib/python3.8/site-packages/airflow/example_dags/example_setup_teardown_taskflow.py
[2024-03-29T01:54:38.994+0000] {logging_mixin.py:151} INFO - [2024-03-29T01:54:38.994+0000] {dag.py:2915} INFO - Sync 1 DAGs
[2024-03-29T01:54:39.016+0000] {logging_mixin.py:151} INFO - [2024-03-29T01:54:39.016+0000] {dag.py:3696} INFO - Setting next_dagrun for example_setup_teardown_taskflow to 2024-03-28T01:54:39.015981+00:00, run_after=2024-03-29T01:54:39.015981+00:00
[2024-03-29T01:54:39.040+0000] {processor.py:179} INFO - Processing /home/airflow/.local/lib/python3.8/site-packages/airflow/example_dags/example_setup_teardown_taskflow.py took 0.085 seconds
