[2024-03-29T01:50:29.516+0000] {processor.py:157} INFO - Started process (PID=53) to work on /home/airflow/.local/lib/python3.8/site-packages/airflow/example_dags/example_task_group_decorator.py
[2024-03-29T01:50:29.518+0000] {processor.py:829} INFO - Processing file /home/airflow/.local/lib/python3.8/site-packages/airflow/example_dags/example_task_group_decorator.py for tasks to queue
[2024-03-29T01:50:29.541+0000] {logging_mixin.py:151} INFO - [2024-03-29T01:50:29.539+0000] {dagbag.py:539} INFO - Filling up the DagBag from /home/airflow/.local/lib/python3.8/site-packages/airflow/example_dags/example_task_group_decorator.py
[2024-03-29T01:50:29.633+0000] {processor.py:839} INFO - DAG(s) dict_keys(['example_task_group_decorator']) retrieved from /home/airflow/.local/lib/python3.8/site-packages/airflow/example_dags/example_task_group_decorator.py
[2024-03-29T01:50:29.827+0000] {logging_mixin.py:151} INFO - [2024-03-29T01:50:29.826+0000] {dag.py:2915} INFO - Sync 1 DAGs
[2024-03-29T01:50:29.861+0000] {logging_mixin.py:151} INFO - [2024-03-29T01:50:29.860+0000] {dag.py:3696} INFO - Setting next_dagrun for example_task_group_decorator to 2024-03-28T01:50:29.859488+00:00, run_after=2024-03-29T01:50:29.859488+00:00
[2024-03-29T01:50:29.900+0000] {processor.py:179} INFO - Processing /home/airflow/.local/lib/python3.8/site-packages/airflow/example_dags/example_task_group_decorator.py took 0.405 seconds
[2024-03-29T01:51:00.237+0000] {processor.py:157} INFO - Started process (PID=107) to work on /home/airflow/.local/lib/python3.8/site-packages/airflow/example_dags/example_task_group_decorator.py
[2024-03-29T01:51:00.239+0000] {processor.py:829} INFO - Processing file /home/airflow/.local/lib/python3.8/site-packages/airflow/example_dags/example_task_group_decorator.py for tasks to queue
[2024-03-29T01:51:00.241+0000] {logging_mixin.py:151} INFO - [2024-03-29T01:51:00.241+0000] {dagbag.py:539} INFO - Filling up the DagBag from /home/airflow/.local/lib/python3.8/site-packages/airflow/example_dags/example_task_group_decorator.py
[2024-03-29T01:51:00.255+0000] {processor.py:839} INFO - DAG(s) dict_keys(['example_task_group_decorator']) retrieved from /home/airflow/.local/lib/python3.8/site-packages/airflow/example_dags/example_task_group_decorator.py
[2024-03-29T01:51:00.281+0000] {logging_mixin.py:151} INFO - [2024-03-29T01:51:00.281+0000] {dag.py:2915} INFO - Sync 1 DAGs
[2024-03-29T01:51:00.303+0000] {logging_mixin.py:151} INFO - [2024-03-29T01:51:00.302+0000] {dag.py:3696} INFO - Setting next_dagrun for example_task_group_decorator to 2024-03-28T01:51:00.302586+00:00, run_after=2024-03-29T01:51:00.302586+00:00
[2024-03-29T01:51:00.326+0000] {processor.py:179} INFO - Processing /home/airflow/.local/lib/python3.8/site-packages/airflow/example_dags/example_task_group_decorator.py took 0.092 seconds
[2024-03-29T01:51:30.469+0000] {processor.py:157} INFO - Started process (PID=161) to work on /home/airflow/.local/lib/python3.8/site-packages/airflow/example_dags/example_task_group_decorator.py
[2024-03-29T01:51:30.471+0000] {processor.py:829} INFO - Processing file /home/airflow/.local/lib/python3.8/site-packages/airflow/example_dags/example_task_group_decorator.py for tasks to queue
[2024-03-29T01:51:30.473+0000] {logging_mixin.py:151} INFO - [2024-03-29T01:51:30.473+0000] {dagbag.py:539} INFO - Filling up the DagBag from /home/airflow/.local/lib/python3.8/site-packages/airflow/example_dags/example_task_group_decorator.py
[2024-03-29T01:51:30.488+0000] {processor.py:839} INFO - DAG(s) dict_keys(['example_task_group_decorator']) retrieved from /home/airflow/.local/lib/python3.8/site-packages/airflow/example_dags/example_task_group_decorator.py
[2024-03-29T01:51:30.506+0000] {logging_mixin.py:151} INFO - [2024-03-29T01:51:30.506+0000] {dag.py:2915} INFO - Sync 1 DAGs
[2024-03-29T01:51:30.531+0000] {logging_mixin.py:151} INFO - [2024-03-29T01:51:30.530+0000] {dag.py:3696} INFO - Setting next_dagrun for example_task_group_decorator to 2024-03-28T01:51:30.530503+00:00, run_after=2024-03-29T01:51:30.530503+00:00
[2024-03-29T01:51:30.557+0000] {processor.py:179} INFO - Processing /home/airflow/.local/lib/python3.8/site-packages/airflow/example_dags/example_task_group_decorator.py took 0.093 seconds
[2024-03-29T01:52:00.673+0000] {processor.py:157} INFO - Started process (PID=216) to work on /home/airflow/.local/lib/python3.8/site-packages/airflow/example_dags/example_task_group_decorator.py
[2024-03-29T01:52:00.675+0000] {processor.py:829} INFO - Processing file /home/airflow/.local/lib/python3.8/site-packages/airflow/example_dags/example_task_group_decorator.py for tasks to queue
[2024-03-29T01:52:00.677+0000] {logging_mixin.py:151} INFO - [2024-03-29T01:52:00.677+0000] {dagbag.py:539} INFO - Filling up the DagBag from /home/airflow/.local/lib/python3.8/site-packages/airflow/example_dags/example_task_group_decorator.py
[2024-03-29T01:52:00.692+0000] {processor.py:839} INFO - DAG(s) dict_keys(['example_task_group_decorator']) retrieved from /home/airflow/.local/lib/python3.8/site-packages/airflow/example_dags/example_task_group_decorator.py
[2024-03-29T01:52:00.725+0000] {logging_mixin.py:151} INFO - [2024-03-29T01:52:00.724+0000] {dag.py:2915} INFO - Sync 1 DAGs
[2024-03-29T01:52:00.752+0000] {logging_mixin.py:151} INFO - [2024-03-29T01:52:00.752+0000] {dag.py:3696} INFO - Setting next_dagrun for example_task_group_decorator to 2024-03-28T01:52:00.751735+00:00, run_after=2024-03-29T01:52:00.751735+00:00
[2024-03-29T01:52:00.775+0000] {processor.py:179} INFO - Processing /home/airflow/.local/lib/python3.8/site-packages/airflow/example_dags/example_task_group_decorator.py took 0.105 seconds
[2024-03-29T01:52:31.066+0000] {processor.py:157} INFO - Started process (PID=270) to work on /home/airflow/.local/lib/python3.8/site-packages/airflow/example_dags/example_task_group_decorator.py
[2024-03-29T01:52:31.068+0000] {processor.py:829} INFO - Processing file /home/airflow/.local/lib/python3.8/site-packages/airflow/example_dags/example_task_group_decorator.py for tasks to queue
[2024-03-29T01:52:31.070+0000] {logging_mixin.py:151} INFO - [2024-03-29T01:52:31.070+0000] {dagbag.py:539} INFO - Filling up the DagBag from /home/airflow/.local/lib/python3.8/site-packages/airflow/example_dags/example_task_group_decorator.py
[2024-03-29T01:52:31.084+0000] {processor.py:839} INFO - DAG(s) dict_keys(['example_task_group_decorator']) retrieved from /home/airflow/.local/lib/python3.8/site-packages/airflow/example_dags/example_task_group_decorator.py
[2024-03-29T01:52:31.112+0000] {logging_mixin.py:151} INFO - [2024-03-29T01:52:31.111+0000] {dag.py:2915} INFO - Sync 1 DAGs
[2024-03-29T01:52:31.138+0000] {logging_mixin.py:151} INFO - [2024-03-29T01:52:31.138+0000] {dag.py:3696} INFO - Setting next_dagrun for example_task_group_decorator to 2024-03-28T01:52:31.137683+00:00, run_after=2024-03-29T01:52:31.137683+00:00
[2024-03-29T01:52:31.166+0000] {processor.py:179} INFO - Processing /home/airflow/.local/lib/python3.8/site-packages/airflow/example_dags/example_task_group_decorator.py took 0.103 seconds
[2024-03-29T01:53:01.444+0000] {processor.py:157} INFO - Started process (PID=324) to work on /home/airflow/.local/lib/python3.8/site-packages/airflow/example_dags/example_task_group_decorator.py
[2024-03-29T01:53:01.445+0000] {processor.py:829} INFO - Processing file /home/airflow/.local/lib/python3.8/site-packages/airflow/example_dags/example_task_group_decorator.py for tasks to queue
[2024-03-29T01:53:01.449+0000] {logging_mixin.py:151} INFO - [2024-03-29T01:53:01.449+0000] {dagbag.py:539} INFO - Filling up the DagBag from /home/airflow/.local/lib/python3.8/site-packages/airflow/example_dags/example_task_group_decorator.py
[2024-03-29T01:53:01.478+0000] {processor.py:839} INFO - DAG(s) dict_keys(['example_task_group_decorator']) retrieved from /home/airflow/.local/lib/python3.8/site-packages/airflow/example_dags/example_task_group_decorator.py
[2024-03-29T01:53:01.511+0000] {logging_mixin.py:151} INFO - [2024-03-29T01:53:01.511+0000] {dag.py:2915} INFO - Sync 1 DAGs
[2024-03-29T01:53:01.540+0000] {logging_mixin.py:151} INFO - [2024-03-29T01:53:01.540+0000] {dag.py:3696} INFO - Setting next_dagrun for example_task_group_decorator to 2024-03-28T01:53:01.539828+00:00, run_after=2024-03-29T01:53:01.539828+00:00
[2024-03-29T01:53:01.568+0000] {processor.py:179} INFO - Processing /home/airflow/.local/lib/python3.8/site-packages/airflow/example_dags/example_task_group_decorator.py took 0.127 seconds
[2024-03-29T01:53:31.742+0000] {processor.py:157} INFO - Started process (PID=378) to work on /home/airflow/.local/lib/python3.8/site-packages/airflow/example_dags/example_task_group_decorator.py
[2024-03-29T01:53:31.744+0000] {processor.py:829} INFO - Processing file /home/airflow/.local/lib/python3.8/site-packages/airflow/example_dags/example_task_group_decorator.py for tasks to queue
[2024-03-29T01:53:31.746+0000] {logging_mixin.py:151} INFO - [2024-03-29T01:53:31.746+0000] {dagbag.py:539} INFO - Filling up the DagBag from /home/airflow/.local/lib/python3.8/site-packages/airflow/example_dags/example_task_group_decorator.py
[2024-03-29T01:53:31.762+0000] {processor.py:839} INFO - DAG(s) dict_keys(['example_task_group_decorator']) retrieved from /home/airflow/.local/lib/python3.8/site-packages/airflow/example_dags/example_task_group_decorator.py
[2024-03-29T01:53:31.790+0000] {logging_mixin.py:151} INFO - [2024-03-29T01:53:31.790+0000] {dag.py:2915} INFO - Sync 1 DAGs
[2024-03-29T01:53:31.816+0000] {logging_mixin.py:151} INFO - [2024-03-29T01:53:31.816+0000] {dag.py:3696} INFO - Setting next_dagrun for example_task_group_decorator to 2024-03-28T01:53:31.815639+00:00, run_after=2024-03-29T01:53:31.815639+00:00
[2024-03-29T01:53:31.841+0000] {processor.py:179} INFO - Processing /home/airflow/.local/lib/python3.8/site-packages/airflow/example_dags/example_task_group_decorator.py took 0.102 seconds
[2024-03-29T01:54:02.270+0000] {processor.py:157} INFO - Started process (PID=437) to work on /home/airflow/.local/lib/python3.8/site-packages/airflow/example_dags/example_task_group_decorator.py
[2024-03-29T01:54:02.271+0000] {processor.py:829} INFO - Processing file /home/airflow/.local/lib/python3.8/site-packages/airflow/example_dags/example_task_group_decorator.py for tasks to queue
[2024-03-29T01:54:02.274+0000] {logging_mixin.py:151} INFO - [2024-03-29T01:54:02.274+0000] {dagbag.py:539} INFO - Filling up the DagBag from /home/airflow/.local/lib/python3.8/site-packages/airflow/example_dags/example_task_group_decorator.py
[2024-03-29T01:54:02.296+0000] {processor.py:839} INFO - DAG(s) dict_keys(['example_task_group_decorator']) retrieved from /home/airflow/.local/lib/python3.8/site-packages/airflow/example_dags/example_task_group_decorator.py
[2024-03-29T01:54:02.327+0000] {logging_mixin.py:151} INFO - [2024-03-29T01:54:02.327+0000] {dag.py:2915} INFO - Sync 1 DAGs
[2024-03-29T01:54:02.356+0000] {logging_mixin.py:151} INFO - [2024-03-29T01:54:02.356+0000] {dag.py:3696} INFO - Setting next_dagrun for example_task_group_decorator to 2024-03-28T01:54:02.356265+00:00, run_after=2024-03-29T01:54:02.356265+00:00
[2024-03-29T01:54:02.379+0000] {processor.py:179} INFO - Processing /home/airflow/.local/lib/python3.8/site-packages/airflow/example_dags/example_task_group_decorator.py took 0.114 seconds
[2024-03-29T01:54:32.508+0000] {processor.py:157} INFO - Started process (PID=491) to work on /home/airflow/.local/lib/python3.8/site-packages/airflow/example_dags/example_task_group_decorator.py
[2024-03-29T01:54:32.509+0000] {processor.py:829} INFO - Processing file /home/airflow/.local/lib/python3.8/site-packages/airflow/example_dags/example_task_group_decorator.py for tasks to queue
[2024-03-29T01:54:32.512+0000] {logging_mixin.py:151} INFO - [2024-03-29T01:54:32.512+0000] {dagbag.py:539} INFO - Filling up the DagBag from /home/airflow/.local/lib/python3.8/site-packages/airflow/example_dags/example_task_group_decorator.py
[2024-03-29T01:54:32.525+0000] {processor.py:839} INFO - DAG(s) dict_keys(['example_task_group_decorator']) retrieved from /home/airflow/.local/lib/python3.8/site-packages/airflow/example_dags/example_task_group_decorator.py
[2024-03-29T01:54:32.553+0000] {logging_mixin.py:151} INFO - [2024-03-29T01:54:32.553+0000] {dag.py:2915} INFO - Sync 1 DAGs
[2024-03-29T01:54:32.577+0000] {logging_mixin.py:151} INFO - [2024-03-29T01:54:32.577+0000] {dag.py:3696} INFO - Setting next_dagrun for example_task_group_decorator to 2024-03-28T01:54:32.576853+00:00, run_after=2024-03-29T01:54:32.576853+00:00
[2024-03-29T01:54:32.601+0000] {processor.py:179} INFO - Processing /home/airflow/.local/lib/python3.8/site-packages/airflow/example_dags/example_task_group_decorator.py took 0.097 seconds
