[2024-03-29T01:50:37.520+0000] {processor.py:157} INFO - Started process (PID=76) to work on /home/airflow/.local/lib/python3.8/site-packages/airflow/example_dags/example_external_task_marker_dag.py
[2024-03-29T01:50:37.521+0000] {processor.py:829} INFO - Processing file /home/airflow/.local/lib/python3.8/site-packages/airflow/example_dags/example_external_task_marker_dag.py for tasks to queue
[2024-03-29T01:50:37.524+0000] {logging_mixin.py:151} INFO - [2024-03-29T01:50:37.523+0000] {dagbag.py:539} INFO - Filling up the DagBag from /home/airflow/.local/lib/python3.8/site-packages/airflow/example_dags/example_external_task_marker_dag.py
[2024-03-29T01:50:37.535+0000] {processor.py:839} INFO - DAG(s) dict_keys(['example_external_task_marker_parent', 'example_external_task_marker_child']) retrieved from /home/airflow/.local/lib/python3.8/site-packages/airflow/example_dags/example_external_task_marker_dag.py
[2024-03-29T01:50:37.594+0000] {logging_mixin.py:151} INFO - [2024-03-29T01:50:37.593+0000] {dag.py:2915} INFO - Sync 2 DAGs
[2024-03-29T01:50:37.622+0000] {logging_mixin.py:151} INFO - [2024-03-29T01:50:37.622+0000] {dag.py:3696} INFO - Setting next_dagrun for example_external_task_marker_child to None, run_after=None
[2024-03-29T01:50:37.629+0000] {logging_mixin.py:151} INFO - [2024-03-29T01:50:37.628+0000] {dag.py:3696} INFO - Setting next_dagrun for example_external_task_marker_parent to None, run_after=None
[2024-03-29T01:50:37.665+0000] {processor.py:179} INFO - Processing /home/airflow/.local/lib/python3.8/site-packages/airflow/example_dags/example_external_task_marker_dag.py took 0.151 seconds
[2024-03-29T01:51:08.214+0000] {processor.py:157} INFO - Started process (PID=130) to work on /home/airflow/.local/lib/python3.8/site-packages/airflow/example_dags/example_external_task_marker_dag.py
[2024-03-29T01:51:08.215+0000] {processor.py:829} INFO - Processing file /home/airflow/.local/lib/python3.8/site-packages/airflow/example_dags/example_external_task_marker_dag.py for tasks to queue
[2024-03-29T01:51:08.217+0000] {logging_mixin.py:151} INFO - [2024-03-29T01:51:08.217+0000] {dagbag.py:539} INFO - Filling up the DagBag from /home/airflow/.local/lib/python3.8/site-packages/airflow/example_dags/example_external_task_marker_dag.py
[2024-03-29T01:51:08.224+0000] {processor.py:839} INFO - DAG(s) dict_keys(['example_external_task_marker_child', 'example_external_task_marker_parent']) retrieved from /home/airflow/.local/lib/python3.8/site-packages/airflow/example_dags/example_external_task_marker_dag.py
[2024-03-29T01:51:08.253+0000] {logging_mixin.py:151} INFO - [2024-03-29T01:51:08.253+0000] {dag.py:2915} INFO - Sync 2 DAGs
[2024-03-29T01:51:08.289+0000] {logging_mixin.py:151} INFO - [2024-03-29T01:51:08.288+0000] {dag.py:3696} INFO - Setting next_dagrun for example_external_task_marker_child to None, run_after=None
[2024-03-29T01:51:08.298+0000] {logging_mixin.py:151} INFO - [2024-03-29T01:51:08.298+0000] {dag.py:3696} INFO - Setting next_dagrun for example_external_task_marker_parent to None, run_after=None
[2024-03-29T01:51:08.331+0000] {processor.py:179} INFO - Processing /home/airflow/.local/lib/python3.8/site-packages/airflow/example_dags/example_external_task_marker_dag.py took 0.121 seconds
[2024-03-29T01:51:38.575+0000] {processor.py:157} INFO - Started process (PID=185) to work on /home/airflow/.local/lib/python3.8/site-packages/airflow/example_dags/example_external_task_marker_dag.py
[2024-03-29T01:51:38.577+0000] {processor.py:829} INFO - Processing file /home/airflow/.local/lib/python3.8/site-packages/airflow/example_dags/example_external_task_marker_dag.py for tasks to queue
[2024-03-29T01:51:38.580+0000] {logging_mixin.py:151} INFO - [2024-03-29T01:51:38.580+0000] {dagbag.py:539} INFO - Filling up the DagBag from /home/airflow/.local/lib/python3.8/site-packages/airflow/example_dags/example_external_task_marker_dag.py
[2024-03-29T01:51:38.588+0000] {processor.py:839} INFO - DAG(s) dict_keys(['example_external_task_marker_child', 'example_external_task_marker_parent']) retrieved from /home/airflow/.local/lib/python3.8/site-packages/airflow/example_dags/example_external_task_marker_dag.py
[2024-03-29T01:51:38.603+0000] {logging_mixin.py:151} INFO - [2024-03-29T01:51:38.602+0000] {dag.py:2915} INFO - Sync 2 DAGs
[2024-03-29T01:51:38.616+0000] {logging_mixin.py:151} INFO - [2024-03-29T01:51:38.616+0000] {dag.py:3696} INFO - Setting next_dagrun for example_external_task_marker_child to None, run_after=None
[2024-03-29T01:51:38.621+0000] {logging_mixin.py:151} INFO - [2024-03-29T01:51:38.621+0000] {dag.py:3696} INFO - Setting next_dagrun for example_external_task_marker_parent to None, run_after=None
[2024-03-29T01:51:38.643+0000] {processor.py:179} INFO - Processing /home/airflow/.local/lib/python3.8/site-packages/airflow/example_dags/example_external_task_marker_dag.py took 0.071 seconds
[2024-03-29T01:52:08.967+0000] {processor.py:157} INFO - Started process (PID=239) to work on /home/airflow/.local/lib/python3.8/site-packages/airflow/example_dags/example_external_task_marker_dag.py
[2024-03-29T01:52:08.969+0000] {processor.py:829} INFO - Processing file /home/airflow/.local/lib/python3.8/site-packages/airflow/example_dags/example_external_task_marker_dag.py for tasks to queue
[2024-03-29T01:52:08.972+0000] {logging_mixin.py:151} INFO - [2024-03-29T01:52:08.972+0000] {dagbag.py:539} INFO - Filling up the DagBag from /home/airflow/.local/lib/python3.8/site-packages/airflow/example_dags/example_external_task_marker_dag.py
[2024-03-29T01:52:08.978+0000] {processor.py:839} INFO - DAG(s) dict_keys(['example_external_task_marker_parent', 'example_external_task_marker_child']) retrieved from /home/airflow/.local/lib/python3.8/site-packages/airflow/example_dags/example_external_task_marker_dag.py
[2024-03-29T01:52:09.007+0000] {logging_mixin.py:151} INFO - [2024-03-29T01:52:09.007+0000] {dag.py:2915} INFO - Sync 2 DAGs
[2024-03-29T01:52:09.022+0000] {logging_mixin.py:151} INFO - [2024-03-29T01:52:09.022+0000] {dag.py:3696} INFO - Setting next_dagrun for example_external_task_marker_child to None, run_after=None
[2024-03-29T01:52:09.027+0000] {logging_mixin.py:151} INFO - [2024-03-29T01:52:09.026+0000] {dag.py:3696} INFO - Setting next_dagrun for example_external_task_marker_parent to None, run_after=None
[2024-03-29T01:52:09.051+0000] {processor.py:179} INFO - Processing /home/airflow/.local/lib/python3.8/site-packages/airflow/example_dags/example_external_task_marker_dag.py took 0.087 seconds
[2024-03-29T01:52:39.326+0000] {processor.py:157} INFO - Started process (PID=293) to work on /home/airflow/.local/lib/python3.8/site-packages/airflow/example_dags/example_external_task_marker_dag.py
[2024-03-29T01:52:39.328+0000] {processor.py:829} INFO - Processing file /home/airflow/.local/lib/python3.8/site-packages/airflow/example_dags/example_external_task_marker_dag.py for tasks to queue
[2024-03-29T01:52:39.332+0000] {logging_mixin.py:151} INFO - [2024-03-29T01:52:39.331+0000] {dagbag.py:539} INFO - Filling up the DagBag from /home/airflow/.local/lib/python3.8/site-packages/airflow/example_dags/example_external_task_marker_dag.py
[2024-03-29T01:52:39.337+0000] {processor.py:839} INFO - DAG(s) dict_keys(['example_external_task_marker_parent', 'example_external_task_marker_child']) retrieved from /home/airflow/.local/lib/python3.8/site-packages/airflow/example_dags/example_external_task_marker_dag.py
[2024-03-29T01:52:39.368+0000] {logging_mixin.py:151} INFO - [2024-03-29T01:52:39.368+0000] {dag.py:2915} INFO - Sync 2 DAGs
[2024-03-29T01:52:39.381+0000] {logging_mixin.py:151} INFO - [2024-03-29T01:52:39.381+0000] {dag.py:3696} INFO - Setting next_dagrun for example_external_task_marker_child to None, run_after=None
[2024-03-29T01:52:39.386+0000] {logging_mixin.py:151} INFO - [2024-03-29T01:52:39.385+0000] {dag.py:3696} INFO - Setting next_dagrun for example_external_task_marker_parent to None, run_after=None
[2024-03-29T01:52:39.412+0000] {processor.py:179} INFO - Processing /home/airflow/.local/lib/python3.8/site-packages/airflow/example_dags/example_external_task_marker_dag.py took 0.090 seconds
[2024-03-29T01:53:09.901+0000] {processor.py:157} INFO - Started process (PID=347) to work on /home/airflow/.local/lib/python3.8/site-packages/airflow/example_dags/example_external_task_marker_dag.py
[2024-03-29T01:53:09.902+0000] {processor.py:829} INFO - Processing file /home/airflow/.local/lib/python3.8/site-packages/airflow/example_dags/example_external_task_marker_dag.py for tasks to queue
[2024-03-29T01:53:09.904+0000] {logging_mixin.py:151} INFO - [2024-03-29T01:53:09.904+0000] {dagbag.py:539} INFO - Filling up the DagBag from /home/airflow/.local/lib/python3.8/site-packages/airflow/example_dags/example_external_task_marker_dag.py
[2024-03-29T01:53:09.909+0000] {processor.py:839} INFO - DAG(s) dict_keys(['example_external_task_marker_parent', 'example_external_task_marker_child']) retrieved from /home/airflow/.local/lib/python3.8/site-packages/airflow/example_dags/example_external_task_marker_dag.py
[2024-03-29T01:53:09.938+0000] {logging_mixin.py:151} INFO - [2024-03-29T01:53:09.938+0000] {dag.py:2915} INFO - Sync 2 DAGs
[2024-03-29T01:53:09.951+0000] {logging_mixin.py:151} INFO - [2024-03-29T01:53:09.951+0000] {dag.py:3696} INFO - Setting next_dagrun for example_external_task_marker_child to None, run_after=None
[2024-03-29T01:53:09.955+0000] {logging_mixin.py:151} INFO - [2024-03-29T01:53:09.955+0000] {dag.py:3696} INFO - Setting next_dagrun for example_external_task_marker_parent to None, run_after=None
[2024-03-29T01:53:09.975+0000] {processor.py:179} INFO - Processing /home/airflow/.local/lib/python3.8/site-packages/airflow/example_dags/example_external_task_marker_dag.py took 0.078 seconds
[2024-03-29T01:53:40.736+0000] {processor.py:157} INFO - Started process (PID=401) to work on /home/airflow/.local/lib/python3.8/site-packages/airflow/example_dags/example_external_task_marker_dag.py
[2024-03-29T01:53:40.737+0000] {processor.py:829} INFO - Processing file /home/airflow/.local/lib/python3.8/site-packages/airflow/example_dags/example_external_task_marker_dag.py for tasks to queue
[2024-03-29T01:53:40.740+0000] {logging_mixin.py:151} INFO - [2024-03-29T01:53:40.739+0000] {dagbag.py:539} INFO - Filling up the DagBag from /home/airflow/.local/lib/python3.8/site-packages/airflow/example_dags/example_external_task_marker_dag.py
[2024-03-29T01:53:40.745+0000] {processor.py:839} INFO - DAG(s) dict_keys(['example_external_task_marker_parent', 'example_external_task_marker_child']) retrieved from /home/airflow/.local/lib/python3.8/site-packages/airflow/example_dags/example_external_task_marker_dag.py
[2024-03-29T01:53:40.773+0000] {logging_mixin.py:151} INFO - [2024-03-29T01:53:40.773+0000] {dag.py:2915} INFO - Sync 2 DAGs
[2024-03-29T01:53:40.787+0000] {logging_mixin.py:151} INFO - [2024-03-29T01:53:40.787+0000] {dag.py:3696} INFO - Setting next_dagrun for example_external_task_marker_child to None, run_after=None
[2024-03-29T01:53:40.791+0000] {logging_mixin.py:151} INFO - [2024-03-29T01:53:40.791+0000] {dag.py:3696} INFO - Setting next_dagrun for example_external_task_marker_parent to None, run_after=None
[2024-03-29T01:53:40.816+0000] {processor.py:179} INFO - Processing /home/airflow/.local/lib/python3.8/site-packages/airflow/example_dags/example_external_task_marker_dag.py took 0.085 seconds
[2024-03-29T01:54:11.284+0000] {processor.py:157} INFO - Started process (PID=460) to work on /home/airflow/.local/lib/python3.8/site-packages/airflow/example_dags/example_external_task_marker_dag.py
[2024-03-29T01:54:11.286+0000] {processor.py:829} INFO - Processing file /home/airflow/.local/lib/python3.8/site-packages/airflow/example_dags/example_external_task_marker_dag.py for tasks to queue
[2024-03-29T01:54:11.290+0000] {logging_mixin.py:151} INFO - [2024-03-29T01:54:11.288+0000] {dagbag.py:539} INFO - Filling up the DagBag from /home/airflow/.local/lib/python3.8/site-packages/airflow/example_dags/example_external_task_marker_dag.py
[2024-03-29T01:54:11.298+0000] {processor.py:839} INFO - DAG(s) dict_keys(['example_external_task_marker_child', 'example_external_task_marker_parent']) retrieved from /home/airflow/.local/lib/python3.8/site-packages/airflow/example_dags/example_external_task_marker_dag.py
[2024-03-29T01:54:11.327+0000] {logging_mixin.py:151} INFO - [2024-03-29T01:54:11.327+0000] {dag.py:2915} INFO - Sync 2 DAGs
[2024-03-29T01:54:11.344+0000] {logging_mixin.py:151} INFO - [2024-03-29T01:54:11.344+0000] {dag.py:3696} INFO - Setting next_dagrun for example_external_task_marker_child to None, run_after=None
[2024-03-29T01:54:11.350+0000] {logging_mixin.py:151} INFO - [2024-03-29T01:54:11.349+0000] {dag.py:3696} INFO - Setting next_dagrun for example_external_task_marker_parent to None, run_after=None
[2024-03-29T01:54:11.374+0000] {processor.py:179} INFO - Processing /home/airflow/.local/lib/python3.8/site-packages/airflow/example_dags/example_external_task_marker_dag.py took 0.095 seconds
[2024-03-29T01:54:41.867+0000] {processor.py:157} INFO - Started process (PID=514) to work on /home/airflow/.local/lib/python3.8/site-packages/airflow/example_dags/example_external_task_marker_dag.py
[2024-03-29T01:54:41.868+0000] {processor.py:829} INFO - Processing file /home/airflow/.local/lib/python3.8/site-packages/airflow/example_dags/example_external_task_marker_dag.py for tasks to queue
[2024-03-29T01:54:41.871+0000] {logging_mixin.py:151} INFO - [2024-03-29T01:54:41.871+0000] {dagbag.py:539} INFO - Filling up the DagBag from /home/airflow/.local/lib/python3.8/site-packages/airflow/example_dags/example_external_task_marker_dag.py
[2024-03-29T01:54:41.877+0000] {processor.py:839} INFO - DAG(s) dict_keys(['example_external_task_marker_child', 'example_external_task_marker_parent']) retrieved from /home/airflow/.local/lib/python3.8/site-packages/airflow/example_dags/example_external_task_marker_dag.py
[2024-03-29T01:54:41.904+0000] {logging_mixin.py:151} INFO - [2024-03-29T01:54:41.904+0000] {dag.py:2915} INFO - Sync 2 DAGs
[2024-03-29T01:54:41.919+0000] {logging_mixin.py:151} INFO - [2024-03-29T01:54:41.919+0000] {dag.py:3696} INFO - Setting next_dagrun for example_external_task_marker_child to None, run_after=None
[2024-03-29T01:54:41.923+0000] {logging_mixin.py:151} INFO - [2024-03-29T01:54:41.923+0000] {dag.py:3696} INFO - Setting next_dagrun for example_external_task_marker_parent to None, run_after=None
[2024-03-29T01:54:41.944+0000] {processor.py:179} INFO - Processing /home/airflow/.local/lib/python3.8/site-packages/airflow/example_dags/example_external_task_marker_dag.py took 0.081 seconds
