[2024-03-29T01:50:29.976+0000] {processor.py:157} INFO - Started process (PID=55) to work on /home/airflow/.local/lib/python3.8/site-packages/airflow/example_dags/example_local_kubernetes_executor.py
[2024-03-29T01:50:29.980+0000] {processor.py:829} INFO - Processing file /home/airflow/.local/lib/python3.8/site-packages/airflow/example_dags/example_local_kubernetes_executor.py for tasks to queue
[2024-03-29T01:50:30.001+0000] {logging_mixin.py:151} INFO - [2024-03-29T01:50:30.001+0000] {dagbag.py:539} INFO - Filling up the DagBag from /home/airflow/.local/lib/python3.8/site-packages/airflow/example_dags/example_local_kubernetes_executor.py
[2024-03-29T01:50:33.519+0000] {processor.py:839} INFO - DAG(s) dict_keys(['example_local_kubernetes_executor']) retrieved from /home/airflow/.local/lib/python3.8/site-packages/airflow/example_dags/example_local_kubernetes_executor.py
[2024-03-29T01:50:33.985+0000] {logging_mixin.py:151} INFO - [2024-03-29T01:50:33.983+0000] {dag.py:2915} INFO - Sync 1 DAGs
[2024-03-29T01:50:34.074+0000] {logging_mixin.py:151} INFO - [2024-03-29T01:50:34.074+0000] {dag.py:3696} INFO - Setting next_dagrun for example_local_kubernetes_executor to None, run_after=None
[2024-03-29T01:50:34.171+0000] {processor.py:179} INFO - Processing /home/airflow/.local/lib/python3.8/site-packages/airflow/example_dags/example_local_kubernetes_executor.py took 4.234 seconds
[2024-03-29T01:51:04.530+0000] {processor.py:157} INFO - Started process (PID=112) to work on /home/airflow/.local/lib/python3.8/site-packages/airflow/example_dags/example_local_kubernetes_executor.py
[2024-03-29T01:51:04.532+0000] {processor.py:829} INFO - Processing file /home/airflow/.local/lib/python3.8/site-packages/airflow/example_dags/example_local_kubernetes_executor.py for tasks to queue
[2024-03-29T01:51:04.535+0000] {logging_mixin.py:151} INFO - [2024-03-29T01:51:04.535+0000] {dagbag.py:539} INFO - Filling up the DagBag from /home/airflow/.local/lib/python3.8/site-packages/airflow/example_dags/example_local_kubernetes_executor.py
[2024-03-29T01:51:05.636+0000] {processor.py:839} INFO - DAG(s) dict_keys(['example_local_kubernetes_executor']) retrieved from /home/airflow/.local/lib/python3.8/site-packages/airflow/example_dags/example_local_kubernetes_executor.py
[2024-03-29T01:51:05.731+0000] {logging_mixin.py:151} INFO - [2024-03-29T01:51:05.727+0000] {dag.py:2915} INFO - Sync 1 DAGs
[2024-03-29T01:51:05.780+0000] {logging_mixin.py:151} INFO - [2024-03-29T01:51:05.779+0000] {dag.py:3696} INFO - Setting next_dagrun for example_local_kubernetes_executor to None, run_after=None
[2024-03-29T01:51:05.811+0000] {processor.py:179} INFO - Processing /home/airflow/.local/lib/python3.8/site-packages/airflow/example_dags/example_local_kubernetes_executor.py took 1.284 seconds
[2024-03-29T01:51:35.891+0000] {processor.py:157} INFO - Started process (PID=167) to work on /home/airflow/.local/lib/python3.8/site-packages/airflow/example_dags/example_local_kubernetes_executor.py
[2024-03-29T01:51:35.893+0000] {processor.py:829} INFO - Processing file /home/airflow/.local/lib/python3.8/site-packages/airflow/example_dags/example_local_kubernetes_executor.py for tasks to queue
[2024-03-29T01:51:35.897+0000] {logging_mixin.py:151} INFO - [2024-03-29T01:51:35.897+0000] {dagbag.py:539} INFO - Filling up the DagBag from /home/airflow/.local/lib/python3.8/site-packages/airflow/example_dags/example_local_kubernetes_executor.py
[2024-03-29T01:51:36.152+0000] {processor.py:839} INFO - DAG(s) dict_keys(['example_local_kubernetes_executor']) retrieved from /home/airflow/.local/lib/python3.8/site-packages/airflow/example_dags/example_local_kubernetes_executor.py
[2024-03-29T01:51:36.167+0000] {logging_mixin.py:151} INFO - [2024-03-29T01:51:36.166+0000] {dag.py:2915} INFO - Sync 1 DAGs
[2024-03-29T01:51:36.182+0000] {logging_mixin.py:151} INFO - [2024-03-29T01:51:36.182+0000] {dag.py:3696} INFO - Setting next_dagrun for example_local_kubernetes_executor to None, run_after=None
[2024-03-29T01:51:36.208+0000] {processor.py:179} INFO - Processing /home/airflow/.local/lib/python3.8/site-packages/airflow/example_dags/example_local_kubernetes_executor.py took 0.321 seconds
[2024-03-29T01:52:06.267+0000] {processor.py:157} INFO - Started process (PID=223) to work on /home/airflow/.local/lib/python3.8/site-packages/airflow/example_dags/example_local_kubernetes_executor.py
[2024-03-29T01:52:06.268+0000] {processor.py:829} INFO - Processing file /home/airflow/.local/lib/python3.8/site-packages/airflow/example_dags/example_local_kubernetes_executor.py for tasks to queue
[2024-03-29T01:52:06.272+0000] {logging_mixin.py:151} INFO - [2024-03-29T01:52:06.271+0000] {dagbag.py:539} INFO - Filling up the DagBag from /home/airflow/.local/lib/python3.8/site-packages/airflow/example_dags/example_local_kubernetes_executor.py
[2024-03-29T01:52:06.556+0000] {processor.py:839} INFO - DAG(s) dict_keys(['example_local_kubernetes_executor']) retrieved from /home/airflow/.local/lib/python3.8/site-packages/airflow/example_dags/example_local_kubernetes_executor.py
[2024-03-29T01:52:06.606+0000] {logging_mixin.py:151} INFO - [2024-03-29T01:52:06.605+0000] {dag.py:2915} INFO - Sync 1 DAGs
[2024-03-29T01:52:06.625+0000] {logging_mixin.py:151} INFO - [2024-03-29T01:52:06.625+0000] {dag.py:3696} INFO - Setting next_dagrun for example_local_kubernetes_executor to None, run_after=None
[2024-03-29T01:52:06.651+0000] {processor.py:179} INFO - Processing /home/airflow/.local/lib/python3.8/site-packages/airflow/example_dags/example_local_kubernetes_executor.py took 0.389 seconds
[2024-03-29T01:52:37.398+0000] {processor.py:157} INFO - Started process (PID=277) to work on /home/airflow/.local/lib/python3.8/site-packages/airflow/example_dags/example_local_kubernetes_executor.py
[2024-03-29T01:52:37.400+0000] {processor.py:829} INFO - Processing file /home/airflow/.local/lib/python3.8/site-packages/airflow/example_dags/example_local_kubernetes_executor.py for tasks to queue
[2024-03-29T01:52:37.403+0000] {logging_mixin.py:151} INFO - [2024-03-29T01:52:37.403+0000] {dagbag.py:539} INFO - Filling up the DagBag from /home/airflow/.local/lib/python3.8/site-packages/airflow/example_dags/example_local_kubernetes_executor.py
[2024-03-29T01:52:37.682+0000] {processor.py:839} INFO - DAG(s) dict_keys(['example_local_kubernetes_executor']) retrieved from /home/airflow/.local/lib/python3.8/site-packages/airflow/example_dags/example_local_kubernetes_executor.py
[2024-03-29T01:52:37.717+0000] {logging_mixin.py:151} INFO - [2024-03-29T01:52:37.716+0000] {dag.py:2915} INFO - Sync 1 DAGs
[2024-03-29T01:52:37.728+0000] {logging_mixin.py:151} INFO - [2024-03-29T01:52:37.728+0000] {dag.py:3696} INFO - Setting next_dagrun for example_local_kubernetes_executor to None, run_after=None
[2024-03-29T01:52:37.752+0000] {processor.py:179} INFO - Processing /home/airflow/.local/lib/python3.8/site-packages/airflow/example_dags/example_local_kubernetes_executor.py took 0.357 seconds
[2024-03-29T01:53:07.932+0000] {processor.py:157} INFO - Started process (PID=338) to work on /home/airflow/.local/lib/python3.8/site-packages/airflow/example_dags/example_local_kubernetes_executor.py
[2024-03-29T01:53:07.933+0000] {processor.py:829} INFO - Processing file /home/airflow/.local/lib/python3.8/site-packages/airflow/example_dags/example_local_kubernetes_executor.py for tasks to queue
[2024-03-29T01:53:07.936+0000] {logging_mixin.py:151} INFO - [2024-03-29T01:53:07.936+0000] {dagbag.py:539} INFO - Filling up the DagBag from /home/airflow/.local/lib/python3.8/site-packages/airflow/example_dags/example_local_kubernetes_executor.py
[2024-03-29T01:53:08.163+0000] {processor.py:839} INFO - DAG(s) dict_keys(['example_local_kubernetes_executor']) retrieved from /home/airflow/.local/lib/python3.8/site-packages/airflow/example_dags/example_local_kubernetes_executor.py
[2024-03-29T01:53:08.211+0000] {logging_mixin.py:151} INFO - [2024-03-29T01:53:08.211+0000] {dag.py:2915} INFO - Sync 1 DAGs
[2024-03-29T01:53:08.223+0000] {logging_mixin.py:151} INFO - [2024-03-29T01:53:08.223+0000] {dag.py:3696} INFO - Setting next_dagrun for example_local_kubernetes_executor to None, run_after=None
[2024-03-29T01:53:08.246+0000] {processor.py:179} INFO - Processing /home/airflow/.local/lib/python3.8/site-packages/airflow/example_dags/example_local_kubernetes_executor.py took 0.317 seconds
[2024-03-29T01:53:38.295+0000] {processor.py:157} INFO - Started process (PID=393) to work on /home/airflow/.local/lib/python3.8/site-packages/airflow/example_dags/example_local_kubernetes_executor.py
[2024-03-29T01:53:38.297+0000] {processor.py:829} INFO - Processing file /home/airflow/.local/lib/python3.8/site-packages/airflow/example_dags/example_local_kubernetes_executor.py for tasks to queue
[2024-03-29T01:53:38.299+0000] {logging_mixin.py:151} INFO - [2024-03-29T01:53:38.299+0000] {dagbag.py:539} INFO - Filling up the DagBag from /home/airflow/.local/lib/python3.8/site-packages/airflow/example_dags/example_local_kubernetes_executor.py
[2024-03-29T01:53:38.522+0000] {processor.py:839} INFO - DAG(s) dict_keys(['example_local_kubernetes_executor']) retrieved from /home/airflow/.local/lib/python3.8/site-packages/airflow/example_dags/example_local_kubernetes_executor.py
[2024-03-29T01:53:38.559+0000] {logging_mixin.py:151} INFO - [2024-03-29T01:53:38.558+0000] {dag.py:2915} INFO - Sync 1 DAGs
[2024-03-29T01:53:38.573+0000] {logging_mixin.py:151} INFO - [2024-03-29T01:53:38.573+0000] {dag.py:3696} INFO - Setting next_dagrun for example_local_kubernetes_executor to None, run_after=None
[2024-03-29T01:53:38.599+0000] {processor.py:179} INFO - Processing /home/airflow/.local/lib/python3.8/site-packages/airflow/example_dags/example_local_kubernetes_executor.py took 0.307 seconds
[2024-03-29T01:54:08.709+0000] {processor.py:157} INFO - Started process (PID=451) to work on /home/airflow/.local/lib/python3.8/site-packages/airflow/example_dags/example_local_kubernetes_executor.py
[2024-03-29T01:54:08.712+0000] {processor.py:829} INFO - Processing file /home/airflow/.local/lib/python3.8/site-packages/airflow/example_dags/example_local_kubernetes_executor.py for tasks to queue
[2024-03-29T01:54:08.714+0000] {logging_mixin.py:151} INFO - [2024-03-29T01:54:08.714+0000] {dagbag.py:539} INFO - Filling up the DagBag from /home/airflow/.local/lib/python3.8/site-packages/airflow/example_dags/example_local_kubernetes_executor.py
[2024-03-29T01:54:09.051+0000] {processor.py:839} INFO - DAG(s) dict_keys(['example_local_kubernetes_executor']) retrieved from /home/airflow/.local/lib/python3.8/site-packages/airflow/example_dags/example_local_kubernetes_executor.py
[2024-03-29T01:54:09.089+0000] {logging_mixin.py:151} INFO - [2024-03-29T01:54:09.088+0000] {dag.py:2915} INFO - Sync 1 DAGs
[2024-03-29T01:54:09.102+0000] {logging_mixin.py:151} INFO - [2024-03-29T01:54:09.102+0000] {dag.py:3696} INFO - Setting next_dagrun for example_local_kubernetes_executor to None, run_after=None
[2024-03-29T01:54:09.130+0000] {processor.py:179} INFO - Processing /home/airflow/.local/lib/python3.8/site-packages/airflow/example_dags/example_local_kubernetes_executor.py took 0.423 seconds
[2024-03-29T01:54:39.972+0000] {processor.py:157} INFO - Started process (PID=506) to work on /home/airflow/.local/lib/python3.8/site-packages/airflow/example_dags/example_local_kubernetes_executor.py
[2024-03-29T01:54:39.974+0000] {processor.py:829} INFO - Processing file /home/airflow/.local/lib/python3.8/site-packages/airflow/example_dags/example_local_kubernetes_executor.py for tasks to queue
[2024-03-29T01:54:39.977+0000] {logging_mixin.py:151} INFO - [2024-03-29T01:54:39.977+0000] {dagbag.py:539} INFO - Filling up the DagBag from /home/airflow/.local/lib/python3.8/site-packages/airflow/example_dags/example_local_kubernetes_executor.py
[2024-03-29T01:54:40.232+0000] {processor.py:839} INFO - DAG(s) dict_keys(['example_local_kubernetes_executor']) retrieved from /home/airflow/.local/lib/python3.8/site-packages/airflow/example_dags/example_local_kubernetes_executor.py
[2024-03-29T01:54:40.265+0000] {logging_mixin.py:151} INFO - [2024-03-29T01:54:40.264+0000] {dag.py:2915} INFO - Sync 1 DAGs
[2024-03-29T01:54:40.276+0000] {logging_mixin.py:151} INFO - [2024-03-29T01:54:40.276+0000] {dag.py:3696} INFO - Setting next_dagrun for example_local_kubernetes_executor to None, run_after=None
[2024-03-29T01:54:40.301+0000] {processor.py:179} INFO - Processing /home/airflow/.local/lib/python3.8/site-packages/airflow/example_dags/example_local_kubernetes_executor.py took 0.334 seconds
