[2024-03-29T01:50:31.814+0000] {processor.py:157} INFO - Started process (PID=58) to work on /home/airflow/.local/lib/python3.8/site-packages/airflow/example_dags/example_bash_operator.py
[2024-03-29T01:50:31.815+0000] {processor.py:829} INFO - Processing file /home/airflow/.local/lib/python3.8/site-packages/airflow/example_dags/example_bash_operator.py for tasks to queue
[2024-03-29T01:50:31.831+0000] {logging_mixin.py:151} INFO - [2024-03-29T01:50:31.831+0000] {dagbag.py:539} INFO - Filling up the DagBag from /home/airflow/.local/lib/python3.8/site-packages/airflow/example_dags/example_bash_operator.py
[2024-03-29T01:50:31.902+0000] {processor.py:839} INFO - DAG(s) dict_keys(['example_bash_operator']) retrieved from /home/airflow/.local/lib/python3.8/site-packages/airflow/example_dags/example_bash_operator.py
[2024-03-29T01:50:32.117+0000] {logging_mixin.py:151} INFO - [2024-03-29T01:50:32.117+0000] {dag.py:2915} INFO - Sync 1 DAGs
[2024-03-29T01:50:32.220+0000] {logging_mixin.py:151} INFO - [2024-03-29T01:50:32.220+0000] {dag.py:3696} INFO - Setting next_dagrun for example_bash_operator to 2024-03-28T00:00:00+00:00, run_after=2024-03-29T00:00:00+00:00
[2024-03-29T01:50:32.277+0000] {processor.py:179} INFO - Processing /home/airflow/.local/lib/python3.8/site-packages/airflow/example_dags/example_bash_operator.py took 0.488 seconds
[2024-03-29T01:51:02.521+0000] {processor.py:157} INFO - Started process (PID=111) to work on /home/airflow/.local/lib/python3.8/site-packages/airflow/example_dags/example_bash_operator.py
[2024-03-29T01:51:02.523+0000] {processor.py:829} INFO - Processing file /home/airflow/.local/lib/python3.8/site-packages/airflow/example_dags/example_bash_operator.py for tasks to queue
[2024-03-29T01:51:02.527+0000] {logging_mixin.py:151} INFO - [2024-03-29T01:51:02.527+0000] {dagbag.py:539} INFO - Filling up the DagBag from /home/airflow/.local/lib/python3.8/site-packages/airflow/example_dags/example_bash_operator.py
[2024-03-29T01:51:02.539+0000] {processor.py:839} INFO - DAG(s) dict_keys(['example_bash_operator']) retrieved from /home/airflow/.local/lib/python3.8/site-packages/airflow/example_dags/example_bash_operator.py
[2024-03-29T01:51:02.570+0000] {logging_mixin.py:151} INFO - [2024-03-29T01:51:02.570+0000] {dag.py:2915} INFO - Sync 1 DAGs
[2024-03-29T01:51:02.593+0000] {logging_mixin.py:151} INFO - [2024-03-29T01:51:02.593+0000] {dag.py:3696} INFO - Setting next_dagrun for example_bash_operator to 2024-03-28T00:00:00+00:00, run_after=2024-03-29T00:00:00+00:00
[2024-03-29T01:51:02.616+0000] {processor.py:179} INFO - Processing /home/airflow/.local/lib/python3.8/site-packages/airflow/example_dags/example_bash_operator.py took 0.099 seconds
[2024-03-29T01:51:32.755+0000] {processor.py:157} INFO - Started process (PID=165) to work on /home/airflow/.local/lib/python3.8/site-packages/airflow/example_dags/example_bash_operator.py
[2024-03-29T01:51:32.757+0000] {processor.py:829} INFO - Processing file /home/airflow/.local/lib/python3.8/site-packages/airflow/example_dags/example_bash_operator.py for tasks to queue
[2024-03-29T01:51:32.760+0000] {logging_mixin.py:151} INFO - [2024-03-29T01:51:32.760+0000] {dagbag.py:539} INFO - Filling up the DagBag from /home/airflow/.local/lib/python3.8/site-packages/airflow/example_dags/example_bash_operator.py
[2024-03-29T01:51:32.770+0000] {processor.py:839} INFO - DAG(s) dict_keys(['example_bash_operator']) retrieved from /home/airflow/.local/lib/python3.8/site-packages/airflow/example_dags/example_bash_operator.py
[2024-03-29T01:51:32.782+0000] {logging_mixin.py:151} INFO - [2024-03-29T01:51:32.782+0000] {dag.py:2915} INFO - Sync 1 DAGs
[2024-03-29T01:51:32.807+0000] {logging_mixin.py:151} INFO - [2024-03-29T01:51:32.806+0000] {dag.py:3696} INFO - Setting next_dagrun for example_bash_operator to 2024-03-28T00:00:00+00:00, run_after=2024-03-29T00:00:00+00:00
[2024-03-29T01:51:32.832+0000] {processor.py:179} INFO - Processing /home/airflow/.local/lib/python3.8/site-packages/airflow/example_dags/example_bash_operator.py took 0.080 seconds
[2024-03-29T01:52:02.978+0000] {processor.py:157} INFO - Started process (PID=220) to work on /home/airflow/.local/lib/python3.8/site-packages/airflow/example_dags/example_bash_operator.py
[2024-03-29T01:52:02.980+0000] {processor.py:829} INFO - Processing file /home/airflow/.local/lib/python3.8/site-packages/airflow/example_dags/example_bash_operator.py for tasks to queue
[2024-03-29T01:52:02.984+0000] {logging_mixin.py:151} INFO - [2024-03-29T01:52:02.983+0000] {dagbag.py:539} INFO - Filling up the DagBag from /home/airflow/.local/lib/python3.8/site-packages/airflow/example_dags/example_bash_operator.py
[2024-03-29T01:52:02.994+0000] {processor.py:839} INFO - DAG(s) dict_keys(['example_bash_operator']) retrieved from /home/airflow/.local/lib/python3.8/site-packages/airflow/example_dags/example_bash_operator.py
[2024-03-29T01:52:03.027+0000] {logging_mixin.py:151} INFO - [2024-03-29T01:52:03.027+0000] {dag.py:2915} INFO - Sync 1 DAGs
[2024-03-29T01:52:03.051+0000] {logging_mixin.py:151} INFO - [2024-03-29T01:52:03.051+0000] {dag.py:3696} INFO - Setting next_dagrun for example_bash_operator to 2024-03-28T00:00:00+00:00, run_after=2024-03-29T00:00:00+00:00
[2024-03-29T01:52:03.076+0000] {processor.py:179} INFO - Processing /home/airflow/.local/lib/python3.8/site-packages/airflow/example_dags/example_bash_operator.py took 0.101 seconds
[2024-03-29T01:52:33.349+0000] {processor.py:157} INFO - Started process (PID=274) to work on /home/airflow/.local/lib/python3.8/site-packages/airflow/example_dags/example_bash_operator.py
[2024-03-29T01:52:33.350+0000] {processor.py:829} INFO - Processing file /home/airflow/.local/lib/python3.8/site-packages/airflow/example_dags/example_bash_operator.py for tasks to queue
[2024-03-29T01:52:33.353+0000] {logging_mixin.py:151} INFO - [2024-03-29T01:52:33.353+0000] {dagbag.py:539} INFO - Filling up the DagBag from /home/airflow/.local/lib/python3.8/site-packages/airflow/example_dags/example_bash_operator.py
[2024-03-29T01:52:33.365+0000] {processor.py:839} INFO - DAG(s) dict_keys(['example_bash_operator']) retrieved from /home/airflow/.local/lib/python3.8/site-packages/airflow/example_dags/example_bash_operator.py
[2024-03-29T01:52:33.404+0000] {logging_mixin.py:151} INFO - [2024-03-29T01:52:33.404+0000] {dag.py:2915} INFO - Sync 1 DAGs
[2024-03-29T01:52:33.438+0000] {logging_mixin.py:151} INFO - [2024-03-29T01:52:33.438+0000] {dag.py:3696} INFO - Setting next_dagrun for example_bash_operator to 2024-03-28T00:00:00+00:00, run_after=2024-03-29T00:00:00+00:00
[2024-03-29T01:52:33.463+0000] {processor.py:179} INFO - Processing /home/airflow/.local/lib/python3.8/site-packages/airflow/example_dags/example_bash_operator.py took 0.119 seconds
[2024-03-29T01:53:03.757+0000] {processor.py:157} INFO - Started process (PID=328) to work on /home/airflow/.local/lib/python3.8/site-packages/airflow/example_dags/example_bash_operator.py
[2024-03-29T01:53:03.759+0000] {processor.py:829} INFO - Processing file /home/airflow/.local/lib/python3.8/site-packages/airflow/example_dags/example_bash_operator.py for tasks to queue
[2024-03-29T01:53:03.762+0000] {logging_mixin.py:151} INFO - [2024-03-29T01:53:03.761+0000] {dagbag.py:539} INFO - Filling up the DagBag from /home/airflow/.local/lib/python3.8/site-packages/airflow/example_dags/example_bash_operator.py
[2024-03-29T01:53:03.772+0000] {processor.py:839} INFO - DAG(s) dict_keys(['example_bash_operator']) retrieved from /home/airflow/.local/lib/python3.8/site-packages/airflow/example_dags/example_bash_operator.py
[2024-03-29T01:53:03.804+0000] {logging_mixin.py:151} INFO - [2024-03-29T01:53:03.803+0000] {dag.py:2915} INFO - Sync 1 DAGs
[2024-03-29T01:53:03.825+0000] {logging_mixin.py:151} INFO - [2024-03-29T01:53:03.825+0000] {dag.py:3696} INFO - Setting next_dagrun for example_bash_operator to 2024-03-28T00:00:00+00:00, run_after=2024-03-29T00:00:00+00:00
[2024-03-29T01:53:03.849+0000] {processor.py:179} INFO - Processing /home/airflow/.local/lib/python3.8/site-packages/airflow/example_dags/example_bash_operator.py took 0.094 seconds
[2024-03-29T01:53:34.028+0000] {processor.py:157} INFO - Started process (PID=382) to work on /home/airflow/.local/lib/python3.8/site-packages/airflow/example_dags/example_bash_operator.py
[2024-03-29T01:53:34.030+0000] {processor.py:829} INFO - Processing file /home/airflow/.local/lib/python3.8/site-packages/airflow/example_dags/example_bash_operator.py for tasks to queue
[2024-03-29T01:53:34.034+0000] {logging_mixin.py:151} INFO - [2024-03-29T01:53:34.033+0000] {dagbag.py:539} INFO - Filling up the DagBag from /home/airflow/.local/lib/python3.8/site-packages/airflow/example_dags/example_bash_operator.py
[2024-03-29T01:53:34.046+0000] {processor.py:839} INFO - DAG(s) dict_keys(['example_bash_operator']) retrieved from /home/airflow/.local/lib/python3.8/site-packages/airflow/example_dags/example_bash_operator.py
[2024-03-29T01:53:34.082+0000] {logging_mixin.py:151} INFO - [2024-03-29T01:53:34.082+0000] {dag.py:2915} INFO - Sync 1 DAGs
[2024-03-29T01:53:34.108+0000] {logging_mixin.py:151} INFO - [2024-03-29T01:53:34.108+0000] {dag.py:3696} INFO - Setting next_dagrun for example_bash_operator to 2024-03-28T00:00:00+00:00, run_after=2024-03-29T00:00:00+00:00
[2024-03-29T01:53:34.137+0000] {processor.py:179} INFO - Processing /home/airflow/.local/lib/python3.8/site-packages/airflow/example_dags/example_bash_operator.py took 0.112 seconds
[2024-03-29T01:54:04.559+0000] {processor.py:157} INFO - Started process (PID=441) to work on /home/airflow/.local/lib/python3.8/site-packages/airflow/example_dags/example_bash_operator.py
[2024-03-29T01:54:04.560+0000] {processor.py:829} INFO - Processing file /home/airflow/.local/lib/python3.8/site-packages/airflow/example_dags/example_bash_operator.py for tasks to queue
[2024-03-29T01:54:04.563+0000] {logging_mixin.py:151} INFO - [2024-03-29T01:54:04.563+0000] {dagbag.py:539} INFO - Filling up the DagBag from /home/airflow/.local/lib/python3.8/site-packages/airflow/example_dags/example_bash_operator.py
[2024-03-29T01:54:04.574+0000] {processor.py:839} INFO - DAG(s) dict_keys(['example_bash_operator']) retrieved from /home/airflow/.local/lib/python3.8/site-packages/airflow/example_dags/example_bash_operator.py
[2024-03-29T01:54:04.605+0000] {logging_mixin.py:151} INFO - [2024-03-29T01:54:04.605+0000] {dag.py:2915} INFO - Sync 1 DAGs
[2024-03-29T01:54:04.626+0000] {logging_mixin.py:151} INFO - [2024-03-29T01:54:04.626+0000] {dag.py:3696} INFO - Setting next_dagrun for example_bash_operator to 2024-03-28T00:00:00+00:00, run_after=2024-03-29T00:00:00+00:00
[2024-03-29T01:54:04.649+0000] {processor.py:179} INFO - Processing /home/airflow/.local/lib/python3.8/site-packages/airflow/example_dags/example_bash_operator.py took 0.093 seconds
[2024-03-29T01:54:34.769+0000] {processor.py:157} INFO - Started process (PID=495) to work on /home/airflow/.local/lib/python3.8/site-packages/airflow/example_dags/example_bash_operator.py
[2024-03-29T01:54:34.771+0000] {processor.py:829} INFO - Processing file /home/airflow/.local/lib/python3.8/site-packages/airflow/example_dags/example_bash_operator.py for tasks to queue
[2024-03-29T01:54:34.773+0000] {logging_mixin.py:151} INFO - [2024-03-29T01:54:34.773+0000] {dagbag.py:539} INFO - Filling up the DagBag from /home/airflow/.local/lib/python3.8/site-packages/airflow/example_dags/example_bash_operator.py
[2024-03-29T01:54:34.786+0000] {processor.py:839} INFO - DAG(s) dict_keys(['example_bash_operator']) retrieved from /home/airflow/.local/lib/python3.8/site-packages/airflow/example_dags/example_bash_operator.py
[2024-03-29T01:54:34.843+0000] {logging_mixin.py:151} INFO - [2024-03-29T01:54:34.842+0000] {dag.py:2915} INFO - Sync 1 DAGs
[2024-03-29T01:54:34.881+0000] {logging_mixin.py:151} INFO - [2024-03-29T01:54:34.880+0000] {dag.py:3696} INFO - Setting next_dagrun for example_bash_operator to 2024-03-28T00:00:00+00:00, run_after=2024-03-29T00:00:00+00:00
[2024-03-29T01:54:34.906+0000] {processor.py:179} INFO - Processing /home/airflow/.local/lib/python3.8/site-packages/airflow/example_dags/example_bash_operator.py took 0.139 seconds
