[2024-03-29T01:50:18.448+0000] {processor.py:157} INFO - Started process (PID=35) to work on /home/airflow/.local/lib/python3.8/site-packages/airflow/example_dags/example_dynamic_task_mapping_with_no_taskflow_operators.py
[2024-03-29T01:50:18.462+0000] {processor.py:829} INFO - Processing file /home/airflow/.local/lib/python3.8/site-packages/airflow/example_dags/example_dynamic_task_mapping_with_no_taskflow_operators.py for tasks to queue
[2024-03-29T01:50:18.490+0000] {logging_mixin.py:151} INFO - [2024-03-29T01:50:18.488+0000] {dagbag.py:539} INFO - Filling up the DagBag from /home/airflow/.local/lib/python3.8/site-packages/airflow/example_dags/example_dynamic_task_mapping_with_no_taskflow_operators.py
[2024-03-29T01:50:18.663+0000] {processor.py:839} INFO - DAG(s) dict_keys(['example_dynamic_task_mapping_with_no_taskflow_operators']) retrieved from /home/airflow/.local/lib/python3.8/site-packages/airflow/example_dags/example_dynamic_task_mapping_with_no_taskflow_operators.py
[2024-03-29T01:50:18.915+0000] {logging_mixin.py:151} INFO - [2024-03-29T01:50:18.902+0000] {dag.py:2915} INFO - Sync 1 DAGs
[2024-03-29T01:50:21.581+0000] {logging_mixin.py:151} INFO - [2024-03-29T01:50:21.580+0000] {dag.py:3696} INFO - Setting next_dagrun for example_dynamic_task_mapping_with_no_taskflow_operators to 2024-03-28T01:50:21.578576+00:00, run_after=2024-03-29T01:50:21.578576+00:00
[2024-03-29T01:50:21.657+0000] {processor.py:179} INFO - Processing /home/airflow/.local/lib/python3.8/site-packages/airflow/example_dags/example_dynamic_task_mapping_with_no_taskflow_operators.py took 3.328 seconds
[2024-03-29T01:50:51.791+0000] {processor.py:157} INFO - Started process (PID=88) to work on /home/airflow/.local/lib/python3.8/site-packages/airflow/example_dags/example_dynamic_task_mapping_with_no_taskflow_operators.py
[2024-03-29T01:50:51.794+0000] {processor.py:829} INFO - Processing file /home/airflow/.local/lib/python3.8/site-packages/airflow/example_dags/example_dynamic_task_mapping_with_no_taskflow_operators.py for tasks to queue
[2024-03-29T01:50:51.802+0000] {logging_mixin.py:151} INFO - [2024-03-29T01:50:51.801+0000] {dagbag.py:539} INFO - Filling up the DagBag from /home/airflow/.local/lib/python3.8/site-packages/airflow/example_dags/example_dynamic_task_mapping_with_no_taskflow_operators.py
[2024-03-29T01:50:51.840+0000] {processor.py:839} INFO - DAG(s) dict_keys(['example_dynamic_task_mapping_with_no_taskflow_operators']) retrieved from /home/airflow/.local/lib/python3.8/site-packages/airflow/example_dags/example_dynamic_task_mapping_with_no_taskflow_operators.py
[2024-03-29T01:50:51.930+0000] {logging_mixin.py:151} INFO - [2024-03-29T01:50:51.930+0000] {dag.py:2915} INFO - Sync 1 DAGs
[2024-03-29T01:50:51.970+0000] {logging_mixin.py:151} INFO - [2024-03-29T01:50:51.970+0000] {dag.py:3696} INFO - Setting next_dagrun for example_dynamic_task_mapping_with_no_taskflow_operators to 2024-03-28T01:50:51.970439+00:00, run_after=2024-03-29T01:50:51.970439+00:00
[2024-03-29T01:50:51.993+0000] {processor.py:179} INFO - Processing /home/airflow/.local/lib/python3.8/site-packages/airflow/example_dags/example_dynamic_task_mapping_with_no_taskflow_operators.py took 0.225 seconds
[2024-03-29T01:51:22.442+0000] {processor.py:157} INFO - Started process (PID=143) to work on /home/airflow/.local/lib/python3.8/site-packages/airflow/example_dags/example_dynamic_task_mapping_with_no_taskflow_operators.py
[2024-03-29T01:51:22.444+0000] {processor.py:829} INFO - Processing file /home/airflow/.local/lib/python3.8/site-packages/airflow/example_dags/example_dynamic_task_mapping_with_no_taskflow_operators.py for tasks to queue
[2024-03-29T01:51:22.447+0000] {logging_mixin.py:151} INFO - [2024-03-29T01:51:22.447+0000] {dagbag.py:539} INFO - Filling up the DagBag from /home/airflow/.local/lib/python3.8/site-packages/airflow/example_dags/example_dynamic_task_mapping_with_no_taskflow_operators.py
[2024-03-29T01:51:22.454+0000] {processor.py:839} INFO - DAG(s) dict_keys(['example_dynamic_task_mapping_with_no_taskflow_operators']) retrieved from /home/airflow/.local/lib/python3.8/site-packages/airflow/example_dags/example_dynamic_task_mapping_with_no_taskflow_operators.py
[2024-03-29T01:51:22.471+0000] {logging_mixin.py:151} INFO - [2024-03-29T01:51:22.471+0000] {dag.py:2915} INFO - Sync 1 DAGs
[2024-03-29T01:51:22.497+0000] {logging_mixin.py:151} INFO - [2024-03-29T01:51:22.497+0000] {dag.py:3696} INFO - Setting next_dagrun for example_dynamic_task_mapping_with_no_taskflow_operators to 2024-03-28T01:51:22.496775+00:00, run_after=2024-03-29T01:51:22.496775+00:00
[2024-03-29T01:51:22.518+0000] {processor.py:179} INFO - Processing /home/airflow/.local/lib/python3.8/site-packages/airflow/example_dags/example_dynamic_task_mapping_with_no_taskflow_operators.py took 0.080 seconds
[2024-03-29T01:51:52.608+0000] {processor.py:157} INFO - Started process (PID=198) to work on /home/airflow/.local/lib/python3.8/site-packages/airflow/example_dags/example_dynamic_task_mapping_with_no_taskflow_operators.py
[2024-03-29T01:51:52.610+0000] {processor.py:829} INFO - Processing file /home/airflow/.local/lib/python3.8/site-packages/airflow/example_dags/example_dynamic_task_mapping_with_no_taskflow_operators.py for tasks to queue
[2024-03-29T01:51:52.613+0000] {logging_mixin.py:151} INFO - [2024-03-29T01:51:52.613+0000] {dagbag.py:539} INFO - Filling up the DagBag from /home/airflow/.local/lib/python3.8/site-packages/airflow/example_dags/example_dynamic_task_mapping_with_no_taskflow_operators.py
[2024-03-29T01:51:52.619+0000] {processor.py:839} INFO - DAG(s) dict_keys(['example_dynamic_task_mapping_with_no_taskflow_operators']) retrieved from /home/airflow/.local/lib/python3.8/site-packages/airflow/example_dags/example_dynamic_task_mapping_with_no_taskflow_operators.py
[2024-03-29T01:51:52.644+0000] {logging_mixin.py:151} INFO - [2024-03-29T01:51:52.644+0000] {dag.py:2915} INFO - Sync 1 DAGs
[2024-03-29T01:51:52.668+0000] {logging_mixin.py:151} INFO - [2024-03-29T01:51:52.668+0000] {dag.py:3696} INFO - Setting next_dagrun for example_dynamic_task_mapping_with_no_taskflow_operators to 2024-03-28T01:51:52.668163+00:00, run_after=2024-03-29T01:51:52.668163+00:00
[2024-03-29T01:51:52.696+0000] {processor.py:179} INFO - Processing /home/airflow/.local/lib/python3.8/site-packages/airflow/example_dags/example_dynamic_task_mapping_with_no_taskflow_operators.py took 0.093 seconds
[2024-03-29T01:52:23.072+0000] {processor.py:157} INFO - Started process (PID=252) to work on /home/airflow/.local/lib/python3.8/site-packages/airflow/example_dags/example_dynamic_task_mapping_with_no_taskflow_operators.py
[2024-03-29T01:52:23.073+0000] {processor.py:829} INFO - Processing file /home/airflow/.local/lib/python3.8/site-packages/airflow/example_dags/example_dynamic_task_mapping_with_no_taskflow_operators.py for tasks to queue
[2024-03-29T01:52:23.076+0000] {logging_mixin.py:151} INFO - [2024-03-29T01:52:23.076+0000] {dagbag.py:539} INFO - Filling up the DagBag from /home/airflow/.local/lib/python3.8/site-packages/airflow/example_dags/example_dynamic_task_mapping_with_no_taskflow_operators.py
[2024-03-29T01:52:23.083+0000] {processor.py:839} INFO - DAG(s) dict_keys(['example_dynamic_task_mapping_with_no_taskflow_operators']) retrieved from /home/airflow/.local/lib/python3.8/site-packages/airflow/example_dags/example_dynamic_task_mapping_with_no_taskflow_operators.py
[2024-03-29T01:52:23.111+0000] {logging_mixin.py:151} INFO - [2024-03-29T01:52:23.111+0000] {dag.py:2915} INFO - Sync 1 DAGs
[2024-03-29T01:52:23.137+0000] {logging_mixin.py:151} INFO - [2024-03-29T01:52:23.136+0000] {dag.py:3696} INFO - Setting next_dagrun for example_dynamic_task_mapping_with_no_taskflow_operators to 2024-03-28T01:52:23.136594+00:00, run_after=2024-03-29T01:52:23.136594+00:00
[2024-03-29T01:52:23.159+0000] {processor.py:179} INFO - Processing /home/airflow/.local/lib/python3.8/site-packages/airflow/example_dags/example_dynamic_task_mapping_with_no_taskflow_operators.py took 0.110 seconds
[2024-03-29T01:52:53.479+0000] {processor.py:157} INFO - Started process (PID=306) to work on /home/airflow/.local/lib/python3.8/site-packages/airflow/example_dags/example_dynamic_task_mapping_with_no_taskflow_operators.py
[2024-03-29T01:52:53.480+0000] {processor.py:829} INFO - Processing file /home/airflow/.local/lib/python3.8/site-packages/airflow/example_dags/example_dynamic_task_mapping_with_no_taskflow_operators.py for tasks to queue
[2024-03-29T01:52:53.483+0000] {logging_mixin.py:151} INFO - [2024-03-29T01:52:53.483+0000] {dagbag.py:539} INFO - Filling up the DagBag from /home/airflow/.local/lib/python3.8/site-packages/airflow/example_dags/example_dynamic_task_mapping_with_no_taskflow_operators.py
[2024-03-29T01:52:53.492+0000] {processor.py:839} INFO - DAG(s) dict_keys(['example_dynamic_task_mapping_with_no_taskflow_operators']) retrieved from /home/airflow/.local/lib/python3.8/site-packages/airflow/example_dags/example_dynamic_task_mapping_with_no_taskflow_operators.py
[2024-03-29T01:52:53.524+0000] {logging_mixin.py:151} INFO - [2024-03-29T01:52:53.524+0000] {dag.py:2915} INFO - Sync 1 DAGs
[2024-03-29T01:52:53.549+0000] {logging_mixin.py:151} INFO - [2024-03-29T01:52:53.549+0000] {dag.py:3696} INFO - Setting next_dagrun for example_dynamic_task_mapping_with_no_taskflow_operators to 2024-03-28T01:52:53.549260+00:00, run_after=2024-03-29T01:52:53.549260+00:00
[2024-03-29T01:52:53.572+0000] {processor.py:179} INFO - Processing /home/airflow/.local/lib/python3.8/site-packages/airflow/example_dags/example_dynamic_task_mapping_with_no_taskflow_operators.py took 0.104 seconds
[2024-03-29T01:53:23.635+0000] {processor.py:157} INFO - Started process (PID=359) to work on /home/airflow/.local/lib/python3.8/site-packages/airflow/example_dags/example_dynamic_task_mapping_with_no_taskflow_operators.py
[2024-03-29T01:53:23.636+0000] {processor.py:829} INFO - Processing file /home/airflow/.local/lib/python3.8/site-packages/airflow/example_dags/example_dynamic_task_mapping_with_no_taskflow_operators.py for tasks to queue
[2024-03-29T01:53:23.638+0000] {logging_mixin.py:151} INFO - [2024-03-29T01:53:23.638+0000] {dagbag.py:539} INFO - Filling up the DagBag from /home/airflow/.local/lib/python3.8/site-packages/airflow/example_dags/example_dynamic_task_mapping_with_no_taskflow_operators.py
[2024-03-29T01:53:23.647+0000] {processor.py:839} INFO - DAG(s) dict_keys(['example_dynamic_task_mapping_with_no_taskflow_operators']) retrieved from /home/airflow/.local/lib/python3.8/site-packages/airflow/example_dags/example_dynamic_task_mapping_with_no_taskflow_operators.py
[2024-03-29T01:53:23.669+0000] {logging_mixin.py:151} INFO - [2024-03-29T01:53:23.669+0000] {dag.py:2915} INFO - Sync 1 DAGs
[2024-03-29T01:53:23.692+0000] {logging_mixin.py:151} INFO - [2024-03-29T01:53:23.692+0000] {dag.py:3696} INFO - Setting next_dagrun for example_dynamic_task_mapping_with_no_taskflow_operators to 2024-03-28T01:53:23.691857+00:00, run_after=2024-03-29T01:53:23.691857+00:00
[2024-03-29T01:53:23.716+0000] {processor.py:179} INFO - Processing /home/airflow/.local/lib/python3.8/site-packages/airflow/example_dags/example_dynamic_task_mapping_with_no_taskflow_operators.py took 0.085 seconds
[2024-03-29T01:53:53.788+0000] {processor.py:157} INFO - Started process (PID=418) to work on /home/airflow/.local/lib/python3.8/site-packages/airflow/example_dags/example_dynamic_task_mapping_with_no_taskflow_operators.py
[2024-03-29T01:53:53.789+0000] {processor.py:829} INFO - Processing file /home/airflow/.local/lib/python3.8/site-packages/airflow/example_dags/example_dynamic_task_mapping_with_no_taskflow_operators.py for tasks to queue
[2024-03-29T01:53:53.795+0000] {logging_mixin.py:151} INFO - [2024-03-29T01:53:53.794+0000] {dagbag.py:539} INFO - Filling up the DagBag from /home/airflow/.local/lib/python3.8/site-packages/airflow/example_dags/example_dynamic_task_mapping_with_no_taskflow_operators.py
[2024-03-29T01:53:53.806+0000] {processor.py:839} INFO - DAG(s) dict_keys(['example_dynamic_task_mapping_with_no_taskflow_operators']) retrieved from /home/airflow/.local/lib/python3.8/site-packages/airflow/example_dags/example_dynamic_task_mapping_with_no_taskflow_operators.py
[2024-03-29T01:53:53.878+0000] {logging_mixin.py:151} INFO - [2024-03-29T01:53:53.878+0000] {dag.py:2915} INFO - Sync 1 DAGs
[2024-03-29T01:53:53.959+0000] {logging_mixin.py:151} INFO - [2024-03-29T01:53:53.959+0000] {dag.py:3696} INFO - Setting next_dagrun for example_dynamic_task_mapping_with_no_taskflow_operators to 2024-03-28T01:53:53.958529+00:00, run_after=2024-03-29T01:53:53.958529+00:00
[2024-03-29T01:53:53.998+0000] {processor.py:179} INFO - Processing /home/airflow/.local/lib/python3.8/site-packages/airflow/example_dags/example_dynamic_task_mapping_with_no_taskflow_operators.py took 0.217 seconds
[2024-03-29T01:54:24.155+0000] {processor.py:157} INFO - Started process (PID=472) to work on /home/airflow/.local/lib/python3.8/site-packages/airflow/example_dags/example_dynamic_task_mapping_with_no_taskflow_operators.py
[2024-03-29T01:54:24.157+0000] {processor.py:829} INFO - Processing file /home/airflow/.local/lib/python3.8/site-packages/airflow/example_dags/example_dynamic_task_mapping_with_no_taskflow_operators.py for tasks to queue
[2024-03-29T01:54:24.160+0000] {logging_mixin.py:151} INFO - [2024-03-29T01:54:24.160+0000] {dagbag.py:539} INFO - Filling up the DagBag from /home/airflow/.local/lib/python3.8/site-packages/airflow/example_dags/example_dynamic_task_mapping_with_no_taskflow_operators.py
[2024-03-29T01:54:24.170+0000] {processor.py:839} INFO - DAG(s) dict_keys(['example_dynamic_task_mapping_with_no_taskflow_operators']) retrieved from /home/airflow/.local/lib/python3.8/site-packages/airflow/example_dags/example_dynamic_task_mapping_with_no_taskflow_operators.py
[2024-03-29T01:54:24.195+0000] {logging_mixin.py:151} INFO - [2024-03-29T01:54:24.194+0000] {dag.py:2915} INFO - Sync 1 DAGs
[2024-03-29T01:54:24.216+0000] {logging_mixin.py:151} INFO - [2024-03-29T01:54:24.216+0000] {dag.py:3696} INFO - Setting next_dagrun for example_dynamic_task_mapping_with_no_taskflow_operators to 2024-03-28T01:54:24.216162+00:00, run_after=2024-03-29T01:54:24.216162+00:00
[2024-03-29T01:54:24.239+0000] {processor.py:179} INFO - Processing /home/airflow/.local/lib/python3.8/site-packages/airflow/example_dags/example_dynamic_task_mapping_with_no_taskflow_operators.py took 0.087 seconds
[2024-03-29T01:54:54.726+0000] {processor.py:157} INFO - Started process (PID=527) to work on /home/airflow/.local/lib/python3.8/site-packages/airflow/example_dags/example_dynamic_task_mapping_with_no_taskflow_operators.py
[2024-03-29T01:54:54.727+0000] {processor.py:829} INFO - Processing file /home/airflow/.local/lib/python3.8/site-packages/airflow/example_dags/example_dynamic_task_mapping_with_no_taskflow_operators.py for tasks to queue
[2024-03-29T01:54:54.731+0000] {logging_mixin.py:151} INFO - [2024-03-29T01:54:54.730+0000] {dagbag.py:539} INFO - Filling up the DagBag from /home/airflow/.local/lib/python3.8/site-packages/airflow/example_dags/example_dynamic_task_mapping_with_no_taskflow_operators.py
[2024-03-29T01:54:54.738+0000] {processor.py:839} INFO - DAG(s) dict_keys(['example_dynamic_task_mapping_with_no_taskflow_operators']) retrieved from /home/airflow/.local/lib/python3.8/site-packages/airflow/example_dags/example_dynamic_task_mapping_with_no_taskflow_operators.py
[2024-03-29T01:54:54.763+0000] {logging_mixin.py:151} INFO - [2024-03-29T01:54:54.763+0000] {dag.py:2915} INFO - Sync 1 DAGs
[2024-03-29T01:54:54.788+0000] {logging_mixin.py:151} INFO - [2024-03-29T01:54:54.787+0000] {dag.py:3696} INFO - Setting next_dagrun for example_dynamic_task_mapping_with_no_taskflow_operators to 2024-03-28T01:54:54.787637+00:00, run_after=2024-03-29T01:54:54.787637+00:00
[2024-03-29T01:54:54.810+0000] {processor.py:179} INFO - Processing /home/airflow/.local/lib/python3.8/site-packages/airflow/example_dags/example_dynamic_task_mapping_with_no_taskflow_operators.py took 0.087 seconds
