[2024-03-29T01:50:36.952+0000] {processor.py:157} INFO - Started process (PID=72) to work on /home/airflow/.local/lib/python3.8/site-packages/airflow/example_dags/example_branch_datetime_operator.py
[2024-03-29T01:50:36.954+0000] {processor.py:829} INFO - Processing file /home/airflow/.local/lib/python3.8/site-packages/airflow/example_dags/example_branch_datetime_operator.py for tasks to queue
[2024-03-29T01:50:36.959+0000] {logging_mixin.py:151} INFO - [2024-03-29T01:50:36.958+0000] {dagbag.py:539} INFO - Filling up the DagBag from /home/airflow/.local/lib/python3.8/site-packages/airflow/example_dags/example_branch_datetime_operator.py
[2024-03-29T01:50:36.976+0000] {processor.py:839} INFO - DAG(s) dict_keys(['example_branch_datetime_operator_3', 'example_branch_datetime_operator_2', 'example_branch_datetime_operator']) retrieved from /home/airflow/.local/lib/python3.8/site-packages/airflow/example_dags/example_branch_datetime_operator.py
[2024-03-29T01:50:37.037+0000] {logging_mixin.py:151} INFO - [2024-03-29T01:50:37.037+0000] {dag.py:2915} INFO - Sync 3 DAGs
[2024-03-29T01:50:37.082+0000] {logging_mixin.py:151} INFO - [2024-03-29T01:50:37.081+0000] {dag.py:3696} INFO - Setting next_dagrun for example_branch_datetime_operator to 2024-03-28T00:00:00+00:00, run_after=2024-03-29T00:00:00+00:00
[2024-03-29T01:50:37.093+0000] {logging_mixin.py:151} INFO - [2024-03-29T01:50:37.093+0000] {dag.py:3696} INFO - Setting next_dagrun for example_branch_datetime_operator_2 to 2024-03-28T00:00:00+00:00, run_after=2024-03-29T00:00:00+00:00
[2024-03-29T01:50:37.098+0000] {logging_mixin.py:151} INFO - [2024-03-29T01:50:37.098+0000] {dag.py:3696} INFO - Setting next_dagrun for example_branch_datetime_operator_3 to 2024-03-28T00:00:00+00:00, run_after=2024-03-29T00:00:00+00:00
[2024-03-29T01:50:37.126+0000] {processor.py:179} INFO - Processing /home/airflow/.local/lib/python3.8/site-packages/airflow/example_dags/example_branch_datetime_operator.py took 0.179 seconds
[2024-03-29T01:51:07.505+0000] {processor.py:157} INFO - Started process (PID=126) to work on /home/airflow/.local/lib/python3.8/site-packages/airflow/example_dags/example_branch_datetime_operator.py
[2024-03-29T01:51:07.507+0000] {processor.py:829} INFO - Processing file /home/airflow/.local/lib/python3.8/site-packages/airflow/example_dags/example_branch_datetime_operator.py for tasks to queue
[2024-03-29T01:51:07.510+0000] {logging_mixin.py:151} INFO - [2024-03-29T01:51:07.510+0000] {dagbag.py:539} INFO - Filling up the DagBag from /home/airflow/.local/lib/python3.8/site-packages/airflow/example_dags/example_branch_datetime_operator.py
[2024-03-29T01:51:07.541+0000] {processor.py:839} INFO - DAG(s) dict_keys(['example_branch_datetime_operator_3', 'example_branch_datetime_operator_2', 'example_branch_datetime_operator']) retrieved from /home/airflow/.local/lib/python3.8/site-packages/airflow/example_dags/example_branch_datetime_operator.py
[2024-03-29T01:51:07.627+0000] {logging_mixin.py:151} INFO - [2024-03-29T01:51:07.627+0000] {dag.py:2915} INFO - Sync 3 DAGs
[2024-03-29T01:51:07.668+0000] {logging_mixin.py:151} INFO - [2024-03-29T01:51:07.668+0000] {dag.py:3696} INFO - Setting next_dagrun for example_branch_datetime_operator to 2024-03-28T00:00:00+00:00, run_after=2024-03-29T00:00:00+00:00
[2024-03-29T01:51:07.676+0000] {logging_mixin.py:151} INFO - [2024-03-29T01:51:07.675+0000] {dag.py:3696} INFO - Setting next_dagrun for example_branch_datetime_operator_2 to 2024-03-28T00:00:00+00:00, run_after=2024-03-29T00:00:00+00:00
[2024-03-29T01:51:07.680+0000] {logging_mixin.py:151} INFO - [2024-03-29T01:51:07.680+0000] {dag.py:3696} INFO - Setting next_dagrun for example_branch_datetime_operator_3 to 2024-03-28T00:00:00+00:00, run_after=2024-03-29T00:00:00+00:00
[2024-03-29T01:51:07.858+0000] {processor.py:179} INFO - Processing /home/airflow/.local/lib/python3.8/site-packages/airflow/example_dags/example_branch_datetime_operator.py took 0.370 seconds
[2024-03-29T01:51:38.314+0000] {processor.py:157} INFO - Started process (PID=181) to work on /home/airflow/.local/lib/python3.8/site-packages/airflow/example_dags/example_branch_datetime_operator.py
[2024-03-29T01:51:38.315+0000] {processor.py:829} INFO - Processing file /home/airflow/.local/lib/python3.8/site-packages/airflow/example_dags/example_branch_datetime_operator.py for tasks to queue
[2024-03-29T01:51:38.318+0000] {logging_mixin.py:151} INFO - [2024-03-29T01:51:38.318+0000] {dagbag.py:539} INFO - Filling up the DagBag from /home/airflow/.local/lib/python3.8/site-packages/airflow/example_dags/example_branch_datetime_operator.py
[2024-03-29T01:51:38.328+0000] {processor.py:839} INFO - DAG(s) dict_keys(['example_branch_datetime_operator_2', 'example_branch_datetime_operator_3', 'example_branch_datetime_operator']) retrieved from /home/airflow/.local/lib/python3.8/site-packages/airflow/example_dags/example_branch_datetime_operator.py
[2024-03-29T01:51:38.348+0000] {logging_mixin.py:151} INFO - [2024-03-29T01:51:38.347+0000] {dag.py:2915} INFO - Sync 3 DAGs
[2024-03-29T01:51:38.376+0000] {logging_mixin.py:151} INFO - [2024-03-29T01:51:38.376+0000] {dag.py:3696} INFO - Setting next_dagrun for example_branch_datetime_operator to 2024-03-28T00:00:00+00:00, run_after=2024-03-29T00:00:00+00:00
[2024-03-29T01:51:38.383+0000] {logging_mixin.py:151} INFO - [2024-03-29T01:51:38.383+0000] {dag.py:3696} INFO - Setting next_dagrun for example_branch_datetime_operator_2 to 2024-03-28T00:00:00+00:00, run_after=2024-03-29T00:00:00+00:00
[2024-03-29T01:51:38.387+0000] {logging_mixin.py:151} INFO - [2024-03-29T01:51:38.387+0000] {dag.py:3696} INFO - Setting next_dagrun for example_branch_datetime_operator_3 to 2024-03-28T00:00:00+00:00, run_after=2024-03-29T00:00:00+00:00
[2024-03-29T01:51:38.410+0000] {processor.py:179} INFO - Processing /home/airflow/.local/lib/python3.8/site-packages/airflow/example_dags/example_branch_datetime_operator.py took 0.100 seconds
[2024-03-29T01:52:08.549+0000] {processor.py:157} INFO - Started process (PID=235) to work on /home/airflow/.local/lib/python3.8/site-packages/airflow/example_dags/example_branch_datetime_operator.py
[2024-03-29T01:52:08.550+0000] {processor.py:829} INFO - Processing file /home/airflow/.local/lib/python3.8/site-packages/airflow/example_dags/example_branch_datetime_operator.py for tasks to queue
[2024-03-29T01:52:08.552+0000] {logging_mixin.py:151} INFO - [2024-03-29T01:52:08.552+0000] {dagbag.py:539} INFO - Filling up the DagBag from /home/airflow/.local/lib/python3.8/site-packages/airflow/example_dags/example_branch_datetime_operator.py
[2024-03-29T01:52:08.565+0000] {processor.py:839} INFO - DAG(s) dict_keys(['example_branch_datetime_operator', 'example_branch_datetime_operator_3', 'example_branch_datetime_operator_2']) retrieved from /home/airflow/.local/lib/python3.8/site-packages/airflow/example_dags/example_branch_datetime_operator.py
[2024-03-29T01:52:08.594+0000] {logging_mixin.py:151} INFO - [2024-03-29T01:52:08.594+0000] {dag.py:2915} INFO - Sync 3 DAGs
[2024-03-29T01:52:08.627+0000] {logging_mixin.py:151} INFO - [2024-03-29T01:52:08.627+0000] {dag.py:3696} INFO - Setting next_dagrun for example_branch_datetime_operator to 2024-03-28T00:00:00+00:00, run_after=2024-03-29T00:00:00+00:00
[2024-03-29T01:52:08.633+0000] {logging_mixin.py:151} INFO - [2024-03-29T01:52:08.633+0000] {dag.py:3696} INFO - Setting next_dagrun for example_branch_datetime_operator_2 to 2024-03-28T00:00:00+00:00, run_after=2024-03-29T00:00:00+00:00
[2024-03-29T01:52:08.637+0000] {logging_mixin.py:151} INFO - [2024-03-29T01:52:08.637+0000] {dag.py:3696} INFO - Setting next_dagrun for example_branch_datetime_operator_3 to 2024-03-28T00:00:00+00:00, run_after=2024-03-29T00:00:00+00:00
[2024-03-29T01:52:08.658+0000] {processor.py:179} INFO - Processing /home/airflow/.local/lib/python3.8/site-packages/airflow/example_dags/example_branch_datetime_operator.py took 0.113 seconds
[2024-03-29T01:52:38.762+0000] {processor.py:157} INFO - Started process (PID=288) to work on /home/airflow/.local/lib/python3.8/site-packages/airflow/example_dags/example_branch_datetime_operator.py
[2024-03-29T01:52:38.764+0000] {processor.py:829} INFO - Processing file /home/airflow/.local/lib/python3.8/site-packages/airflow/example_dags/example_branch_datetime_operator.py for tasks to queue
[2024-03-29T01:52:38.767+0000] {logging_mixin.py:151} INFO - [2024-03-29T01:52:38.767+0000] {dagbag.py:539} INFO - Filling up the DagBag from /home/airflow/.local/lib/python3.8/site-packages/airflow/example_dags/example_branch_datetime_operator.py
[2024-03-29T01:52:38.777+0000] {processor.py:839} INFO - DAG(s) dict_keys(['example_branch_datetime_operator_3', 'example_branch_datetime_operator_2', 'example_branch_datetime_operator']) retrieved from /home/airflow/.local/lib/python3.8/site-packages/airflow/example_dags/example_branch_datetime_operator.py
[2024-03-29T01:52:38.815+0000] {logging_mixin.py:151} INFO - [2024-03-29T01:52:38.814+0000] {dag.py:2915} INFO - Sync 3 DAGs
[2024-03-29T01:52:38.843+0000] {logging_mixin.py:151} INFO - [2024-03-29T01:52:38.843+0000] {dag.py:3696} INFO - Setting next_dagrun for example_branch_datetime_operator to 2024-03-28T00:00:00+00:00, run_after=2024-03-29T00:00:00+00:00
[2024-03-29T01:52:38.849+0000] {logging_mixin.py:151} INFO - [2024-03-29T01:52:38.849+0000] {dag.py:3696} INFO - Setting next_dagrun for example_branch_datetime_operator_2 to 2024-03-28T00:00:00+00:00, run_after=2024-03-29T00:00:00+00:00
[2024-03-29T01:52:38.855+0000] {logging_mixin.py:151} INFO - [2024-03-29T01:52:38.854+0000] {dag.py:3696} INFO - Setting next_dagrun for example_branch_datetime_operator_3 to 2024-03-28T00:00:00+00:00, run_after=2024-03-29T00:00:00+00:00
[2024-03-29T01:52:38.880+0000] {processor.py:179} INFO - Processing /home/airflow/.local/lib/python3.8/site-packages/airflow/example_dags/example_branch_datetime_operator.py took 0.122 seconds
[2024-03-29T01:53:09.182+0000] {processor.py:157} INFO - Started process (PID=342) to work on /home/airflow/.local/lib/python3.8/site-packages/airflow/example_dags/example_branch_datetime_operator.py
[2024-03-29T01:53:09.184+0000] {processor.py:829} INFO - Processing file /home/airflow/.local/lib/python3.8/site-packages/airflow/example_dags/example_branch_datetime_operator.py for tasks to queue
[2024-03-29T01:53:09.186+0000] {logging_mixin.py:151} INFO - [2024-03-29T01:53:09.186+0000] {dagbag.py:539} INFO - Filling up the DagBag from /home/airflow/.local/lib/python3.8/site-packages/airflow/example_dags/example_branch_datetime_operator.py
[2024-03-29T01:53:09.196+0000] {processor.py:839} INFO - DAG(s) dict_keys(['example_branch_datetime_operator_2', 'example_branch_datetime_operator', 'example_branch_datetime_operator_3']) retrieved from /home/airflow/.local/lib/python3.8/site-packages/airflow/example_dags/example_branch_datetime_operator.py
[2024-03-29T01:53:09.225+0000] {logging_mixin.py:151} INFO - [2024-03-29T01:53:09.225+0000] {dag.py:2915} INFO - Sync 3 DAGs
[2024-03-29T01:53:09.255+0000] {logging_mixin.py:151} INFO - [2024-03-29T01:53:09.255+0000] {dag.py:3696} INFO - Setting next_dagrun for example_branch_datetime_operator to 2024-03-28T00:00:00+00:00, run_after=2024-03-29T00:00:00+00:00
[2024-03-29T01:53:09.260+0000] {logging_mixin.py:151} INFO - [2024-03-29T01:53:09.260+0000] {dag.py:3696} INFO - Setting next_dagrun for example_branch_datetime_operator_2 to 2024-03-28T00:00:00+00:00, run_after=2024-03-29T00:00:00+00:00
[2024-03-29T01:53:09.264+0000] {logging_mixin.py:151} INFO - [2024-03-29T01:53:09.263+0000] {dag.py:3696} INFO - Setting next_dagrun for example_branch_datetime_operator_3 to 2024-03-28T00:00:00+00:00, run_after=2024-03-29T00:00:00+00:00
[2024-03-29T01:53:09.284+0000] {processor.py:179} INFO - Processing /home/airflow/.local/lib/python3.8/site-packages/airflow/example_dags/example_branch_datetime_operator.py took 0.106 seconds
[2024-03-29T01:53:39.431+0000] {processor.py:157} INFO - Started process (PID=396) to work on /home/airflow/.local/lib/python3.8/site-packages/airflow/example_dags/example_branch_datetime_operator.py
[2024-03-29T01:53:39.433+0000] {processor.py:829} INFO - Processing file /home/airflow/.local/lib/python3.8/site-packages/airflow/example_dags/example_branch_datetime_operator.py for tasks to queue
[2024-03-29T01:53:39.435+0000] {logging_mixin.py:151} INFO - [2024-03-29T01:53:39.435+0000] {dagbag.py:539} INFO - Filling up the DagBag from /home/airflow/.local/lib/python3.8/site-packages/airflow/example_dags/example_branch_datetime_operator.py
[2024-03-29T01:53:39.444+0000] {processor.py:839} INFO - DAG(s) dict_keys(['example_branch_datetime_operator', 'example_branch_datetime_operator_2', 'example_branch_datetime_operator_3']) retrieved from /home/airflow/.local/lib/python3.8/site-packages/airflow/example_dags/example_branch_datetime_operator.py
[2024-03-29T01:53:39.486+0000] {logging_mixin.py:151} INFO - [2024-03-29T01:53:39.486+0000] {dag.py:2915} INFO - Sync 3 DAGs
[2024-03-29T01:53:39.510+0000] {logging_mixin.py:151} INFO - [2024-03-29T01:53:39.510+0000] {dag.py:3696} INFO - Setting next_dagrun for example_branch_datetime_operator to 2024-03-28T00:00:00+00:00, run_after=2024-03-29T00:00:00+00:00
[2024-03-29T01:53:39.516+0000] {logging_mixin.py:151} INFO - [2024-03-29T01:53:39.516+0000] {dag.py:3696} INFO - Setting next_dagrun for example_branch_datetime_operator_2 to 2024-03-28T00:00:00+00:00, run_after=2024-03-29T00:00:00+00:00
[2024-03-29T01:53:39.519+0000] {logging_mixin.py:151} INFO - [2024-03-29T01:53:39.519+0000] {dag.py:3696} INFO - Setting next_dagrun for example_branch_datetime_operator_3 to 2024-03-28T00:00:00+00:00, run_after=2024-03-29T00:00:00+00:00
[2024-03-29T01:53:39.540+0000] {processor.py:179} INFO - Processing /home/airflow/.local/lib/python3.8/site-packages/airflow/example_dags/example_branch_datetime_operator.py took 0.113 seconds
[2024-03-29T01:54:09.968+0000] {processor.py:157} INFO - Started process (PID=455) to work on /home/airflow/.local/lib/python3.8/site-packages/airflow/example_dags/example_branch_datetime_operator.py
[2024-03-29T01:54:09.970+0000] {processor.py:829} INFO - Processing file /home/airflow/.local/lib/python3.8/site-packages/airflow/example_dags/example_branch_datetime_operator.py for tasks to queue
[2024-03-29T01:54:09.972+0000] {logging_mixin.py:151} INFO - [2024-03-29T01:54:09.972+0000] {dagbag.py:539} INFO - Filling up the DagBag from /home/airflow/.local/lib/python3.8/site-packages/airflow/example_dags/example_branch_datetime_operator.py
[2024-03-29T01:54:09.983+0000] {processor.py:839} INFO - DAG(s) dict_keys(['example_branch_datetime_operator_2', 'example_branch_datetime_operator', 'example_branch_datetime_operator_3']) retrieved from /home/airflow/.local/lib/python3.8/site-packages/airflow/example_dags/example_branch_datetime_operator.py
[2024-03-29T01:54:10.017+0000] {logging_mixin.py:151} INFO - [2024-03-29T01:54:10.017+0000] {dag.py:2915} INFO - Sync 3 DAGs
[2024-03-29T01:54:10.044+0000] {logging_mixin.py:151} INFO - [2024-03-29T01:54:10.044+0000] {dag.py:3696} INFO - Setting next_dagrun for example_branch_datetime_operator to 2024-03-28T00:00:00+00:00, run_after=2024-03-29T00:00:00+00:00
[2024-03-29T01:54:10.052+0000] {logging_mixin.py:151} INFO - [2024-03-29T01:54:10.051+0000] {dag.py:3696} INFO - Setting next_dagrun for example_branch_datetime_operator_2 to 2024-03-28T00:00:00+00:00, run_after=2024-03-29T00:00:00+00:00
[2024-03-29T01:54:10.055+0000] {logging_mixin.py:151} INFO - [2024-03-29T01:54:10.055+0000] {dag.py:3696} INFO - Setting next_dagrun for example_branch_datetime_operator_3 to 2024-03-28T00:00:00+00:00, run_after=2024-03-29T00:00:00+00:00
[2024-03-29T01:54:10.077+0000] {processor.py:179} INFO - Processing /home/airflow/.local/lib/python3.8/site-packages/airflow/example_dags/example_branch_datetime_operator.py took 0.112 seconds
[2024-03-29T01:54:40.588+0000] {processor.py:157} INFO - Started process (PID=509) to work on /home/airflow/.local/lib/python3.8/site-packages/airflow/example_dags/example_branch_datetime_operator.py
[2024-03-29T01:54:40.590+0000] {processor.py:829} INFO - Processing file /home/airflow/.local/lib/python3.8/site-packages/airflow/example_dags/example_branch_datetime_operator.py for tasks to queue
[2024-03-29T01:54:40.593+0000] {logging_mixin.py:151} INFO - [2024-03-29T01:54:40.592+0000] {dagbag.py:539} INFO - Filling up the DagBag from /home/airflow/.local/lib/python3.8/site-packages/airflow/example_dags/example_branch_datetime_operator.py
[2024-03-29T01:54:40.604+0000] {processor.py:839} INFO - DAG(s) dict_keys(['example_branch_datetime_operator', 'example_branch_datetime_operator_2', 'example_branch_datetime_operator_3']) retrieved from /home/airflow/.local/lib/python3.8/site-packages/airflow/example_dags/example_branch_datetime_operator.py
[2024-03-29T01:54:40.637+0000] {logging_mixin.py:151} INFO - [2024-03-29T01:54:40.637+0000] {dag.py:2915} INFO - Sync 3 DAGs
[2024-03-29T01:54:40.660+0000] {logging_mixin.py:151} INFO - [2024-03-29T01:54:40.660+0000] {dag.py:3696} INFO - Setting next_dagrun for example_branch_datetime_operator to 2024-03-28T00:00:00+00:00, run_after=2024-03-29T00:00:00+00:00
[2024-03-29T01:54:40.666+0000] {logging_mixin.py:151} INFO - [2024-03-29T01:54:40.666+0000] {dag.py:3696} INFO - Setting next_dagrun for example_branch_datetime_operator_2 to 2024-03-28T00:00:00+00:00, run_after=2024-03-29T00:00:00+00:00
[2024-03-29T01:54:40.669+0000] {logging_mixin.py:151} INFO - [2024-03-29T01:54:40.669+0000] {dag.py:3696} INFO - Setting next_dagrun for example_branch_datetime_operator_3 to 2024-03-28T00:00:00+00:00, run_after=2024-03-29T00:00:00+00:00
[2024-03-29T01:54:40.691+0000] {processor.py:179} INFO - Processing /home/airflow/.local/lib/python3.8/site-packages/airflow/example_dags/example_branch_datetime_operator.py took 0.106 seconds
