[2024-03-29T01:50:31.431+0000] {processor.py:157} INFO - Started process (PID=57) to work on /home/airflow/.local/lib/python3.8/site-packages/airflow/example_dags/example_short_circuit_decorator.py
[2024-03-29T01:50:31.433+0000] {processor.py:829} INFO - Processing file /home/airflow/.local/lib/python3.8/site-packages/airflow/example_dags/example_short_circuit_decorator.py for tasks to queue
[2024-03-29T01:50:31.437+0000] {logging_mixin.py:151} INFO - [2024-03-29T01:50:31.436+0000] {dagbag.py:539} INFO - Filling up the DagBag from /home/airflow/.local/lib/python3.8/site-packages/airflow/example_dags/example_short_circuit_decorator.py
[2024-03-29T01:50:31.452+0000] {processor.py:839} INFO - DAG(s) dict_keys(['example_short_circuit_decorator']) retrieved from /home/airflow/.local/lib/python3.8/site-packages/airflow/example_dags/example_short_circuit_decorator.py
[2024-03-29T01:50:31.542+0000] {logging_mixin.py:151} INFO - [2024-03-29T01:50:31.542+0000] {dag.py:2915} INFO - Sync 1 DAGs
[2024-03-29T01:50:31.666+0000] {logging_mixin.py:151} INFO - [2024-03-29T01:50:31.666+0000] {dag.py:3696} INFO - Setting next_dagrun for example_short_circuit_decorator to 2024-03-28T01:50:31.665466+00:00, run_after=2024-03-29T01:50:31.665466+00:00
[2024-03-29T01:50:31.719+0000] {processor.py:179} INFO - Processing /home/airflow/.local/lib/python3.8/site-packages/airflow/example_dags/example_short_circuit_decorator.py took 0.293 seconds
[2024-03-29T01:51:02.385+0000] {processor.py:157} INFO - Started process (PID=110) to work on /home/airflow/.local/lib/python3.8/site-packages/airflow/example_dags/example_short_circuit_decorator.py
[2024-03-29T01:51:02.387+0000] {processor.py:829} INFO - Processing file /home/airflow/.local/lib/python3.8/site-packages/airflow/example_dags/example_short_circuit_decorator.py for tasks to queue
[2024-03-29T01:51:02.390+0000] {logging_mixin.py:151} INFO - [2024-03-29T01:51:02.390+0000] {dagbag.py:539} INFO - Filling up the DagBag from /home/airflow/.local/lib/python3.8/site-packages/airflow/example_dags/example_short_circuit_decorator.py
[2024-03-29T01:51:02.399+0000] {processor.py:839} INFO - DAG(s) dict_keys(['example_short_circuit_decorator']) retrieved from /home/airflow/.local/lib/python3.8/site-packages/airflow/example_dags/example_short_circuit_decorator.py
[2024-03-29T01:51:02.426+0000] {logging_mixin.py:151} INFO - [2024-03-29T01:51:02.426+0000] {dag.py:2915} INFO - Sync 1 DAGs
[2024-03-29T01:51:02.449+0000] {logging_mixin.py:151} INFO - [2024-03-29T01:51:02.448+0000] {dag.py:3696} INFO - Setting next_dagrun for example_short_circuit_decorator to 2024-03-28T01:51:02.448633+00:00, run_after=2024-03-29T01:51:02.448633+00:00
[2024-03-29T01:51:02.472+0000] {processor.py:179} INFO - Processing /home/airflow/.local/lib/python3.8/site-packages/airflow/example_dags/example_short_circuit_decorator.py took 0.090 seconds
[2024-03-29T01:51:32.610+0000] {processor.py:157} INFO - Started process (PID=164) to work on /home/airflow/.local/lib/python3.8/site-packages/airflow/example_dags/example_short_circuit_decorator.py
[2024-03-29T01:51:32.642+0000] {processor.py:829} INFO - Processing file /home/airflow/.local/lib/python3.8/site-packages/airflow/example_dags/example_short_circuit_decorator.py for tasks to queue
[2024-03-29T01:51:32.645+0000] {logging_mixin.py:151} INFO - [2024-03-29T01:51:32.645+0000] {dagbag.py:539} INFO - Filling up the DagBag from /home/airflow/.local/lib/python3.8/site-packages/airflow/example_dags/example_short_circuit_decorator.py
[2024-03-29T01:51:32.654+0000] {processor.py:839} INFO - DAG(s) dict_keys(['example_short_circuit_decorator']) retrieved from /home/airflow/.local/lib/python3.8/site-packages/airflow/example_dags/example_short_circuit_decorator.py
[2024-03-29T01:51:32.670+0000] {logging_mixin.py:151} INFO - [2024-03-29T01:51:32.670+0000] {dag.py:2915} INFO - Sync 1 DAGs
[2024-03-29T01:51:32.697+0000] {logging_mixin.py:151} INFO - [2024-03-29T01:51:32.697+0000] {dag.py:3696} INFO - Setting next_dagrun for example_short_circuit_decorator to 2024-03-28T01:51:32.697002+00:00, run_after=2024-03-29T01:51:32.697002+00:00
[2024-03-29T01:51:32.726+0000] {processor.py:179} INFO - Processing /home/airflow/.local/lib/python3.8/site-packages/airflow/example_dags/example_short_circuit_decorator.py took 0.118 seconds
[2024-03-29T01:52:02.835+0000] {processor.py:157} INFO - Started process (PID=219) to work on /home/airflow/.local/lib/python3.8/site-packages/airflow/example_dags/example_short_circuit_decorator.py
[2024-03-29T01:52:02.837+0000] {processor.py:829} INFO - Processing file /home/airflow/.local/lib/python3.8/site-packages/airflow/example_dags/example_short_circuit_decorator.py for tasks to queue
[2024-03-29T01:52:02.839+0000] {logging_mixin.py:151} INFO - [2024-03-29T01:52:02.839+0000] {dagbag.py:539} INFO - Filling up the DagBag from /home/airflow/.local/lib/python3.8/site-packages/airflow/example_dags/example_short_circuit_decorator.py
[2024-03-29T01:52:02.850+0000] {processor.py:839} INFO - DAG(s) dict_keys(['example_short_circuit_decorator']) retrieved from /home/airflow/.local/lib/python3.8/site-packages/airflow/example_dags/example_short_circuit_decorator.py
[2024-03-29T01:52:02.874+0000] {logging_mixin.py:151} INFO - [2024-03-29T01:52:02.874+0000] {dag.py:2915} INFO - Sync 1 DAGs
[2024-03-29T01:52:02.900+0000] {logging_mixin.py:151} INFO - [2024-03-29T01:52:02.900+0000] {dag.py:3696} INFO - Setting next_dagrun for example_short_circuit_decorator to 2024-03-28T01:52:02.900084+00:00, run_after=2024-03-29T01:52:02.900084+00:00
[2024-03-29T01:52:02.926+0000] {processor.py:179} INFO - Processing /home/airflow/.local/lib/python3.8/site-packages/airflow/example_dags/example_short_circuit_decorator.py took 0.094 seconds
[2024-03-29T01:52:33.220+0000] {processor.py:157} INFO - Started process (PID=273) to work on /home/airflow/.local/lib/python3.8/site-packages/airflow/example_dags/example_short_circuit_decorator.py
[2024-03-29T01:52:33.222+0000] {processor.py:829} INFO - Processing file /home/airflow/.local/lib/python3.8/site-packages/airflow/example_dags/example_short_circuit_decorator.py for tasks to queue
[2024-03-29T01:52:33.225+0000] {logging_mixin.py:151} INFO - [2024-03-29T01:52:33.224+0000] {dagbag.py:539} INFO - Filling up the DagBag from /home/airflow/.local/lib/python3.8/site-packages/airflow/example_dags/example_short_circuit_decorator.py
[2024-03-29T01:52:33.236+0000] {processor.py:839} INFO - DAG(s) dict_keys(['example_short_circuit_decorator']) retrieved from /home/airflow/.local/lib/python3.8/site-packages/airflow/example_dags/example_short_circuit_decorator.py
[2024-03-29T01:52:33.260+0000] {logging_mixin.py:151} INFO - [2024-03-29T01:52:33.260+0000] {dag.py:2915} INFO - Sync 1 DAGs
[2024-03-29T01:52:33.285+0000] {logging_mixin.py:151} INFO - [2024-03-29T01:52:33.284+0000] {dag.py:3696} INFO - Setting next_dagrun for example_short_circuit_decorator to 2024-03-28T01:52:33.284499+00:00, run_after=2024-03-29T01:52:33.284499+00:00
[2024-03-29T01:52:33.309+0000] {processor.py:179} INFO - Processing /home/airflow/.local/lib/python3.8/site-packages/airflow/example_dags/example_short_circuit_decorator.py took 0.092 seconds
[2024-03-29T01:53:03.627+0000] {processor.py:157} INFO - Started process (PID=327) to work on /home/airflow/.local/lib/python3.8/site-packages/airflow/example_dags/example_short_circuit_decorator.py
[2024-03-29T01:53:03.629+0000] {processor.py:829} INFO - Processing file /home/airflow/.local/lib/python3.8/site-packages/airflow/example_dags/example_short_circuit_decorator.py for tasks to queue
[2024-03-29T01:53:03.633+0000] {logging_mixin.py:151} INFO - [2024-03-29T01:53:03.632+0000] {dagbag.py:539} INFO - Filling up the DagBag from /home/airflow/.local/lib/python3.8/site-packages/airflow/example_dags/example_short_circuit_decorator.py
[2024-03-29T01:53:03.641+0000] {processor.py:839} INFO - DAG(s) dict_keys(['example_short_circuit_decorator']) retrieved from /home/airflow/.local/lib/python3.8/site-packages/airflow/example_dags/example_short_circuit_decorator.py
[2024-03-29T01:53:03.668+0000] {logging_mixin.py:151} INFO - [2024-03-29T01:53:03.668+0000] {dag.py:2915} INFO - Sync 1 DAGs
[2024-03-29T01:53:03.690+0000] {logging_mixin.py:151} INFO - [2024-03-29T01:53:03.690+0000] {dag.py:3696} INFO - Setting next_dagrun for example_short_circuit_decorator to 2024-03-28T01:53:03.689965+00:00, run_after=2024-03-29T01:53:03.689965+00:00
[2024-03-29T01:53:03.713+0000] {processor.py:179} INFO - Processing /home/airflow/.local/lib/python3.8/site-packages/airflow/example_dags/example_short_circuit_decorator.py took 0.090 seconds
[2024-03-29T01:53:33.891+0000] {processor.py:157} INFO - Started process (PID=381) to work on /home/airflow/.local/lib/python3.8/site-packages/airflow/example_dags/example_short_circuit_decorator.py
[2024-03-29T01:53:33.892+0000] {processor.py:829} INFO - Processing file /home/airflow/.local/lib/python3.8/site-packages/airflow/example_dags/example_short_circuit_decorator.py for tasks to queue
[2024-03-29T01:53:33.895+0000] {logging_mixin.py:151} INFO - [2024-03-29T01:53:33.895+0000] {dagbag.py:539} INFO - Filling up the DagBag from /home/airflow/.local/lib/python3.8/site-packages/airflow/example_dags/example_short_circuit_decorator.py
[2024-03-29T01:53:33.906+0000] {processor.py:839} INFO - DAG(s) dict_keys(['example_short_circuit_decorator']) retrieved from /home/airflow/.local/lib/python3.8/site-packages/airflow/example_dags/example_short_circuit_decorator.py
[2024-03-29T01:53:33.934+0000] {logging_mixin.py:151} INFO - [2024-03-29T01:53:33.934+0000] {dag.py:2915} INFO - Sync 1 DAGs
[2024-03-29T01:53:33.958+0000] {logging_mixin.py:151} INFO - [2024-03-29T01:53:33.958+0000] {dag.py:3696} INFO - Setting next_dagrun for example_short_circuit_decorator to 2024-03-28T01:53:33.958412+00:00, run_after=2024-03-29T01:53:33.958412+00:00
[2024-03-29T01:53:33.985+0000] {processor.py:179} INFO - Processing /home/airflow/.local/lib/python3.8/site-packages/airflow/example_dags/example_short_circuit_decorator.py took 0.097 seconds
[2024-03-29T01:54:04.437+0000] {processor.py:157} INFO - Started process (PID=440) to work on /home/airflow/.local/lib/python3.8/site-packages/airflow/example_dags/example_short_circuit_decorator.py
[2024-03-29T01:54:04.439+0000] {processor.py:829} INFO - Processing file /home/airflow/.local/lib/python3.8/site-packages/airflow/example_dags/example_short_circuit_decorator.py for tasks to queue
[2024-03-29T01:54:04.442+0000] {logging_mixin.py:151} INFO - [2024-03-29T01:54:04.442+0000] {dagbag.py:539} INFO - Filling up the DagBag from /home/airflow/.local/lib/python3.8/site-packages/airflow/example_dags/example_short_circuit_decorator.py
[2024-03-29T01:54:04.451+0000] {processor.py:839} INFO - DAG(s) dict_keys(['example_short_circuit_decorator']) retrieved from /home/airflow/.local/lib/python3.8/site-packages/airflow/example_dags/example_short_circuit_decorator.py
[2024-03-29T01:54:04.475+0000] {logging_mixin.py:151} INFO - [2024-03-29T01:54:04.475+0000] {dag.py:2915} INFO - Sync 1 DAGs
[2024-03-29T01:54:04.498+0000] {logging_mixin.py:151} INFO - [2024-03-29T01:54:04.498+0000] {dag.py:3696} INFO - Setting next_dagrun for example_short_circuit_decorator to 2024-03-28T01:54:04.498083+00:00, run_after=2024-03-29T01:54:04.498083+00:00
[2024-03-29T01:54:04.522+0000] {processor.py:179} INFO - Processing /home/airflow/.local/lib/python3.8/site-packages/airflow/example_dags/example_short_circuit_decorator.py took 0.088 seconds
[2024-03-29T01:54:34.648+0000] {processor.py:157} INFO - Started process (PID=494) to work on /home/airflow/.local/lib/python3.8/site-packages/airflow/example_dags/example_short_circuit_decorator.py
[2024-03-29T01:54:34.650+0000] {processor.py:829} INFO - Processing file /home/airflow/.local/lib/python3.8/site-packages/airflow/example_dags/example_short_circuit_decorator.py for tasks to queue
[2024-03-29T01:54:34.653+0000] {logging_mixin.py:151} INFO - [2024-03-29T01:54:34.652+0000] {dagbag.py:539} INFO - Filling up the DagBag from /home/airflow/.local/lib/python3.8/site-packages/airflow/example_dags/example_short_circuit_decorator.py
[2024-03-29T01:54:34.664+0000] {processor.py:839} INFO - DAG(s) dict_keys(['example_short_circuit_decorator']) retrieved from /home/airflow/.local/lib/python3.8/site-packages/airflow/example_dags/example_short_circuit_decorator.py
[2024-03-29T01:54:34.693+0000] {logging_mixin.py:151} INFO - [2024-03-29T01:54:34.693+0000] {dag.py:2915} INFO - Sync 1 DAGs
[2024-03-29T01:54:34.716+0000] {logging_mixin.py:151} INFO - [2024-03-29T01:54:34.716+0000] {dag.py:3696} INFO - Setting next_dagrun for example_short_circuit_decorator to 2024-03-28T01:54:34.716535+00:00, run_after=2024-03-29T01:54:34.716535+00:00
[2024-03-29T01:54:34.742+0000] {processor.py:179} INFO - Processing /home/airflow/.local/lib/python3.8/site-packages/airflow/example_dags/example_short_circuit_decorator.py took 0.097 seconds
