[2024-03-29T01:50:30.209+0000] {processor.py:157} INFO - Started process (PID=56) to work on /home/airflow/.local/lib/python3.8/site-packages/airflow/example_dags/example_latest_only.py
[2024-03-29T01:50:30.216+0000] {processor.py:829} INFO - Processing file /home/airflow/.local/lib/python3.8/site-packages/airflow/example_dags/example_latest_only.py for tasks to queue
[2024-03-29T01:50:30.229+0000] {logging_mixin.py:151} INFO - [2024-03-29T01:50:30.228+0000] {dagbag.py:539} INFO - Filling up the DagBag from /home/airflow/.local/lib/python3.8/site-packages/airflow/example_dags/example_latest_only.py
[2024-03-29T01:50:30.558+0000] {processor.py:839} INFO - DAG(s) dict_keys(['latest_only']) retrieved from /home/airflow/.local/lib/python3.8/site-packages/airflow/example_dags/example_latest_only.py
[2024-03-29T01:50:31.199+0000] {logging_mixin.py:151} INFO - [2024-03-29T01:50:31.198+0000] {dag.py:2915} INFO - Sync 1 DAGs
[2024-03-29T01:50:31.342+0000] {logging_mixin.py:151} INFO - [2024-03-29T01:50:31.342+0000] {dag.py:3696} INFO - Setting next_dagrun for latest_only to 2024-03-28T21:50:31.339548+00:00, run_after=2024-03-29T01:50:31.339548+00:00
[2024-03-29T01:50:31.391+0000] {processor.py:179} INFO - Processing /home/airflow/.local/lib/python3.8/site-packages/airflow/example_dags/example_latest_only.py took 1.211 seconds
[2024-03-29T01:51:02.385+0000] {processor.py:157} INFO - Started process (PID=109) to work on /home/airflow/.local/lib/python3.8/site-packages/airflow/example_dags/example_latest_only.py
[2024-03-29T01:51:02.387+0000] {processor.py:829} INFO - Processing file /home/airflow/.local/lib/python3.8/site-packages/airflow/example_dags/example_latest_only.py for tasks to queue
[2024-03-29T01:51:02.390+0000] {logging_mixin.py:151} INFO - [2024-03-29T01:51:02.390+0000] {dagbag.py:539} INFO - Filling up the DagBag from /home/airflow/.local/lib/python3.8/site-packages/airflow/example_dags/example_latest_only.py
[2024-03-29T01:51:02.395+0000] {processor.py:839} INFO - DAG(s) dict_keys(['latest_only']) retrieved from /home/airflow/.local/lib/python3.8/site-packages/airflow/example_dags/example_latest_only.py
[2024-03-29T01:51:02.418+0000] {logging_mixin.py:151} INFO - [2024-03-29T01:51:02.418+0000] {dag.py:2915} INFO - Sync 1 DAGs
[2024-03-29T01:51:02.440+0000] {logging_mixin.py:151} INFO - [2024-03-29T01:51:02.440+0000] {dag.py:3696} INFO - Setting next_dagrun for latest_only to 2024-03-28T21:51:02.440001+00:00, run_after=2024-03-29T01:51:02.440001+00:00
[2024-03-29T01:51:02.466+0000] {processor.py:179} INFO - Processing /home/airflow/.local/lib/python3.8/site-packages/airflow/example_dags/example_latest_only.py took 0.084 seconds
[2024-03-29T01:51:32.610+0000] {processor.py:157} INFO - Started process (PID=163) to work on /home/airflow/.local/lib/python3.8/site-packages/airflow/example_dags/example_latest_only.py
[2024-03-29T01:51:32.700+0000] {processor.py:829} INFO - Processing file /home/airflow/.local/lib/python3.8/site-packages/airflow/example_dags/example_latest_only.py for tasks to queue
[2024-03-29T01:51:32.704+0000] {logging_mixin.py:151} INFO - [2024-03-29T01:51:32.704+0000] {dagbag.py:539} INFO - Filling up the DagBag from /home/airflow/.local/lib/python3.8/site-packages/airflow/example_dags/example_latest_only.py
[2024-03-29T01:51:32.711+0000] {processor.py:839} INFO - DAG(s) dict_keys(['latest_only']) retrieved from /home/airflow/.local/lib/python3.8/site-packages/airflow/example_dags/example_latest_only.py
[2024-03-29T01:51:32.725+0000] {logging_mixin.py:151} INFO - [2024-03-29T01:51:32.725+0000] {dag.py:2915} INFO - Sync 1 DAGs
[2024-03-29T01:51:32.753+0000] {logging_mixin.py:151} INFO - [2024-03-29T01:51:32.753+0000] {dag.py:3696} INFO - Setting next_dagrun for latest_only to 2024-03-28T21:51:32.753149+00:00, run_after=2024-03-29T01:51:32.753149+00:00
[2024-03-29T01:51:32.774+0000] {processor.py:179} INFO - Processing /home/airflow/.local/lib/python3.8/site-packages/airflow/example_dags/example_latest_only.py took 0.166 seconds
[2024-03-29T01:52:02.835+0000] {processor.py:157} INFO - Started process (PID=218) to work on /home/airflow/.local/lib/python3.8/site-packages/airflow/example_dags/example_latest_only.py
[2024-03-29T01:52:02.836+0000] {processor.py:829} INFO - Processing file /home/airflow/.local/lib/python3.8/site-packages/airflow/example_dags/example_latest_only.py for tasks to queue
[2024-03-29T01:52:02.839+0000] {logging_mixin.py:151} INFO - [2024-03-29T01:52:02.839+0000] {dagbag.py:539} INFO - Filling up the DagBag from /home/airflow/.local/lib/python3.8/site-packages/airflow/example_dags/example_latest_only.py
[2024-03-29T01:52:02.846+0000] {processor.py:839} INFO - DAG(s) dict_keys(['latest_only']) retrieved from /home/airflow/.local/lib/python3.8/site-packages/airflow/example_dags/example_latest_only.py
[2024-03-29T01:52:02.874+0000] {logging_mixin.py:151} INFO - [2024-03-29T01:52:02.874+0000] {dag.py:2915} INFO - Sync 1 DAGs
[2024-03-29T01:52:02.899+0000] {logging_mixin.py:151} INFO - [2024-03-29T01:52:02.898+0000] {dag.py:3696} INFO - Setting next_dagrun for latest_only to 2024-03-28T21:52:02.898737+00:00, run_after=2024-03-29T01:52:02.898737+00:00
[2024-03-29T01:52:02.925+0000] {processor.py:179} INFO - Processing /home/airflow/.local/lib/python3.8/site-packages/airflow/example_dags/example_latest_only.py took 0.093 seconds
[2024-03-29T01:52:33.220+0000] {processor.py:157} INFO - Started process (PID=272) to work on /home/airflow/.local/lib/python3.8/site-packages/airflow/example_dags/example_latest_only.py
[2024-03-29T01:52:33.222+0000] {processor.py:829} INFO - Processing file /home/airflow/.local/lib/python3.8/site-packages/airflow/example_dags/example_latest_only.py for tasks to queue
[2024-03-29T01:52:33.225+0000] {logging_mixin.py:151} INFO - [2024-03-29T01:52:33.225+0000] {dagbag.py:539} INFO - Filling up the DagBag from /home/airflow/.local/lib/python3.8/site-packages/airflow/example_dags/example_latest_only.py
[2024-03-29T01:52:33.230+0000] {processor.py:839} INFO - DAG(s) dict_keys(['latest_only']) retrieved from /home/airflow/.local/lib/python3.8/site-packages/airflow/example_dags/example_latest_only.py
[2024-03-29T01:52:33.254+0000] {logging_mixin.py:151} INFO - [2024-03-29T01:52:33.253+0000] {dag.py:2915} INFO - Sync 1 DAGs
[2024-03-29T01:52:33.280+0000] {logging_mixin.py:151} INFO - [2024-03-29T01:52:33.280+0000] {dag.py:3696} INFO - Setting next_dagrun for latest_only to 2024-03-28T21:52:33.279291+00:00, run_after=2024-03-29T01:52:33.279291+00:00
[2024-03-29T01:52:33.305+0000] {processor.py:179} INFO - Processing /home/airflow/.local/lib/python3.8/site-packages/airflow/example_dags/example_latest_only.py took 0.088 seconds
[2024-03-29T01:53:03.627+0000] {processor.py:157} INFO - Started process (PID=326) to work on /home/airflow/.local/lib/python3.8/site-packages/airflow/example_dags/example_latest_only.py
[2024-03-29T01:53:03.629+0000] {processor.py:829} INFO - Processing file /home/airflow/.local/lib/python3.8/site-packages/airflow/example_dags/example_latest_only.py for tasks to queue
[2024-03-29T01:53:03.633+0000] {logging_mixin.py:151} INFO - [2024-03-29T01:53:03.632+0000] {dagbag.py:539} INFO - Filling up the DagBag from /home/airflow/.local/lib/python3.8/site-packages/airflow/example_dags/example_latest_only.py
[2024-03-29T01:53:03.637+0000] {processor.py:839} INFO - DAG(s) dict_keys(['latest_only']) retrieved from /home/airflow/.local/lib/python3.8/site-packages/airflow/example_dags/example_latest_only.py
[2024-03-29T01:53:03.661+0000] {logging_mixin.py:151} INFO - [2024-03-29T01:53:03.661+0000] {dag.py:2915} INFO - Sync 1 DAGs
[2024-03-29T01:53:03.684+0000] {logging_mixin.py:151} INFO - [2024-03-29T01:53:03.684+0000] {dag.py:3696} INFO - Setting next_dagrun for latest_only to 2024-03-28T21:53:03.684319+00:00, run_after=2024-03-29T01:53:03.684319+00:00
[2024-03-29T01:53:03.707+0000] {processor.py:179} INFO - Processing /home/airflow/.local/lib/python3.8/site-packages/airflow/example_dags/example_latest_only.py took 0.083 seconds
[2024-03-29T01:53:33.891+0000] {processor.py:157} INFO - Started process (PID=380) to work on /home/airflow/.local/lib/python3.8/site-packages/airflow/example_dags/example_latest_only.py
[2024-03-29T01:53:33.892+0000] {processor.py:829} INFO - Processing file /home/airflow/.local/lib/python3.8/site-packages/airflow/example_dags/example_latest_only.py for tasks to queue
[2024-03-29T01:53:33.895+0000] {logging_mixin.py:151} INFO - [2024-03-29T01:53:33.895+0000] {dagbag.py:539} INFO - Filling up the DagBag from /home/airflow/.local/lib/python3.8/site-packages/airflow/example_dags/example_latest_only.py
[2024-03-29T01:53:33.902+0000] {processor.py:839} INFO - DAG(s) dict_keys(['latest_only']) retrieved from /home/airflow/.local/lib/python3.8/site-packages/airflow/example_dags/example_latest_only.py
[2024-03-29T01:53:33.926+0000] {logging_mixin.py:151} INFO - [2024-03-29T01:53:33.926+0000] {dag.py:2915} INFO - Sync 1 DAGs
[2024-03-29T01:53:33.950+0000] {logging_mixin.py:151} INFO - [2024-03-29T01:53:33.949+0000] {dag.py:3696} INFO - Setting next_dagrun for latest_only to 2024-03-28T21:53:33.949554+00:00, run_after=2024-03-29T01:53:33.949554+00:00
[2024-03-29T01:53:33.976+0000] {processor.py:179} INFO - Processing /home/airflow/.local/lib/python3.8/site-packages/airflow/example_dags/example_latest_only.py took 0.089 seconds
[2024-03-29T01:54:04.437+0000] {processor.py:157} INFO - Started process (PID=439) to work on /home/airflow/.local/lib/python3.8/site-packages/airflow/example_dags/example_latest_only.py
[2024-03-29T01:54:04.439+0000] {processor.py:829} INFO - Processing file /home/airflow/.local/lib/python3.8/site-packages/airflow/example_dags/example_latest_only.py for tasks to queue
[2024-03-29T01:54:04.442+0000] {logging_mixin.py:151} INFO - [2024-03-29T01:54:04.442+0000] {dagbag.py:539} INFO - Filling up the DagBag from /home/airflow/.local/lib/python3.8/site-packages/airflow/example_dags/example_latest_only.py
[2024-03-29T01:54:04.447+0000] {processor.py:839} INFO - DAG(s) dict_keys(['latest_only']) retrieved from /home/airflow/.local/lib/python3.8/site-packages/airflow/example_dags/example_latest_only.py
[2024-03-29T01:54:04.471+0000] {logging_mixin.py:151} INFO - [2024-03-29T01:54:04.470+0000] {dag.py:2915} INFO - Sync 1 DAGs
[2024-03-29T01:54:04.493+0000] {logging_mixin.py:151} INFO - [2024-03-29T01:54:04.493+0000] {dag.py:3696} INFO - Setting next_dagrun for latest_only to 2024-03-28T21:54:04.493025+00:00, run_after=2024-03-29T01:54:04.493025+00:00
[2024-03-29T01:54:04.518+0000] {processor.py:179} INFO - Processing /home/airflow/.local/lib/python3.8/site-packages/airflow/example_dags/example_latest_only.py took 0.084 seconds
[2024-03-29T01:54:34.648+0000] {processor.py:157} INFO - Started process (PID=493) to work on /home/airflow/.local/lib/python3.8/site-packages/airflow/example_dags/example_latest_only.py
[2024-03-29T01:54:34.650+0000] {processor.py:829} INFO - Processing file /home/airflow/.local/lib/python3.8/site-packages/airflow/example_dags/example_latest_only.py for tasks to queue
[2024-03-29T01:54:34.653+0000] {logging_mixin.py:151} INFO - [2024-03-29T01:54:34.652+0000] {dagbag.py:539} INFO - Filling up the DagBag from /home/airflow/.local/lib/python3.8/site-packages/airflow/example_dags/example_latest_only.py
[2024-03-29T01:54:34.659+0000] {processor.py:839} INFO - DAG(s) dict_keys(['latest_only']) retrieved from /home/airflow/.local/lib/python3.8/site-packages/airflow/example_dags/example_latest_only.py
[2024-03-29T01:54:34.686+0000] {logging_mixin.py:151} INFO - [2024-03-29T01:54:34.686+0000] {dag.py:2915} INFO - Sync 1 DAGs
[2024-03-29T01:54:34.711+0000] {logging_mixin.py:151} INFO - [2024-03-29T01:54:34.711+0000] {dag.py:3696} INFO - Setting next_dagrun for latest_only to 2024-03-28T21:54:34.710931+00:00, run_after=2024-03-29T01:54:34.710931+00:00
[2024-03-29T01:54:34.734+0000] {processor.py:179} INFO - Processing /home/airflow/.local/lib/python3.8/site-packages/airflow/example_dags/example_latest_only.py took 0.090 seconds
