[2024-03-29T01:50:26.334+0000] {processor.py:157} INFO - Started process (PID=43) to work on /home/airflow/.local/lib/python3.8/site-packages/airflow/example_dags/example_sla_dag.py
[2024-03-29T01:50:26.344+0000] {processor.py:829} INFO - Processing file /home/airflow/.local/lib/python3.8/site-packages/airflow/example_dags/example_sla_dag.py for tasks to queue
[2024-03-29T01:50:26.355+0000] {logging_mixin.py:151} INFO - [2024-03-29T01:50:26.354+0000] {dagbag.py:539} INFO - Filling up the DagBag from /home/airflow/.local/lib/python3.8/site-packages/airflow/example_dags/example_sla_dag.py
[2024-03-29T01:50:26.382+0000] {processor.py:839} INFO - DAG(s) dict_keys(['example_sla_dag']) retrieved from /home/airflow/.local/lib/python3.8/site-packages/airflow/example_dags/example_sla_dag.py
[2024-03-29T01:50:26.632+0000] {logging_mixin.py:151} INFO - [2024-03-29T01:50:26.632+0000] {dag.py:2915} INFO - Sync 1 DAGs
[2024-03-29T01:50:26.763+0000] {logging_mixin.py:151} INFO - [2024-03-29T01:50:26.763+0000] {dag.py:3696} INFO - Setting next_dagrun for example_sla_dag to 2024-03-29T01:48:00+00:00, run_after=2024-03-29T01:50:00+00:00
[2024-03-29T01:50:26.829+0000] {processor.py:179} INFO - Processing /home/airflow/.local/lib/python3.8/site-packages/airflow/example_dags/example_sla_dag.py took 0.531 seconds
[2024-03-29T01:50:57.526+0000] {processor.py:157} INFO - Started process (PID=97) to work on /home/airflow/.local/lib/python3.8/site-packages/airflow/example_dags/example_sla_dag.py
[2024-03-29T01:50:57.659+0000] {processor.py:829} INFO - Processing file /home/airflow/.local/lib/python3.8/site-packages/airflow/example_dags/example_sla_dag.py for tasks to queue
[2024-03-29T01:50:57.662+0000] {logging_mixin.py:151} INFO - [2024-03-29T01:50:57.661+0000] {dagbag.py:539} INFO - Filling up the DagBag from /home/airflow/.local/lib/python3.8/site-packages/airflow/example_dags/example_sla_dag.py
[2024-03-29T01:50:57.671+0000] {processor.py:839} INFO - DAG(s) dict_keys(['example_sla_dag']) retrieved from /home/airflow/.local/lib/python3.8/site-packages/airflow/example_dags/example_sla_dag.py
[2024-03-29T01:50:57.693+0000] {logging_mixin.py:151} INFO - [2024-03-29T01:50:57.693+0000] {dag.py:2915} INFO - Sync 1 DAGs
[2024-03-29T01:50:57.739+0000] {logging_mixin.py:151} INFO - [2024-03-29T01:50:57.739+0000] {dag.py:3696} INFO - Setting next_dagrun for example_sla_dag to 2024-03-29T01:48:00+00:00, run_after=2024-03-29T01:50:00+00:00
[2024-03-29T01:50:57.765+0000] {processor.py:179} INFO - Processing /home/airflow/.local/lib/python3.8/site-packages/airflow/example_dags/example_sla_dag.py took 0.242 seconds
[2024-03-29T01:51:27.890+0000] {processor.py:157} INFO - Started process (PID=151) to work on /home/airflow/.local/lib/python3.8/site-packages/airflow/example_dags/example_sla_dag.py
[2024-03-29T01:51:27.892+0000] {processor.py:829} INFO - Processing file /home/airflow/.local/lib/python3.8/site-packages/airflow/example_dags/example_sla_dag.py for tasks to queue
[2024-03-29T01:51:27.897+0000] {logging_mixin.py:151} INFO - [2024-03-29T01:51:27.896+0000] {dagbag.py:539} INFO - Filling up the DagBag from /home/airflow/.local/lib/python3.8/site-packages/airflow/example_dags/example_sla_dag.py
[2024-03-29T01:51:27.912+0000] {processor.py:839} INFO - DAG(s) dict_keys(['example_sla_dag']) retrieved from /home/airflow/.local/lib/python3.8/site-packages/airflow/example_dags/example_sla_dag.py
[2024-03-29T01:51:27.940+0000] {logging_mixin.py:151} INFO - [2024-03-29T01:51:27.940+0000] {dag.py:2915} INFO - Sync 1 DAGs
[2024-03-29T01:51:27.970+0000] {logging_mixin.py:151} INFO - [2024-03-29T01:51:27.970+0000] {dag.py:3696} INFO - Setting next_dagrun for example_sla_dag to 2024-03-29T01:48:00+00:00, run_after=2024-03-29T01:50:00+00:00
[2024-03-29T01:51:27.991+0000] {processor.py:179} INFO - Processing /home/airflow/.local/lib/python3.8/site-packages/airflow/example_dags/example_sla_dag.py took 0.105 seconds
[2024-03-29T01:51:58.083+0000] {processor.py:157} INFO - Started process (PID=206) to work on /home/airflow/.local/lib/python3.8/site-packages/airflow/example_dags/example_sla_dag.py
[2024-03-29T01:51:58.085+0000] {processor.py:829} INFO - Processing file /home/airflow/.local/lib/python3.8/site-packages/airflow/example_dags/example_sla_dag.py for tasks to queue
[2024-03-29T01:51:58.087+0000] {logging_mixin.py:151} INFO - [2024-03-29T01:51:58.087+0000] {dagbag.py:539} INFO - Filling up the DagBag from /home/airflow/.local/lib/python3.8/site-packages/airflow/example_dags/example_sla_dag.py
[2024-03-29T01:51:58.095+0000] {processor.py:839} INFO - DAG(s) dict_keys(['example_sla_dag']) retrieved from /home/airflow/.local/lib/python3.8/site-packages/airflow/example_dags/example_sla_dag.py
[2024-03-29T01:51:58.119+0000] {logging_mixin.py:151} INFO - [2024-03-29T01:51:58.119+0000] {dag.py:2915} INFO - Sync 1 DAGs
[2024-03-29T01:51:58.145+0000] {logging_mixin.py:151} INFO - [2024-03-29T01:51:58.145+0000] {dag.py:3696} INFO - Setting next_dagrun for example_sla_dag to 2024-03-29T01:48:00+00:00, run_after=2024-03-29T01:50:00+00:00
[2024-03-29T01:51:58.166+0000] {processor.py:179} INFO - Processing /home/airflow/.local/lib/python3.8/site-packages/airflow/example_dags/example_sla_dag.py took 0.086 seconds
[2024-03-29T01:52:28.544+0000] {processor.py:157} INFO - Started process (PID=260) to work on /home/airflow/.local/lib/python3.8/site-packages/airflow/example_dags/example_sla_dag.py
[2024-03-29T01:52:28.546+0000] {processor.py:829} INFO - Processing file /home/airflow/.local/lib/python3.8/site-packages/airflow/example_dags/example_sla_dag.py for tasks to queue
[2024-03-29T01:52:28.549+0000] {logging_mixin.py:151} INFO - [2024-03-29T01:52:28.548+0000] {dagbag.py:539} INFO - Filling up the DagBag from /home/airflow/.local/lib/python3.8/site-packages/airflow/example_dags/example_sla_dag.py
[2024-03-29T01:52:28.557+0000] {processor.py:839} INFO - DAG(s) dict_keys(['example_sla_dag']) retrieved from /home/airflow/.local/lib/python3.8/site-packages/airflow/example_dags/example_sla_dag.py
[2024-03-29T01:52:28.579+0000] {logging_mixin.py:151} INFO - [2024-03-29T01:52:28.579+0000] {dag.py:2915} INFO - Sync 1 DAGs
[2024-03-29T01:52:28.607+0000] {logging_mixin.py:151} INFO - [2024-03-29T01:52:28.606+0000] {dag.py:3696} INFO - Setting next_dagrun for example_sla_dag to 2024-03-29T01:50:00+00:00, run_after=2024-03-29T01:52:00+00:00
[2024-03-29T01:52:28.631+0000] {processor.py:179} INFO - Processing /home/airflow/.local/lib/python3.8/site-packages/airflow/example_dags/example_sla_dag.py took 0.090 seconds
[2024-03-29T01:52:58.941+0000] {processor.py:157} INFO - Started process (PID=314) to work on /home/airflow/.local/lib/python3.8/site-packages/airflow/example_dags/example_sla_dag.py
[2024-03-29T01:52:58.943+0000] {processor.py:829} INFO - Processing file /home/airflow/.local/lib/python3.8/site-packages/airflow/example_dags/example_sla_dag.py for tasks to queue
[2024-03-29T01:52:58.945+0000] {logging_mixin.py:151} INFO - [2024-03-29T01:52:58.945+0000] {dagbag.py:539} INFO - Filling up the DagBag from /home/airflow/.local/lib/python3.8/site-packages/airflow/example_dags/example_sla_dag.py
[2024-03-29T01:52:58.955+0000] {processor.py:839} INFO - DAG(s) dict_keys(['example_sla_dag']) retrieved from /home/airflow/.local/lib/python3.8/site-packages/airflow/example_dags/example_sla_dag.py
[2024-03-29T01:52:58.975+0000] {logging_mixin.py:151} INFO - [2024-03-29T01:52:58.975+0000] {dag.py:2915} INFO - Sync 1 DAGs
[2024-03-29T01:52:59.003+0000] {logging_mixin.py:151} INFO - [2024-03-29T01:52:59.003+0000] {dag.py:3696} INFO - Setting next_dagrun for example_sla_dag to 2024-03-29T01:50:00+00:00, run_after=2024-03-29T01:52:00+00:00
[2024-03-29T01:52:59.024+0000] {processor.py:179} INFO - Processing /home/airflow/.local/lib/python3.8/site-packages/airflow/example_dags/example_sla_dag.py took 0.086 seconds
[2024-03-29T01:53:29.239+0000] {processor.py:157} INFO - Started process (PID=368) to work on /home/airflow/.local/lib/python3.8/site-packages/airflow/example_dags/example_sla_dag.py
[2024-03-29T01:53:29.241+0000] {processor.py:829} INFO - Processing file /home/airflow/.local/lib/python3.8/site-packages/airflow/example_dags/example_sla_dag.py for tasks to queue
[2024-03-29T01:53:29.244+0000] {logging_mixin.py:151} INFO - [2024-03-29T01:53:29.243+0000] {dagbag.py:539} INFO - Filling up the DagBag from /home/airflow/.local/lib/python3.8/site-packages/airflow/example_dags/example_sla_dag.py
[2024-03-29T01:53:29.252+0000] {processor.py:839} INFO - DAG(s) dict_keys(['example_sla_dag']) retrieved from /home/airflow/.local/lib/python3.8/site-packages/airflow/example_dags/example_sla_dag.py
[2024-03-29T01:53:29.274+0000] {logging_mixin.py:151} INFO - [2024-03-29T01:53:29.274+0000] {dag.py:2915} INFO - Sync 1 DAGs
[2024-03-29T01:53:29.300+0000] {logging_mixin.py:151} INFO - [2024-03-29T01:53:29.300+0000] {dag.py:3696} INFO - Setting next_dagrun for example_sla_dag to 2024-03-29T01:50:00+00:00, run_after=2024-03-29T01:52:00+00:00
[2024-03-29T01:53:29.323+0000] {processor.py:179} INFO - Processing /home/airflow/.local/lib/python3.8/site-packages/airflow/example_dags/example_sla_dag.py took 0.087 seconds
[2024-03-29T01:53:59.604+0000] {processor.py:157} INFO - Started process (PID=427) to work on /home/airflow/.local/lib/python3.8/site-packages/airflow/example_dags/example_sla_dag.py
[2024-03-29T01:53:59.606+0000] {processor.py:829} INFO - Processing file /home/airflow/.local/lib/python3.8/site-packages/airflow/example_dags/example_sla_dag.py for tasks to queue
[2024-03-29T01:53:59.610+0000] {logging_mixin.py:151} INFO - [2024-03-29T01:53:59.609+0000] {dagbag.py:539} INFO - Filling up the DagBag from /home/airflow/.local/lib/python3.8/site-packages/airflow/example_dags/example_sla_dag.py
[2024-03-29T01:53:59.620+0000] {processor.py:839} INFO - DAG(s) dict_keys(['example_sla_dag']) retrieved from /home/airflow/.local/lib/python3.8/site-packages/airflow/example_dags/example_sla_dag.py
[2024-03-29T01:53:59.644+0000] {logging_mixin.py:151} INFO - [2024-03-29T01:53:59.644+0000] {dag.py:2915} INFO - Sync 1 DAGs
[2024-03-29T01:53:59.672+0000] {logging_mixin.py:151} INFO - [2024-03-29T01:53:59.672+0000] {dag.py:3696} INFO - Setting next_dagrun for example_sla_dag to 2024-03-29T01:50:00+00:00, run_after=2024-03-29T01:52:00+00:00
[2024-03-29T01:53:59.702+0000] {processor.py:179} INFO - Processing /home/airflow/.local/lib/python3.8/site-packages/airflow/example_dags/example_sla_dag.py took 0.104 seconds
[2024-03-29T01:54:29.905+0000] {processor.py:157} INFO - Started process (PID=481) to work on /home/airflow/.local/lib/python3.8/site-packages/airflow/example_dags/example_sla_dag.py
[2024-03-29T01:54:29.906+0000] {processor.py:829} INFO - Processing file /home/airflow/.local/lib/python3.8/site-packages/airflow/example_dags/example_sla_dag.py for tasks to queue
[2024-03-29T01:54:29.909+0000] {logging_mixin.py:151} INFO - [2024-03-29T01:54:29.908+0000] {dagbag.py:539} INFO - Filling up the DagBag from /home/airflow/.local/lib/python3.8/site-packages/airflow/example_dags/example_sla_dag.py
[2024-03-29T01:54:29.917+0000] {processor.py:839} INFO - DAG(s) dict_keys(['example_sla_dag']) retrieved from /home/airflow/.local/lib/python3.8/site-packages/airflow/example_dags/example_sla_dag.py
[2024-03-29T01:54:29.940+0000] {logging_mixin.py:151} INFO - [2024-03-29T01:54:29.940+0000] {dag.py:2915} INFO - Sync 1 DAGs
[2024-03-29T01:54:29.966+0000] {logging_mixin.py:151} INFO - [2024-03-29T01:54:29.966+0000] {dag.py:3696} INFO - Setting next_dagrun for example_sla_dag to 2024-03-29T01:52:00+00:00, run_after=2024-03-29T01:54:00+00:00
[2024-03-29T01:54:30.000+0000] {processor.py:179} INFO - Processing /home/airflow/.local/lib/python3.8/site-packages/airflow/example_dags/example_sla_dag.py took 0.098 seconds
[2024-03-29T01:55:00.281+0000] {processor.py:157} INFO - Started process (PID=535) to work on /home/airflow/.local/lib/python3.8/site-packages/airflow/example_dags/example_sla_dag.py
[2024-03-29T01:55:00.282+0000] {processor.py:829} INFO - Processing file /home/airflow/.local/lib/python3.8/site-packages/airflow/example_dags/example_sla_dag.py for tasks to queue
[2024-03-29T01:55:00.285+0000] {logging_mixin.py:151} INFO - [2024-03-29T01:55:00.285+0000] {dagbag.py:539} INFO - Filling up the DagBag from /home/airflow/.local/lib/python3.8/site-packages/airflow/example_dags/example_sla_dag.py
[2024-03-29T01:55:00.294+0000] {processor.py:839} INFO - DAG(s) dict_keys(['example_sla_dag']) retrieved from /home/airflow/.local/lib/python3.8/site-packages/airflow/example_dags/example_sla_dag.py
[2024-03-29T01:55:00.317+0000] {logging_mixin.py:151} INFO - [2024-03-29T01:55:00.317+0000] {dag.py:2915} INFO - Sync 1 DAGs
[2024-03-29T01:55:00.345+0000] {logging_mixin.py:151} INFO - [2024-03-29T01:55:00.345+0000] {dag.py:3696} INFO - Setting next_dagrun for example_sla_dag to 2024-03-29T01:52:00+00:00, run_after=2024-03-29T01:54:00+00:00
[2024-03-29T01:55:00.368+0000] {processor.py:179} INFO - Processing /home/airflow/.local/lib/python3.8/site-packages/airflow/example_dags/example_sla_dag.py took 0.091 seconds
