[2024-03-29T01:50:27.977+0000] {processor.py:157} INFO - Started process (PID=48) to work on /home/airflow/.local/lib/python3.8/site-packages/airflow/example_dags/example_sensor_decorator.py
[2024-03-29T01:50:27.991+0000] {processor.py:829} INFO - Processing file /home/airflow/.local/lib/python3.8/site-packages/airflow/example_dags/example_sensor_decorator.py for tasks to queue
[2024-03-29T01:50:28.001+0000] {logging_mixin.py:151} INFO - [2024-03-29T01:50:28.000+0000] {dagbag.py:539} INFO - Filling up the DagBag from /home/airflow/.local/lib/python3.8/site-packages/airflow/example_dags/example_sensor_decorator.py
[2024-03-29T01:50:28.262+0000] {processor.py:839} INFO - DAG(s) dict_keys(['example_sensor_decorator']) retrieved from /home/airflow/.local/lib/python3.8/site-packages/airflow/example_dags/example_sensor_decorator.py
[2024-03-29T01:50:28.489+0000] {logging_mixin.py:151} INFO - [2024-03-29T01:50:28.488+0000] {dag.py:2915} INFO - Sync 1 DAGs
[2024-03-29T01:50:28.518+0000] {logging_mixin.py:151} INFO - [2024-03-29T01:50:28.518+0000] {dag.py:3696} INFO - Setting next_dagrun for example_sensor_decorator to None, run_after=None
[2024-03-29T01:50:28.574+0000] {processor.py:179} INFO - Processing /home/airflow/.local/lib/python3.8/site-packages/airflow/example_dags/example_sensor_decorator.py took 0.612 seconds
[2024-03-29T01:50:58.991+0000] {processor.py:157} INFO - Started process (PID=102) to work on /home/airflow/.local/lib/python3.8/site-packages/airflow/example_dags/example_sensor_decorator.py
[2024-03-29T01:50:58.992+0000] {processor.py:829} INFO - Processing file /home/airflow/.local/lib/python3.8/site-packages/airflow/example_dags/example_sensor_decorator.py for tasks to queue
[2024-03-29T01:50:58.995+0000] {logging_mixin.py:151} INFO - [2024-03-29T01:50:58.995+0000] {dagbag.py:539} INFO - Filling up the DagBag from /home/airflow/.local/lib/python3.8/site-packages/airflow/example_dags/example_sensor_decorator.py
[2024-03-29T01:50:59.001+0000] {processor.py:839} INFO - DAG(s) dict_keys(['example_sensor_decorator']) retrieved from /home/airflow/.local/lib/python3.8/site-packages/airflow/example_dags/example_sensor_decorator.py
[2024-03-29T01:50:59.024+0000] {logging_mixin.py:151} INFO - [2024-03-29T01:50:59.023+0000] {dag.py:2915} INFO - Sync 1 DAGs
[2024-03-29T01:50:59.036+0000] {logging_mixin.py:151} INFO - [2024-03-29T01:50:59.036+0000] {dag.py:3696} INFO - Setting next_dagrun for example_sensor_decorator to None, run_after=None
[2024-03-29T01:50:59.057+0000] {processor.py:179} INFO - Processing /home/airflow/.local/lib/python3.8/site-packages/airflow/example_dags/example_sensor_decorator.py took 0.070 seconds
[2024-03-29T01:51:29.202+0000] {processor.py:157} INFO - Started process (PID=156) to work on /home/airflow/.local/lib/python3.8/site-packages/airflow/example_dags/example_sensor_decorator.py
[2024-03-29T01:51:29.204+0000] {processor.py:829} INFO - Processing file /home/airflow/.local/lib/python3.8/site-packages/airflow/example_dags/example_sensor_decorator.py for tasks to queue
[2024-03-29T01:51:29.207+0000] {logging_mixin.py:151} INFO - [2024-03-29T01:51:29.206+0000] {dagbag.py:539} INFO - Filling up the DagBag from /home/airflow/.local/lib/python3.8/site-packages/airflow/example_dags/example_sensor_decorator.py
[2024-03-29T01:51:29.214+0000] {processor.py:839} INFO - DAG(s) dict_keys(['example_sensor_decorator']) retrieved from /home/airflow/.local/lib/python3.8/site-packages/airflow/example_dags/example_sensor_decorator.py
[2024-03-29T01:51:29.230+0000] {logging_mixin.py:151} INFO - [2024-03-29T01:51:29.229+0000] {dag.py:2915} INFO - Sync 1 DAGs
[2024-03-29T01:51:29.248+0000] {logging_mixin.py:151} INFO - [2024-03-29T01:51:29.247+0000] {dag.py:3696} INFO - Setting next_dagrun for example_sensor_decorator to None, run_after=None
[2024-03-29T01:51:29.272+0000] {processor.py:179} INFO - Processing /home/airflow/.local/lib/python3.8/site-packages/airflow/example_dags/example_sensor_decorator.py took 0.074 seconds
[2024-03-29T01:51:59.382+0000] {processor.py:157} INFO - Started process (PID=211) to work on /home/airflow/.local/lib/python3.8/site-packages/airflow/example_dags/example_sensor_decorator.py
[2024-03-29T01:51:59.385+0000] {processor.py:829} INFO - Processing file /home/airflow/.local/lib/python3.8/site-packages/airflow/example_dags/example_sensor_decorator.py for tasks to queue
[2024-03-29T01:51:59.388+0000] {logging_mixin.py:151} INFO - [2024-03-29T01:51:59.387+0000] {dagbag.py:539} INFO - Filling up the DagBag from /home/airflow/.local/lib/python3.8/site-packages/airflow/example_dags/example_sensor_decorator.py
[2024-03-29T01:51:59.395+0000] {processor.py:839} INFO - DAG(s) dict_keys(['example_sensor_decorator']) retrieved from /home/airflow/.local/lib/python3.8/site-packages/airflow/example_dags/example_sensor_decorator.py
[2024-03-29T01:51:59.430+0000] {logging_mixin.py:151} INFO - [2024-03-29T01:51:59.429+0000] {dag.py:2915} INFO - Sync 1 DAGs
[2024-03-29T01:51:59.446+0000] {logging_mixin.py:151} INFO - [2024-03-29T01:51:59.446+0000] {dag.py:3696} INFO - Setting next_dagrun for example_sensor_decorator to None, run_after=None
[2024-03-29T01:51:59.473+0000] {processor.py:179} INFO - Processing /home/airflow/.local/lib/python3.8/site-packages/airflow/example_dags/example_sensor_decorator.py took 0.094 seconds
[2024-03-29T01:52:29.792+0000] {processor.py:157} INFO - Started process (PID=265) to work on /home/airflow/.local/lib/python3.8/site-packages/airflow/example_dags/example_sensor_decorator.py
[2024-03-29T01:52:29.794+0000] {processor.py:829} INFO - Processing file /home/airflow/.local/lib/python3.8/site-packages/airflow/example_dags/example_sensor_decorator.py for tasks to queue
[2024-03-29T01:52:29.798+0000] {logging_mixin.py:151} INFO - [2024-03-29T01:52:29.798+0000] {dagbag.py:539} INFO - Filling up the DagBag from /home/airflow/.local/lib/python3.8/site-packages/airflow/example_dags/example_sensor_decorator.py
[2024-03-29T01:52:29.806+0000] {processor.py:839} INFO - DAG(s) dict_keys(['example_sensor_decorator']) retrieved from /home/airflow/.local/lib/python3.8/site-packages/airflow/example_dags/example_sensor_decorator.py
[2024-03-29T01:52:29.829+0000] {logging_mixin.py:151} INFO - [2024-03-29T01:52:29.828+0000] {dag.py:2915} INFO - Sync 1 DAGs
[2024-03-29T01:52:29.842+0000] {logging_mixin.py:151} INFO - [2024-03-29T01:52:29.842+0000] {dag.py:3696} INFO - Setting next_dagrun for example_sensor_decorator to None, run_after=None
[2024-03-29T01:52:29.869+0000] {processor.py:179} INFO - Processing /home/airflow/.local/lib/python3.8/site-packages/airflow/example_dags/example_sensor_decorator.py took 0.082 seconds
[2024-03-29T01:53:00.184+0000] {processor.py:157} INFO - Started process (PID=319) to work on /home/airflow/.local/lib/python3.8/site-packages/airflow/example_dags/example_sensor_decorator.py
[2024-03-29T01:53:00.186+0000] {processor.py:829} INFO - Processing file /home/airflow/.local/lib/python3.8/site-packages/airflow/example_dags/example_sensor_decorator.py for tasks to queue
[2024-03-29T01:53:00.188+0000] {logging_mixin.py:151} INFO - [2024-03-29T01:53:00.188+0000] {dagbag.py:539} INFO - Filling up the DagBag from /home/airflow/.local/lib/python3.8/site-packages/airflow/example_dags/example_sensor_decorator.py
[2024-03-29T01:53:00.193+0000] {processor.py:839} INFO - DAG(s) dict_keys(['example_sensor_decorator']) retrieved from /home/airflow/.local/lib/python3.8/site-packages/airflow/example_dags/example_sensor_decorator.py
[2024-03-29T01:53:00.212+0000] {logging_mixin.py:151} INFO - [2024-03-29T01:53:00.212+0000] {dag.py:2915} INFO - Sync 1 DAGs
[2024-03-29T01:53:00.225+0000] {logging_mixin.py:151} INFO - [2024-03-29T01:53:00.225+0000] {dag.py:3696} INFO - Setting next_dagrun for example_sensor_decorator to None, run_after=None
[2024-03-29T01:53:00.249+0000] {processor.py:179} INFO - Processing /home/airflow/.local/lib/python3.8/site-packages/airflow/example_dags/example_sensor_decorator.py took 0.068 seconds
[2024-03-29T01:53:30.479+0000] {processor.py:157} INFO - Started process (PID=373) to work on /home/airflow/.local/lib/python3.8/site-packages/airflow/example_dags/example_sensor_decorator.py
[2024-03-29T01:53:30.481+0000] {processor.py:829} INFO - Processing file /home/airflow/.local/lib/python3.8/site-packages/airflow/example_dags/example_sensor_decorator.py for tasks to queue
[2024-03-29T01:53:30.484+0000] {logging_mixin.py:151} INFO - [2024-03-29T01:53:30.483+0000] {dagbag.py:539} INFO - Filling up the DagBag from /home/airflow/.local/lib/python3.8/site-packages/airflow/example_dags/example_sensor_decorator.py
[2024-03-29T01:53:30.490+0000] {processor.py:839} INFO - DAG(s) dict_keys(['example_sensor_decorator']) retrieved from /home/airflow/.local/lib/python3.8/site-packages/airflow/example_dags/example_sensor_decorator.py
[2024-03-29T01:53:30.511+0000] {logging_mixin.py:151} INFO - [2024-03-29T01:53:30.510+0000] {dag.py:2915} INFO - Sync 1 DAGs
[2024-03-29T01:53:30.523+0000] {logging_mixin.py:151} INFO - [2024-03-29T01:53:30.523+0000] {dag.py:3696} INFO - Setting next_dagrun for example_sensor_decorator to None, run_after=None
[2024-03-29T01:53:30.548+0000] {processor.py:179} INFO - Processing /home/airflow/.local/lib/python3.8/site-packages/airflow/example_dags/example_sensor_decorator.py took 0.072 seconds
[2024-03-29T01:54:00.944+0000] {processor.py:157} INFO - Started process (PID=432) to work on /home/airflow/.local/lib/python3.8/site-packages/airflow/example_dags/example_sensor_decorator.py
[2024-03-29T01:54:00.945+0000] {processor.py:829} INFO - Processing file /home/airflow/.local/lib/python3.8/site-packages/airflow/example_dags/example_sensor_decorator.py for tasks to queue
[2024-03-29T01:54:00.950+0000] {logging_mixin.py:151} INFO - [2024-03-29T01:54:00.949+0000] {dagbag.py:539} INFO - Filling up the DagBag from /home/airflow/.local/lib/python3.8/site-packages/airflow/example_dags/example_sensor_decorator.py
[2024-03-29T01:54:00.963+0000] {processor.py:839} INFO - DAG(s) dict_keys(['example_sensor_decorator']) retrieved from /home/airflow/.local/lib/python3.8/site-packages/airflow/example_dags/example_sensor_decorator.py
[2024-03-29T01:54:00.988+0000] {logging_mixin.py:151} INFO - [2024-03-29T01:54:00.988+0000] {dag.py:2915} INFO - Sync 1 DAGs
[2024-03-29T01:54:01.007+0000] {logging_mixin.py:151} INFO - [2024-03-29T01:54:01.007+0000] {dag.py:3696} INFO - Setting next_dagrun for example_sensor_decorator to None, run_after=None
[2024-03-29T01:54:01.033+0000] {processor.py:179} INFO - Processing /home/airflow/.local/lib/python3.8/site-packages/airflow/example_dags/example_sensor_decorator.py took 0.097 seconds
[2024-03-29T01:54:31.181+0000] {processor.py:157} INFO - Started process (PID=486) to work on /home/airflow/.local/lib/python3.8/site-packages/airflow/example_dags/example_sensor_decorator.py
[2024-03-29T01:54:31.183+0000] {processor.py:829} INFO - Processing file /home/airflow/.local/lib/python3.8/site-packages/airflow/example_dags/example_sensor_decorator.py for tasks to queue
[2024-03-29T01:54:31.186+0000] {logging_mixin.py:151} INFO - [2024-03-29T01:54:31.185+0000] {dagbag.py:539} INFO - Filling up the DagBag from /home/airflow/.local/lib/python3.8/site-packages/airflow/example_dags/example_sensor_decorator.py
[2024-03-29T01:54:31.193+0000] {processor.py:839} INFO - DAG(s) dict_keys(['example_sensor_decorator']) retrieved from /home/airflow/.local/lib/python3.8/site-packages/airflow/example_dags/example_sensor_decorator.py
[2024-03-29T01:54:31.215+0000] {logging_mixin.py:151} INFO - [2024-03-29T01:54:31.214+0000] {dag.py:2915} INFO - Sync 1 DAGs
[2024-03-29T01:54:31.229+0000] {logging_mixin.py:151} INFO - [2024-03-29T01:54:31.229+0000] {dag.py:3696} INFO - Setting next_dagrun for example_sensor_decorator to None, run_after=None
[2024-03-29T01:54:31.253+0000] {processor.py:179} INFO - Processing /home/airflow/.local/lib/python3.8/site-packages/airflow/example_dags/example_sensor_decorator.py took 0.075 seconds
[2024-03-29T01:55:01.594+0000] {processor.py:157} INFO - Started process (PID=540) to work on /home/airflow/.local/lib/python3.8/site-packages/airflow/example_dags/example_sensor_decorator.py
[2024-03-29T01:55:01.595+0000] {processor.py:829} INFO - Processing file /home/airflow/.local/lib/python3.8/site-packages/airflow/example_dags/example_sensor_decorator.py for tasks to queue
[2024-03-29T01:55:01.598+0000] {logging_mixin.py:151} INFO - [2024-03-29T01:55:01.597+0000] {dagbag.py:539} INFO - Filling up the DagBag from /home/airflow/.local/lib/python3.8/site-packages/airflow/example_dags/example_sensor_decorator.py
[2024-03-29T01:55:01.606+0000] {processor.py:839} INFO - DAG(s) dict_keys(['example_sensor_decorator']) retrieved from /home/airflow/.local/lib/python3.8/site-packages/airflow/example_dags/example_sensor_decorator.py
[2024-03-29T01:55:01.660+0000] {logging_mixin.py:151} INFO - [2024-03-29T01:55:01.660+0000] {dag.py:2915} INFO - Sync 1 DAGs
[2024-03-29T01:55:01.707+0000] {logging_mixin.py:151} INFO - [2024-03-29T01:55:01.706+0000] {dag.py:3696} INFO - Setting next_dagrun for example_sensor_decorator to None, run_after=None
[2024-03-29T01:55:01.762+0000] {processor.py:179} INFO - Processing /home/airflow/.local/lib/python3.8/site-packages/airflow/example_dags/example_sensor_decorator.py took 0.171 seconds
