[2024-03-29T01:50:24.964+0000] {processor.py:157} INFO - Started process (PID=40) to work on /home/airflow/.local/lib/python3.8/site-packages/airflow/example_dags/example_xcomargs.py
[2024-03-29T01:50:24.968+0000] {processor.py:829} INFO - Processing file /home/airflow/.local/lib/python3.8/site-packages/airflow/example_dags/example_xcomargs.py for tasks to queue
[2024-03-29T01:50:24.982+0000] {logging_mixin.py:151} INFO - [2024-03-29T01:50:24.981+0000] {dagbag.py:539} INFO - Filling up the DagBag from /home/airflow/.local/lib/python3.8/site-packages/airflow/example_dags/example_xcomargs.py
[2024-03-29T01:50:25.308+0000] {processor.py:839} INFO - DAG(s) dict_keys(['example_xcom_args', 'example_xcom_args_with_operators']) retrieved from /home/airflow/.local/lib/python3.8/site-packages/airflow/example_dags/example_xcomargs.py
[2024-03-29T01:50:25.408+0000] {logging_mixin.py:151} INFO - [2024-03-29T01:50:25.408+0000] {dag.py:2915} INFO - Sync 2 DAGs
[2024-03-29T01:50:25.441+0000] {logging_mixin.py:151} INFO - [2024-03-29T01:50:25.441+0000] {dag.py:3696} INFO - Setting next_dagrun for example_xcom_args to None, run_after=None
[2024-03-29T01:50:25.450+0000] {logging_mixin.py:151} INFO - [2024-03-29T01:50:25.450+0000] {dag.py:3696} INFO - Setting next_dagrun for example_xcom_args_with_operators to None, run_after=None
[2024-03-29T01:50:25.496+0000] {processor.py:179} INFO - Processing /home/airflow/.local/lib/python3.8/site-packages/airflow/example_dags/example_xcomargs.py took 0.535 seconds
[2024-03-29T01:50:56.392+0000] {processor.py:157} INFO - Started process (PID=94) to work on /home/airflow/.local/lib/python3.8/site-packages/airflow/example_dags/example_xcomargs.py
[2024-03-29T01:50:56.395+0000] {processor.py:829} INFO - Processing file /home/airflow/.local/lib/python3.8/site-packages/airflow/example_dags/example_xcomargs.py for tasks to queue
[2024-03-29T01:50:56.398+0000] {logging_mixin.py:151} INFO - [2024-03-29T01:50:56.398+0000] {dagbag.py:539} INFO - Filling up the DagBag from /home/airflow/.local/lib/python3.8/site-packages/airflow/example_dags/example_xcomargs.py
[2024-03-29T01:50:56.408+0000] {processor.py:839} INFO - DAG(s) dict_keys(['example_xcom_args_with_operators', 'example_xcom_args']) retrieved from /home/airflow/.local/lib/python3.8/site-packages/airflow/example_dags/example_xcomargs.py
[2024-03-29T01:50:56.433+0000] {logging_mixin.py:151} INFO - [2024-03-29T01:50:56.432+0000] {dag.py:2915} INFO - Sync 2 DAGs
[2024-03-29T01:50:56.444+0000] {logging_mixin.py:151} INFO - [2024-03-29T01:50:56.444+0000] {dag.py:3696} INFO - Setting next_dagrun for example_xcom_args to None, run_after=None
[2024-03-29T01:50:56.448+0000] {logging_mixin.py:151} INFO - [2024-03-29T01:50:56.448+0000] {dag.py:3696} INFO - Setting next_dagrun for example_xcom_args_with_operators to None, run_after=None
[2024-03-29T01:50:56.469+0000] {processor.py:179} INFO - Processing /home/airflow/.local/lib/python3.8/site-packages/airflow/example_dags/example_xcomargs.py took 0.081 seconds
[2024-03-29T01:51:26.746+0000] {processor.py:157} INFO - Started process (PID=148) to work on /home/airflow/.local/lib/python3.8/site-packages/airflow/example_dags/example_xcomargs.py
[2024-03-29T01:51:26.749+0000] {processor.py:829} INFO - Processing file /home/airflow/.local/lib/python3.8/site-packages/airflow/example_dags/example_xcomargs.py for tasks to queue
[2024-03-29T01:51:26.752+0000] {logging_mixin.py:151} INFO - [2024-03-29T01:51:26.751+0000] {dagbag.py:539} INFO - Filling up the DagBag from /home/airflow/.local/lib/python3.8/site-packages/airflow/example_dags/example_xcomargs.py
[2024-03-29T01:51:26.761+0000] {processor.py:839} INFO - DAG(s) dict_keys(['example_xcom_args', 'example_xcom_args_with_operators']) retrieved from /home/airflow/.local/lib/python3.8/site-packages/airflow/example_dags/example_xcomargs.py
[2024-03-29T01:51:26.777+0000] {logging_mixin.py:151} INFO - [2024-03-29T01:51:26.777+0000] {dag.py:2915} INFO - Sync 2 DAGs
[2024-03-29T01:51:26.790+0000] {logging_mixin.py:151} INFO - [2024-03-29T01:51:26.790+0000] {dag.py:3696} INFO - Setting next_dagrun for example_xcom_args to None, run_after=None
[2024-03-29T01:51:26.795+0000] {logging_mixin.py:151} INFO - [2024-03-29T01:51:26.795+0000] {dag.py:3696} INFO - Setting next_dagrun for example_xcom_args_with_operators to None, run_after=None
[2024-03-29T01:51:26.819+0000] {processor.py:179} INFO - Processing /home/airflow/.local/lib/python3.8/site-packages/airflow/example_dags/example_xcomargs.py took 0.076 seconds
[2024-03-29T01:51:56.954+0000] {processor.py:157} INFO - Started process (PID=203) to work on /home/airflow/.local/lib/python3.8/site-packages/airflow/example_dags/example_xcomargs.py
[2024-03-29T01:51:56.957+0000] {processor.py:829} INFO - Processing file /home/airflow/.local/lib/python3.8/site-packages/airflow/example_dags/example_xcomargs.py for tasks to queue
[2024-03-29T01:51:56.962+0000] {logging_mixin.py:151} INFO - [2024-03-29T01:51:56.961+0000] {dagbag.py:539} INFO - Filling up the DagBag from /home/airflow/.local/lib/python3.8/site-packages/airflow/example_dags/example_xcomargs.py
[2024-03-29T01:51:56.969+0000] {processor.py:839} INFO - DAG(s) dict_keys(['example_xcom_args_with_operators', 'example_xcom_args']) retrieved from /home/airflow/.local/lib/python3.8/site-packages/airflow/example_dags/example_xcomargs.py
[2024-03-29T01:51:56.994+0000] {logging_mixin.py:151} INFO - [2024-03-29T01:51:56.994+0000] {dag.py:2915} INFO - Sync 2 DAGs
[2024-03-29T01:51:57.007+0000] {logging_mixin.py:151} INFO - [2024-03-29T01:51:57.007+0000] {dag.py:3696} INFO - Setting next_dagrun for example_xcom_args to None, run_after=None
[2024-03-29T01:51:57.011+0000] {logging_mixin.py:151} INFO - [2024-03-29T01:51:57.011+0000] {dag.py:3696} INFO - Setting next_dagrun for example_xcom_args_with_operators to None, run_after=None
[2024-03-29T01:51:57.039+0000] {processor.py:179} INFO - Processing /home/airflow/.local/lib/python3.8/site-packages/airflow/example_dags/example_xcomargs.py took 0.091 seconds
[2024-03-29T01:52:27.402+0000] {processor.py:157} INFO - Started process (PID=257) to work on /home/airflow/.local/lib/python3.8/site-packages/airflow/example_dags/example_xcomargs.py
[2024-03-29T01:52:27.404+0000] {processor.py:829} INFO - Processing file /home/airflow/.local/lib/python3.8/site-packages/airflow/example_dags/example_xcomargs.py for tasks to queue
[2024-03-29T01:52:27.407+0000] {logging_mixin.py:151} INFO - [2024-03-29T01:52:27.407+0000] {dagbag.py:539} INFO - Filling up the DagBag from /home/airflow/.local/lib/python3.8/site-packages/airflow/example_dags/example_xcomargs.py
[2024-03-29T01:52:27.418+0000] {processor.py:839} INFO - DAG(s) dict_keys(['example_xcom_args', 'example_xcom_args_with_operators']) retrieved from /home/airflow/.local/lib/python3.8/site-packages/airflow/example_dags/example_xcomargs.py
[2024-03-29T01:52:27.448+0000] {logging_mixin.py:151} INFO - [2024-03-29T01:52:27.447+0000] {dag.py:2915} INFO - Sync 2 DAGs
[2024-03-29T01:52:27.460+0000] {logging_mixin.py:151} INFO - [2024-03-29T01:52:27.460+0000] {dag.py:3696} INFO - Setting next_dagrun for example_xcom_args to None, run_after=None
[2024-03-29T01:52:27.465+0000] {logging_mixin.py:151} INFO - [2024-03-29T01:52:27.465+0000] {dag.py:3696} INFO - Setting next_dagrun for example_xcom_args_with_operators to None, run_after=None
[2024-03-29T01:52:27.487+0000] {processor.py:179} INFO - Processing /home/airflow/.local/lib/python3.8/site-packages/airflow/example_dags/example_xcomargs.py took 0.088 seconds
[2024-03-29T01:52:57.799+0000] {processor.py:157} INFO - Started process (PID=311) to work on /home/airflow/.local/lib/python3.8/site-packages/airflow/example_dags/example_xcomargs.py
[2024-03-29T01:52:57.800+0000] {processor.py:829} INFO - Processing file /home/airflow/.local/lib/python3.8/site-packages/airflow/example_dags/example_xcomargs.py for tasks to queue
[2024-03-29T01:52:57.804+0000] {logging_mixin.py:151} INFO - [2024-03-29T01:52:57.803+0000] {dagbag.py:539} INFO - Filling up the DagBag from /home/airflow/.local/lib/python3.8/site-packages/airflow/example_dags/example_xcomargs.py
[2024-03-29T01:52:57.812+0000] {processor.py:839} INFO - DAG(s) dict_keys(['example_xcom_args_with_operators', 'example_xcom_args']) retrieved from /home/airflow/.local/lib/python3.8/site-packages/airflow/example_dags/example_xcomargs.py
[2024-03-29T01:52:57.840+0000] {logging_mixin.py:151} INFO - [2024-03-29T01:52:57.840+0000] {dag.py:2915} INFO - Sync 2 DAGs
[2024-03-29T01:52:57.855+0000] {logging_mixin.py:151} INFO - [2024-03-29T01:52:57.855+0000] {dag.py:3696} INFO - Setting next_dagrun for example_xcom_args to None, run_after=None
[2024-03-29T01:52:57.860+0000] {logging_mixin.py:151} INFO - [2024-03-29T01:52:57.860+0000] {dag.py:3696} INFO - Setting next_dagrun for example_xcom_args_with_operators to None, run_after=None
[2024-03-29T01:52:57.885+0000] {processor.py:179} INFO - Processing /home/airflow/.local/lib/python3.8/site-packages/airflow/example_dags/example_xcomargs.py took 0.090 seconds
[2024-03-29T01:53:28.103+0000] {processor.py:157} INFO - Started process (PID=365) to work on /home/airflow/.local/lib/python3.8/site-packages/airflow/example_dags/example_xcomargs.py
[2024-03-29T01:53:28.105+0000] {processor.py:829} INFO - Processing file /home/airflow/.local/lib/python3.8/site-packages/airflow/example_dags/example_xcomargs.py for tasks to queue
[2024-03-29T01:53:28.107+0000] {logging_mixin.py:151} INFO - [2024-03-29T01:53:28.107+0000] {dagbag.py:539} INFO - Filling up the DagBag from /home/airflow/.local/lib/python3.8/site-packages/airflow/example_dags/example_xcomargs.py
[2024-03-29T01:53:28.118+0000] {processor.py:839} INFO - DAG(s) dict_keys(['example_xcom_args', 'example_xcom_args_with_operators']) retrieved from /home/airflow/.local/lib/python3.8/site-packages/airflow/example_dags/example_xcomargs.py
[2024-03-29T01:53:28.144+0000] {logging_mixin.py:151} INFO - [2024-03-29T01:53:28.143+0000] {dag.py:2915} INFO - Sync 2 DAGs
[2024-03-29T01:53:28.156+0000] {logging_mixin.py:151} INFO - [2024-03-29T01:53:28.156+0000] {dag.py:3696} INFO - Setting next_dagrun for example_xcom_args to None, run_after=None
[2024-03-29T01:53:28.161+0000] {logging_mixin.py:151} INFO - [2024-03-29T01:53:28.161+0000] {dag.py:3696} INFO - Setting next_dagrun for example_xcom_args_with_operators to None, run_after=None
[2024-03-29T01:53:28.188+0000] {processor.py:179} INFO - Processing /home/airflow/.local/lib/python3.8/site-packages/airflow/example_dags/example_xcomargs.py took 0.087 seconds
[2024-03-29T01:53:58.452+0000] {processor.py:157} INFO - Started process (PID=424) to work on /home/airflow/.local/lib/python3.8/site-packages/airflow/example_dags/example_xcomargs.py
[2024-03-29T01:53:58.456+0000] {processor.py:829} INFO - Processing file /home/airflow/.local/lib/python3.8/site-packages/airflow/example_dags/example_xcomargs.py for tasks to queue
[2024-03-29T01:53:58.458+0000] {logging_mixin.py:151} INFO - [2024-03-29T01:53:58.458+0000] {dagbag.py:539} INFO - Filling up the DagBag from /home/airflow/.local/lib/python3.8/site-packages/airflow/example_dags/example_xcomargs.py
[2024-03-29T01:53:58.467+0000] {processor.py:839} INFO - DAG(s) dict_keys(['example_xcom_args_with_operators', 'example_xcom_args']) retrieved from /home/airflow/.local/lib/python3.8/site-packages/airflow/example_dags/example_xcomargs.py
[2024-03-29T01:53:58.495+0000] {logging_mixin.py:151} INFO - [2024-03-29T01:53:58.495+0000] {dag.py:2915} INFO - Sync 2 DAGs
[2024-03-29T01:53:58.509+0000] {logging_mixin.py:151} INFO - [2024-03-29T01:53:58.509+0000] {dag.py:3696} INFO - Setting next_dagrun for example_xcom_args to None, run_after=None
[2024-03-29T01:53:58.514+0000] {logging_mixin.py:151} INFO - [2024-03-29T01:53:58.514+0000] {dag.py:3696} INFO - Setting next_dagrun for example_xcom_args_with_operators to None, run_after=None
[2024-03-29T01:53:58.542+0000] {processor.py:179} INFO - Processing /home/airflow/.local/lib/python3.8/site-packages/airflow/example_dags/example_xcomargs.py took 0.094 seconds
[2024-03-29T01:54:28.758+0000] {processor.py:157} INFO - Started process (PID=478) to work on /home/airflow/.local/lib/python3.8/site-packages/airflow/example_dags/example_xcomargs.py
[2024-03-29T01:54:28.760+0000] {processor.py:829} INFO - Processing file /home/airflow/.local/lib/python3.8/site-packages/airflow/example_dags/example_xcomargs.py for tasks to queue
[2024-03-29T01:54:28.763+0000] {logging_mixin.py:151} INFO - [2024-03-29T01:54:28.763+0000] {dagbag.py:539} INFO - Filling up the DagBag from /home/airflow/.local/lib/python3.8/site-packages/airflow/example_dags/example_xcomargs.py
[2024-03-29T01:54:28.771+0000] {processor.py:839} INFO - DAG(s) dict_keys(['example_xcom_args', 'example_xcom_args_with_operators']) retrieved from /home/airflow/.local/lib/python3.8/site-packages/airflow/example_dags/example_xcomargs.py
[2024-03-29T01:54:28.797+0000] {logging_mixin.py:151} INFO - [2024-03-29T01:54:28.797+0000] {dag.py:2915} INFO - Sync 2 DAGs
[2024-03-29T01:54:28.810+0000] {logging_mixin.py:151} INFO - [2024-03-29T01:54:28.810+0000] {dag.py:3696} INFO - Setting next_dagrun for example_xcom_args to None, run_after=None
[2024-03-29T01:54:28.815+0000] {logging_mixin.py:151} INFO - [2024-03-29T01:54:28.815+0000] {dag.py:3696} INFO - Setting next_dagrun for example_xcom_args_with_operators to None, run_after=None
[2024-03-29T01:54:28.838+0000] {processor.py:179} INFO - Processing /home/airflow/.local/lib/python3.8/site-packages/airflow/example_dags/example_xcomargs.py took 0.083 seconds
[2024-03-29T01:54:59.140+0000] {processor.py:157} INFO - Started process (PID=532) to work on /home/airflow/.local/lib/python3.8/site-packages/airflow/example_dags/example_xcomargs.py
[2024-03-29T01:54:59.142+0000] {processor.py:829} INFO - Processing file /home/airflow/.local/lib/python3.8/site-packages/airflow/example_dags/example_xcomargs.py for tasks to queue
[2024-03-29T01:54:59.145+0000] {logging_mixin.py:151} INFO - [2024-03-29T01:54:59.144+0000] {dagbag.py:539} INFO - Filling up the DagBag from /home/airflow/.local/lib/python3.8/site-packages/airflow/example_dags/example_xcomargs.py
[2024-03-29T01:54:59.155+0000] {processor.py:839} INFO - DAG(s) dict_keys(['example_xcom_args_with_operators', 'example_xcom_args']) retrieved from /home/airflow/.local/lib/python3.8/site-packages/airflow/example_dags/example_xcomargs.py
[2024-03-29T01:54:59.182+0000] {logging_mixin.py:151} INFO - [2024-03-29T01:54:59.182+0000] {dag.py:2915} INFO - Sync 2 DAGs
[2024-03-29T01:54:59.201+0000] {logging_mixin.py:151} INFO - [2024-03-29T01:54:59.201+0000] {dag.py:3696} INFO - Setting next_dagrun for example_xcom_args to None, run_after=None
[2024-03-29T01:54:59.206+0000] {logging_mixin.py:151} INFO - [2024-03-29T01:54:59.206+0000] {dag.py:3696} INFO - Setting next_dagrun for example_xcom_args_with_operators to None, run_after=None
[2024-03-29T01:54:59.228+0000] {processor.py:179} INFO - Processing /home/airflow/.local/lib/python3.8/site-packages/airflow/example_dags/example_xcomargs.py took 0.092 seconds
