[2024-03-29T01:50:37.191+0000] {processor.py:157} INFO - Started process (PID=74) to work on /home/airflow/.local/lib/python3.8/site-packages/airflow/example_dags/example_branch_day_of_week_operator.py
[2024-03-29T01:50:37.194+0000] {processor.py:829} INFO - Processing file /home/airflow/.local/lib/python3.8/site-packages/airflow/example_dags/example_branch_day_of_week_operator.py for tasks to queue
[2024-03-29T01:50:37.197+0000] {logging_mixin.py:151} INFO - [2024-03-29T01:50:37.197+0000] {dagbag.py:539} INFO - Filling up the DagBag from /home/airflow/.local/lib/python3.8/site-packages/airflow/example_dags/example_branch_day_of_week_operator.py
[2024-03-29T01:50:37.212+0000] {processor.py:839} INFO - DAG(s) dict_keys(['example_weekday_branch_operator']) retrieved from /home/airflow/.local/lib/python3.8/site-packages/airflow/example_dags/example_branch_day_of_week_operator.py
[2024-03-29T01:50:37.253+0000] {logging_mixin.py:151} INFO - [2024-03-29T01:50:37.252+0000] {dag.py:2915} INFO - Sync 1 DAGs
[2024-03-29T01:50:37.315+0000] {logging_mixin.py:151} INFO - [2024-03-29T01:50:37.314+0000] {dag.py:3696} INFO - Setting next_dagrun for example_weekday_branch_operator to 2024-03-28T00:00:00+00:00, run_after=2024-03-29T00:00:00+00:00
[2024-03-29T01:50:37.377+0000] {processor.py:179} INFO - Processing /home/airflow/.local/lib/python3.8/site-packages/airflow/example_dags/example_branch_day_of_week_operator.py took 0.191 seconds
[2024-03-29T01:51:08.056+0000] {processor.py:157} INFO - Started process (PID=128) to work on /home/airflow/.local/lib/python3.8/site-packages/airflow/example_dags/example_branch_day_of_week_operator.py
[2024-03-29T01:51:08.058+0000] {processor.py:829} INFO - Processing file /home/airflow/.local/lib/python3.8/site-packages/airflow/example_dags/example_branch_day_of_week_operator.py for tasks to queue
[2024-03-29T01:51:08.065+0000] {logging_mixin.py:151} INFO - [2024-03-29T01:51:08.064+0000] {dagbag.py:539} INFO - Filling up the DagBag from /home/airflow/.local/lib/python3.8/site-packages/airflow/example_dags/example_branch_day_of_week_operator.py
[2024-03-29T01:51:08.076+0000] {processor.py:839} INFO - DAG(s) dict_keys(['example_weekday_branch_operator']) retrieved from /home/airflow/.local/lib/python3.8/site-packages/airflow/example_dags/example_branch_day_of_week_operator.py
[2024-03-29T01:51:08.109+0000] {logging_mixin.py:151} INFO - [2024-03-29T01:51:08.109+0000] {dag.py:2915} INFO - Sync 1 DAGs
[2024-03-29T01:51:08.138+0000] {logging_mixin.py:151} INFO - [2024-03-29T01:51:08.138+0000] {dag.py:3696} INFO - Setting next_dagrun for example_weekday_branch_operator to 2024-03-28T00:00:00+00:00, run_after=2024-03-29T00:00:00+00:00
[2024-03-29T01:51:08.169+0000] {processor.py:179} INFO - Processing /home/airflow/.local/lib/python3.8/site-packages/airflow/example_dags/example_branch_day_of_week_operator.py took 0.117 seconds
[2024-03-29T01:51:38.462+0000] {processor.py:157} INFO - Started process (PID=183) to work on /home/airflow/.local/lib/python3.8/site-packages/airflow/example_dags/example_branch_day_of_week_operator.py
[2024-03-29T01:51:38.464+0000] {processor.py:829} INFO - Processing file /home/airflow/.local/lib/python3.8/site-packages/airflow/example_dags/example_branch_day_of_week_operator.py for tasks to queue
[2024-03-29T01:51:38.467+0000] {logging_mixin.py:151} INFO - [2024-03-29T01:51:38.467+0000] {dagbag.py:539} INFO - Filling up the DagBag from /home/airflow/.local/lib/python3.8/site-packages/airflow/example_dags/example_branch_day_of_week_operator.py
[2024-03-29T01:51:38.474+0000] {processor.py:839} INFO - DAG(s) dict_keys(['example_weekday_branch_operator']) retrieved from /home/airflow/.local/lib/python3.8/site-packages/airflow/example_dags/example_branch_day_of_week_operator.py
[2024-03-29T01:51:38.488+0000] {logging_mixin.py:151} INFO - [2024-03-29T01:51:38.488+0000] {dag.py:2915} INFO - Sync 1 DAGs
[2024-03-29T01:51:38.515+0000] {logging_mixin.py:151} INFO - [2024-03-29T01:51:38.515+0000] {dag.py:3696} INFO - Setting next_dagrun for example_weekday_branch_operator to 2024-03-28T00:00:00+00:00, run_after=2024-03-29T00:00:00+00:00
[2024-03-29T01:51:38.542+0000] {processor.py:179} INFO - Processing /home/airflow/.local/lib/python3.8/site-packages/airflow/example_dags/example_branch_day_of_week_operator.py took 0.084 seconds
[2024-03-29T01:52:08.818+0000] {processor.py:157} INFO - Started process (PID=237) to work on /home/airflow/.local/lib/python3.8/site-packages/airflow/example_dags/example_branch_day_of_week_operator.py
[2024-03-29T01:52:08.819+0000] {processor.py:829} INFO - Processing file /home/airflow/.local/lib/python3.8/site-packages/airflow/example_dags/example_branch_day_of_week_operator.py for tasks to queue
[2024-03-29T01:52:08.822+0000] {logging_mixin.py:151} INFO - [2024-03-29T01:52:08.822+0000] {dagbag.py:539} INFO - Filling up the DagBag from /home/airflow/.local/lib/python3.8/site-packages/airflow/example_dags/example_branch_day_of_week_operator.py
[2024-03-29T01:52:08.832+0000] {processor.py:839} INFO - DAG(s) dict_keys(['example_weekday_branch_operator']) retrieved from /home/airflow/.local/lib/python3.8/site-packages/airflow/example_dags/example_branch_day_of_week_operator.py
[2024-03-29T01:52:08.854+0000] {logging_mixin.py:151} INFO - [2024-03-29T01:52:08.854+0000] {dag.py:2915} INFO - Sync 1 DAGs
[2024-03-29T01:52:08.883+0000] {logging_mixin.py:151} INFO - [2024-03-29T01:52:08.883+0000] {dag.py:3696} INFO - Setting next_dagrun for example_weekday_branch_operator to 2024-03-28T00:00:00+00:00, run_after=2024-03-29T00:00:00+00:00
[2024-03-29T01:52:08.909+0000] {processor.py:179} INFO - Processing /home/airflow/.local/lib/python3.8/site-packages/airflow/example_dags/example_branch_day_of_week_operator.py took 0.093 seconds
[2024-03-29T01:52:39.078+0000] {processor.py:157} INFO - Started process (PID=291) to work on /home/airflow/.local/lib/python3.8/site-packages/airflow/example_dags/example_branch_day_of_week_operator.py
[2024-03-29T01:52:39.079+0000] {processor.py:829} INFO - Processing file /home/airflow/.local/lib/python3.8/site-packages/airflow/example_dags/example_branch_day_of_week_operator.py for tasks to queue
[2024-03-29T01:52:39.083+0000] {logging_mixin.py:151} INFO - [2024-03-29T01:52:39.082+0000] {dagbag.py:539} INFO - Filling up the DagBag from /home/airflow/.local/lib/python3.8/site-packages/airflow/example_dags/example_branch_day_of_week_operator.py
[2024-03-29T01:52:39.093+0000] {processor.py:839} INFO - DAG(s) dict_keys(['example_weekday_branch_operator']) retrieved from /home/airflow/.local/lib/python3.8/site-packages/airflow/example_dags/example_branch_day_of_week_operator.py
[2024-03-29T01:52:39.117+0000] {logging_mixin.py:151} INFO - [2024-03-29T01:52:39.117+0000] {dag.py:2915} INFO - Sync 1 DAGs
[2024-03-29T01:52:39.140+0000] {logging_mixin.py:151} INFO - [2024-03-29T01:52:39.139+0000] {dag.py:3696} INFO - Setting next_dagrun for example_weekday_branch_operator to 2024-03-28T00:00:00+00:00, run_after=2024-03-29T00:00:00+00:00
[2024-03-29T01:52:39.162+0000] {processor.py:179} INFO - Processing /home/airflow/.local/lib/python3.8/site-packages/airflow/example_dags/example_branch_day_of_week_operator.py took 0.088 seconds
[2024-03-29T01:53:09.324+0000] {processor.py:157} INFO - Started process (PID=344) to work on /home/airflow/.local/lib/python3.8/site-packages/airflow/example_dags/example_branch_day_of_week_operator.py
[2024-03-29T01:53:09.326+0000] {processor.py:829} INFO - Processing file /home/airflow/.local/lib/python3.8/site-packages/airflow/example_dags/example_branch_day_of_week_operator.py for tasks to queue
[2024-03-29T01:53:09.329+0000] {logging_mixin.py:151} INFO - [2024-03-29T01:53:09.328+0000] {dagbag.py:539} INFO - Filling up the DagBag from /home/airflow/.local/lib/python3.8/site-packages/airflow/example_dags/example_branch_day_of_week_operator.py
[2024-03-29T01:53:09.336+0000] {processor.py:839} INFO - DAG(s) dict_keys(['example_weekday_branch_operator']) retrieved from /home/airflow/.local/lib/python3.8/site-packages/airflow/example_dags/example_branch_day_of_week_operator.py
[2024-03-29T01:53:09.360+0000] {logging_mixin.py:151} INFO - [2024-03-29T01:53:09.360+0000] {dag.py:2915} INFO - Sync 1 DAGs
[2024-03-29T01:53:09.386+0000] {logging_mixin.py:151} INFO - [2024-03-29T01:53:09.386+0000] {dag.py:3696} INFO - Setting next_dagrun for example_weekday_branch_operator to 2024-03-28T00:00:00+00:00, run_after=2024-03-29T00:00:00+00:00
[2024-03-29T01:53:09.420+0000] {processor.py:179} INFO - Processing /home/airflow/.local/lib/python3.8/site-packages/airflow/example_dags/example_branch_day_of_week_operator.py took 0.100 seconds
[2024-03-29T01:53:39.586+0000] {processor.py:157} INFO - Started process (PID=398) to work on /home/airflow/.local/lib/python3.8/site-packages/airflow/example_dags/example_branch_day_of_week_operator.py
[2024-03-29T01:53:39.588+0000] {processor.py:829} INFO - Processing file /home/airflow/.local/lib/python3.8/site-packages/airflow/example_dags/example_branch_day_of_week_operator.py for tasks to queue
[2024-03-29T01:53:39.590+0000] {logging_mixin.py:151} INFO - [2024-03-29T01:53:39.590+0000] {dagbag.py:539} INFO - Filling up the DagBag from /home/airflow/.local/lib/python3.8/site-packages/airflow/example_dags/example_branch_day_of_week_operator.py
[2024-03-29T01:53:39.598+0000] {processor.py:839} INFO - DAG(s) dict_keys(['example_weekday_branch_operator']) retrieved from /home/airflow/.local/lib/python3.8/site-packages/airflow/example_dags/example_branch_day_of_week_operator.py
[2024-03-29T01:53:39.621+0000] {logging_mixin.py:151} INFO - [2024-03-29T01:53:39.621+0000] {dag.py:2915} INFO - Sync 1 DAGs
[2024-03-29T01:53:39.644+0000] {logging_mixin.py:151} INFO - [2024-03-29T01:53:39.644+0000] {dag.py:3696} INFO - Setting next_dagrun for example_weekday_branch_operator to 2024-03-28T00:00:00+00:00, run_after=2024-03-29T00:00:00+00:00
[2024-03-29T01:53:39.668+0000] {processor.py:179} INFO - Processing /home/airflow/.local/lib/python3.8/site-packages/airflow/example_dags/example_branch_day_of_week_operator.py took 0.086 seconds
[2024-03-29T01:54:10.114+0000] {processor.py:157} INFO - Started process (PID=457) to work on /home/airflow/.local/lib/python3.8/site-packages/airflow/example_dags/example_branch_day_of_week_operator.py
[2024-03-29T01:54:10.116+0000] {processor.py:829} INFO - Processing file /home/airflow/.local/lib/python3.8/site-packages/airflow/example_dags/example_branch_day_of_week_operator.py for tasks to queue
[2024-03-29T01:54:10.125+0000] {logging_mixin.py:151} INFO - [2024-03-29T01:54:10.125+0000] {dagbag.py:539} INFO - Filling up the DagBag from /home/airflow/.local/lib/python3.8/site-packages/airflow/example_dags/example_branch_day_of_week_operator.py
[2024-03-29T01:54:10.141+0000] {processor.py:839} INFO - DAG(s) dict_keys(['example_weekday_branch_operator']) retrieved from /home/airflow/.local/lib/python3.8/site-packages/airflow/example_dags/example_branch_day_of_week_operator.py
[2024-03-29T01:54:10.165+0000] {logging_mixin.py:151} INFO - [2024-03-29T01:54:10.165+0000] {dag.py:2915} INFO - Sync 1 DAGs
[2024-03-29T01:54:10.190+0000] {logging_mixin.py:151} INFO - [2024-03-29T01:54:10.189+0000] {dag.py:3696} INFO - Setting next_dagrun for example_weekday_branch_operator to 2024-03-28T00:00:00+00:00, run_after=2024-03-29T00:00:00+00:00
[2024-03-29T01:54:10.210+0000] {processor.py:179} INFO - Processing /home/airflow/.local/lib/python3.8/site-packages/airflow/example_dags/example_branch_day_of_week_operator.py took 0.100 seconds
[2024-03-29T01:54:40.702+0000] {processor.py:157} INFO - Started process (PID=511) to work on /home/airflow/.local/lib/python3.8/site-packages/airflow/example_dags/example_branch_day_of_week_operator.py
[2024-03-29T01:54:40.704+0000] {processor.py:829} INFO - Processing file /home/airflow/.local/lib/python3.8/site-packages/airflow/example_dags/example_branch_day_of_week_operator.py for tasks to queue
[2024-03-29T01:54:40.707+0000] {logging_mixin.py:151} INFO - [2024-03-29T01:54:40.706+0000] {dagbag.py:539} INFO - Filling up the DagBag from /home/airflow/.local/lib/python3.8/site-packages/airflow/example_dags/example_branch_day_of_week_operator.py
[2024-03-29T01:54:40.716+0000] {processor.py:839} INFO - DAG(s) dict_keys(['example_weekday_branch_operator']) retrieved from /home/airflow/.local/lib/python3.8/site-packages/airflow/example_dags/example_branch_day_of_week_operator.py
[2024-03-29T01:54:40.739+0000] {logging_mixin.py:151} INFO - [2024-03-29T01:54:40.739+0000] {dag.py:2915} INFO - Sync 1 DAGs
[2024-03-29T01:54:40.765+0000] {logging_mixin.py:151} INFO - [2024-03-29T01:54:40.765+0000] {dag.py:3696} INFO - Setting next_dagrun for example_weekday_branch_operator to 2024-03-28T00:00:00+00:00, run_after=2024-03-29T00:00:00+00:00
[2024-03-29T01:54:40.787+0000] {processor.py:179} INFO - Processing /home/airflow/.local/lib/python3.8/site-packages/airflow/example_dags/example_branch_day_of_week_operator.py took 0.088 seconds
