[2024-03-29T01:50:28.572+0000] {processor.py:157} INFO - Started process (PID=49) to work on /home/airflow/.local/lib/python3.8/site-packages/airflow/example_dags/example_branch_operator_decorator.py
[2024-03-29T01:50:28.579+0000] {processor.py:829} INFO - Processing file /home/airflow/.local/lib/python3.8/site-packages/airflow/example_dags/example_branch_operator_decorator.py for tasks to queue
[2024-03-29T01:50:28.586+0000] {logging_mixin.py:151} INFO - [2024-03-29T01:50:28.585+0000] {dagbag.py:539} INFO - Filling up the DagBag from /home/airflow/.local/lib/python3.8/site-packages/airflow/example_dags/example_branch_operator_decorator.py
[2024-03-29T01:50:28.614+0000] {processor.py:839} INFO - DAG(s) dict_keys(['example_branch_python_operator_decorator']) retrieved from /home/airflow/.local/lib/python3.8/site-packages/airflow/example_dags/example_branch_operator_decorator.py
[2024-03-29T01:50:28.733+0000] {logging_mixin.py:151} INFO - [2024-03-29T01:50:28.733+0000] {dag.py:2915} INFO - Sync 1 DAGs
[2024-03-29T01:50:28.841+0000] {logging_mixin.py:151} INFO - [2024-03-29T01:50:28.841+0000] {dag.py:3696} INFO - Setting next_dagrun for example_branch_python_operator_decorator to 2024-03-28T00:00:00+00:00, run_after=2024-03-29T00:00:00+00:00
[2024-03-29T01:50:28.905+0000] {processor.py:179} INFO - Processing /home/airflow/.local/lib/python3.8/site-packages/airflow/example_dags/example_branch_operator_decorator.py took 0.382 seconds
[2024-03-29T01:50:59.110+0000] {processor.py:157} INFO - Started process (PID=103) to work on /home/airflow/.local/lib/python3.8/site-packages/airflow/example_dags/example_branch_operator_decorator.py
[2024-03-29T01:50:59.112+0000] {processor.py:829} INFO - Processing file /home/airflow/.local/lib/python3.8/site-packages/airflow/example_dags/example_branch_operator_decorator.py for tasks to queue
[2024-03-29T01:50:59.115+0000] {logging_mixin.py:151} INFO - [2024-03-29T01:50:59.115+0000] {dagbag.py:539} INFO - Filling up the DagBag from /home/airflow/.local/lib/python3.8/site-packages/airflow/example_dags/example_branch_operator_decorator.py
[2024-03-29T01:50:59.127+0000] {processor.py:839} INFO - DAG(s) dict_keys(['example_branch_python_operator_decorator']) retrieved from /home/airflow/.local/lib/python3.8/site-packages/airflow/example_dags/example_branch_operator_decorator.py
[2024-03-29T01:50:59.153+0000] {logging_mixin.py:151} INFO - [2024-03-29T01:50:59.152+0000] {dag.py:2915} INFO - Sync 1 DAGs
[2024-03-29T01:50:59.173+0000] {logging_mixin.py:151} INFO - [2024-03-29T01:50:59.173+0000] {dag.py:3696} INFO - Setting next_dagrun for example_branch_python_operator_decorator to 2024-03-28T00:00:00+00:00, run_after=2024-03-29T00:00:00+00:00
[2024-03-29T01:50:59.194+0000] {processor.py:179} INFO - Processing /home/airflow/.local/lib/python3.8/site-packages/airflow/example_dags/example_branch_operator_decorator.py took 0.088 seconds
[2024-03-29T01:51:29.251+0000] {processor.py:157} INFO - Started process (PID=157) to work on /home/airflow/.local/lib/python3.8/site-packages/airflow/example_dags/example_branch_operator_decorator.py
[2024-03-29T01:51:29.253+0000] {processor.py:829} INFO - Processing file /home/airflow/.local/lib/python3.8/site-packages/airflow/example_dags/example_branch_operator_decorator.py for tasks to queue
[2024-03-29T01:51:29.256+0000] {logging_mixin.py:151} INFO - [2024-03-29T01:51:29.256+0000] {dagbag.py:539} INFO - Filling up the DagBag from /home/airflow/.local/lib/python3.8/site-packages/airflow/example_dags/example_branch_operator_decorator.py
[2024-03-29T01:51:29.271+0000] {processor.py:839} INFO - DAG(s) dict_keys(['example_branch_python_operator_decorator']) retrieved from /home/airflow/.local/lib/python3.8/site-packages/airflow/example_dags/example_branch_operator_decorator.py
[2024-03-29T01:51:29.288+0000] {logging_mixin.py:151} INFO - [2024-03-29T01:51:29.288+0000] {dag.py:2915} INFO - Sync 1 DAGs
[2024-03-29T01:51:29.323+0000] {logging_mixin.py:151} INFO - [2024-03-29T01:51:29.323+0000] {dag.py:3696} INFO - Setting next_dagrun for example_branch_python_operator_decorator to 2024-03-28T00:00:00+00:00, run_after=2024-03-29T00:00:00+00:00
[2024-03-29T01:51:29.355+0000] {processor.py:179} INFO - Processing /home/airflow/.local/lib/python3.8/site-packages/airflow/example_dags/example_branch_operator_decorator.py took 0.108 seconds
[2024-03-29T01:51:59.511+0000] {processor.py:157} INFO - Started process (PID=212) to work on /home/airflow/.local/lib/python3.8/site-packages/airflow/example_dags/example_branch_operator_decorator.py
[2024-03-29T01:51:59.512+0000] {processor.py:829} INFO - Processing file /home/airflow/.local/lib/python3.8/site-packages/airflow/example_dags/example_branch_operator_decorator.py for tasks to queue
[2024-03-29T01:51:59.516+0000] {logging_mixin.py:151} INFO - [2024-03-29T01:51:59.515+0000] {dagbag.py:539} INFO - Filling up the DagBag from /home/airflow/.local/lib/python3.8/site-packages/airflow/example_dags/example_branch_operator_decorator.py
[2024-03-29T01:51:59.525+0000] {processor.py:839} INFO - DAG(s) dict_keys(['example_branch_python_operator_decorator']) retrieved from /home/airflow/.local/lib/python3.8/site-packages/airflow/example_dags/example_branch_operator_decorator.py
[2024-03-29T01:51:59.552+0000] {logging_mixin.py:151} INFO - [2024-03-29T01:51:59.552+0000] {dag.py:2915} INFO - Sync 1 DAGs
[2024-03-29T01:51:59.576+0000] {logging_mixin.py:151} INFO - [2024-03-29T01:51:59.576+0000] {dag.py:3696} INFO - Setting next_dagrun for example_branch_python_operator_decorator to 2024-03-28T00:00:00+00:00, run_after=2024-03-29T00:00:00+00:00
[2024-03-29T01:51:59.601+0000] {processor.py:179} INFO - Processing /home/airflow/.local/lib/python3.8/site-packages/airflow/example_dags/example_branch_operator_decorator.py took 0.094 seconds
[2024-03-29T01:52:29.866+0000] {processor.py:157} INFO - Started process (PID=266) to work on /home/airflow/.local/lib/python3.8/site-packages/airflow/example_dags/example_branch_operator_decorator.py
[2024-03-29T01:52:29.868+0000] {processor.py:829} INFO - Processing file /home/airflow/.local/lib/python3.8/site-packages/airflow/example_dags/example_branch_operator_decorator.py for tasks to queue
[2024-03-29T01:52:29.870+0000] {logging_mixin.py:151} INFO - [2024-03-29T01:52:29.870+0000] {dagbag.py:539} INFO - Filling up the DagBag from /home/airflow/.local/lib/python3.8/site-packages/airflow/example_dags/example_branch_operator_decorator.py
[2024-03-29T01:52:29.885+0000] {processor.py:839} INFO - DAG(s) dict_keys(['example_branch_python_operator_decorator']) retrieved from /home/airflow/.local/lib/python3.8/site-packages/airflow/example_dags/example_branch_operator_decorator.py
[2024-03-29T01:52:29.911+0000] {logging_mixin.py:151} INFO - [2024-03-29T01:52:29.911+0000] {dag.py:2915} INFO - Sync 1 DAGs
[2024-03-29T01:52:29.936+0000] {logging_mixin.py:151} INFO - [2024-03-29T01:52:29.936+0000] {dag.py:3696} INFO - Setting next_dagrun for example_branch_python_operator_decorator to 2024-03-28T00:00:00+00:00, run_after=2024-03-29T00:00:00+00:00
[2024-03-29T01:52:29.963+0000] {processor.py:179} INFO - Processing /home/airflow/.local/lib/python3.8/site-packages/airflow/example_dags/example_branch_operator_decorator.py took 0.101 seconds
[2024-03-29T01:53:00.250+0000] {processor.py:157} INFO - Started process (PID=320) to work on /home/airflow/.local/lib/python3.8/site-packages/airflow/example_dags/example_branch_operator_decorator.py
[2024-03-29T01:53:00.251+0000] {processor.py:829} INFO - Processing file /home/airflow/.local/lib/python3.8/site-packages/airflow/example_dags/example_branch_operator_decorator.py for tasks to queue
[2024-03-29T01:53:00.254+0000] {logging_mixin.py:151} INFO - [2024-03-29T01:53:00.254+0000] {dagbag.py:539} INFO - Filling up the DagBag from /home/airflow/.local/lib/python3.8/site-packages/airflow/example_dags/example_branch_operator_decorator.py
[2024-03-29T01:53:00.264+0000] {processor.py:839} INFO - DAG(s) dict_keys(['example_branch_python_operator_decorator']) retrieved from /home/airflow/.local/lib/python3.8/site-packages/airflow/example_dags/example_branch_operator_decorator.py
[2024-03-29T01:53:00.289+0000] {logging_mixin.py:151} INFO - [2024-03-29T01:53:00.289+0000] {dag.py:2915} INFO - Sync 1 DAGs
[2024-03-29T01:53:00.316+0000] {logging_mixin.py:151} INFO - [2024-03-29T01:53:00.316+0000] {dag.py:3696} INFO - Setting next_dagrun for example_branch_python_operator_decorator to 2024-03-28T00:00:00+00:00, run_after=2024-03-29T00:00:00+00:00
[2024-03-29T01:53:00.341+0000] {processor.py:179} INFO - Processing /home/airflow/.local/lib/python3.8/site-packages/airflow/example_dags/example_branch_operator_decorator.py took 0.096 seconds
[2024-03-29T01:53:30.552+0000] {processor.py:157} INFO - Started process (PID=374) to work on /home/airflow/.local/lib/python3.8/site-packages/airflow/example_dags/example_branch_operator_decorator.py
[2024-03-29T01:53:30.553+0000] {processor.py:829} INFO - Processing file /home/airflow/.local/lib/python3.8/site-packages/airflow/example_dags/example_branch_operator_decorator.py for tasks to queue
[2024-03-29T01:53:30.556+0000] {logging_mixin.py:151} INFO - [2024-03-29T01:53:30.556+0000] {dagbag.py:539} INFO - Filling up the DagBag from /home/airflow/.local/lib/python3.8/site-packages/airflow/example_dags/example_branch_operator_decorator.py
[2024-03-29T01:53:30.566+0000] {processor.py:839} INFO - DAG(s) dict_keys(['example_branch_python_operator_decorator']) retrieved from /home/airflow/.local/lib/python3.8/site-packages/airflow/example_dags/example_branch_operator_decorator.py
[2024-03-29T01:53:30.591+0000] {logging_mixin.py:151} INFO - [2024-03-29T01:53:30.590+0000] {dag.py:2915} INFO - Sync 1 DAGs
[2024-03-29T01:53:30.614+0000] {logging_mixin.py:151} INFO - [2024-03-29T01:53:30.613+0000] {dag.py:3696} INFO - Setting next_dagrun for example_branch_python_operator_decorator to 2024-03-28T00:00:00+00:00, run_after=2024-03-29T00:00:00+00:00
[2024-03-29T01:53:30.637+0000] {processor.py:179} INFO - Processing /home/airflow/.local/lib/python3.8/site-packages/airflow/example_dags/example_branch_operator_decorator.py took 0.089 seconds
[2024-03-29T01:54:01.064+0000] {processor.py:157} INFO - Started process (PID=433) to work on /home/airflow/.local/lib/python3.8/site-packages/airflow/example_dags/example_branch_operator_decorator.py
[2024-03-29T01:54:01.066+0000] {processor.py:829} INFO - Processing file /home/airflow/.local/lib/python3.8/site-packages/airflow/example_dags/example_branch_operator_decorator.py for tasks to queue
[2024-03-29T01:54:01.069+0000] {logging_mixin.py:151} INFO - [2024-03-29T01:54:01.068+0000] {dagbag.py:539} INFO - Filling up the DagBag from /home/airflow/.local/lib/python3.8/site-packages/airflow/example_dags/example_branch_operator_decorator.py
[2024-03-29T01:54:01.081+0000] {processor.py:839} INFO - DAG(s) dict_keys(['example_branch_python_operator_decorator']) retrieved from /home/airflow/.local/lib/python3.8/site-packages/airflow/example_dags/example_branch_operator_decorator.py
[2024-03-29T01:54:01.108+0000] {logging_mixin.py:151} INFO - [2024-03-29T01:54:01.108+0000] {dag.py:2915} INFO - Sync 1 DAGs
[2024-03-29T01:54:01.137+0000] {logging_mixin.py:151} INFO - [2024-03-29T01:54:01.137+0000] {dag.py:3696} INFO - Setting next_dagrun for example_branch_python_operator_decorator to 2024-03-28T00:00:00+00:00, run_after=2024-03-29T00:00:00+00:00
[2024-03-29T01:54:01.157+0000] {processor.py:179} INFO - Processing /home/airflow/.local/lib/python3.8/site-packages/airflow/example_dags/example_branch_operator_decorator.py took 0.097 seconds
[2024-03-29T01:54:31.285+0000] {processor.py:157} INFO - Started process (PID=487) to work on /home/airflow/.local/lib/python3.8/site-packages/airflow/example_dags/example_branch_operator_decorator.py
[2024-03-29T01:54:31.286+0000] {processor.py:829} INFO - Processing file /home/airflow/.local/lib/python3.8/site-packages/airflow/example_dags/example_branch_operator_decorator.py for tasks to queue
[2024-03-29T01:54:31.289+0000] {logging_mixin.py:151} INFO - [2024-03-29T01:54:31.289+0000] {dagbag.py:539} INFO - Filling up the DagBag from /home/airflow/.local/lib/python3.8/site-packages/airflow/example_dags/example_branch_operator_decorator.py
[2024-03-29T01:54:31.300+0000] {processor.py:839} INFO - DAG(s) dict_keys(['example_branch_python_operator_decorator']) retrieved from /home/airflow/.local/lib/python3.8/site-packages/airflow/example_dags/example_branch_operator_decorator.py
[2024-03-29T01:54:31.325+0000] {logging_mixin.py:151} INFO - [2024-03-29T01:54:31.324+0000] {dag.py:2915} INFO - Sync 1 DAGs
[2024-03-29T01:54:31.348+0000] {logging_mixin.py:151} INFO - [2024-03-29T01:54:31.348+0000] {dag.py:3696} INFO - Setting next_dagrun for example_branch_python_operator_decorator to 2024-03-28T00:00:00+00:00, run_after=2024-03-29T00:00:00+00:00
[2024-03-29T01:54:31.370+0000] {processor.py:179} INFO - Processing /home/airflow/.local/lib/python3.8/site-packages/airflow/example_dags/example_branch_operator_decorator.py took 0.089 seconds
[2024-03-29T01:55:01.806+0000] {processor.py:157} INFO - Started process (PID=541) to work on /home/airflow/.local/lib/python3.8/site-packages/airflow/example_dags/example_branch_operator_decorator.py
[2024-03-29T01:55:01.808+0000] {processor.py:829} INFO - Processing file /home/airflow/.local/lib/python3.8/site-packages/airflow/example_dags/example_branch_operator_decorator.py for tasks to queue
[2024-03-29T01:55:01.810+0000] {logging_mixin.py:151} INFO - [2024-03-29T01:55:01.810+0000] {dagbag.py:539} INFO - Filling up the DagBag from /home/airflow/.local/lib/python3.8/site-packages/airflow/example_dags/example_branch_operator_decorator.py
[2024-03-29T01:55:01.824+0000] {processor.py:839} INFO - DAG(s) dict_keys(['example_branch_python_operator_decorator']) retrieved from /home/airflow/.local/lib/python3.8/site-packages/airflow/example_dags/example_branch_operator_decorator.py
[2024-03-29T01:55:01.849+0000] {logging_mixin.py:151} INFO - [2024-03-29T01:55:01.849+0000] {dag.py:2915} INFO - Sync 1 DAGs
[2024-03-29T01:55:01.873+0000] {logging_mixin.py:151} INFO - [2024-03-29T01:55:01.873+0000] {dag.py:3696} INFO - Setting next_dagrun for example_branch_python_operator_decorator to 2024-03-28T00:00:00+00:00, run_after=2024-03-29T00:00:00+00:00
[2024-03-29T01:55:01.895+0000] {processor.py:179} INFO - Processing /home/airflow/.local/lib/python3.8/site-packages/airflow/example_dags/example_branch_operator_decorator.py took 0.092 seconds
