[2024-03-29T01:50:37.709+0000] {processor.py:157} INFO - Started process (PID=77) to work on /home/airflow/.local/lib/python3.8/site-packages/airflow/example_dags/example_short_circuit_operator.py
[2024-03-29T01:50:37.710+0000] {processor.py:829} INFO - Processing file /home/airflow/.local/lib/python3.8/site-packages/airflow/example_dags/example_short_circuit_operator.py for tasks to queue
[2024-03-29T01:50:37.714+0000] {logging_mixin.py:151} INFO - [2024-03-29T01:50:37.714+0000] {dagbag.py:539} INFO - Filling up the DagBag from /home/airflow/.local/lib/python3.8/site-packages/airflow/example_dags/example_short_circuit_operator.py
[2024-03-29T01:50:37.744+0000] {processor.py:839} INFO - DAG(s) dict_keys(['example_short_circuit_operator']) retrieved from /home/airflow/.local/lib/python3.8/site-packages/airflow/example_dags/example_short_circuit_operator.py
[2024-03-29T01:50:37.949+0000] {logging_mixin.py:151} INFO - [2024-03-29T01:50:37.948+0000] {dag.py:2915} INFO - Sync 1 DAGs
[2024-03-29T01:50:38.083+0000] {logging_mixin.py:151} INFO - [2024-03-29T01:50:38.083+0000] {dag.py:3696} INFO - Setting next_dagrun for example_short_circuit_operator to 2024-03-28T01:50:38.082570+00:00, run_after=2024-03-29T01:50:38.082570+00:00
[2024-03-29T01:50:38.121+0000] {processor.py:179} INFO - Processing /home/airflow/.local/lib/python3.8/site-packages/airflow/example_dags/example_short_circuit_operator.py took 0.416 seconds
[2024-03-29T01:51:08.221+0000] {processor.py:157} INFO - Started process (PID=131) to work on /home/airflow/.local/lib/python3.8/site-packages/airflow/example_dags/example_short_circuit_operator.py
[2024-03-29T01:51:08.222+0000] {processor.py:829} INFO - Processing file /home/airflow/.local/lib/python3.8/site-packages/airflow/example_dags/example_short_circuit_operator.py for tasks to queue
[2024-03-29T01:51:08.225+0000] {logging_mixin.py:151} INFO - [2024-03-29T01:51:08.225+0000] {dagbag.py:539} INFO - Filling up the DagBag from /home/airflow/.local/lib/python3.8/site-packages/airflow/example_dags/example_short_circuit_operator.py
[2024-03-29T01:51:08.234+0000] {processor.py:839} INFO - DAG(s) dict_keys(['example_short_circuit_operator']) retrieved from /home/airflow/.local/lib/python3.8/site-packages/airflow/example_dags/example_short_circuit_operator.py
[2024-03-29T01:51:08.279+0000] {logging_mixin.py:151} INFO - [2024-03-29T01:51:08.278+0000] {dag.py:2915} INFO - Sync 1 DAGs
[2024-03-29T01:51:08.336+0000] {logging_mixin.py:151} INFO - [2024-03-29T01:51:08.336+0000] {dag.py:3696} INFO - Setting next_dagrun for example_short_circuit_operator to 2024-03-28T01:51:08.335972+00:00, run_after=2024-03-29T01:51:08.335972+00:00
[2024-03-29T01:51:08.386+0000] {processor.py:179} INFO - Processing /home/airflow/.local/lib/python3.8/site-packages/airflow/example_dags/example_short_circuit_operator.py took 0.169 seconds
[2024-03-29T01:51:38.660+0000] {processor.py:157} INFO - Started process (PID=186) to work on /home/airflow/.local/lib/python3.8/site-packages/airflow/example_dags/example_short_circuit_operator.py
[2024-03-29T01:51:38.662+0000] {processor.py:829} INFO - Processing file /home/airflow/.local/lib/python3.8/site-packages/airflow/example_dags/example_short_circuit_operator.py for tasks to queue
[2024-03-29T01:51:38.664+0000] {logging_mixin.py:151} INFO - [2024-03-29T01:51:38.664+0000] {dagbag.py:539} INFO - Filling up the DagBag from /home/airflow/.local/lib/python3.8/site-packages/airflow/example_dags/example_short_circuit_operator.py
[2024-03-29T01:51:38.673+0000] {processor.py:839} INFO - DAG(s) dict_keys(['example_short_circuit_operator']) retrieved from /home/airflow/.local/lib/python3.8/site-packages/airflow/example_dags/example_short_circuit_operator.py
[2024-03-29T01:51:38.689+0000] {logging_mixin.py:151} INFO - [2024-03-29T01:51:38.689+0000] {dag.py:2915} INFO - Sync 1 DAGs
[2024-03-29T01:51:38.718+0000] {logging_mixin.py:151} INFO - [2024-03-29T01:51:38.718+0000] {dag.py:3696} INFO - Setting next_dagrun for example_short_circuit_operator to 2024-03-28T01:51:38.718264+00:00, run_after=2024-03-29T01:51:38.718264+00:00
[2024-03-29T01:51:38.741+0000] {processor.py:179} INFO - Processing /home/airflow/.local/lib/python3.8/site-packages/airflow/example_dags/example_short_circuit_operator.py took 0.084 seconds
[2024-03-29T01:52:09.075+0000] {processor.py:157} INFO - Started process (PID=240) to work on /home/airflow/.local/lib/python3.8/site-packages/airflow/example_dags/example_short_circuit_operator.py
[2024-03-29T01:52:09.077+0000] {processor.py:829} INFO - Processing file /home/airflow/.local/lib/python3.8/site-packages/airflow/example_dags/example_short_circuit_operator.py for tasks to queue
[2024-03-29T01:52:09.080+0000] {logging_mixin.py:151} INFO - [2024-03-29T01:52:09.079+0000] {dagbag.py:539} INFO - Filling up the DagBag from /home/airflow/.local/lib/python3.8/site-packages/airflow/example_dags/example_short_circuit_operator.py
[2024-03-29T01:52:09.088+0000] {processor.py:839} INFO - DAG(s) dict_keys(['example_short_circuit_operator']) retrieved from /home/airflow/.local/lib/python3.8/site-packages/airflow/example_dags/example_short_circuit_operator.py
[2024-03-29T01:52:09.113+0000] {logging_mixin.py:151} INFO - [2024-03-29T01:52:09.113+0000] {dag.py:2915} INFO - Sync 1 DAGs
[2024-03-29T01:52:09.137+0000] {logging_mixin.py:151} INFO - [2024-03-29T01:52:09.137+0000] {dag.py:3696} INFO - Setting next_dagrun for example_short_circuit_operator to 2024-03-28T01:52:09.137502+00:00, run_after=2024-03-29T01:52:09.137502+00:00
[2024-03-29T01:52:09.162+0000] {processor.py:179} INFO - Processing /home/airflow/.local/lib/python3.8/site-packages/airflow/example_dags/example_short_circuit_operator.py took 0.090 seconds
[2024-03-29T01:52:39.447+0000] {processor.py:157} INFO - Started process (PID=294) to work on /home/airflow/.local/lib/python3.8/site-packages/airflow/example_dags/example_short_circuit_operator.py
[2024-03-29T01:52:39.451+0000] {processor.py:829} INFO - Processing file /home/airflow/.local/lib/python3.8/site-packages/airflow/example_dags/example_short_circuit_operator.py for tasks to queue
[2024-03-29T01:52:39.455+0000] {logging_mixin.py:151} INFO - [2024-03-29T01:52:39.455+0000] {dagbag.py:539} INFO - Filling up the DagBag from /home/airflow/.local/lib/python3.8/site-packages/airflow/example_dags/example_short_circuit_operator.py
[2024-03-29T01:52:39.463+0000] {processor.py:839} INFO - DAG(s) dict_keys(['example_short_circuit_operator']) retrieved from /home/airflow/.local/lib/python3.8/site-packages/airflow/example_dags/example_short_circuit_operator.py
[2024-03-29T01:52:39.489+0000] {logging_mixin.py:151} INFO - [2024-03-29T01:52:39.489+0000] {dag.py:2915} INFO - Sync 1 DAGs
[2024-03-29T01:52:39.510+0000] {logging_mixin.py:151} INFO - [2024-03-29T01:52:39.510+0000] {dag.py:3696} INFO - Setting next_dagrun for example_short_circuit_operator to 2024-03-28T01:52:39.510120+00:00, run_after=2024-03-29T01:52:39.510120+00:00
[2024-03-29T01:52:39.535+0000] {processor.py:179} INFO - Processing /home/airflow/.local/lib/python3.8/site-packages/airflow/example_dags/example_short_circuit_operator.py took 0.092 seconds
[2024-03-29T01:53:10.007+0000] {processor.py:157} INFO - Started process (PID=348) to work on /home/airflow/.local/lib/python3.8/site-packages/airflow/example_dags/example_short_circuit_operator.py
[2024-03-29T01:53:10.009+0000] {processor.py:829} INFO - Processing file /home/airflow/.local/lib/python3.8/site-packages/airflow/example_dags/example_short_circuit_operator.py for tasks to queue
[2024-03-29T01:53:10.012+0000] {logging_mixin.py:151} INFO - [2024-03-29T01:53:10.011+0000] {dagbag.py:539} INFO - Filling up the DagBag from /home/airflow/.local/lib/python3.8/site-packages/airflow/example_dags/example_short_circuit_operator.py
[2024-03-29T01:53:10.021+0000] {processor.py:839} INFO - DAG(s) dict_keys(['example_short_circuit_operator']) retrieved from /home/airflow/.local/lib/python3.8/site-packages/airflow/example_dags/example_short_circuit_operator.py
[2024-03-29T01:53:10.049+0000] {logging_mixin.py:151} INFO - [2024-03-29T01:53:10.048+0000] {dag.py:2915} INFO - Sync 1 DAGs
[2024-03-29T01:53:10.071+0000] {logging_mixin.py:151} INFO - [2024-03-29T01:53:10.071+0000] {dag.py:3696} INFO - Setting next_dagrun for example_short_circuit_operator to 2024-03-28T01:53:10.071418+00:00, run_after=2024-03-29T01:53:10.071418+00:00
[2024-03-29T01:53:10.103+0000] {processor.py:179} INFO - Processing /home/airflow/.local/lib/python3.8/site-packages/airflow/example_dags/example_short_circuit_operator.py took 0.099 seconds
[2024-03-29T01:53:40.892+0000] {processor.py:157} INFO - Started process (PID=402) to work on /home/airflow/.local/lib/python3.8/site-packages/airflow/example_dags/example_short_circuit_operator.py
[2024-03-29T01:53:40.894+0000] {processor.py:829} INFO - Processing file /home/airflow/.local/lib/python3.8/site-packages/airflow/example_dags/example_short_circuit_operator.py for tasks to queue
[2024-03-29T01:53:40.896+0000] {logging_mixin.py:151} INFO - [2024-03-29T01:53:40.896+0000] {dagbag.py:539} INFO - Filling up the DagBag from /home/airflow/.local/lib/python3.8/site-packages/airflow/example_dags/example_short_circuit_operator.py
[2024-03-29T01:53:40.913+0000] {processor.py:839} INFO - DAG(s) dict_keys(['example_short_circuit_operator']) retrieved from /home/airflow/.local/lib/python3.8/site-packages/airflow/example_dags/example_short_circuit_operator.py
[2024-03-29T01:53:40.945+0000] {logging_mixin.py:151} INFO - [2024-03-29T01:53:40.945+0000] {dag.py:2915} INFO - Sync 1 DAGs
[2024-03-29T01:53:40.983+0000] {logging_mixin.py:151} INFO - [2024-03-29T01:53:40.982+0000] {dag.py:3696} INFO - Setting next_dagrun for example_short_circuit_operator to 2024-03-28T01:53:40.979159+00:00, run_after=2024-03-29T01:53:40.979159+00:00
[2024-03-29T01:53:41.058+0000] {processor.py:179} INFO - Processing /home/airflow/.local/lib/python3.8/site-packages/airflow/example_dags/example_short_circuit_operator.py took 0.188 seconds
[2024-03-29T01:54:11.403+0000] {processor.py:157} INFO - Started process (PID=461) to work on /home/airflow/.local/lib/python3.8/site-packages/airflow/example_dags/example_short_circuit_operator.py
[2024-03-29T01:54:11.404+0000] {processor.py:829} INFO - Processing file /home/airflow/.local/lib/python3.8/site-packages/airflow/example_dags/example_short_circuit_operator.py for tasks to queue
[2024-03-29T01:54:11.407+0000] {logging_mixin.py:151} INFO - [2024-03-29T01:54:11.406+0000] {dagbag.py:539} INFO - Filling up the DagBag from /home/airflow/.local/lib/python3.8/site-packages/airflow/example_dags/example_short_circuit_operator.py
[2024-03-29T01:54:11.415+0000] {processor.py:839} INFO - DAG(s) dict_keys(['example_short_circuit_operator']) retrieved from /home/airflow/.local/lib/python3.8/site-packages/airflow/example_dags/example_short_circuit_operator.py
[2024-03-29T01:54:11.440+0000] {logging_mixin.py:151} INFO - [2024-03-29T01:54:11.440+0000] {dag.py:2915} INFO - Sync 1 DAGs
[2024-03-29T01:54:11.466+0000] {logging_mixin.py:151} INFO - [2024-03-29T01:54:11.466+0000] {dag.py:3696} INFO - Setting next_dagrun for example_short_circuit_operator to 2024-03-28T01:54:11.465919+00:00, run_after=2024-03-29T01:54:11.465919+00:00
[2024-03-29T01:54:11.490+0000] {processor.py:179} INFO - Processing /home/airflow/.local/lib/python3.8/site-packages/airflow/example_dags/example_short_circuit_operator.py took 0.091 seconds
[2024-03-29T01:54:41.972+0000] {processor.py:157} INFO - Started process (PID=515) to work on /home/airflow/.local/lib/python3.8/site-packages/airflow/example_dags/example_short_circuit_operator.py
[2024-03-29T01:54:41.974+0000] {processor.py:829} INFO - Processing file /home/airflow/.local/lib/python3.8/site-packages/airflow/example_dags/example_short_circuit_operator.py for tasks to queue
[2024-03-29T01:54:41.976+0000] {logging_mixin.py:151} INFO - [2024-03-29T01:54:41.976+0000] {dagbag.py:539} INFO - Filling up the DagBag from /home/airflow/.local/lib/python3.8/site-packages/airflow/example_dags/example_short_circuit_operator.py
[2024-03-29T01:54:41.985+0000] {processor.py:839} INFO - DAG(s) dict_keys(['example_short_circuit_operator']) retrieved from /home/airflow/.local/lib/python3.8/site-packages/airflow/example_dags/example_short_circuit_operator.py
[2024-03-29T01:54:42.015+0000] {logging_mixin.py:151} INFO - [2024-03-29T01:54:42.015+0000] {dag.py:2915} INFO - Sync 1 DAGs
[2024-03-29T01:54:42.045+0000] {logging_mixin.py:151} INFO - [2024-03-29T01:54:42.045+0000] {dag.py:3696} INFO - Setting next_dagrun for example_short_circuit_operator to 2024-03-28T01:54:42.045363+00:00, run_after=2024-03-29T01:54:42.045363+00:00
[2024-03-29T01:54:42.069+0000] {processor.py:179} INFO - Processing /home/airflow/.local/lib/python3.8/site-packages/airflow/example_dags/example_short_circuit_operator.py took 0.100 seconds
