[2024-03-29T01:50:35.108+0000] {processor.py:157} INFO - Started process (PID=68) to work on /home/airflow/.local/lib/python3.8/site-packages/airflow/example_dags/example_branch_python_dop_operator_3.py
[2024-03-29T01:50:35.114+0000] {processor.py:829} INFO - Processing file /home/airflow/.local/lib/python3.8/site-packages/airflow/example_dags/example_branch_python_dop_operator_3.py for tasks to queue
[2024-03-29T01:50:35.130+0000] {logging_mixin.py:151} INFO - [2024-03-29T01:50:35.129+0000] {dagbag.py:539} INFO - Filling up the DagBag from /home/airflow/.local/lib/python3.8/site-packages/airflow/example_dags/example_branch_python_dop_operator_3.py
[2024-03-29T01:50:35.172+0000] {processor.py:839} INFO - DAG(s) dict_keys(['example_branch_dop_operator_v3']) retrieved from /home/airflow/.local/lib/python3.8/site-packages/airflow/example_dags/example_branch_python_dop_operator_3.py
[2024-03-29T01:50:35.357+0000] {logging_mixin.py:151} INFO - [2024-03-29T01:50:35.356+0000] {dag.py:2915} INFO - Sync 1 DAGs
[2024-03-29T01:50:35.472+0000] {logging_mixin.py:151} INFO - [2024-03-29T01:50:35.472+0000] {dag.py:3696} INFO - Setting next_dagrun for example_branch_dop_operator_v3 to 2024-03-29T01:49:00+00:00, run_after=2024-03-29T01:50:00+00:00
[2024-03-29T01:50:35.536+0000] {processor.py:179} INFO - Processing /home/airflow/.local/lib/python3.8/site-packages/airflow/example_dags/example_branch_python_dop_operator_3.py took 0.475 seconds
[2024-03-29T01:51:05.822+0000] {processor.py:157} INFO - Started process (PID=114) to work on /home/airflow/.local/lib/python3.8/site-packages/airflow/example_dags/example_branch_python_dop_operator_3.py
[2024-03-29T01:51:05.826+0000] {processor.py:829} INFO - Processing file /home/airflow/.local/lib/python3.8/site-packages/airflow/example_dags/example_branch_python_dop_operator_3.py for tasks to queue
[2024-03-29T01:51:05.831+0000] {logging_mixin.py:151} INFO - [2024-03-29T01:51:05.830+0000] {dagbag.py:539} INFO - Filling up the DagBag from /home/airflow/.local/lib/python3.8/site-packages/airflow/example_dags/example_branch_python_dop_operator_3.py
[2024-03-29T01:51:05.839+0000] {processor.py:839} INFO - DAG(s) dict_keys(['example_branch_dop_operator_v3']) retrieved from /home/airflow/.local/lib/python3.8/site-packages/airflow/example_dags/example_branch_python_dop_operator_3.py
[2024-03-29T01:51:05.861+0000] {logging_mixin.py:151} INFO - [2024-03-29T01:51:05.861+0000] {dag.py:2915} INFO - Sync 1 DAGs
[2024-03-29T01:51:05.890+0000] {logging_mixin.py:151} INFO - [2024-03-29T01:51:05.889+0000] {dag.py:3696} INFO - Setting next_dagrun for example_branch_dop_operator_v3 to 2024-03-29T01:50:00+00:00, run_after=2024-03-29T01:51:00+00:00
[2024-03-29T01:51:05.916+0000] {processor.py:179} INFO - Processing /home/airflow/.local/lib/python3.8/site-packages/airflow/example_dags/example_branch_python_dop_operator_3.py took 0.098 seconds
[2024-03-29T01:51:35.982+0000] {processor.py:157} INFO - Started process (PID=168) to work on /home/airflow/.local/lib/python3.8/site-packages/airflow/example_dags/example_branch_python_dop_operator_3.py
[2024-03-29T01:51:35.983+0000] {processor.py:829} INFO - Processing file /home/airflow/.local/lib/python3.8/site-packages/airflow/example_dags/example_branch_python_dop_operator_3.py for tasks to queue
[2024-03-29T01:51:35.986+0000] {logging_mixin.py:151} INFO - [2024-03-29T01:51:35.986+0000] {dagbag.py:539} INFO - Filling up the DagBag from /home/airflow/.local/lib/python3.8/site-packages/airflow/example_dags/example_branch_python_dop_operator_3.py
[2024-03-29T01:51:35.995+0000] {processor.py:839} INFO - DAG(s) dict_keys(['example_branch_dop_operator_v3']) retrieved from /home/airflow/.local/lib/python3.8/site-packages/airflow/example_dags/example_branch_python_dop_operator_3.py
[2024-03-29T01:51:36.008+0000] {logging_mixin.py:151} INFO - [2024-03-29T01:51:36.008+0000] {dag.py:2915} INFO - Sync 1 DAGs
[2024-03-29T01:51:36.036+0000] {logging_mixin.py:151} INFO - [2024-03-29T01:51:36.036+0000] {dag.py:3696} INFO - Setting next_dagrun for example_branch_dop_operator_v3 to 2024-03-29T01:50:00+00:00, run_after=2024-03-29T01:51:00+00:00
[2024-03-29T01:51:36.058+0000] {processor.py:179} INFO - Processing /home/airflow/.local/lib/python3.8/site-packages/airflow/example_dags/example_branch_python_dop_operator_3.py took 0.079 seconds
[2024-03-29T01:52:06.143+0000] {processor.py:157} INFO - Started process (PID=222) to work on /home/airflow/.local/lib/python3.8/site-packages/airflow/example_dags/example_branch_python_dop_operator_3.py
[2024-03-29T01:52:06.145+0000] {processor.py:829} INFO - Processing file /home/airflow/.local/lib/python3.8/site-packages/airflow/example_dags/example_branch_python_dop_operator_3.py for tasks to queue
[2024-03-29T01:52:06.148+0000] {logging_mixin.py:151} INFO - [2024-03-29T01:52:06.148+0000] {dagbag.py:539} INFO - Filling up the DagBag from /home/airflow/.local/lib/python3.8/site-packages/airflow/example_dags/example_branch_python_dop_operator_3.py
[2024-03-29T01:52:06.157+0000] {processor.py:839} INFO - DAG(s) dict_keys(['example_branch_dop_operator_v3']) retrieved from /home/airflow/.local/lib/python3.8/site-packages/airflow/example_dags/example_branch_python_dop_operator_3.py
[2024-03-29T01:52:06.196+0000] {logging_mixin.py:151} INFO - [2024-03-29T01:52:06.195+0000] {dag.py:2915} INFO - Sync 1 DAGs
[2024-03-29T01:52:06.227+0000] {logging_mixin.py:151} INFO - [2024-03-29T01:52:06.226+0000] {dag.py:3696} INFO - Setting next_dagrun for example_branch_dop_operator_v3 to 2024-03-29T01:51:00+00:00, run_after=2024-03-29T01:52:00+00:00
[2024-03-29T01:52:06.254+0000] {processor.py:179} INFO - Processing /home/airflow/.local/lib/python3.8/site-packages/airflow/example_dags/example_branch_python_dop_operator_3.py took 0.115 seconds
[2024-03-29T01:52:36.376+0000] {processor.py:157} INFO - Started process (PID=276) to work on /home/airflow/.local/lib/python3.8/site-packages/airflow/example_dags/example_branch_python_dop_operator_3.py
[2024-03-29T01:52:36.378+0000] {processor.py:829} INFO - Processing file /home/airflow/.local/lib/python3.8/site-packages/airflow/example_dags/example_branch_python_dop_operator_3.py for tasks to queue
[2024-03-29T01:52:36.380+0000] {logging_mixin.py:151} INFO - [2024-03-29T01:52:36.380+0000] {dagbag.py:539} INFO - Filling up the DagBag from /home/airflow/.local/lib/python3.8/site-packages/airflow/example_dags/example_branch_python_dop_operator_3.py
[2024-03-29T01:52:36.389+0000] {processor.py:839} INFO - DAG(s) dict_keys(['example_branch_dop_operator_v3']) retrieved from /home/airflow/.local/lib/python3.8/site-packages/airflow/example_dags/example_branch_python_dop_operator_3.py
[2024-03-29T01:52:36.410+0000] {logging_mixin.py:151} INFO - [2024-03-29T01:52:36.409+0000] {dag.py:2915} INFO - Sync 1 DAGs
[2024-03-29T01:52:36.435+0000] {logging_mixin.py:151} INFO - [2024-03-29T01:52:36.434+0000] {dag.py:3696} INFO - Setting next_dagrun for example_branch_dop_operator_v3 to 2024-03-29T01:51:00+00:00, run_after=2024-03-29T01:52:00+00:00
[2024-03-29T01:52:36.458+0000] {processor.py:179} INFO - Processing /home/airflow/.local/lib/python3.8/site-packages/airflow/example_dags/example_branch_python_dop_operator_3.py took 0.085 seconds
[2024-03-29T01:53:06.797+0000] {processor.py:157} INFO - Started process (PID=330) to work on /home/airflow/.local/lib/python3.8/site-packages/airflow/example_dags/example_branch_python_dop_operator_3.py
[2024-03-29T01:53:06.800+0000] {processor.py:829} INFO - Processing file /home/airflow/.local/lib/python3.8/site-packages/airflow/example_dags/example_branch_python_dop_operator_3.py for tasks to queue
[2024-03-29T01:53:06.805+0000] {logging_mixin.py:151} INFO - [2024-03-29T01:53:06.804+0000] {dagbag.py:539} INFO - Filling up the DagBag from /home/airflow/.local/lib/python3.8/site-packages/airflow/example_dags/example_branch_python_dop_operator_3.py
[2024-03-29T01:53:06.816+0000] {processor.py:839} INFO - DAG(s) dict_keys(['example_branch_dop_operator_v3']) retrieved from /home/airflow/.local/lib/python3.8/site-packages/airflow/example_dags/example_branch_python_dop_operator_3.py
[2024-03-29T01:53:06.837+0000] {logging_mixin.py:151} INFO - [2024-03-29T01:53:06.837+0000] {dag.py:2915} INFO - Sync 1 DAGs
[2024-03-29T01:53:06.869+0000] {logging_mixin.py:151} INFO - [2024-03-29T01:53:06.868+0000] {dag.py:3696} INFO - Setting next_dagrun for example_branch_dop_operator_v3 to 2024-03-29T01:52:00+00:00, run_after=2024-03-29T01:53:00+00:00
[2024-03-29T01:53:06.889+0000] {processor.py:179} INFO - Processing /home/airflow/.local/lib/python3.8/site-packages/airflow/example_dags/example_branch_python_dop_operator_3.py took 0.103 seconds
[2024-03-29T01:53:37.047+0000] {processor.py:157} INFO - Started process (PID=384) to work on /home/airflow/.local/lib/python3.8/site-packages/airflow/example_dags/example_branch_python_dop_operator_3.py
[2024-03-29T01:53:37.049+0000] {processor.py:829} INFO - Processing file /home/airflow/.local/lib/python3.8/site-packages/airflow/example_dags/example_branch_python_dop_operator_3.py for tasks to queue
[2024-03-29T01:53:37.052+0000] {logging_mixin.py:151} INFO - [2024-03-29T01:53:37.051+0000] {dagbag.py:539} INFO - Filling up the DagBag from /home/airflow/.local/lib/python3.8/site-packages/airflow/example_dags/example_branch_python_dop_operator_3.py
[2024-03-29T01:53:37.061+0000] {processor.py:839} INFO - DAG(s) dict_keys(['example_branch_dop_operator_v3']) retrieved from /home/airflow/.local/lib/python3.8/site-packages/airflow/example_dags/example_branch_python_dop_operator_3.py
[2024-03-29T01:53:37.086+0000] {logging_mixin.py:151} INFO - [2024-03-29T01:53:37.085+0000] {dag.py:2915} INFO - Sync 1 DAGs
[2024-03-29T01:53:37.116+0000] {logging_mixin.py:151} INFO - [2024-03-29T01:53:37.115+0000] {dag.py:3696} INFO - Setting next_dagrun for example_branch_dop_operator_v3 to 2024-03-29T01:52:00+00:00, run_after=2024-03-29T01:53:00+00:00
[2024-03-29T01:53:37.138+0000] {processor.py:179} INFO - Processing /home/airflow/.local/lib/python3.8/site-packages/airflow/example_dags/example_branch_python_dop_operator_3.py took 0.094 seconds
[2024-03-29T01:54:07.592+0000] {processor.py:157} INFO - Started process (PID=443) to work on /home/airflow/.local/lib/python3.8/site-packages/airflow/example_dags/example_branch_python_dop_operator_3.py
[2024-03-29T01:54:07.594+0000] {processor.py:829} INFO - Processing file /home/airflow/.local/lib/python3.8/site-packages/airflow/example_dags/example_branch_python_dop_operator_3.py for tasks to queue
[2024-03-29T01:54:07.598+0000] {logging_mixin.py:151} INFO - [2024-03-29T01:54:07.597+0000] {dagbag.py:539} INFO - Filling up the DagBag from /home/airflow/.local/lib/python3.8/site-packages/airflow/example_dags/example_branch_python_dop_operator_3.py
[2024-03-29T01:54:07.610+0000] {processor.py:839} INFO - DAG(s) dict_keys(['example_branch_dop_operator_v3']) retrieved from /home/airflow/.local/lib/python3.8/site-packages/airflow/example_dags/example_branch_python_dop_operator_3.py
[2024-03-29T01:54:07.634+0000] {logging_mixin.py:151} INFO - [2024-03-29T01:54:07.634+0000] {dag.py:2915} INFO - Sync 1 DAGs
[2024-03-29T01:54:07.664+0000] {logging_mixin.py:151} INFO - [2024-03-29T01:54:07.664+0000] {dag.py:3696} INFO - Setting next_dagrun for example_branch_dop_operator_v3 to 2024-03-29T01:53:00+00:00, run_after=2024-03-29T01:54:00+00:00
[2024-03-29T01:54:07.688+0000] {processor.py:179} INFO - Processing /home/airflow/.local/lib/python3.8/site-packages/airflow/example_dags/example_branch_python_dop_operator_3.py took 0.100 seconds
[2024-03-29T01:54:37.817+0000] {processor.py:157} INFO - Started process (PID=504) to work on /home/airflow/.local/lib/python3.8/site-packages/airflow/example_dags/example_branch_python_dop_operator_3.py
[2024-03-29T01:54:37.819+0000] {processor.py:829} INFO - Processing file /home/airflow/.local/lib/python3.8/site-packages/airflow/example_dags/example_branch_python_dop_operator_3.py for tasks to queue
[2024-03-29T01:54:37.822+0000] {logging_mixin.py:151} INFO - [2024-03-29T01:54:37.822+0000] {dagbag.py:539} INFO - Filling up the DagBag from /home/airflow/.local/lib/python3.8/site-packages/airflow/example_dags/example_branch_python_dop_operator_3.py
[2024-03-29T01:54:37.834+0000] {processor.py:839} INFO - DAG(s) dict_keys(['example_branch_dop_operator_v3']) retrieved from /home/airflow/.local/lib/python3.8/site-packages/airflow/example_dags/example_branch_python_dop_operator_3.py
[2024-03-29T01:54:37.859+0000] {logging_mixin.py:151} INFO - [2024-03-29T01:54:37.859+0000] {dag.py:2915} INFO - Sync 1 DAGs
[2024-03-29T01:54:37.888+0000] {logging_mixin.py:151} INFO - [2024-03-29T01:54:37.888+0000] {dag.py:3696} INFO - Setting next_dagrun for example_branch_dop_operator_v3 to 2024-03-29T01:53:00+00:00, run_after=2024-03-29T01:54:00+00:00
[2024-03-29T01:54:37.912+0000] {processor.py:179} INFO - Processing /home/airflow/.local/lib/python3.8/site-packages/airflow/example_dags/example_branch_python_dop_operator_3.py took 0.099 seconds
