[2024-03-29T01:50:28.667+0000] {processor.py:157} INFO - Started process (PID=50) to work on /home/airflow/.local/lib/python3.8/site-packages/airflow/example_dags/example_subdag_operator.py
[2024-03-29T01:50:28.677+0000] {processor.py:829} INFO - Processing file /home/airflow/.local/lib/python3.8/site-packages/airflow/example_dags/example_subdag_operator.py for tasks to queue
[2024-03-29T01:50:28.717+0000] {logging_mixin.py:151} INFO - [2024-03-29T01:50:28.715+0000] {dagbag.py:539} INFO - Filling up the DagBag from /home/airflow/.local/lib/python3.8/site-packages/airflow/example_dags/example_subdag_operator.py
[2024-03-29T01:50:28.894+0000] {processor.py:839} INFO - DAG(s) dict_keys(['example_subdag_operator.section-1', 'example_subdag_operator.section-2', 'example_subdag_operator']) retrieved from /home/airflow/.local/lib/python3.8/site-packages/airflow/example_dags/example_subdag_operator.py
[2024-03-29T01:50:28.989+0000] {logging_mixin.py:151} INFO - [2024-03-29T01:50:28.988+0000] {dag.py:2915} INFO - Sync 3 DAGs
[2024-03-29T01:50:29.103+0000] {logging_mixin.py:151} INFO - [2024-03-29T01:50:29.102+0000] {dag.py:3696} INFO - Setting next_dagrun for example_subdag_operator to 2022-01-01T00:00:00+00:00, run_after=2022-01-01T00:00:00+00:00
[2024-03-29T01:50:29.115+0000] {logging_mixin.py:151} INFO - [2024-03-29T01:50:29.115+0000] {dag.py:3696} INFO - Setting next_dagrun for example_subdag_operator.section-1 to None, run_after=None
[2024-03-29T01:50:29.117+0000] {logging_mixin.py:151} INFO - [2024-03-29T01:50:29.117+0000] {dag.py:3696} INFO - Setting next_dagrun for example_subdag_operator.section-2 to None, run_after=None
[2024-03-29T01:50:29.140+0000] {logging_mixin.py:151} INFO - [2024-03-29T01:50:29.139+0000] {dag.py:2915} INFO - Sync 2 DAGs
[2024-03-29T01:50:29.149+0000] {logging_mixin.py:151} INFO - [2024-03-29T01:50:29.149+0000] {dag.py:3696} INFO - Setting next_dagrun for example_subdag_operator.section-1 to None, run_after=None
[2024-03-29T01:50:29.151+0000] {logging_mixin.py:151} INFO - [2024-03-29T01:50:29.150+0000] {dag.py:3696} INFO - Setting next_dagrun for example_subdag_operator.section-2 to None, run_after=None
[2024-03-29T01:50:29.233+0000] {processor.py:179} INFO - Processing /home/airflow/.local/lib/python3.8/site-packages/airflow/example_dags/example_subdag_operator.py took 0.595 seconds
[2024-03-29T01:51:00.099+0000] {processor.py:157} INFO - Started process (PID=104) to work on /home/airflow/.local/lib/python3.8/site-packages/airflow/example_dags/example_subdag_operator.py
[2024-03-29T01:51:00.100+0000] {processor.py:829} INFO - Processing file /home/airflow/.local/lib/python3.8/site-packages/airflow/example_dags/example_subdag_operator.py for tasks to queue
[2024-03-29T01:51:00.103+0000] {logging_mixin.py:151} INFO - [2024-03-29T01:51:00.102+0000] {dagbag.py:539} INFO - Filling up the DagBag from /home/airflow/.local/lib/python3.8/site-packages/airflow/example_dags/example_subdag_operator.py
[2024-03-29T01:51:00.132+0000] {processor.py:839} INFO - DAG(s) dict_keys(['example_subdag_operator.section-1', 'example_subdag_operator.section-2', 'example_subdag_operator']) retrieved from /home/airflow/.local/lib/python3.8/site-packages/airflow/example_dags/example_subdag_operator.py
[2024-03-29T01:51:00.150+0000] {logging_mixin.py:151} INFO - [2024-03-29T01:51:00.150+0000] {dag.py:2915} INFO - Sync 3 DAGs
[2024-03-29T01:51:00.172+0000] {logging_mixin.py:151} INFO - [2024-03-29T01:51:00.172+0000] {dag.py:3696} INFO - Setting next_dagrun for example_subdag_operator to 2022-01-01T00:00:00+00:00, run_after=2022-01-01T00:00:00+00:00
[2024-03-29T01:51:00.177+0000] {logging_mixin.py:151} INFO - [2024-03-29T01:51:00.177+0000] {dag.py:3696} INFO - Setting next_dagrun for example_subdag_operator.section-1 to None, run_after=None
[2024-03-29T01:51:00.180+0000] {logging_mixin.py:151} INFO - [2024-03-29T01:51:00.179+0000] {dag.py:3696} INFO - Setting next_dagrun for example_subdag_operator.section-2 to None, run_after=None
[2024-03-29T01:51:00.188+0000] {logging_mixin.py:151} INFO - [2024-03-29T01:51:00.188+0000] {dag.py:2915} INFO - Sync 2 DAGs
[2024-03-29T01:51:00.194+0000] {logging_mixin.py:151} INFO - [2024-03-29T01:51:00.194+0000] {dag.py:3696} INFO - Setting next_dagrun for example_subdag_operator.section-1 to None, run_after=None
[2024-03-29T01:51:00.195+0000] {logging_mixin.py:151} INFO - [2024-03-29T01:51:00.195+0000] {dag.py:3696} INFO - Setting next_dagrun for example_subdag_operator.section-2 to None, run_after=None
[2024-03-29T01:51:00.209+0000] {processor.py:179} INFO - Processing /home/airflow/.local/lib/python3.8/site-packages/airflow/example_dags/example_subdag_operator.py took 0.114 seconds
[2024-03-29T01:51:30.321+0000] {processor.py:157} INFO - Started process (PID=158) to work on /home/airflow/.local/lib/python3.8/site-packages/airflow/example_dags/example_subdag_operator.py
[2024-03-29T01:51:30.324+0000] {processor.py:829} INFO - Processing file /home/airflow/.local/lib/python3.8/site-packages/airflow/example_dags/example_subdag_operator.py for tasks to queue
[2024-03-29T01:51:30.326+0000] {logging_mixin.py:151} INFO - [2024-03-29T01:51:30.326+0000] {dagbag.py:539} INFO - Filling up the DagBag from /home/airflow/.local/lib/python3.8/site-packages/airflow/example_dags/example_subdag_operator.py
[2024-03-29T01:51:30.357+0000] {processor.py:839} INFO - DAG(s) dict_keys(['example_subdag_operator.section-1', 'example_subdag_operator.section-2', 'example_subdag_operator']) retrieved from /home/airflow/.local/lib/python3.8/site-packages/airflow/example_dags/example_subdag_operator.py
[2024-03-29T01:51:30.361+0000] {logging_mixin.py:151} INFO - [2024-03-29T01:51:30.361+0000] {dag.py:2915} INFO - Sync 3 DAGs
[2024-03-29T01:51:30.386+0000] {logging_mixin.py:151} INFO - [2024-03-29T01:51:30.386+0000] {dag.py:3696} INFO - Setting next_dagrun for example_subdag_operator to 2022-01-01T00:00:00+00:00, run_after=2022-01-01T00:00:00+00:00
[2024-03-29T01:51:30.390+0000] {logging_mixin.py:151} INFO - [2024-03-29T01:51:30.390+0000] {dag.py:3696} INFO - Setting next_dagrun for example_subdag_operator.section-1 to None, run_after=None
[2024-03-29T01:51:30.393+0000] {logging_mixin.py:151} INFO - [2024-03-29T01:51:30.392+0000] {dag.py:3696} INFO - Setting next_dagrun for example_subdag_operator.section-2 to None, run_after=None
[2024-03-29T01:51:30.402+0000] {logging_mixin.py:151} INFO - [2024-03-29T01:51:30.402+0000] {dag.py:2915} INFO - Sync 2 DAGs
[2024-03-29T01:51:30.410+0000] {logging_mixin.py:151} INFO - [2024-03-29T01:51:30.410+0000] {dag.py:3696} INFO - Setting next_dagrun for example_subdag_operator.section-1 to None, run_after=None
[2024-03-29T01:51:30.411+0000] {logging_mixin.py:151} INFO - [2024-03-29T01:51:30.411+0000] {dag.py:3696} INFO - Setting next_dagrun for example_subdag_operator.section-2 to None, run_after=None
[2024-03-29T01:51:30.430+0000] {processor.py:179} INFO - Processing /home/airflow/.local/lib/python3.8/site-packages/airflow/example_dags/example_subdag_operator.py took 0.112 seconds
[2024-03-29T01:52:00.527+0000] {processor.py:157} INFO - Started process (PID=213) to work on /home/airflow/.local/lib/python3.8/site-packages/airflow/example_dags/example_subdag_operator.py
[2024-03-29T01:52:00.529+0000] {processor.py:829} INFO - Processing file /home/airflow/.local/lib/python3.8/site-packages/airflow/example_dags/example_subdag_operator.py for tasks to queue
[2024-03-29T01:52:00.532+0000] {logging_mixin.py:151} INFO - [2024-03-29T01:52:00.532+0000] {dagbag.py:539} INFO - Filling up the DagBag from /home/airflow/.local/lib/python3.8/site-packages/airflow/example_dags/example_subdag_operator.py
[2024-03-29T01:52:00.558+0000] {processor.py:839} INFO - DAG(s) dict_keys(['example_subdag_operator.section-1', 'example_subdag_operator.section-2', 'example_subdag_operator']) retrieved from /home/airflow/.local/lib/python3.8/site-packages/airflow/example_dags/example_subdag_operator.py
[2024-03-29T01:52:00.574+0000] {logging_mixin.py:151} INFO - [2024-03-29T01:52:00.574+0000] {dag.py:2915} INFO - Sync 3 DAGs
[2024-03-29T01:52:00.597+0000] {logging_mixin.py:151} INFO - [2024-03-29T01:52:00.597+0000] {dag.py:3696} INFO - Setting next_dagrun for example_subdag_operator to 2022-01-01T00:00:00+00:00, run_after=2022-01-01T00:00:00+00:00
[2024-03-29T01:52:00.602+0000] {logging_mixin.py:151} INFO - [2024-03-29T01:52:00.602+0000] {dag.py:3696} INFO - Setting next_dagrun for example_subdag_operator.section-1 to None, run_after=None
[2024-03-29T01:52:00.604+0000] {logging_mixin.py:151} INFO - [2024-03-29T01:52:00.604+0000] {dag.py:3696} INFO - Setting next_dagrun for example_subdag_operator.section-2 to None, run_after=None
[2024-03-29T01:52:00.614+0000] {logging_mixin.py:151} INFO - [2024-03-29T01:52:00.613+0000] {dag.py:2915} INFO - Sync 2 DAGs
[2024-03-29T01:52:00.621+0000] {logging_mixin.py:151} INFO - [2024-03-29T01:52:00.621+0000] {dag.py:3696} INFO - Setting next_dagrun for example_subdag_operator.section-1 to None, run_after=None
[2024-03-29T01:52:00.622+0000] {logging_mixin.py:151} INFO - [2024-03-29T01:52:00.622+0000] {dag.py:3696} INFO - Setting next_dagrun for example_subdag_operator.section-2 to None, run_after=None
[2024-03-29T01:52:00.639+0000] {processor.py:179} INFO - Processing /home/airflow/.local/lib/python3.8/site-packages/airflow/example_dags/example_subdag_operator.py took 0.115 seconds
[2024-03-29T01:52:30.920+0000] {processor.py:157} INFO - Started process (PID=267) to work on /home/airflow/.local/lib/python3.8/site-packages/airflow/example_dags/example_subdag_operator.py
[2024-03-29T01:52:30.923+0000] {processor.py:829} INFO - Processing file /home/airflow/.local/lib/python3.8/site-packages/airflow/example_dags/example_subdag_operator.py for tasks to queue
[2024-03-29T01:52:30.925+0000] {logging_mixin.py:151} INFO - [2024-03-29T01:52:30.925+0000] {dagbag.py:539} INFO - Filling up the DagBag from /home/airflow/.local/lib/python3.8/site-packages/airflow/example_dags/example_subdag_operator.py
[2024-03-29T01:52:30.950+0000] {processor.py:839} INFO - DAG(s) dict_keys(['example_subdag_operator.section-1', 'example_subdag_operator.section-2', 'example_subdag_operator']) retrieved from /home/airflow/.local/lib/python3.8/site-packages/airflow/example_dags/example_subdag_operator.py
[2024-03-29T01:52:30.967+0000] {logging_mixin.py:151} INFO - [2024-03-29T01:52:30.967+0000] {dag.py:2915} INFO - Sync 3 DAGs
[2024-03-29T01:52:30.988+0000] {logging_mixin.py:151} INFO - [2024-03-29T01:52:30.988+0000] {dag.py:3696} INFO - Setting next_dagrun for example_subdag_operator to 2022-01-01T00:00:00+00:00, run_after=2022-01-01T00:00:00+00:00
[2024-03-29T01:52:30.993+0000] {logging_mixin.py:151} INFO - [2024-03-29T01:52:30.992+0000] {dag.py:3696} INFO - Setting next_dagrun for example_subdag_operator.section-1 to None, run_after=None
[2024-03-29T01:52:30.996+0000] {logging_mixin.py:151} INFO - [2024-03-29T01:52:30.995+0000] {dag.py:3696} INFO - Setting next_dagrun for example_subdag_operator.section-2 to None, run_after=None
[2024-03-29T01:52:31.003+0000] {logging_mixin.py:151} INFO - [2024-03-29T01:52:31.003+0000] {dag.py:2915} INFO - Sync 2 DAGs
[2024-03-29T01:52:31.010+0000] {logging_mixin.py:151} INFO - [2024-03-29T01:52:31.010+0000] {dag.py:3696} INFO - Setting next_dagrun for example_subdag_operator.section-1 to None, run_after=None
[2024-03-29T01:52:31.011+0000] {logging_mixin.py:151} INFO - [2024-03-29T01:52:31.011+0000] {dag.py:3696} INFO - Setting next_dagrun for example_subdag_operator.section-2 to None, run_after=None
[2024-03-29T01:52:31.029+0000] {processor.py:179} INFO - Processing /home/airflow/.local/lib/python3.8/site-packages/airflow/example_dags/example_subdag_operator.py took 0.112 seconds
[2024-03-29T01:53:01.298+0000] {processor.py:157} INFO - Started process (PID=321) to work on /home/airflow/.local/lib/python3.8/site-packages/airflow/example_dags/example_subdag_operator.py
[2024-03-29T01:53:01.300+0000] {processor.py:829} INFO - Processing file /home/airflow/.local/lib/python3.8/site-packages/airflow/example_dags/example_subdag_operator.py for tasks to queue
[2024-03-29T01:53:01.303+0000] {logging_mixin.py:151} INFO - [2024-03-29T01:53:01.303+0000] {dagbag.py:539} INFO - Filling up the DagBag from /home/airflow/.local/lib/python3.8/site-packages/airflow/example_dags/example_subdag_operator.py
[2024-03-29T01:53:01.329+0000] {processor.py:839} INFO - DAG(s) dict_keys(['example_subdag_operator.section-1', 'example_subdag_operator.section-2', 'example_subdag_operator']) retrieved from /home/airflow/.local/lib/python3.8/site-packages/airflow/example_dags/example_subdag_operator.py
[2024-03-29T01:53:01.347+0000] {logging_mixin.py:151} INFO - [2024-03-29T01:53:01.346+0000] {dag.py:2915} INFO - Sync 3 DAGs
[2024-03-29T01:53:01.371+0000] {logging_mixin.py:151} INFO - [2024-03-29T01:53:01.371+0000] {dag.py:3696} INFO - Setting next_dagrun for example_subdag_operator to 2022-01-01T00:00:00+00:00, run_after=2022-01-01T00:00:00+00:00
[2024-03-29T01:53:01.375+0000] {logging_mixin.py:151} INFO - [2024-03-29T01:53:01.375+0000] {dag.py:3696} INFO - Setting next_dagrun for example_subdag_operator.section-1 to None, run_after=None
[2024-03-29T01:53:01.377+0000] {logging_mixin.py:151} INFO - [2024-03-29T01:53:01.377+0000] {dag.py:3696} INFO - Setting next_dagrun for example_subdag_operator.section-2 to None, run_after=None
[2024-03-29T01:53:01.387+0000] {logging_mixin.py:151} INFO - [2024-03-29T01:53:01.386+0000] {dag.py:2915} INFO - Sync 2 DAGs
[2024-03-29T01:53:01.394+0000] {logging_mixin.py:151} INFO - [2024-03-29T01:53:01.394+0000] {dag.py:3696} INFO - Setting next_dagrun for example_subdag_operator.section-1 to None, run_after=None
[2024-03-29T01:53:01.395+0000] {logging_mixin.py:151} INFO - [2024-03-29T01:53:01.395+0000] {dag.py:3696} INFO - Setting next_dagrun for example_subdag_operator.section-2 to None, run_after=None
[2024-03-29T01:53:01.412+0000] {processor.py:179} INFO - Processing /home/airflow/.local/lib/python3.8/site-packages/airflow/example_dags/example_subdag_operator.py took 0.118 seconds
[2024-03-29T01:53:31.597+0000] {processor.py:157} INFO - Started process (PID=375) to work on /home/airflow/.local/lib/python3.8/site-packages/airflow/example_dags/example_subdag_operator.py
[2024-03-29T01:53:31.598+0000] {processor.py:829} INFO - Processing file /home/airflow/.local/lib/python3.8/site-packages/airflow/example_dags/example_subdag_operator.py for tasks to queue
[2024-03-29T01:53:31.601+0000] {logging_mixin.py:151} INFO - [2024-03-29T01:53:31.601+0000] {dagbag.py:539} INFO - Filling up the DagBag from /home/airflow/.local/lib/python3.8/site-packages/airflow/example_dags/example_subdag_operator.py
[2024-03-29T01:53:31.627+0000] {processor.py:839} INFO - DAG(s) dict_keys(['example_subdag_operator.section-1', 'example_subdag_operator.section-2', 'example_subdag_operator']) retrieved from /home/airflow/.local/lib/python3.8/site-packages/airflow/example_dags/example_subdag_operator.py
[2024-03-29T01:53:31.643+0000] {logging_mixin.py:151} INFO - [2024-03-29T01:53:31.643+0000] {dag.py:2915} INFO - Sync 3 DAGs
[2024-03-29T01:53:31.667+0000] {logging_mixin.py:151} INFO - [2024-03-29T01:53:31.666+0000] {dag.py:3696} INFO - Setting next_dagrun for example_subdag_operator to 2022-01-01T00:00:00+00:00, run_after=2022-01-01T00:00:00+00:00
[2024-03-29T01:53:31.671+0000] {logging_mixin.py:151} INFO - [2024-03-29T01:53:31.671+0000] {dag.py:3696} INFO - Setting next_dagrun for example_subdag_operator.section-1 to None, run_after=None
[2024-03-29T01:53:31.673+0000] {logging_mixin.py:151} INFO - [2024-03-29T01:53:31.673+0000] {dag.py:3696} INFO - Setting next_dagrun for example_subdag_operator.section-2 to None, run_after=None
[2024-03-29T01:53:31.683+0000] {logging_mixin.py:151} INFO - [2024-03-29T01:53:31.683+0000] {dag.py:2915} INFO - Sync 2 DAGs
[2024-03-29T01:53:31.691+0000] {logging_mixin.py:151} INFO - [2024-03-29T01:53:31.691+0000] {dag.py:3696} INFO - Setting next_dagrun for example_subdag_operator.section-1 to None, run_after=None
[2024-03-29T01:53:31.692+0000] {logging_mixin.py:151} INFO - [2024-03-29T01:53:31.692+0000] {dag.py:3696} INFO - Setting next_dagrun for example_subdag_operator.section-2 to None, run_after=None
[2024-03-29T01:53:31.708+0000] {processor.py:179} INFO - Processing /home/airflow/.local/lib/python3.8/site-packages/airflow/example_dags/example_subdag_operator.py took 0.115 seconds
[2024-03-29T01:54:02.077+0000] {processor.py:157} INFO - Started process (PID=434) to work on /home/airflow/.local/lib/python3.8/site-packages/airflow/example_dags/example_subdag_operator.py
[2024-03-29T01:54:02.079+0000] {processor.py:829} INFO - Processing file /home/airflow/.local/lib/python3.8/site-packages/airflow/example_dags/example_subdag_operator.py for tasks to queue
[2024-03-29T01:54:02.083+0000] {logging_mixin.py:151} INFO - [2024-03-29T01:54:02.082+0000] {dagbag.py:539} INFO - Filling up the DagBag from /home/airflow/.local/lib/python3.8/site-packages/airflow/example_dags/example_subdag_operator.py
[2024-03-29T01:54:02.111+0000] {processor.py:839} INFO - DAG(s) dict_keys(['example_subdag_operator.section-1', 'example_subdag_operator.section-2', 'example_subdag_operator']) retrieved from /home/airflow/.local/lib/python3.8/site-packages/airflow/example_dags/example_subdag_operator.py
[2024-03-29T01:54:02.137+0000] {logging_mixin.py:151} INFO - [2024-03-29T01:54:02.137+0000] {dag.py:2915} INFO - Sync 3 DAGs
[2024-03-29T01:54:02.167+0000] {logging_mixin.py:151} INFO - [2024-03-29T01:54:02.166+0000] {dag.py:3696} INFO - Setting next_dagrun for example_subdag_operator to 2022-01-01T00:00:00+00:00, run_after=2022-01-01T00:00:00+00:00
[2024-03-29T01:54:02.181+0000] {logging_mixin.py:151} INFO - [2024-03-29T01:54:02.180+0000] {dag.py:3696} INFO - Setting next_dagrun for example_subdag_operator.section-1 to None, run_after=None
[2024-03-29T01:54:02.185+0000] {logging_mixin.py:151} INFO - [2024-03-29T01:54:02.185+0000] {dag.py:3696} INFO - Setting next_dagrun for example_subdag_operator.section-2 to None, run_after=None
[2024-03-29T01:54:02.199+0000] {logging_mixin.py:151} INFO - [2024-03-29T01:54:02.199+0000] {dag.py:2915} INFO - Sync 2 DAGs
[2024-03-29T01:54:02.216+0000] {logging_mixin.py:151} INFO - [2024-03-29T01:54:02.214+0000] {dag.py:3696} INFO - Setting next_dagrun for example_subdag_operator.section-1 to None, run_after=None
[2024-03-29T01:54:02.217+0000] {logging_mixin.py:151} INFO - [2024-03-29T01:54:02.217+0000] {dag.py:3696} INFO - Setting next_dagrun for example_subdag_operator.section-2 to None, run_after=None
[2024-03-29T01:54:02.235+0000] {processor.py:179} INFO - Processing /home/airflow/.local/lib/python3.8/site-packages/airflow/example_dags/example_subdag_operator.py took 0.161 seconds
[2024-03-29T01:54:32.356+0000] {processor.py:157} INFO - Started process (PID=488) to work on /home/airflow/.local/lib/python3.8/site-packages/airflow/example_dags/example_subdag_operator.py
[2024-03-29T01:54:32.357+0000] {processor.py:829} INFO - Processing file /home/airflow/.local/lib/python3.8/site-packages/airflow/example_dags/example_subdag_operator.py for tasks to queue
[2024-03-29T01:54:32.360+0000] {logging_mixin.py:151} INFO - [2024-03-29T01:54:32.360+0000] {dagbag.py:539} INFO - Filling up the DagBag from /home/airflow/.local/lib/python3.8/site-packages/airflow/example_dags/example_subdag_operator.py
[2024-03-29T01:54:32.389+0000] {processor.py:839} INFO - DAG(s) dict_keys(['example_subdag_operator.section-1', 'example_subdag_operator.section-2', 'example_subdag_operator']) retrieved from /home/airflow/.local/lib/python3.8/site-packages/airflow/example_dags/example_subdag_operator.py
[2024-03-29T01:54:32.406+0000] {logging_mixin.py:151} INFO - [2024-03-29T01:54:32.405+0000] {dag.py:2915} INFO - Sync 3 DAGs
[2024-03-29T01:54:32.427+0000] {logging_mixin.py:151} INFO - [2024-03-29T01:54:32.427+0000] {dag.py:3696} INFO - Setting next_dagrun for example_subdag_operator to 2022-01-01T00:00:00+00:00, run_after=2022-01-01T00:00:00+00:00
[2024-03-29T01:54:32.432+0000] {logging_mixin.py:151} INFO - [2024-03-29T01:54:32.432+0000] {dag.py:3696} INFO - Setting next_dagrun for example_subdag_operator.section-1 to None, run_after=None
[2024-03-29T01:54:32.435+0000] {logging_mixin.py:151} INFO - [2024-03-29T01:54:32.435+0000] {dag.py:3696} INFO - Setting next_dagrun for example_subdag_operator.section-2 to None, run_after=None
[2024-03-29T01:54:32.443+0000] {logging_mixin.py:151} INFO - [2024-03-29T01:54:32.443+0000] {dag.py:2915} INFO - Sync 2 DAGs
[2024-03-29T01:54:32.452+0000] {logging_mixin.py:151} INFO - [2024-03-29T01:54:32.451+0000] {dag.py:3696} INFO - Setting next_dagrun for example_subdag_operator.section-1 to None, run_after=None
[2024-03-29T01:54:32.453+0000] {logging_mixin.py:151} INFO - [2024-03-29T01:54:32.453+0000] {dag.py:3696} INFO - Setting next_dagrun for example_subdag_operator.section-2 to None, run_after=None
[2024-03-29T01:54:32.471+0000] {processor.py:179} INFO - Processing /home/airflow/.local/lib/python3.8/site-packages/airflow/example_dags/example_subdag_operator.py took 0.118 seconds
