[2024-03-29T01:50:27.061+0000] {processor.py:157} INFO - Started process (PID=46) to work on /home/airflow/.local/lib/python3.8/site-packages/airflow/example_dags/example_params_ui_tutorial.py
[2024-03-29T01:50:27.063+0000] {processor.py:829} INFO - Processing file /home/airflow/.local/lib/python3.8/site-packages/airflow/example_dags/example_params_ui_tutorial.py for tasks to queue
[2024-03-29T01:50:27.065+0000] {logging_mixin.py:151} INFO - [2024-03-29T01:50:27.065+0000] {dagbag.py:539} INFO - Filling up the DagBag from /home/airflow/.local/lib/python3.8/site-packages/airflow/example_dags/example_params_ui_tutorial.py
[2024-03-29T01:50:27.405+0000] {processor.py:839} INFO - DAG(s) dict_keys(['example_params_ui_tutorial']) retrieved from /home/airflow/.local/lib/python3.8/site-packages/airflow/example_dags/example_params_ui_tutorial.py
[2024-03-29T01:50:27.735+0000] {logging_mixin.py:151} INFO - [2024-03-29T01:50:27.734+0000] {dag.py:2915} INFO - Sync 1 DAGs
[2024-03-29T01:50:27.772+0000] {logging_mixin.py:151} INFO - [2024-03-29T01:50:27.772+0000] {dag.py:3696} INFO - Setting next_dagrun for example_params_ui_tutorial to None, run_after=None
[2024-03-29T01:50:27.841+0000] {processor.py:179} INFO - Processing /home/airflow/.local/lib/python3.8/site-packages/airflow/example_dags/example_params_ui_tutorial.py took 0.784 seconds
[2024-03-29T01:50:57.979+0000] {processor.py:157} INFO - Started process (PID=100) to work on /home/airflow/.local/lib/python3.8/site-packages/airflow/example_dags/example_params_ui_tutorial.py
[2024-03-29T01:50:57.981+0000] {processor.py:829} INFO - Processing file /home/airflow/.local/lib/python3.8/site-packages/airflow/example_dags/example_params_ui_tutorial.py for tasks to queue
[2024-03-29T01:50:57.983+0000] {logging_mixin.py:151} INFO - [2024-03-29T01:50:57.983+0000] {dagbag.py:539} INFO - Filling up the DagBag from /home/airflow/.local/lib/python3.8/site-packages/airflow/example_dags/example_params_ui_tutorial.py
[2024-03-29T01:50:58.026+0000] {processor.py:839} INFO - DAG(s) dict_keys(['example_params_ui_tutorial']) retrieved from /home/airflow/.local/lib/python3.8/site-packages/airflow/example_dags/example_params_ui_tutorial.py
[2024-03-29T01:50:58.100+0000] {logging_mixin.py:151} INFO - [2024-03-29T01:50:58.099+0000] {dag.py:2915} INFO - Sync 1 DAGs
[2024-03-29T01:50:58.114+0000] {logging_mixin.py:151} INFO - [2024-03-29T01:50:58.113+0000] {dag.py:3696} INFO - Setting next_dagrun for example_params_ui_tutorial to None, run_after=None
[2024-03-29T01:50:58.138+0000] {processor.py:179} INFO - Processing /home/airflow/.local/lib/python3.8/site-packages/airflow/example_dags/example_params_ui_tutorial.py took 0.163 seconds
[2024-03-29T01:51:29.070+0000] {processor.py:157} INFO - Started process (PID=154) to work on /home/airflow/.local/lib/python3.8/site-packages/airflow/example_dags/example_params_ui_tutorial.py
[2024-03-29T01:51:29.072+0000] {processor.py:829} INFO - Processing file /home/airflow/.local/lib/python3.8/site-packages/airflow/example_dags/example_params_ui_tutorial.py for tasks to queue
[2024-03-29T01:51:29.075+0000] {logging_mixin.py:151} INFO - [2024-03-29T01:51:29.075+0000] {dagbag.py:539} INFO - Filling up the DagBag from /home/airflow/.local/lib/python3.8/site-packages/airflow/example_dags/example_params_ui_tutorial.py
[2024-03-29T01:51:29.112+0000] {processor.py:839} INFO - DAG(s) dict_keys(['example_params_ui_tutorial']) retrieved from /home/airflow/.local/lib/python3.8/site-packages/airflow/example_dags/example_params_ui_tutorial.py
[2024-03-29T01:51:29.128+0000] {logging_mixin.py:151} INFO - [2024-03-29T01:51:29.128+0000] {dag.py:2915} INFO - Sync 1 DAGs
[2024-03-29T01:51:29.144+0000] {logging_mixin.py:151} INFO - [2024-03-29T01:51:29.143+0000] {dag.py:3696} INFO - Setting next_dagrun for example_params_ui_tutorial to None, run_after=None
[2024-03-29T01:51:29.168+0000] {processor.py:179} INFO - Processing /home/airflow/.local/lib/python3.8/site-packages/airflow/example_dags/example_params_ui_tutorial.py took 0.102 seconds
[2024-03-29T01:51:59.224+0000] {processor.py:157} INFO - Started process (PID=209) to work on /home/airflow/.local/lib/python3.8/site-packages/airflow/example_dags/example_params_ui_tutorial.py
[2024-03-29T01:51:59.226+0000] {processor.py:829} INFO - Processing file /home/airflow/.local/lib/python3.8/site-packages/airflow/example_dags/example_params_ui_tutorial.py for tasks to queue
[2024-03-29T01:51:59.229+0000] {logging_mixin.py:151} INFO - [2024-03-29T01:51:59.228+0000] {dagbag.py:539} INFO - Filling up the DagBag from /home/airflow/.local/lib/python3.8/site-packages/airflow/example_dags/example_params_ui_tutorial.py
[2024-03-29T01:51:59.260+0000] {processor.py:839} INFO - DAG(s) dict_keys(['example_params_ui_tutorial']) retrieved from /home/airflow/.local/lib/python3.8/site-packages/airflow/example_dags/example_params_ui_tutorial.py
[2024-03-29T01:51:59.312+0000] {logging_mixin.py:151} INFO - [2024-03-29T01:51:59.311+0000] {dag.py:2915} INFO - Sync 1 DAGs
[2024-03-29T01:51:59.325+0000] {logging_mixin.py:151} INFO - [2024-03-29T01:51:59.324+0000] {dag.py:3696} INFO - Setting next_dagrun for example_params_ui_tutorial to None, run_after=None
[2024-03-29T01:51:59.348+0000] {processor.py:179} INFO - Processing /home/airflow/.local/lib/python3.8/site-packages/airflow/example_dags/example_params_ui_tutorial.py took 0.127 seconds
[2024-03-29T01:52:29.684+0000] {processor.py:157} INFO - Started process (PID=263) to work on /home/airflow/.local/lib/python3.8/site-packages/airflow/example_dags/example_params_ui_tutorial.py
[2024-03-29T01:52:29.686+0000] {processor.py:829} INFO - Processing file /home/airflow/.local/lib/python3.8/site-packages/airflow/example_dags/example_params_ui_tutorial.py for tasks to queue
[2024-03-29T01:52:29.689+0000] {logging_mixin.py:151} INFO - [2024-03-29T01:52:29.688+0000] {dagbag.py:539} INFO - Filling up the DagBag from /home/airflow/.local/lib/python3.8/site-packages/airflow/example_dags/example_params_ui_tutorial.py
[2024-03-29T01:52:29.727+0000] {processor.py:839} INFO - DAG(s) dict_keys(['example_params_ui_tutorial']) retrieved from /home/airflow/.local/lib/python3.8/site-packages/airflow/example_dags/example_params_ui_tutorial.py
[2024-03-29T01:52:29.785+0000] {logging_mixin.py:151} INFO - [2024-03-29T01:52:29.785+0000] {dag.py:2915} INFO - Sync 1 DAGs
[2024-03-29T01:52:29.804+0000] {logging_mixin.py:151} INFO - [2024-03-29T01:52:29.803+0000] {dag.py:3696} INFO - Setting next_dagrun for example_params_ui_tutorial to None, run_after=None
[2024-03-29T01:52:29.828+0000] {processor.py:179} INFO - Processing /home/airflow/.local/lib/python3.8/site-packages/airflow/example_dags/example_params_ui_tutorial.py took 0.148 seconds
[2024-03-29T01:53:00.076+0000] {processor.py:157} INFO - Started process (PID=317) to work on /home/airflow/.local/lib/python3.8/site-packages/airflow/example_dags/example_params_ui_tutorial.py
[2024-03-29T01:53:00.077+0000] {processor.py:829} INFO - Processing file /home/airflow/.local/lib/python3.8/site-packages/airflow/example_dags/example_params_ui_tutorial.py for tasks to queue
[2024-03-29T01:53:00.080+0000] {logging_mixin.py:151} INFO - [2024-03-29T01:53:00.079+0000] {dagbag.py:539} INFO - Filling up the DagBag from /home/airflow/.local/lib/python3.8/site-packages/airflow/example_dags/example_params_ui_tutorial.py
[2024-03-29T01:53:00.132+0000] {processor.py:839} INFO - DAG(s) dict_keys(['example_params_ui_tutorial']) retrieved from /home/airflow/.local/lib/python3.8/site-packages/airflow/example_dags/example_params_ui_tutorial.py
[2024-03-29T01:53:00.188+0000] {logging_mixin.py:151} INFO - [2024-03-29T01:53:00.188+0000] {dag.py:2915} INFO - Sync 1 DAGs
[2024-03-29T01:53:00.202+0000] {logging_mixin.py:151} INFO - [2024-03-29T01:53:00.201+0000] {dag.py:3696} INFO - Setting next_dagrun for example_params_ui_tutorial to None, run_after=None
[2024-03-29T01:53:00.222+0000] {processor.py:179} INFO - Processing /home/airflow/.local/lib/python3.8/site-packages/airflow/example_dags/example_params_ui_tutorial.py took 0.149 seconds
[2024-03-29T01:53:30.384+0000] {processor.py:157} INFO - Started process (PID=371) to work on /home/airflow/.local/lib/python3.8/site-packages/airflow/example_dags/example_params_ui_tutorial.py
[2024-03-29T01:53:30.385+0000] {processor.py:829} INFO - Processing file /home/airflow/.local/lib/python3.8/site-packages/airflow/example_dags/example_params_ui_tutorial.py for tasks to queue
[2024-03-29T01:53:30.388+0000] {logging_mixin.py:151} INFO - [2024-03-29T01:53:30.388+0000] {dagbag.py:539} INFO - Filling up the DagBag from /home/airflow/.local/lib/python3.8/site-packages/airflow/example_dags/example_params_ui_tutorial.py
[2024-03-29T01:53:30.423+0000] {processor.py:839} INFO - DAG(s) dict_keys(['example_params_ui_tutorial']) retrieved from /home/airflow/.local/lib/python3.8/site-packages/airflow/example_dags/example_params_ui_tutorial.py
[2024-03-29T01:53:30.481+0000] {logging_mixin.py:151} INFO - [2024-03-29T01:53:30.481+0000] {dag.py:2915} INFO - Sync 1 DAGs
[2024-03-29T01:53:30.495+0000] {logging_mixin.py:151} INFO - [2024-03-29T01:53:30.495+0000] {dag.py:3696} INFO - Setting next_dagrun for example_params_ui_tutorial to None, run_after=None
[2024-03-29T01:53:30.518+0000] {processor.py:179} INFO - Processing /home/airflow/.local/lib/python3.8/site-packages/airflow/example_dags/example_params_ui_tutorial.py took 0.138 seconds
[2024-03-29T01:54:00.794+0000] {processor.py:157} INFO - Started process (PID=430) to work on /home/airflow/.local/lib/python3.8/site-packages/airflow/example_dags/example_params_ui_tutorial.py
[2024-03-29T01:54:00.799+0000] {processor.py:829} INFO - Processing file /home/airflow/.local/lib/python3.8/site-packages/airflow/example_dags/example_params_ui_tutorial.py for tasks to queue
[2024-03-29T01:54:00.808+0000] {logging_mixin.py:151} INFO - [2024-03-29T01:54:00.807+0000] {dagbag.py:539} INFO - Filling up the DagBag from /home/airflow/.local/lib/python3.8/site-packages/airflow/example_dags/example_params_ui_tutorial.py
[2024-03-29T01:54:00.882+0000] {processor.py:839} INFO - DAG(s) dict_keys(['example_params_ui_tutorial']) retrieved from /home/airflow/.local/lib/python3.8/site-packages/airflow/example_dags/example_params_ui_tutorial.py
[2024-03-29T01:54:00.981+0000] {logging_mixin.py:151} INFO - [2024-03-29T01:54:00.981+0000] {dag.py:2915} INFO - Sync 1 DAGs
[2024-03-29T01:54:00.998+0000] {logging_mixin.py:151} INFO - [2024-03-29T01:54:00.998+0000] {dag.py:3696} INFO - Setting next_dagrun for example_params_ui_tutorial to None, run_after=None
[2024-03-29T01:54:01.025+0000] {processor.py:179} INFO - Processing /home/airflow/.local/lib/python3.8/site-packages/airflow/example_dags/example_params_ui_tutorial.py took 0.241 seconds
[2024-03-29T01:54:31.181+0000] {processor.py:157} INFO - Started process (PID=485) to work on /home/airflow/.local/lib/python3.8/site-packages/airflow/example_dags/example_params_ui_tutorial.py
[2024-03-29T01:54:31.183+0000] {processor.py:829} INFO - Processing file /home/airflow/.local/lib/python3.8/site-packages/airflow/example_dags/example_params_ui_tutorial.py for tasks to queue
[2024-03-29T01:54:31.186+0000] {logging_mixin.py:151} INFO - [2024-03-29T01:54:31.185+0000] {dagbag.py:539} INFO - Filling up the DagBag from /home/airflow/.local/lib/python3.8/site-packages/airflow/example_dags/example_params_ui_tutorial.py
[2024-03-29T01:54:31.220+0000] {processor.py:839} INFO - DAG(s) dict_keys(['example_params_ui_tutorial']) retrieved from /home/airflow/.local/lib/python3.8/site-packages/airflow/example_dags/example_params_ui_tutorial.py
[2024-03-29T01:54:31.275+0000] {logging_mixin.py:151} INFO - [2024-03-29T01:54:31.274+0000] {dag.py:2915} INFO - Sync 1 DAGs
[2024-03-29T01:54:31.287+0000] {logging_mixin.py:151} INFO - [2024-03-29T01:54:31.287+0000] {dag.py:3696} INFO - Setting next_dagrun for example_params_ui_tutorial to None, run_after=None
[2024-03-29T01:54:31.310+0000] {processor.py:179} INFO - Processing /home/airflow/.local/lib/python3.8/site-packages/airflow/example_dags/example_params_ui_tutorial.py took 0.133 seconds
[2024-03-29T01:55:01.438+0000] {processor.py:157} INFO - Started process (PID=538) to work on /home/airflow/.local/lib/python3.8/site-packages/airflow/example_dags/example_params_ui_tutorial.py
[2024-03-29T01:55:01.440+0000] {processor.py:829} INFO - Processing file /home/airflow/.local/lib/python3.8/site-packages/airflow/example_dags/example_params_ui_tutorial.py for tasks to queue
[2024-03-29T01:55:01.468+0000] {logging_mixin.py:151} INFO - [2024-03-29T01:55:01.467+0000] {dagbag.py:539} INFO - Filling up the DagBag from /home/airflow/.local/lib/python3.8/site-packages/airflow/example_dags/example_params_ui_tutorial.py
[2024-03-29T01:55:01.543+0000] {processor.py:839} INFO - DAG(s) dict_keys(['example_params_ui_tutorial']) retrieved from /home/airflow/.local/lib/python3.8/site-packages/airflow/example_dags/example_params_ui_tutorial.py
[2024-03-29T01:55:01.660+0000] {logging_mixin.py:151} INFO - [2024-03-29T01:55:01.658+0000] {dag.py:2915} INFO - Sync 1 DAGs
[2024-03-29T01:55:01.728+0000] {logging_mixin.py:151} INFO - [2024-03-29T01:55:01.728+0000] {dag.py:3696} INFO - Setting next_dagrun for example_params_ui_tutorial to None, run_after=None
[2024-03-29T01:55:01.786+0000] {processor.py:179} INFO - Processing /home/airflow/.local/lib/python3.8/site-packages/airflow/example_dags/example_params_ui_tutorial.py took 0.368 seconds
