[2024-03-29T01:50:22.595+0000] {processor.py:157} INFO - Started process (PID=37) to work on /home/airflow/.local/lib/python3.8/site-packages/airflow/example_dags/tutorial_dag.py
[2024-03-29T01:50:22.612+0000] {processor.py:829} INFO - Processing file /home/airflow/.local/lib/python3.8/site-packages/airflow/example_dags/tutorial_dag.py for tasks to queue
[2024-03-29T01:50:22.646+0000] {logging_mixin.py:151} INFO - [2024-03-29T01:50:22.645+0000] {dagbag.py:539} INFO - Filling up the DagBag from /home/airflow/.local/lib/python3.8/site-packages/airflow/example_dags/tutorial_dag.py
[2024-03-29T01:50:22.920+0000] {processor.py:839} INFO - DAG(s) dict_keys(['tutorial_dag']) retrieved from /home/airflow/.local/lib/python3.8/site-packages/airflow/example_dags/tutorial_dag.py
[2024-03-29T01:50:24.519+0000] {logging_mixin.py:151} INFO - [2024-03-29T01:50:24.519+0000] {dag.py:2915} INFO - Sync 1 DAGs
[2024-03-29T01:50:24.581+0000] {logging_mixin.py:151} INFO - [2024-03-29T01:50:24.581+0000] {dag.py:3696} INFO - Setting next_dagrun for tutorial_dag to None, run_after=None
[2024-03-29T01:50:24.623+0000] {processor.py:179} INFO - Processing /home/airflow/.local/lib/python3.8/site-packages/airflow/example_dags/tutorial_dag.py took 2.072 seconds
[2024-03-29T01:50:55.242+0000] {processor.py:157} INFO - Started process (PID=91) to work on /home/airflow/.local/lib/python3.8/site-packages/airflow/example_dags/tutorial_dag.py
[2024-03-29T01:50:55.244+0000] {processor.py:829} INFO - Processing file /home/airflow/.local/lib/python3.8/site-packages/airflow/example_dags/tutorial_dag.py for tasks to queue
[2024-03-29T01:50:55.247+0000] {logging_mixin.py:151} INFO - [2024-03-29T01:50:55.247+0000] {dagbag.py:539} INFO - Filling up the DagBag from /home/airflow/.local/lib/python3.8/site-packages/airflow/example_dags/tutorial_dag.py
[2024-03-29T01:50:55.253+0000] {processor.py:839} INFO - DAG(s) dict_keys(['tutorial_dag']) retrieved from /home/airflow/.local/lib/python3.8/site-packages/airflow/example_dags/tutorial_dag.py
[2024-03-29T01:50:55.276+0000] {logging_mixin.py:151} INFO - [2024-03-29T01:50:55.276+0000] {dag.py:2915} INFO - Sync 1 DAGs
[2024-03-29T01:50:55.289+0000] {logging_mixin.py:151} INFO - [2024-03-29T01:50:55.289+0000] {dag.py:3696} INFO - Setting next_dagrun for tutorial_dag to None, run_after=None
[2024-03-29T01:50:55.312+0000] {processor.py:179} INFO - Processing /home/airflow/.local/lib/python3.8/site-packages/airflow/example_dags/tutorial_dag.py took 0.073 seconds
[2024-03-29T01:51:25.613+0000] {processor.py:157} INFO - Started process (PID=145) to work on /home/airflow/.local/lib/python3.8/site-packages/airflow/example_dags/tutorial_dag.py
[2024-03-29T01:51:25.615+0000] {processor.py:829} INFO - Processing file /home/airflow/.local/lib/python3.8/site-packages/airflow/example_dags/tutorial_dag.py for tasks to queue
[2024-03-29T01:51:25.618+0000] {logging_mixin.py:151} INFO - [2024-03-29T01:51:25.617+0000] {dagbag.py:539} INFO - Filling up the DagBag from /home/airflow/.local/lib/python3.8/site-packages/airflow/example_dags/tutorial_dag.py
[2024-03-29T01:51:25.625+0000] {processor.py:839} INFO - DAG(s) dict_keys(['tutorial_dag']) retrieved from /home/airflow/.local/lib/python3.8/site-packages/airflow/example_dags/tutorial_dag.py
[2024-03-29T01:51:25.642+0000] {logging_mixin.py:151} INFO - [2024-03-29T01:51:25.642+0000] {dag.py:2915} INFO - Sync 1 DAGs
[2024-03-29T01:51:25.658+0000] {logging_mixin.py:151} INFO - [2024-03-29T01:51:25.658+0000] {dag.py:3696} INFO - Setting next_dagrun for tutorial_dag to None, run_after=None
[2024-03-29T01:51:25.684+0000] {processor.py:179} INFO - Processing /home/airflow/.local/lib/python3.8/site-packages/airflow/example_dags/tutorial_dag.py took 0.074 seconds
[2024-03-29T01:51:55.813+0000] {processor.py:157} INFO - Started process (PID=200) to work on /home/airflow/.local/lib/python3.8/site-packages/airflow/example_dags/tutorial_dag.py
[2024-03-29T01:51:55.815+0000] {processor.py:829} INFO - Processing file /home/airflow/.local/lib/python3.8/site-packages/airflow/example_dags/tutorial_dag.py for tasks to queue
[2024-03-29T01:51:55.817+0000] {logging_mixin.py:151} INFO - [2024-03-29T01:51:55.817+0000] {dagbag.py:539} INFO - Filling up the DagBag from /home/airflow/.local/lib/python3.8/site-packages/airflow/example_dags/tutorial_dag.py
[2024-03-29T01:51:55.822+0000] {processor.py:839} INFO - DAG(s) dict_keys(['tutorial_dag']) retrieved from /home/airflow/.local/lib/python3.8/site-packages/airflow/example_dags/tutorial_dag.py
[2024-03-29T01:51:55.847+0000] {logging_mixin.py:151} INFO - [2024-03-29T01:51:55.847+0000] {dag.py:2915} INFO - Sync 1 DAGs
[2024-03-29T01:51:55.865+0000] {logging_mixin.py:151} INFO - [2024-03-29T01:51:55.865+0000] {dag.py:3696} INFO - Setting next_dagrun for tutorial_dag to None, run_after=None
[2024-03-29T01:51:55.895+0000] {processor.py:179} INFO - Processing /home/airflow/.local/lib/python3.8/site-packages/airflow/example_dags/tutorial_dag.py took 0.085 seconds
[2024-03-29T01:52:26.251+0000] {processor.py:157} INFO - Started process (PID=254) to work on /home/airflow/.local/lib/python3.8/site-packages/airflow/example_dags/tutorial_dag.py
[2024-03-29T01:52:26.253+0000] {processor.py:829} INFO - Processing file /home/airflow/.local/lib/python3.8/site-packages/airflow/example_dags/tutorial_dag.py for tasks to queue
[2024-03-29T01:52:26.255+0000] {logging_mixin.py:151} INFO - [2024-03-29T01:52:26.255+0000] {dagbag.py:539} INFO - Filling up the DagBag from /home/airflow/.local/lib/python3.8/site-packages/airflow/example_dags/tutorial_dag.py
[2024-03-29T01:52:26.260+0000] {processor.py:839} INFO - DAG(s) dict_keys(['tutorial_dag']) retrieved from /home/airflow/.local/lib/python3.8/site-packages/airflow/example_dags/tutorial_dag.py
[2024-03-29T01:52:26.287+0000] {logging_mixin.py:151} INFO - [2024-03-29T01:52:26.287+0000] {dag.py:2915} INFO - Sync 1 DAGs
[2024-03-29T01:52:26.305+0000] {logging_mixin.py:151} INFO - [2024-03-29T01:52:26.305+0000] {dag.py:3696} INFO - Setting next_dagrun for tutorial_dag to None, run_after=None
[2024-03-29T01:52:26.332+0000] {processor.py:179} INFO - Processing /home/airflow/.local/lib/python3.8/site-packages/airflow/example_dags/tutorial_dag.py took 0.085 seconds
[2024-03-29T01:52:56.672+0000] {processor.py:157} INFO - Started process (PID=308) to work on /home/airflow/.local/lib/python3.8/site-packages/airflow/example_dags/tutorial_dag.py
[2024-03-29T01:52:56.673+0000] {processor.py:829} INFO - Processing file /home/airflow/.local/lib/python3.8/site-packages/airflow/example_dags/tutorial_dag.py for tasks to queue
[2024-03-29T01:52:56.676+0000] {logging_mixin.py:151} INFO - [2024-03-29T01:52:56.676+0000] {dagbag.py:539} INFO - Filling up the DagBag from /home/airflow/.local/lib/python3.8/site-packages/airflow/example_dags/tutorial_dag.py
[2024-03-29T01:52:56.682+0000] {processor.py:839} INFO - DAG(s) dict_keys(['tutorial_dag']) retrieved from /home/airflow/.local/lib/python3.8/site-packages/airflow/example_dags/tutorial_dag.py
[2024-03-29T01:52:56.705+0000] {logging_mixin.py:151} INFO - [2024-03-29T01:52:56.704+0000] {dag.py:2915} INFO - Sync 1 DAGs
[2024-03-29T01:52:56.717+0000] {logging_mixin.py:151} INFO - [2024-03-29T01:52:56.717+0000] {dag.py:3696} INFO - Setting next_dagrun for tutorial_dag to None, run_after=None
[2024-03-29T01:52:56.740+0000] {processor.py:179} INFO - Processing /home/airflow/.local/lib/python3.8/site-packages/airflow/example_dags/tutorial_dag.py took 0.071 seconds
[2024-03-29T01:53:26.976+0000] {processor.py:157} INFO - Started process (PID=362) to work on /home/airflow/.local/lib/python3.8/site-packages/airflow/example_dags/tutorial_dag.py
[2024-03-29T01:53:26.977+0000] {processor.py:829} INFO - Processing file /home/airflow/.local/lib/python3.8/site-packages/airflow/example_dags/tutorial_dag.py for tasks to queue
[2024-03-29T01:53:26.980+0000] {logging_mixin.py:151} INFO - [2024-03-29T01:53:26.980+0000] {dagbag.py:539} INFO - Filling up the DagBag from /home/airflow/.local/lib/python3.8/site-packages/airflow/example_dags/tutorial_dag.py
[2024-03-29T01:53:26.986+0000] {processor.py:839} INFO - DAG(s) dict_keys(['tutorial_dag']) retrieved from /home/airflow/.local/lib/python3.8/site-packages/airflow/example_dags/tutorial_dag.py
[2024-03-29T01:53:27.008+0000] {logging_mixin.py:151} INFO - [2024-03-29T01:53:27.008+0000] {dag.py:2915} INFO - Sync 1 DAGs
[2024-03-29T01:53:27.020+0000] {logging_mixin.py:151} INFO - [2024-03-29T01:53:27.020+0000] {dag.py:3696} INFO - Setting next_dagrun for tutorial_dag to None, run_after=None
[2024-03-29T01:53:27.043+0000] {processor.py:179} INFO - Processing /home/airflow/.local/lib/python3.8/site-packages/airflow/example_dags/tutorial_dag.py took 0.070 seconds
[2024-03-29T01:53:57.305+0000] {processor.py:157} INFO - Started process (PID=421) to work on /home/airflow/.local/lib/python3.8/site-packages/airflow/example_dags/tutorial_dag.py
[2024-03-29T01:53:57.307+0000] {processor.py:829} INFO - Processing file /home/airflow/.local/lib/python3.8/site-packages/airflow/example_dags/tutorial_dag.py for tasks to queue
[2024-03-29T01:53:57.310+0000] {logging_mixin.py:151} INFO - [2024-03-29T01:53:57.309+0000] {dagbag.py:539} INFO - Filling up the DagBag from /home/airflow/.local/lib/python3.8/site-packages/airflow/example_dags/tutorial_dag.py
[2024-03-29T01:53:57.317+0000] {processor.py:839} INFO - DAG(s) dict_keys(['tutorial_dag']) retrieved from /home/airflow/.local/lib/python3.8/site-packages/airflow/example_dags/tutorial_dag.py
[2024-03-29T01:53:57.342+0000] {logging_mixin.py:151} INFO - [2024-03-29T01:53:57.341+0000] {dag.py:2915} INFO - Sync 1 DAGs
[2024-03-29T01:53:57.359+0000] {logging_mixin.py:151} INFO - [2024-03-29T01:53:57.358+0000] {dag.py:3696} INFO - Setting next_dagrun for tutorial_dag to None, run_after=None
[2024-03-29T01:53:57.385+0000] {processor.py:179} INFO - Processing /home/airflow/.local/lib/python3.8/site-packages/airflow/example_dags/tutorial_dag.py took 0.084 seconds
[2024-03-29T01:54:27.482+0000] {processor.py:157} INFO - Started process (PID=475) to work on /home/airflow/.local/lib/python3.8/site-packages/airflow/example_dags/tutorial_dag.py
[2024-03-29T01:54:27.483+0000] {processor.py:829} INFO - Processing file /home/airflow/.local/lib/python3.8/site-packages/airflow/example_dags/tutorial_dag.py for tasks to queue
[2024-03-29T01:54:27.486+0000] {logging_mixin.py:151} INFO - [2024-03-29T01:54:27.486+0000] {dagbag.py:539} INFO - Filling up the DagBag from /home/airflow/.local/lib/python3.8/site-packages/airflow/example_dags/tutorial_dag.py
[2024-03-29T01:54:27.493+0000] {processor.py:839} INFO - DAG(s) dict_keys(['tutorial_dag']) retrieved from /home/airflow/.local/lib/python3.8/site-packages/airflow/example_dags/tutorial_dag.py
[2024-03-29T01:54:27.525+0000] {logging_mixin.py:151} INFO - [2024-03-29T01:54:27.525+0000] {dag.py:2915} INFO - Sync 1 DAGs
[2024-03-29T01:54:27.547+0000] {logging_mixin.py:151} INFO - [2024-03-29T01:54:27.547+0000] {dag.py:3696} INFO - Setting next_dagrun for tutorial_dag to None, run_after=None
[2024-03-29T01:54:27.599+0000] {processor.py:179} INFO - Processing /home/airflow/.local/lib/python3.8/site-packages/airflow/example_dags/tutorial_dag.py took 0.122 seconds
[2024-03-29T01:54:57.869+0000] {processor.py:157} INFO - Started process (PID=529) to work on /home/airflow/.local/lib/python3.8/site-packages/airflow/example_dags/tutorial_dag.py
[2024-03-29T01:54:57.871+0000] {processor.py:829} INFO - Processing file /home/airflow/.local/lib/python3.8/site-packages/airflow/example_dags/tutorial_dag.py for tasks to queue
[2024-03-29T01:54:57.873+0000] {logging_mixin.py:151} INFO - [2024-03-29T01:54:57.873+0000] {dagbag.py:539} INFO - Filling up the DagBag from /home/airflow/.local/lib/python3.8/site-packages/airflow/example_dags/tutorial_dag.py
[2024-03-29T01:54:57.878+0000] {processor.py:839} INFO - DAG(s) dict_keys(['tutorial_dag']) retrieved from /home/airflow/.local/lib/python3.8/site-packages/airflow/example_dags/tutorial_dag.py
[2024-03-29T01:54:57.901+0000] {logging_mixin.py:151} INFO - [2024-03-29T01:54:57.901+0000] {dag.py:2915} INFO - Sync 1 DAGs
[2024-03-29T01:54:57.913+0000] {logging_mixin.py:151} INFO - [2024-03-29T01:54:57.912+0000] {dag.py:3696} INFO - Setting next_dagrun for tutorial_dag to None, run_after=None
[2024-03-29T01:54:57.937+0000] {processor.py:179} INFO - Processing /home/airflow/.local/lib/python3.8/site-packages/airflow/example_dags/tutorial_dag.py took 0.071 seconds
