[2024-03-29T02:03:37.932+0000] {logging_mixin.py:151} INFO - Changing /opt/***/logs/dag_id=download_rocket_launches/run_id=manual__2024-03-29T02:03:27.062809+00:00/task_id=get_pictures permission to 509
[2024-03-29T02:03:37.933+0000] {logging_mixin.py:151} INFO - Failed to change /opt/***/logs/dag_id=download_rocket_launches/run_id=manual__2024-03-29T02:03:27.062809+00:00/task_id=get_pictures permission to 509: [Errno 1] Operation not permitted: '/opt/***/logs/dag_id=download_rocket_launches/run_id=manual__2024-03-29T02:03:27.062809+00:00/task_id=get_pictures'
[2024-03-29T02:03:37.964+0000] {logging_mixin.py:151} INFO - Changing /opt/***/logs/dag_id=download_rocket_launches/run_id=manual__2024-03-29T02:03:27.062809+00:00/task_id=get_pictures permission to 509
[2024-03-29T02:03:37.965+0000] {logging_mixin.py:151} INFO - Failed to change /opt/***/logs/dag_id=download_rocket_launches/run_id=manual__2024-03-29T02:03:27.062809+00:00/task_id=get_pictures permission to 509: [Errno 1] Operation not permitted: '/opt/***/logs/dag_id=download_rocket_launches/run_id=manual__2024-03-29T02:03:27.062809+00:00/task_id=get_pictures'
[2024-03-29T02:03:38.001+0000] {taskinstance.py:1157} INFO - Dependencies all met for dep_context=non-requeueable deps ti=<TaskInstance: download_rocket_launches.get_pictures manual__2024-03-29T02:03:27.062809+00:00 [queued]>
[2024-03-29T02:03:38.013+0000] {taskinstance.py:1157} INFO - Dependencies all met for dep_context=requeueable deps ti=<TaskInstance: download_rocket_launches.get_pictures manual__2024-03-29T02:03:27.062809+00:00 [queued]>
[2024-03-29T02:03:38.014+0000] {taskinstance.py:1359} INFO - Starting attempt 1 of 1
[2024-03-29T02:03:38.030+0000] {taskinstance.py:1380} INFO - Executing <Task(PythonOperator): get_pictures> on 2024-03-29 02:03:27.062809+00:00
[2024-03-29T02:03:38.036+0000] {standard_task_runner.py:57} INFO - Started process 170 to run task
[2024-03-29T02:03:38.041+0000] {standard_task_runner.py:84} INFO - Running: ['***', 'tasks', 'run', 'download_rocket_launches', 'get_pictures', 'manual__2024-03-29T02:03:27.062809+00:00', '--job-id', '14', '--raw', '--subdir', 'DAGS_FOLDER/rockets.py', '--cfg-path', '/tmp/tmpm8tsv0q2']
[2024-03-29T02:03:38.043+0000] {standard_task_runner.py:85} INFO - Job 14: Subtask get_pictures
[2024-03-29T02:03:38.099+0000] {logging_mixin.py:151} INFO - Changing /opt/***/logs/dag_id=download_rocket_launches/run_id=manual__2024-03-29T02:03:27.062809+00:00/task_id=get_pictures permission to 509
[2024-03-29T02:03:38.100+0000] {logging_mixin.py:151} INFO - Failed to change /opt/***/logs/dag_id=download_rocket_launches/run_id=manual__2024-03-29T02:03:27.062809+00:00/task_id=get_pictures permission to 509: [Errno 1] Operation not permitted: '/opt/***/logs/dag_id=download_rocket_launches/run_id=manual__2024-03-29T02:03:27.062809+00:00/task_id=get_pictures'
[2024-03-29T02:03:38.103+0000] {task_command.py:415} INFO - Running <TaskInstance: download_rocket_launches.get_pictures manual__2024-03-29T02:03:27.062809+00:00 [running]> on host a9c2f2661b7a
[2024-03-29T02:03:38.217+0000] {taskinstance.py:1660} INFO - Exporting env vars: AIRFLOW_CTX_DAG_OWNER='***' AIRFLOW_CTX_DAG_ID='download_rocket_launches' AIRFLOW_CTX_TASK_ID='get_pictures' AIRFLOW_CTX_EXECUTION_DATE='2024-03-29T02:03:27.062809+00:00' AIRFLOW_CTX_TRY_NUMBER='1' AIRFLOW_CTX_DAG_RUN_ID='manual__2024-03-29T02:03:27.062809+00:00'
[2024-03-29T02:03:40.203+0000] {logging_mixin.py:151} INFO - Downloaded https://spacelaunchnow-prod-east.nyc3.digitaloceanspaces.com/media/images/falcon2520925_image_20221009234147.png to /tmp/images/falcon2520925_image_20221009234147.png
[2024-03-29T02:03:41.782+0000] {logging_mixin.py:151} INFO - Downloaded https://spacelaunchnow-prod-east.nyc3.digitaloceanspaces.com/media/images/falcon_9_image_20230807133459.jpeg to /tmp/images/falcon_9_image_20230807133459.jpeg
[2024-03-29T02:03:43.295+0000] {logging_mixin.py:151} INFO - Downloaded https://spacelaunchnow-prod-east.nyc3.digitaloceanspaces.com/media/images/rs1_on_the_pad__image_20240325094914.jpeg to /tmp/images/rs1_on_the_pad__image_20240325094914.jpeg
[2024-03-29T02:03:44.861+0000] {logging_mixin.py:151} INFO - Downloaded https://spacelaunchnow-prod-east.nyc3.digitaloceanspaces.com/media/images/falcon2520925_image_20221009234147.png to /tmp/images/falcon2520925_image_20221009234147.png
[2024-03-29T02:03:46.204+0000] {logging_mixin.py:151} INFO - Downloaded https://spacelaunchnow-prod-east.nyc3.digitaloceanspaces.com/media/images/soyuz_2.1b_image_20230802085331.jpg to /tmp/images/soyuz_2.1b_image_20230802085331.jpg
[2024-03-29T02:03:48.071+0000] {logging_mixin.py:151} INFO - Downloaded https://spacelaunchnow-prod-east.nyc3.digitaloceanspaces.com/media/images/delta_iv_heavy_image_20210426103838.jpg to /tmp/images/delta_iv_heavy_image_20210426103838.jpg
[2024-03-29T02:03:49.601+0000] {logging_mixin.py:151} INFO - Downloaded https://spacelaunchnow-prod-east.nyc3.digitaloceanspaces.com/media/images/falcon_9_image_20230807133459.jpeg to /tmp/images/falcon_9_image_20230807133459.jpeg
[2024-03-29T02:03:50.932+0000] {logging_mixin.py:151} INFO - Downloaded https://spacelaunchnow-prod-east.nyc3.digitaloceanspaces.com/media/images/angara_a52fper_image_20211227193648.jpg to /tmp/images/angara_a52fper_image_20211227193648.jpg
[2024-03-29T02:03:52.456+0000] {logging_mixin.py:151} INFO - Downloaded https://spacelaunchnow-prod-east.nyc3.digitaloceanspaces.com/media/images/falcon_9_image_20230807133459.jpeg to /tmp/images/falcon_9_image_20230807133459.jpeg
[2024-03-29T02:03:53.711+0000] {logging_mixin.py:151} INFO - Downloaded https://spacelaunchnow-prod-east.nyc3.digitaloceanspaces.com/media/images/long_march_2_image_20210908195835.jpeg to /tmp/images/long_march_2_image_20210908195835.jpeg
[2024-03-29T02:03:53.714+0000] {python.py:194} INFO - Done. Returned value was: None
[2024-03-29T02:03:53.726+0000] {taskinstance.py:1398} INFO - Marking task as SUCCESS. dag_id=download_rocket_launches, task_id=get_pictures, execution_date=20240329T020327, start_date=20240329T020338, end_date=20240329T020353
[2024-03-29T02:03:53.765+0000] {local_task_job_runner.py:228} INFO - Task exited with return code 0
[2024-03-29T02:03:53.785+0000] {taskinstance.py:2776} INFO - 1 downstream tasks scheduled from follow-on schedule check
