[2024-03-29T02:01:18.087+0000] {processor.py:157} INFO - Started process (PID=104) to work on /opt/airflow/dags/rockets.py
[2024-03-29T02:01:18.091+0000] {processor.py:829} INFO - Processing file /opt/airflow/dags/rockets.py for tasks to queue
[2024-03-29T02:01:18.146+0000] {logging_mixin.py:151} INFO - [2024-03-29T02:01:18.141+0000] {dagbag.py:539} INFO - Filling up the DagBag from /opt/airflow/dags/rockets.py
[2024-03-29T02:01:18.414+0000] {processor.py:839} INFO - DAG(s) dict_keys(['download_rocket_launches']) retrieved from /opt/airflow/dags/rockets.py
[2024-03-29T02:01:19.009+0000] {logging_mixin.py:151} INFO - [2024-03-29T02:01:19.008+0000] {manager.py:499} INFO - Created Permission View: %s
[2024-03-29T02:01:19.024+0000] {logging_mixin.py:151} INFO - [2024-03-29T02:01:19.023+0000] {manager.py:499} INFO - Created Permission View: %s
[2024-03-29T02:01:19.034+0000] {logging_mixin.py:151} INFO - [2024-03-29T02:01:19.034+0000] {manager.py:499} INFO - Created Permission View: %s
[2024-03-29T02:01:19.035+0000] {logging_mixin.py:151} INFO - [2024-03-29T02:01:19.035+0000] {security.py:708} INFO - Not syncing DAG-level permissions for DAG 'DAG:download_rocket_launches' as access control is unset.
[2024-03-29T02:01:19.036+0000] {logging_mixin.py:151} INFO - [2024-03-29T02:01:19.036+0000] {dag.py:2915} INFO - Sync 1 DAGs
[2024-03-29T02:01:19.057+0000] {logging_mixin.py:151} INFO - [2024-03-29T02:01:19.057+0000] {dag.py:2937} INFO - Creating ORM DAG for download_rocket_launches
[2024-03-29T02:01:19.078+0000] {logging_mixin.py:151} INFO - [2024-03-29T02:01:19.078+0000] {dag.py:3696} INFO - Setting next_dagrun for download_rocket_launches to 2024-03-27T00:00:00+00:00, run_after=2024-03-28T00:00:00+00:00
[2024-03-29T02:01:19.115+0000] {processor.py:179} INFO - Processing /opt/airflow/dags/rockets.py took 1.080 seconds
[2024-03-29T02:01:49.373+0000] {processor.py:157} INFO - Started process (PID=112) to work on /opt/airflow/dags/rockets.py
[2024-03-29T02:01:49.374+0000] {processor.py:829} INFO - Processing file /opt/airflow/dags/rockets.py for tasks to queue
[2024-03-29T02:01:49.377+0000] {logging_mixin.py:151} INFO - [2024-03-29T02:01:49.377+0000] {dagbag.py:539} INFO - Filling up the DagBag from /opt/airflow/dags/rockets.py
[2024-03-29T02:01:49.429+0000] {processor.py:839} INFO - DAG(s) dict_keys(['download_rocket_launches']) retrieved from /opt/airflow/dags/rockets.py
[2024-03-29T02:01:49.458+0000] {logging_mixin.py:151} INFO - [2024-03-29T02:01:49.458+0000] {dag.py:2915} INFO - Sync 1 DAGs
[2024-03-29T02:01:49.483+0000] {logging_mixin.py:151} INFO - [2024-03-29T02:01:49.482+0000] {dag.py:3696} INFO - Setting next_dagrun for download_rocket_launches to 2024-03-27T00:00:00+00:00, run_after=2024-03-28T00:00:00+00:00
[2024-03-29T02:01:49.508+0000] {processor.py:179} INFO - Processing /opt/airflow/dags/rockets.py took 0.139 seconds
[2024-03-29T02:02:19.678+0000] {processor.py:157} INFO - Started process (PID=120) to work on /opt/airflow/dags/rockets.py
[2024-03-29T02:02:19.680+0000] {processor.py:829} INFO - Processing file /opt/airflow/dags/rockets.py for tasks to queue
[2024-03-29T02:02:19.683+0000] {logging_mixin.py:151} INFO - [2024-03-29T02:02:19.683+0000] {dagbag.py:539} INFO - Filling up the DagBag from /opt/airflow/dags/rockets.py
[2024-03-29T02:02:19.728+0000] {processor.py:839} INFO - DAG(s) dict_keys(['download_rocket_launches']) retrieved from /opt/airflow/dags/rockets.py
[2024-03-29T02:02:19.756+0000] {logging_mixin.py:151} INFO - [2024-03-29T02:02:19.755+0000] {dag.py:2915} INFO - Sync 1 DAGs
[2024-03-29T02:02:19.781+0000] {logging_mixin.py:151} INFO - [2024-03-29T02:02:19.781+0000] {dag.py:3696} INFO - Setting next_dagrun for download_rocket_launches to 2024-03-27T00:00:00+00:00, run_after=2024-03-28T00:00:00+00:00
[2024-03-29T02:02:19.803+0000] {processor.py:179} INFO - Processing /opt/airflow/dags/rockets.py took 0.128 seconds
[2024-03-29T02:02:50.046+0000] {processor.py:157} INFO - Started process (PID=128) to work on /opt/airflow/dags/rockets.py
[2024-03-29T02:02:50.047+0000] {processor.py:829} INFO - Processing file /opt/airflow/dags/rockets.py for tasks to queue
[2024-03-29T02:02:50.050+0000] {logging_mixin.py:151} INFO - [2024-03-29T02:02:50.050+0000] {dagbag.py:539} INFO - Filling up the DagBag from /opt/airflow/dags/rockets.py
[2024-03-29T02:02:50.083+0000] {processor.py:839} INFO - DAG(s) dict_keys(['download_rocket_launches']) retrieved from /opt/airflow/dags/rockets.py
[2024-03-29T02:02:50.114+0000] {logging_mixin.py:151} INFO - [2024-03-29T02:02:50.114+0000] {dag.py:2915} INFO - Sync 1 DAGs
[2024-03-29T02:02:50.139+0000] {logging_mixin.py:151} INFO - [2024-03-29T02:02:50.138+0000] {dag.py:3696} INFO - Setting next_dagrun for download_rocket_launches to 2024-03-27T00:00:00+00:00, run_after=2024-03-28T00:00:00+00:00
[2024-03-29T02:02:50.162+0000] {processor.py:179} INFO - Processing /opt/airflow/dags/rockets.py took 0.119 seconds
[2024-03-29T02:03:20.301+0000] {processor.py:157} INFO - Started process (PID=136) to work on /opt/airflow/dags/rockets.py
[2024-03-29T02:03:20.302+0000] {processor.py:829} INFO - Processing file /opt/airflow/dags/rockets.py for tasks to queue
[2024-03-29T02:03:20.305+0000] {logging_mixin.py:151} INFO - [2024-03-29T02:03:20.305+0000] {dagbag.py:539} INFO - Filling up the DagBag from /opt/airflow/dags/rockets.py
[2024-03-29T02:03:20.335+0000] {processor.py:839} INFO - DAG(s) dict_keys(['download_rocket_launches']) retrieved from /opt/airflow/dags/rockets.py
[2024-03-29T02:03:20.363+0000] {logging_mixin.py:151} INFO - [2024-03-29T02:03:20.363+0000] {dag.py:2915} INFO - Sync 1 DAGs
[2024-03-29T02:03:20.387+0000] {logging_mixin.py:151} INFO - [2024-03-29T02:03:20.386+0000] {dag.py:3696} INFO - Setting next_dagrun for download_rocket_launches to 2024-03-27T00:00:00+00:00, run_after=2024-03-28T00:00:00+00:00
[2024-03-29T02:03:20.412+0000] {processor.py:179} INFO - Processing /opt/airflow/dags/rockets.py took 0.114 seconds
[2024-03-29T02:03:50.703+0000] {processor.py:157} INFO - Started process (PID=152) to work on /opt/airflow/dags/rockets.py
[2024-03-29T02:03:50.705+0000] {processor.py:829} INFO - Processing file /opt/airflow/dags/rockets.py for tasks to queue
[2024-03-29T02:03:50.712+0000] {logging_mixin.py:151} INFO - [2024-03-29T02:03:50.712+0000] {dagbag.py:539} INFO - Filling up the DagBag from /opt/airflow/dags/rockets.py
[2024-03-29T02:03:50.769+0000] {processor.py:839} INFO - DAG(s) dict_keys(['download_rocket_launches']) retrieved from /opt/airflow/dags/rockets.py
[2024-03-29T02:03:50.806+0000] {logging_mixin.py:151} INFO - [2024-03-29T02:03:50.806+0000] {dag.py:2915} INFO - Sync 1 DAGs
[2024-03-29T02:03:50.839+0000] {logging_mixin.py:151} INFO - [2024-03-29T02:03:50.838+0000] {dag.py:3696} INFO - Setting next_dagrun for download_rocket_launches to 2024-03-29T00:00:00+00:00, run_after=2024-03-30T00:00:00+00:00
[2024-03-29T02:03:50.890+0000] {processor.py:179} INFO - Processing /opt/airflow/dags/rockets.py took 0.201 seconds
[2024-03-29T02:04:20.964+0000] {processor.py:157} INFO - Started process (PID=164) to work on /opt/airflow/dags/rockets.py
[2024-03-29T02:04:20.966+0000] {processor.py:829} INFO - Processing file /opt/airflow/dags/rockets.py for tasks to queue
[2024-03-29T02:04:20.970+0000] {logging_mixin.py:151} INFO - [2024-03-29T02:04:20.970+0000] {dagbag.py:539} INFO - Filling up the DagBag from /opt/airflow/dags/rockets.py
[2024-03-29T02:04:21.011+0000] {processor.py:839} INFO - DAG(s) dict_keys(['download_rocket_launches']) retrieved from /opt/airflow/dags/rockets.py
[2024-03-29T02:04:21.051+0000] {logging_mixin.py:151} INFO - [2024-03-29T02:04:21.051+0000] {dag.py:2915} INFO - Sync 1 DAGs
[2024-03-29T02:04:21.083+0000] {logging_mixin.py:151} INFO - [2024-03-29T02:04:21.083+0000] {dag.py:3696} INFO - Setting next_dagrun for download_rocket_launches to 2024-03-29T00:00:00+00:00, run_after=2024-03-30T00:00:00+00:00
[2024-03-29T02:04:21.109+0000] {processor.py:179} INFO - Processing /opt/airflow/dags/rockets.py took 0.152 seconds
[2024-03-29T02:04:51.402+0000] {processor.py:157} INFO - Started process (PID=172) to work on /opt/airflow/dags/rockets.py
[2024-03-29T02:04:51.403+0000] {processor.py:829} INFO - Processing file /opt/airflow/dags/rockets.py for tasks to queue
[2024-03-29T02:04:51.406+0000] {logging_mixin.py:151} INFO - [2024-03-29T02:04:51.406+0000] {dagbag.py:539} INFO - Filling up the DagBag from /opt/airflow/dags/rockets.py
[2024-03-29T02:04:51.451+0000] {processor.py:839} INFO - DAG(s) dict_keys(['download_rocket_launches']) retrieved from /opt/airflow/dags/rockets.py
[2024-03-29T02:04:51.484+0000] {logging_mixin.py:151} INFO - [2024-03-29T02:04:51.484+0000] {dag.py:2915} INFO - Sync 1 DAGs
[2024-03-29T02:04:51.513+0000] {logging_mixin.py:151} INFO - [2024-03-29T02:04:51.513+0000] {dag.py:3696} INFO - Setting next_dagrun for download_rocket_launches to 2024-03-29T00:00:00+00:00, run_after=2024-03-30T00:00:00+00:00
[2024-03-29T02:04:51.533+0000] {processor.py:179} INFO - Processing /opt/airflow/dags/rockets.py took 0.135 seconds
[2024-03-29T02:05:21.648+0000] {processor.py:157} INFO - Started process (PID=180) to work on /opt/airflow/dags/rockets.py
[2024-03-29T02:05:21.649+0000] {processor.py:829} INFO - Processing file /opt/airflow/dags/rockets.py for tasks to queue
[2024-03-29T02:05:21.652+0000] {logging_mixin.py:151} INFO - [2024-03-29T02:05:21.652+0000] {dagbag.py:539} INFO - Filling up the DagBag from /opt/airflow/dags/rockets.py
[2024-03-29T02:05:21.695+0000] {processor.py:839} INFO - DAG(s) dict_keys(['download_rocket_launches']) retrieved from /opt/airflow/dags/rockets.py
[2024-03-29T02:05:21.721+0000] {logging_mixin.py:151} INFO - [2024-03-29T02:05:21.721+0000] {dag.py:2915} INFO - Sync 1 DAGs
[2024-03-29T02:05:21.748+0000] {logging_mixin.py:151} INFO - [2024-03-29T02:05:21.748+0000] {dag.py:3696} INFO - Setting next_dagrun for download_rocket_launches to 2024-03-29T00:00:00+00:00, run_after=2024-03-30T00:00:00+00:00
[2024-03-29T02:05:21.773+0000] {processor.py:179} INFO - Processing /opt/airflow/dags/rockets.py took 0.127 seconds
[2024-03-29T02:05:52.017+0000] {processor.py:157} INFO - Started process (PID=188) to work on /opt/airflow/dags/rockets.py
[2024-03-29T02:05:52.019+0000] {processor.py:829} INFO - Processing file /opt/airflow/dags/rockets.py for tasks to queue
[2024-03-29T02:05:52.023+0000] {logging_mixin.py:151} INFO - [2024-03-29T02:05:52.022+0000] {dagbag.py:539} INFO - Filling up the DagBag from /opt/airflow/dags/rockets.py
[2024-03-29T02:05:52.064+0000] {processor.py:839} INFO - DAG(s) dict_keys(['download_rocket_launches']) retrieved from /opt/airflow/dags/rockets.py
[2024-03-29T02:05:52.094+0000] {logging_mixin.py:151} INFO - [2024-03-29T02:05:52.093+0000] {dag.py:2915} INFO - Sync 1 DAGs
[2024-03-29T02:05:52.124+0000] {logging_mixin.py:151} INFO - [2024-03-29T02:05:52.124+0000] {dag.py:3696} INFO - Setting next_dagrun for download_rocket_launches to 2024-03-29T00:00:00+00:00, run_after=2024-03-30T00:00:00+00:00
[2024-03-29T02:05:52.155+0000] {processor.py:179} INFO - Processing /opt/airflow/dags/rockets.py took 0.142 seconds
[2024-03-29T02:06:22.328+0000] {processor.py:157} INFO - Started process (PID=196) to work on /opt/airflow/dags/rockets.py
[2024-03-29T02:06:22.330+0000] {processor.py:829} INFO - Processing file /opt/airflow/dags/rockets.py for tasks to queue
[2024-03-29T02:06:22.333+0000] {logging_mixin.py:151} INFO - [2024-03-29T02:06:22.332+0000] {dagbag.py:539} INFO - Filling up the DagBag from /opt/airflow/dags/rockets.py
[2024-03-29T02:06:22.380+0000] {processor.py:839} INFO - DAG(s) dict_keys(['download_rocket_launches']) retrieved from /opt/airflow/dags/rockets.py
[2024-03-29T02:06:22.410+0000] {logging_mixin.py:151} INFO - [2024-03-29T02:06:22.410+0000] {dag.py:2915} INFO - Sync 1 DAGs
[2024-03-29T02:06:22.456+0000] {logging_mixin.py:151} INFO - [2024-03-29T02:06:22.456+0000] {dag.py:3696} INFO - Setting next_dagrun for download_rocket_launches to 2024-03-29T00:00:00+00:00, run_after=2024-03-30T00:00:00+00:00
[2024-03-29T02:06:22.485+0000] {processor.py:179} INFO - Processing /opt/airflow/dags/rockets.py took 0.161 seconds
[2024-03-29T02:06:52.741+0000] {processor.py:157} INFO - Started process (PID=205) to work on /opt/airflow/dags/rockets.py
[2024-03-29T02:06:52.743+0000] {processor.py:829} INFO - Processing file /opt/airflow/dags/rockets.py for tasks to queue
[2024-03-29T02:06:52.758+0000] {logging_mixin.py:151} INFO - [2024-03-29T02:06:52.757+0000] {dagbag.py:539} INFO - Filling up the DagBag from /opt/airflow/dags/rockets.py
[2024-03-29T02:06:52.945+0000] {processor.py:839} INFO - DAG(s) dict_keys(['download_rocket_launches']) retrieved from /opt/airflow/dags/rockets.py
[2024-03-29T02:06:53.099+0000] {logging_mixin.py:151} INFO - [2024-03-29T02:06:53.099+0000] {dag.py:2915} INFO - Sync 1 DAGs
[2024-03-29T02:06:53.200+0000] {logging_mixin.py:151} INFO - [2024-03-29T02:06:53.200+0000] {dag.py:3696} INFO - Setting next_dagrun for download_rocket_launches to 2024-03-29T00:00:00+00:00, run_after=2024-03-30T00:00:00+00:00
[2024-03-29T02:06:53.245+0000] {processor.py:179} INFO - Processing /opt/airflow/dags/rockets.py took 0.506 seconds
[2024-03-29T02:07:23.500+0000] {processor.py:157} INFO - Started process (PID=213) to work on /opt/airflow/dags/rockets.py
[2024-03-29T02:07:23.501+0000] {processor.py:829} INFO - Processing file /opt/airflow/dags/rockets.py for tasks to queue
[2024-03-29T02:07:23.504+0000] {logging_mixin.py:151} INFO - [2024-03-29T02:07:23.504+0000] {dagbag.py:539} INFO - Filling up the DagBag from /opt/airflow/dags/rockets.py
[2024-03-29T02:07:23.544+0000] {processor.py:839} INFO - DAG(s) dict_keys(['download_rocket_launches']) retrieved from /opt/airflow/dags/rockets.py
[2024-03-29T02:07:23.577+0000] {logging_mixin.py:151} INFO - [2024-03-29T02:07:23.577+0000] {dag.py:2915} INFO - Sync 1 DAGs
[2024-03-29T02:07:23.608+0000] {logging_mixin.py:151} INFO - [2024-03-29T02:07:23.608+0000] {dag.py:3696} INFO - Setting next_dagrun for download_rocket_launches to 2024-03-29T00:00:00+00:00, run_after=2024-03-30T00:00:00+00:00
[2024-03-29T02:07:23.634+0000] {processor.py:179} INFO - Processing /opt/airflow/dags/rockets.py took 0.139 seconds
[2024-03-29T02:07:53.736+0000] {processor.py:157} INFO - Started process (PID=221) to work on /opt/airflow/dags/rockets.py
[2024-03-29T02:07:53.743+0000] {processor.py:829} INFO - Processing file /opt/airflow/dags/rockets.py for tasks to queue
[2024-03-29T02:07:53.748+0000] {logging_mixin.py:151} INFO - [2024-03-29T02:07:53.746+0000] {dagbag.py:539} INFO - Filling up the DagBag from /opt/airflow/dags/rockets.py
[2024-03-29T02:07:53.802+0000] {processor.py:839} INFO - DAG(s) dict_keys(['download_rocket_launches']) retrieved from /opt/airflow/dags/rockets.py
[2024-03-29T02:07:53.874+0000] {logging_mixin.py:151} INFO - [2024-03-29T02:07:53.874+0000] {dag.py:2915} INFO - Sync 1 DAGs
[2024-03-29T02:07:53.900+0000] {logging_mixin.py:151} INFO - [2024-03-29T02:07:53.900+0000] {dag.py:3696} INFO - Setting next_dagrun for download_rocket_launches to 2024-03-29T00:00:00+00:00, run_after=2024-03-30T00:00:00+00:00
[2024-03-29T02:07:53.928+0000] {processor.py:179} INFO - Processing /opt/airflow/dags/rockets.py took 0.198 seconds
[2024-03-29T02:08:24.115+0000] {processor.py:157} INFO - Started process (PID=229) to work on /opt/airflow/dags/rockets.py
[2024-03-29T02:08:24.118+0000] {processor.py:829} INFO - Processing file /opt/airflow/dags/rockets.py for tasks to queue
[2024-03-29T02:08:24.124+0000] {logging_mixin.py:151} INFO - [2024-03-29T02:08:24.123+0000] {dagbag.py:539} INFO - Filling up the DagBag from /opt/airflow/dags/rockets.py
[2024-03-29T02:08:24.204+0000] {processor.py:839} INFO - DAG(s) dict_keys(['download_rocket_launches']) retrieved from /opt/airflow/dags/rockets.py
[2024-03-29T02:08:24.302+0000] {logging_mixin.py:151} INFO - [2024-03-29T02:08:24.302+0000] {dag.py:2915} INFO - Sync 1 DAGs
[2024-03-29T02:08:24.333+0000] {logging_mixin.py:151} INFO - [2024-03-29T02:08:24.333+0000] {dag.py:3696} INFO - Setting next_dagrun for download_rocket_launches to 2024-03-29T00:00:00+00:00, run_after=2024-03-30T00:00:00+00:00
[2024-03-29T02:08:24.361+0000] {processor.py:179} INFO - Processing /opt/airflow/dags/rockets.py took 0.254 seconds
[2024-03-29T02:08:54.635+0000] {processor.py:157} INFO - Started process (PID=237) to work on /opt/airflow/dags/rockets.py
[2024-03-29T02:08:54.637+0000] {processor.py:829} INFO - Processing file /opt/airflow/dags/rockets.py for tasks to queue
[2024-03-29T02:08:54.640+0000] {logging_mixin.py:151} INFO - [2024-03-29T02:08:54.640+0000] {dagbag.py:539} INFO - Filling up the DagBag from /opt/airflow/dags/rockets.py
[2024-03-29T02:08:54.696+0000] {processor.py:839} INFO - DAG(s) dict_keys(['download_rocket_launches']) retrieved from /opt/airflow/dags/rockets.py
[2024-03-29T02:08:54.739+0000] {logging_mixin.py:151} INFO - [2024-03-29T02:08:54.738+0000] {dag.py:2915} INFO - Sync 1 DAGs
[2024-03-29T02:08:54.771+0000] {logging_mixin.py:151} INFO - [2024-03-29T02:08:54.771+0000] {dag.py:3696} INFO - Setting next_dagrun for download_rocket_launches to 2024-03-29T00:00:00+00:00, run_after=2024-03-30T00:00:00+00:00
[2024-03-29T02:08:54.799+0000] {processor.py:179} INFO - Processing /opt/airflow/dags/rockets.py took 0.166 seconds
[2024-03-29T02:09:24.908+0000] {processor.py:157} INFO - Started process (PID=245) to work on /opt/airflow/dags/rockets.py
[2024-03-29T02:09:24.909+0000] {processor.py:829} INFO - Processing file /opt/airflow/dags/rockets.py for tasks to queue
[2024-03-29T02:09:24.912+0000] {logging_mixin.py:151} INFO - [2024-03-29T02:09:24.912+0000] {dagbag.py:539} INFO - Filling up the DagBag from /opt/airflow/dags/rockets.py
[2024-03-29T02:09:24.967+0000] {processor.py:839} INFO - DAG(s) dict_keys(['download_rocket_launches']) retrieved from /opt/airflow/dags/rockets.py
[2024-03-29T02:09:25.002+0000] {logging_mixin.py:151} INFO - [2024-03-29T02:09:25.002+0000] {dag.py:2915} INFO - Sync 1 DAGs
[2024-03-29T02:09:25.027+0000] {logging_mixin.py:151} INFO - [2024-03-29T02:09:25.026+0000] {dag.py:3696} INFO - Setting next_dagrun for download_rocket_launches to 2024-03-29T00:00:00+00:00, run_after=2024-03-30T00:00:00+00:00
[2024-03-29T02:09:25.050+0000] {processor.py:179} INFO - Processing /opt/airflow/dags/rockets.py took 0.147 seconds
[2024-03-29T02:09:55.344+0000] {processor.py:157} INFO - Started process (PID=253) to work on /opt/airflow/dags/rockets.py
[2024-03-29T02:09:55.346+0000] {processor.py:829} INFO - Processing file /opt/airflow/dags/rockets.py for tasks to queue
[2024-03-29T02:09:55.350+0000] {logging_mixin.py:151} INFO - [2024-03-29T02:09:55.350+0000] {dagbag.py:539} INFO - Filling up the DagBag from /opt/airflow/dags/rockets.py
[2024-03-29T02:09:55.398+0000] {processor.py:839} INFO - DAG(s) dict_keys(['download_rocket_launches']) retrieved from /opt/airflow/dags/rockets.py
[2024-03-29T02:09:55.433+0000] {logging_mixin.py:151} INFO - [2024-03-29T02:09:55.433+0000] {dag.py:2915} INFO - Sync 1 DAGs
[2024-03-29T02:09:55.457+0000] {logging_mixin.py:151} INFO - [2024-03-29T02:09:55.457+0000] {dag.py:3696} INFO - Setting next_dagrun for download_rocket_launches to 2024-03-29T00:00:00+00:00, run_after=2024-03-30T00:00:00+00:00
[2024-03-29T02:09:55.484+0000] {processor.py:179} INFO - Processing /opt/airflow/dags/rockets.py took 0.144 seconds
