[2024-03-29T02:03:34.553+0000] {logging_mixin.py:151} INFO - Changing /opt/***/logs/dag_id=download_rocket_launches/run_id=scheduled__2024-03-28T00:00:00+00:00/task_id=download_launches permission to 509
[2024-03-29T02:03:34.558+0000] {logging_mixin.py:151} INFO - Failed to change /opt/***/logs/dag_id=download_rocket_launches/run_id=scheduled__2024-03-28T00:00:00+00:00/task_id=download_launches permission to 509: [Errno 1] Operation not permitted: '/opt/***/logs/dag_id=download_rocket_launches/run_id=scheduled__2024-03-28T00:00:00+00:00/task_id=download_launches'
[2024-03-29T02:03:34.632+0000] {logging_mixin.py:151} INFO - Changing /opt/***/logs/dag_id=download_rocket_launches/run_id=scheduled__2024-03-28T00:00:00+00:00/task_id=download_launches permission to 509
[2024-03-29T02:03:34.633+0000] {logging_mixin.py:151} INFO - Failed to change /opt/***/logs/dag_id=download_rocket_launches/run_id=scheduled__2024-03-28T00:00:00+00:00/task_id=download_launches permission to 509: [Errno 1] Operation not permitted: '/opt/***/logs/dag_id=download_rocket_launches/run_id=scheduled__2024-03-28T00:00:00+00:00/task_id=download_launches'
[2024-03-29T02:03:34.758+0000] {taskinstance.py:1157} INFO - Dependencies all met for dep_context=non-requeueable deps ti=<TaskInstance: download_rocket_launches.download_launches scheduled__2024-03-28T00:00:00+00:00 [queued]>
[2024-03-29T02:03:34.789+0000] {taskinstance.py:1157} INFO - Dependencies all met for dep_context=requeueable deps ti=<TaskInstance: download_rocket_launches.download_launches scheduled__2024-03-28T00:00:00+00:00 [queued]>
[2024-03-29T02:03:34.790+0000] {taskinstance.py:1359} INFO - Starting attempt 1 of 1
[2024-03-29T02:03:34.828+0000] {taskinstance.py:1380} INFO - Executing <Task(BashOperator): download_launches> on 2024-03-28 00:00:00+00:00
[2024-03-29T02:03:34.838+0000] {standard_task_runner.py:57} INFO - Started process 164 to run task
[2024-03-29T02:03:34.857+0000] {standard_task_runner.py:84} INFO - Running: ['***', 'tasks', 'run', 'download_rocket_launches', 'download_launches', 'scheduled__2024-03-28T00:00:00+00:00', '--job-id', '13', '--raw', '--subdir', 'DAGS_FOLDER/rockets.py', '--cfg-path', '/tmp/tmp5ba1ddbc']
[2024-03-29T02:03:34.860+0000] {standard_task_runner.py:85} INFO - Job 13: Subtask download_launches
[2024-03-29T02:03:35.039+0000] {logging_mixin.py:151} INFO - Changing /opt/***/logs/dag_id=download_rocket_launches/run_id=scheduled__2024-03-28T00:00:00+00:00/task_id=download_launches permission to 509
[2024-03-29T02:03:35.040+0000] {logging_mixin.py:151} INFO - Failed to change /opt/***/logs/dag_id=download_rocket_launches/run_id=scheduled__2024-03-28T00:00:00+00:00/task_id=download_launches permission to 509: [Errno 1] Operation not permitted: '/opt/***/logs/dag_id=download_rocket_launches/run_id=scheduled__2024-03-28T00:00:00+00:00/task_id=download_launches'
[2024-03-29T02:03:35.047+0000] {task_command.py:415} INFO - Running <TaskInstance: download_rocket_launches.download_launches scheduled__2024-03-28T00:00:00+00:00 [running]> on host a9c2f2661b7a
[2024-03-29T02:03:35.194+0000] {taskinstance.py:1660} INFO - Exporting env vars: AIRFLOW_CTX_DAG_OWNER='***' AIRFLOW_CTX_DAG_ID='download_rocket_launches' AIRFLOW_CTX_TASK_ID='download_launches' AIRFLOW_CTX_EXECUTION_DATE='2024-03-28T00:00:00+00:00' AIRFLOW_CTX_TRY_NUMBER='1' AIRFLOW_CTX_DAG_RUN_ID='scheduled__2024-03-28T00:00:00+00:00'
[2024-03-29T02:03:35.200+0000] {subprocess.py:63} INFO - Tmp dir root location: /tmp
[2024-03-29T02:03:35.204+0000] {subprocess.py:75} INFO - Running command: ['/bin/bash', '-c', "curl -o /tmp/launches.json -L 'https://ll.thespacedevs.com/2.0.0/launch/upcoming'"]
[2024-03-29T02:03:35.225+0000] {subprocess.py:86} INFO - Output:
[2024-03-29T02:03:35.304+0000] {subprocess.py:93} INFO -   % Total    % Received % Xferd  Average Speed   Time    Time     Time  Current
[2024-03-29T02:03:35.304+0000] {subprocess.py:93} INFO -                                  Dload  Upload   Total   Spent    Left  Speed
[2024-03-29T02:03:35.949+0000] {subprocess.py:93} INFO -   0     0    0     0    0     0      0      0 --:--:-- --:--:-- --:--:--     0  0     0    0     0    0     0      0      0 --:--:-- --:--:-- --:--:--     0  0     0    0     0    0     0      0      0 --:--:-- --:--:-- --:--:--     0
[2024-03-29T02:03:37.520+0000] {subprocess.py:93} INFO -   0     0    0     0    0     0      0      0 --:--:--  0:00:01 --:--:--     0  0 25104    0     0    0     0      0      0 --:--:--  0:00:02 --:--:--     0100 25104  100 25104    0     0  11328      0  0:00:02  0:00:02 --:--:-- 43964
[2024-03-29T02:03:37.523+0000] {subprocess.py:97} INFO - Command exited with return code 0
[2024-03-29T02:03:37.558+0000] {taskinstance.py:1398} INFO - Marking task as SUCCESS. dag_id=download_rocket_launches, task_id=download_launches, execution_date=20240328T000000, start_date=20240329T020334, end_date=20240329T020337
[2024-03-29T02:03:37.616+0000] {local_task_job_runner.py:228} INFO - Task exited with return code 0
[2024-03-29T02:03:37.649+0000] {taskinstance.py:2776} INFO - 1 downstream tasks scheduled from follow-on schedule check
